2017-04-20 10:12:41,384, 1492675961384361982, -0.00781087637577
2017-04-20 10:12:41,446, 1492675961445983886, 0.0355757253293
2017-04-20 10:12:41,450, 1492675961450243949, 0.0490748439303
2017-04-20 10:12:41,458, 1492675961458435058, 0.0502313632154
2017-04-20 10:12:41,465, 1492675961465265989, 0.0615545175754
2017-04-20 10:12:41,473, 1492675961473076105, 0.0581444727317
2017-04-20 10:12:41,489, 1492675961489135026, 0.208176809578
2017-04-20 10:12:41,496, 1492675961496371030, 0.253063184315
2017-04-20 10:12:41,510, 1492675961510499954, 0.239386793134
2017-04-20 10:12:41,520, 1492675961520447969, 0.244450320779
2017-04-20 10:12:41,529, 1492675961529231071, 0.308756088809
2017-04-20 10:12:41,536, 1492675961536837100, 0.299077371314
2017-04-20 10:12:41,545, 1492675961545381069, 0.300527830439
2017-04-20 10:12:41,552, 1492675961552252054, 0.205278557522
2017-04-20 10:12:41,561, 1492675961561144113, 0.244742580381
2017-04-20 10:12:41,569, 1492675961569365978, 0.157496663194
2017-04-20 10:12:41,576, 1492675961576773881, 0.322574485513
2017-04-20 10:12:41,583, 1492675961583908081, 0.0498814813046
2017-04-20 10:12:41,591, 1492675961591686964, 0.144730949459
2017-04-20 10:12:41,600, 1492675961600359916, 0.283120194786
2017-04-20 10:12:41,613, 1492675961613758087, 0.191607007086
2017-04-20 10:12:41,623, 1492675961623790025, 0.122026837894
2017-04-20 10:12:41,632, 1492675961632232904, -0.142109224657
2017-04-20 10:12:41,649, 1492675961649256944, 0.112870259218
2017-04-20 10:12:41,656, 1492675961656630039, 0.202845034691
2017-04-20 10:12:41,664, 1492675961664011001, 0.072245330995
2017-04-20 10:12:41,674, 1492675961674069881, -0.024908687241
2017-04-20 10:12:41,688, 1492675961688159942, 0.0604979584211
2017-04-20 10:12:41,696, 1492675961696177959, 0.11243978993
2017-04-20 10:12:41,708, 1492675961708841085, 0.129692511086
2017-04-20 10:12:41,722, 1492675961722382068, 0.105898015858
2017-04-20 10:12:41,727, 1492675961727794885, 0.0780588702962
2017-04-20 10:12:41,736, 1492675961736927986, 0.0556424385089
2017-04-20 10:12:41,745, 1492675961745606899, 0.0765565237425
2017-04-20 10:12:41,752, 1492675961752510070, 0.0603126285233
2017-04-20 10:12:41,760, 1492675961760055065, 0.0895146389017
2017-04-20 10:12:41,767, 1492675961767818927, 0.114765123291
2017-04-20 10:12:41,780, 1492675961780648946, 0.0832845103824
2017-04-20 10:12:41,787, 1492675961786983966, 0.105579819763
2017-04-20 10:12:41,791, 1492675961791944980, -0.00952012654313
2017-04-20 10:12:41,800, 1492675961800184965, 0.067683402377
2017-04-20 10:12:41,807, 1492675961807667970, 0.159185179483
2017-04-20 10:12:41,824, 1492675961824310064, 0.147322383309
2017-04-20 10:12:41,833, 1492675961833107948, 0.165301007317
2017-04-20 10:12:41,840, 1492675961840261936, 0.134494713809
2017-04-20 10:12:41,849, 1492675961849544048, 0.0916914782382
2017-04-20 10:12:41,856, 1492675961856308937, 0.141072375954
2017-04-20 10:12:41,864, 1492675961864197015, 0.14832930991
2017-04-20 10:12:41,917, 1492675961917032957, -0.112690409252
2017-04-20 10:12:41,928, 1492675961928656101, -0.129769031141
2017-04-20 10:12:41,936, 1492675961936290979, -0.1362042827
2017-04-20 10:12:41,943, 1492675961943797111, -0.0387695812863
2017-04-20 10:12:41,951, 1492675961951628923, -0.0183299048883
2017-04-20 10:12:41,959, 1492675961959558010, 0.0305782348733
2017-04-20 10:12:41,976, 1492675961976300954, 0.194202364108
2017-04-20 10:12:41,984, 1492675961984774112, 0.251818101878
2017-04-20 10:12:41,991, 1492675961991717100, 0.269889974627
2017-04-20 10:12:41,999, 1492675961999618053, 0.258265649158
2017-04-20 10:12:42,008, 1492675962008775949, 0.340428135624
2017-04-20 10:12:42,022, 1492675962022028923, 0.397433373384
2017-04-20 10:12:42,030, 1492675962030965089, 0.465794116052
2017-04-20 10:12:42,039, 1492675962039470911, 0.387693921937
2017-04-20 10:12:42,047, 1492675962047254085, 0.263058655122
2017-04-20 10:12:42,058, 1492675962058497905, 0.0616635083208
2017-04-20 10:12:42,064, 1492675962064055919, 0.219145358349
2017-04-20 10:12:42,070, 1492675962070960998, 0.285942175316
2017-04-20 10:12:42,079, 1492675962079303026, 0.608514158826
2017-04-20 10:12:42,103, 1492675962103394031, 1.44214247845
2017-04-20 10:12:42,111, 1492675962111310005, 1.5651229541
2017-04-20 10:12:42,128, 1492675962128247022, 1.51315775453
2017-04-20 10:12:42,138, 1492675962138643980, 1.65615419821
2017-04-20 10:12:42,144, 1492675962144129991, 1.80204522802
2017-04-20 10:12:42,152, 1492675962152416944, 2.31970924305
2017-04-20 10:12:42,159, 1492675962159539937, 2.36998559184
2017-04-20 10:12:42,167, 1492675962167594909, 2.50656214752
2017-04-20 10:12:42,180, 1492675962180360078, 2.62267444893
2017-04-20 10:12:42,183, 1492675962183020114, 2.69845694541
2017-04-20 10:12:42,192, 1492675962192471981, 2.73139881668
2017-04-20 10:12:42,199, 1492675962199414014, 2.94887060166
2017-04-20 10:12:42,206, 1492675962206861019, 3.07774537887
2017-04-20 10:12:42,216, 1492675962216428041, 2.92967258922
2017-04-20 10:12:42,231, 1492675962231373071, 2.78315302545
2017-04-20 10:12:42,239, 1492675962239643096, 2.74668197883
2017-04-20 10:12:42,250, 1492675962250963926, 2.65086832285
2017-04-20 10:12:42,261, 1492675962261703014, 2.57099093195
2017-04-20 10:12:42,271, 1492675962271364927, 2.45170224106
2017-04-20 10:12:42,279, 1492675962279185056, 2.20671864813
2017-04-20 10:12:42,296, 1492675962296916961, 1.92851470888
2017-04-20 10:12:42,356, 1492675962356909036, -1.84442914489
2017-04-20 10:12:42,366, 1492675962366508960, -1.66285239324
2017-04-20 10:12:42,374, 1492675962374383926, -1.90094185215
2017-04-20 10:12:42,381, 1492675962381032943, -2.00276381517
2017-04-20 10:12:42,389, 1492675962389066934, -2.13446412945
2017-04-20 10:12:42,404, 1492675962404800891, -2.76725006511
2017-04-20 10:12:42,414, 1492675962414594888, -2.8983724726
2017-04-20 10:12:42,421, 1492675962421088933, -2.78773946048
2017-04-20 10:12:42,429, 1492675962429085969, -2.59598558702
2017-04-20 10:12:42,440, 1492675962440356969, -2.49298529359
2017-04-20 10:12:42,444, 1492675962444912910, -2.43405812576
2017-04-20 10:12:42,452, 1492675962452347040, -2.79970640746
2017-04-20 10:12:42,460, 1492675962459981918, -2.78918864779
2017-04-20 10:12:42,468, 1492675962468270063, -2.94900419386
2017-04-20 10:12:42,476, 1492675962476504087, -2.75894901863
2017-04-20 10:12:42,484, 1492675962484143018, -2.60128354067
2017-04-20 10:12:42,492, 1492675962492201089, -2.48911865309
2017-04-20 10:12:42,502, 1492675962502329111, -2.53797644114
2017-04-20 10:12:42,508, 1492675962508305072, -2.74490142295
2017-04-20 10:12:42,516, 1492675962516355037, -2.86210929799
2017-04-20 10:12:42,525, 1492675962524983882, -2.85186157619
2017-04-20 10:12:42,533, 1492675962533958911, -2.97038187001
2017-04-20 10:12:42,541, 1492675962541868925, -2.81703386374
2017-04-20 10:12:42,548, 1492675962548234939, -2.88243952313
2017-04-20 10:12:42,564, 1492675962563991069, -2.99893202267
2017-04-20 10:12:42,568, 1492675962568818092, -3.21396115697
2017-04-20 10:12:42,573, 1492675962573585033, -3.3725849163
2017-04-20 10:12:42,580, 1492675962580459117, -3.46101060062
2017-04-20 10:12:42,588, 1492675962588763952, -3.40051136478
2017-04-20 10:12:42,602, 1492675962602200031, -3.38042416562
2017-04-20 10:12:42,605, 1492675962605024099, -3.34376783975
2017-04-20 10:12:42,612, 1492675962612157106, -3.25917899939
2017-04-20 10:12:42,620, 1492675962620457887, -3.30043660692
