2017-04-20 10:12:46,380, 1492675966380264043, -0.068239295752
2017-04-20 10:12:46,444, 1492675966444749116, 0.0632063047476
2017-04-20 10:12:46,464, 1492675966463999986, 0.0530771474999
2017-04-20 10:12:46,472, 1492675966472018003, 0.0513299493587
2017-04-20 10:12:46,480, 1492675966480155944, 0.0952079763933
2017-04-20 10:12:46,497, 1492675966497262954, 0.216098638355
2017-04-20 10:12:46,503, 1492675966503964900, 0.244061317773
2017-04-20 10:12:46,511, 1492675966511845111, 0.237406758959
2017-04-20 10:12:46,525, 1492675966525433063, 0.210678851733
2017-04-20 10:12:46,528, 1492675966528537034, 0.191163130491
2017-04-20 10:12:46,549, 1492675966548986911, 0.295907485532
2017-04-20 10:12:46,551, 1492675966551440954, 0.337072908878
2017-04-20 10:12:46,568, 1492675966568172931, 0.337379799626
2017-04-20 10:12:46,584, 1492675966584372043, 0.203168412879
2017-04-20 10:12:46,591, 1492675966591631889, 0.0420681637248
2017-04-20 10:12:46,600, 1492675966600174903, 0.203502387063
2017-04-20 10:12:46,608, 1492675966608853101, 0.299806783012
2017-04-20 10:12:46,623, 1492675966623948097, 0.26326551697
2017-04-20 10:12:46,632, 1492675966632023096, 0.0282196555877
2017-04-20 10:12:46,640, 1492675966640754938, 0.0328312758981
2017-04-20 10:12:46,648, 1492675966648752927, 0.00215438502021
2017-04-20 10:12:46,656, 1492675966656797885, 0.0847479572246
2017-04-20 10:12:46,671, 1492675966671832084, 0.0701772296565
2017-04-20 10:12:46,679, 1492675966679908037, 0.0213610641389
2017-04-20 10:12:46,688, 1492675966688045024, -0.0217298319948
2017-04-20 10:12:46,704, 1492675966704670906, 0.114382915172
2017-04-20 10:12:46,712, 1492675966712059020, 0.127708413522
2017-04-20 10:12:46,720, 1492675966719990015, 0.155288014064
2017-04-20 10:12:46,739, 1492675966739609003, 0.0792583670622
2017-04-20 10:12:46,743, 1492675966743962049, 0.0562252741264
2017-04-20 10:12:46,751, 1492675966751728057, 0.0651700624866
2017-04-20 10:12:46,760, 1492675966760173082, 0.0739157591603
2017-04-20 10:12:46,768, 1492675966768249034, 0.0885204101545
2017-04-20 10:12:46,775, 1492675966775779962, 0.130738063302
2017-04-20 10:12:46,784, 1492675966784085988, 0.100305041589
2017-04-20 10:12:46,800, 1492675966800236940, -0.00522933729682
2017-04-20 10:12:46,808, 1492675966808626890, 0.0733694381472
2017-04-20 10:12:46,815, 1492675966815764904, 0.156916921799
2017-04-20 10:12:46,839, 1492675966839274883, 0.150582341069
2017-04-20 10:12:46,847, 1492675966847816944, 0.117908068157
2017-04-20 10:12:46,858, 1492675966858243942, 0.112202858782
2017-04-20 10:12:46,864, 1492675966864911079, 0.112639675552
2017-04-20 10:12:46,922, 1492675966922466993, 0.00234648438686
2017-04-20 10:12:46,940, 1492675966940067052, -0.122956336811
2017-04-20 10:12:46,950, 1492675966950153112, -0.0229863807359
2017-04-20 10:12:46,958, 1492675966958187103, -0.00776624715424
2017-04-20 10:12:46,975, 1492675966975112915, 0.170875340682
2017-04-20 10:12:46,988, 1492675966988950967, 0.229736150389
2017-04-20 10:12:46,990, 1492675966990274906, 0.247371237955
2017-04-20 10:12:46,998, 1492675966998807907, 0.28113713912
2017-04-20 10:12:47,006, 1492675967006098985, 0.281857259722
2017-04-20 10:12:47,013, 1492675967013827085, 0.366074556925
2017-04-20 10:12:47,022, 1492675967022119998, 0.37927554312
2017-04-20 10:12:47,038, 1492675967038366079, 0.411243067266
2017-04-20 10:12:47,046, 1492675967045985937, 0.395969390283
2017-04-20 10:12:47,054, 1492675967053996086, 0.304472130029
2017-04-20 10:12:47,073, 1492675967073905944, 0.208108655273
2017-04-20 10:12:47,078, 1492675967078171968, 0.333720499824
2017-04-20 10:12:47,085, 1492675967085716962, 0.70405932091
2017-04-20 10:12:47,094, 1492675967094746112, 1.36141936361
2017-04-20 10:12:47,104, 1492675967104089975, 1.45333175981
2017-04-20 10:12:47,110, 1492675967110238075, 1.47438836808
2017-04-20 10:12:47,119, 1492675967119333982, 1.50365965524
2017-04-20 10:12:47,125, 1492675967125487089, 1.55367269036
2017-04-20 10:12:47,136, 1492675967136316061, 1.57472894466
2017-04-20 10:12:47,149, 1492675967149861097, 1.84847836984
2017-04-20 10:12:47,158, 1492675967158302068, 2.35056856878
2017-04-20 10:12:47,165, 1492675967165518045, 2.5724228132
2017-04-20 10:12:47,183, 1492675967183788061, 2.74475941657
2017-04-20 10:12:47,189, 1492675967189754009, 2.7258100602
2017-04-20 10:12:47,198, 1492675967198092937, 2.90538871222
2017-04-20 10:12:47,214, 1492675967214452028, 3.07755363284
2017-04-20 10:12:47,222, 1492675967222702980, 2.95164942199
2017-04-20 10:12:47,231, 1492675967231167078, 2.83852182616
2017-04-20 10:12:47,238, 1492675967238178968, 2.7828115189
2017-04-20 10:12:47,254, 1492675967254146099, 2.60014205952
2017-04-20 10:12:47,262, 1492675967262479066, 2.53032096656
2017-04-20 10:12:47,272, 1492675967272253036, 2.51948782343
2017-04-20 10:12:47,279, 1492675967279803037, 2.52771610729
2017-04-20 10:12:47,286, 1492675967285981893, 2.14890309905
2017-04-20 10:12:47,293, 1492675967293447971, 2.01255594385
2017-04-20 10:12:47,356, 1492675967356923103, -1.80713234224
2017-04-20 10:12:47,369, 1492675967369489908, -1.67972870713
2017-04-20 10:12:47,380, 1492675967380389928, -1.99579333079
2017-04-20 10:12:47,385, 1492675967385869979, -2.11198162732
2017-04-20 10:12:47,393, 1492675967393249988, -2.11533449092
2017-04-20 10:12:47,400, 1492675967400800943, -2.48708933213
2017-04-20 10:12:47,413, 1492675967413074970, -2.71224921823
2017-04-20 10:12:47,416, 1492675967416811943, -2.88458364855
2017-04-20 10:12:47,430, 1492675967430568933, -2.72949593519
2017-04-20 10:12:47,440, 1492675967440287113, -2.43961531644
2017-04-20 10:12:47,456, 1492675967456756114, -2.81008677023
2017-04-20 10:12:47,464, 1492675967464786052, -2.92844986122
2017-04-20 10:12:47,474, 1492675967474627971, -2.87080142826
2017-04-20 10:12:47,488, 1492675967488795995, -2.5656146734
2017-04-20 10:12:47,496, 1492675967496917009, -2.4985524194
2017-04-20 10:12:47,504, 1492675967504933118, -2.61058106367
2017-04-20 10:12:47,516, 1492675967516742944, -2.76386885283
2017-04-20 10:12:47,521, 1492675967521044969, -2.85470353477
2017-04-20 10:12:47,528, 1492675967528260946, -2.8171700955
2017-04-20 10:12:47,537, 1492675967537307024, -2.86887518771
2017-04-20 10:12:47,544, 1492675967544842004, -2.80550107385
2017-04-20 10:12:47,552, 1492675967552709102, -2.86972110019
2017-04-20 10:12:47,560, 1492675967560035943, -2.97600447077
2017-04-20 10:12:47,568, 1492675967568397045, -3.19741764697
2017-04-20 10:12:47,584, 1492675967584626913, -3.32371401061
2017-04-20 10:12:47,586, 1492675967586374998, -3.43102741035
2017-04-20 10:12:47,592, 1492675967592478036, -3.40355650867
2017-04-20 10:12:47,600, 1492675967600337028, -3.37225335088
2017-04-20 10:12:47,608, 1492675967608175992, -3.34900755672
2017-04-20 10:12:47,615, 1492675967615742921, -3.33154574314
2017-04-20 10:12:47,628, 1492675967628388881, -3.32276214172
