2017-04-20 10:12:36,346, 1492675956346400976, -0.0598324415004
2017-04-20 10:12:36,399, 1492675956398994922, 0.0428878220734
2017-04-20 10:12:36,411, 1492675956411895990, 0.0772339115526
2017-04-20 10:12:36,424, 1492675956424029111, 0.0592499470302
2017-04-20 10:12:36,435, 1492675956435081958, 0.106323862337
2017-04-20 10:12:36,442, 1492675956442332029, 0.179931173888
2017-04-20 10:12:36,453, 1492675956453357934, 0.221355498363
2017-04-20 10:12:36,460, 1492675956460134029, 0.237185804047
2017-04-20 10:12:36,466, 1492675956466478109, 0.192427120454
2017-04-20 10:12:36,482, 1492675956482445001, 0.25550961858
2017-04-20 10:12:36,494, 1492675956494702100, 0.275542267529
2017-04-20 10:12:36,499, 1492675956499018907, 0.24422756454
2017-04-20 10:12:36,506, 1492675956506470918, 0.381263086276
2017-04-20 10:12:36,515, 1492675956515119075, 0.206133586155
2017-04-20 10:12:36,528, 1492675956528614997, 0.16562107248
2017-04-20 10:12:36,538, 1492675956538289070, 0.22653721372
2017-04-20 10:12:36,548, 1492675956548748970, 0.233506873135
2017-04-20 10:12:36,556, 1492675956556103944, 0.306835368577
2017-04-20 10:12:36,571, 1492675956571732044, 0.0724180056562
2017-04-20 10:12:36,578, 1492675956578829050, -0.0967275124599
2017-04-20 10:12:36,587, 1492675956587573051, 0.162808424543
2017-04-20 10:12:36,594, 1492675956594964981, -0.061095790572
2017-04-20 10:12:36,603, 1492675956603310108, 0.203366732317
2017-04-20 10:12:36,610, 1492675956610181093, 0.148221675597
2017-04-20 10:12:36,618, 1492675956618480920, 0.0395571769088
2017-04-20 10:12:36,627, 1492675956627013921, -0.109988542244
2017-04-20 10:12:36,634, 1492675956634561061, 0.00379933378615
2017-04-20 10:12:36,642, 1492675956642219066, 0.079391827365
2017-04-20 10:12:36,650, 1492675956650221109, 0.127524125392
2017-04-20 10:12:36,660, 1492675956660861015, 0.109374179586
2017-04-20 10:12:36,666, 1492675956666140079, 0.123268324226
2017-04-20 10:12:36,674, 1492675956674334049, 0.133645433265
2017-04-20 10:12:36,682, 1492675956682075023, 0.0838062179214
2017-04-20 10:12:36,692, 1492675956692235946, 0.069301663616
2017-04-20 10:12:36,698, 1492675956698940038, 0.0795288047618
2017-04-20 10:12:36,706, 1492675956706041097, 0.0549419571119
2017-04-20 10:12:36,715, 1492675956715276956, 0.0915036860449
2017-04-20 10:12:36,722, 1492675956722515106, 0.109674041503
2017-04-20 10:12:36,732, 1492675956732415914, 0.124962024048
2017-04-20 10:12:36,748, 1492675956748436927, 0.120886439707
2017-04-20 10:12:36,754, 1492675956754277944, 0.112508868575
2017-04-20 10:12:36,775, 1492675956775139093, 0.0785708015389
2017-04-20 10:12:36,781, 1492675956781341075, 0.18430421366
2017-04-20 10:12:36,786, 1492675956786113023, 0.142415264888
2017-04-20 10:12:36,795, 1492675956795499086, 0.120516370972
2017-04-20 10:12:36,804, 1492675956804450035, 0.0976735689863
2017-04-20 10:12:36,810, 1492675956810151100, 0.109849400411
2017-04-20 10:12:36,818, 1492675956818470954, 0.141792012299
2017-04-20 10:12:36,879, 1492675956879807949, -0.130352765037
2017-04-20 10:12:36,891, 1492675956891638994, -0.120403345366
2017-04-20 10:12:36,901, 1492675956901062965, -0.122772580156
2017-04-20 10:12:36,907, 1492675956907939910, -0.00691534877656
2017-04-20 10:12:36,914, 1492675956914457082, -0.0129353029968
2017-04-20 10:12:36,923, 1492675956923361063, 0.0293245111724
2017-04-20 10:12:36,930, 1492675956930856943, 0.137960848415
2017-04-20 10:12:36,939, 1492675956939960956, 0.200932454839
2017-04-20 10:12:36,946, 1492675956946600914, 0.23096319371
2017-04-20 10:12:36,954, 1492675956954910993, 0.250286233843
2017-04-20 10:12:36,969, 1492675956969054937, 0.288579792427
2017-04-20 10:12:36,971, 1492675956971805095, 0.259414415832
2017-04-20 10:12:36,978, 1492675956978351116, 0.344271540876
2017-04-20 10:12:36,987, 1492675956987529993, 0.466269210533
2017-04-20 10:12:36,996, 1492675956996418952, 0.496674781164
2017-04-20 10:12:37,003, 1492675957003621101, 0.414901736586
2017-04-20 10:12:37,012, 1492675957012061119, 0.300264260944
2017-04-20 10:12:37,018, 1492675957018341064, 0.212309448664
2017-04-20 10:12:37,026, 1492675957026443004, 0.306620579206
2017-04-20 10:12:37,035, 1492675957035130977, 0.334013537284
2017-04-20 10:12:37,042, 1492675957042779922, 0.604029500221
2017-04-20 10:12:37,051, 1492675957051471948, 1.28794291591
2017-04-20 10:12:37,058, 1492675957058278083, 1.40075036139
2017-04-20 10:12:37,068, 1492675957068485021, 1.43544359203
2017-04-20 10:12:37,074, 1492675957074387073, 1.5639401291
2017-04-20 10:12:37,082, 1492675957082741975, 1.49834613051
2017-04-20 10:12:37,090, 1492675957090164899, 1.59224811138
2017-04-20 10:12:37,102, 1492675957101963996, 1.62086577355
2017-04-20 10:12:37,106, 1492675957106897115, 1.65392360278
2017-04-20 10:12:37,115, 1492675957115132093, 2.42782263731
2017-04-20 10:12:37,122, 1492675957122922897, 2.47193325266
2017-04-20 10:12:37,130, 1492675957130475044, 2.54450285873
2017-04-20 10:12:37,139, 1492675957139033079, 2.61997704426
2017-04-20 10:12:37,146, 1492675957146179914, 2.61501855892
2017-04-20 10:12:37,160, 1492675957160515069, 2.68324463868
2017-04-20 10:12:37,162, 1492675957162977933, 2.82066276861
2017-04-20 10:12:37,178, 1492675957178158044, 3.12427460699
2017-04-20 10:12:37,181, 1492675957181965112, 3.11388575361
2017-04-20 10:12:37,187, 1492675957187262058, 2.82735436494
2017-04-20 10:12:37,194, 1492675957194344997, 2.7421812214
2017-04-20 10:12:37,203, 1492675957203170061, 2.75922630045
2017-04-20 10:12:37,211, 1492675957211303949, 2.67659995823
2017-04-20 10:12:37,220, 1492675957220352888, 2.53636387695
2017-04-20 10:12:37,225, 1492675957225975036, 2.50994175342
2017-04-20 10:12:37,234, 1492675957234072923, 2.45355226477
2017-04-20 10:12:37,244, 1492675957244699954, 2.29251696706
2017-04-20 10:12:37,250, 1492675957250411033, 2.13737604546
2017-04-20 10:12:37,258, 1492675957258867979, 1.9674161421
2017-04-20 10:12:37,321, 1492675957321521043, -1.63446551226
2017-04-20 10:12:37,334, 1492675957333982944, -1.78749082133
2017-04-20 10:12:37,343, 1492675957343669891, -1.89731421758
2017-04-20 10:12:37,349, 1492675957349622964, -1.9612362906
2017-04-20 10:12:37,356, 1492675957356954097, -2.0860257413
2017-04-20 10:12:37,365, 1492675957365333080, -2.34678464622
2017-04-20 10:12:37,372, 1492675957372831106, -2.73316561258
2017-04-20 10:12:37,384, 1492675957384260892, -2.85062405194
2017-04-20 10:12:37,389, 1492675957389327049, -2.69624291991
2017-04-20 10:12:37,397, 1492675957397475957, -2.55034117045
2017-04-20 10:12:37,408, 1492675957408516883, -2.45963216545
2017-04-20 10:12:37,413, 1492675957413105010, -2.5252538595
2017-04-20 10:12:37,421, 1492675957421745061, -2.75441936317
2017-04-20 10:12:37,429, 1492675957429296970, -2.89971777359
2017-04-20 10:12:37,436, 1492675957436680078, -2.83932574729
2017-04-20 10:12:37,449, 1492675957449434041, -2.75298176736
2017-04-20 10:12:37,454, 1492675957454315900, -2.52891961682
2017-04-20 10:12:37,460, 1492675957460952043, -2.46388404472
2017-04-20 10:12:37,468, 1492675957468975067, -2.55342966064
2017-04-20 10:12:37,483, 1492675957483479022, -2.72342809615
2017-04-20 10:12:37,493, 1492675957493074893, -2.79396331621
2017-04-20 10:12:37,502, 1492675957502515077, -2.88270172568
2017-04-20 10:12:37,508, 1492675957508944988, -2.84235924652
2017-04-20 10:12:37,525, 1492675957525636911, -3.04515786979
2017-04-20 10:12:37,533, 1492675957533256053, -3.19575435632
2017-04-20 10:12:37,544, 1492675957544795036, -3.36102995957
2017-04-20 10:12:37,557, 1492675957557420015, -3.35176946887
2017-04-20 10:12:37,565, 1492675957565623044, -3.30694859237
2017-04-20 10:12:37,573, 1492675957573244094, -3.33341599971
2017-04-20 10:12:37,586, 1492675957586960077, -3.34180471328
2017-04-20 10:12:37,597, 1492675957597337961, -3.26593602567
