2017-04-20 10:10:17,151, 1492675817151214063, 1.144, 0.788, -3.552, -0.774, 1.857, 1.177
2017-04-20 10:10:17,154, 1492675817153830001, 1.138, 0.783, -3.536, -0.814, 1.834, 1.161
2017-04-20 10:10:17,155, 1492675817155459646, 1.116, 0.797, -3.505, -0.901, 1.809, 1.108
2017-04-20 10:10:17,160, 1492675817160344145, 1.115, 0.819, -3.503, -0.982, 1.799, 1.088
2017-04-20 10:10:17,165, 1492675817165020849, 1.112, 0.829, -3.467, -1.345, 1.776, 1.072
2017-04-20 10:10:17,166, 1492675817166267477, 1.107, 0.835, -3.458, -1.391, 1.756, 1.056
2017-04-20 10:10:17,168, 1492675817168177358, 1.106, 0.847, -3.464, -1.435, 1.727, 1.035
2017-04-20 10:10:17,170, 1492675817170230260, 1.1, 0.82, -3.46, -1.466, 1.704, 1.015
2017-04-20 10:10:17,178, 1492675817178151511, 1.052, 0.816, -3.569, -1.426, 1.606, 0.926
2017-04-20 10:10:17,179, 1492675817179193773, 1.055, 0.81, -3.6, -1.389, 1.602, 0.905
2017-04-20 10:10:17,182, 1492675817182026391, 1.043, 0.805, -3.629, -1.349, 1.601, 0.905
2017-04-20 10:10:17,184, 1492675817184235033, 1.043, 0.795, -3.653, -1.28, 1.601, 0.913
2017-04-20 10:10:17,186, 1492675817186069435, 1.034, 0.807, -3.68, -1.218, 1.598, 0.929
2017-04-20 10:10:17,188, 1492675817188116287, 1.036, 0.806, -3.694, -1.162, 1.611, 0.986
2017-04-20 10:10:17,190, 1492675817190131118, 1.058, 0.805, -3.703, -1.097, 1.635, 0.999
2017-04-20 10:10:17,192, 1492675817192186006, 1.076, 0.8, -3.687, -1.035, 1.68, 0.999
2017-04-20 10:10:17,194, 1492675817194013584, 1.098, 0.801, -3.661, -0.991, 1.71, 1.043
2017-04-20 10:10:17,196, 1492675817196189794, 1.097, 0.801, -3.638, -0.955, 1.742, 1.088
2017-04-20 10:10:17,198, 1492675817198123434, 1.113, 0.808, -3.624, -0.93, 1.771, 1.116
2017-04-20 10:10:17,200, 1492675817200044533, 1.127, 0.795, -3.602, -0.921, 1.797, 1.145
2017-04-20 10:10:17,202, 1492675817202019937, 1.119, 0.801, -3.589, -0.915, 1.823, 1.186
2017-04-20 10:10:17,204, 1492675817204023479, 1.125, 0.782, -3.587, -0.91, 1.852, 1.205
2017-04-20 10:10:17,206, 1492675817205958364, 1.131, 0.787, -3.583, -0.908, 1.875, 1.235
2017-04-20 10:10:17,208, 1492675817208043656, 1.134, 0.781, -3.569, -0.905, 1.902, 1.258
2017-04-20 10:10:17,210, 1492675817209989556, 1.139, 0.774, -3.557, -0.925, 1.916, 1.275
2017-04-20 10:10:17,214, 1492675817214209006, 1.142, 0.786, -3.555, -0.959, 1.937, 1.278
2017-04-20 10:10:17,216, 1492675817216094026, 1.146, 0.787, -3.54, -0.957, 1.924, 1.283
2017-04-20 10:10:17,218, 1492675817218139785, 1.136, 0.783, -3.542, -0.963, 1.921, 1.283
2017-04-20 10:10:17,220, 1492675817220079052, 1.144, 0.78, -3.527, -0.966, 1.909, 1.275
2017-04-20 10:10:17,222, 1492675817222157016, 1.131, 0.764, -3.539, -0.974, 1.901, 1.291
2017-04-20 10:10:17,224, 1492675817224197230, 1.129, 0.774, -3.56, -0.976, 1.877, 1.291
2017-04-20 10:10:17,227, 1492675817227544278, 1.125, 0.753, -3.585, -0.963, 1.844, 1.278
2017-04-20 10:10:17,231, 1492675817230874961, 1.122, 0.749, -3.604, -0.953, 1.819, 1.25
2017-04-20 10:10:17,232, 1492675817232195916, 1.113, 0.748, -3.642, -0.932, 1.779, 1.197
2017-04-20 10:10:17,234, 1492675817234179299, 1.091, 0.749, -3.654, -0.912, 1.766, 1.181
2017-04-20 10:10:17,236, 1492675817236222571, 1.085, 0.751, -3.677, -0.876, 1.758, 1.153
2017-04-20 10:10:17,238, 1492675817238169428, 1.089, 0.753, -3.664, -0.837, 1.753, 1.148
2017-04-20 10:10:17,240, 1492675817240215305, 1.099, 0.751, -3.641, -0.819, 1.762, 1.149
2017-04-20 10:10:17,242, 1492675817242196535, 1.109, 0.77, -3.625, -0.825, 1.768, 1.164
2017-04-20 10:10:17,244, 1492675817244207223, 1.118, 0.783, -3.578, -0.854, 1.783, 1.164
2017-04-20 10:10:17,246, 1492675817246189087, 1.124, 0.781, -3.505, -0.916, 1.816, 1.157
2017-04-20 10:10:17,248, 1492675817248168178, 1.137, 0.815, -3.395, -1.016, 1.846, 1.145
2017-04-20 10:10:17,250, 1492675817250180311, 1.155, 0.839, -3.253, -1.144, 1.899, 1.145
2017-04-20 10:10:17,252, 1492675817252232361, 1.177, 0.854, -3.074, -1.32, 1.966, 1.124
2017-04-20 10:10:17,254, 1492675817254174526, 1.193, 0.873, -2.913, -1.526, 2.05, 1.129
2017-04-20 10:10:17,256, 1492675817256209741, 1.192, 0.903, -2.781, -1.738, 2.097, 1.072
2017-04-20 10:10:17,258, 1492675817258149032, 1.187, 0.92, -2.557, -1.962, 2.141, 1.043
2017-04-20 10:10:17,260, 1492675817260215485, 1.183, 0.941, -2.373, -2.234, 2.194, 1.047
2017-04-20 10:10:17,266, 1492675817266109965, 1.166, 0.996, -2.13, -2.913, 2.388, 1.072
2017-04-20 10:10:17,268, 1492675817268218163, 1.129, 1.012, -2.123, -3.032, 2.395, 1.173
2017-04-20 10:10:17,270, 1492675817270101989, 1.102, 1.001, -2.094, -3.084, 2.348, 1.218
2017-04-20 10:10:17,278, 1492675817278102120, 1.198, 1.002, -2.036, -3.081, 2.507, 1.416
2017-04-20 10:10:17,279, 1492675817279194168, 1.22, 1.003, -2.025, -3.038, 2.539, 1.49
2017-04-20 10:10:17,282, 1492675817282020590, 1.26, 0.981, -1.972, -2.998, 2.561, 1.543
2017-04-20 10:10:17,284, 1492675817283985688, 1.269, 0.939, -1.989, -2.834, 2.549, 1.595
2017-04-20 10:10:17,285, 1492675817285200888, 1.277, 0.919, -1.952, -2.79, 2.508, 1.668
2017-04-20 10:10:17,288, 1492675817287984685, 1.293, 0.934, -1.927, -2.78, 2.532, 1.673
2017-04-20 10:10:17,289, 1492675817289199138, 1.29, 1.377, 4.384, -2.921, 2.336, 1.21
2017-04-20 10:10:17,292, 1492675817291988861, 1.574, 1.038, 3.618, -3.608, 2.979, 1.952
2017-04-20 10:10:17,294, 1492675817294209352, 0.905, 0.637, -1.845, -2.761, 2.72, 0.336
2017-04-20 10:10:17,296, 1492675817296159107, 0.277, 0.069, -1.359, -1.968, 1.948, 1.429
2017-04-20 10:10:17,301, 1492675817300800166, -0.14, -0.035, -0.839, -3.546, 2.072, 1.819
2017-04-20 10:10:17,303, 1492675817303208563, 0.6, 0.736, 0.456, -6.677, 4.154, 0.658
2017-04-20 10:10:17,305, 1492675817305060775, 0.549, 0.914, -0.366, -7.097, 4.162, 1.559
2017-04-20 10:10:17,306, 1492675817306209803, 0.337, 0.599, 0.37, -7.023, 3.939, 1.335
2017-04-20 10:10:17,308, 1492675817308203113, 0.272, 0.475, 2.523, -6.225, 4.146, 0.02
2017-04-20 10:10:17,314, 1492675817314037794, 0.375, 0.597, 0.717, -4.24, 3.523, 1.051
2017-04-20 10:10:17,315, 1492675817315299160, 0.439, 0.539, 1.844, -4.209, 3.234, 1.002
2017-04-20 10:10:17,317, 1492675817317337139, 0.529, 0.304, 0.645, -4.672, 3.201, 0.049
2017-04-20 10:10:17,319, 1492675817319205341, 0.518, 0.438, 0.452, -4.422, 2.754, 0.544
2017-04-20 10:10:17,321, 1492675817321168314, 0.357, 0.619, 1.37, -3.685, 2.014, 1.1
2017-04-20 10:10:17,323, 1492675817323193987, 0.236, 0.47, 0.755, -3.111, 1.576, 0.446
2017-04-20 10:10:17,325, 1492675817325164988, 0.312, 0.133, 0.241, -2.592, 1.708, -0.061
2017-04-20 10:10:17,327, 1492675817327197975, 0.33, 0.065, 1.201, -2.26, 1.621, 0.312
2017-04-20 10:10:17,329, 1492675817329190331, 0.21, 0.071, 1.282, -1.949, 1.518, 0.739
2017-04-20 10:10:17,331, 1492675817331177911, 0.158, 0.07, 0.435, -1.668, 1.634, 0.296
2017-04-20 10:10:17,334, 1492675817334154606, 0.108, 0.178, 0.959, -1.757, 1.5, 0.292
2017-04-20 10:10:17,336, 1492675817336221671, 0.132, 0.109, 1.517, -2.225, 1.419, 0.609
2017-04-20 10:10:17,338, 1492675817338036713, 0.076, 0.017, 1.003, -2.578, 1.294, 0.658
2017-04-20 10:10:17,340, 1492675817340005171, -0.112, 0.134, 0.921, -2.657, 0.842, 0.661
2017-04-20 10:10:17,342, 1492675817341874754, -0.103, 0.307, 1.383, -2.543, 0.63, 0.755
2017-04-20 10:10:17,343, 1492675817343201131, 0.029, 0.305, 1.285, -2.519, 0.706, 0.734
2017-04-20 10:10:17,345, 1492675817345181610, 0.123, 0.281, 1.182, -2.454, 0.625, 0.677
2017-04-20 10:10:17,347, 1492675817347403876, 0.107, 0.199, 1.54, -2.124, 0.239, 0.921
2017-04-20 10:10:17,349, 1492675817349206612, 0.011, 0.234, 1.466, -1.741, -0.342, 1.023
2017-04-20 10:10:17,351, 1492675817351181472, -0.085, 0.337, 0.71, -0.91, -0.818, 0.462
2017-04-20 10:10:17,353, 1492675817353156706, -0.422, -0.16, 0.263, 0.221, -1.291, -0.381
2017-04-20 10:10:17,355, 1492675817355475672, -0.463, -0.152, 0.932, -0.11, -1.334, -0.885
2017-04-20 10:10:17,357, 1492675817357426794, -0.288, -0.178, 0.919, 0.223, -1.218, -0.313
2017-04-20 10:10:17,360, 1492675817360198059, 0.079, -0.035, 0.421, 0.656, -0.898, -0.451
2017-04-20 10:10:17,362, 1492675817361981748, 0.094, 0.026, 0.092, 0.542, -0.844, -0.41
2017-04-20 10:10:17,363, 1492675817363228538, -0.005, 0.008, 0.59, 0.652, -1.189, -0.345
2017-04-20 10:10:17,365, 1492675817365168591, -0.042, -0.074, 0.173, 1.27, -1.486, 0.227
2017-04-20 10:10:17,367, 1492675817367487528, 0.047, 0.043, -0.529, 0.916, -1.366, 0.881
2017-04-20 10:10:17,369, 1492675817369621998, -0.046, -0.166, -0.468, 1.423, -1.742, 0.747
2017-04-20 10:10:17,378, 1492675817378088211, -0.268, -0.149, 0.284, 2.194, -2.335, -0.154
2017-04-20 10:10:17,379, 1492675817379179320, -0.057, 0.008, 0.316, 1.586, -1.667, -0.089
2017-04-20 10:10:17,381, 1492675817381233214, 0.013, 0.048, -0.292, 0.787, -1.289, 0.057
2017-04-20 10:10:17,383, 1492675817383165181, -0.09, -0.01, -0.038, -0.341, -1.007, -0.316
2017-04-20 10:10:17,385, 1492675817385184469, -0.092, 0.171, 0.462, -1.546, -0.758, 0.109
2017-04-20 10:10:17,387, 1492675817387200935, -0.072, 0.176, -0.057, -1.976, -0.384, 0.479
2017-04-20 10:10:17,389, 1492675817389203766, 0.006, 0.281, -0.063, -2.233, 0.178, -0.406
2017-04-20 10:10:17,391, 1492675817391152866, 0.025, 0.393, 0.381, -2.633, 0.545, -0.475
2017-04-20 10:10:17,393, 1492675817393207877, 0.084, 0.293, 0.195, -2.673, 0.844, -0.162
2017-04-20 10:10:17,395, 1492675817395167535, 0.121, 0.219, 0.026, -2.385, 1.203, 0.097
2017-04-20 10:10:17,401, 1492675817401534086, 0.165, 0.324, 0.194, -2.401, 1.544, -0.143
2017-04-20 10:10:17,403, 1492675817403170079, 0.323, 0.358, -0.051, -1.938, 2.348, 0.393
2017-04-20 10:10:17,405, 1492675817405203542, 0.324, 0.294, 0.182, -1.757, 2.467, -0.143
2017-04-20 10:10:17,407, 1492675817407256312, 0.428, 0.215, 0.077, -1.534, 2.849, -0.26
2017-04-20 10:10:17,409, 1492675817409197003, 0.514, 0.223, -0.087, -1.418, 3.125, 0.02
2017-04-20 10:10:17,411, 1492675817411167339, 0.425, 0.187, 0.112, -1.176, 3.032, -0.114
2017-04-20 10:10:17,413, 1492675817413204299, 0.453, 0.091, 0.114, -0.943, 3.22, -0.122
2017-04-20 10:10:17,415, 1492675817415120936, 0.476, 0.059, -0.001, -0.81, 3.328, 0.333
2017-04-20 10:10:17,417, 1492675817417206207, 0.442, -0.008, 0.059, -0.422, 3.275, 0.401
2017-04-20 10:10:17,419, 1492675817419163878, 0.395, -0.024, 0.128, 0.076, 3.29, 0.158
2017-04-20 10:10:17,421, 1492675817421195392, 0.395, -0.027, -0.05, 0.477, 3.224, 0.109
2017-04-20 10:10:17,423, 1492675817423162021, 0.392, -0.049, -0.055, 0.905, 3.13, 0.133
2017-04-20 10:10:17,425, 1492675817425194587, 0.391, -0.068, 0.073, 1.172, 3.002, 0.15
2017-04-20 10:10:17,427, 1492675817427430493, 0.297, -0.108, -0.069, 1.168, 2.647, 0.114
2017-04-20 10:10:17,431, 1492675817431211321, 0.285, -0.056, 0.022, 0.936, 2.073, 0.385
2017-04-20 10:10:17,433, 1492675817432989357, 0.274, -0.018, 0.014, 0.698, 1.878, 0.256
2017-04-20 10:10:17,434, 1492675817434192137, 0.285, -0.05, -0.093, 0.39, 1.606, -0.008
2017-04-20 10:10:17,436, 1492675817435995689, 0.256, -0.062, -0.051, 0.233, 1.423, -0.029
2017-04-20 10:10:17,437, 1492675817437579599, 0.217, -0.013, 0.059, -0.103, 1.062, -0.016
2017-04-20 10:10:17,439, 1492675817439157546, 0.195, 0.058, 0.053, -0.39, 0.832, -0.049
2017-04-20 10:10:17,444, 1492675817444195877, 0.056, 0.109, 0.168, -0.96, 0.069, 0.008
2017-04-20 10:10:17,445, 1492675817445147540, -0.003, 0.106, 0.139, -1.02, -0.171, 0.077
2017-04-20 10:10:17,448, 1492675817448082332, -0.039, 0.104, 0.071, -0.972, -0.358, -0.089
2017-04-20 10:10:17,450, 1492675817450031568, -0.083, 0.164, 0.13, -0.883, -0.611, -0.102
2017-04-20 10:10:17,452, 1492675817452113774, -0.123, 0.157, 0.13, -0.768, -0.835, -0.086
2017-04-20 10:10:17,454, 1492675817454093828, -0.155, 0.124, 0.067, -0.663, -1.02, -0.089
2017-04-20 10:10:17,460, 1492675817460215976, -0.169, 0.075, 0.06, -0.474, -1.476, -0.033
2017-04-20 10:10:17,462, 1492675817462017036, -0.189, 0.07, -0.044, -0.412, -1.583, -0.081
2017-04-20 10:10:17,468, 1492675817468221675, -0.106, 0.008, -0.129, 0.239, -1.602, -0.135
2017-04-20 10:10:17,470, 1492675817470149744, -0.104, 0.005, -0.196, 0.395, -1.508, -0.105
2017-04-20 10:10:17,472, 1492675817472402146, -0.078, 0.003, -0.107, 0.533, -1.41, 0.02
2017-04-20 10:10:17,474, 1492675817474151149, -0.123, 0.005, -0.065, 0.529, -1.271, 0.073
2017-04-20 10:10:17,477, 1492675817476325275, -0.106, 0.013, -0.125, 0.508, -1.076, 0.02
2017-04-20 10:10:17,479, 1492675817479102708, -0.086, 0.076, 0.01, 0.122, -0.698, 0.06
2017-04-20 10:10:17,481, 1492675817481060099, -0.065, 0.094, 0.025, -0.205, -0.523, 0.003
2017-04-20 10:10:17,482, 1492675817482149555, -0.033, 0.111, 0.077, -0.514, -0.3, -0.053
2017-04-20 10:10:17,484, 1492675817484094204, -0.038, 0.126, 0.136, -0.788, -0.134, -0.097
2017-04-20 10:10:17,486, 1492675817486083370, -0.043, 0.165, 0.126, -1.208, 0.043, -0.037
2017-04-20 10:10:17,488, 1492675817488157817, -0.043, 0.155, 0.128, -1.419, 0.219, -0.048
2017-04-20 10:10:17,490, 1492675817490145551, 0.015, 0.196, 0.202, -1.609, 0.474, -0.041
2017-04-20 10:10:17,492, 1492675817492489334, 0.085, 0.199, 0.178, -1.685, 0.701, -0.053
2017-04-20 10:10:17,495, 1492675817495202930, 0.119, 0.137, 0.181, -1.436, 0.975, -0.078
2017-04-20 10:10:17,497, 1492675817497046515, 0.108, 0.148, 0.12, -1.232, 1.006, -0.029
2017-04-20 10:10:17,498, 1492675817498144777, 0.158, 0.106, 0.032, -0.908, 1.152, 0.0
2017-04-20 10:10:17,500, 1492675817500112214, 0.193, 0.077, -0.015, -0.654, 1.289, -0.037
2017-04-20 10:10:17,503, 1492675817503177089, 0.215, 0.011, -0.019, 0.002, 1.402, 0.089
2017-04-20 10:10:17,504, 1492675817504200751, 0.252, -0.022, -0.074, 0.22, 1.492, 0.074
2017-04-20 10:10:17,506, 1492675817506072261, 0.261, -0.046, -0.11, 0.393, 1.581, 0.077
2017-04-20 10:10:17,508, 1492675817508068178, 0.273, -0.056, -0.082, 0.608, 1.611, 0.081
2017-04-20 10:10:17,510, 1492675817510079925, 0.245, -0.107, -0.093, 0.81, 1.623, 0.093
2017-04-20 10:10:17,512, 1492675817512082145, 0.262, -0.13, -0.152, 0.994, 1.715, 0.097
2017-04-20 10:10:17,514, 1492675817514199606, 0.275, -0.116, -0.127, 1.044, 1.766, 0.134
2017-04-20 10:10:17,516, 1492675817516202665, 0.232, -0.172, -0.154, 1.086, 1.757, 0.109
2017-04-20 10:10:17,519, 1492675817519160045, 0.209, -0.157, -0.106, 1.168, 1.704, 0.19
2017-04-20 10:10:17,520, 1492675817520221161, 0.24, -0.098, -0.069, 1.107, 1.722, 0.174
2017-04-20 10:10:17,524, 1492675817524216257, 0.184, -0.111, -0.159, 0.908, 1.538, 0.077
2017-04-20 10:10:17,526, 1492675817526056230, 0.132, -0.087, -0.09, 0.698, 1.365, 0.19
2017-04-20 10:10:17,527, 1492675817527204274, 0.118, -0.049, -0.1, 0.468, 1.237, 0.141
2017-04-20 10:10:17,529, 1492675817529196991, 0.113, -0.021, -0.184, 0.317, 1.105, 0.069
2017-04-20 10:10:17,531, 1492675817531174148, 0.085, 0.015, -0.206, 0.071, 0.892, 0.028
2017-04-20 10:10:17,533, 1492675817533071835, 0.072, 0.057, -0.137, -0.19, 0.656, 0.082
2017-04-20 10:10:17,534, 1492675817534158734, 0.054, 0.074, -0.198, -0.463, 0.501, 0.057
2017-04-20 10:10:17,536, 1492675817536088877, 0.045, 0.07, -0.253, -0.638, 0.376, -0.045
2017-04-20 10:10:17,539, 1492675817539299728, 0.018, 0.179, -0.258, -1.09, -0.083, -0.049
2017-04-20 10:10:17,541, 1492675817541209114, -0.005, 0.181, -0.304, -1.215, -0.189, -0.049
2017-04-20 10:10:17,543, 1492675817543017315, -0.045, 0.182, -0.421, -1.321, -0.424, -0.13
2017-04-20 10:10:17,544, 1492675817544189870, -0.074, 0.195, -0.41, -1.435, -0.611, -0.143
2017-04-20 10:10:17,546, 1492675817546087282, -0.098, 0.196, -0.428, -1.458, -0.735, -0.094
2017-04-20 10:10:17,548, 1492675817548170965, -0.129, 0.187, -0.542, -1.399, -0.898, -0.081
2017-04-20 10:10:17,550, 1492675817550079399, -0.13, 0.206, -0.614, -1.296, -1.052, -0.17
2017-04-20 10:10:17,552, 1492675817552113528, -0.095, 0.21, -0.573, -1.17, -1.091, -0.121
2017-04-20 10:10:17,554, 1492675817554188126, -0.098, 0.173, -0.591, -1.045, -1.161, -0.073
2017-04-20 10:10:17,556, 1492675817556112005, -0.164, 0.152, -0.691, -0.942, -1.297, -0.086
2017-04-20 10:10:17,562, 1492675817562079524, -0.129, 0.116, -0.607, -0.535, -1.252, -0.073
2017-04-20 10:10:17,564, 1492675817564102737, -0.178, 0.039, -0.628, -0.353, -1.276, -0.105
2017-04-20 10:10:17,566, 1492675817566093617, -0.175, -0.02, -0.618, -0.151, -1.216, -0.024
2017-04-20 10:10:17,567, 1492675817567192179, -0.133, -0.006, -0.601, 0.048, -1.042, -0.013
2017-04-20 10:10:17,569, 1492675817569186939, -0.112, -0.016, -0.565, 0.296, -0.907, -0.065
2017-04-20 10:10:17,571, 1492675817571207736, -0.136, -0.065, -0.568, 0.547, -0.863, -0.013
2017-04-20 10:10:17,574, 1492675817574521087, -0.118, -0.095, -0.588, 0.719, -0.762, 0.122
2017-04-20 10:10:17,576, 1492675817576227790, -0.055, -0.078, -0.508, 0.89, -0.526, 0.06
2017-04-20 10:10:17,578, 1492675817578177016, -0.056, -0.09, -0.479, 0.922, -0.442, 0.016
2017-04-20 10:10:17,579, 1492675817579200623, -0.097, -0.108, -0.527, 0.953, -0.413, 0.052
2017-04-20 10:10:17,581, 1492675817581152492, -0.119, -0.12, -0.573, 0.933, -0.337, 0.117
2017-04-20 10:10:17,590, 1492675817590069089, 0.007, -0.075, -0.56, 0.378, 0.224, 0.09
2017-04-20 10:10:17,591, 1492675817591157869, 0.023, -0.052, -0.594, 0.236, 0.307, 0.041
2017-04-20 10:10:17,593, 1492675817593180278, 0.049, -0.028, -0.585, 0.085, 0.481, 0.0
2017-04-20 10:10:17,595, 1492675817595169526, 0.052, -0.011, -0.643, -0.03, 0.515, 0.003
2017-04-20 10:10:17,597, 1492675817597533342, 0.035, -0.011, -0.676, -0.109, 0.549, 0.016
2017-04-20 10:10:17,600, 1492675817600132513, 0.087, 0.03, -0.678, -0.192, 0.668, 0.036
2017-04-20 10:10:17,601, 1492675817601189688, 0.088, 0.042, -0.686, -0.265, 0.72, 0.02
2017-04-20 10:10:17,603, 1492675817603355429, 0.07, 0.06, -0.702, -0.309, 0.705, 0.036
2017-04-20 10:10:17,606, 1492675817606136224, 0.089, 0.081, -0.703, -0.446, 0.753, 0.077
2017-04-20 10:10:17,607, 1492675817607632226, 0.112, 0.099, -0.668, -0.572, 0.785, 0.057
2017-04-20 10:10:17,609, 1492675817609197363, 0.099, 0.099, -0.615, -0.708, 0.806, 0.0
2017-04-20 10:10:17,611, 1492675817611195724, 0.083, 0.108, -0.61, -0.844, 0.765, -0.008
2017-04-20 10:10:17,613, 1492675817613212885, 0.083, 0.122, -0.587, -0.931, 0.748, 0.028
2017-04-20 10:10:17,615, 1492675817615155967, 0.101, 0.123, -0.497, -1.007, 0.781, -0.041
2017-04-20 10:10:17,617, 1492675817617210559, 0.105, 0.131, -0.434, -1.013, 0.744, -0.037
2017-04-20 10:10:17,619, 1492675817619186094, 0.07, 0.105, -0.433, -0.962, 0.682, -0.021
2017-04-20 10:10:17,621, 1492675817621196568, 0.059, 0.103, -0.381, -0.86, 0.614, 0.016
2017-04-20 10:10:17,623, 1492675817623186623, 0.057, 0.121, -0.311, -0.707, 0.564, -0.005
2017-04-20 10:10:17,625, 1492675817625213835, 0.051, 0.097, -0.256, -0.53, 0.514, -0.005
2017-04-20 10:10:17,627, 1492675817627154371, 0.022, 0.066, -0.244, -0.354, 0.41, 0.044
2017-04-20 10:10:17,629, 1492675817629181533, -0.012, 0.026, -0.208, -0.177, 0.268, 0.049
2017-04-20 10:10:17,631, 1492675817631166390, -0.013, 0.021, -0.186, 0.015, 0.173, 0.044
2017-04-20 10:10:17,633, 1492675817633193237, -0.018, 0.015, -0.181, 0.168, 0.072, 0.016
2017-04-20 10:10:17,635, 1492675817635294917, -0.048, -0.026, -0.175, 0.305, -0.089, 0.024
2017-04-20 10:10:17,646, 1492675817646167658, -0.068, -0.058, -0.16, 0.614, -0.485, -0.013
2017-04-20 10:10:17,648, 1492675817648064747, -0.094, -0.088, -0.209, 0.725, -0.849, -0.013
2017-04-20 10:10:17,650, 1492675817650136412, -0.094, -0.072, -0.189, 0.694, -0.945, -0.021
2017-04-20 10:10:17,652, 1492675817652036167, -0.12, -0.075, -0.222, 0.631, -1.035, 0.0
2017-04-20 10:10:17,654, 1492675817654083094, -0.125, -0.064, -0.221, 0.523, -1.081, 0.024
2017-04-20 10:10:17,656, 1492675817656054971, -0.123, -0.038, -0.196, 0.366, -1.08, -0.008
2017-04-20 10:10:17,658, 1492675817658084534, -0.119, -0.017, -0.171, 0.209, -1.069, -0.037
2017-04-20 10:10:17,660, 1492675817660050485, -0.126, -0.006, -0.165, 0.044, -1.051, -0.041
2017-04-20 10:10:17,662, 1492675817662097485, -0.131, 0.006, -0.142, -0.129, -1.005, -0.053
2017-04-20 10:10:17,664, 1492675817664194227, -0.121, 0.033, -0.142, -0.264, -0.919, -0.086
2017-04-20 10:10:17,666, 1492675817666157905, -0.101, 0.043, -0.113, -0.386, -0.809, -0.057
2017-04-20 10:10:17,668, 1492675817668145006, -0.091, 0.052, -0.095, -0.448, -0.713, -0.045
2017-04-20 10:10:17,674, 1492675817674191932, -0.072, 0.062, -0.083, -0.381, -0.371, -0.053
2017-04-20 10:10:17,676, 1492675817675984708, -0.058, 0.048, -0.096, -0.303, -0.273, -0.037
2017-04-20 10:10:17,679, 1492675817679149252, -0.034, 0.044, -0.08, -0.16, -0.089, 0.016
2017-04-20 10:10:17,680, 1492675817680181242, -0.012, 0.032, -0.072, -0.083, 0.017, 0.024
2017-04-20 10:10:17,682, 1492675817682070214, -0.002, 0.037, -0.072, -0.039, 0.072, 0.025
2017-04-20 10:10:17,684, 1492675817684053335, 0.002, 0.019, -0.09, 0.026, 0.161, 0.036
2017-04-20 10:10:17,686, 1492675817686134876, 0.006, 0.004, -0.095, 0.065, 0.26, 0.033
2017-04-20 10:10:17,688, 1492675817688048282, 0.043, 0.01, -0.075, 0.09, 0.362, 0.041
2017-04-20 10:10:17,690, 1492675817690091660, 0.068, 0.013, -0.062, 0.08, 0.454, 0.028
2017-04-20 10:10:17,692, 1492675817692040991, 0.08, 0.012, -0.048, 0.049, 0.524, 0.024
2017-04-20 10:10:17,694, 1492675817694078657, 0.079, 0.015, -0.038, 0.004, 0.578, 0.024
2017-04-20 10:10:17,696, 1492675817696121274, 0.071, 0.023, -0.03, -0.055, 0.636, 0.02
2017-04-20 10:10:17,698, 1492675817698137369, 0.08, 0.022, -0.018, -0.115, 0.672, 0.028
2017-04-20 10:10:17,700, 1492675817700431499, 0.078, 0.038, -0.01, -0.185, 0.707, 0.02
2017-04-20 10:10:17,703, 1492675817702585315, 0.073, 0.04, -0.012, -0.223, 0.717, 0.024
2017-04-20 10:10:17,704, 1492675817704164419, 0.072, 0.032, 0.003, -0.274, 0.703, 0.003
2017-04-20 10:10:17,706, 1492675817706093163, 0.06, 0.04, 0.004, -0.297, 0.671, 0.024
2017-04-20 10:10:17,708, 1492675817708118316, 0.052, 0.035, -0.005, -0.304, 0.629, 0.016
2017-04-20 10:10:17,710, 1492675817710134355, 0.062, 0.038, 0.001, -0.294, 0.574, 0.012
2017-04-20 10:10:17,712, 1492675817712088150, 0.066, 0.03, -0.017, -0.262, 0.503, -0.005
2017-04-20 10:10:17,714, 1492675817714216713, 0.045, 0.015, -0.033, -0.19, 0.406, 0.003
2017-04-20 10:10:17,716, 1492675817716024745, 0.043, 0.02, 0.008, -0.127, 0.326, 0.025
2017-04-20 10:10:17,719, 1492675817719149661, 0.032, -0.01, -0.056, -0.002, 0.163, -0.005
2017-04-20 10:10:17,720, 1492675817720133930, 0.003, -0.028, -0.092, 0.114, 0.055, 0.0
2017-04-20 10:10:17,722, 1492675817722051829, 0.02, -0.031, -0.07, 0.175, 0.008, 0.0
2017-04-20 10:10:17,724, 1492675817724033562, 0.029, -0.033, -0.026, 0.264, -0.03, 0.012
2017-04-20 10:10:17,726, 1492675817726082008, -0.001, -0.034, -0.088, 0.369, -0.131, -0.045
2017-04-20 10:10:17,728, 1492675817728062936, -0.042, -0.059, -0.117, 0.446, -0.253, -0.013
2017-04-20 10:10:17,730, 1492675817730077991, -0.032, -0.05, -0.065, 0.493, -0.308, 0.057
2017-04-20 10:10:17,732, 1492675817732033483, -0.024, -0.029, -0.064, 0.503, -0.317, 0.016
2017-04-20 10:10:17,734, 1492675817734136129, -0.026, -0.026, -0.062, 0.465, -0.357, -0.016
2017-04-20 10:10:17,736, 1492675817736070932, -0.057, -0.038, -0.034, 0.383, -0.433, 0.049
2017-04-20 10:10:17,738, 1492675817738088880, -0.077, -0.022, -0.038, 0.279, -0.468, 0.041
2017-04-20 10:10:17,742, 1492675817742085256, -0.062, 0.025, 0.014, -0.008, -0.463, -0.037
2017-04-20 10:10:17,743, 1492675817743753022, -0.075, 0.03, 0.025, -0.151, -0.472, 0.02
2017-04-20 10:10:17,745, 1492675817745181413, -0.07, 0.035, 0.026, -0.278, -0.47, -0.013
2017-04-20 10:10:17,746, 1492675817746196478, -0.082, 0.059, 0.043, -0.374, -0.472, -0.045
2017-04-20 10:10:17,748, 1492675817748081911, -0.075, 0.074, 0.056, -0.439, -0.475, -0.049
2017-04-20 10:10:17,750, 1492675817750110681, -0.062, 0.09, 0.053, -0.55, -0.467, -0.029
2017-04-20 10:10:17,752, 1492675817752050029, -0.085, 0.091, 0.042, -0.64, -0.449, -0.029
2017-04-20 10:10:17,754, 1492675817754185094, -0.068, 0.11, 0.052, -0.699, -0.423, -0.065
2017-04-20 10:10:17,756, 1492675817756160202, -0.061, 0.105, 0.039, -0.72, -0.396, -0.073
2017-04-20 10:10:17,758, 1492675817758131886, -0.064, 0.101, 0.005, -0.695, -0.403, -0.024
2017-04-20 10:10:17,760, 1492675817760028653, -0.077, 0.095, -0.002, -0.645, -0.379, -0.049
2017-04-20 10:10:17,763, 1492675817762218963, -0.033, 0.085, 0.011, -0.534, -0.295, -0.029
2017-04-20 10:10:17,764, 1492675817764119017, -0.023, 0.07, -0.014, -0.47, -0.272, -0.033
2017-04-20 10:10:17,766, 1492675817766493413, -0.029, 0.037, -0.016, -0.348, -0.248, -0.021
2017-04-20 10:10:17,768, 1492675817768172894, -0.03, 0.021, -0.044, -0.183, -0.208, -0.016
2017-04-20 10:10:17,770, 1492675817770095266, -0.024, 0.012, -0.055, -0.049, -0.159, -0.005
2017-04-20 10:10:17,772, 1492675817772063914, -0.006, -0.016, -0.054, 0.095, -0.088, -0.008
2017-04-20 10:10:17,777, 1492675817774086148, 0.01, -0.042, -0.037, 0.242, -0.031, 0.016
2017-04-20 10:10:17,778, 1492675817776111122, 0.001, -0.061, -0.05, 0.387, 0.018, 0.033
2017-04-20 10:10:17,778, 1492675817778168222, -0.002, -0.069, -0.055, 0.52, 0.082, 0.028
2017-04-20 10:10:17,780, 1492675817780143850, 0.026, -0.071, -0.069, 0.664, 0.148, 0.036
2017-04-20 10:10:17,782, 1492675817782074872, 0.035, -0.077, -0.048, 0.704, 0.209, 0.057
2017-04-20 10:10:17,784, 1492675817784058087, 0.05, -0.079, -0.022, 0.718, 0.293, 0.06
2017-04-20 10:10:17,786, 1492675817786101735, 0.065, -0.094, -0.023, 0.678, 0.357, 0.036
2017-04-20 10:10:17,788, 1492675817788047019, 0.045, -0.072, -0.025, 0.608, 0.388, 0.041
2017-04-20 10:10:17,790, 1492675817790085638, 0.048, -0.052, 0.011, 0.505, 0.427, 0.044
2017-04-20 10:10:17,792, 1492675817792306967, 0.055, -0.026, 0.018, 0.366, 0.473, 0.033
2017-04-20 10:10:17,794, 1492675817794169750, 0.044, -0.018, 0.02, 0.196, 0.512, 0.024
2017-04-20 10:10:17,796, 1492675817796082628, 0.052, -0.014, 0.041, 0.047, 0.518, 0.036
2017-04-20 10:10:17,799, 1492675817799219525, 0.04, 0.042, 0.041, -0.175, 0.499, 0.016
2017-04-20 10:10:17,801, 1492675817801032585, 0.025, 0.048, 0.035, -0.274, 0.475, 0.0
2017-04-20 10:10:17,802, 1492675817802195546, 0.023, 0.054, 0.043, -0.375, 0.433, 0.02
2017-04-20 10:10:17,804, 1492675817804135762, 0.016, 0.048, 0.039, -0.44, 0.396, 0.012
2017-04-20 10:10:17,806, 1492675817806174949, 0.023, 0.077, 0.023, -0.516, 0.344, 0.02
2017-04-20 10:10:17,814, 1492675817814105805, 0.005, 0.089, -0.049, -0.605, -0.012, -0.037
2017-04-20 10:10:17,815, 1492675817815195620, 0.001, 0.086, -0.055, -0.578, -0.076, -0.033
2017-04-20 10:10:17,817, 1492675817817217255, 0.004, 0.074, -0.041, -0.52, -0.151, -0.029
2017-04-20 10:10:17,820, 1492675817820030989, -0.024, 0.061, -0.05, -0.435, -0.24, -0.029
2017-04-20 10:10:17,821, 1492675817821160582, -0.043, 0.06, -0.067, -0.344, -0.314, -0.041
2017-04-20 10:10:17,825, 1492675817825176531, -0.048, 0.033, -0.043, -0.14, -0.403, 0.0
2017-04-20 10:10:17,826, 1492675817826161926, -0.059, 0.017, -0.042, -0.073, -0.422, -0.013
2017-04-20 10:10:17,827, 1492675817827194146, -0.051, 0.023, -0.042, -0.02, -0.431, -0.024
2017-04-20 10:10:17,829, 1492675817829176037, -0.06, 0.009, -0.036, 0.08, -0.455, -0.024
2017-04-20 10:10:17,832, 1492675817832092792, -0.073, -0.01, -0.009, 0.162, -0.485, -0.024
2017-04-20 10:10:17,834, 1492675817834148629, -0.082, -0.017, -0.009, 0.238, -0.487, 0.012
2017-04-20 10:10:17,835, 1492675817835218074, -0.065, -0.031, -0.002, 0.279, -0.479, 0.012
2017-04-20 10:10:17,837, 1492675817837161158, -0.066, -0.032, 0.02, 0.315, -0.467, -0.016
2017-04-20 10:10:17,839, 1492675817839186803, -0.066, -0.053, 0.03, 0.339, -0.442, -0.005
2017-04-20 10:10:17,841, 1492675817841186313, -0.063, -0.041, 0.013, 0.354, -0.424, -0.005
2017-04-20 10:10:17,843, 1492675817843211164, -0.068, -0.04, 0.018, 0.361, -0.397, -0.008
2017-04-20 10:10:17,846, 1492675817846007503, -0.055, -0.044, 0.013, 0.353, -0.362, -0.005
2017-04-20 10:10:17,847, 1492675817847570624, -0.053, -0.033, 0.008, 0.338, -0.313, -0.004
2017-04-20 10:10:17,849, 1492675817849165213, -0.042, -0.021, 0.013, 0.291, -0.274, 0.003
2017-04-20 10:10:17,852, 1492675817852031943, -0.033, -0.029, 0.022, 0.237, -0.229, 0.012
2017-04-20 10:10:17,853, 1492675817853163246, -0.034, -0.001, -0.003, 0.164, -0.177, 0.0
2017-04-20 10:10:17,855, 1492675817855191253, -0.018, -0.007, 0.0, 0.071, -0.118, 0.008
2017-04-20 10:10:17,858, 1492675817858023295, -0.011, 0.027, -0.005, -0.028, -0.056, 0.008
2017-04-20 10:10:17,860, 1492675817860047253, 0.007, 0.018, -0.023, -0.132, 0.003, -0.008
2017-04-20 10:10:17,862, 1492675817862053494, 0.006, 0.036, -0.022, -0.233, 0.064, -0.024
2017-04-20 10:10:17,864, 1492675817864177978, 0.019, 0.044, -0.024, -0.322, 0.124, -0.013
2017-04-20 10:10:17,865, 1492675817865161174, 0.03, 0.06, -0.024, -0.386, 0.183, -0.016
2017-04-20 10:10:17,867, 1492675817867477953, 0.042, 0.056, -0.039, -0.442, 0.246, -0.021
2017-04-20 10:10:17,870, 1492675817869947212, 0.039, 0.065, -0.017, -0.47, 0.294, -0.008
2017-04-20 10:10:17,871, 1492675817871226908, 0.047, 0.06, -0.009, -0.477, 0.344, -0.013
2017-04-20 10:10:17,874, 1492675817873973851, 0.036, 0.069, -0.023, -0.465, 0.384, -0.008
2017-04-20 10:10:17,875, 1492675817875192280, 0.041, 0.058, -0.027, -0.432, 0.41, -0.005
2017-04-20 10:10:17,881, 1492675817880722990, 0.038, 0.059, 0.001, -0.387, 0.44, 0.008
2017-04-20 10:10:17,883, 1492675817883217748, 0.03, 0.021, -0.002, -0.193, 0.427, 0.028
2017-04-20 10:10:17,885, 1492675817885180441, 0.028, 0.009, 0.003, -0.088, 0.398, 0.025
2017-04-20 10:10:17,887, 1492675817887026389, 0.031, 0.005, 0.008, -0.011, 0.377, 0.012
2017-04-20 10:10:17,888, 1492675817888161919, 0.024, 0.001, 0.005, 0.085, 0.331, 0.033
2017-04-20 10:10:17,890, 1492675817890191834, 0.019, -0.002, 0.003, 0.166, 0.275, 0.028
2017-04-20 10:10:17,892, 1492675817892168957, 0.018, -0.022, -0.019, 0.254, 0.209, 0.024
2017-04-20 10:10:17,894, 1492675817894211414, 0.008, -0.029, -0.035, 0.324, 0.133, 0.02
2017-04-20 10:10:17,896, 1492675817896179536, 0.003, -0.028, -0.027, 0.37, 0.055, 0.041
2017-04-20 10:10:17,898, 1492675817898187487, -0.004, -0.029, -0.036, 0.388, -0.011, 0.028
2017-04-20 10:10:17,900, 1492675817900120448, -0.006, -0.029, -0.04, 0.376, -0.088, 0.0
2017-04-20 10:10:17,902, 1492675817902522331, -0.011, -0.031, -0.03, 0.331, -0.155, 0.017
2017-04-20 10:10:17,904, 1492675817904173656, -0.015, -0.032, -0.019, 0.263, -0.223, -0.005
2017-04-20 10:10:17,906, 1492675817906205330, -0.029, -0.012, -0.022, 0.174, -0.275, -0.012
2017-04-20 10:10:17,913, 1492675817913457182, -0.037, 0.001, 0.005, 0.045, -0.331, -0.021
2017-04-20 10:10:17,916, 1492675817916309399, -0.05, 0.038, 0.026, -0.237, -0.407, -0.028
2017-04-20 10:10:17,919, 1492675817919179336, -0.064, 0.037, 0.03, -0.293, -0.41, -0.016
2017-04-20 10:10:17,921, 1492675817921093042, -0.066, 0.062, 0.024, -0.299, -0.409, -0.013
2017-04-20 10:10:17,922, 1492675817922193085, -0.066, 0.053, 0.02, -0.3, -0.403, -0.016
2017-04-20 10:10:17,924, 1492675817924184870, -0.063, 0.048, 0.01, -0.296, -0.387, -0.024
2017-04-20 10:10:17,925, 1492675817925178829, -0.047, 0.059, 0.002, -0.276, -0.37, -0.008
2017-04-20 10:10:17,927, 1492675817927254903, -0.04, 0.051, -0.018, -0.254, -0.343, -0.013
2017-04-20 10:10:17,929, 1492675817929178917, -0.036, 0.033, -0.012, -0.217, -0.304, -0.012
2017-04-20 10:10:17,932, 1492675817932298340, -0.032, 0.047, -0.052, -0.176, -0.259, -0.005
2017-04-20 10:10:17,934, 1492675817934152741, -0.011, 0.041, -0.1, -0.136, -0.182, -0.008
2017-04-20 10:10:17,936, 1492675817936210585, 0.01, 0.035, -0.123, -0.11, -0.12, -0.005
2017-04-20 10:10:17,939, 1492675817939309189, 0.032, 0.038, -0.182, -0.089, 0.021, 0.004
2017-04-20 10:10:17,941, 1492675817941214978, 0.049, 0.053, -0.222, -0.085, 0.107, -0.005
2017-04-20 10:10:17,943, 1492675817942998212, 0.048, 0.049, -0.252, -0.093, 0.171, 0.0
2017-04-20 10:10:17,944, 1492675817944234739, 0.062, 0.045, -0.279, -0.107, 0.253, 0.02
2017-04-20 10:10:17,946, 1492675817946032321, 0.077, 0.051, -0.286, -0.122, 0.311, 0.02
2017-04-20 10:10:17,950, 1492675817950004076, 0.091, 0.055, -0.304, -0.153, 0.402, 0.012
2017-04-20 10:10:17,955, 1492675817955707637, 0.128, 0.084, -0.398, -0.353, 0.655, 0.017
2017-04-20 10:10:17,957, 1492675817957212236, 0.117, 0.083, -0.416, -0.389, 0.689, 0.028
2017-04-20 10:10:17,962, 1492675817962157800, 0.147, 0.099, -0.441, -0.383, 0.738, 0.02
2017-04-20 10:10:17,964, 1492675817963995806, 0.16, 0.096, -0.46, -0.373, 0.731, 0.008
2017-04-20 10:10:17,966, 1492675817966007750, 0.172, 0.093, -0.471, -0.386, 0.726, 0.033
2017-04-20 10:10:17,968, 1492675817968132193, 0.178, 0.114, -0.465, -0.404, 0.708, 0.02
2017-04-20 10:10:17,970, 1492675817970099609, 0.181, 0.111, -0.44, -0.459, 0.724, -0.004
2017-04-20 10:10:17,972, 1492675817972210280, 0.176, 0.118, -0.494, -0.527, 0.718, -0.013
2017-04-20 10:10:17,974, 1492675817974023098, 0.161, 0.116, -0.485, -0.577, 0.7, 0.02
2017-04-20 10:10:17,976, 1492675817976231109, 0.167, 0.116, -0.454, -0.614, 0.68, 0.025
2017-04-20 10:10:17,978, 1492675817978032312, 0.164, 0.124, -0.497, -0.618, 0.725, -0.005
2017-04-20 10:10:17,980, 1492675817980130868, 0.174, 0.121, -0.514, -0.591, 0.735, -0.021
2017-04-20 10:10:17,987, 1492675817987509389, 0.189, 0.142, -0.512, -0.565, 0.74, 0.0
2017-04-20 10:10:17,989, 1492675817989202492, 0.175, 0.128, -0.537, -0.501, 0.765, 0.06
2017-04-20 10:10:17,991, 1492675817991159526, 0.159, 0.106, -0.57, -0.444, 0.738, 0.033
2017-04-20 10:10:17,993, 1492675817993197069, 0.153, 0.098, -0.554, -0.384, 0.705, 0.041
2017-04-20 10:10:17,995, 1492675817995165602, 0.141, 0.097, -0.557, -0.309, 0.674, 0.049
2017-04-20 10:10:17,997, 1492675817997219085, 0.165, 0.085, -0.601, -0.239, 0.659, 0.017
2017-04-20 10:10:17,999, 1492675817999218914, 0.137, 0.079, -0.594, -0.165, 0.586, -0.029
2017-04-20 10:10:18,001, 1492675818001200508, 0.125, 0.072, -0.576, -0.072, 0.463, 0.049
2017-04-20 10:10:18,003, 1492675818003180096, 0.186, 0.089, -0.609, -0.044, 0.526, 0.012
2017-04-20 10:10:18,005, 1492675818005195912, 0.227, 0.098, -0.641, -0.064, 0.53, -0.057
2017-04-20 10:10:18,007, 1492675818007154646, 0.215, 0.124, -0.569, -0.18, 0.535, -0.005
2017-04-20 10:10:18,009, 1492675818009194108, 0.223, 0.115, -0.587, -0.381, 0.567, -0.008
2017-04-20 10:10:18,011, 1492675818011157589, 0.153, 0.097, -0.641, -0.538, 0.511, 0.0
2017-04-20 10:10:18,017, 1492675818016347974, 0.103, 0.113, -0.585, -0.708, 0.555, -0.053
2017-04-20 10:10:18,022, 1492675818022088921, 0.161, 0.142, -0.355, -0.704, 0.678, 0.024
2017-04-20 10:10:18,023, 1492675818023206813, 0.184, 0.16, -0.421, -0.646, 0.678, -0.013
2017-04-20 10:10:18,025, 1492675818025156151, 0.136, 0.143, -0.384, -0.696, 0.715, 0.0
2017-04-20 10:10:18,027, 1492675818027201950, 0.113, 0.108, -0.401, -0.692, 0.657, 0.012
2017-04-20 10:10:18,029, 1492675818029150791, 0.068, 0.065, -0.411, -0.639, 0.622, 0.057
2017-04-20 10:10:18,031, 1492675818031269545, 0.077, 0.075, -0.46, -0.484, 0.571, -0.024
2017-04-20 10:10:18,033, 1492675818033155527, 0.114, 0.091, -0.368, -0.299, 0.616, -0.049
2017-04-20 10:10:18,035, 1492675818035187298, 0.166, 0.07, -0.283, -0.172, 0.595, 0.004
2017-04-20 10:10:18,038, 1492675818037979611, 0.221, 0.072, -0.266, -0.095, 0.678, 0.02
2017-04-20 10:10:18,039, 1492675818039186983, 0.207, 0.045, -0.232, -0.115, 0.704, -0.013
2017-04-20 10:10:18,041, 1492675818041190769, 0.122, 0.021, -0.214, -0.092, 0.58, 0.036
2017-04-20 10:10:18,044, 1492675818044203343, 0.002, 0.006, -0.285, -0.044, 0.509, 0.024
2017-04-20 10:10:18,046, 1492675818045989165, -0.042, -0.004, -0.273, 0.065, 0.383, 0.008
2017-04-20 10:10:18,048, 1492675818048001847, -0.026, -0.013, -0.17, 0.186, 0.32, 0.0
2017-04-20 10:10:18,052, 1492675818052527421, 0.127, 0.011, -0.108, 0.278, 0.429, 0.089
2017-04-20 10:10:18,054, 1492675818054216932, 0.146, 0.044, -0.124, 0.196, 0.388, -0.005
2017-04-20 10:10:18,056, 1492675818056196748, -0.001, -0.009, -0.203, 0.099, 0.155, 0.057
2017-04-20 10:10:18,058, 1492675818058178608, -0.126, -0.024, -0.262, 0.071, -0.101, 0.033
2017-04-20 10:10:18,060, 1492675818060185219, -0.151, -0.025, -0.2, 0.053, -0.228, -0.053
2017-04-20 10:10:18,062, 1492675818062215909, 0.004, 0.027, -0.059, 0.032, -0.125, -0.053
2017-04-20 10:10:18,064, 1492675818064175898, 0.154, 0.051, -0.032, -0.02, -0.04, 0.003
2017-04-20 10:10:18,066, 1492675818066201984, 0.133, 0.028, -0.04, -0.184, -0.085, -0.061
2017-04-20 10:10:18,068, 1492675818068188985, -0.077, -0.031, -0.186, -0.208, -0.387, -0.045
2017-04-20 10:10:18,070, 1492675818070203208, -0.203, -0.023, -0.297, -0.093, -0.63, -0.013
2017-04-20 10:10:18,072, 1492675818072164231, -0.229, 0.019, -0.286, 0.096, -0.746, -0.008
2017-04-20 10:10:18,074, 1492675818074193639, -0.011, 0.068, -0.134, 0.217, -0.534, -0.005
2017-04-20 10:10:18,076, 1492675818076169635, 0.177, 0.079, -0.032, 0.142, -0.314, -0.005
2017-04-20 10:10:18,079, 1492675818079211161, 0.071, 0.01, -0.104, -0.14, -0.387, -0.005
2017-04-20 10:10:18,085, 1492675818084685165, -0.188, -0.029, -0.211, -0.197, -0.656, -0.069
2017-04-20 10:10:18,089, 1492675818089173478, 0.032, 0.094, 0.019, -0.105, -0.354, -0.037
2017-04-20 10:10:18,091, 1492675818090987815, 0.064, -0.013, 0.005, -0.316, -0.236, 0.016
2017-04-20 10:10:18,093, 1492675818093082780, -0.207, -0.053, -0.18, -0.11, -0.572, 0.028
2017-04-20 10:10:18,095, 1492675818095139685, -0.364, 0.001, -0.238, 0.208, -0.791, -0.077
2017-04-20 10:10:18,097, 1492675818097155230, -0.166, 0.086, -0.115, 0.322, -0.51, -0.049
2017-04-20 10:10:18,099, 1492675818099184647, 0.159, 0.069, 0.059, 0.239, -0.076, -0.041
2017-04-20 10:10:18,101, 1492675818101122406, 0.208, -0.039, 0.13, 0.042, 0.061, -0.005
2017-04-20 10:10:18,103, 1492675818103041671, -0.004, -0.1, 0.0, -0.004, -0.232, 0.024
2017-04-20 10:10:18,105, 1492675818105048913, -0.288, -0.073, -0.175, 0.22, -0.591, 0.024
2017-04-20 10:10:18,107, 1492675818107053513, -0.341, 0.028, -0.179, 0.408, -0.749, -0.021
2017-04-20 10:10:18,109, 1492675818109276029, 0.011, 0.079, -0.025, 0.326, -0.264, -0.016
2017-04-20 10:10:18,116, 1492675818114198213, 0.046, -0.076, -0.022, -0.053, -0.131, 0.008
2017-04-20 10:10:18,116, 1492675818116138057, -0.208, -0.062, -0.187, 0.128, -0.414, -0.005
2017-04-20 10:10:18,123, 1492675818118536455, -0.291, 0.053, -0.271, 0.361, -0.623, -0.008
2017-04-20 10:10:18,123, 1492675818120235870, 0.023, 0.105, 0.003, 0.199, -0.085, -0.053
2017-04-20 10:10:18,123, 1492675818122104996, 0.212, 0.007, 0.114, 0.014, 0.191, -0.045
2017-04-20 10:10:18,124, 1492675818124158978, 0.121, -0.133, 0.029, -0.181, 0.111, 0.0
2017-04-20 10:10:18,126, 1492675818126086704, -0.139, -0.108, -0.081, -0.081, -0.146, -0.024
2017-04-20 10:10:18,128, 1492675818128096403, -0.321, -0.01, -0.208, 0.293, -0.557, 0.008
2017-04-20 10:10:18,130, 1492675818130037192, -0.13, 0.113, -0.124, 0.409, -0.226, -0.049
2017-04-20 10:10:18,132, 1492675818132079527, 0.151, 0.063, 0.018, 0.269, 0.137, -0.081
2017-04-20 10:10:18,134, 1492675818134157285, 0.155, -0.14, 0.1, 0.073, 0.161, 0.033
2017-04-20 10:10:18,136, 1492675818136103443, -0.011, -0.171, -0.035, 0.1, -0.068, 0.093
2017-04-20 10:10:18,142, 1492675818142055852, 0.062, 0.092, 0.049, 0.567, -0.077, -0.135
2017-04-20 10:10:18,143, 1492675818143193262, 0.142, -0.103, 0.091, 0.3, 0.06, -0.057
2017-04-20 10:10:18,145, 1492675818145169260, -0.004, -0.237, 0.019, 0.249, -0.199, 0.0
2017-04-20 10:10:18,147, 1492675818147267580, -0.255, -0.161, -0.099, 0.479, -0.589, 0.012
2017-04-20 10:10:18,152, 1492675818152682896, -0.195, 0.031, -0.175, 0.775, -0.582, -0.081
2017-04-20 10:10:18,156, 1492675818156186920, -0.019, -0.209, -0.003, 0.169, -0.331, 0.117
2017-04-20 10:10:18,158, 1492675818158176595, -0.258, -0.126, -0.204, 0.308, -0.728, 0.138
2017-04-20 10:10:18,160, 1492675818160205382, -0.203, 0.13, -0.066, 0.379, -0.609, -0.005
2017-04-20 10:10:18,162, 1492675818162421073, 0.007, 0.208, 0.128, 0.186, -0.32, -0.179
2017-04-20 10:10:18,164, 1492675818164206225, 0.04, -0.014, 0.185, -0.296, -0.151, -0.073
2017-04-20 10:10:18,166, 1492675818166233954, -0.177, -0.221, 0.123, -0.551, -0.465, -0.024
2017-04-20 10:10:18,168, 1492675818168225167, -0.391, -0.131, 0.118, -0.418, -0.846, 0.044
2017-04-20 10:10:18,170, 1492675818170167060, -0.315, 0.122, 0.116, -0.17, -0.813, -0.024
2017-04-20 10:10:18,172, 1492675818172151799, -0.019, 0.225, 0.184, -0.098, -0.46, -0.138
2017-04-20 10:10:18,174, 1492675818174189783, 0.035, 0.023, 0.436, -0.329, -0.321, -0.053
2017-04-20 10:10:18,177, 1492675818176237301, -0.133, -0.176, 0.383, -0.38, -0.667, 0.057
2017-04-20 10:10:18,182, 1492675818182089641, -0.189, 0.109, 0.29, 0.65, -1.04, -0.195
2017-04-20 10:10:18,183, 1492675818183186094, 0.009, 0.013, 0.475, 0.604, -0.816, -0.097
2017-04-20 10:10:18,188, 1492675818188398529, -0.077, -0.282, 0.46, 0.498, -0.98, 0.089
2017-04-20 10:10:18,190, 1492675818190187866, -0.559, -0.184, 0.141, 1.288, -1.874, -0.008
2017-04-20 10:10:18,192, 1492675818192150877, -0.368, -0.054, 0.223, 1.676, -1.736, -0.045
2017-04-20 10:10:18,194, 1492675818194169583, -0.141, -0.173, 0.425, 1.609, -1.479, -0.126
2017-04-20 10:10:18,196, 1492675818196173536, -0.017, -0.321, 0.608, 1.419, -1.304, 0.098
2017-04-20 10:10:18,198, 1492675818198378893, -0.257, -0.391, 0.43, 1.416, -1.643, 0.065
2017-04-20 10:10:18,200, 1492675818200178954, -0.563, -0.265, 0.184, 1.552, -2.096, 0.101
2017-04-20 10:10:18,202, 1492675818202198745, -0.629, -0.143, 0.176, 1.672, -2.261, 0.036
2017-04-20 10:10:18,204, 1492675818204152381, -0.411, -0.174, 0.415, 1.618, -2.079, 0.012
2017-04-20 10:10:18,206, 1492675818206208418, -0.186, -0.287, 0.599, 1.301, -1.77, -0.041
2017-04-20 10:10:18,208, 1492675818208167361, -0.102, -0.313, 0.631, 1.082, -1.662, 0.073
2017-04-20 10:10:18,210, 1492675818210164028, -0.332, -0.202, 0.481, 0.94, -1.925, 0.0
2017-04-20 10:10:18,212, 1492675818212140486, -0.616, -0.12, 0.332, 0.862, -2.26, -0.146
2017-04-20 10:10:18,214, 1492675818214175713, -0.663, -0.168, 0.253, 0.799, -2.363, -0.069
2017-04-20 10:10:18,216, 1492675818216170202, -0.481, -0.254, 0.392, 0.747, -2.167, -0.004
2017-04-20 10:10:18,218, 1492675818218204742, -0.276, -0.235, 0.637, 0.811, -2.095, -0.029
2017-04-20 10:10:18,225, 1492675818224786165, -0.21, -0.144, 0.63, 0.938, -2.044, -0.073
2017-04-20 10:10:18,226, 1492675818226181447, -0.505, -0.19, 0.378, 0.734, -2.363, -0.008
2017-04-20 10:10:18,228, 1492675818228525996, -0.421, -0.191, 0.369, 0.614, -2.318, -0.045
2017-04-20 10:10:18,230, 1492675818230180887, -0.314, -0.149, 0.444, 0.553, -2.104, -0.065
2017-04-20 10:10:18,232, 1492675818232160481, -0.34, -0.093, 0.505, 0.574, -2.189, -0.081
2017-04-20 10:10:18,234, 1492675818234593095, -0.485, -0.128, 0.391, 0.548, -2.371, -0.064
2017-04-20 10:10:18,236, 1492675818236181376, -0.573, -0.216, 0.313, 0.586, -2.451, -0.008
2017-04-20 10:10:18,238, 1492675818238188882, -0.438, -0.178, 0.411, 0.657, -2.298, 0.081
2017-04-20 10:10:18,240, 1492675818240160740, -0.313, -0.109, 0.507, 0.762, -2.111, -0.094
2017-04-20 10:10:18,242, 1492675818242216023, -0.298, -0.141, 0.464, 0.868, -2.047, -0.154
2017-04-20 10:10:18,244, 1492675818244173558, -0.421, -0.207, 0.4, 0.961, -2.17, -0.097
2017-04-20 10:10:18,246, 1492675818246178342, -0.482, -0.224, 0.366, 1.05, -2.252, -0.013
2017-04-20 10:10:18,248, 1492675818248229594, -0.448, -0.213, 0.347, 1.116, -2.113, -0.086
2017-04-20 10:10:18,250, 1492675818250224449, -0.372, -0.208, 0.323, 1.251, -1.993, 0.016
2017-04-20 10:10:18,253, 1492675818253353973, -0.285, -0.227, 0.374, 1.367, -1.823, 0.073
2017-04-20 10:10:18,255, 1492675818255198728, -0.339, -0.247, 0.285, 1.473, -1.875, 0.073
2017-04-20 10:10:18,257, 1492675818256996911, -0.338, -0.26, 0.199, 1.563, -1.855, 0.017
2017-04-20 10:10:18,258, 1492675818258174742, -0.341, -0.261, 0.155, 1.653, -1.785, 0.028
2017-04-20 10:10:18,260, 1492675818260163853, -0.317, -0.244, 0.211, 1.676, -1.711, 0.02
2017-04-20 10:10:18,266, 1492675818266093727, -0.289, -0.261, 0.132, 1.504, -1.519, 0.036
2017-04-20 10:10:18,267, 1492675818267603639, -0.322, -0.247, 0.095, 1.396, -1.488, 0.016
2017-04-20 10:10:18,269, 1492675818269196606, -0.312, -0.198, 0.137, 1.307, -1.417, 0.0
2017-04-20 10:10:18,272, 1492675818272000537, -0.253, -0.179, 0.092, 1.187, -1.328, 0.016
2017-04-20 10:10:18,273, 1492675818273196544, -0.211, -0.179, 0.081, 1.028, -1.172, -0.016
2017-04-20 10:10:18,275, 1492675818275195749, -0.21, -0.175, 0.128, 0.872, -1.154, -0.008
2017-04-20 10:10:18,277, 1492675818277210099, -0.215, -0.121, 0.167, 0.722, -1.137, -0.005
2017-04-20 10:10:18,279, 1492675818279159168, -0.216, -0.093, 0.07, 0.57, -1.048, -0.021
2017-04-20 10:10:18,281, 1492675818281182611, -0.213, -0.094, 0.037, 0.405, -0.989, -0.013
2017-04-20 10:10:18,284, 1492675818283981616, -0.196, -0.096, 0.095, 0.263, -0.949, -0.005
2017-04-20 10:10:18,288, 1492675818288096500, -0.158, -0.068, 0.135, 0.192, -0.846, 0.02
2017-04-20 10:10:18,289, 1492675818289182314, -0.133, -0.005, 0.066, 0.117, -0.728, -0.086
2017-04-20 10:10:18,291, 1492675818291199945, -0.168, -0.02, 0.089, 0.101, -0.745, -0.061
2017-04-20 10:10:18,294, 1492675818294163435, -0.162, -0.025, 0.092, 0.057, -0.716, -0.029
2017-04-20 10:10:18,296, 1492675818296202117, -0.134, -0.016, 0.051, 0.048, -0.646, -0.057
2017-04-20 10:10:18,298, 1492675818297973655, -0.125, -0.011, 0.035, 0.063, -0.587, -0.032
2017-04-20 10:10:18,299, 1492675818299214110, -0.137, -0.017, 0.044, 0.082, -0.582, 0.016
2017-04-20 10:10:18,301, 1492675818301149461, -0.152, -0.024, 0.065, 0.107, -0.583, -0.016
2017-04-20 10:10:18,310, 1492675818310073093, -0.13, -0.063, 0.033, 0.385, -0.587, -0.037
2017-04-20 10:10:18,311, 1492675818311240941, -0.13, -0.073, -0.011, 0.444, -0.6, -0.008
2017-04-20 10:10:18,313, 1492675818313305751, -0.129, -0.078, -0.041, 0.502, -0.634, 0.02
2017-04-20 10:10:18,315, 1492675818315166472, -0.131, -0.09, -0.006, 0.568, -0.668, 0.008
2017-04-20 10:10:18,317, 1492675818317412907, -0.139, -0.11, -0.017, 0.624, -0.719, 0.033
2017-04-20 10:10:18,319, 1492675818319162287, -0.139, -0.111, -0.074, 0.576, -0.739, 0.231
2017-04-20 10:10:18,321, 1492675818321183738, -0.147, -0.089, -0.077, 0.553, -0.797, 0.414
2017-04-20 10:10:18,323, 1492675818323174278, -0.158, -0.132, -0.024, 0.566, -0.786, 0.353
2017-04-20 10:10:18,328, 1492675818328456734, -0.156, -0.09, -0.02, 0.5, -0.763, 0.292
2017-04-20 10:10:18,330, 1492675818330175202, -0.17, -0.079, -0.062, 0.455, -0.668, 0.296
2017-04-20 10:10:18,332, 1492675818332492770, -0.18, -0.078, -0.038, 0.447, -0.631, 0.207
2017-04-20 10:10:18,334, 1492675818334169309, -0.16, -0.069, -0.023, 0.455, -0.582, 0.198
2017-04-20 10:10:18,336, 1492675818336195959, -0.137, -0.055, -0.041, 0.459, -0.523, 0.117
2017-04-20 10:10:18,338, 1492675818338162154, -0.152, -0.07, -0.047, 0.465, -0.519, 0.036
2017-04-20 10:10:18,340, 1492675818340188222, -0.136, -0.064, -0.031, 0.456, -0.518, 0.016
2017-04-20 10:10:18,342, 1492675818342649703, -0.127, -0.057, -0.038, 0.394, -0.506, 0.085
2017-04-20 10:10:18,344, 1492675818344193623, -0.112, -0.038, -0.063, 0.342, -0.52, 0.093
2017-04-20 10:10:18,346, 1492675818346169058, -0.11, -0.05, -0.06, 0.295, -0.523, 0.077
2017-04-20 10:10:18,348, 1492675818348218705, -0.102, -0.043, -0.048, 0.217, -0.545, 0.097
2017-04-20 10:10:18,350, 1492675818350142003, -0.121, -0.04, -0.057, 0.177, -0.557, 0.125
2017-04-20 10:10:18,352, 1492675818352166506, -0.113, -0.025, -0.041, 0.148, -0.557, 0.126
2017-04-20 10:10:18,354, 1492675818354182272, -0.117, -0.02, -0.048, 0.127, -0.562, 0.081
2017-04-20 10:10:18,356, 1492675818356215691, -0.111, -0.026, -0.09, 0.136, -0.538, 0.085
2017-04-20 10:10:18,365, 1492675818363144913, -0.154, -0.002, -0.091, 0.067, -0.478, 0.089
2017-04-20 10:10:18,365, 1492675818365195802, -0.152, -0.014, -0.093, 0.056, -0.479, 0.069
2017-04-20 10:10:18,367, 1492675818367184013, -0.136, -0.001, 0.029, 0.011, -0.49, 0.052
2017-04-20 10:10:18,369, 1492675818369067206, -0.136, 0.001, -0.007, -0.021, -0.482, 0.065
2017-04-20 10:10:18,371, 1492675818371079915, -0.132, -0.035, -0.129, -0.035, -0.494, 0.154
2017-04-20 10:10:18,373, 1492675818373089220, -0.151, -0.043, -0.067, -0.015, -0.585, 0.215
2017-04-20 10:10:18,375, 1492675818375276786, -0.144, -0.033, 0.007, 0.016, -0.601, 0.235
2017-04-20 10:10:18,377, 1492675818377226379, -0.105, -0.043, -0.12, 0.057, -0.55, 0.247
2017-04-20 10:10:18,379, 1492675818379186003, -0.102, -0.058, -0.15, 0.094, -0.555, 0.236
2017-04-20 10:10:18,381, 1492675818381001874, -0.134, -0.072, -0.043, 0.146, -0.587, 0.236
2017-04-20 10:10:18,383, 1492675818383022421, -0.143, -0.057, -0.023, 0.209, -0.583, 0.195
2017-04-20 10:10:18,385, 1492675818385022595, -0.111, -0.05, -0.157, 0.289, -0.522, 0.097
2017-04-20 10:10:18,387, 1492675818387000201, -0.105, -0.063, -0.139, 0.356, -0.479, 0.065
2017-04-20 10:10:18,391, 1492675818390393707, -0.116, -0.07, -0.004, 0.399, -0.479, 0.06
2017-04-20 10:10:18,397, 1492675818393620012, -0.097, -0.064, -0.13, 0.431, -0.429, 0.081
2017-04-20 10:10:18,398, 1492675818397907682, -0.109, -0.061, 0.017, 0.345, -0.426, 0.122
2017-04-20 10:10:18,402, 1492675818402070893, -0.109, -0.057, -0.039, 0.289, -0.415, 0.179
2017-04-20 10:10:18,403, 1492675818403199440, -0.121, -0.041, 0.001, 0.278, -0.443, 0.162
2017-04-20 10:10:18,405, 1492675818405153508, -0.099, -0.041, -0.056, 0.305, -0.414, 0.154
2017-04-20 10:10:18,407, 1492675818407219248, -0.101, -0.043, -0.083, 0.332, -0.37, 0.179
2017-04-20 10:10:18,410, 1492675818409965720, -0.105, -0.041, -0.005, 0.369, -0.384, 0.138
2017-04-20 10:10:18,411, 1492675818411238066, -0.124, -0.051, -0.008, 0.414, -0.403, 0.065
2017-04-20 10:10:18,413, 1492675818413165905, -0.115, -0.048, -0.095, 0.436, -0.401, 0.003
2017-04-20 10:10:18,415, 1492675818415175522, -0.107, -0.049, -0.068, 0.427, -0.406, 0.028
2017-04-20 10:10:18,417, 1492675818417167915, -0.111, -0.059, -0.009, 0.383, -0.455, 0.11
2017-04-20 10:10:18,419, 1492675818419200075, -0.114, -0.069, -0.066, 0.354, -0.491, 0.146
2017-04-20 10:10:18,421, 1492675818421155756, -0.116, -0.074, -0.103, 0.337, -0.52, 0.155
2017-04-20 10:10:18,424, 1492675818424263876, -0.114, -0.055, -0.08, 0.32, -0.58, 0.199
2017-04-20 10:10:18,426, 1492675818426346129, -0.112, -0.053, -0.095, 0.316, -0.609, 0.239
2017-04-20 10:10:18,428, 1492675818428220425, -0.122, -0.07, -0.122, 0.319, -0.622, 0.263
2017-04-20 10:10:18,430, 1492675818430070624, -0.117, -0.07, -0.091, 0.309, -0.613, 0.252
2017-04-20 10:10:18,431, 1492675818431181276, -0.132, -0.062, -0.082, 0.294, -0.614, 0.239
2017-04-20 10:10:18,434, 1492675818433961327, -0.135, -0.049, -0.096, 0.269, -0.607, 0.243
2017-04-20 10:10:18,435, 1492675818435179236, -0.134, -0.052, -0.105, 0.219, -0.575, 0.223
2017-04-20 10:10:18,437, 1492675818437178142, -0.135, -0.05, -0.076, 0.151, -0.536, 0.187
2017-04-20 10:10:18,440, 1492675818440100625, -0.122, -0.028, -0.079, 0.085, -0.493, 0.134
2017-04-20 10:10:18,441, 1492675818441161228, -0.115, -0.017, -0.082, 0.041, -0.461, 0.114
2017-04-20 10:10:18,444, 1492675818444014742, -0.115, -0.021, -0.062, 0.0, -0.436, 0.065
2017-04-20 10:10:18,445, 1492675818445159784, -0.12, -0.009, -0.047, -0.013, -0.414, 0.003
2017-04-20 10:10:18,447, 1492675818447502509, -0.101, -0.01, -0.06, -0.015, -0.386, -0.02
2017-04-20 10:10:18,449, 1492675818449158237, -0.079, -0.006, -0.056, -0.024, -0.37, 0.004
2017-04-20 10:10:18,453, 1492675818452176634, -0.077, 0.002, -0.028, -0.023, -0.381, 0.061
2017-04-20 10:10:18,454, 1492675818454177476, -0.098, -0.013, -0.066, -0.024, -0.405, 0.093
2017-04-20 10:10:18,456, 1492675818456078585, -0.106, -0.013, -0.085, -0.019, -0.416, 0.138
2017-04-20 10:10:18,457, 1492675818457157693, -0.109, -0.02, -0.067, -0.029, -0.423, 0.146
2017-04-20 10:10:18,459, 1492675818459326235, -0.107, -0.011, -0.061, -0.043, -0.44, 0.171
2017-04-20 10:10:18,464, 1492675818464478016, -0.102, -0.014, -0.081, -0.061, -0.446, 0.141
2017-04-20 10:10:18,466, 1492675818466161686, -0.11, -0.003, -0.071, -0.095, -0.467, 0.097
2017-04-20 10:10:18,468, 1492675818468145599, -0.12, -0.012, -0.087, -0.075, -0.475, 0.105
2017-04-20 10:10:18,470, 1492675818470201242, -0.116, -0.011, -0.088, -0.055, -0.475, 0.126
2017-04-20 10:10:18,472, 1492675818472164272, -0.122, -0.015, -0.082, -0.031, -0.495, 0.117
2017-04-20 10:10:18,474, 1492675818474191827, -0.109, -0.011, -0.089, -0.009, -0.514, 0.13
2017-04-20 10:10:18,476, 1492675818476154702, -0.115, -0.008, -0.097, 0.011, -0.518, 0.125
2017-04-20 10:10:18,478, 1492675818478196588, -0.125, -0.031, -0.086, 0.03, -0.525, 0.117
2017-04-20 10:10:18,480, 1492675818480136328, -0.109, -0.033, -0.08, 0.054, -0.53, 0.117
2017-04-20 10:10:18,484, 1492675818484024911, -0.127, -0.037, -0.081, 0.086, -0.536, 0.105
2017-04-20 10:10:18,485, 1492675818485181572, -0.113, -0.043, -0.076, 0.151, -0.534, 0.09
2017-04-20 10:10:18,486, 1492675818486193281, -0.133, -0.054, -0.082, 0.167, -0.532, 0.097
2017-04-20 10:10:18,488, 1492675818488166359, -0.123, -0.055, -0.079, 0.191, -0.538, 0.105
2017-04-20 10:10:18,490, 1492675818490192074, -0.13, -0.062, -0.089, 0.227, -0.539, 0.101
2017-04-20 10:10:18,492, 1492675818492171989, -0.137, -0.072, -0.069, 0.261, -0.557, 0.125
2017-04-20 10:10:18,498, 1492675818497920445, -0.174, -0.078, -0.093, 0.301, -0.584, 0.125
2017-04-20 10:10:18,499, 1492675818499283954, -0.208, -0.118, -0.125, 0.496, -0.705, 0.171
2017-04-20 10:10:18,501, 1492675818501213124, -0.21, -0.12, -0.134, 0.592, -0.734, 0.182
2017-04-20 10:10:18,503, 1492675818503168695, -0.207, -0.128, -0.149, 0.673, -0.769, 0.199
2017-04-20 10:10:18,505, 1492675818505208353, -0.244, -0.157, -0.175, 0.737, -0.868, 0.227
2017-04-20 10:10:18,507, 1492675818507156347, -0.283, -0.173, -0.188, 0.795, -0.967, 0.296
2017-04-20 10:10:18,509, 1492675818509193600, -0.304, -0.188, -0.207, 0.872, -1.065, 0.325
2017-04-20 10:10:18,511, 1492675818511436623, -0.306, -0.175, -0.232, 0.967, -1.134, 0.369
2017-04-20 10:10:18,513, 1492675818513188190, -0.296, -0.172, -0.237, 1.04, -1.179, 0.385
2017-04-20 10:10:18,515, 1492675818515268933, -0.294, -0.194, -0.261, 1.091, -1.249, 0.39
2017-04-20 10:10:18,517, 1492675818517502732, -0.308, -0.206, -0.277, 1.112, -1.324, 0.377
2017-04-20 10:10:18,519, 1492675818519172154, -0.323, -0.207, -0.287, 1.108, -1.362, 0.357
2017-04-20 10:10:18,521, 1492675818521182392, -0.321, -0.191, -0.303, 1.081, -1.395, 0.26
2017-04-20 10:10:18,523, 1492675818523168608, -0.299, -0.187, -0.296, 1.016, -1.364, 0.198
2017-04-20 10:10:18,525, 1492675818525180717, -0.281, -0.17, -0.286, 0.932, -1.35, 0.125
2017-04-20 10:10:18,527, 1492675818527348647, -0.297, -0.168, -0.282, 0.83, -1.375, 0.081
2017-04-20 10:10:18,534, 1492675818534571781, -0.268, -0.132, -0.304, 0.607, -1.286, -0.033
2017-04-20 10:10:18,536, 1492675818536156877, -0.318, -0.152, -0.266, 0.515, -1.272, -0.078
2017-04-20 10:10:18,538, 1492675818538193240, -0.318, -0.15, -0.288, 0.486, -1.255, 0.0
2017-04-20 10:10:18,540, 1492675818540170435, -0.307, -0.147, -0.303, 0.48, -1.229, 0.057
2017-04-20 10:10:18,542, 1492675818542197256, -0.328, -0.14, -0.277, 0.542, -1.258, 0.117
2017-04-20 10:10:18,544, 1492675818544157101, -0.316, -0.142, -0.249, 0.572, -1.2, 0.174
2017-04-20 10:10:18,546, 1492675818546191937, -0.358, -0.17, -0.33, 0.664, -1.292, 0.207
2017-04-20 10:10:18,548, 1492675818548143547, -0.374, -0.188, -0.38, 0.743, -1.322, 0.271
2017-04-20 10:10:18,550, 1492675818550254842, -0.37, -0.175, -0.301, 0.824, -1.311, 0.365
2017-04-20 10:10:18,552, 1492675818552158915, -0.362, -0.172, -0.336, 0.909, -1.373, 0.431
2017-04-20 10:10:18,554, 1492675818554193874, -0.332, -0.198, -0.412, 0.979, -1.299, 0.414
2017-04-20 10:10:18,556, 1492675818556158097, -0.385, -0.217, -0.402, 1.09, -1.411, 0.431
2017-04-20 10:10:18,558, 1492675818558169949, -0.356, -0.167, -0.293, 1.163, -1.408, 0.418
2017-04-20 10:10:18,561, 1492675818560264799, -0.299, -0.151, -0.392, 1.171, -1.27, 0.345
2017-04-20 10:10:18,566, 1492675818566132979, -0.343, -0.16, -0.297, 0.802, -1.066, 0.467
2017-04-20 10:10:18,567, 1492675818567143749, -0.315, -0.143, -0.509, 0.804, -1.009, 0.288
2017-04-20 10:10:18,570, 1492675818570007599, -0.349, -0.146, -0.454, 0.669, -0.919, 0.212
2017-04-20 10:10:18,572, 1492675818571983861, -0.405, -0.167, -0.284, 0.614, -1.01, 0.45
2017-04-20 10:10:18,574, 1492675818573982335, -0.393, -0.181, -0.353, 0.711, -1.042, 0.556
2017-04-20 10:10:18,576, 1492675818575960125, -0.345, -0.136, -0.418, 0.845, -0.955, 0.438
2017-04-20 10:10:18,578, 1492675818578012310, -0.267, -0.095, -0.37, 0.999, -0.948, 0.373
2017-04-20 10:10:18,580, 1492675818579963432, -0.187, -0.051, -0.253, 1.03, -0.873, 0.536
2017-04-20 10:10:18,582, 1492675818581995214, -0.182, -0.054, -0.346, 0.89, -0.917, 0.653
2017-04-20 10:10:18,584, 1492675818584152823, -0.217, -0.094, -0.45, 0.842, -0.859, 0.458
2017-04-20 10:10:18,585, 1492675818585183461, -0.248, -0.091, -0.446, 0.843, -0.849, 0.417
2017-04-20 10:10:18,588, 1492675818588001150, -0.263, -0.06, -0.356, 0.966, -0.898, 0.462
2017-04-20 10:10:18,590, 1492675818590009559, -0.254, -0.12, -0.454, 1.085, -0.824, 0.422
2017-04-20 10:10:18,592, 1492675818592024257, -0.148, -0.149, -0.447, 1.2, -0.742, 0.474
2017-04-20 10:10:18,594, 1492675818594174178, 0.007, -0.063, -0.154, 1.197, -0.408, 0.438
2017-04-20 10:10:18,596, 1492675818596011452, -0.007, -0.048, -0.143, 1.141, -0.303, 0.357
2017-04-20 10:10:18,602, 1492675818602175814, -0.227, -0.048, -0.172, 0.87, -0.397, 0.296
2017-04-20 10:10:18,604, 1492675818603988975, -0.128, -0.038, -0.264, 0.945, -0.268, 0.296
2017-04-20 10:10:18,606, 1492675818606077566, 0.071, -0.038, -0.408, 1.008, -0.011, 0.377
2017-04-20 10:10:18,608, 1492675818608014837, 0.096, -0.023, -0.134, 0.996, 0.024, 0.454
2017-04-20 10:10:18,610, 1492675818610020131, 0.037, 0.008, -0.023, 0.914, 0.012, 0.417
2017-04-20 10:10:18,612, 1492675818612054702, -0.078, 0.024, -0.372, 0.866, -0.079, 0.341
2017-04-20 10:10:18,614, 1492675818614181025, -0.141, -0.003, -0.465, 0.865, -0.163, 0.336
2017-04-20 10:10:18,616, 1492675818616121044, -0.151, -0.015, -0.245, 0.926, -0.27, 0.417
2017-04-20 10:10:18,618, 1492675818618047491, 0.073, 0.066, -0.146, 1.038, -0.123, 0.386
2017-04-20 10:10:18,620, 1492675818619985339, 0.303, 0.066, -0.274, 0.881, 0.326, 0.406
2017-04-20 10:10:18,622, 1492675818622024326, 0.258, 0.07, -0.253, 0.599, 0.273, 0.482
2017-04-20 10:10:18,624, 1492675818624148575, 0.014, 0.086, -0.145, 0.443, 0.062, 0.426
2017-04-20 10:10:18,626, 1492675818626041937, -0.116, 0.043, -0.375, 0.435, -0.009, 0.45
2017-04-20 10:10:18,628, 1492675818628172174, -0.061, 0.084, -0.512, 0.471, -0.02, 0.503
2017-04-20 10:10:18,633, 1492675818633236407, 0.378, 0.129, -0.162, 0.19, 0.753, 0.317
2017-04-20 10:10:18,635, 1492675818635013213, 0.289, 0.118, -0.219, 0.055, 0.791, 0.401
2017-04-20 10:10:18,637, 1492675818637140919, 0.015, 0.125, -0.206, -0.044, 0.43, 0.414
2017-04-20 10:10:18,639, 1492675818639081360, -0.078, 0.111, -0.271, -0.057, 0.365, 0.36
2017-04-20 10:10:18,641, 1492675818641119517, 0.073, 0.141, -0.43, -0.023, 0.476, 0.406
2017-04-20 10:10:18,643, 1492675818643209959, 0.38, 0.24, -0.186, -0.048, 0.762, 0.377
2017-04-20 10:10:18,648, 1492675818648183501, 0.341, 0.265, -0.228, -0.813, 1.04, 0.588
2017-04-20 10:10:18,650, 1492675818649988453, 0.11, 0.233, -0.256, -0.926, 0.785, 0.499
2017-04-20 10:10:18,652, 1492675818652052173, 0.056, 0.288, -0.082, -0.993, 0.698, 0.462
2017-04-20 10:10:18,654, 1492675818654000780, 0.208, 0.293, -0.192, -0.969, 0.848, 0.357
2017-04-20 10:10:18,656, 1492675818656042937, 0.442, 0.268, -0.244, -0.909, 1.13, 0.417
2017-04-20 10:10:18,658, 1492675818657967966, 0.532, 0.331, 0.103, -1.032, 1.296, 0.482
2017-04-20 10:10:18,660, 1492675818660066029, 0.442, 0.38, 0.096, -1.13, 1.194, 0.398
2017-04-20 10:10:18,662, 1492675818662035720, 0.31, 0.325, -0.273, -1.316, 1.245, 0.336
2017-04-20 10:10:18,664, 1492675818664203764, 0.221, 0.328, -0.168, -1.531, 1.149, 0.454
2017-04-20 10:10:18,666, 1492675818666023007, 0.228, 0.349, 0.048, -1.654, 1.108, 0.36
2017-04-20 10:10:18,668, 1492675818668048983, 0.316, 0.297, -0.127, -1.705, 1.3, 0.223
2017-04-20 10:10:18,670, 1492675818670172355, 0.303, 0.272, -0.239, -1.71, 1.247, 0.341
2017-04-20 10:10:18,672, 1492675818672049132, 0.303, 0.342, -0.013, -1.626, 1.201, 0.36
2017-04-20 10:10:18,674, 1492675818674163123, 0.357, 0.368, -0.119, -1.542, 1.349, 0.211
2017-04-20 10:10:18,676, 1492675818676067899, 0.422, 0.374, -0.302, -1.626, 1.502, 0.138
2017-04-20 10:10:18,678, 1492675818678125632, 0.412, 0.388, -0.146, -1.747, 1.49, 0.333
2017-04-20 10:10:18,680, 1492675818680041564, 0.423, 0.374, -0.067, -1.815, 1.543, 0.386
2017-04-20 10:10:18,682, 1492675818682053812, 0.409, 0.371, -0.265, -1.937, 1.634, 0.26
2017-04-20 10:10:18,684, 1492675818684069730, 0.36, 0.399, -0.301, -2.029, 1.587, 0.203
2017-04-20 10:10:18,686, 1492675818685996407, 0.373, 0.407, -0.169, -2.075, 1.619, 0.195
2017-04-20 10:10:18,688, 1492675818688050000, 0.402, 0.413, -0.195, -2.18, 1.726, 0.195
2017-04-20 10:10:18,690, 1492675818690000272, 0.407, 0.431, -0.279, -2.266, 1.689, 0.198
2017-04-20 10:10:18,692, 1492675818692067669, 0.42, 0.446, -0.097, -2.312, 1.767, 0.284
2017-04-20 10:10:18,700, 1492675818696577933, 0.442, 0.462, -0.202, -2.355, 1.869, 0.089
2017-04-20 10:10:18,701, 1492675818700191588, 0.434, 0.421, -0.054, -2.541, 1.962, 0.235
2017-04-20 10:10:18,702, 1492675818702009664, 0.47, 0.426, -0.156, -2.687, 2.087, 0.093
2017-04-20 10:10:18,703, 1492675818703204359, 0.446, 0.431, -0.186, -2.769, 2.093, 0.117
2017-04-20 10:10:18,705, 1492675818705011098, 0.425, 0.425, -0.108, -2.817, 2.114, 0.163
2017-04-20 10:10:18,706, 1492675818706185357, 0.416, 0.441, -0.087, -2.837, 2.132, 0.15
2017-04-20 10:10:18,708, 1492675818708155152, 0.401, 0.436, -0.193, -2.852, 2.173, 0.133
2017-04-20 10:10:18,710, 1492675818710194511, 0.401, 0.42, -0.24, -2.837, 2.229, 0.085
2017-04-20 10:10:18,712, 1492675818712162417, 0.397, 0.381, -0.157, -2.814, 2.278, 0.069
2017-04-20 10:10:18,714, 1492675818714164794, 0.381, 0.389, -0.198, -2.787, 2.272, 0.093
2017-04-20 10:10:18,716, 1492675818716155568, 0.35, 0.394, -0.242, -2.817, 2.304, 0.073
2017-04-20 10:10:18,718, 1492675818718206831, 0.324, 0.385, -0.222, -2.863, 2.301, 0.065
2017-04-20 10:10:18,720, 1492675818720157300, 0.316, 0.394, -0.236, -2.923, 2.307, 0.085
2017-04-20 10:10:18,722, 1492675818722224797, 0.309, 0.392, -0.243, -2.964, 2.322, 0.069
2017-04-20 10:10:18,728, 1492675818728164860, 0.321, 0.393, -0.277, -2.956, 2.279, 0.085
2017-04-20 10:10:18,729, 1492675818729177146, 0.308, 0.4, -0.271, -2.933, 2.245, 0.065
2017-04-20 10:10:18,732, 1492675818732014555, 0.316, 0.425, -0.288, -2.911, 2.216, 0.052
2017-04-20 10:10:18,734, 1492675818734226406, 0.35, 0.418, -0.26, -2.908, 2.202, 0.081
2017-04-20 10:10:18,736, 1492675818736158485, 0.337, 0.398, -0.235, -2.934, 2.184, 0.044
2017-04-20 10:10:18,738, 1492675818738119022, 0.318, 0.377, -0.257, -2.935, 2.115, 0.025
2017-04-20 10:10:18,740, 1492675818740066329, 0.289, 0.387, -0.273, -2.928, 2.07, 0.02
2017-04-20 10:10:18,742, 1492675818742016041, 0.286, 0.383, -0.251, -2.935, 2.053, 0.093
2017-04-20 10:10:18,744, 1492675818744168672, 0.304, 0.398, -0.235, -2.98, 2.083, 0.057
2017-04-20 10:10:18,746, 1492675818746009938, 0.305, 0.385, -0.225, -3.015, 2.091, 0.036
2017-04-20 10:10:18,748, 1492675818747992885, 0.293, 0.392, -0.183, -3.037, 2.1, 0.057
2017-04-20 10:10:18,750, 1492675818750001038, 0.283, 0.391, -0.204, -3.063, 2.105, 0.06
2017-04-20 10:10:18,752, 1492675818751977242, 0.276, 0.402, -0.213, -3.102, 2.077, 0.008
2017-04-20 10:10:18,754, 1492675818754159305, 0.252, 0.404, -0.192, -3.144, 2.041, 0.008
2017-04-20 10:10:18,756, 1492675818755980860, 0.247, 0.4, -0.191, -3.17, 2.005, 0.069
2017-04-20 10:10:18,758, 1492675818758126498, 0.235, 0.414, -0.197, -3.195, 1.969, 0.089
2017-04-20 10:10:18,760, 1492675818760125288, 0.253, 0.418, -0.168, -3.205, 1.947, 0.093
2017-04-20 10:10:18,762, 1492675818762104981, 0.252, 0.429, -0.167, -3.189, 1.925, 0.085
2017-04-20 10:10:18,764, 1492675818764145613, 0.239, 0.414, -0.184, -3.138, 1.887, 0.082
2017-04-20 10:10:18,767, 1492675818767187461, 0.235, 0.398, -0.142, -3.104, 1.869, 0.093
2017-04-20 10:10:18,769, 1492675818769174160, 0.245, 0.38, -0.156, -3.113, 1.858, 0.065
2017-04-20 10:10:18,770, 1492675818770178721, 0.23, 0.39, -0.164, -3.122, 1.845, 0.065
2017-04-20 10:10:18,772, 1492675818771964709, 0.228, 0.389, -0.163, -3.118, 1.828, 0.069
2017-04-20 10:10:18,774, 1492675818774042876, 0.201, 0.37, -0.139, -3.123, 1.796, 0.049
2017-04-20 10:10:18,776, 1492675818775984923, 0.192, 0.361, -0.151, -3.113, 1.772, 0.069
2017-04-20 10:10:18,778, 1492675818778024863, 0.187, 0.355, -0.166, -3.08, 1.747, 0.044
2017-04-20 10:10:18,780, 1492675818780016987, 0.168, 0.354, -0.164, -3.03, 1.719, 0.036
2017-04-20 10:10:18,782, 1492675818782019952, 0.167, 0.346, -0.159, -2.97, 1.713, 0.089
2017-04-20 10:10:18,789, 1492675818789069894, 0.16, 0.325, -0.15, -2.629, 1.713, 0.085
2017-04-20 10:10:18,791, 1492675818791057143, 0.164, 0.318, -0.159, -2.529, 1.697, 0.101
2017-04-20 10:10:18,793, 1492675818792971150, 0.166, 0.286, -0.149, -2.45, 1.663, 0.097
2017-04-20 10:10:18,795, 1492675818795881814, 0.169, 0.295, -0.156, -2.392, 1.627, 0.101
2017-04-20 10:10:18,801, 1492675818797175945, 0.17, 0.287, -0.161, -2.335, 1.591, 0.133
2017-04-20 10:10:18,803, 1492675818798991206, 0.17, 0.301, -0.145, -2.309, 1.574, 0.13
2017-04-20 10:10:18,803, 1492675818801012217, 0.176, 0.282, -0.126, -2.268, 1.552, 0.114
2017-04-20 10:10:18,808, 1492675818808068864, 0.192, 0.24, -0.162, -2.05, 1.563, 0.101
2017-04-20 10:10:18,809, 1492675818809160867, 0.204, 0.258, -0.05, -1.993, 1.582, 0.105
2017-04-20 10:10:18,812, 1492675818812009903, 0.198, 0.254, -0.059, -2.037, 1.595, 0.126
2017-04-20 10:10:18,814, 1492675818813983282, 0.172, 0.23, -0.127, -2.076, 1.553, 0.101
2017-04-20 10:10:18,816, 1492675818816030468, 0.146, 0.248, -0.026, -2.095, 1.498, 0.13
2017-04-20 10:10:18,818, 1492675818818003250, 0.161, 0.268, -0.013, -2.141, 1.493, 0.126
2017-04-20 10:10:18,820, 1492675818820010538, 0.184, 0.273, -0.115, -2.213, 1.516, 0.097
2017-04-20 10:10:18,822, 1492675818821984505, 0.147, 0.245, -0.042, -2.222, 1.456, 0.093
2017-04-20 10:10:18,824, 1492675818824173137, 0.118, 0.239, -0.002, -2.168, 1.373, 0.138
2017-04-20 10:10:18,826, 1492675818825947974, 0.128, 0.241, -0.108, -2.107, 1.391, 0.126
2017-04-20 10:10:18,828, 1492675818828009169, 0.151, 0.248, -0.107, -2.003, 1.401, 0.118
2017-04-20 10:10:18,830, 1492675818829996113, 0.136, 0.222, -0.028, -1.913, 1.376, 0.125
2017-04-20 10:10:18,832, 1492675818832127898, 0.123, 0.194, -0.101, -1.819, 1.361, 0.162
2017-04-20 10:10:18,834, 1492675818834155436, 0.14, 0.203, -0.14, -1.741, 1.385, 0.171
2017-04-20 10:10:18,836, 1492675818836006800, 0.146, 0.204, -0.087, -1.701, 1.383, 0.171
2017-04-20 10:10:18,843, 1492675818842889058, 0.154, 0.187, -0.138, -1.668, 1.356, 0.146
2017-04-20 10:10:18,844, 1492675818844190883, 0.165, 0.214, -0.163, -1.651, 1.317, 0.154
2017-04-20 10:10:18,846, 1492675818846166887, 0.145, 0.194, -0.138, -1.646, 1.27, 0.179
2017-04-20 10:10:18,848, 1492675818848184850, 0.151, 0.2, -0.111, -1.647, 1.261, 0.211
2017-04-20 10:10:18,850, 1492675818850157988, 0.161, 0.214, -0.15, -1.661, 1.264, 0.207
2017-04-20 10:10:18,852, 1492675818852167403, 0.146, 0.224, -0.126, -1.678, 1.252, 0.199
2017-04-20 10:10:18,854, 1492675818854150083, 0.135, 0.212, -0.099, -1.693, 1.241, 0.195
2017-04-20 10:10:18,856, 1492675818856192651, 0.143, 0.235, -0.097, -1.706, 1.23, 0.235
2017-04-20 10:10:18,858, 1492675818858147266, 0.152, 0.229, -0.093, -1.737, 1.225, 0.212
2017-04-20 10:10:18,860, 1492675818860220353, 0.127, 0.236, -0.061, -1.773, 1.178, 0.207
2017-04-20 10:10:18,863, 1492675818863580875, 0.122, 0.226, -0.062, -1.793, 1.143, 0.227
2017-04-20 10:10:18,865, 1492675818865194670, 0.132, 0.219, -0.068, -1.803, 1.124, 0.223
2017-04-20 10:10:18,866, 1492675818866174735, 0.127, 0.221, -0.055, -1.809, 1.117, 0.219
2017-04-20 10:10:18,871, 1492675818871296504, 0.121, 0.202, -0.07, -1.8, 1.118, 0.211
2017-04-20 10:10:18,873, 1492675818873369260, 0.127, 0.199, -0.065, -1.792, 1.112, 0.203
2017-04-20 10:10:18,875, 1492675818875216904, 0.131, 0.201, -0.074, -1.784, 1.121, 0.219
2017-04-20 10:10:18,877, 1492675818877224429, 0.128, 0.199, -0.088, -1.765, 1.111, 0.247
2017-04-20 10:10:18,880, 1492675818880178760, 0.129, 0.199, -0.103, -1.714, 1.108, 0.239
2017-04-20 10:10:18,882, 1492675818881949725, 0.123, 0.197, -0.1, -1.698, 1.122, 0.252
2017-04-20 10:10:18,883, 1492675818883162678, 0.127, 0.199, -0.108, -1.663, 1.122, 0.239
2017-04-20 10:10:18,885, 1492675818885222281, 0.121, 0.196, -0.102, -1.642, 1.118, 0.235
2017-04-20 10:10:18,890, 1492675818890102960, 0.126, 0.193, -0.145, -1.569, 1.124, 0.22
2017-04-20 10:10:18,891, 1492675818891225866, 0.134, 0.207, -0.123, -1.549, 1.127, 0.219
2017-04-20 10:10:18,894, 1492675818894195103, 0.137, 0.193, -0.109, -1.507, 1.14, 0.22
2017-04-20 10:10:18,896, 1492675818895988007, 0.142, 0.189, -0.116, -1.483, 1.149, 0.19
2017-04-20 10:10:18,898, 1492675818898000702, 0.15, 0.192, -0.112, -1.449, 1.159, 0.19
2017-04-20 10:10:18,899, 1492675818899141010, 0.14, 0.179, -0.107, -1.414, 1.162, 0.19
2017-04-20 10:10:18,902, 1492675818902043359, 0.135, 0.163, -0.098, -1.382, 1.167, 0.174
2017-04-20 10:10:18,905, 1492675818904264573, 0.146, 0.177, -0.099, -1.365, 1.175, 0.166
2017-04-20 10:10:18,906, 1492675818906524302, 0.146, 0.161, -0.087, -1.364, 1.181, 0.162
2017-04-20 10:10:18,908, 1492675818908168703, 0.14, 0.168, -0.074, -1.362, 1.188, 0.174
2017-04-20 10:10:18,910, 1492675818910015254, 0.139, 0.165, -0.067, -1.374, 1.194, 0.171
2017-04-20 10:10:18,911, 1492675818911173808, 0.147, 0.167, -0.059, -1.387, 1.184, 0.19
2017-04-20 10:10:18,914, 1492675818914052764, 0.137, 0.171, -0.064, -1.392, 1.187, 0.198
2017-04-20 10:10:18,916, 1492675818916041088, 0.137, 0.178, -0.067, -1.393, 1.181, 0.203
2017-04-20 10:10:18,918, 1492675818917990912, 0.137, 0.178, -0.067, -1.393, 1.181, 0.219
2017-04-20 10:10:18,919, 1492675818919165100, 0.141, 0.173, -0.067, -1.38, 1.187, 0.203
2017-04-20 10:10:18,923, 1492675818923289550, 0.135, 0.177, -0.072, -1.36, 1.18, 0.203
2017-04-20 10:10:18,925, 1492675818925102937, 0.143, 0.187, -0.071, -1.351, 1.179, 0.19
2017-04-20 10:10:18,926, 1492675818926201285, 0.149, 0.167, -0.065, -1.341, 1.161, 0.203
2017-04-20 10:10:18,928, 1492675818927980391, 0.138, 0.167, -0.072, -1.337, 1.149, 0.227
2017-04-20 10:10:18,930, 1492675818930003686, 0.143, 0.163, -0.075, -1.326, 1.122, 0.207
2017-04-20 10:10:18,932, 1492675818931990568, 0.135, 0.152, -0.074, -1.31, 1.105, 0.203
2017-04-20 10:10:18,934, 1492675818934020583, 0.141, 0.163, -0.08, -1.291, 1.083, 0.195
2017-04-20 10:10:18,936, 1492675818936323474, 0.139, 0.15, -0.087, -1.282, 1.069, 0.198
2017-04-20 10:10:18,940, 1492675818940477893, 0.138, 0.153, -0.094, -1.271, 1.056, 0.198
2017-04-20 10:10:18,942, 1492675818942164896, 0.118, 0.155, -0.094, -1.266, 1.057, 0.179
2017-04-20 10:10:18,944, 1492675818944184670, 0.124, 0.161, -0.084, -1.271, 1.055, 0.198
2017-04-20 10:10:18,946, 1492675818946159423, 0.124, 0.158, -0.1, -1.277, 1.058, 0.182
2017-04-20 10:10:18,948, 1492675818948197957, 0.122, 0.162, -0.095, -1.291, 1.077, 0.179
2017-04-20 10:10:18,951, 1492675818951097770, 0.123, 0.165, -0.074, -1.316, 1.085, 0.174
2017-04-20 10:10:18,954, 1492675818954080247, 0.109, 0.174, -0.1, -1.374, 1.088, 0.171
2017-04-20 10:10:18,956, 1492675818955979552, 0.11, 0.172, -0.078, -1.403, 1.086, 0.182
2017-04-20 10:10:18,957, 1492675818957201466, 0.111, 0.178, -0.071, -1.426, 1.091, 0.179
2017-04-20 10:10:18,959, 1492675818958998613, 0.123, 0.182, -0.096, -1.436, 1.102, 0.179
2017-04-20 10:10:18,960, 1492675818960159781, 0.122, 0.172, -0.099, -1.454, 1.103, 0.182
2017-04-20 10:10:18,962, 1492675818962503946, 0.131, 0.187, -0.075, -1.467, 1.095, 0.187
2017-04-20 10:10:18,964, 1492675818964192109, 0.122, 0.182, -0.08, -1.482, 1.103, 0.182
2017-04-20 10:10:18,966, 1492675818966139956, 0.135, 0.196, -0.083, -1.496, 1.112, 0.187
2017-04-20 10:10:18,968, 1492675818968167730, 0.14, 0.197, -0.091, -1.515, 1.126, 0.179
2017-04-20 10:10:18,970, 1492675818970139995, 0.135, 0.195, -0.054, -1.543, 1.117, 0.211
2017-04-20 10:10:18,972, 1492675818972221483, 0.131, 0.187, -0.061, -1.564, 1.105, 0.19
2017-04-20 10:10:18,975, 1492675818974641721, 0.126, 0.195, -0.086, -1.579, 1.103, 0.187
2017-04-20 10:10:18,976, 1492675818976190077, 0.118, 0.184, -0.066, -1.601, 1.081, 0.182
2017-04-20 10:10:18,978, 1492675818978147837, 0.106, 0.173, -0.061, -1.594, 1.065, 0.158
2017-04-20 10:10:18,980, 1492675818980636037, 0.092, 0.153, -0.098, -1.578, 1.044, 0.15
2017-04-20 10:10:18,983, 1492675818983181517, 0.043, 0.14, -0.07, -1.499, 0.997, 0.133
2017-04-20 10:10:18,985, 1492675818985007324, 0.039, 0.118, -0.076, -1.459, 0.98, 0.146
2017-04-20 10:10:18,986, 1492675818986196283, 0.029, 0.096, -0.108, -1.391, 0.952, 0.158
2017-04-20 10:10:18,988, 1492675818988235374, 0.018, 0.093, -0.103, -1.322, 0.941, 0.179
2017-04-20 10:10:18,990, 1492675818990138961, 0.012, 0.078, -0.111, -1.216, 0.904, 0.227
2017-04-20 10:10:18,992, 1492675818992170517, 0.003, 0.076, -0.189, -1.104, 0.873, 0.235
2017-04-20 10:10:18,994, 1492675818994173165, -0.008, 0.061, -0.209, -0.996, 0.859, 0.271
2017-04-20 10:10:18,996, 1492675818996180693, -0.029, 0.072, -0.229, -0.916, 0.798, 0.288
2017-04-20 10:10:18,998, 1492675818998138695, -0.029, 0.046, -0.246, -0.826, 0.763, 0.268
2017-04-20 10:10:19,000, 1492675819000219458, -0.039, 0.064, -0.297, -0.711, 0.737, 0.239
2017-04-20 10:10:19,008, 1492675819008445418, -0.019, 0.051, -0.3, -0.605, 0.717, 0.3
2017-04-20 10:10:19,011, 1492675819010787580, -0.074, 0.015, -0.395, -0.365, 0.593, 0.333
2017-04-20 10:10:19,012, 1492675819012569271, -0.061, 0.011, -0.377, -0.313, 0.596, 0.36
2017-04-20 10:10:19,014, 1492675819014218864, -0.069, 0.016, -0.386, -0.299, 0.592, 0.341
2017-04-20 10:10:19,016, 1492675819016149405, -0.045, 0.008, -0.382, -0.299, 0.612, 0.333
2017-04-20 10:10:19,018, 1492675819018182741, -0.047, 0.005, -0.385, -0.316, 0.641, 0.325
2017-04-20 10:10:19,020, 1492675819020112732, -0.072, 0.016, -0.406, -0.348, 0.632, 0.312
2017-04-20 10:10:19,022, 1492675819022165663, -0.111, -0.005, -0.391, -0.348, 0.58, 0.317
2017-04-20 10:10:19,024, 1492675819024161413, -0.081, -0.005, -0.371, -0.329, 0.565, 0.336
2017-04-20 10:10:19,026, 1492675819026191361, -0.03, 0.014, -0.365, -0.344, 0.646, 0.32
2017-04-20 10:10:19,028, 1492675819028095613, -0.046, 0.001, -0.362, -0.358, 0.577, 0.271
2017-04-20 10:10:19,030, 1492675819030155560, -0.052, 0.016, -0.347, -0.343, 0.513, 0.349
2017-04-20 10:10:19,032, 1492675819032153563, -0.014, 0.041, -0.432, -0.338, 0.575, 0.353
2017-04-20 10:10:19,034, 1492675819034193023, -0.007, 0.029, -0.462, -0.391, 0.561, 0.393
2017-04-20 10:10:19,036, 1492675819036145405, -0.019, 0.046, -0.339, -0.475, 0.55, 0.426
2017-04-20 10:10:19,038, 1492675819038194679, 0.006, 0.047, -0.409, -0.438, 0.589, 0.292
2017-04-20 10:10:19,040, 1492675819040160916, 0.031, 0.058, -0.511, -0.454, 0.643, 0.398
2017-04-20 10:10:19,046, 1492675819046405615, -0.072, 0.036, -0.598, -0.437, 0.539, 0.337
2017-04-20 10:10:19,048, 1492675819048187429, -0.082, 0.036, -0.614, -0.347, 0.503, 0.365
2017-04-20 10:10:19,050, 1492675819050202358, -0.046, 0.047, -0.56, -0.263, 0.49, 0.296
2017-04-20 10:10:19,052, 1492675819052170263, -0.062, 0.02, -0.681, -0.183, 0.416, 0.357
2017-04-20 10:10:19,054, 1492675819054176957, -0.058, 0.034, -0.639, -0.108, 0.365, 0.398
2017-04-20 10:10:19,056, 1492675819056163682, 0.039, 0.06, -0.596, -0.03, 0.45, 0.353
2017-04-20 10:10:19,058, 1492675819058174502, 0.095, 0.14, -0.653, -0.025, 0.496, 0.304
2017-04-20 10:10:19,060, 1492675819060139139, 0.106, 0.158, -0.642, -0.195, 0.61, 0.325
2017-04-20 10:10:19,062, 1492675819062171492, 0.146, 0.158, -0.63, -0.302, 0.614, 0.43
2017-04-20 10:10:19,064, 1492675819064170742, 0.199, 0.187, -0.604, -0.44, 0.733, 0.426
2017-04-20 10:10:19,066, 1492675819066184862, 0.208, 0.198, -0.634, -0.578, 0.794, 0.341
2017-04-20 10:10:19,068, 1492675819068213702, 0.198, 0.252, -0.602, -0.667, 0.763, 0.377
2017-04-20 10:10:19,070, 1492675819070179080, 0.177, 0.223, -0.575, -0.791, 0.812, 0.422
2017-04-20 10:10:19,072, 1492675819072135198, 0.247, 0.255, -0.544, -0.85, 0.865, 0.43
2017-04-20 10:10:19,078, 1492675819078213732, 0.461, 0.276, -0.517, -1.265, 1.333, 0.417
2017-04-20 10:10:19,080, 1492675819080003481, 0.399, 0.396, -0.297, -1.702, 1.173, 0.414
2017-04-20 10:10:19,082, 1492675819082108897, 0.401, 0.366, -0.454, -2.007, 1.281, 0.58
2017-04-20 10:10:19,084, 1492675819084104107, 0.359, 0.381, -0.706, -2.281, 1.142, 0.86
2017-04-20 10:10:19,086, 1492675819086079108, 0.19, 0.379, -0.308, -2.602, 0.852, 1.173
2017-04-20 10:10:19,088, 1492675819088074326, 0.187, 0.396, -0.35, -2.888, 1.067, 1.125
2017-04-20 10:10:19,090, 1492675819090122842, 0.293, 0.393, -0.634, -2.934, 1.305, 1.25
2017-04-20 10:10:19,092, 1492675819092080346, 0.461, 0.544, -0.36, -3.072, 1.653, 1.343
2017-04-20 10:10:19,098, 1492675819098115632, 0.689, 0.716, -0.536, -2.859, 1.997, 0.872
2017-04-20 10:10:19,099, 1492675819099159739, 0.593, 0.622, -0.632, -2.852, 1.859, 0.779
2017-04-20 10:10:19,102, 1492675819102003003, 0.453, 0.538, -0.825, -2.986, 1.632, 0.758
2017-04-20 10:10:19,110, 1492675819109137339, 0.539, 0.625, -0.738, -3.107, 1.684, 1.026
2017-04-20 10:10:19,113, 1492675819113198542, 0.682, 0.638, -1.122, -3.17, 1.951, 1.51
2017-04-20 10:10:19,115, 1492675819115156043, 0.714, 0.749, -1.834, -2.651, 1.975, 0.978
2017-04-20 10:10:19,118, 1492675819118027227, 0.592, 0.626, -1.926, -2.111, 1.698, 0.528
2017-04-20 10:10:19,119, 1492675819119136365, 0.33, 0.465, -1.985, -1.877, 1.213, 0.479
2017-04-20 10:10:19,121, 1492675819121193276, 0.264, 0.439, -1.966, -1.674, 1.058, 0.832
2017-04-20 10:10:19,123, 1492675819123229775, 0.377, 0.475, -1.977, -1.715, 1.405, 0.995
2017-04-20 10:10:19,130, 1492675819130099606, 0.631, 0.5, -1.982, -2.058, 1.871, 0.58
2017-04-20 10:10:19,131, 1492675819131166703, 0.569, 0.498, -1.957, -2.184, 1.872, 0.881
2017-04-20 10:10:19,134, 1492675819133979800, 0.403, 0.413, -2.016, -2.11, 1.788, 1.148
2017-04-20 10:10:19,136, 1492675819135956508, 0.398, 0.412, -2.021, -2.107, 1.79, 0.766
2017-04-20 10:10:19,140, 1492675819140455905, 0.558, 0.368, -2.035, -2.117, 2.184, 0.45
2017-04-20 10:10:19,142, 1492675819142596995, 0.526, 0.318, -2.042, -2.323, 2.206, 0.942
2017-04-20 10:10:19,150, 1492675819150188603, 0.357, 0.443, -2.105, -2.543, 2.089, 0.893
2017-04-20 10:10:19,152, 1492675819151985369, 0.427, 0.434, -2.099, -2.508, 2.233, 0.796
2017-04-20 10:10:19,154, 1492675819154048088, 0.415, 0.39, -2.096, -2.463, 2.228, 0.901
2017-04-20 10:10:19,156, 1492675819156027674, 0.331, 0.358, -2.143, -2.5, 2.135, 0.986
2017-04-20 10:10:19,158, 1492675819158084335, 0.255, 0.364, -2.149, -2.536, 1.99, 0.832
2017-04-20 10:10:19,160, 1492675819160055385, 0.244, 0.428, -2.156, -2.674, 1.911, 0.714
2017-04-20 10:10:19,162, 1492675819162060712, 0.286, 0.457, -2.161, -2.725, 1.956, 0.775
2017-04-20 10:10:19,164, 1492675819164125210, 0.3, 0.405, -2.177, -2.685, 1.956, 0.75
2017-04-20 10:10:19,166, 1492675819166034908, 0.301, 0.377, -2.187, -2.633, 2.002, 0.661
2017-04-20 10:10:19,168, 1492675819168010981, 0.308, 0.113, -2.698, -2.948, 2.052, 0.661
2017-04-20 10:10:19,170, 1492675819170059331, 0.262, 0.353, -3.085, -4.132, 2.123, 0.755
2017-04-20 10:10:19,172, 1492675819172032784, 0.272, 0.503, -2.921, -3.669, 1.993, 0.62
2017-04-20 10:10:19,174, 1492675819174504289, 0.242, 0.552, -2.474, -3.007, 1.891, 0.431
2017-04-20 10:10:19,176, 1492675819176148732, 0.297, 0.5, -2.611, -3.148, 1.919, 0.605
2017-04-20 10:10:19,183, 1492675819183166738, 0.213, 0.569, -2.93, -2.927, 1.662, 0.645
2017-04-20 10:10:19,185, 1492675819185031907, 0.164, 0.596, -2.897, -2.837, 1.576, 0.572
2017-04-20 10:10:19,187, 1492675819187404717, 0.228, 0.491, -3.213, -2.868, 1.66, 0.661
2017-04-20 10:10:19,189, 1492675819189195871, 0.231, 0.383, -2.993, -3.0, 1.567, 0.653
2017-04-20 10:10:19,191, 1492675819191051031, 0.261, 0.359, -3.12, -3.016, 1.665, 0.682
2017-04-20 10:10:19,193, 1492675819193024713, 0.295, 0.387, -3.268, -3.042, 1.78, 0.682
2017-04-20 10:10:19,195, 1492675819195090598, 0.308, 0.44, -3.105, -3.086, 1.831, 0.62
2017-04-20 10:10:19,202, 1492675819202077386, 0.359, 0.392, -3.182, -3.184, 1.993, 0.715
2017-04-20 10:10:19,203, 1492675819203248802, 0.359, 0.405, -3.221, -3.145, 2.007, 0.669
2017-04-20 10:10:19,205, 1492675819205186748, 0.306, 0.415, -3.103, -3.075, 1.902, 0.722
2017-04-20 10:10:19,208, 1492675819208082046, 0.27, 0.442, -3.026, -2.983, 1.834, 0.766
2017-04-20 10:10:19,210, 1492675819209934504, 0.263, 0.427, -3.068, -2.901, 1.865, 0.718
2017-04-20 10:10:19,213, 1492675819212157821, 0.3, 0.388, -3.068, -2.764, 1.947, 0.715
2017-04-20 10:10:19,214, 1492675819214203846, 0.281, 0.345, -3.051, -2.684, 1.874, 0.731
2017-04-20 10:10:19,216, 1492675819216048579, 0.288, 0.308, -3.129, -2.726, 1.875, 0.734
2017-04-20 10:10:19,217, 1492675819217153117, 0.258, 0.331, -3.116, -2.75, 1.835, 0.731
2017-04-20 10:10:19,219, 1492675819219190787, 0.244, 0.34, -3.102, -2.712, 1.755, 0.714
2017-04-20 10:10:19,221, 1492675819221168196, 0.231, 0.315, -3.212, -2.649, 1.74, 0.677
2017-04-20 10:10:19,223, 1492675819223187096, 0.236, 0.296, -3.214, -2.573, 1.68, 0.653
2017-04-20 10:10:19,225, 1492675819225159681, 0.262, 0.242, -3.184, -2.477, 1.663, 0.617
2017-04-20 10:10:19,227, 1492675819227171144, 0.264, 0.237, -3.231, -2.384, 1.649, 0.633
2017-04-20 10:10:19,229, 1492675819229203809, 0.252, 0.274, -3.215, -2.262, 1.577, 0.637
2017-04-20 10:10:19,231, 1492675819231166375, 0.224, 0.327, -3.256, -2.084, 1.513, 0.62
2017-04-20 10:10:19,234, 1492675819233976216, 0.217, 0.322, -3.315, -1.975, 1.491, 0.641
2017-04-20 10:10:19,235, 1492675819235151980, 0.232, 0.314, -3.304, -1.906, 1.466, 0.649
2017-04-20 10:10:19,237, 1492675819237702172, 0.238, 0.289, -3.265, -1.843, 1.449, 0.669
2017-04-20 10:10:19,239, 1492675819239160616, 0.244, 0.296, -3.261, -1.813, 1.442, 0.612
2017-04-20 10:10:19,242, 1492675819241882410, 0.222, 0.337, -3.215, -1.847, 1.396, 0.625
2017-04-20 10:10:19,243, 1492675819243794031, 0.2, 0.35, -3.132, -1.938, 1.343, 0.62
2017-04-20 10:10:19,248, 1492675819248467915, 0.187, 0.343, -3.085, -2.046, 1.318, 0.601
2017-04-20 10:10:19,250, 1492675819250176422, 0.205, 0.306, -2.993, -2.388, 1.325, 0.601
2017-04-20 10:10:19,252, 1492675819252144297, 0.205, 0.325, -2.98, -2.562, 1.338, 0.605
2017-04-20 10:10:19,255, 1492675819254990220, 0.187, 0.333, -2.927, -2.725, 1.328, 0.653
2017-04-20 10:10:19,256, 1492675819256159468, 0.177, 0.338, -2.868, -2.802, 1.338, 0.649
2017-04-20 10:10:19,258, 1492675819258159999, 0.207, 0.372, -2.844, -2.911, 1.416, 0.653
2017-04-20 10:10:19,260, 1492675819260161721, 0.199, 0.383, -2.855, -3.065, 1.448, 0.666
2017-04-20 10:10:19,262, 1492675819262375221, 0.179, 0.384, -2.853, -3.096, 1.402, 0.674
2017-04-20 10:10:19,264, 1492675819264143953, 0.154, 0.395, -2.798, -3.051, 1.367, 0.694
2017-04-20 10:10:19,266, 1492675819266175051, 0.19, 0.43, -2.774, -3.117, 1.382, 0.694
2017-04-20 10:10:19,268, 1492675819268496165, 0.224, 0.441, -2.756, -3.163, 1.409, 0.694
2017-04-20 10:10:19,270, 1492675819270142763, 0.204, 0.429, -2.763, -3.094, 1.353, 0.674
2017-04-20 10:10:19,272, 1492675819272127368, 0.181, 0.414, -2.727, -3.057, 1.305, 0.698
2017-04-20 10:10:19,274, 1492675819274222697, 0.195, 0.402, -2.743, -3.087, 1.308, 0.69
2017-04-20 10:10:19,278, 1492675819276159946, 0.212, 0.409, -2.751, -3.075, 1.346, 0.649
2017-04-20 10:10:19,280, 1492675819280311290, 0.201, 0.389, -2.735, -3.0, 1.28, 0.674
2017-04-20 10:10:19,282, 1492675819282117989, 0.208, 0.375, -2.749, -2.971, 1.29, 0.637
2017-04-20 10:10:19,283, 1492675819283185352, 0.201, 0.374, -2.763, -2.935, 1.28, 0.641
2017-04-20 10:10:19,285, 1492675819284993231, 0.194, 0.36, -2.758, -2.904, 1.261, 0.678
2017-04-20 10:10:19,286, 1492675819286151748, 0.172, 0.364, -2.763, -2.831, 1.218, 0.658
2017-04-20 10:10:19,288, 1492675819288104540, 0.178, 0.385, -2.72, -2.779, 1.209, 0.645
2017-04-20 10:10:19,290, 1492675819290161504, 0.198, 0.403, -2.786, -2.687, 1.224, 0.649
2017-04-20 10:10:19,293, 1492675819292156254, 0.188, 0.403, -2.732, -2.539, 1.223, 0.653
2017-04-20 10:10:19,295, 1492675819294853415, 0.175, 0.384, -2.691, -2.402, 1.176, 0.669
2017-04-20 10:10:19,296, 1492675819296147182, 0.169, 0.346, -2.752, -2.297, 1.153, 0.653
2017-04-20 10:10:19,298, 1492675819298191426, 0.183, 0.354, -2.71, -2.246, 1.172, 0.65
2017-04-20 10:10:19,300, 1492675819300144595, 0.198, 0.356, -2.698, -2.214, 1.172, 0.674
2017-04-20 10:10:19,302, 1492675819302176100, 0.18, 0.343, -2.724, -2.185, 1.149, 0.666
2017-04-20 10:10:19,304, 1492675819304123832, 0.179, 0.307, -2.666, -2.175, 1.139, 0.702
2017-04-20 10:10:19,306, 1492675819306161739, 0.189, 0.274, -2.653, -2.205, 1.147, 0.698
2017-04-20 10:10:19,308, 1492675819308130550, 0.196, 0.271, -2.668, -2.234, 1.164, 0.69
2017-04-20 10:10:19,310, 1492675819310144558, 0.184, 0.274, -2.636, -2.235, 1.174, 0.698
2017-04-20 10:10:19,313, 1492675819312190022, 0.182, 0.277, -2.616, -2.247, 1.195, 0.706
2017-04-20 10:10:19,318, 1492675819318169071, 0.186, 0.294, -2.599, -2.231, 1.307, 0.702
2017-04-20 10:10:19,320, 1492675819319940658, 0.196, 0.301, -2.596, -2.24, 1.343, 0.714
2017-04-20 10:10:19,322, 1492675819322031982, 0.204, 0.315, -2.567, -2.246, 1.384, 0.691
2017-04-20 10:10:19,324, 1492675819324142032, 0.214, 0.325, -2.531, -2.269, 1.417, 0.71
2017-04-20 10:10:19,326, 1492675819326050050, 0.21, 0.328, -2.546, -2.269, 1.425, 0.723
2017-04-20 10:10:19,328, 1492675819328033621, 0.233, 0.323, -2.514, -2.273, 1.455, 0.71
2017-04-20 10:10:19,330, 1492675819330045191, 0.244, 0.313, -2.506, -2.279, 1.472, 0.722
2017-04-20 10:10:19,332, 1492675819332015875, 0.252, 0.312, -2.485, -2.268, 1.461, 0.751
2017-04-20 10:10:19,334, 1492675819334032060, 0.243, 0.316, -2.503, -2.248, 1.453, 0.747
2017-04-20 10:10:19,336, 1492675819336118107, 0.243, 0.31, -2.48, -2.242, 1.443, 0.747
2017-04-20 10:10:19,338, 1492675819338183346, 0.25, 0.31, -2.495, -2.238, 1.432, 0.734
2017-04-20 10:10:19,340, 1492675819339993173, 0.238, 0.302, -2.499, -2.245, 1.413, 0.718
2017-04-20 10:10:19,342, 1492675819342061904, 0.224, 0.317, -2.515, -2.252, 1.383, 0.694
2017-04-20 10:10:19,344, 1492675819344010584, 0.211, 0.325, -2.511, -2.26, 1.359, 0.677
2017-04-20 10:10:19,346, 1492675819346057237, 0.196, 0.338, -2.508, -2.276, 1.333, 0.674
2017-04-20 10:10:19,353, 1492675819353178741, 0.173, 0.352, -2.524, -2.367, 1.248, 0.669
2017-04-20 10:10:19,355, 1492675819355040511, 0.18, 0.352, -2.53, -2.387, 1.221, 0.666
2017-04-20 10:10:19,358, 1492675819358275915, 0.174, 0.344, -2.526, -2.405, 1.184, 0.682
2017-04-20 10:10:19,360, 1492675819360197157, 0.166, 0.342, -2.515, -2.428, 1.137, 0.669
2017-04-20 10:10:19,362, 1492675819361955926, 0.174, 0.335, -2.519, -2.442, 1.105, 0.674
2017-04-20 10:10:19,363, 1492675819363178544, 0.174, 0.331, -2.508, -2.444, 1.09, 0.666
2017-04-20 10:10:19,365, 1492675819365132158, 0.168, 0.338, -2.499, -2.436, 1.071, 0.661
2017-04-20 10:10:19,367, 1492675819367121398, 0.156, 0.345, -2.489, -2.432, 1.057, 0.666
2017-04-20 10:10:19,369, 1492675819369155804, 0.161, 0.345, -2.483, -2.437, 1.043, 0.641
2017-04-20 10:10:19,371, 1492675819371065211, 0.163, 0.361, -2.491, -2.447, 1.04, 0.633
2017-04-20 10:10:19,373, 1492675819373038430, 0.157, 0.357, -2.491, -2.447, 1.029, 0.637
2017-04-20 10:10:19,375, 1492675819375056520, 0.148, 0.37, -2.486, -2.447, 1.02, 0.641
2017-04-20 10:10:19,377, 1492675819377061801, 0.142, 0.366, -2.483, -2.462, 1.023, 0.669
2017-04-20 10:10:19,379, 1492675819379306396, 0.148, 0.367, -2.492, -2.473, 1.035, 0.682
2017-04-20 10:10:19,389, 1492675819385946403, 0.163, 0.371, -2.495, -2.497, 1.057, 0.685
2017-04-20 10:10:19,389, 1492675819388242694, 0.199, 0.369, -2.499, -2.546, 1.156, 0.702
2017-04-20 10:10:19,390, 1492675819390136146, 0.196, 0.359, -2.503, -2.528, 1.174, 0.718
2017-04-20 10:10:19,392, 1492675819392008598, 0.192, 0.359, -2.493, -2.504, 1.196, 0.698
2017-04-20 10:10:19,393, 1492675819393138823, 0.216, 0.359, -2.463, -2.488, 1.227, 0.702
2017-04-20 10:10:19,395, 1492675819395528005, 0.212, 0.354, -2.457, -2.448, 1.258, 0.685
2017-04-20 10:10:19,397, 1492675819397163975, 0.208, 0.345, -2.441, -2.386, 1.283, 0.677
2017-04-20 10:10:19,399, 1492675819399161540, 0.213, 0.348, -2.437, -2.326, 1.304, 0.702
2017-04-20 10:10:19,401, 1492675819401146922, 0.209, 0.346, -2.4, -2.282, 1.325, 0.718
2017-04-20 10:10:19,403, 1492675819403277224, 0.199, 0.343, -2.395, -2.243, 1.334, 0.714
2017-04-20 10:10:19,405, 1492675819405148964, 0.198, 0.338, -2.408, -2.192, 1.34, 0.722
2017-04-20 10:10:19,408, 1492675819408032765, 0.201, 0.316, -2.397, -2.152, 1.342, 0.723
2017-04-20 10:10:19,409, 1492675819409310160, 0.195, 0.314, -2.395, -2.115, 1.348, 0.731
2017-04-20 10:10:19,411, 1492675819411343742, 0.203, 0.307, -2.418, -2.1, 1.354, 0.722
2017-04-20 10:10:19,413, 1492675819413167282, 0.214, 0.302, -2.43, -2.095, 1.356, 0.726
2017-04-20 10:10:19,415, 1492675819415173999, 0.222, 0.306, -2.456, -2.112, 1.356, 0.71
2017-04-20 10:10:19,420, 1492675819420375308, 0.235, 0.317, -2.487, -2.14, 1.369, 0.726
2017-04-20 10:10:19,422, 1492675819422172814, 0.295, 0.351, -2.631, -2.248, 1.431, 0.771
2017-04-20 10:10:19,430, 1492675819430161176, 0.358, 0.385, -2.913, -2.19, 1.471, 0.828
2017-04-20 10:10:19,432, 1492675819431997256, 0.385, 0.405, -2.968, -2.246, 1.499, 0.852
2017-04-20 10:10:19,434, 1492675819434062866, 0.407, 0.411, -3.106, -2.354, 1.548, 0.828
2017-04-20 10:10:19,436, 1492675819436079354, 0.398, 0.409, -3.186, -2.478, 1.569, 0.815
2017-04-20 10:10:19,438, 1492675819438038484, 0.371, 0.4, -3.274, -2.581, 1.524, 0.84
2017-04-20 10:10:19,440, 1492675819440039290, 0.366, 0.414, -3.4, -2.682, 1.523, 0.824
2017-04-20 10:10:19,442, 1492675819442019118, 0.399, 0.419, -3.441, -2.737, 1.575, 0.832
2017-04-20 10:10:19,449, 1492675819445078119, 0.475, 0.473, -3.456, -2.795, 1.671, 0.788
2017-04-20 10:10:19,449, 1492675819446152855, 0.492, 0.477, -3.483, -2.866, 1.686, 0.763
2017-04-20 10:10:19,449, 1492675819448118152, 0.465, 0.468, -3.476, -2.892, 1.668, 0.726
2017-04-20 10:10:19,451, 1492675819450943125, 0.428, 0.453, -3.462, -2.933, 1.631, 0.723
2017-04-20 10:10:19,452, 1492675819452576258, 0.414, 0.458, -3.43, -3.082, 1.637, 0.715
2017-04-20 10:10:19,454, 1492675819454152833, 0.423, 0.478, -3.375, -3.254, 1.716, 0.698
2017-04-20 10:10:19,458, 1492675819458176617, 0.39, 0.482, -3.242, -3.638, 1.878, 0.735
2017-04-20 10:10:19,460, 1492675819459981310, 0.366, 0.47, -3.218, -3.695, 1.882, 0.751
2017-04-20 10:10:19,462, 1492675819462056847, 0.34, 0.45, -3.175, -3.782, 1.968, 0.766
2017-04-20 10:10:19,464, 1492675819463997816, 0.341, 0.463, -3.131, -3.862, 2.043, 0.807
2017-04-20 10:10:19,466, 1492675819466044607, 0.345, 0.485, -3.116, -3.885, 2.058, 0.807
2017-04-20 10:10:19,468, 1492675819468022585, 0.331, 0.509, -3.082, -3.834, 2.067, 0.815
2017-04-20 10:10:19,470, 1492675819470035706, 0.321, 0.509, -3.059, -3.738, 2.028, 0.815
2017-04-20 10:10:19,472, 1492675819472006719, 0.288, 0.485, -3.082, -3.611, 1.947, 0.828
2017-04-20 10:10:19,474, 1492675819474154629, 0.258, 0.453, -3.026, -3.464, 1.882, 0.84
2017-04-20 10:10:19,476, 1492675819476184010, 0.353, 0.496, -3.318, -3.412, 2.04, 0.856
2017-04-20 10:10:19,478, 1492675819478059909, 0.451, 0.568, -3.581, -3.148, 1.995, 1.145
2017-04-20 10:10:19,480, 1492675819479995845, 0.491, 0.647, -3.094, -2.777, 1.843, 1.173
2017-04-20 10:10:19,482, 1492675819482042383, 0.525, 0.538, -3.008, -2.504, 1.662, 1.145
2017-04-20 10:10:19,484, 1492675819484048486, 0.459, 0.429, -3.354, -2.381, 1.452, 0.852
2017-04-20 10:10:19,489, 1492675819489144037, 0.481, 0.453, -3.472, -2.309, 1.349, 0.771
2017-04-20 10:10:19,491, 1492675819491310734, 0.655, 0.703, -3.365, -1.938, 1.332, 0.986
2017-04-20 10:10:19,493, 1492675819493154284, 0.709, 0.619, -3.404, -1.736, 1.309, 0.881
2017-04-20 10:10:19,495, 1492675819495006806, 0.72, 0.538, -3.528, -1.591, 1.279, 0.848
2017-04-20 10:10:19,497, 1492675819497082126, 0.743, 0.525, -3.499, -1.38, 1.276, 0.958
2017-04-20 10:10:19,499, 1492675819499038804, 0.781, 0.626, -3.392, -1.258, 1.292, 1.149
2017-04-20 10:10:19,501, 1492675819501038724, 0.819, 0.716, -3.447, -1.319, 1.309, 1.335
2017-04-20 10:10:19,503, 1492675819502973764, 0.854, 0.738, -3.472, -1.359, 1.346, 1.392
2017-04-20 10:10:19,505, 1492675819504989910, 0.894, 0.708, -3.425, -1.347, 1.372, 1.343
2017-04-20 10:10:19,507, 1492675819506997057, 0.908, 0.678, -3.433, -1.298, 1.36, 1.36
2017-04-20 10:10:19,509, 1492675819508974177, 0.943, 0.692, -3.346, -1.258, 1.408, 1.433
2017-04-20 10:10:19,511, 1492675819511020871, 0.998, 0.727, -3.213, -1.269, 1.494, 1.424
2017-04-20 10:10:19,513, 1492675819513038281, 1.049, 0.747, -3.186, -1.311, 1.578, 1.38
2017-04-20 10:10:19,515, 1492675819515204414, 1.045, 0.737, -3.102, -1.36, 1.588, 1.324
2017-04-20 10:10:19,517, 1492675819517567285, 1.052, 0.751, -3.063, -1.401, 1.589, 1.319
2017-04-20 10:10:19,519, 1492675819519233600, 1.029, 0.75, -3.058, -1.437, 1.582, 1.352
2017-04-20 10:10:19,521, 1492675819521166220, 1.011, 0.758, -3.003, -1.409, 1.588, 1.487
2017-04-20 10:10:19,523, 1492675819522972391, 1.02, 0.754, -2.991, -1.368, 1.652, 1.551
2017-04-20 10:10:19,525, 1492675819525010205, 1.03, 0.734, -2.96, -1.268, 1.693, 1.592
2017-04-20 10:10:19,527, 1492675819526985678, 1.049, 0.727, -2.942, -1.161, 1.711, 1.603
2017-04-20 10:10:19,529, 1492675819529099538, 1.039, 0.724, -2.965, -1.101, 1.727, 1.575
2017-04-20 10:10:19,531, 1492675819531218112, 1.017, 0.72, -3.004, -1.065, 1.7, 1.53
2017-04-20 10:10:19,533, 1492675819533068867, 0.995, 0.727, -3.032, -1.033, 1.672, 1.498
2017-04-20 10:10:19,535, 1492675819535010828, 0.994, 0.729, -3.094, -0.998, 1.659, 1.454
2017-04-20 10:10:19,537, 1492675819537058230, 1.025, 0.74, -3.166, -0.964, 1.669, 1.38
2017-04-20 10:10:19,539, 1492675819539295835, 1.039, 0.72, -3.181, -0.867, 1.657, 1.352
2017-04-20 10:10:19,541, 1492675819541091877, 1.055, 0.71, -3.195, -0.783, 1.641, 1.36
2017-04-20 10:10:19,543, 1492675819543049149, 1.053, 0.717, -3.213, -0.683, 1.592, 1.4
2017-04-20 10:10:19,545, 1492675819545035229, 1.045, 0.723, -3.204, -0.608, 1.535, 1.433
2017-04-20 10:10:19,547, 1492675819547090059, 1.037, 0.697, -3.238, -0.548, 1.483, 1.385
2017-04-20 10:10:19,549, 1492675819549113640, 1.03, 0.707, -3.284, -0.531, 1.444, 1.344
2017-04-20 10:10:19,551, 1492675819550997776, 1.052, 0.716, -3.273, -0.531, 1.416, 1.319
2017-04-20 10:10:19,553, 1492675819553347420, 1.041, 0.743, -3.263, -0.527, 1.389, 1.263
2017-04-20 10:10:19,555, 1492675819555176304, 1.039, 0.763, -3.243, -0.541, 1.378, 1.194
2017-04-20 10:10:19,556, 1492675819556177658, 1.051, 0.776, -3.205, -0.584, 1.376, 1.161
2017-04-20 10:10:19,559, 1492675819559134138, 1.041, 0.772, -3.129, -0.712, 1.358, 1.145
2017-04-20 10:10:19,561, 1492675819561055160, 1.04, 0.764, -3.215, -0.805, 1.374, 1.189
2017-04-20 10:10:19,563, 1492675819562991130, 1.028, 0.763, -3.235, -0.95, 1.363, 1.194
2017-04-20 10:10:19,565, 1492675819565031686, 1.05, 0.809, -3.195, -1.107, 1.412, 1.27
2017-04-20 10:10:19,567, 1492675819566968705, 1.054, 0.818, -3.207, -1.249, 1.417, 1.286
2017-04-20 10:10:19,569, 1492675819569175036, 1.062, 0.819, -3.169, -1.38, 1.447, 1.278
2017-04-20 10:10:19,571, 1492675819570970953, 1.051, 0.804, -3.083, -1.436, 1.46, 1.267
2017-04-20 10:10:19,573, 1492675819573052136, 1.077, 0.803, -3.074, -1.515, 1.48, 1.23
2017-04-20 10:10:19,575, 1492675819574981013, 1.082, 0.821, -3.079, -1.562, 1.524, 1.246
2017-04-20 10:10:19,579, 1492675819579216818, 1.084, 0.836, -3.105, -1.634, 1.605, 1.335
2017-04-20 10:10:19,581, 1492675819580992255, 1.078, 0.836, -3.119, -1.632, 1.627, 1.34
2017-04-20 10:10:19,583, 1492675819583059233, 1.089, 0.834, -3.09, -1.603, 1.666, 1.365
2017-04-20 10:10:19,586, 1492675819585799278, 1.105, 0.835, -3.132, -1.565, 1.709, 1.408
2017-04-20 10:10:19,587, 1492675819587207305, 1.125, 0.839, -3.119, -1.481, 1.744, 1.446
2017-04-20 10:10:19,589, 1492675819589094989, 1.119, 0.825, -3.129, -1.422, 1.747, 1.445
2017-04-20 10:10:19,591, 1492675819591859104, 1.119, 0.811, -3.211, -1.352, 1.743, 1.413
2017-04-20 10:10:19,593, 1492675819593143025, 1.12, 0.822, -3.243, -1.236, 1.742, 1.389
2017-04-20 10:10:19,595, 1492675819595118667, 1.112, 0.819, -3.259, -1.163, 1.734, 1.372
2017-04-20 10:10:19,602, 1492675819602072160, 1.121, 0.779, -3.331, -0.793, 1.7, 1.327
2017-04-20 10:10:19,603, 1492675819603165359, 1.106, 0.771, -3.369, -0.726, 1.687, 1.332
2017-04-20 10:10:19,605, 1492675819605150761, 1.095, 0.771, -3.372, -0.666, 1.65, 1.364
2017-04-20 10:10:19,607, 1492675819607181032, 1.092, 0.765, -3.434, -0.636, 1.624, 1.36
2017-04-20 10:10:19,609, 1492675819609139723, 1.077, 0.759, -3.472, -0.625, 1.608, 1.381
2017-04-20 10:10:19,612, 1492675819612105889, 1.073, 0.745, -3.494, -0.629, 1.601, 1.392
2017-04-20 10:10:19,613, 1492675819613124011, 1.085, 0.733, -3.492, -0.639, 1.608, 1.373
2017-04-20 10:10:19,615, 1492675819615151685, 1.094, 0.723, -3.504, -0.674, 1.621, 1.368
2017-04-20 10:10:19,624, 1492675819620365392, 1.092, 0.729, -3.492, -0.71, 1.639, 1.335
2017-04-20 10:10:19,626, 1492675819626171079, 1.1, 0.754, -3.322, -0.942, 1.662, 1.352
2017-04-20 10:10:19,628, 1492675819627982908, 1.144, 0.771, -3.321, -1.009, 1.746, 1.429
2017-04-20 10:10:19,630, 1492675819630020480, 1.14, 0.756, -3.313, -1.019, 1.767, 1.433
2017-04-20 10:10:19,632, 1492675819631996686, 1.12, 0.735, -3.287, -0.973, 1.742, 1.417
2017-04-20 10:10:19,634, 1492675819634184333, 1.133, 0.766, -3.307, -0.964, 1.766, 1.449
2017-04-20 10:10:19,636, 1492675819635958883, 1.15, 0.789, -3.312, -0.957, 1.81, 1.416
2017-04-20 10:10:19,638, 1492675819638062333, 1.15, 0.775, -3.364, -0.926, 1.829, 1.299
2017-04-20 10:10:19,640, 1492675819640028837, 1.129, 0.778, -3.442, -0.905, 1.815, 1.278
2017-04-20 10:10:19,642, 1492675819642031695, 1.127, 0.796, -3.459, -0.872, 1.818, 1.286
2017-04-20 10:10:19,644, 1492675819643991739, 1.116, 0.795, -3.4, -0.803, 1.804, 1.307
2017-04-20 10:10:19,646, 1492675819646083599, 1.153, 0.781, -3.56, -0.794, 1.857, 1.243
2017-04-20 10:10:19,648, 1492675819648017280, 1.119, 0.751, -3.581, -0.789, 1.803, 1.234
2017-04-20 10:10:19,650, 1492675819650051629, 1.162, 0.799, -3.544, -0.789, 1.859, 1.263
2017-04-20 10:10:19,658, 1492675819658143117, 1.118, 0.778, -3.575, -0.895, 1.772, 1.088
2017-04-20 10:10:19,660, 1492675819660007494, 1.124, 0.796, -3.533, -0.936, 1.768, 1.075
2017-04-20 10:10:19,662, 1492675819661986767, 1.116, 0.83, -3.526, -0.993, 1.762, 1.064