2017-04-20 10:09:02,007, 1492675742004272106, -0.134, -0.049, -0.014, 0.365, -0.597, 0.141
2017-04-20 10:09:02,009, 1492675742008897878, -0.116, -0.06, -0.092, 0.425, -0.567, 0.117
2017-04-20 10:09:02,010, 1492675742010324951, -0.134, -0.063, -0.025, 0.456, -0.596, 0.122
2017-04-20 10:09:02,013, 1492675742012730894, -0.14, -0.065, -0.073, 0.475, -0.592, 0.117
2017-04-20 10:09:02,014, 1492675742014405325, -0.117, -0.051, -0.108, 0.476, -0.569, 0.114
2017-04-20 10:09:02,016, 1492675742016339604, -0.118, -0.066, -0.054, 0.464, -0.568, 0.101
2017-04-20 10:09:02,018, 1492675742018348055, -0.137, -0.067, -0.042, 0.446, -0.592, 0.109
2017-04-20 10:09:02,020, 1492675742020310104, -0.117, -0.066, -0.097, 0.426, -0.58, 0.105
2017-04-20 10:09:02,022, 1492675742022313876, -0.128, -0.051, -0.107, 0.41, -0.577, 0.101
2017-04-20 10:09:02,024, 1492675742024298110, -0.122, -0.055, -0.061, 0.394, -0.584, 0.069
2017-04-20 10:09:02,026, 1492675742026340120, -0.115, -0.045, -0.054, 0.368, -0.579, 0.089
2017-04-20 10:09:02,028, 1492675742028343928, -0.119, -0.058, -0.103, 0.36, -0.574, 0.089
2017-04-20 10:09:02,030, 1492675742030324010, -0.116, -0.046, -0.076, 0.366, -0.582, 0.085
2017-04-20 10:09:02,034, 1492675742034016226, -0.115, -0.046, -0.038, 0.366, -0.584, 0.069
2017-04-20 10:09:02,035, 1492675742035357114, -0.115, -0.057, -0.058, 0.361, -0.563, 0.093
2017-04-20 10:09:02,040, 1492675742040354463, -0.114, -0.061, -0.064, 0.363, -0.559, 0.077
2017-04-20 10:09:02,042, 1492675742042341390, -0.115, -0.037, -0.058, 0.357, -0.568, 0.057
2017-04-20 10:09:02,044, 1492675742044247598, -0.117, -0.05, -0.07, 0.356, -0.555, 0.069
2017-04-20 10:09:02,046, 1492675742046244903, -0.122, -0.059, -0.032, 0.349, -0.565, 0.069
2017-04-20 10:09:02,048, 1492675742048398887, -0.113, -0.058, -0.042, 0.354, -0.567, 0.073
2017-04-20 10:09:02,050, 1492675742050223239, -0.114, -0.042, -0.083, 0.355, -0.564, 0.081
2017-04-20 10:09:02,052, 1492675742052189373, -0.122, -0.043, -0.065, 0.349, -0.565, 0.077
2017-04-20 10:09:02,054, 1492675742054340671, -0.134, -0.061, -0.053, 0.335, -0.587, 0.073
2017-04-20 10:09:02,056, 1492675742056189925, -0.118, -0.048, -0.069, 0.328, -0.586, 0.101
2017-04-20 10:09:02,058, 1492675742058237590, -0.128, -0.04, -0.083, 0.322, -0.568, 0.109
2017-04-20 10:09:02,060, 1492675742060212513, -0.126, -0.053, -0.078, 0.311, -0.586, 0.077
2017-04-20 10:09:02,063, 1492675742062954483, -0.132, -0.047, -0.07, 0.303, -0.593, 0.101
2017-04-20 10:09:02,064, 1492675742064321361, -0.118, -0.056, -0.076, 0.287, -0.58, 0.114
2017-04-20 10:09:02,066, 1492675742066380263, -0.129, -0.047, -0.068, 0.281, -0.57, 0.105
2017-04-20 10:09:02,068, 1492675742068224099, -0.12, -0.039, -0.062, 0.278, -0.578, 0.073
2017-04-20 10:09:02,070, 1492675742070364750, -0.116, -0.04, -0.073, 0.277, -0.578, 0.069
2017-04-20 10:09:02,072, 1492675742072191566, -0.116, -0.048, -0.062, 0.272, -0.577, 0.073
2017-04-20 10:09:02,075, 1492675742074386925, -0.118, -0.051, -0.049, 0.262, -0.569, 0.065
2017-04-20 10:09:02,076, 1492675742076222553, -0.11, -0.045, -0.058, 0.269, -0.564, 0.052
2017-04-20 10:09:02,078, 1492675742078352647, -0.121, -0.041, -0.064, 0.269, -0.57, 0.049
2017-04-20 10:09:02,080, 1492675742080324143, -0.122, -0.048, -0.073, 0.277, -0.58, 0.06
2017-04-20 10:09:02,082, 1492675742082307766, -0.13, -0.048, -0.069, 0.279, -0.587, 0.052
2017-04-20 10:09:02,084, 1492675742084316162, -0.128, -0.046, -0.063, 0.299, -0.594, 0.052
2017-04-20 10:09:02,086, 1492675742086225402, -0.139, -0.047, -0.06, 0.324, -0.607, 0.077
2017-04-20 10:09:02,088, 1492675742088211680, -0.139, -0.052, -0.077, 0.347, -0.623, 0.073
2017-04-20 10:09:02,093, 1492675742093351632, -0.155, -0.075, -0.102, 0.399, -0.692, 0.105
2017-04-20 10:09:02,095, 1492675742095222800, -0.164, -0.078, -0.098, 0.414, -0.717, 0.109
2017-04-20 10:09:02,097, 1492675742097347158, -0.168, -0.08, -0.086, 0.433, -0.763, 0.117
2017-04-20 10:09:02,099, 1492675742099201173, -0.177, -0.082, -0.11, 0.465, -0.795, 0.097
2017-04-20 10:09:02,101, 1492675742101233562, -0.192, -0.092, -0.104, 0.52, -0.841, 0.122
2017-04-20 10:09:02,103, 1492675742103204662, -0.196, -0.094, -0.109, 0.578, -0.881, 0.117
2017-04-20 10:09:02,105, 1492675742105267082, -0.184, -0.092, -0.103, 0.624, -0.906, 0.109
2017-04-20 10:09:02,107, 1492675742107243922, -0.19, -0.099, -0.113, 0.668, -0.939, 0.085
2017-04-20 10:09:02,113, 1492675742112824723, -0.197, -0.104, -0.112, 0.701, -0.987, 0.041
2017-04-20 10:09:02,114, 1492675742114318070, -0.194, -0.108, -0.115, 0.729, -1.067, -0.041
2017-04-20 10:09:02,116, 1492675742116304873, -0.194, -0.119, -0.12, 0.715, -1.089, -0.049
2017-04-20 10:09:02,118, 1492675742118288242, -0.19, -0.112, -0.105, 0.687, -1.13, 0.0
2017-04-20 10:09:02,120, 1492675742120331303, -0.2, -0.108, -0.124, 0.668, -1.154, 0.024
2017-04-20 10:09:02,122, 1492675742122474743, -0.207, -0.116, -0.111, 0.634, -1.176, 0.049
2017-04-20 10:09:02,124, 1492675742124379152, -0.199, -0.103, -0.132, 0.6, -1.17, 0.012
2017-04-20 10:09:02,126, 1492675742126314856, -0.199, -0.093, -0.108, 0.564, -1.14, -0.013
2017-04-20 10:09:02,128, 1492675742128340685, -0.19, -0.095, -0.108, 0.514, -1.114, -0.045
2017-04-20 10:09:02,130, 1492675742130522137, -0.204, -0.074, -0.121, 0.456, -1.087, -0.049
2017-04-20 10:09:02,133, 1492675742132983680, -0.213, -0.081, -0.127, 0.394, -1.058, -0.029
2017-04-20 10:09:02,134, 1492675742134313767, -0.211, -0.057, -0.126, 0.336, -1.031, -0.005
2017-04-20 10:09:02,136, 1492675742136331199, -0.202, -0.056, -0.134, 0.28, -0.975, -0.021
2017-04-20 10:09:02,142, 1492675742140733896, -0.188, -0.042, -0.118, 0.232, -0.926, -0.037
2017-04-20 10:09:02,146, 1492675742146220342, -0.187, -0.046, -0.12, 0.138, -0.802, -0.037
2017-04-20 10:09:02,147, 1492675742147315884, -0.165, -0.046, -0.126, 0.147, -0.757, -0.021
2017-04-20 10:09:02,149, 1492675742149331463, -0.135, -0.041, -0.125, 0.184, -0.699, 0.0
2017-04-20 10:09:02,151, 1492675742151288022, -0.142, -0.049, -0.133, 0.232, -0.676, -0.016
2017-04-20 10:09:02,153, 1492675742153348692, -0.126, -0.054, -0.123, 0.278, -0.632, -0.033
2017-04-20 10:09:02,155, 1492675742155294846, -0.119, -0.052, -0.131, 0.339, -0.574, -0.033
2017-04-20 10:09:02,157, 1492675742157345485, -0.135, -0.076, -0.134, 0.383, -0.564, -0.045
2017-04-20 10:09:02,159, 1492675742159273228, -0.143, -0.075, -0.134, 0.421, -0.551, -0.024
2017-04-20 10:09:02,161, 1492675742161329847, -0.146, -0.101, -0.141, 0.479, -0.527, 0.033
2017-04-20 10:09:02,164, 1492675742164109824, -0.144, -0.098, -0.134, 0.551, -0.519, -0.005
2017-04-20 10:09:02,165, 1492675742165328101, -0.139, -0.098, -0.123, 0.607, -0.5, 0.036
2017-04-20 10:09:02,167, 1492675742167572636, -0.142, -0.098, -0.126, 0.67, -0.503, 0.024
2017-04-20 10:09:02,169, 1492675742169308819, -0.146, -0.13, -0.137, 0.708, -0.537, 0.0
2017-04-20 10:09:02,171, 1492675742171296562, -0.171, -0.138, -0.141, 0.756, -0.581, -0.033
2017-04-20 10:09:02,180, 1492675742176571198, -0.169, -0.141, -0.146, 0.862, -0.683, 0.003
2017-04-20 10:09:02,181, 1492675742181374918, -0.201, -0.14, -0.156, 0.783, -0.917, 0.377
2017-04-20 10:09:02,183, 1492675742183224412, -0.187, -0.132, -0.169, 0.76, -0.963, 0.511
2017-04-20 10:09:02,185, 1492675742185176271, -0.261, -0.127, -0.2, 0.735, -1.046, 0.588
2017-04-20 10:09:02,187, 1492675742187253107, -0.208, -0.084, -0.155, 0.685, -1.003, 0.487
2017-04-20 10:09:02,189, 1492675742189255278, -0.214, -0.068, -0.17, 0.671, -1.004, 0.49
2017-04-20 10:09:02,191, 1492675742191238356, -0.217, -0.084, -0.171, 0.676, -0.938, 0.56
2017-04-20 10:09:02,193, 1492675742193717907, -0.242, -0.081, -0.168, 0.685, -0.963, 0.471
2017-04-20 10:09:02,195, 1492675742195309829, -0.24, -0.066, -0.171, 0.672, -0.871, 0.32
2017-04-20 10:09:02,197, 1492675742197332507, -0.22, -0.06, -0.165, 0.629, -0.763, 0.247
2017-04-20 10:09:02,199, 1492675742199617640, -0.221, -0.057, -0.157, 0.527, -0.745, 0.255
2017-04-20 10:09:02,201, 1492675742201465070, -0.171, -0.062, -0.096, 0.368, -0.599, 0.219
2017-04-20 10:09:02,203, 1492675742203304604, -0.151, -0.057, -0.125, 0.199, -0.537, 0.158
2017-04-20 10:09:02,205, 1492675742205213719, -0.15, -0.039, -0.137, 0.039, -0.513, 0.227
2017-04-20 10:09:02,207, 1492675742207256533, -0.143, -0.009, -0.205, -0.005, -0.462, 0.252
2017-04-20 10:09:02,213, 1492675742212421288, -0.094, -0.007, -0.198, -0.007, -0.364, 0.13
2017-04-20 10:09:02,217, 1492675742217341171, -0.096, 0.019, -0.217, 0.126, -0.152, 0.122
2017-04-20 10:09:02,219, 1492675742219108134, -0.115, 0.008, -0.178, 0.163, -0.131, 0.141
2017-04-20 10:09:02,221, 1492675742221190598, -0.117, -0.028, -0.186, 0.153, -0.097, 0.203
2017-04-20 10:09:02,223, 1492675742223208892, -0.107, -0.023, -0.237, 0.148, -0.065, 0.247
2017-04-20 10:09:02,225, 1492675742225216863, -0.112, -0.013, -0.203, 0.219, -0.104, 0.231
2017-04-20 10:09:02,227, 1492675742227179355, -0.095, 0.021, -0.145, 0.236, -0.097, 0.252
2017-04-20 10:09:02,229, 1492675742229225890, -0.135, -0.015, -0.224, 0.251, -0.241, 0.341
2017-04-20 10:09:02,231, 1492675742231175060, -0.137, -0.052, -0.278, 0.263, -0.26, 0.462
2017-04-20 10:09:02,233, 1492675742233455348, -0.111, -0.037, -0.151, 0.27, -0.289, 0.531
2017-04-20 10:09:02,235, 1492675742235230188, -0.1, -0.03, -0.167, 0.254, -0.329, 0.515
2017-04-20 10:09:02,237, 1492675742237205965, -0.081, -0.036, -0.263, 0.226, -0.302, 0.547
2017-04-20 10:09:02,239, 1492675742239179611, -0.109, -0.027, -0.293, 0.124, -0.312, 0.641
2017-04-20 10:09:02,244, 1492675742244387917, -0.114, -0.026, -0.234, 0.026, -0.265, 0.547
2017-04-20 10:09:02,246, 1492675742246335552, -0.035, 0.018, -0.291, -0.074, 0.069, 0.507
2017-04-20 10:09:02,248, 1492675742248268148, -0.071, 0.016, -0.236, -0.055, 0.111, 0.471
2017-04-20 10:09:02,250, 1492675742250325916, -0.102, 0.022, -0.239, -0.006, 0.084, 0.426
2017-04-20 10:09:02,252, 1492675742252270236, -0.077, 0.031, -0.296, 0.004, 0.206, 0.381
2017-04-20 10:09:02,254, 1492675742254304715, -0.076, 0.036, -0.317, -0.054, 0.157, 0.539
2017-04-20 10:09:02,256, 1492675742256284046, -0.096, 0.042, -0.233, -0.12, 0.134, 0.539
2017-04-20 10:09:02,258, 1492675742258249701, -0.062, 0.054, -0.216, -0.19, 0.14, 0.528
2017-04-20 10:09:02,260, 1492675742260334916, -0.037, 0.067, -0.283, -0.298, 0.146, 0.601
2017-04-20 10:09:02,262, 1492675742262287467, -0.018, 0.091, -0.24, -0.392, 0.179, 0.617
2017-04-20 10:09:02,264, 1492675742264354711, -0.012, 0.092, -0.153, -0.481, 0.151, 0.588
2017-04-20 10:09:02,266, 1492675742266263765, 0.005, 0.069, -0.189, -0.574, 0.275, 0.511
2017-04-20 10:09:02,268, 1492675742268270468, -0.015, 0.061, -0.32, -0.574, 0.258, 0.528
2017-04-20 10:09:02,270, 1492675742270309027, 0.026, 0.077, -0.224, -0.608, 0.414, 0.523
2017-04-20 10:09:02,272, 1492675742272491951, 0.031, 0.085, -0.19, -0.576, 0.469, 0.458
2017-04-20 10:09:02,276, 1492675742276347617, 0.035, 0.052, -0.304, -0.536, 0.584, 0.438
2017-04-20 10:09:02,278, 1492675742278269960, -0.002, 0.065, -0.238, -0.506, 0.531, 0.474
2017-04-20 10:09:02,279, 1492675742279340272, -0.009, 0.077, -0.26, -0.525, 0.537, 0.471
2017-04-20 10:09:02,281, 1492675742281255141, 0.002, 0.089, -0.329, -0.527, 0.55, 0.393
2017-04-20 10:09:02,283, 1492675742283012566, 0.042, 0.101, -0.327, -0.582, 0.595, 0.446
2017-04-20 10:09:02,285, 1492675742285238474, 0.041, 0.123, -0.253, -0.723, 0.569, 0.446
2017-04-20 10:09:02,286, 1492675742286292128, 0.057, 0.145, -0.271, -0.838, 0.643, 0.479
2017-04-20 10:09:02,288, 1492675742288271297, 0.046, 0.157, -0.324, -0.896, 0.657, 0.438
2017-04-20 10:09:02,290, 1492675742290273075, 0.047, 0.167, -0.291, -1.018, 0.727, 0.45
2017-04-20 10:09:02,292, 1492675742292312867, 0.061, 0.19, -0.309, -1.04, 0.721, 0.409
2017-04-20 10:09:02,296, 1492675742296304435, 0.086, 0.16, -0.287, -1.081, 0.967, 0.406
2017-04-20 10:09:02,298, 1492675742298185671, 0.102, 0.183, -0.281, -1.077, 0.989, 0.401
2017-04-20 10:09:02,299, 1492675742299248048, 0.095, 0.15, -0.332, -1.04, 1.056, 0.304
2017-04-20 10:09:02,300, 1492675742300334350, 0.1, 0.164, -0.314, -1.022, 1.033, 0.3
2017-04-20 10:09:02,302, 1492675742302240253, 0.093, 0.159, -0.3, -1.016, 1.022, 0.279
2017-04-20 10:09:02,305, 1492675742304422123, 0.085, 0.153, -0.286, -0.99, 0.979, 0.328
2017-04-20 10:09:02,306, 1492675742306229838, 0.144, 0.15, -0.332, -1.001, 1.049, 0.414
2017-04-20 10:09:02,308, 1492675742308307601, 0.175, 0.147, -0.304, -1.031, 1.055, 0.373
2017-04-20 10:09:02,311, 1492675742310968330, 0.143, 0.155, -0.251, -1.125, 1.107, 0.369
2017-04-20 10:09:02,321, 1492675742320335499, 0.135, 0.159, -0.363, -1.129, 1.358, 0.345
2017-04-20 10:09:02,322, 1492675742322166194, 0.118, 0.181, -0.363, -1.1, 1.298, 0.393
2017-04-20 10:09:02,324, 1492675742324239628, 0.129, 0.206, -0.366, -1.081, 1.318, 0.345
2017-04-20 10:09:02,326, 1492675742326261253, 0.132, 0.227, -0.32, -1.094, 1.293, 0.369
2017-04-20 10:09:02,331, 1492675742331312107, 0.247, 0.244, -0.281, -1.373, 1.422, 0.39
2017-04-20 10:09:02,332, 1492675742332314670, 0.236, 0.257, -0.296, -1.415, 1.348, 0.365
2017-04-20 10:09:02,335, 1492675742335188786, 0.215, 0.243, -0.311, -1.494, 1.479, 0.309
2017-04-20 10:09:02,338, 1492675742337821666, 0.222, 0.217, -0.362, -1.467, 1.476, 0.279
2017-04-20 10:09:02,339, 1492675742339325394, 0.242, 0.211, -0.322, -1.369, 1.544, 0.215
2017-04-20 10:09:02,340, 1492675742340336816, 0.24, 0.178, -0.307, -1.364, 1.651, 0.227
2017-04-20 10:09:02,343, 1492675742343225021, 0.226, 0.157, -0.39, -1.196, 1.524, 0.336
2017-04-20 10:09:02,351, 1492675742350797046, 0.236, 0.182, -0.339, -1.124, 1.586, 0.26
2017-04-20 10:09:02,353, 1492675742352565557, 0.206, 0.242, -0.206, -1.144, 1.493, 0.243
2017-04-20 10:09:02,354, 1492675742354290564, 0.158, 0.199, -0.207, -1.251, 1.543, 0.203
2017-04-20 10:09:02,356, 1492675742356327515, 0.139, 0.206, -0.198, -1.314, 1.575, 0.36
2017-04-20 10:09:02,358, 1492675742358289285, 0.183, 0.222, -0.216, -1.369, 1.759, 0.417
2017-04-20 10:09:02,360, 1492675742360329579, 0.224, 0.222, -0.202, -1.443, 1.913, 0.292
2017-04-20 10:09:02,362, 1492675742362322972, 0.204, 0.236, -0.118, -1.447, 1.914, 0.133
2017-04-20 10:09:02,364, 1492675742364331192, 0.188, 0.218, -0.157, -1.341, 1.923, 0.146
2017-04-20 10:09:02,366, 1492675742366308923, 0.186, 0.212, -0.235, -1.128, 1.853, 0.345
2017-04-20 10:09:02,368, 1492675742368321210, 0.185, 0.2, -0.207, -0.998, 1.766, 0.271
2017-04-20 10:09:02,370, 1492675742370316743, 0.198, 0.144, -0.227, -0.901, 1.722, 0.26
2017-04-20 10:09:02,372, 1492675742372271779, 0.25, 0.187, -0.253, -0.925, 1.724, 0.271
2017-04-20 10:09:02,374, 1492675742374288368, 0.273, 0.22, -0.186, -0.988, 1.796, 0.385
2017-04-20 10:09:02,376, 1492675742376329071, 0.231, 0.246, -0.179, -1.091, 1.737, 0.271
2017-04-20 10:09:02,378, 1492675742378641845, 0.249, 0.24, -0.244, -1.232, 1.86, 0.207
2017-04-20 10:09:02,380, 1492675742380339558, 0.283, 0.242, -0.22, -1.288, 1.918, 0.166
2017-04-20 10:09:02,382, 1492675742382607818, 0.283, 0.248, -0.165, -1.378, 2.0, 0.26
2017-04-20 10:09:02,386, 1492675742386123205, 0.263, 0.234, -0.255, -1.401, 2.006, 0.231
2017-04-20 10:09:02,387, 1492675742387286192, 0.244, 0.285, -0.203, -1.371, 2.016, 0.296
2017-04-20 10:09:02,388, 1492675742388315098, 0.242, 0.286, -0.165, -1.384, 2.05, 0.235
2017-04-20 10:09:02,390, 1492675742390300780, 0.227, 0.268, -0.221, -1.351, 1.985, 0.223
2017-04-20 10:09:02,393, 1492675742393741682, 0.219, 0.233, -0.223, -1.309, 1.95, 0.288
2017-04-20 10:09:02,395, 1492675742395322141, 0.204, 0.206, -0.175, -1.214, 1.815, 0.271
2017-04-20 10:09:02,397, 1492675742397150967, 0.219, 0.228, -0.219, -1.202, 1.799, 0.296
2017-04-20 10:09:02,398, 1492675742398263038, 0.238, 0.219, -0.237, -1.198, 1.812, 0.223
2017-04-20 10:09:02,400, 1492675742400343964, 0.21, 0.197, -0.183, -1.193, 1.724, 0.3
2017-04-20 10:09:02,402, 1492675742402307326, 0.268, 0.234, -0.16, -1.307, 1.829, 0.215
2017-04-20 10:09:02,415, 1492675742412671640, 0.301, 0.24, -0.204, -1.299, 1.972, 0.138
2017-04-20 10:09:02,418, 1492675742417363383, 0.278, 0.242, -0.17, -1.283, 2.007, 0.154
2017-04-20 10:09:02,419, 1492675742419360712, 0.235, 0.252, -0.165, -1.327, 1.991, 0.101
2017-04-20 10:09:02,421, 1492675742421298280, 0.247, 0.266, -0.147, -1.368, 1.987, 0.141
2017-04-20 10:09:02,423, 1492675742423281595, 0.253, 0.253, -0.203, -1.397, 1.967, 0.174
2017-04-20 10:09:02,426, 1492675742426068540, 0.233, 0.25, -0.175, -1.448, 1.961, 0.138
2017-04-20 10:09:02,428, 1492675742428154478, 0.181, 0.231, -0.122, -1.453, 1.845, 0.195
2017-04-20 10:09:02,430, 1492675742430188213, 0.207, 0.266, -0.149, -1.422, 1.883, 0.133
2017-04-20 10:09:02,431, 1492675742431363630, 0.25, 0.26, -0.118, -1.383, 1.92, 0.065
2017-04-20 10:09:02,433, 1492675742433287813, 0.261, 0.236, -0.074, -1.344, 1.901, 0.044
2017-04-20 10:09:02,435, 1492675742435291125, 0.249, 0.232, -0.102, -1.269, 1.859, 0.033
2017-04-20 10:09:02,441, 1492675742441249708, 0.234, 0.2, -0.135, -1.112, 1.79, 0.057
2017-04-20 10:09:02,442, 1492675742442517998, 0.276, 0.197, -0.141, -1.11, 1.844, 0.041
2017-04-20 10:09:02,444, 1492675742444304039, 0.289, 0.216, -0.114, -1.171, 1.89, 0.069
2017-04-20 10:09:02,446, 1492675742446322551, 0.276, 0.224, -0.115, -1.259, 1.886, 0.049
2017-04-20 10:09:02,450, 1492675742450550144, 0.263, 0.214, -0.11, -1.314, 1.927, 0.041
2017-04-20 10:09:02,452, 1492675742452328959, 0.268, 0.247, -0.108, -1.375, 2.0, 0.036
2017-04-20 10:09:02,454, 1492675742454094335, 0.264, 0.245, -0.107, -1.382, 2.005, 0.057
2017-04-20 10:09:02,455, 1492675742455544880, 0.259, 0.243, -0.099, -1.37, 2.006, 0.073
2017-04-20 10:09:02,457, 1492675742457300806, 0.251, 0.214, -0.102, -1.356, 2.011, 0.06
2017-04-20 10:09:02,459, 1492675742459147252, 0.253, 0.233, -0.1, -1.325, 2.007, 0.073
2017-04-20 10:09:02,460, 1492675742460291351, 0.238, 0.235, -0.088, -1.288, 1.952, 0.081
2017-04-20 10:09:02,463, 1492675742463201924, 0.215, 0.217, -0.107, -1.246, 1.883, 0.089
2017-04-20 10:09:02,470, 1492675742470201855, 0.216, 0.19, -0.115, -1.233, 1.774, 0.085
2017-04-20 10:09:02,471, 1492675742471321650, 0.218, 0.193, -0.098, -1.242, 1.784, 0.077
2017-04-20 10:09:02,474, 1492675742474272683, 0.234, 0.19, -0.046, -1.287, 1.838, 0.028
2017-04-20 10:09:02,475, 1492675742475315376, 0.232, 0.21, -0.052, -1.301, 1.854, 0.024
2017-04-20 10:09:02,480, 1492675742480595746, 0.26, 0.222, -0.067, -1.326, 1.932, 0.049
2017-04-20 10:09:02,482, 1492675742482759659, 0.258, 0.224, -0.041, -1.255, 1.977, 0.101
2017-04-20 10:09:02,484, 1492675742484317978, 0.277, 0.224, -0.062, -1.235, 2.005, 0.093
2017-04-20 10:09:02,486, 1492675742486349387, 0.26, 0.21, -0.05, -1.214, 1.991, 0.065
2017-04-20 10:09:02,488, 1492675742488300702, 0.259, 0.222, -0.031, -1.197, 1.945, 0.028
2017-04-20 10:09:02,490, 1492675742490444756, 0.232, 0.225, -0.032, -1.159, 1.882, 0.069
2017-04-20 10:09:02,492, 1492675742492293167, 0.249, 0.229, -0.06, -1.142, 1.858, 0.093
2017-04-20 10:09:02,494, 1492675742494303790, 0.243, 0.201, -0.044, -1.146, 1.81, 0.117
2017-04-20 10:09:02,496, 1492675742496308599, 0.228, 0.176, -0.033, -1.139, 1.751, 0.138
2017-04-20 10:09:02,498, 1492675742498340125, 0.222, 0.176, -0.07, -1.127, 1.729, 0.13
2017-04-20 10:09:02,500, 1492675742500313994, 0.212, 0.189, -0.081, -1.117, 1.711, 0.158
2017-04-20 10:09:02,502, 1492675742502307862, 0.207, 0.167, -0.069, -1.123, 1.738, 0.085
2017-04-20 10:09:02,505, 1492675742504295013, 0.206, 0.168, -0.077, -1.112, 1.75, 0.06
2017-04-20 10:09:02,507, 1492675742507290351, 0.212, 0.169, -0.068, -1.1, 1.811, 0.073
2017-04-20 10:09:02,509, 1492675742509116768, 0.221, 0.175, -0.072, -1.076, 1.839, 0.093
2017-04-20 10:09:02,510, 1492675742510318511, 0.223, 0.175, -0.076, -1.051, 1.842, 0.097
2017-04-20 10:09:02,513, 1492675742512488908, 0.219, 0.168, -0.08, -1.048, 1.832, 0.122
2017-04-20 10:09:02,521, 1492675742521669659, 0.197, 0.187, -0.077, -1.046, 1.761, 0.141
2017-04-20 10:09:02,523, 1492675742523499586, 0.2, 0.167, -0.064, -1.026, 1.715, 0.171
2017-04-20 10:09:02,525, 1492675742525321131, 0.185, 0.166, -0.069, -0.991, 1.71, 0.154
2017-04-20 10:09:02,527, 1492675742527425798, 0.18, 0.154, -0.059, -0.947, 1.701, 0.141
2017-04-20 10:09:02,533, 1492675742533331784, 0.176, 0.141, -0.067, -0.91, 1.723, 0.138
2017-04-20 10:09:02,535, 1492675742535102354, 0.185, 0.129, -0.057, -0.91, 1.722, 0.133
2017-04-20 10:09:02,537, 1492675742537164586, 0.164, 0.138, -0.051, -0.906, 1.707, 0.13
2017-04-20 10:09:02,539, 1492675742539276786, 0.178, 0.132, -0.051, -0.899, 1.689, 0.141
2017-04-20 10:09:02,541, 1492675742541206451, 0.174, 0.136, -0.073, -0.892, 1.679, 0.13
2017-04-20 10:09:02,543, 1492675742543177272, 0.168, 0.139, -0.049, -0.884, 1.655, 0.133
2017-04-20 10:09:02,553, 1492675742548592520, 0.169, 0.143, -0.043, -0.874, 1.637, 0.141
2017-04-20 10:09:02,553, 1492675742553422640, 0.185, 0.148, -0.051, -0.785, 1.571, 0.179
2017-04-20 10:09:02,555, 1492675742555327352, 0.176, 0.141, -0.065, -0.771, 1.566, 0.179
2017-04-20 10:09:02,561, 1492675742561300787, 0.179, 0.134, -0.054, -0.729, 1.526, 0.15
2017-04-20 10:09:02,563, 1492675742563184852, 0.164, 0.125, -0.068, -0.721, 1.519, 0.13
2017-04-20 10:09:02,565, 1492675742565152169, 0.159, 0.121, -0.059, -0.721, 1.504, 0.125
2017-04-20 10:09:02,567, 1492675742567159310, 0.169, 0.121, -0.07, -0.71, 1.492, 0.15
2017-04-20 10:09:02,569, 1492675742569148086, 0.152, 0.104, -0.056, -0.695, 1.477, 0.174
2017-04-20 10:09:02,571, 1492675742571127974, 0.156, 0.1, -0.064, -0.683, 1.457, 0.179
2017-04-20 10:09:02,573, 1492675742573214332, 0.155, 0.086, -0.084, -0.653, 1.437, 0.166
2017-04-20 10:09:02,577, 1492675742577340705, 0.148, 0.094, -0.057, -0.618, 1.411, 0.158
2017-04-20 10:09:02,579, 1492675742579274483, 0.146, 0.102, -0.078, -0.616, 1.394, 0.162
2017-04-20 10:09:02,581, 1492675742581227274, 0.148, 0.11, -0.078, -0.615, 1.379, 0.171
2017-04-20 10:09:02,583, 1492675742583225717, 0.152, 0.098, -0.072, -0.608, 1.36, 0.174
2017-04-20 10:09:02,585, 1492675742585471159, 0.151, 0.12, -0.075, -0.591, 1.341, 0.198
2017-04-20 10:09:02,587, 1492675742587326112, 0.142, 0.114, -0.084, -0.562, 1.326, 0.223
2017-04-20 10:09:02,589, 1492675742589332044, 0.146, 0.106, -0.1, -0.542, 1.314, 0.203
2017-04-20 10:09:02,591, 1492675742591183645, 0.149, 0.106, -0.109, -0.513, 1.312, 0.211
2017-04-20 10:09:02,597, 1492675742597316407, 0.134, 0.104, -0.09, -0.567, 1.326, 0.198
2017-04-20 10:09:02,598, 1492675742598302180, 0.123, 0.11, -0.056, -0.572, 1.325, 0.182
2017-04-20 10:09:02,601, 1492675742601194502, 0.148, 0.129, -0.003, -0.619, 1.357, 0.171
2017-04-20 10:09:02,603, 1492675742603130626, 0.165, 0.123, -0.06, -0.658, 1.404, 0.141
2017-04-20 10:09:02,605, 1492675742605186573, 0.151, 0.115, -0.059, -0.688, 1.39, 0.125
2017-04-20 10:09:02,607, 1492675742607140583, 0.126, 0.103, 0.006, -0.681, 1.329, 0.138
2017-04-20 10:09:02,609, 1492675742609313321, 0.148, 0.111, -0.04, -0.658, 1.351, 0.13
2017-04-20 10:09:02,611, 1492675742611130679, 0.164, 0.126, -0.054, -0.628, 1.358, 0.15
2017-04-20 10:09:02,613, 1492675742613176417, 0.145, 0.105, 0.005, -0.582, 1.315, 0.141
2017-04-20 10:09:02,615, 1492675742615187700, 0.134, 0.094, -0.028, -0.528, 1.263, 0.125
2017-04-20 10:09:02,617, 1492675742617486248, 0.142, 0.093, -0.082, -0.486, 1.252, 0.187
2017-04-20 10:09:02,619, 1492675742619285796, 0.145, 0.103, -0.083, -0.45, 1.233, 0.198
2017-04-20 10:09:02,621, 1492675742621279581, 0.14, 0.094, -0.061, -0.438, 1.208, 0.171
2017-04-20 10:09:02,623, 1492675742623299667, 0.143, 0.075, -0.084, -0.431, 1.199, 0.239
2017-04-20 10:09:02,626, 1492675742625237528, 0.155, 0.082, -0.087, -0.442, 1.204, 0.263
2017-04-20 10:09:02,627, 1492675742627151695, 0.145, 0.091, -0.091, -0.462, 1.211, 0.195
2017-04-20 10:09:02,629, 1492675742629277480, 0.129, 0.095, -0.09, -0.456, 1.212, 0.154
2017-04-20 10:09:02,631, 1492675742631185068, 0.135, 0.09, -0.09, -0.462, 1.236, 0.187
2017-04-20 10:09:02,633, 1492675742633183389, 0.149, 0.1, -0.072, -0.49, 1.279, 0.179
2017-04-20 10:09:02,635, 1492675742635148135, 0.142, 0.09, -0.068, -0.492, 1.299, 0.13
2017-04-20 10:09:02,637, 1492675742637469678, 0.142, 0.101, -0.07, -0.466, 1.31, 0.13
2017-04-20 10:09:02,639, 1492675742639337459, 0.137, 0.106, -0.058, -0.444, 1.311, 0.13
2017-04-20 10:09:02,641, 1492675742641339169, 0.156, 0.107, -0.053, -0.434, 1.313, 0.141
2017-04-20 10:09:02,643, 1492675742643169179, 0.135, 0.107, -0.067, -0.413, 1.309, 0.125
2017-04-20 10:09:02,645, 1492675742645200621, 0.144, 0.098, -0.042, -0.383, 1.28, 0.171
2017-04-20 10:09:02,647, 1492675742647191358, 0.153, 0.1, -0.041, -0.367, 1.253, 0.179
2017-04-20 10:09:02,653, 1492675742653109316, 0.14, 0.097, -0.056, -0.353, 1.219, 0.174
2017-04-20 10:09:02,657, 1492675742657176932, 0.128, 0.077, -0.044, -0.376, 1.156, 0.247
2017-04-20 10:09:02,659, 1492675742659357190, 0.132, 0.081, -0.039, -0.399, 1.141, 0.227
2017-04-20 10:09:02,661, 1492675742661234870, 0.113, 0.078, -0.038, -0.404, 1.15, 0.239
2017-04-20 10:09:02,662, 1492675742662347039, 0.122, 0.085, -0.045, -0.408, 1.178, 0.219
2017-04-20 10:09:02,664, 1492675742664339400, 0.129, 0.086, -0.043, -0.414, 1.206, 0.203
2017-04-20 10:09:02,666, 1492675742666316146, 0.138, 0.087, -0.028, -0.415, 1.225, 0.174
2017-04-20 10:09:02,668, 1492675742668310950, 0.142, 0.087, -0.051, -0.415, 1.241, 0.166
2017-04-20 10:09:02,670, 1492675742670337416, 0.146, 0.077, -0.051, -0.421, 1.252, 0.109
2017-04-20 10:09:02,673, 1492675742673141597, 0.152, 0.093, -0.052, -0.421, 1.266, 0.101
2017-04-20 10:09:02,675, 1492675742675257338, 0.156, 0.1, -0.07, -0.419, 1.271, 0.089
2017-04-20 10:09:02,676, 1492675742676291455, 0.148, 0.089, -0.066, -0.416, 1.259, 0.077
2017-04-20 10:09:02,678, 1492675742678305387, 0.142, 0.086, -0.034, -0.406, 1.232, 0.093
2017-04-20 10:09:02,681, 1492675742681270615, 0.144, 0.082, -0.077, -0.382, 1.213, 0.114
2017-04-20 10:09:02,682, 1492675742682346795, 0.133, 0.093, -0.086, -0.345, 1.198, 0.162
2017-04-20 10:09:02,684, 1492675742684315532, 0.142, 0.076, -0.051, -0.32, 1.167, 0.187
2017-04-20 10:09:02,686, 1492675742686319858, 0.142, 0.087, -0.055, -0.304, 1.152, 0.179
2017-04-20 10:09:02,688, 1492675742688352092, 0.137, 0.079, -0.084, -0.304, 1.143, 0.198
2017-04-20 10:09:02,690, 1492675742690365078, 0.122, 0.084, -0.071, -0.323, 1.122, 0.203
2017-04-20 10:09:02,692, 1492675742692593766, 0.11, 0.084, -0.072, -0.343, 1.122, 0.223
2017-04-20 10:09:02,694, 1492675742694348978, 0.119, 0.082, -0.075, -0.372, 1.137, 0.231
2017-04-20 10:09:02,698, 1492675742697647713, 0.113, 0.089, -0.059, -0.399, 1.143, 0.219
2017-04-20 10:09:02,699, 1492675742699348877, 0.117, 0.09, -0.039, -0.416, 1.166, 0.207
2017-04-20 10:09:02,701, 1492675742701207888, 0.134, 0.088, -0.048, -0.425, 1.181, 0.19
2017-04-20 10:09:02,702, 1492675742702330850, 0.127, 0.092, -0.048, -0.43, 1.184, 0.179
2017-04-20 10:09:02,704, 1492675742704299763, 0.131, 0.077, -0.047, -0.428, 1.189, 0.195
2017-04-20 10:09:02,706, 1492675742706324482, 0.128, 0.089, -0.058, -0.408, 1.204, 0.166
2017-04-20 10:09:02,708, 1492675742708299647, 0.144, 0.09, -0.057, -0.39, 1.218, 0.166
2017-04-20 10:09:02,710, 1492675742710317518, 0.152, 0.096, -0.046, -0.375, 1.219, 0.171
2017-04-20 10:09:02,712, 1492675742712519369, 0.146, 0.073, -0.055, -0.37, 1.211, 0.171
2017-04-20 10:09:02,714, 1492675742714319197, 0.144, 0.081, -0.054, -0.368, 1.203, 0.141
2017-04-20 10:09:02,716, 1492675742716269343, 0.156, 0.105, -0.052, -0.375, 1.214, 0.138
2017-04-20 10:09:02,719, 1492675742719579746, 0.149, 0.097, -0.057, -0.398, 1.217, 0.158
2017-04-20 10:09:02,724, 1492675742724571880, 0.144, 0.09, -0.048, -0.416, 1.203, 0.15
2017-04-20 10:09:02,727, 1492675742726840940, 0.13, 0.092, -0.063, -0.42, 1.186, 0.158
2017-04-20 10:09:02,728, 1492675742728289322, 0.119, 0.085, -0.054, -0.408, 1.162, 0.171
2017-04-20 10:09:02,730, 1492675742730339557, 0.112, 0.069, -0.047, -0.395, 1.147, 0.195
2017-04-20 10:09:02,732, 1492675742732611211, 0.103, 0.074, -0.065, -0.372, 1.126, 0.215
2017-04-20 10:09:02,734, 1492675742734338738, 0.102, 0.061, -0.069, -0.331, 1.105, 0.219
2017-04-20 10:09:02,736, 1492675742736311002, 0.09, 0.068, -0.069, -0.304, 1.081, 0.227
2017-04-20 10:09:02,738, 1492675742738325334, 0.089, 0.057, -0.07, -0.278, 1.062, 0.243
2017-04-20 10:09:02,740, 1492675742740299497, 0.082, 0.034, -0.101, -0.256, 1.062, 0.235
2017-04-20 10:09:02,742, 1492675742742543666, 0.093, 0.041, -0.081, -0.233, 1.047, 0.239
2017-04-20 10:09:02,749, 1492675742749309424, 0.086, 0.055, -0.099, -0.135, 1.054, 0.187
2017-04-20 10:09:02,751, 1492675742751212880, 0.102, 0.042, -0.085, -0.133, 1.061, 0.198
2017-04-20 10:09:02,760, 1492675742759733905, 0.095, 0.058, -0.101, -0.161, 1.097, 0.162
2017-04-20 10:09:02,761, 1492675742761313949, 0.095, 0.064, -0.097, -0.16, 1.091, 0.179
2017-04-20 10:09:02,763, 1492675742763510208, 0.088, 0.058, -0.102, -0.162, 1.09, 0.182
2017-04-20 10:09:02,765, 1492675742765342746, 0.094, 0.043, -0.104, -0.156, 1.077, 0.174
2017-04-20 10:09:02,767, 1492675742767312893, 0.095, 0.051, -0.109, -0.151, 1.065, 0.195
2017-04-20 10:09:02,769, 1492675742769308150, 0.088, 0.043, -0.117, -0.152, 1.048, 0.215
2017-04-20 10:09:02,771, 1492675742771256045, 0.089, 0.048, -0.121, -0.151, 1.035, 0.219
2017-04-20 10:09:02,773, 1492675742773315130, 0.088, 0.046, -0.125, -0.163, 1.033, 0.223
2017-04-20 10:09:02,775, 1492675742775285840, 0.084, 0.033, -0.115, -0.172, 1.011, 0.235
2017-04-20 10:09:02,777, 1492675742777387071, 0.077, 0.033, -0.139, -0.178, 1.01, 0.247
2017-04-20 10:09:02,779, 1492675742779297732, 0.067, 0.036, -0.158, -0.162, 0.996, 0.26
2017-04-20 10:09:02,781, 1492675742781340797, 0.075, 0.043, -0.158, -0.142, 1.007, 0.243
2017-04-20 10:09:02,783, 1492675742783361939, 0.079, 0.042, -0.171, -0.122, 1.007, 0.231
2017-04-20 10:09:02,785, 1492675742785313176, 0.078, 0.044, -0.196, -0.105, 1.003, 0.239
2017-04-20 10:09:02,787, 1492675742787606542, 0.096, 0.045, -0.171, -0.112, 1.032, 0.255
2017-04-20 10:09:02,790, 1492675742789982738, 0.099, 0.061, -0.195, -0.118, 1.04, 0.26
2017-04-20 10:09:02,791, 1492675742791309452, 0.09, 0.056, -0.198, -0.123, 1.041, 0.243
2017-04-20 10:09:02,793, 1492675742793310838, 0.099, 0.06, -0.208, -0.13, 1.044, 0.239
2017-04-20 10:09:02,797, 1492675742797313030, 0.11, 0.062, -0.24, -0.131, 1.065, 0.239
2017-04-20 10:09:02,799, 1492675742799360219, 0.118, 0.062, -0.237, -0.132, 1.071, 0.243
2017-04-20 10:09:02,801, 1492675742801312564, 0.127, 0.065, -0.222, -0.112, 1.075, 0.235
2017-04-20 10:09:02,802, 1492675742802431746, 0.118, 0.054, -0.24, -0.096, 1.07, 0.239
2017-04-20 10:09:02,804, 1492675742804294384, 0.105, 0.059, -0.263, -0.075, 1.057, 0.235
2017-04-20 10:09:02,805, 1492675742805324482, 0.11, 0.048, -0.282, -0.035, 1.026, 0.243
2017-04-20 10:09:02,807, 1492675742807277967, 0.11, 0.061, -0.257, -0.017, 1.03, 0.239
2017-04-20 10:09:02,809, 1492675742809336326, 0.123, 0.062, -0.26, -0.004, 1.028, 0.243
2017-04-20 10:09:02,811, 1492675742811300140, 0.132, 0.062, -0.281, -0.024, 1.041, 0.223
2017-04-20 10:09:02,813, 1492675742813336919, 0.108, 0.05, -0.296, -0.036, 1.022, 0.227
2017-04-20 10:09:02,815, 1492675742815314829, 0.11, 0.06, -0.272, -0.039, 1.014, 0.235
2017-04-20 10:09:02,817, 1492675742817449612, 0.113, 0.06, -0.297, -0.011, 1.005, 0.219
2017-04-20 10:09:02,819, 1492675742819276523, 0.135, 0.082, -0.281, -0.012, 1.054, 0.158
2017-04-20 10:09:02,821, 1492675742821330089, 0.156, 0.099, -0.251, -0.064, 1.101, 0.141
2017-04-20 10:09:02,825, 1492675742824725867, 0.128, 0.095, -0.235, -0.113, 1.1, 0.109
2017-04-20 10:09:02,830, 1492675742830174194, 0.136, 0.14, -0.275, -0.231, 1.252, 0.117
2017-04-20 10:09:02,831, 1492675742831235547, 0.175, 0.13, -0.272, -0.285, 1.339, 0.105
2017-04-20 10:09:02,833, 1492675742833331785, 0.155, 0.118, -0.278, -0.326, 1.329, 0.122
2017-04-20 10:09:02,835, 1492675742835284392, 0.14, 0.12, -0.273, -0.332, 1.361, 0.162
2017-04-20 10:09:02,837, 1492675742837497808, 0.156, 0.137, -0.299, -0.303, 1.417, 0.114
2017-04-20 10:09:02,839, 1492675742839354459, 0.124, 0.135, -0.301, -0.291, 1.408, 0.101
2017-04-20 10:09:02,841, 1492675742841285032, 0.143, 0.125, -0.307, -0.304, 1.424, 0.133
2017-04-20 10:09:02,843, 1492675742843268720, 0.142, 0.113, -0.36, -0.281, 1.405, 0.166
2017-04-20 10:09:02,845, 1492675742845332004, 0.189, 0.104, -0.344, -0.284, 1.514, 0.174
2017-04-20 10:09:02,847, 1492675742847286240, 0.182, 0.139, -0.306, -0.398, 1.538, 0.166
2017-04-20 10:09:02,849, 1492675742849270445, 0.141, 0.127, -0.369, -0.392, 1.479, 0.166
2017-04-20 10:09:02,851, 1492675742851253426, 0.121, 0.133, -0.415, -0.316, 1.482, 0.114
2017-04-20 10:09:02,853, 1492675742853361826, 0.185, 0.167, -0.335, -0.316, 1.54, 0.146
2017-04-20 10:09:02,855, 1492675742855311482, 0.187, 0.124, -0.334, -0.35, 1.554, 0.13
2017-04-20 10:09:02,861, 1492675742861077466, 0.143, 0.098, -0.432, -0.343, 1.491, 0.166
2017-04-20 10:09:02,862, 1492675742862290748, 0.143, 0.163, -0.428, -0.234, 1.466, 0.109
2017-04-20 10:09:02,864, 1492675742864315460, 0.178, 0.126, -0.44, -0.291, 1.529, 0.146
2017-04-20 10:09:02,866, 1492675742866274360, 0.203, 0.158, -0.312, -0.355, 1.556, 0.239
2017-04-20 10:09:02,869, 1492675742869196997, 0.204, 0.163, -0.441, -0.326, 1.587, 0.215
2017-04-20 10:09:02,870, 1492675742870281033, 0.234, 0.198, -0.458, -0.41, 1.71, 0.223
2017-04-20 10:09:02,874, 1492675742874369329, 0.218, 0.197, -0.343, -0.528, 1.694, 0.263
2017-04-20 10:09:02,876, 1492675742876162993, 0.229, 0.18, -0.463, -0.653, 1.758, 0.333
2017-04-20 10:09:02,877, 1492675742877465526, 0.244, 0.2, -0.464, -0.712, 1.81, 0.36
2017-04-20 10:09:02,879, 1492675742879294649, 0.266, 0.201, -0.421, -0.706, 1.809, 0.328
2017-04-20 10:09:02,880, 1492675742880362803, 0.271, 0.218, -0.412, -0.703, 1.905, 0.247
2017-04-20 10:09:02,882, 1492675742882272829, 0.253, 0.203, -0.472, -0.7, 1.897, 0.198
2017-04-20 10:09:02,884, 1492675742884328676, 0.204, 0.208, -0.475, -0.664, 1.832, 0.292
2017-04-20 10:09:02,886, 1492675742886273375, 0.244, 0.212, -0.482, -0.705, 1.935, 0.263
2017-04-20 10:09:02,889, 1492675742889281002, 0.252, 0.195, -0.433, -0.744, 1.959, 0.223
2017-04-20 10:09:02,891, 1492675742891283411, 0.24, 0.21, -0.457, -0.795, 1.945, 0.158
2017-04-20 10:09:02,894, 1492675742893833047, 0.274, 0.248, -0.448, -0.832, 1.98, 0.312
2017-04-20 10:09:02,895, 1492675742895310578, 0.294, 0.239, -0.423, -0.935, 2.03, 0.195
2017-04-20 10:09:02,897, 1492675742897436808, 0.297, 0.247, -0.351, -1.007, 2.037, 0.219
2017-04-20 10:09:02,899, 1492675742899173564, 0.333, 0.268, -0.382, -1.099, 2.119, 0.235
2017-04-20 10:09:02,900, 1492675742900368335, 0.384, 0.283, -0.615, -1.086, 2.203, 0.174
2017-04-20 10:09:02,902, 1492675742902270616, 0.427, 0.293, -0.472, -1.066, 2.25, 0.365
2017-04-20 10:09:02,904, 1492675742904329609, 0.452, 0.348, -0.515, -1.154, 2.236, 0.279
2017-04-20 10:09:02,906, 1492675742906265786, 0.421, 0.284, -0.661, -1.137, 2.175, 0.417
2017-04-20 10:09:02,908, 1492675742908316931, 0.391, 0.294, -0.557, -1.156, 2.079, 0.507
2017-04-20 10:09:02,910, 1492675742910276201, 0.37, 0.327, -0.544, -1.194, 2.089, 0.528
2017-04-20 10:09:02,912, 1492675742912536628, 0.403, 0.321, -0.684, -1.237, 2.186, 0.479
2017-04-20 10:09:02,917, 1492675742917303355, 0.355, 0.328, -0.481, -1.46, 2.126, 0.986
2017-04-20 10:09:02,919, 1492675742919126273, 0.344, 0.306, -0.471, -1.641, 2.208, 0.896
2017-04-20 10:09:02,921, 1492675742921130390, 0.284, 0.317, -0.528, -2.022, 2.291, 0.986
2017-04-20 10:09:02,923, 1492675742923168799, 0.314, 0.329, -0.396, -2.198, 2.424, 1.234
2017-04-20 10:09:02,928, 1492675742928072010, 0.439, 0.409, -0.466, -2.385, 2.753, 1.27
2017-04-20 10:09:02,929, 1492675742929393721, 0.538, 0.482, -0.255, -2.285, 2.695, 0.714
2017-04-20 10:09:02,931, 1492675742931277579, 0.418, 0.401, -0.487, -2.144, 2.489, 0.986
2017-04-20 10:09:02,933, 1492675742933339862, 0.387, 0.336, -0.769, -2.095, 2.442, 1.072
2017-04-20 10:09:02,935, 1492675742935272738, 0.365, 0.379, -0.523, -2.01, 2.309, 1.035
2017-04-20 10:09:02,937, 1492675742937344346, 0.477, 0.432, -0.502, -2.041, 2.501, 0.909
2017-04-20 10:09:02,939, 1492675742939258433, 0.532, 0.371, -0.723, -2.099, 2.593, 0.982
2017-04-20 10:09:02,941, 1492675742941323387, 0.511, 0.392, -0.549, -2.241, 2.619, 1.132
2017-04-20 10:09:02,943, 1492675742943344879, 0.492, 0.406, -0.505, -2.345, 2.694, 1.023
2017-04-20 10:09:02,945, 1492675742945323679, 0.491, 0.432, -0.797, -2.329, 2.732, 0.88
2017-04-20 10:09:02,947, 1492675742947289743, 0.523, 0.489, -0.864, -2.269, 2.724, 0.921
2017-04-20 10:09:02,949, 1492675742949326295, 0.495, 0.465, -0.738, -2.176, 2.518, 1.092
2017-04-20 10:09:02,951, 1492675742951297961, 0.484, 0.453, -0.879, -2.184, 2.49, 1.067
2017-04-20 10:09:02,953, 1492675742953668369, 0.444, 0.448, -0.952, -2.076, 2.413, 1.056
2017-04-20 10:09:02,955, 1492675742955300913, 0.416, 0.463, -0.89, -1.781, 2.298, 1.035
2017-04-20 10:09:02,965, 1492675742960601897, 0.466, 0.457, -1.068, -1.649, 2.386, 0.937
2017-04-20 10:09:02,966, 1492675742966289569, 0.564, 0.498, -1.807, -1.536, 2.223, 0.718
2017-04-20 10:09:02,968, 1492675742968136623, 0.489, 0.459, -1.815, -1.479, 2.097, 0.58
2017-04-20 10:09:02,972, 1492675742970272130, 0.438, 0.359, -1.962, -1.505, 2.01, 0.698
2017-04-20 10:09:02,972, 1492675742972357959, 0.392, 0.342, -1.973, -1.41, 1.887, 0.633
2017-04-20 10:09:02,974, 1492675742974134403, 0.431, 0.337, -1.982, -1.324, 2.006, 0.726
2017-04-20 10:09:02,976, 1492675742976336082, 0.487, 0.345, -1.967, -1.376, 2.189, 0.856
2017-04-20 10:09:02,978, 1492675742978291158, 0.428, 0.357, -1.987, -1.447, 2.239, 0.82
2017-04-20 10:09:02,980, 1492675742980254024, 0.399, 0.358, -1.969, -1.448, 2.306, 0.766
2017-04-20 10:09:02,982, 1492675742982237929, 0.309, 0.331, -1.984, -1.436, 2.315, 0.824
2017-04-20 10:09:02,985, 1492675742985303921, 0.275, 0.342, -2.023, -1.581, 2.387, 0.75
2017-04-20 10:09:02,987, 1492675742987155672, 0.283, 0.33, -2.007, -1.585, 2.403, 0.771
2017-04-20 10:09:02,988, 1492675742988258659, 0.267, 0.298, -2.035, -1.577, 2.414, 0.796
2017-04-20 10:09:02,994, 1492675742994115909, 0.248, 0.304, -2.055, -1.641, 2.355, 0.82
2017-04-20 10:09:02,995, 1492675742995341768, 0.292, 0.292, -2.057, -1.587, 2.376, 0.84
2017-04-20 10:09:02,998, 1492675742997789989, 0.36, 0.289, -2.033, -1.56, 2.402, 0.848
2017-04-20 10:09:02,999, 1492675742999488722, 0.405, 0.273, -2.04, -1.548, 2.437, 0.929
2017-04-20 10:09:03,002, 1492675743002090201, 0.467, 0.277, -2.013, -1.569, 2.458, 1.137
2017-04-20 10:09:03,004, 1492675743004257319, 0.48, 0.323, -1.983, -1.66, 2.392, 1.169
2017-04-20 10:09:03,005, 1492675743005290938, 0.455, 0.33, -1.999, -1.662, 2.321, 0.901
2017-04-20 10:09:03,007, 1492675743007306602, 0.418, 0.387, -2.006, -1.704, 2.176, 0.856
2017-04-20 10:09:03,009, 1492675743009289930, 0.425, 0.374, -2.03, -1.602, 2.177, 0.942
2017-04-20 10:09:03,011, 1492675743011304507, 0.447, 0.349, -2.026, -1.47, 2.196, 0.856
2017-04-20 10:09:03,013, 1492675743013311250, 0.468, 0.294, -2.03, -1.368, 2.133, 0.731
2017-04-20 10:09:03,021, 1492675743021331535, 0.191, 0.251, -2.079, -1.473, 1.631, 0.698
2017-04-20 10:09:03,023, 1492675743023121893, 0.16, 0.254, -2.068, -1.537, 1.657, 0.747
2017-04-20 10:09:03,028, 1492675743025445497, 0.165, 0.275, -2.09, -1.626, 1.765, 0.848
2017-04-20 10:09:03,028, 1492675743027478683, 0.246, 0.274, -2.077, -1.608, 2.011, 0.844
2017-04-20 10:09:03,033, 1492675743033340552, 0.361, 0.261, -2.087, -1.561, 2.38, 0.796
2017-04-20 10:09:03,035, 1492675743035144266, 0.357, 0.312, -2.102, -1.599, 2.31, 0.747
2017-04-20 10:09:03,037, 1492675743037253485, 0.339, 0.339, -2.1, -1.651, 2.197, 0.702
2017-04-20 10:09:03,039, 1492675743039212791, 0.302, 0.318, -2.109, -1.63, 2.058, 0.775
2017-04-20 10:09:03,041, 1492675743041222355, 0.281, 0.285, -2.128, -1.515, 1.976, 0.872
2017-04-20 10:09:03,043, 1492675743043193868, 0.273, 0.258, -2.139, -1.473, 1.962, 0.896
2017-04-20 10:09:03,045, 1492675743045250197, 0.311, 0.257, -2.128, -1.393, 2.021, 0.934
2017-04-20 10:09:03,047, 1492675743047538633, 0.331, 0.25, -2.138, -1.278, 2.094, 0.954
2017-04-20 10:09:03,049, 1492675743049331534, 0.319, 0.213, -2.112, -1.217, 2.096, 0.888
2017-04-20 10:09:03,051, 1492675743051301272, 0.283, 0.218, -2.119, -1.287, 2.063, 0.864
2017-04-20 10:09:03,053, 1492675743053207514, 0.255, 0.231, -2.128, -1.333, 2.058, 0.864
2017-04-20 10:09:03,055, 1492675743055285617, 0.26, 0.228, -2.122, -1.351, 2.141, 0.791
2017-04-20 10:09:03,064, 1492675743062026475, 0.294, 0.216, -2.149, -1.487, 2.337, 0.791
2017-04-20 10:09:03,064, 1492675743064089061, 0.307, 0.23, -2.138, -1.457, 2.339, 0.799
2017-04-20 10:09:03,065, 1492675743065327761, 0.322, 0.244, -2.143, -1.406, 2.33, 0.807
2017-04-20 10:09:03,067, 1492675743067276982, 0.314, 0.266, -2.147, -1.389, 2.289, 0.921
2017-04-20 10:09:03,069, 1492675743069327873, 0.333, 0.26, -2.155, -1.354, 2.273, 0.974
2017-04-20 10:09:03,074, 1492675743074358896, 0.364, 0.247, -2.147, -1.283, 2.191, 0.962
2017-04-20 10:09:03,076, 1492675743076198506, 0.331, 0.23, -2.149, -1.217, 2.068, 0.945
2017-04-20 10:09:03,078, 1492675743078295428, 0.287, 0.235, -2.155, -1.212, 1.935, 0.909
2017-04-20 10:09:03,080, 1492675743080337691, 0.255, 0.215, -2.167, -1.177, 1.868, 0.88
2017-04-20 10:09:03,082, 1492675743082191852, 0.227, 0.201, -2.163, -1.134, 1.824, 0.885
2017-04-20 10:09:03,084, 1492675743084257211, 0.23, 0.186, -2.166, -1.092, 1.822, 0.852
2017-04-20 10:09:03,086, 1492675743086196960, 0.228, 0.163, -2.156, -1.076, 1.824, 0.783
2017-04-20 10:09:03,103, 1492675743097297735, 0.216, 0.203, -2.159, -1.167, 1.826, 0.731
2017-04-20 10:09:03,104, 1492675743099567433, 0.234, 0.199, -2.12, -1.143, 1.8, 0.779
2017-04-20 10:09:03,104, 1492675743101964831, 0.261, 0.19, -2.12, -1.144, 1.834, 0.783
2017-04-20 10:09:03,104, 1492675743103281616, 0.257, 0.219, -2.126, -1.203, 1.829, 0.82
2017-04-20 10:09:03,105, 1492675743105313056, 0.267, 0.236, -2.114, -1.228, 1.846, 0.832
2017-04-20 10:09:03,107, 1492675743107560449, 0.265, 0.224, -2.115, -1.242, 1.86, 0.84
2017-04-20 10:09:03,109, 1492675743109312584, 0.262, 0.229, -2.139, -1.235, 1.853, 0.84
2017-04-20 10:09:03,111, 1492675743111305840, 0.255, 0.22, -2.134, -1.223, 1.84, 0.844
2017-04-20 10:09:03,113, 1492675743113312558, 0.247, 0.207, -2.138, -1.204, 1.82, 0.856
2017-04-20 10:09:03,115, 1492675743115271868, 0.244, 0.211, -2.13, -1.208, 1.803, 0.856
2017-04-20 10:09:03,118, 1492675743117466455, 0.238, 0.219, -2.129, -1.208, 1.799, 0.856
2017-04-20 10:09:03,119, 1492675743119507300, 0.229, 0.225, -2.122, -1.233, 1.793, 0.824
2017-04-20 10:09:03,121, 1492675743121343868, 0.23, 0.228, -2.117, -1.249, 1.784, 0.804
2017-04-20 10:09:03,123, 1492675743123280804, 0.222, 0.226, -2.108, -1.252, 1.779, 0.807
2017-04-20 10:09:03,125, 1492675743125299417, 0.23, 0.225, -2.11, -1.249, 1.775, 0.799
2017-04-20 10:09:03,127, 1492675743127237160, 0.224, 0.235, -2.127, -1.247, 1.756, 0.796
2017-04-20 10:09:03,129, 1492675743129469705, 0.222, 0.252, -2.142, -1.25, 1.732, 0.812
2017-04-20 10:09:03,131, 1492675743131255622, 0.224, 0.245, -2.129, -1.223, 1.714, 0.804
2017-04-20 10:09:03,134, 1492675743134341046, 0.229, 0.231, -2.114, -1.206, 1.688, 0.815
2017-04-20 10:09:03,137, 1492675743137047703, 0.235, 0.227, -2.12, -1.206, 1.678, 0.828
2017-04-20 10:09:03,138, 1492675743138301984, 0.224, 0.226, -2.111, -1.187, 1.632, 0.844
2017-04-20 10:09:03,139, 1492675743139303468, 0.225, 0.212, -2.126, -1.169, 1.625, 0.828
2017-04-20 10:09:03,141, 1492675743141262014, 0.23, 0.195, -2.109, -1.152, 1.619, 0.844
2017-04-20 10:09:03,143, 1492675743143228087, 0.251, 0.22, -2.116, -1.169, 1.633, 0.869
2017-04-20 10:09:03,145, 1492675743145346277, 0.23, 0.219, -2.12, -1.173, 1.586, 0.852
2017-04-20 10:09:03,147, 1492675743147240096, 0.185, 0.182, -2.134, -1.083, 1.522, 0.848
2017-04-20 10:09:03,149, 1492675743149296371, 0.17, 0.175, -2.139, -1.051, 1.488, 0.872
2017-04-20 10:09:03,151, 1492675743151222363, 0.207, 0.196, -2.129, -1.076, 1.522, 0.856
2017-04-20 10:09:03,153, 1492675743153276506, 0.216, 0.196, -2.138, -1.052, 1.527, 0.828
2017-04-20 10:09:03,155, 1492675743155205130, 0.196, 0.178, -2.124, -0.999, 1.485, 0.828
2017-04-20 10:09:03,157, 1492675743157442425, 0.184, 0.182, -2.124, -0.989, 1.466, 0.844
2017-04-20 10:09:03,159, 1492675743159376967, 0.2, 0.187, -2.109, -0.983, 1.49, 0.824
2017-04-20 10:09:03,161, 1492675743161246998, 0.194, 0.181, -2.111, -0.952, 1.497, 0.799
2017-04-20 10:09:03,163, 1492675743163221299, 0.198, 0.193, -2.103, -0.94, 1.488, 0.815
2017-04-20 10:09:03,165, 1492675743165286930, 0.209, 0.186, -2.102, -0.93, 1.491, 0.828
2017-04-20 10:09:03,167, 1492675743167259645, 0.216, 0.188, -2.1, -0.931, 1.549, 0.804
2017-04-20 10:09:03,169, 1492675743169331680, 0.2, 0.189, -2.11, -0.904, 1.545, 0.812
2017-04-20 10:09:03,171, 1492675743171247941, 0.199, 0.181, -2.125, -0.894, 1.54, 0.815
2017-04-20 10:09:03,173, 1492675743173247052, 0.222, 0.191, -2.114, -0.901, 1.584, 0.815
2017-04-20 10:09:03,175, 1492675743175181133, 0.238, 0.196, -2.105, -0.929, 1.65, 0.815
2017-04-20 10:09:03,177, 1492675743177266773, 0.245, 0.196, -2.096, -0.96, 1.672, 0.815
2017-04-20 10:09:03,185, 1492675743185290415, 0.255, 0.209, -2.103, -1.011, 1.716, 0.852
2017-04-20 10:09:03,186, 1492675743186301399, 0.25, 0.201, -2.099, -1.003, 1.702, 0.877
2017-04-20 10:09:03,189, 1492675743189196020, 0.245, 0.196, -2.11, -0.99, 1.683, 0.888
2017-04-20 10:09:03,191, 1492675743191214462, 0.247, 0.193, -2.092, -0.988, 1.663, 0.905
2017-04-20 10:09:03,193, 1492675743193299073, 0.234, 0.182, -2.098, -0.963, 1.607, 0.888
2017-04-20 10:09:03,195, 1492675743195332564, 0.233, 0.182, -2.103, -0.958, 1.576, 0.893
2017-04-20 10:09:03,200, 1492675743200373173, 0.219, 0.174, -2.11, -0.961, 1.55, 0.872
2017-04-20 10:09:03,203, 1492675743203196790, 0.208, 0.191, -2.122, -0.985, 1.496, 0.832
2017-04-20 10:09:03,204, 1492675743204342658, 0.203, 0.168, -2.13, -0.988, 1.482, 0.812
2017-04-20 10:09:03,206, 1492675743206355300, 0.207, 0.183, -2.138, -0.985, 1.477, 0.791
2017-04-20 10:09:03,208, 1492675743208305947, 0.197, 0.176, -2.139, -0.975, 1.479, 0.812
2017-04-20 10:09:03,210, 1492675743210279844, 0.206, 0.18, -2.138, -0.982, 1.468, 0.812
2017-04-20 10:09:03,212, 1492675743212225453, 0.214, 0.194, -2.14, -1.001, 1.459, 0.824
2017-04-20 10:09:03,214, 1492675743214258156, 0.198, 0.211, -2.139, -1.025, 1.451, 0.832
2017-04-20 10:09:03,216, 1492675743216213750, 0.209, 0.207, -2.144, -1.031, 1.449, 0.848
2017-04-20 10:09:03,218, 1492675743218329761, 0.206, 0.21, -2.138, -1.021, 1.436, 0.848
2017-04-20 10:09:03,220, 1492675743220319231, 0.213, 0.194, -2.134, -1.002, 1.422, 0.852
2017-04-20 10:09:03,222, 1492675743222590730, 0.193, 0.201, -2.109, -0.999, 1.411, 0.844
2017-04-20 10:09:03,224, 1492675743224305655, 0.191, 0.199, -2.128, -0.989, 1.393, 0.828
2017-04-20 10:09:03,226, 1492675743226260328, 0.187, 0.209, -2.113, -0.988, 1.371, 0.807
2017-04-20 10:09:03,228, 1492675743228225140, 0.177, 0.205, -2.105, -0.988, 1.355, 0.804
2017-04-20 10:09:03,238, 1492675743238370751, 0.202, 0.211, -2.111, -1.017, 1.391, 0.763
2017-04-20 10:09:03,240, 1492675743240303254, 0.203, 0.191, -2.111, -1.037, 1.445, 0.812
2017-04-20 10:09:03,242, 1492675743242280691, 0.208, 0.203, -2.119, -1.046, 1.469, 0.807
2017-04-20 10:09:03,244, 1492675743244208063, 0.206, 0.192, -2.11, -1.056, 1.507, 0.84
2017-04-20 10:09:03,246, 1492675743246297487, 0.218, 0.193, -2.106, -1.083, 1.54, 0.844
2017-04-20 10:09:03,248, 1492675743248321416, 0.213, 0.21, -2.101, -1.096, 1.555, 0.84
2017-04-20 10:09:03,251, 1492675743251664839, 0.209, 0.206, -2.106, -1.097, 1.568, 0.856
2017-04-20 10:09:03,254, 1492675743254291871, 0.223, 0.208, -2.111, -1.069, 1.586, 0.872
2017-04-20 10:09:03,256, 1492675743256139664, 0.247, 0.206, -2.101, -1.065, 1.591, 0.856
2017-04-20 10:09:03,257, 1492675743257282407, 0.236, 0.203, -2.109, -1.046, 1.573, 0.869
2017-04-20 10:09:03,258, 1492675743258303761, 0.234, 0.202, -2.12, -1.023, 1.559, 0.856
2017-04-20 10:09:03,260, 1492675743260342201, 0.235, 0.204, -2.123, -1.001, 1.548, 0.864
2017-04-20 10:09:03,262, 1492675743262247176, 0.237, 0.194, -2.121, -0.972, 1.526, 0.864
2017-04-20 10:09:03,273, 1492675743273424758, 0.222, 0.193, -2.141, -0.915, 1.499, 0.836
2017-04-20 10:09:03,275, 1492675743275375400, 0.232, 0.195, -2.134, -0.913, 1.538, 0.86
2017-04-20 10:09:03,277, 1492675743277288378, 0.252, 0.203, -2.137, -0.925, 1.586, 0.848
2017-04-20 10:09:03,279, 1492675743279376663, 0.264, 0.211, -2.141, -0.952, 1.644, 0.856
2017-04-20 10:09:03,282, 1492675743282475609, 0.274, 0.218, -2.153, -0.985, 1.686, 0.869
2017-04-20 10:09:03,284, 1492675743284352853, 0.272, 0.222, -2.141, -1.036, 1.729, 0.905
2017-04-20 10:09:03,286, 1492675743286137128, 0.275, 0.217, -2.146, -1.059, 1.766, 0.901
2017-04-20 10:09:03,287, 1492675743287304762, 0.284, 0.225, -2.147, -1.094, 1.809, 0.896
2017-04-20 10:09:03,289, 1492675743289273634, 0.306, 0.228, -2.14, -1.132, 1.859, 0.896
2017-04-20 10:09:03,291, 1492675743291308148, 0.315, 0.242, -2.138, -1.173, 1.904, 0.888
2017-04-20 10:09:03,293, 1492675743293454111, 0.31, 0.241, -2.144, -1.208, 1.931, 0.893
2017-04-20 10:09:03,295, 1492675743295312305, 0.31, 0.232, -2.142, -1.238, 1.966, 0.88
2017-04-20 10:09:03,301, 1492675743301303386, 0.302, 0.246, -2.138, -1.279, 1.995, 0.877
2017-04-20 10:09:03,303, 1492675743303390966, 0.334, 0.254, -2.168, -1.389, 2.106, 0.864
2017-04-20 10:09:03,305, 1492675743305250132, 0.33, 0.267, -2.169, -1.43, 2.147, 0.848
2017-04-20 10:09:03,307, 1492675743307565890, 0.341, 0.268, -2.176, -1.464, 2.16, 0.856
2017-04-20 10:09:03,309, 1492675743309272145, 0.33, 0.258, -2.184, -1.481, 2.163, 0.852
2017-04-20 10:09:03,311, 1492675743311268275, 0.351, 0.278, -2.187, -1.482, 2.172, 0.869
2017-04-20 10:09:03,313, 1492675743313339808, 0.394, 0.288, -2.188, -1.507, 2.214, 0.864
2017-04-20 10:09:03,317, 1492675743315200493, 0.402, 0.293, -2.182, -1.505, 2.211, 0.88
2017-04-20 10:09:03,318, 1492675743318259381, 0.383, 0.299, -2.175, -1.561, 2.181, 0.929
2017-04-20 10:09:03,319, 1492675743319310226, 0.383, 0.303, -2.184, -1.603, 2.171, 0.966
2017-04-20 10:09:03,321, 1492675743321192079, 0.385, 0.306, -2.188, -1.599, 2.169, 0.958
2017-04-20 10:09:03,323, 1492675743323212810, 0.391, 0.308, -2.179, -1.623, 2.192, 0.945
2017-04-20 10:09:03,325, 1492675743325186277, 0.414, 0.315, -2.192, -1.634, 2.21, 0.918
2017-04-20 10:09:03,327, 1492675743327175096, 0.417, 0.316, -2.192, -1.617, 2.183, 0.913
2017-04-20 10:09:03,329, 1492675743329177989, 0.417, 0.303, -2.178, -1.605, 2.158, 0.909
2017-04-20 10:09:03,331, 1492675743331223992, 0.405, 0.304, -2.195, -1.591, 2.09, 0.877
2017-04-20 10:09:03,336, 1492675743336538471, 0.394, 0.289, -2.318, -1.686, 2.068, 0.832
2017-04-20 10:09:03,342, 1492675743342564504, 0.373, 0.308, -2.345, -1.758, 2.011, 0.864
2017-04-20 10:09:03,344, 1492675743344314026, 0.381, 0.316, -2.343, -1.727, 2.026, 0.832
2017-04-20 10:09:03,346, 1492675743346346435, 0.364, 0.31, -2.346, -1.753, 1.997, 0.869
2017-04-20 10:09:03,348, 1492675743348510790, 0.361, 0.32, -2.364, -1.799, 2.017, 0.88
2017-04-20 10:09:03,350, 1492675743350321337, 0.371, 0.328, -2.346, -1.819, 2.03, 0.901
2017-04-20 10:09:03,352, 1492675743352283154, 0.375, 0.339, -2.301, -1.816, 2.06, 0.921
2017-04-20 10:09:03,354, 1492675743354313066, 0.385, 0.315, -2.294, -1.775, 2.102, 0.905
2017-04-20 10:09:03,357, 1492675743357185127, 0.371, 0.303, -2.248, -1.692, 2.12, 0.974
2017-04-20 10:09:03,358, 1492675743358276295, 0.386, 0.3, -2.226, -1.65, 2.151, 0.978
2017-04-20 10:09:03,360, 1492675743360307788, 0.383, 0.301, -2.21, -1.624, 2.172, 0.978
2017-04-20 10:09:03,362, 1492675743362504962, 0.378, 0.293, -2.206, -1.622, 2.183, 1.031
2017-04-20 10:09:03,364, 1492675743364314495, 0.363, 0.294, -2.247, -1.642, 2.172, 1.039
2017-04-20 10:09:03,366, 1492675743366334632, 0.368, 0.288, -2.26, -1.664, 2.2, 1.056
2017-04-20 10:09:03,368, 1492675743368317664, 0.368, 0.302, -2.268, -1.676, 2.207, 1.051
2017-04-20 10:09:03,374, 1492675743374235505, 0.533, 0.386, -2.726, -1.666, 2.383, 1.27
2017-04-20 10:09:03,375, 1492675743375463708, 0.545, 0.449, -2.27, -1.398, 2.278, 1.316
2017-04-20 10:09:03,378, 1492675743378109180, 0.618, 0.387, -2.195, -1.402, 2.272, 1.38
2017-04-20 10:09:03,380, 1492675743380238365, 0.563, 0.377, -2.249, -1.312, 2.03, 1.173
2017-04-20 10:09:03,381, 1492675743381305556, 0.618, 0.364, -2.36, -1.081, 2.116, 1.222
2017-04-20 10:09:03,383, 1492675743383295754, 0.643, 0.436, -2.647, -1.052, 2.113, 1.348
2017-04-20 10:09:03,386, 1492675743386111739, 0.687, 0.531, -2.531, -0.98, 2.081, 1.27
2017-04-20 10:09:03,388, 1492675743388251648, 0.782, 0.535, -2.532, -0.806, 2.131, 1.262
2017-04-20 10:09:03,393, 1492675743393303733, 0.812, 0.485, -2.451, -0.695, 1.874, 1.051
2017-04-20 10:09:03,394, 1492675743394289478, 0.777, 0.516, -2.481, -0.667, 1.777, 1.059
2017-04-20 10:09:03,397, 1492675743397186484, 0.759, 0.563, -2.512, -0.699, 1.711, 1.316
2017-04-20 10:09:03,399, 1492675743399151392, 0.809, 0.567, -2.506, -0.74, 1.759, 1.335
2017-04-20 10:09:03,406, 1492675743404545089, 0.849, 0.592, -2.576, -0.678, 1.785, 1.327
2017-04-20 10:09:03,407, 1492675743407310389, 0.897, 0.586, -2.581, -0.504, 1.795, 1.424
2017-04-20 10:09:03,409, 1492675743409157266, 0.876, 0.591, -2.551, -0.543, 1.75, 1.38
2017-04-20 10:09:03,410, 1492675743410278676, 0.871, 0.611, -2.532, -0.63, 1.708, 1.352
2017-04-20 10:09:03,412, 1492675743412314918, 0.909, 0.639, -2.516, -0.676, 1.71, 1.303
2017-04-20 10:09:03,414, 1492675743414269944, 0.932, 0.646, -2.525, -0.681, 1.75, 1.246
2017-04-20 10:09:03,416, 1492675743416302653, 0.959, 0.649, -2.538, -0.671, 1.791, 1.238
2017-04-20 10:09:03,418, 1492675743418259547, 0.981, 0.622, -2.548, -0.651, 1.819, 1.278
2017-04-20 10:09:03,420, 1492675743420331310, 0.974, 0.638, -2.552, -0.618, 1.821, 1.372
2017-04-20 10:09:03,422, 1492675743422299299, 0.976, 0.633, -2.559, -0.6, 1.804, 1.462
2017-04-20 10:09:03,424, 1492675743424427541, 0.969, 0.656, -2.556, -0.604, 1.808, 1.522
2017-04-20 10:09:03,426, 1492675743426269214, 0.986, 0.659, -2.552, -0.616, 1.825, 1.514
2017-04-20 10:09:03,428, 1492675743428480942, 0.99, 0.66, -2.55, -0.625, 1.842, 1.49
2017-04-20 10:09:03,430, 1492675743430265352, 1.01, 0.662, -2.558, -0.634, 1.869, 1.449
2017-04-20 10:09:03,432, 1492675743432304377, 0.996, 0.672, -2.554, -0.644, 1.881, 1.441
2017-04-20 10:09:03,436, 1492675743436369076, 1.016, 0.675, -2.566, -0.66, 1.908, 1.433
2017-04-20 10:09:03,438, 1492675743438416640, 1.044, 0.702, -2.586, -0.669, 1.979, 1.421
2017-04-20 10:09:03,441, 1492675743441322537, 1.069, 0.689, -2.595, -0.661, 2.018, 1.413
2017-04-20 10:09:03,443, 1492675743443117753, 1.081, 0.685, -2.581, -0.648, 2.018, 1.441
2017-04-20 10:09:03,445, 1492675743445153320, 1.082, 0.703, -2.557, -0.666, 2.008, 1.473
2017-04-20 10:09:03,447, 1492675743447178665, 1.078, 0.701, -2.537, -0.676, 1.987, 1.49
2017-04-20 10:09:03,449, 1492675743449219407, 1.081, 0.695, -2.532, -0.678, 1.988, 1.465
2017-04-20 10:09:03,451, 1492675743451185740, 1.087, 0.694, -2.539, -0.66, 1.996, 1.47
2017-04-20 10:09:03,453, 1492675743453164948, 1.093, 0.695, -2.553, -0.625, 2.001, 1.424
2017-04-20 10:09:03,455, 1492675743455161587, 1.093, 0.69, -2.577, -0.603, 2.012, 1.416
2017-04-20 10:09:03,461, 1492675743461262748, 1.063, 0.686, -2.643, -0.482, 1.991, 1.416
2017-04-20 10:09:03,462, 1492675743462321338, 1.074, 0.69, -2.648, -0.463, 1.993, 1.408
2017-04-20 10:09:03,465, 1492675743465101019, 1.066, 0.672, -2.66, -0.424, 1.993, 1.416
2017-04-20 10:09:03,467, 1492675743467474942, 1.066, 0.658, -2.686, -0.381, 1.987, 1.429
2017-04-20 10:09:03,469, 1492675743469279611, 1.065, 0.655, -2.701, -0.327, 1.983, 1.437
2017-04-20 10:09:03,471, 1492675743471118955, 1.062, 0.66, -2.725, -0.306, 1.987, 1.408
2017-04-20 10:09:03,477, 1492675743477613896, 1.066, 0.656, -2.732, -0.28, 1.993, 1.416
2017-04-20 10:09:03,479, 1492675743479316768, 1.085, 0.655, -2.749, -0.231, 2.036, 1.372
2017-04-20 10:09:03,481, 1492675743481274432, 1.096, 0.658, -2.77, -0.215, 2.049, 1.384
2017-04-20 10:09:03,483, 1492675743483308105, 1.095, 0.661, -2.767, -0.205, 2.064, 1.392
2017-04-20 10:09:03,489, 1492675743489290585, 1.11, 0.683, -2.801, -0.217, 2.113, 1.413
2017-04-20 10:09:03,490, 1492675743490304959, 1.112, 0.677, -2.806, -0.234, 2.123, 1.405
2017-04-20 10:09:03,493, 1492675743493147563, 1.116, 0.687, -2.789, -0.271, 2.141, 1.385
2017-04-20 10:09:03,495, 1492675743495189804, 1.127, 0.698, -2.766, -0.32, 2.169, 1.36
2017-04-20 10:09:03,497, 1492675743497121958, 1.142, 0.703, -2.757, -0.37, 2.191, 1.34
2017-04-20 10:09:03,499, 1492675743499403983, 1.137, 0.71, -2.75, -0.417, 2.206, 1.319
2017-04-20 10:09:03,501, 1492675743501181510, 1.14, 0.705, -2.725, -0.463, 2.212, 1.311
2017-04-20 10:09:03,503, 1492675743503170530, 1.13, 0.71, -2.731, -0.493, 2.217, 1.316
2017-04-20 10:09:03,506, 1492675743506666035, 1.142, 0.718, -2.742, -0.506, 2.216, 1.335
2017-04-20 10:09:03,508, 1492675743508322456, 1.135, 0.719, -2.758, -0.497, 2.236, 1.372
2017-04-20 10:09:03,510, 1492675743510316380, 1.138, 0.708, -2.757, -0.482, 2.243, 1.356
2017-04-20 10:09:03,512, 1492675743512444731, 1.123, 0.71, -2.783, -0.468, 2.246, 1.343
2017-04-20 10:09:03,515, 1492675743515274916, 1.126, 0.704, -2.793, -0.446, 2.244, 1.319
2017-04-20 10:09:03,516, 1492675743516364224, 1.116, 0.71, -2.793, -0.434, 2.245, 1.299
2017-04-20 10:09:03,518, 1492675743518184377, 1.116, 0.698, -2.793, -0.432, 2.24, 1.275
2017-04-20 10:09:03,519, 1492675743519526204, 1.122, 0.707, -2.797, -0.437, 2.231, 1.27
2017-04-20 10:09:03,521, 1492675743521286811, 1.119, 0.696, -2.774, -0.446, 2.221, 1.27
2017-04-20 10:09:03,523, 1492675743523284144, 1.091, 0.688, -2.774, -0.427, 2.182, 1.283
2017-04-20 10:09:03,525, 1492675743525088048, 1.097, 0.673, -2.776, -0.383, 2.155, 1.286
2017-04-20 10:09:03,527, 1492675743527153135, 1.111, 0.689, -2.791, -0.369, 2.173, 1.319
2017-04-20 10:09:03,529, 1492675743529122755, 1.116, 0.687, -2.796, -0.365, 2.199, 1.34
2017-04-20 10:09:03,531, 1492675743531164256, 1.102, 0.673, -2.831, -0.295, 2.165, 1.335
2017-04-20 10:09:03,533, 1492675743533189009, 1.066, 0.664, -2.853, -0.203, 2.114, 1.327
2017-04-20 10:09:03,535, 1492675743535149559, 1.063, 0.669, -2.87, -0.158, 2.106, 1.324
2017-04-20 10:09:03,543, 1492675743541773400, 1.074, 0.663, -2.906, -0.123, 2.136, 1.267
2017-04-20 10:09:03,544, 1492675743544521018, 1.081, 0.66, -3.003, 0.062, 2.178, 1.23
2017-04-20 10:09:03,546, 1492675743546293188, 1.094, 0.655, -3.007, 0.095, 2.211, 1.21
2017-04-20 10:09:03,548, 1492675743548714449, 1.093, 0.644, -3.01, 0.094, 2.217, 1.238
2017-04-20 10:09:03,550, 1492675743550296649, 1.124, 0.657, -2.996, 0.054, 2.236, 1.275
2017-04-20 10:09:03,552, 1492675743552132708, 1.121, 0.652, -2.974, 0.014, 2.251, 1.294
2017-04-20 10:09:03,553, 1492675743553282106, 1.122, 0.658, -2.963, -0.021, 2.26, 1.278
2017-04-20 10:09:03,555, 1492675743555312717, 1.117, 0.654, -2.949, -0.056, 2.265, 1.303
2017-04-20 10:09:03,557, 1492675743557298299, 1.124, 0.652, -2.928, -0.094, 2.288, 1.283