2017-04-20 10:09:57,101, 1492675797101543641, 1.114, 0.79, -3.618, -0.852, 1.653, 1.088
2017-04-20 10:09:57,103, 1492675797103478833, 1.109, 0.782, -3.605, -0.862, 1.653, 1.083
2017-04-20 10:09:57,104, 1492675797104476425, 1.113, 0.783, -3.589, -0.876, 1.673, 1.043
2017-04-20 10:09:57,106, 1492675797106508450, 1.114, 0.774, -3.592, -0.897, 1.699, 1.015
2017-04-20 10:09:57,108, 1492675797108510583, 1.11, 0.787, -3.569, -0.926, 1.719, 1.007
2017-04-20 10:09:57,110, 1492675797110512532, 1.121, 0.794, -3.563, -0.945, 1.72, 1.023
2017-04-20 10:09:57,112, 1492675797112679132, 1.11, 0.79, -3.562, -0.959, 1.729, 1.043
2017-04-20 10:09:57,117, 1492675797117482137, 1.125, 0.779, -3.607, -0.984, 1.767, 1.072
2017-04-20 10:09:57,119, 1492675797119523335, 1.134, 0.787, -3.595, -0.975, 1.761, 1.088
2017-04-20 10:09:57,121, 1492675797121357470, 1.115, 0.787, -3.608, -0.963, 1.737, 1.08
2017-04-20 10:09:57,123, 1492675797123464908, 1.118, 0.785, -3.605, -0.945, 1.718, 1.067
2017-04-20 10:09:57,125, 1492675797125547071, 1.106, 0.78, -3.643, -0.932, 1.701, 1.018
2017-04-20 10:09:57,129, 1492675797128748050, 1.114, 0.784, -3.661, -0.91, 1.689, 0.97
2017-04-20 10:09:57,130, 1492675797130595173, 1.101, 0.766, -3.684, -0.891, 1.663, 0.982
2017-04-20 10:09:57,133, 1492675797132752570, 1.068, 0.763, -3.717, -0.867, 1.633, 0.945
2017-04-20 10:09:57,134, 1492675797134466497, 1.069, 0.766, -3.719, -0.845, 1.612, 0.921
2017-04-20 10:09:57,136, 1492675797136623483, 1.057, 0.753, -3.724, -0.836, 1.602, 0.921
2017-04-20 10:09:57,138, 1492675797138588261, 1.062, 0.756, -3.726, -0.841, 1.595, 0.921
2017-04-20 10:09:57,140, 1492675797140448857, 1.054, 0.757, -3.74, -0.84, 1.591, 0.918
2017-04-20 10:09:57,141, 1492675797141449337, 1.045, 0.764, -3.748, -0.836, 1.601, 0.913
2017-04-20 10:09:57,148, 1492675797148434316, 1.064, 0.766, -3.697, -0.891, 1.628, 0.877
2017-04-20 10:09:57,150, 1492675797150488417, 1.067, 0.769, -3.701, -0.927, 1.642, 0.864
2017-04-20 10:09:57,151, 1492675797151558899, 1.076, 0.784, -3.696, -0.953, 1.654, 0.848
2017-04-20 10:09:57,154, 1492675797154361304, 1.096, 0.789, -3.671, -0.993, 1.681, 0.86
2017-04-20 10:09:57,156, 1492675797156575261, 1.101, 0.801, -3.665, -1.022, 1.703, 0.856
2017-04-20 10:09:57,158, 1492675797158489737, 1.086, 0.81, -3.657, -1.067, 1.718, 0.856
2017-04-20 10:09:57,160, 1492675797160342021, 1.099, 0.796, -3.651, -1.078, 1.712, 0.861
2017-04-20 10:09:57,164, 1492675797163591151, 1.086, 0.797, -3.656, -1.089, 1.71, 0.86
2017-04-20 10:09:57,165, 1492675797165521288, 1.091, 0.799, -3.65, -1.107, 1.718, 0.848
2017-04-20 10:09:57,167, 1492675797167336010, 1.09, 0.812, -3.66, -1.116, 1.713, 0.832
2017-04-20 10:09:57,168, 1492675797168510459, 1.094, 0.803, -3.659, -1.127, 1.719, 0.815
2017-04-20 10:09:57,169, 1492675797169478284, 1.091, 0.808, -3.653, -1.126, 1.718, 0.815
2017-04-20 10:09:57,172, 1492675797172393298, 1.1, 0.823, -3.659, -1.112, 1.709, 0.824
2017-04-20 10:09:57,174, 1492675797174430959, 1.089, 0.807, -3.674, -1.103, 1.705, 0.832
2017-04-20 10:09:57,176, 1492675797176485809, 1.094, 0.805, -3.683, -1.093, 1.702, 0.804
2017-04-20 10:09:57,178, 1492675797178357285, 1.093, 0.803, -3.702, -1.087, 1.7, 0.84
2017-04-20 10:09:57,180, 1492675797180377115, 1.093, 0.796, -3.708, -1.075, 1.695, 0.844
2017-04-20 10:09:57,182, 1492675797182361072, 1.094, 0.799, -3.716, -1.051, 1.686, 0.848
2017-04-20 10:09:57,184, 1492675797184531432, 1.086, 0.791, -3.715, -1.023, 1.687, 0.836
2017-04-20 10:09:57,186, 1492675797186378540, 1.089, 0.789, -3.678, -1.006, 1.69, 0.84
2017-04-20 10:09:57,188, 1492675797188375997, 1.102, 0.78, -3.673, -0.988, 1.693, 0.856
2017-04-20 10:09:57,190, 1492675797190337364, 1.095, 0.79, -3.635, -0.975, 1.712, 0.864
2017-04-20 10:09:57,192, 1492675797192374775, 1.104, 0.811, -3.601, -0.984, 1.726, 0.88
2017-04-20 10:09:57,196, 1492675797196546978, 1.113, 0.813, -3.538, -1.02, 1.75, 0.901
2017-04-20 10:09:57,199, 1492675797199554590, 1.153, 0.84, -3.26, -1.221, 1.849, 0.954
2017-04-20 10:09:57,201, 1492675797201399025, 1.163, 0.85, -3.126, -1.33, 1.898, 0.978
2017-04-20 10:09:57,202, 1492675797202507574, 1.168, 0.87, -3.012, -1.469, 1.932, 0.954
2017-04-20 10:09:57,204, 1492675797204486325, 1.156, 0.866, -2.897, -1.574, 1.946, 0.962
2017-04-20 10:09:57,206, 1492675797206437274, 1.17, 0.885, -2.691, -1.759, 2.006, 0.974
2017-04-20 10:09:57,210, 1492675797210306858, 1.149, 0.882, -2.306, -2.174, 2.103, 0.913
2017-04-20 10:09:57,211, 1492675797211500826, 1.155, 0.912, -2.139, -2.532, 2.189, 0.901
2017-04-20 10:09:57,213, 1492675797213293070, 1.157, 0.937, -2.146, -2.682, 2.232, 0.896
2017-04-20 10:09:57,214, 1492675797214536079, 1.145, 0.938, -2.12, -2.726, 2.275, 0.888
2017-04-20 10:09:57,217, 1492675797216924975, 1.133, 0.957, -2.112, -2.803, 2.306, 0.974
2017-04-20 10:09:57,218, 1492675797218502738, 1.107, 0.974, -2.101, -2.904, 2.267, 1.08
2017-04-20 10:09:57,220, 1492675797220406046, 1.073, 0.957, -2.084, -2.875, 2.249, 1.137
2017-04-20 10:09:57,222, 1492675797222441376, 1.083, 0.915, -2.056, -2.818, 2.268, 1.242
2017-04-20 10:09:57,225, 1492675797225372174, 1.085, 0.905, -2.053, -2.799, 2.314, 1.116
2017-04-20 10:09:57,226, 1492675797226517571, 1.156, 0.929, -2.022, -2.777, 2.385, 1.327
2017-04-20 10:09:57,233, 1492675797233500194, 1.238, 0.906, -1.949, -2.616, 2.41, 1.603
2017-04-20 10:09:57,235, 1492675797235330894, 1.241, 0.888, -1.932, -2.58, 2.404, 1.636
2017-04-20 10:09:57,237, 1492675797237393637, 1.265, 0.917, -1.918, -2.556, 2.434, 1.632
2017-04-20 10:09:57,239, 1492675797239403003, 1.162, 1.126, 5.787, -3.033, 1.746, 2.306
2017-04-20 10:09:57,241, 1492675797241401401, 1.489, 0.743, 0.91, -3.498, 3.419, 0.877
2017-04-20 10:09:57,243, 1492675797243473294, 0.818, 0.475, -1.857, -2.401, 2.654, 0.085
2017-04-20 10:09:57,245, 1492675797245397653, 0.149, 0.087, -1.478, -2.534, 2.084, 1.611
2017-04-20 10:09:57,247, 1492675797247412630, -0.417, -0.088, -0.079, -5.01, 1.878, 1.722
2017-04-20 10:09:57,249, 1492675797249497863, -0.19, 0.469, 2.739, -6.404, 2.345, 0.446
2017-04-20 10:09:57,251, 1492675797251511885, 0.534, 0.641, 0.614, -6.717, 4.09, 0.252
2017-04-20 10:09:57,253, 1492675797253479471, 0.603, 0.948, -0.577, -6.984, 4.348, 1.75
2017-04-20 10:09:57,255, 1492675797255491360, 0.358, 0.519, 0.776, -7.007, 4.263, 1.186
2017-04-20 10:09:57,257, 1492675797257820832, 0.221, 0.516, 2.765, -6.423, 4.181, -0.211
2017-04-20 10:09:57,259, 1492675797259500065, 0.368, 0.397, 0.315, -5.481, 4.31, 0.125
2017-04-20 10:09:57,261, 1492675797261400050, 0.398, 0.559, -0.397, -4.821, 3.826, 0.844
2017-04-20 10:09:57,263, 1492675797263462878, 0.396, 0.637, 1.616, -4.345, 3.341, 1.23
2017-04-20 10:09:57,268, 1492675797267114048, 0.501, 0.387, 1.426, -4.796, 3.202, 0.105
2017-04-20 10:09:57,269, 1492675797269507873, 0.472, 0.629, 1.187, -4.302, 2.236, 1.156
2017-04-20 10:09:57,271, 1492675797271467065, 0.251, 0.59, 1.219, -3.625, 1.555, 0.706
2017-04-20 10:09:57,273, 1492675797273533845, 0.267, 0.296, 0.124, -2.999, 1.499, -0.195
2017-04-20 10:09:57,275, 1492675797275430269, 0.377, 0.075, 0.757, -2.495, 1.617, 0.114
2017-04-20 10:09:57,277, 1492675797277594847, 0.233, 0.089, 1.525, -2.243, 1.399, 0.836
2017-04-20 10:09:57,279, 1492675797279499268, 0.119, 0.007, 0.662, -1.875, 1.463, 0.417
2017-04-20 10:09:57,284, 1492675797284520315, 0.153, 0.142, 1.56, -2.48, 1.437, 0.742
2017-04-20 10:09:57,286, 1492675797286276898, 0.098, 0.049, 1.096, -2.75, 1.333, 0.62
2017-04-20 10:09:57,288, 1492675797288380780, -0.137, 0.108, 0.926, -2.911, 0.813, 0.482
2017-04-20 10:09:57,290, 1492675797290359394, -0.178, 0.331, 1.434, -2.751, 0.489, 0.714
2017-04-20 10:09:57,292, 1492675797292406339, -0.013, 0.336, 1.297, -2.626, 0.611, 0.763
2017-04-20 10:09:57,294, 1492675797294318643, 0.092, 0.262, 1.142, -2.547, 0.535, 0.645
2017-04-20 10:09:57,298, 1492675797298266590, 0.09, 0.187, 1.618, -2.202, 0.163, 0.82
2017-04-20 10:09:57,299, 1492675797299471179, -0.121, 0.333, 0.484, -0.775, -0.877, 0.133
2017-04-20 10:09:57,301, 1492675797301470995, -0.357, 0.014, 0.149, -0.067, -1.168, -0.203
2017-04-20 10:09:57,302, 1492675797302496587, -0.425, -0.264, 0.792, -0.133, -1.08, -0.906
2017-04-20 10:09:57,304, 1492675797304392192, -0.459, -0.018, 0.933, -0.317, -1.306, -0.674
2017-04-20 10:09:57,306, 1492675797306364337, -0.215, -0.213, 0.778, 0.179, -1.078, -0.187
2017-04-20 10:09:57,308, 1492675797308381171, 0.096, 0.039, 0.208, 0.359, -0.75, -0.403
2017-04-20 10:09:57,310, 1492675797310352863, 0.103, 0.079, 0.191, 0.247, -0.759, -0.216
2017-04-20 10:09:57,312, 1492675797312362891, 0.065, 0.107, 0.648, 0.463, -1.061, -0.013
2017-04-20 10:09:57,314, 1492675797314335916, 0.072, -0.158, -0.603, 0.958, -0.906, -0.114
2017-04-20 10:09:57,316, 1492675797316388111, -0.015, -0.138, -1.445, 0.982, -1.749, 0.788
2017-04-20 10:09:57,318, 1492675797318364758, -0.02, 0.082, 0.41, 1.488, -1.633, 0.138
2017-04-20 10:09:57,320, 1492675797320407260, 0.023, -0.113, 0.74, 2.336, -1.911, 0.158
2017-04-20 10:09:57,322, 1492675797322375017, -0.011, -0.334, -0.199, 2.722, -1.806, -0.268
2017-04-20 10:09:57,324, 1492675797324350575, -0.045, -0.257, -0.636, 2.391, -1.734, -0.365
2017-04-20 10:09:57,326, 1492675797326363475, -0.235, -0.14, 0.502, 2.136, -2.142, -0.037
2017-04-20 10:09:57,328, 1492675797328389914, -0.032, -0.067, 0.007, 1.483, -1.288, -0.135
2017-04-20 10:09:57,330, 1492675797330692996, -0.077, -0.013, -0.253, 0.627, -1.243, -0.086
2017-04-20 10:09:57,333, 1492675797333567271, -0.075, 0.004, 0.304, -0.54, -0.75, -0.325
2017-04-20 10:09:57,335, 1492675797335454655, -0.067, 0.132, -0.052, -1.744, -0.379, 0.515
2017-04-20 10:09:57,338, 1492675797338233154, 0.019, 0.138, -0.136, -1.884, 0.152, -0.138
2017-04-20 10:09:57,339, 1492675797339489044, 0.052, 0.375, 0.49, -2.38, 0.685, -0.398
2017-04-20 10:09:57,340, 1492675797340501794, 0.063, 0.321, 0.241, -2.441, 0.859, -0.292
2017-04-20 10:09:57,342, 1492675797342527948, 0.072, 0.233, 0.002, -2.351, 0.98, -0.138
2017-04-20 10:09:57,344, 1492675797344368416, 0.132, 0.218, -0.044, -2.062, 1.385, 0.024
2017-04-20 10:09:57,346, 1492675797346339799, 0.195, 0.366, 0.396, -2.118, 1.637, -0.105
2017-04-20 10:09:57,348, 1492675797348394656, 0.235, 0.33, 0.14, -1.927, 1.881, 0.073
2017-04-20 10:09:57,350, 1492675797350350916, 0.31, 0.286, -0.178, -1.726, 2.242, 0.458
2017-04-20 10:09:57,352, 1492675797352611709, 0.303, 0.338, 0.209, -1.779, 2.282, 0.247
2017-04-20 10:09:57,354, 1492675797354403332, 0.383, 0.237, 0.154, -1.619, 2.593, -0.191
2017-04-20 10:09:57,356, 1492675797356372820, 0.476, 0.193, -0.106, -1.516, 2.977, -0.13
2017-04-20 10:09:57,358, 1492675797358332319, 0.449, 0.228, 0.071, -1.442, 2.931, -0.053
2017-04-20 10:09:57,365, 1492675797365752882, 0.406, 0.007, 0.152, -0.376, 3.091, 0.304
2017-04-20 10:09:57,367, 1492675797367580604, 0.366, -0.007, 0.06, -0.06, 3.104, 0.179
2017-04-20 10:09:57,369, 1492675797369521536, 0.366, -0.008, -0.104, 0.336, 3.042, 0.174
2017-04-20 10:09:57,371, 1492675797371470625, 0.355, -0.021, 0.01, 0.712, 2.893, 0.146
2017-04-20 10:09:57,373, 1492675797373477951, 0.343, -0.064, 0.024, 0.968, 2.787, 0.122
2017-04-20 10:09:57,375, 1492675797375469576, 0.297, -0.061, -0.162, 0.944, 2.466, 0.101
2017-04-20 10:09:57,378, 1492675797378187547, 0.262, -0.074, -0.105, 0.952, 2.165, 0.227
2017-04-20 10:09:57,385, 1492675797385484368, 0.227, 0.02, 0.092, -0.266, 0.954, 0.008
2017-04-20 10:09:57,387, 1492675797387327016, 0.203, 0.073, 0.064, -0.471, 0.805, -0.073
2017-04-20 10:09:57,389, 1492675797389330746, 0.15, 0.073, -0.056, -0.649, 0.55, -0.219
2017-04-20 10:09:57,391, 1492675797391341040, 0.105, 0.076, 0.089, -0.774, 0.262, -0.094
2017-04-20 10:09:57,393, 1492675797393320709, 0.026, 0.091, 0.176, -0.912, -0.072, 0.052
2017-04-20 10:09:57,395, 1492675797395444181, -0.022, 0.094, 0.072, -0.862, -0.286, -0.049
2017-04-20 10:09:57,397, 1492675797397568246, -0.049, 0.14, 0.135, -0.8, -0.463, -0.065
2017-04-20 10:09:57,401, 1492675797400942016, -0.133, 0.15, 0.156, -0.736, -0.754, -0.045
2017-04-20 10:09:57,403, 1492675797402843579, -0.157, 0.095, 0.048, -0.545, -1.037, -0.11
2017-04-20 10:09:57,404, 1492675797404512590, -0.13, 0.093, 0.066, -0.522, -1.162, -0.11
2017-04-20 10:09:57,406, 1492675797406309827, -0.144, 0.056, 0.073, -0.443, -1.259, -0.073
2017-04-20 10:09:57,407, 1492675797407500483, -0.17, 0.025, 0.062, -0.322, -1.39, -0.041
2017-04-20 10:09:57,409, 1492675797409476119, -0.19, 0.047, 0.034, -0.245, -1.515, -0.045
2017-04-20 10:09:57,411, 1492675797411324592, -0.171, 0.022, -0.05, -0.134, -1.553, -0.057
2017-04-20 10:09:57,413, 1492675797413335808, -0.148, -0.021, -0.079, 0.061, -1.531, -0.102
2017-04-20 10:09:57,415, 1492675797415342308, -0.139, -0.018, -0.051, 0.22, -1.558, -0.049
2017-04-20 10:09:57,417, 1492675797417325934, -0.114, -0.01, -0.11, 0.405, -1.502, -0.078
2017-04-20 10:09:57,419, 1492675797419370385, -0.07, -0.031, -0.168, 0.598, -1.299, -0.069
2017-04-20 10:09:57,421, 1492675797421365161, -0.1, -0.007, -0.125, 0.607, -1.213, -0.013
2017-04-20 10:09:57,423, 1492675797423403791, -0.121, 0.011, -0.11, 0.572, -1.082, 0.069
2017-04-20 10:09:57,425, 1492675797425575231, -0.056, 0.043, -0.053, 0.292, -0.683, 0.073
2017-04-20 10:09:57,427, 1492675797427459670, -0.031, 0.083, -0.022, 0.047, -0.54, 0.049
2017-04-20 10:09:57,429, 1492675797429357262, -0.042, 0.101, 0.019, -0.365, -0.387, 0.024
2017-04-20 10:09:57,431, 1492675797431356886, -0.027, 0.107, 0.052, -0.691, -0.185, 0.003
2017-04-20 10:09:57,434, 1492675797434140926, -0.014, 0.163, 0.081, -1.171, 0.088, -0.078
2017-04-20 10:09:57,436, 1492675797436487943, -0.012, 0.176, 0.15, -1.593, 0.345, -0.126
2017-04-20 10:09:57,438, 1492675797438298346, 0.03, 0.211, 0.199, -1.738, 0.543, -0.041
2017-04-20 10:09:57,439, 1492675797439504574, 0.094, 0.21, 0.161, -1.831, 0.767, -0.053
2017-04-20 10:09:57,440, 1492675797440486185, 0.12, 0.196, 0.128, -1.773, 0.859, -0.102
2017-04-20 10:09:57,443, 1492675797443362703, 0.116, 0.164, 0.178, -1.561, 0.974, -0.061
2017-04-20 10:09:57,445, 1492675797445342027, 0.136, 0.163, 0.139, -1.296, 1.114, 0.016
2017-04-20 10:09:57,447, 1492675797447334398, 0.154, 0.106, -0.018, -0.922, 1.209, -0.029
2017-04-20 10:09:57,449, 1492675797449338613, 0.199, 0.065, 0.038, -0.494, 1.32, -0.032
2017-04-20 10:09:57,451, 1492675797451425047, 0.229, 0.045, 0.055, -0.137, 1.442, 0.069
2017-04-20 10:09:57,453, 1492675797453303763, 0.251, -0.029, -0.097, 0.209, 1.483, 0.073
2017-04-20 10:09:57,455, 1492675797455360740, 0.223, -0.068, -0.114, 0.493, 1.499, 0.093
2017-04-20 10:09:57,457, 1492675797457313107, 0.234, -0.075, -0.049, 0.721, 1.554, 0.13
2017-04-20 10:09:57,459, 1492675797459352689, 0.262, -0.1, -0.141, 0.949, 1.643, 0.106
2017-04-20 10:09:57,461, 1492675797461323877, 0.269, -0.116, -0.148, 1.026, 1.717, 0.093
2017-04-20 10:09:57,463, 1492675797463377012, 0.24, -0.158, -0.12, 1.058, 1.669, 0.101
2017-04-20 10:09:57,470, 1492675797468542728, 0.208, -0.186, -0.174, 1.164, 1.637, 0.141
2017-04-20 10:09:57,470, 1492675797470583229, 0.166, -0.124, -0.165, 1.022, 1.471, 0.138
2017-04-20 10:09:57,472, 1492675797472358988, 0.152, -0.129, -0.143, 0.923, 1.419, 0.219
2017-04-20 10:09:57,474, 1492675797474403916, 0.149, -0.071, -0.063, 0.686, 1.305, 0.212
2017-04-20 10:09:57,476, 1492675797476393852, 0.121, -0.032, -0.143, 0.474, 1.119, 0.069
2017-04-20 10:09:57,478, 1492675797478391438, 0.075, -0.028, -0.215, 0.247, 0.889, 0.036
2017-04-20 10:09:57,480, 1492675797480413918, 0.056, 0.037, -0.155, -0.074, 0.652, 0.085
2017-04-20 10:09:57,482, 1492675797482411384, 0.028, 0.064, -0.191, -0.367, 0.458, -0.008
2017-04-20 10:09:57,484, 1492675797484482573, 0.009, 0.068, -0.282, -0.659, 0.211, -0.061
2017-04-20 10:09:57,486, 1492675797486456128, 0.012, 0.122, -0.255, -0.864, 0.003, 0.028
2017-04-20 10:09:57,488, 1492675797488400105, 0.009, 0.172, -0.271, -1.075, -0.161, -0.057
2017-04-20 10:09:57,490, 1492675797490397319, -0.026, 0.173, -0.363, -1.228, -0.401, -0.105
2017-04-20 10:09:57,492, 1492675797492456876, -0.051, 0.18, -0.407, -1.352, -0.613, -0.13
2017-04-20 10:09:57,494, 1492675797494429652, -0.089, 0.19, -0.464, -1.393, -0.785, -0.13
2017-04-20 10:09:57,496, 1492675797496427601, -0.121, 0.182, -0.548, -1.355, -0.972, -0.146
2017-04-20 10:09:57,498, 1492675797498612570, -0.127, 0.204, -0.603, -1.241, -1.097, -0.143
2017-04-20 10:09:57,501, 1492675797501330596, -0.066, 0.204, -0.554, -1.121, -1.057, -0.061
2017-04-20 10:09:57,502, 1492675797502534866, -0.117, 0.163, -0.644, -0.994, -1.202, -0.097
2017-04-20 10:09:57,505, 1492675797504524944, -0.149, 0.144, -0.685, -0.927, -1.26, -0.086
2017-04-20 10:09:57,506, 1492675797506424337, -0.169, 0.123, -0.655, -0.775, -1.3, -0.069
2017-04-20 10:09:57,508, 1492675797508407554, -0.144, 0.13, -0.591, -0.633, -1.218, -0.049
2017-04-20 10:09:57,510, 1492675797510395447, -0.128, 0.088, -0.595, -0.545, -1.128, -0.11
2017-04-20 10:09:57,512, 1492675797512389276, -0.162, 0.035, -0.62, -0.372, -1.125, -0.097
2017-04-20 10:09:57,514, 1492675797514428136, -0.125, -0.015, -0.608, -0.178, -1.02, 0.003
2017-04-20 10:09:57,516, 1492675797516425928, -0.121, 0.003, -0.569, 0.031, -0.907, -0.024
2017-04-20 10:09:57,518, 1492675797518421861, -0.092, -0.004, -0.572, 0.282, -0.735, -0.041
2017-04-20 10:09:57,520, 1492675797520358105, -0.113, -0.051, -0.586, 0.506, -0.707, 0.012
2017-04-20 10:09:57,522, 1492675797522503115, -0.084, -0.083, -0.575, 0.677, -0.588, 0.081
2017-04-20 10:09:57,524, 1492675797524397326, -0.079, -0.081, -0.515, 0.81, -0.49, 0.028
2017-04-20 10:09:57,526, 1492675797526428534, -0.065, -0.08, -0.491, 0.878, -0.377, 0.036
2017-04-20 10:09:57,528, 1492675797528426495, -0.07, -0.111, -0.542, 0.904, -0.294, 0.081
2017-04-20 10:09:57,530, 1492675797530428392, -0.068, -0.103, -0.542, 0.879, -0.196, 0.105
2017-04-20 10:09:57,532, 1492675797532477706, -0.032, -0.088, -0.518, 0.787, -0.05, 0.044
2017-04-20 10:09:57,534, 1492675797534457104, 0.007, -0.071, -0.519, 0.694, 0.099, 0.069
2017-04-20 10:09:57,538, 1492675797537831365, 0.026, -0.063, -0.515, 0.531, 0.206, 0.057
2017-04-20 10:09:57,539, 1492675797539757698, 0.033, -0.046, -0.582, 0.232, 0.325, 0.008
2017-04-20 10:09:57,541, 1492675797541466195, 0.058, -0.035, -0.613, 0.094, 0.421, 0.012
2017-04-20 10:09:57,542, 1492675797542496523, 0.037, -0.014, -0.627, -0.011, 0.479, 0.012
2017-04-20 10:09:57,545, 1492675797545325001, 0.034, -0.012, -0.643, -0.077, 0.492, 0.016
2017-04-20 10:09:57,546, 1492675797546458324, 0.074, 0.024, -0.673, -0.171, 0.571, 0.02
2017-04-20 10:09:57,548, 1492675797548387073, 0.093, 0.037, -0.674, -0.223, 0.654, 0.049
2017-04-20 10:09:57,550, 1492675797550429200, 0.094, 0.049, -0.695, -0.32, 0.703, 0.008
2017-04-20 10:09:57,552, 1492675797552487236, 0.063, 0.049, -0.705, -0.374, 0.663, 0.016
2017-04-20 10:09:57,554, 1492675797554413874, 0.062, 0.067, -0.711, -0.469, 0.689, 0.033
2017-04-20 10:09:57,556, 1492675797556491992, 0.082, 0.104, -0.687, -0.561, 0.721, 0.012
2017-04-20 10:09:57,558, 1492675797558481534, 0.095, 0.1, -0.627, -0.668, 0.732, 0.003
2017-04-20 10:09:57,560, 1492675797560609211, 0.09, 0.099, -0.591, -0.78, 0.72, 0.008
2017-04-20 10:09:57,562, 1492675797562464550, 0.091, 0.105, -0.567, -0.855, 0.722, 0.02
2017-04-20 10:09:57,564, 1492675797564393170, 0.097, 0.108, -0.506, -0.903, 0.714, -0.037
2017-04-20 10:09:57,566, 1492675797566470046, 0.086, 0.13, -0.436, -0.886, 0.673, -0.057
2017-04-20 10:09:57,568, 1492675797568411303, 0.068, 0.115, -0.417, -0.837, 0.629, -0.008
2017-04-20 10:09:57,570, 1492675797570430220, 0.049, 0.087, -0.366, -0.756, 0.574, 0.008
2017-04-20 10:09:57,576, 1492675797576361227, 0.014, 0.06, -0.256, -0.342, 0.361, 0.041
2017-04-20 10:09:57,577, 1492675797577523206, -0.018, 0.034, -0.199, -0.198, 0.237, 0.036
2017-04-20 10:09:57,579, 1492675797579459778, -0.027, 0.026, -0.185, -0.03, 0.134, 0.008
2017-04-20 10:09:57,581, 1492675797581490509, -0.027, 0.011, -0.201, 0.106, 0.018, 0.024
2017-04-20 10:09:57,586, 1492675797584451474, -0.058, -0.02, -0.17, 0.239, -0.144, 0.028
2017-04-20 10:09:57,586, 1492675797586335586, -0.054, -0.036, -0.154, 0.34, -0.258, 0.024
2017-04-20 10:09:57,587, 1492675797587520792, -0.054, -0.033, -0.18, 0.426, -0.383, 0.028
2017-04-20 10:09:57,589, 1492675797589474196, -0.073, -0.062, -0.172, 0.495, -0.524, 0.008
2017-04-20 10:09:57,591, 1492675797591468324, -0.096, -0.07, -0.177, 0.566, -0.665, -0.013
2017-04-20 10:09:57,597, 1492675797597516738, -0.095, -0.072, -0.191, 0.623, -0.954, -0.045
2017-04-20 10:09:57,599, 1492675797599280818, -0.102, -0.068, -0.195, 0.597, -1.012, 0.0
2017-04-20 10:09:57,601, 1492675797601370875, -0.111, -0.064, -0.239, 0.518, -1.077, 0.012
2017-04-20 10:09:57,603, 1492675797603406609, -0.109, -0.052, -0.215, 0.406, -1.086, -0.005
2017-04-20 10:09:57,605, 1492675797605435386, -0.114, -0.026, -0.178, 0.274, -1.07, -0.021
2017-04-20 10:09:57,607, 1492675797607572357, -0.12, -0.011, -0.176, 0.11, -1.032, -0.037
2017-04-20 10:09:57,609, 1492675797609500212, -0.115, -0.003, -0.181, -0.019, -0.983, -0.045
2017-04-20 10:09:57,611, 1492675797611375958, -0.115, 0.009, -0.128, -0.141, -0.899, -0.081
2017-04-20 10:09:57,613, 1492675797613352969, -0.101, 0.015, -0.119, -0.248, -0.798, -0.065
2017-04-20 10:09:57,615, 1492675797615324222, -0.088, 0.03, -0.123, -0.308, -0.691, -0.041
2017-04-20 10:09:57,617, 1492675797617429096, -0.082, 0.044, -0.105, -0.34, -0.583, -0.024
2017-04-20 10:09:57,621, 1492675797621491335, -0.057, 0.05, -0.083, -0.282, -0.294, -0.021
2017-04-20 10:09:57,623, 1492675797623301325, -0.062, 0.041, -0.093, -0.244, -0.231, -0.013
2017-04-20 10:09:57,626, 1492675797625775314, -0.048, 0.032, -0.071, -0.182, -0.143, 0.003
2017-04-20 10:09:57,627, 1492675797627628189, -0.02, 0.032, -0.088, -0.083, 0.017, 0.0
2017-04-20 10:09:57,629, 1492675797629488592, 0.005, 0.024, -0.079, -0.029, 0.124, 0.044
2017-04-20 10:09:57,631, 1492675797631467260, 0.008, 0.022, -0.069, 0.016, 0.206, 0.033
2017-04-20 10:09:57,633, 1492675797633466274, 0.031, 0.011, -0.086, 0.038, 0.295, 0.033
2017-04-20 10:09:57,635, 1492675797635492676, 0.047, 0.009, -0.085, 0.038, 0.378, 0.033
2017-04-20 10:09:57,637, 1492675797637472690, 0.058, 0.014, -0.069, 0.016, 0.472, 0.02
2017-04-20 10:09:57,642, 1492675797642194405, 0.075, 0.019, -0.052, -0.084, 0.589, 0.02
2017-04-20 10:09:57,644, 1492675797644355916, 0.082, 0.033, -0.044, -0.148, 0.633, 0.028
2017-04-20 10:09:57,645, 1492675797645516667, 0.068, 0.039, -0.028, -0.201, 0.655, 0.024
2017-04-20 10:09:57,647, 1492675797647463039, 0.081, 0.038, -0.015, -0.25, 0.67, 0.028
2017-04-20 10:09:57,649, 1492675797649515488, 0.072, 0.039, -0.024, -0.299, 0.682, 0.028
2017-04-20 10:09:57,651, 1492675797651472323, 0.075, 0.056, -0.001, -0.348, 0.667, 0.028
2017-04-20 10:09:57,653, 1492675797653493723, 0.062, 0.046, -0.012, -0.374, 0.632, 0.003
2017-04-20 10:09:57,655, 1492675797655486527, 0.04, 0.047, -0.02, -0.382, 0.575, 0.003
2017-04-20 10:09:57,657, 1492675797657539839, 0.054, 0.038, 0.001, -0.362, 0.518, -0.004
2017-04-20 10:09:57,659, 1492675797659472748, 0.046, 0.033, -0.021, -0.308, 0.456, 0.003
2017-04-20 10:09:57,661, 1492675797661512147, 0.034, 0.027, -0.025, -0.233, 0.368, 0.008
2017-04-20 10:09:57,663, 1492675797663459819, 0.04, 0.011, 0.003, -0.126, 0.278, 0.012
2017-04-20 10:09:57,665, 1492675797665559852, 0.032, 0.013, -0.016, -0.015, 0.173, -0.016
2017-04-20 10:09:57,667, 1492675797667488089, 0.018, -0.011, -0.087, 0.079, 0.077, -0.013
2017-04-20 10:09:57,669, 1492675797669528793, -0.005, -0.037, -0.068, 0.212, -0.027, 0.024
2017-04-20 10:09:57,671, 1492675797671450546, 0.017, -0.034, -0.032, 0.309, -0.076, 0.016
2017-04-20 10:09:57,676, 1492675797676520429, -0.048, -0.069, -0.111, 0.537, -0.293, 0.016
2017-04-20 10:09:57,678, 1492675797678326078, -0.051, -0.059, -0.082, 0.574, -0.335, 0.049
2017-04-20 10:09:57,680, 1492675797680475332, -0.025, -0.051, -0.062, 0.578, -0.332, 0.008
2017-04-20 10:09:57,683, 1492675797682657019, -0.034, -0.048, -0.05, 0.543, -0.362, 0.016
2017-04-20 10:09:57,684, 1492675797684495930, -0.061, -0.042, -0.038, 0.455, -0.432, 0.057
2017-04-20 10:09:57,689, 1492675797689468953, -0.069, 0.033, -0.007, 0.055, -0.456, -0.021
2017-04-20 10:09:57,691, 1492675797691529535, -0.065, 0.021, 0.003, -0.049, -0.459, -0.016
2017-04-20 10:09:57,693, 1492675797693307523, -0.061, 0.04, 0.017, -0.232, -0.451, 0.003
2017-04-20 10:09:57,695, 1492675797695360351, -0.071, 0.07, 0.026, -0.407, -0.435, -0.041
2017-04-20 10:09:57,697, 1492675797697319619, -0.053, 0.101, 0.033, -0.551, -0.43, -0.037
2017-04-20 10:09:57,699, 1492675797699358450, -0.06, 0.101, 0.014, -0.679, -0.408, -0.037
2017-04-20 10:09:57,701, 1492675797701303894, -0.071, 0.112, 0.024, -0.778, -0.393, -0.037
2017-04-20 10:09:57,703, 1492675797703336821, -0.056, 0.117, 0.055, -0.832, -0.355, -0.049
2017-04-20 10:09:57,708, 1492675797708642350, -0.052, 0.112, 0.037, -0.839, -0.325, -0.045
2017-04-20 10:09:57,711, 1492675797711350964, -0.034, 0.097, 0.016, -0.635, -0.234, -0.049
2017-04-20 10:09:57,713, 1492675797712842281, -0.01, 0.068, -0.02, -0.507, -0.2, -0.024
2017-04-20 10:09:57,714, 1492675797714525293, -0.025, 0.05, -0.025, -0.371, -0.186, -0.008
2017-04-20 10:09:57,716, 1492675797716427825, -0.024, 0.035, -0.022, -0.235, -0.159, -0.013
2017-04-20 10:09:57,718, 1492675797718495506, -0.014, 0.023, -0.064, -0.054, -0.104, -0.033
2017-04-20 10:09:57,720, 1492675797720511062, -0.002, -0.013, -0.043, 0.11, -0.058, -0.013
2017-04-20 10:09:57,723, 1492675797722703206, 0.003, -0.037, -0.03, 0.278, -0.021, 0.016
2017-04-20 10:09:57,724, 1492675797724585903, 0.006, -0.068, -0.041, 0.46, 0.023, 0.024
2017-04-20 10:09:57,732, 1492675797732497846, 0.057, -0.098, -0.049, 0.822, 0.271, 0.052
2017-04-20 10:09:57,734, 1492675797734300862, 0.058, -0.092, -0.037, 0.789, 0.32, 0.036
2017-04-20 10:09:57,736, 1492675797736412231, 0.048, -0.081, -0.023, 0.701, 0.362, 0.036
2017-04-20 10:09:57,743, 1492675797740832446, 0.046, -0.053, -0.029, 0.582, 0.402, 0.036
2017-04-20 10:09:57,744, 1492675797744452608, 0.042, -0.013, 0.026, 0.031, 0.486, 0.033
2017-04-20 10:09:57,745, 1492675797745479873, 0.039, 0.012, 0.051, -0.132, 0.475, 0.036
2017-04-20 10:09:57,747, 1492675797747335381, 0.036, 0.021, 0.05, -0.208, 0.461, 0.016
2017-04-20 10:09:57,748, 1492675797748463624, 0.022, 0.046, 0.047, -0.339, 0.44, -0.013
2017-04-20 10:09:57,750, 1492675797750493209, 0.022, 0.067, 0.025, -0.451, 0.42, 0.0
2017-04-20 10:09:57,752, 1492675797752468419, 0.014, 0.071, 0.041, -0.561, 0.357, 0.008
2017-04-20 10:09:57,754, 1492675797754485889, 0.011, 0.081, 0.019, -0.63, 0.297, -0.008
2017-04-20 10:09:57,756, 1492675797756454135, 0.026, 0.111, -0.003, -0.673, 0.22, -0.013
2017-04-20 10:09:57,758, 1492675797758506056, 0.005, 0.102, -0.007, -0.688, 0.132, -0.029
2017-04-20 10:09:57,760, 1492675797760456179, 0.004, 0.094, -0.021, -0.68, 0.04, -0.029
2017-04-20 10:09:57,762, 1492675797762455795, -0.001, 0.083, -0.055, -0.65, -0.037, -0.033
2017-04-20 10:09:57,764, 1492675797764495522, -0.005, 0.099, -0.052, -0.58, -0.102, -0.041
2017-04-20 10:09:57,766, 1492675797766504445, 0.0, 0.083, -0.049, -0.508, -0.179, -0.045
2017-04-20 10:09:57,768, 1492675797768462535, -0.027, 0.066, -0.07, -0.409, -0.256, -0.029
2017-04-20 10:09:57,770, 1492675797770622401, -0.034, 0.045, -0.062, -0.303, -0.324, -0.024
2017-04-20 10:09:57,772, 1492675797772684446, -0.043, 0.032, -0.062, -0.182, -0.363, -0.029
2017-04-20 10:09:57,774, 1492675797774498150, -0.05, 0.026, -0.048, -0.066, -0.391, -0.016
2017-04-20 10:09:57,776, 1492675797776473809, -0.051, 0.022, -0.046, 0.046, -0.416, -0.016
2017-04-20 10:09:57,779, 1492675797778888451, -0.062, -0.004, -0.02, 0.156, -0.432, 0.0
2017-04-20 10:09:57,780, 1492675797780456797, -0.056, -0.019, -0.009, 0.228, -0.448, -0.008
2017-04-20 10:09:57,782, 1492675797782541746, -0.08, -0.023, -0.021, 0.296, -0.45, 0.0
2017-04-20 10:09:57,784, 1492675797784445679, -0.059, -0.042, 0.0, 0.339, -0.436, 0.003
2017-04-20 10:09:57,786, 1492675797786481606, -0.058, -0.029, 0.018, 0.37, -0.416, 0.016
2017-04-20 10:09:57,788, 1492675797788456696, -0.049, -0.036, 0.004, 0.376, -0.396, 0.003
2017-04-20 10:09:57,790, 1492675797790473359, -0.055, -0.049, 0.014, 0.37, -0.373, 0.016
2017-04-20 10:09:57,792, 1492675797792488512, -0.042, -0.037, 0.015, 0.351, -0.353, 0.0
2017-04-20 10:09:57,795, 1492675797794669509, -0.047, -0.029, 0.02, 0.316, -0.311, 0.0
2017-04-20 10:09:57,801, 1492675797801478884, -0.031, -0.007, 0.005, 0.092, -0.153, 0.008
2017-04-20 10:09:57,803, 1492675797803357643, -0.021, 0.005, -0.001, 0.04, -0.121, 0.0
2017-04-20 10:09:57,808, 1492675797808436396, -0.009, 0.024, -0.01, -0.033, -0.069, -0.008
2017-04-20 10:09:57,811, 1492675797811304437, 0.016, 0.05, -0.028, -0.269, 0.093, 0.003
2017-04-20 10:09:57,812, 1492675797812471684, 0.021, 0.054, -0.041, -0.329, 0.143, -0.005
2017-04-20 10:09:57,813, 1492675797813490005, 0.023, 0.041, -0.037, -0.36, 0.177, -0.021
2017-04-20 10:09:57,816, 1492675797816269977, 0.036, 0.054, -0.035, -0.402, 0.234, -0.024
2017-04-20 10:09:57,818, 1492675797818326916, 0.026, 0.064, -0.036, -0.42, 0.284, -0.008
2017-04-20 10:09:57,825, 1492675797825459929, 0.038, 0.048, 0.004, -0.368, 0.425, 0.008
2017-04-20 10:09:57,827, 1492675797827692969, 0.037, 0.056, -0.002, -0.332, 0.435, 0.012
2017-04-20 10:09:57,829, 1492675797829461557, 0.034, 0.044, 0.005, -0.255, 0.426, 0.024
2017-04-20 10:09:57,831, 1492675797831394287, 0.026, 0.034, 0.018, -0.187, 0.415, 0.033
2017-04-20 10:09:57,833, 1492675797833282814, 0.028, 0.019, 0.009, -0.112, 0.403, 0.016
2017-04-20 10:09:57,835, 1492675797835337885, 0.03, 0.013, 0.005, -0.013, 0.358, 0.028
2017-04-20 10:09:57,837, 1492675797837339038, 0.023, 0.001, 0.006, 0.077, 0.307, 0.033
2017-04-20 10:09:57,839, 1492675797839320688, 0.019, -0.01, -0.013, 0.166, 0.245, 0.02
2017-04-20 10:09:57,845, 1492675797845033848, 0.01, -0.027, -0.018, 0.236, 0.172, 0.028
2017-04-20 10:09:57,852, 1492675797848972851, 0.005, -0.044, -0.037, 0.327, -0.039, 0.008
2017-04-20 10:09:57,852, 1492675797850516879, -0.01, -0.026, -0.048, 0.277, -0.178, 0.0
2017-04-20 10:09:57,853, 1492675797852736422, -0.011, -0.021, -0.034, 0.238, -0.223, -0.008
2017-04-20 10:09:57,854, 1492675797854457823, -0.027, -0.01, -0.022, 0.162, -0.279, -0.024
2017-04-20 10:09:57,855, 1492675797855535733, -0.035, -0.01, -0.006, 0.087, -0.321, -0.016
2017-04-20 10:09:57,857, 1492675797857515638, -0.028, 0.001, -0.002, 0.045, -0.341, -0.029
2017-04-20 10:09:57,859, 1492675797859436945, -0.039, 0.01, 0.007, -0.041, -0.369, -0.016
2017-04-20 10:09:57,860, 1492675797860475447, -0.046, 0.019, 0.009, -0.107, -0.384, -0.033
2017-04-20 10:09:57,862, 1492675797862518396, -0.06, 0.024, 0.019, -0.167, -0.399, -0.013
2017-04-20 10:09:57,864, 1492675797864459014, -0.057, 0.036, 0.009, -0.212, -0.405, -0.029
2017-04-20 10:09:57,866, 1492675797866510795, -0.053, 0.042, 0.011, -0.248, -0.392, -0.033
2017-04-20 10:09:57,868, 1492675797868449403, -0.044, 0.052, 0.016, -0.266, -0.379, -0.029
2017-04-20 10:09:57,870, 1492675797870494683, -0.042, 0.043, -0.008, -0.27, -0.355, -0.021
2017-04-20 10:09:57,872, 1492675797872470241, -0.042, 0.053, -0.041, -0.257, -0.325, -0.021
2017-04-20 10:09:57,876, 1492675797875685654, -0.017, 0.045, -0.064, -0.24, -0.263, -0.016
2017-04-20 10:09:57,881, 1492675797880740638, 0.005, 0.065, -0.118, -0.211, -0.192, -0.013
2017-04-20 10:09:57,882, 1492675797882479529, 0.027, 0.056, -0.225, -0.196, -0.009, -0.005
2017-04-20 10:09:57,884, 1492675797884441647, 0.038, 0.06, -0.275, -0.197, 0.075, -0.008
2017-04-20 10:09:57,886, 1492675797886492486, 0.064, 0.063, -0.303, -0.208, 0.171, 0.0
2017-04-20 10:09:57,888, 1492675797888489001, 0.091, 0.071, -0.292, -0.233, 0.272, 0.004
2017-04-20 10:09:57,890, 1492675797890513123, 0.103, 0.08, -0.338, -0.27, 0.37, 0.012
2017-04-20 10:09:57,892, 1492675797892490586, 0.109, 0.076, -0.383, -0.313, 0.457, -0.004
2017-04-20 10:09:57,894, 1492675797894495858, 0.103, 0.086, -0.404, -0.357, 0.519, 0.003
2017-04-20 10:09:57,896, 1492675797896460535, 0.097, 0.085, -0.405, -0.393, 0.566, 0.02
2017-04-20 10:09:57,898, 1492675797898506192, 0.089, 0.089, -0.468, -0.393, 0.581, 0.028
2017-04-20 10:09:57,906, 1492675797905490549, 0.164, 0.102, -0.489, -0.366, 0.69, 0.028
2017-04-20 10:09:57,907, 1492675797907523983, 0.161, 0.098, -0.496, -0.385, 0.684, 0.0
2017-04-20 10:09:57,912, 1492675797912633807, 0.184, 0.116, -0.489, -0.423, 0.71, -0.005
2017-04-20 10:09:57,914, 1492675797914527588, 0.18, 0.122, -0.497, -0.597, 0.747, 0.008
2017-04-20 10:09:57,916, 1492675797916679344, 0.202, 0.121, -0.476, -0.647, 0.791, 0.016
2017-04-20 10:09:57,918, 1492675797918513232, 0.178, 0.118, -0.514, -0.661, 0.796, -0.021
2017-04-20 10:09:57,920, 1492675797920469142, 0.19, 0.137, -0.476, -0.666, 0.837, 0.016
2017-04-20 10:09:57,922, 1492675797922535754, 0.208, 0.139, -0.484, -0.663, 0.877, 0.008
2017-04-20 10:09:57,924, 1492675797924475934, 0.2, 0.13, -0.541, -0.648, 0.903, 0.0
2017-04-20 10:09:57,926, 1492675797926532322, 0.195, 0.131, -0.545, -0.622, 0.918, 0.02
2017-04-20 10:09:57,929, 1492675797929127089, 0.177, 0.118, -0.508, -0.571, 0.902, 0.057
2017-04-20 10:09:57,930, 1492675797930476217, 0.169, 0.128, -0.531, -0.494, 0.913, 0.049
2017-04-20 10:09:57,932, 1492675797932487182, 0.162, 0.106, -0.563, -0.428, 0.87, 0.012
2017-04-20 10:09:57,935, 1492675797935522529, 0.154, 0.082, -0.551, -0.28, 0.795, 0.041
2017-04-20 10:09:57,937, 1492675797937526291, 0.161, 0.071, -0.578, -0.207, 0.761, 0.033
2017-04-20 10:09:57,939, 1492675797939415682, 0.148, 0.062, -0.604, -0.092, 0.686, -0.021
2017-04-20 10:09:57,940, 1492675797940481803, 0.149, 0.049, -0.586, 0.017, 0.574, 0.036
2017-04-20 10:09:57,942, 1492675797942517151, 0.177, 0.057, -0.549, 0.08, 0.575, 0.089
2017-04-20 10:09:57,950, 1492675797950482201, 0.167, 0.078, -0.686, -0.271, 0.516, -0.037
2017-04-20 10:09:57,956, 1492675797956513130, 0.111, 0.128, -0.56, -0.656, 0.529, 0.081
2017-04-20 10:09:57,958, 1492675797958333307, 0.121, 0.118, -0.542, -0.742, 0.565, -0.013
2017-04-20 10:09:57,960, 1492675797960419417, 0.105, 0.137, -0.475, -0.699, 0.483, 0.0
2017-04-20 10:09:57,962, 1492675797962346036, 0.168, 0.172, -0.345, -0.765, 0.621, 0.0
2017-04-20 10:09:57,964, 1492675797964771827, 0.204, 0.179, -0.414, -0.832, 0.689, -0.061
2017-04-20 10:09:57,967, 1492675797966518132, 0.128, 0.16, -0.375, -0.951, 0.616, -0.024
2017-04-20 10:09:57,968, 1492675797968534873, 0.07, 0.132, -0.363, -0.991, 0.577, -0.021
2017-04-20 10:09:57,970, 1492675797970366235, 0.03, 0.094, -0.419, -0.912, 0.505, 0.041
2017-04-20 10:09:57,972, 1492675797972383821, 0.057, 0.108, -0.433, -0.751, 0.487, 0.003
2017-04-20 10:09:57,974, 1492675797974437223, 0.099, 0.133, -0.349, -0.514, 0.515, -0.045
2017-04-20 10:09:57,976, 1492675797976499744, 0.187, 0.119, -0.286, -0.329, 0.514, 0.033
2017-04-20 10:09:57,978, 1492675797978361749, 0.246, 0.107, -0.261, -0.238, 0.598, -0.024
2017-04-20 10:09:57,980, 1492675797980421818, 0.222, 0.081, -0.24, -0.224, 0.63, -0.061
2017-04-20 10:09:57,985, 1492675797982854181, 0.081, 0.039, -0.273, -0.179, 0.431, 0.003
2017-04-20 10:09:57,985, 1492675797984709289, -0.025, 0.01, -0.314, -0.062, 0.348, 0.041
2017-04-20 10:09:57,987, 1492675797987358678, -0.073, -0.023, -0.215, 0.116, 0.235, 0.016
2017-04-20 10:09:57,988, 1492675797988481695, 0.012, -0.011, -0.158, 0.287, 0.227, 0.049
2017-04-20 10:09:57,990, 1492675797990439453, 0.149, 0.006, -0.091, 0.357, 0.389, 0.133
2017-04-20 10:09:57,992, 1492675797992398147, 0.23, 0.022, -0.101, 0.395, 0.436, 0.069
2017-04-20 10:09:57,994, 1492675797994396773, 0.193, 0.022, -0.11, 0.324, 0.457, -0.073
2017-04-20 10:09:57,996, 1492675797996487472, -0.009, -0.031, -0.228, 0.263, 0.16, -0.029
2017-04-20 10:09:57,998, 1492675797998367232, -0.158, -0.054, -0.274, 0.285, -0.11, 0.036
2017-04-20 10:09:58,000, 1492675798000399646, -0.177, -0.05, -0.212, 0.269, -0.2, -0.021
2017-04-20 10:09:58,002, 1492675798002459965, 0.0, -0.008, -0.095, 0.286, -0.116, 0.012
2017-04-20 10:09:58,004, 1492675798004498990, 0.197, 0.021, 0.011, 0.202, 0.092, 0.069
2017-04-20 10:09:58,006, 1492675798006452375, 0.181, 0.02, -0.027, -0.001, 0.097, -0.021
2017-04-20 10:09:58,008, 1492675798008390743, -0.029, -0.027, -0.165, -0.087, -0.204, -0.057
2017-04-20 10:09:58,016, 1492675798014037003, -0.219, -0.056, -0.323, 0.0, -0.526, -0.094
2017-04-20 10:09:58,017, 1492675798017543764, 0.242, 0.048, 0.014, -0.076, -0.094, 0.06
2017-04-20 10:09:58,019, 1492675798019346106, 0.125, 0.014, -0.062, -0.235, -0.21, 0.02
2017-04-20 10:09:58,020, 1492675798020674192, -0.164, -0.048, -0.216, -0.299, -0.544, -0.122
2017-04-20 10:09:58,022, 1492675798022432255, -0.319, -0.039, -0.289, -0.249, -0.748, -0.135
2017-04-20 10:09:58,023, 1492675798023472760, -0.402, 0.013, -0.308, -0.148, -0.912, -0.089
2017-04-20 10:09:58,025, 1492675798025454069, -0.128, 0.106, -0.127, -0.143, -0.539, -0.078
2017-04-20 10:09:58,027, 1492675798027519507, 0.167, 0.121, 0.071, -0.227, -0.187, -0.033
2017-04-20 10:09:58,029, 1492675798029446282, 0.262, 0.045, 0.165, -0.433, 0.027, 0.025
2017-04-20 10:09:58,031, 1492675798031488262, -0.016, -0.049, -0.046, -0.417, -0.308, 0.033
2017-04-20 10:09:58,034, 1492675798034488751, -0.336, -0.046, -0.262, -0.155, -0.704, -0.021
2017-04-20 10:09:58,036, 1492675798036510064, -0.37, 0.077, -0.231, 0.143, -0.822, -0.081
2017-04-20 10:09:58,038, 1492675798038319899, -0.016, 0.124, -0.037, 0.197, -0.337, -0.061
2017-04-20 10:09:58,039, 1492675798039477410, 0.253, 0.053, 0.099, 0.044, 0.057, -0.053
2017-04-20 10:09:58,041, 1492675798041480962, 0.252, -0.032, 0.166, -0.157, 0.128, 0.024
2017-04-20 10:09:58,044, 1492675798044334273, -0.156, -0.102, -0.073, -0.024, -0.428, 0.028
2017-04-20 10:09:58,052, 1492675798050336495, 0.096, 0.086, 0.018, 0.285, -0.15, -0.012
2017-04-20 10:09:58,052, 1492675798051483815, 0.331, -0.011, 0.128, 0.031, 0.238, -0.024
2017-04-20 10:09:58,057, 1492675798057505886, -0.378, 0.022, -0.282, 0.39, -0.787, 0.02
2017-04-20 10:09:58,059, 1492675798059318902, -0.253, 0.113, -0.217, 0.384, -0.549, -0.037
2017-04-20 10:09:58,061, 1492675798061369718, 0.065, 0.089, -0.035, 0.237, -0.084, -0.073
2017-04-20 10:09:58,063, 1492675798063387448, 0.248, -0.049, 0.138, -0.081, 0.252, 0.024
2017-04-20 10:09:58,065, 1492675798065283254, 0.088, -0.163, 0.066, -0.155, 0.04, 0.036
2017-04-20 10:09:58,067, 1492675798067438592, -0.257, -0.115, -0.184, 0.11, -0.412, -0.005
2017-04-20 10:09:58,069, 1492675798069435479, -0.317, 0.025, -0.245, 0.432, -0.577, -0.053
2017-04-20 10:09:58,071, 1492675798071365618, -0.054, 0.121, -0.071, 0.461, -0.174, -0.118
2017-04-20 10:09:58,073, 1492675798073349932, 0.203, -0.03, 0.094, 0.239, 0.199, 0.012
2017-04-20 10:09:58,075, 1492675798075384014, 0.143, -0.192, 0.052, 0.095, 0.098, 0.041
2017-04-20 10:09:58,077, 1492675798077384939, -0.156, -0.198, -0.076, 0.269, -0.337, 0.109
2017-04-20 10:09:58,079, 1492675798079375547, -0.272, -0.012, -0.187, 0.65, -0.635, 0.06
2017-04-20 10:09:58,081, 1492675798081360274, -0.076, 0.122, -0.085, 0.753, -0.26, -0.122
2017-04-20 10:09:58,083, 1492675798083383618, 0.119, 0.008, 0.046, 0.512, 0.023, -0.13
2017-04-20 10:09:58,086, 1492675798085761965, 0.095, -0.204, 0.087, 0.294, -0.025, 0.0
2017-04-20 10:09:58,087, 1492675798087598588, -0.172, -0.252, -0.03, 0.428, -0.437, 0.049
2017-04-20 10:09:58,089, 1492675798089486127, -0.282, -0.06, -0.162, 0.693, -0.695, -0.024
2017-04-20 10:09:58,091, 1492675798091401427, -0.09, 0.116, -0.116, 0.835, -0.394, -0.11
2017-04-20 10:09:58,093, 1492675798093506919, 0.123, 0.035, 0.075, 0.479, -0.08, 0.0
2017-04-20 10:09:58,095, 1492675798095333839, 0.096, -0.108, 0.099, 0.203, -0.138, 0.036
2017-04-20 10:09:58,097, 1492675798097320420, -0.119, -0.227, -0.042, 0.099, -0.402, 0.141
2017-04-20 10:09:58,099, 1492675798099394598, -0.267, -0.038, -0.165, 0.249, -0.69, 0.101
2017-04-20 10:09:58,101, 1492675798101322470, -0.132, 0.209, 0.038, 0.242, -0.424, -0.105
2017-04-20 10:09:58,103, 1492675798103352441, 0.03, 0.165, 0.169, -0.024, -0.187, -0.138
2017-04-20 10:09:58,105, 1492675798105327187, 0.01, -0.083, 0.159, -0.506, -0.189, -0.057
2017-04-20 10:09:58,107, 1492675798107499844, -0.227, -0.21, 0.152, -0.656, -0.438, -0.008
2017-04-20 10:09:58,113, 1492675798113463307, 0.046, 0.108, 0.333, -0.231, -0.252, -0.122
2017-04-20 10:09:58,115, 1492675798115359691, -0.015, -0.035, 0.393, -0.339, -0.403, -0.008
2017-04-20 10:09:58,121, 1492675798121194287, -0.21, -0.233, 0.273, -0.292, -0.729, 0.049
2017-04-20 10:09:58,122, 1492675798122518892, -0.123, 0.113, 0.277, 0.7, -0.982, -0.207
2017-04-20 10:09:58,124, 1492675798124418490, 0.002, -0.096, 0.478, 0.536, -0.832, 0.049
2017-04-20 10:09:58,126, 1492675798126497340, -0.17, -0.333, 0.405, 0.527, -1.166, 0.114
2017-04-20 10:09:58,128, 1492675798128476954, -0.416, -0.293, 0.234, 0.853, -1.609, 0.081
2017-04-20 10:09:58,130, 1492675798130473983, -0.507, -0.113, 0.157, 1.309, -1.84, -0.065
2017-04-20 10:09:58,133, 1492675798133134105, -0.316, -0.057, 0.266, 1.589, -1.7, -0.11
2017-04-20 10:09:58,134, 1492675798134478978, -0.097, -0.188, 0.478, 1.486, -1.473, -0.126
2017-04-20 10:09:58,136, 1492675798136452218, -0.099, -0.371, 0.57, 1.312, -1.41, 0.133
2017-04-20 10:09:58,139, 1492675798139310961, -0.372, -0.346, 0.371, 1.366, -1.78, 0.081
2017-04-20 10:09:58,140, 1492675798140449758, -0.586, -0.19, 0.166, 1.545, -2.196, 0.089
2017-04-20 10:09:58,142, 1492675798142536394, -0.583, -0.151, 0.214, 1.66, -2.197, -0.021
2017-04-20 10:09:58,144, 1492675798144488421, -0.358, -0.21, 0.476, 1.564, -2.002, -0.029
2017-04-20 10:09:58,146, 1492675798146455268, -0.197, -0.303, 0.596, 1.294, -1.834, -0.016
2017-04-20 10:09:58,154, 1492675798154367723, -0.644, -0.173, 0.265, 0.996, -2.389, -0.065
2017-04-20 10:09:58,155, 1492675798155481193, -0.503, -0.241, 0.357, 0.896, -2.236, -0.037
2017-04-20 10:09:58,157, 1492675798157547252, -0.351, -0.28, 0.568, 0.88, -2.163, -0.024
2017-04-20 10:09:58,159, 1492675798159487527, -0.223, -0.179, 0.597, 1.007, -2.095, -0.061
2017-04-20 10:09:58,161, 1492675798161476756, -0.318, -0.097, 0.43, 1.099, -2.24, -0.097
2017-04-20 10:09:58,163, 1492675798163477974, -0.505, -0.118, 0.343, 0.962, -2.417, 0.041
2017-04-20 10:09:58,165, 1492675798165452017, -0.554, -0.196, 0.307, 0.792, -2.423, 0.061
2017-04-20 10:09:58,167, 1492675798167476693, -0.446, -0.186, 0.365, 0.663, -2.365, -0.005
2017-04-20 10:09:58,169, 1492675798169463334, -0.366, -0.151, 0.478, 0.567, -2.187, -0.057
2017-04-20 10:09:58,171, 1492675798171490370, -0.34, -0.107, 0.468, 0.562, -2.118, -0.089
2017-04-20 10:09:58,173, 1492675798173446285, -0.424, -0.101, 0.385, 0.543, -2.285, -0.057
2017-04-20 10:09:58,175, 1492675798175532705, -0.55, -0.183, 0.393, 0.501, -2.389, -0.021
2017-04-20 10:09:58,177, 1492675798177464324, -0.518, -0.203, 0.434, 0.536, -2.315, 0.044
2017-04-20 10:09:58,179, 1492675798179489341, -0.363, -0.109, 0.413, 0.627, -2.157, -0.016
2017-04-20 10:09:58,181, 1492675798181541726, -0.332, -0.106, 0.441, 0.737, -2.071, -0.159
2017-04-20 10:09:58,183, 1492675798183495822, -0.383, -0.173, 0.486, 0.815, -2.117, -0.135
2017-04-20 10:09:58,189, 1492675798189475216, -0.394, -0.19, 0.301, 1.123, -2.033, 0.041
2017-04-20 10:09:58,191, 1492675798191344110, -0.343, -0.167, 0.364, 1.218, -1.994, 0.012
2017-04-20 10:09:58,193, 1492675798193363515, -0.309, -0.219, 0.385, 1.354, -1.916, 0.065
2017-04-20 10:09:58,195, 1492675798195369855, -0.297, -0.249, 0.227, 1.451, -1.867, 0.073
2017-04-20 10:09:58,197, 1492675798197354688, -0.316, -0.266, 0.181, 1.564, -1.822, 0.016
2017-04-20 10:09:58,199, 1492675798199395433, -0.357, -0.246, 0.236, 1.693, -1.863, 0.008
2017-04-20 10:09:58,201, 1492675798201413339, -0.312, -0.218, 0.213, 1.688, -1.697, -0.021
2017-04-20 10:09:58,203, 1492675798203762619, -0.236, -0.257, 0.156, 1.638, -1.532, 0.02
2017-04-20 10:09:58,205, 1492675798205470862, -0.258, -0.264, 0.19, 1.486, -1.484, 0.044
2017-04-20 10:09:58,207, 1492675798207436276, -0.289, -0.248, 0.21, 1.379, -1.397, 0.036
2017-04-20 10:09:58,209, 1492675798209374084, -0.334, -0.217, 0.098, 1.317, -1.419, 0.02
2017-04-20 10:09:58,211, 1492675798211414609, -0.283, -0.187, 0.064, 1.202, -1.309, 0.003
2017-04-20 10:09:58,217, 1492675798217467107, -0.203, -0.143, 0.132, 0.788, -1.016, 0.003
2017-04-20 10:09:58,218, 1492675798218452902, -0.216, -0.131, 0.072, 0.738, -1.011, 0.016
2017-04-20 10:09:58,224, 1492675798221593577, -0.223, -0.092, 0.026, 0.64, -0.994, 0.02
2017-04-20 10:09:58,224, 1492675798223445146, -0.19, -0.093, 0.062, 0.495, -0.912, -0.021
2017-04-20 10:09:58,225, 1492675798225286203, -0.15, -0.088, 0.113, 0.393, -0.82, 0.016
2017-04-20 10:09:58,227, 1492675798227335115, -0.105, -0.072, 0.112, 0.294, -0.739, -0.004
2017-04-20 10:09:58,229, 1492675798229324579, -0.127, -0.035, 0.05, 0.212, -0.72, -0.057
2017-04-20 10:09:58,231, 1492675798231320857, -0.165, -0.025, 0.051, 0.16, -0.748, -0.073
2017-04-20 10:09:58,233, 1492675798233332467, -0.178, -0.029, 0.08, 0.062, -0.758, -0.061
2017-04-20 10:09:58,235, 1492675798235344808, -0.15, -0.018, 0.081, -0.017, -0.679, -0.028
2017-04-20 10:09:58,238, 1492675798237465675, -0.118, -0.017, 0.045, -0.021, -0.597, -0.053
2017-04-20 10:09:58,239, 1492675798239329656, -0.12, 0.003, 0.067, -0.021, -0.584, 0.008
2017-04-20 10:09:58,243, 1492675798243459871, -0.155, -0.03, -0.001, 0.074, -0.609, -0.021
2017-04-20 10:09:58,245, 1492675798245299608, -0.147, -0.029, 0.003, 0.099, -0.589, -0.024
2017-04-20 10:09:58,246, 1492675798246462418, -0.137, -0.049, 0.031, 0.166, -0.593, -0.033
2017-04-20 10:09:58,247, 1492675798247490783, -0.138, -0.032, 0.053, 0.214, -0.608, -0.041
2017-04-20 10:09:58,249, 1492675798249303006, -0.139, -0.032, 0.047, 0.265, -0.618, -0.041
2017-04-20 10:09:58,251, 1492675798251417801, -0.146, -0.05, -0.004, 0.335, -0.647, -0.016
2017-04-20 10:09:58,257, 1492675798253605844, -0.151, -0.067, -0.032, 0.409, -0.687, -0.008
2017-04-20 10:09:58,257, 1492675798255494323, -0.141, -0.077, -0.006, 0.46, -0.717, 0.0
2017-04-20 10:09:58,257, 1492675798257710423, -0.122, -0.085, 0.003, 0.519, -0.746, 0.0
2017-04-20 10:09:58,259, 1492675798259511755, -0.146, -0.122, -0.072, 0.545, -0.79, 0.166
2017-04-20 10:09:58,261, 1492675798261388568, -0.134, -0.076, -0.065, 0.517, -0.818, 0.336
2017-04-20 10:09:58,263, 1492675798263479515, -0.177, -0.124, -0.039, 0.564, -0.862, 0.377
2017-04-20 10:09:58,265, 1492675798265304214, -0.172, -0.098, -0.036, 0.536, -0.832, 0.292
2017-04-20 10:09:58,267, 1492675798267387119, -0.151, -0.12, -0.063, 0.552, -0.761, 0.284
2017-04-20 10:09:58,269, 1492675798269345722, -0.163, -0.104, -0.067, 0.555, -0.703, 0.309
2017-04-20 10:09:58,273, 1492675798273639088, -0.174, -0.088, -0.047, 0.518, -0.61, 0.182
2017-04-20 10:09:58,275, 1492675798275408239, -0.152, -0.074, -0.049, 0.511, -0.561, 0.141
2017-04-20 10:09:58,277, 1492675798277528649, -0.137, -0.074, -0.021, 0.501, -0.528, 0.077
2017-04-20 10:09:58,279, 1492675798279462460, -0.141, -0.082, -0.035, 0.5, -0.522, 0.02
2017-04-20 10:09:58,281, 1492675798281484725, -0.135, -0.075, -0.043, 0.464, -0.505, 0.028
2017-04-20 10:09:58,283, 1492675798283444153, -0.121, -0.052, -0.045, 0.41, -0.504, 0.036
2017-04-20 10:09:58,285, 1492675798285637771, -0.102, -0.059, -0.048, 0.375, -0.507, 0.057
2017-04-20 10:09:58,287, 1492675798287522682, -0.095, -0.056, -0.048, 0.324, -0.507, 0.028
2017-04-20 10:09:58,293, 1492675798293484973, -0.105, -0.032, -0.054, 0.216, -0.545, 0.065
2017-04-20 10:09:58,295, 1492675798295263116, -0.102, -0.028, -0.078, 0.195, -0.561, 0.085
2017-04-20 10:09:58,297, 1492675798297551357, -0.105, -0.032, -0.086, 0.184, -0.545, 0.065
2017-04-20 10:09:58,299, 1492675798299370937, -0.095, -0.023, -0.083, 0.16, -0.517, 0.117
2017-04-20 10:09:58,301, 1492675798301341424, -0.105, -0.005, -0.003, 0.133, -0.509, 0.065
2017-04-20 10:09:58,303, 1492675798303284184, -0.128, -0.01, -0.054, 0.101, -0.525, 0.016
2017-04-20 10:09:58,305, 1492675798305356081, -0.138, -0.005, -0.115, 0.092, -0.523, 0.028
2017-04-20 10:09:58,307, 1492675798307349687, -0.134, -0.012, -0.011, 0.052, -0.53, 0.044
2017-04-20 10:09:58,313, 1492675798313494665, -0.154, -0.053, -0.058, -0.046, -0.643, 0.219
2017-04-20 10:09:58,315, 1492675798315313545, -0.155, -0.036, 0.0, -0.04, -0.658, 0.211
2017-04-20 10:09:58,325, 1492675798321160275, -0.128, -0.034, -0.054, -0.025, -0.616, 0.215
2017-04-20 10:09:58,326, 1492675798326454487, -0.12, -0.049, -0.169, 0.225, -0.542, 0.077
2017-04-20 10:09:58,327, 1492675798327497176, -0.111, -0.054, -0.105, 0.25, -0.536, 0.09
2017-04-20 10:09:58,330, 1492675798330289535, -0.12, -0.044, -0.019, 0.268, -0.547, 0.06
2017-04-20 10:09:58,332, 1492675798332468980, -0.114, -0.045, -0.105, 0.259, -0.523, 0.081
2017-04-20 10:09:58,333, 1492675798333443515, -0.11, -0.031, -0.163, 0.24, -0.494, 0.093
2017-04-20 10:09:58,336, 1492675798336349811, -0.114, -0.025, -0.054, 0.199, -0.499, 0.089
2017-04-20 10:09:58,338, 1492675798338339117, -0.1, -0.039, 0.004, 0.161, -0.486, 0.097
2017-04-20 10:09:58,341, 1492675798340643098, -0.089, -0.041, -0.094, 0.123, -0.444, 0.13
2017-04-20 10:09:58,342, 1492675798342484984, -0.098, -0.043, -0.087, 0.101, -0.445, 0.101
2017-04-20 10:09:58,343, 1492675798343487251, -0.12, -0.031, -0.004, 0.093, -0.464, 0.097
2017-04-20 10:09:58,346, 1492675798346308035, -0.114, -0.023, -0.044, 0.09, -0.441, 0.133
2017-04-20 10:09:58,349, 1492675798348299865, -0.092, -0.035, -0.095, 0.08, -0.397, 0.162
2017-04-20 10:09:58,350, 1492675798350481905, -0.096, -0.029, -0.028, 0.092, -0.395, 0.