2017-04-20 10:10:57,457, 1492675857457444942, 0.139, 0.165, -0.107, -1.153, 1.217, 0.19
2017-04-20 10:10:57,461, 1492675857461600292, 0.149, 0.143, -0.102, -1.093, 1.251, 0.182
2017-04-20 10:10:57,463, 1492675857463389603, 0.152, 0.146, -0.077, -1.079, 1.262, 0.187
2017-04-20 10:10:57,465, 1492675857465485914, 0.164, 0.132, -0.064, -1.072, 1.269, 0.166
2017-04-20 10:10:57,473, 1492675857468077928, 0.155, 0.134, -0.072, -1.068, 1.285, 0.162
2017-04-20 10:10:57,476, 1492675857469639004, 0.137, 0.133, -0.059, -1.078, 1.284, 0.158
2017-04-20 10:10:57,476, 1492675857471456818, 0.14, 0.132, -0.051, -1.076, 1.28, 0.179
2017-04-20 10:10:57,476, 1492675857473989851, 0.136, 0.146, -0.064, -1.067, 1.288, 0.174
2017-04-20 10:10:57,477, 1492675857475597287, 0.137, 0.151, -0.082, -1.063, 1.277, 0.19
2017-04-20 10:10:57,477, 1492675857477425622, 0.134, 0.153, -0.053, -1.059, 1.272, 0.174
2017-04-20 10:10:57,479, 1492675857479478913, 0.129, 0.152, -0.045, -1.055, 1.262, 0.191
2017-04-20 10:10:57,481, 1492675857481506866, 0.139, 0.145, -0.044, -1.058, 1.261, 0.195
2017-04-20 10:10:57,483, 1492675857483542277, 0.15, 0.146, -0.044, -1.063, 1.266, 0.198
2017-04-20 10:10:57,485, 1492675857485515590, 0.143, 0.145, -0.043, -1.059, 1.26, 0.199
2017-04-20 10:10:57,487, 1492675857487475878, 0.139, 0.152, -0.047, -1.058, 1.261, 0.195
2017-04-20 10:10:57,489, 1492675857489491152, 0.16, 0.141, -0.052, -1.053, 1.257, 0.199
2017-04-20 10:10:57,491, 1492675857491464034, 0.15, 0.138, -0.064, -1.041, 1.245, 0.191
2017-04-20 10:10:57,493, 1492675857493449950, 0.145, 0.14, -0.061, -1.035, 1.224, 0.182
2017-04-20 10:10:57,495, 1492675857495471547, 0.144, 0.131, -0.071, -1.033, 1.205, 0.179
2017-04-20 10:10:57,497, 1492675857497500826, 0.148, 0.132, -0.06, -1.016, 1.174, 0.187
2017-04-20 10:10:57,499, 1492675857499528057, 0.137, 0.123, -0.075, -0.998, 1.161, 0.182
2017-04-20 10:10:57,505, 1492675857505012910, 0.122, 0.125, -0.065, -0.984, 1.139, 0.182
2017-04-20 10:10:57,508, 1492675857508098076, 0.121, 0.141, -0.082, -0.973, 1.115, 0.203
2017-04-20 10:10:57,509, 1492675857509627771, 0.119, 0.159, -0.07, -0.998, 1.119, 0.191
2017-04-20 10:10:57,511, 1492675857511464688, 0.121, 0.15, -0.095, -1.013, 1.12, 0.19
2017-04-20 10:10:57,512, 1492675857512607903, 0.112, 0.153, -0.084, -1.032, 1.123, 0.191
2017-04-20 10:10:57,514, 1492675857514563722, 0.123, 0.152, -0.074, -1.052, 1.134, 0.179
2017-04-20 10:10:57,516, 1492675857516617028, 0.121, 0.156, -0.07, -1.087, 1.148, 0.171
2017-04-20 10:10:57,518, 1492675857518664057, 0.125, 0.143, -0.08, -1.124, 1.148, 0.174
2017-04-20 10:10:57,520, 1492675857520622110, 0.128, 0.153, -0.076, -1.144, 1.148, 0.171
2017-04-20 10:10:57,523, 1492675857522752801, 0.126, 0.148, -0.067, -1.159, 1.156, 0.174
2017-04-20 10:10:57,524, 1492675857524570041, 0.126, 0.157, -0.085, -1.171, 1.163, 0.166
2017-04-20 10:10:57,526, 1492675857526593736, 0.126, 0.161, -0.071, -1.183, 1.162, 0.155
2017-04-20 10:10:57,528, 1492675857528612374, 0.13, 0.161, -0.07, -1.189, 1.163, 0.163
2017-04-20 10:10:57,530, 1492675857530583627, 0.128, 0.155, -0.075, -1.201, 1.178, 0.171
2017-04-20 10:10:57,533, 1492675857533064938, 0.149, 0.175, -0.063, -1.234, 1.193, 0.166
2017-04-20 10:10:57,534, 1492675857534584770, 0.147, 0.185, -0.061, -1.252, 1.187, 0.182
2017-04-20 10:10:57,537, 1492675857536825911, 0.14, 0.172, -0.065, -1.272, 1.177, 0.182
2017-04-20 10:10:57,538, 1492675857538527098, 0.135, 0.179, -0.077, -1.283, 1.177, 0.171
2017-04-20 10:10:57,540, 1492675857540616884, 0.135, 0.173, -0.067, -1.298, 1.179, 0.182
2017-04-20 10:10:57,545, 1492675857545570051, 0.095, 0.153, -0.065, -1.276, 1.138, 0.171
2017-04-20 10:10:57,547, 1492675857547446420, 0.086, 0.141, -0.064, -1.257, 1.131, 0.15
2017-04-20 10:10:57,549, 1492675857549464885, 0.067, 0.109, -0.058, -1.216, 1.114, 0.142
2017-04-20 10:10:57,551, 1492675857551466202, 0.047, 0.103, -0.063, -1.153, 1.093, 0.155
2017-04-20 10:10:57,553, 1492675857553496857, 0.035, 0.07, -0.067, -1.08, 1.058, 0.141
2017-04-20 10:10:57,555, 1492675857555668865, 0.031, 0.064, -0.07, -0.989, 1.026, 0.174
2017-04-20 10:10:57,557, 1492675857557473281, 0.005, 0.048, -0.134, -0.876, 0.983, 0.195
2017-04-20 10:10:57,559, 1492675857559738757, 0.011, 0.037, -0.162, -0.738, 0.945, 0.292
2017-04-20 10:10:57,562, 1492675857562362436, 0.004, 0.036, -0.183, -0.653, 0.901, 0.247
2017-04-20 10:10:57,564, 1492675857563966847, -0.021, 0.018, -0.231, -0.546, 0.849, 0.231
2017-04-20 10:10:57,565, 1492675857565576477, -0.036, 0.027, -0.261, -0.47, 0.815, 0.252
2017-04-20 10:10:57,568, 1492675857567911204, -0.03, 0.014, -0.267, -0.384, 0.787, 0.317
2017-04-20 10:10:57,572, 1492675857569583575, -0.036, 0.031, -0.282, -0.286, 0.761, 0.312
2017-04-20 10:10:57,572, 1492675857570809508, -0.021, 0.023, -0.314, -0.228, 0.771, 0.263
2017-04-20 10:10:57,576, 1492675857576229605, -0.043, 0.005, -0.314, -0.158, 0.736, 0.312
2017-04-20 10:10:57,577, 1492675857577657818, -0.057, 0.002, -0.399, -0.041, 0.697, 0.284
2017-04-20 10:10:57,579, 1492675857579560176, -0.054, -0.002, -0.348, -0.044, 0.713, 0.292
2017-04-20 10:10:57,581, 1492675857581596119, -0.05, -0.012, -0.351, -0.043, 0.682, 0.309
2017-04-20 10:10:57,583, 1492675857583590905, -0.049, -0.02, -0.376, -0.076, 0.718, 0.288
2017-04-20 10:10:57,585, 1492675857585649335, -0.026, -0.019, -0.383, -0.078, 0.703, 0.304
2017-04-20 10:10:57,587, 1492675857587566014, -0.047, -0.007, -0.352, -0.127, 0.726, 0.296
2017-04-20 10:10:57,589, 1492675857589630494, -0.066, -0.019, -0.38, -0.142, 0.677, 0.309
2017-04-20 10:10:57,591, 1492675857591579473, -0.076, -0.028, -0.396, -0.127, 0.634, 0.292
2017-04-20 10:10:57,594, 1492675857594612782, -0.013, -0.014, -0.38, -0.097, 0.676, 0.293
2017-04-20 10:10:57,596, 1492675857596472002, -0.029, -0.026, -0.362, -0.092, 0.644, 0.276
2017-04-20 10:10:57,601, 1492675857601611421, -0.003, 0.016, -0.425, -0.119, 0.631, 0.255
2017-04-20 10:10:57,603, 1492675857603386234, -0.024, 0.002, -0.431, -0.139, 0.611, 0.312
2017-04-20 10:10:57,605, 1492675857605486801, -0.002, 0.016, -0.368, -0.214, 0.681, 0.317
2017-04-20 10:10:57,607, 1492675857607557510, -0.008, 0.03, -0.459, -0.278, 0.656, 0.366
2017-04-20 10:10:57,612, 1492675857611972620, 0.028, 0.038, -0.501, -0.297, 0.764, 0.236
2017-04-20 10:10:57,613, 1492675857613649193, -0.054, 0.011, -0.584, -0.248, 0.666, 0.317
2017-04-20 10:10:57,615, 1492675857615612386, -0.077, -0.003, -0.599, -0.151, 0.582, 0.328
2017-04-20 10:10:57,618, 1492675857617839828, -0.063, 0.026, -0.538, -0.033, 0.563, 0.191
2017-04-20 10:10:57,619, 1492675857619617148, -0.044, 0.018, -0.648, 0.064, 0.534, 0.247
2017-04-20 10:10:57,621, 1492675857621574460, -0.029, 0.023, -0.674, 0.184, 0.463, 0.369
2017-04-20 10:10:57,623, 1492675857623575686, 0.03, 0.062, -0.608, 0.246, 0.505, 0.292
2017-04-20 10:10:57,625, 1492675857625586782, 0.084, 0.108, -0.62, 0.229, 0.543, 0.244
2017-04-20 10:10:57,627, 1492675857627834482, 0.131, 0.126, -0.665, 0.085, 0.652, 0.276
2017-04-20 10:10:57,629, 1492675857629583042, 0.146, 0.117, -0.643, -0.028, 0.642, 0.382
2017-04-20 10:10:57,631, 1492675857631582307, 0.185, 0.166, -0.588, -0.26, 0.776, 0.385
2017-04-20 10:10:57,633, 1492675857633563521, 0.199, 0.183, -0.648, -0.474, 0.826, 0.328
2017-04-20 10:10:57,635, 1492675857635682460, 0.201, 0.214, -0.592, -0.663, 0.874, 0.409
2017-04-20 10:10:57,640, 1492675857640304824, 0.211, 0.213, -0.535, -0.851, 0.92, 0.483
2017-04-20 10:10:57,645, 1492675857645602612, 0.39, 0.336, -0.454, -1.572, 1.426, 0.49
2017-04-20 10:10:57,647, 1492675857647454582, 0.366, 0.365, -0.486, -1.631, 1.34, 0.596
2017-04-20 10:10:57,649, 1492675857649458982, 0.322, 0.377, -0.202, -1.903, 1.338, 0.856
2017-04-20 10:10:57,651, 1492675857651469871, 0.255, 0.342, -0.379, -2.374, 1.39, 0.974
2017-04-20 10:10:57,653, 1492675857653475144, 0.248, 0.281, -0.458, -2.608, 1.524, 1.258
2017-04-20 10:10:57,655, 1492675857655480989, 0.264, 0.362, -0.185, -2.755, 1.592, 1.327
2017-04-20 10:10:57,657, 1492675857657463752, 0.503, 0.503, -0.506, -2.747, 2.005, 1.173
2017-04-20 10:10:57,665, 1492675857665549883, 0.484, 0.493, -0.826, -2.291, 1.669, 1.089
2017-04-20 10:10:57,667, 1492675857667409695, 0.504, 0.53, -0.68, -2.335, 1.7, 0.921
2017-04-20 10:10:57,669, 1492675857669369196, 0.57, 0.544, -0.583, -2.418, 1.849, 0.682
2017-04-20 10:10:57,671, 1492675857671427285, 0.571, 0.511, -0.767, -2.505, 1.847, 0.84
2017-04-20 10:10:57,673, 1492675857673408115, 0.618, 0.533, -0.785, -2.701, 1.981, 1.129
2017-04-20 10:10:57,675, 1492675857675440718, 0.66, 0.574, -0.753, -2.777, 2.074, 1.056
2017-04-20 10:10:57,679, 1492675857679165311, 0.632, 0.577, -0.997, -2.765, 2.063, 1.181
2017-04-20 10:10:57,680, 1492675857680613133, 0.633, 0.664, -1.439, -2.423, 1.921, 1.25
2017-04-20 10:10:57,682, 1492675857682397570, 0.693, 0.686, -1.796, -2.331, 2.007, 1.04
2017-04-20 10:10:57,683, 1492675857683585950, 0.591, 0.598, -1.91, -2.014, 1.836, 0.58
2017-04-20 10:10:57,685, 1492675857685372201, 0.47, 0.511, -1.915, -1.739, 1.504, 0.431
2017-04-20 10:10:57,687, 1492675857687418787, 0.343, 0.473, -1.981, -1.66, 1.363, 0.458
2017-04-20 10:10:57,693, 1492675857692894605, 0.569, 0.427, -1.959, -1.58, 1.91, 1.125
2017-04-20 10:10:57,755, 1492675857694611746, 0.772, 0.456, -1.966, -1.788, 2.313, 0.913
2017-04-20 10:10:57,757, 1492675857696572703, 0.727, 0.446, -1.951, -1.798, 2.085, 0.467
2017-04-20 10:10:57,758, 1492675857698599747, 0.625, 0.473, -2.007, -1.885, 1.984, 0.905
2017-04-20 10:10:57,760, 1492675857700570126, 0.412, 0.405, -1.99, -1.937, 1.816, 0.991
2017-04-20 10:10:57,761, 1492675857702573683, 0.338, 0.376, -2.033, -1.952, 1.77, 0.686
2017-04-20 10:10:57,762, 1492675857704525938, 0.501, 0.346, -2.013, -1.899, 2.128, 0.422
2017-04-20 10:10:57,763, 1492675857706571554, 0.575, 0.338, -2.025, -1.89, 2.334, 0.767
2017-04-20 10:10:57,764, 1492675857708563677, 0.599, 0.297, -2.034, -1.94, 2.469, 0.796
2017-04-20 10:10:57,766, 1492675857716070548, 0.265, 0.403, -2.09, -2.291, 2.133, 0.804
2017-04-20 10:10:57,766, 1492675857717740727, 0.362, 0.483, -2.09, -2.469, 2.293, 0.751
2017-04-20 10:10:57,766, 1492675857719594341, 0.463, 0.408, -2.086, -2.342, 2.476, 0.763
2017-04-20 10:10:57,766, 1492675857721562707, 0.428, 0.311, -2.123, -2.29, 2.46, 0.945
2017-04-20 10:10:57,766, 1492675857723598789, 0.333, 0.296, -2.152, -2.33, 2.263, 0.918
2017-04-20 10:10:57,767, 1492675857725566656, 0.269, 0.333, -2.177, -2.375, 2.134, 0.743
2017-04-20 10:10:57,767, 1492675857727890114, 0.275, 0.417, -2.168, -2.563, 2.089, 0.723
2017-04-20 10:10:57,767, 1492675857729583414, 0.347, 0.439, -2.168, -2.564, 2.172, 0.731
2017-04-20 10:10:57,767, 1492675857731575082, 0.367, 0.382, -2.168, -2.472, 2.185, 0.601
2017-04-20 10:10:57,767, 1492675857733545269, 0.337, 0.325, -2.178, -2.368, 2.155, 0.572
2017-04-20 10:10:57,767, 1492675857735635457, 0.324, 0.251, -2.194, -2.206, 2.233, 0.597
2017-04-20 10:10:57,767, 1492675857741556001, 0.233, 0.604, -2.531, -2.9, 2.037, 0.474
2017-04-20 10:10:57,767, 1492675857742832714, 0.232, 0.546, -2.507, -2.75, 2.018, 0.474
2017-04-20 10:10:57,768, 1492675857745548072, 0.285, 0.425, -2.638, -2.888, 2.022, 0.637
2017-04-20 10:10:57,768, 1492675857747436506, 0.269, 0.303, -3.034, -2.527, 1.992, 0.523
2017-04-20 10:10:57,768, 1492675857749400621, 0.277, 0.324, -2.874, -2.219, 1.962, 0.564
2017-04-20 10:10:57,768, 1492675857751435044, 0.248, 0.46, -2.773, -2.359, 1.852, 0.718
2017-04-20 10:10:57,768, 1492675857753392548, 0.203, 0.478, -3.027, -2.341, 1.817, 0.584
2017-04-20 10:10:57,768, 1492675857758716857, 0.276, 0.437, -3.014, -2.344, 1.878, 0.666
2017-04-20 10:10:57,768, 1492675857760579726, 0.29, 0.296, -3.192, -2.629, 1.951, 0.658
2017-04-20 10:10:57,768, 1492675857762588089, 0.334, 0.34, -3.109, -2.639, 2.012, 0.698
2017-04-20 10:10:57,768, 1492675857764563303, 0.341, 0.373, -3.136, -2.72, 2.116, 0.596
2017-04-20 10:10:57,769, 1492675857766588232, 0.35, 0.37, -3.059, -2.713, 2.137, 0.588
2017-04-20 10:10:57,769, 1492675857768617453, 0.352, 0.374, -3.005, -2.66, 2.128, 0.669
2017-04-20 10:10:57,770, 1492675857770595119, 0.371, 0.348, -3.152, -2.613, 2.192, 0.706
2017-04-20 10:10:57,772, 1492675857772606566, 0.31, 0.36, -3.037, -2.531, 2.085, 0.686
2017-04-20 10:10:57,774, 1492675857774600386, 0.27, 0.366, -3.007, -2.452, 2.011, 0.734
2017-04-20 10:10:57,776, 1492675857776556349, 0.244, 0.382, -3.034, -2.41, 2.005, 0.807
2017-04-20 10:10:57,782, 1492675857781650906, 0.329, 0.283, -2.994, -2.31, 2.159, 0.78
2017-04-20 10:10:57,783, 1492675857783539560, 0.316, 0.258, -2.966, -2.338, 2.108, 0.804
2017-04-20 10:10:57,785, 1492675857785658137, 0.304, 0.262, -3.03, -2.416, 2.062, 0.723
2017-04-20 10:10:57,787, 1492675857787528653, 0.267, 0.276, -3.038, -2.415, 1.983, 0.694
2017-04-20 10:10:57,789, 1492675857789602499, 0.245, 0.279, -3.078, -2.348, 1.892, 0.628
2017-04-20 10:10:57,791, 1492675857791657787, 0.242, 0.249, -3.141, -2.241, 1.846, 0.645
2017-04-20 10:10:57,793, 1492675857793601037, 0.247, 0.205, -3.134, -2.117, 1.787, 0.621
2017-04-20 10:10:57,795, 1492675857795568521, 0.264, 0.192, -3.143, -1.915, 1.797, 0.629
2017-04-20 10:10:57,797, 1492675857797610241, 0.27, 0.228, -3.166, -1.759, 1.777, 0.666
2017-04-20 10:10:57,799, 1492675857799548386, 0.242, 0.273, -3.175, -1.629, 1.715, 0.653
2017-04-20 10:10:57,802, 1492675857801945394, 0.232, 0.291, -3.192, -1.518, 1.682, 0.661
2017-04-20 10:10:57,803, 1492675857803560227, 0.233, 0.291, -3.215, -1.466, 1.663, 0.674
2017-04-20 10:10:57,805, 1492675857805569517, 0.232, 0.279, -3.199, -1.454, 1.644, 0.666
2017-04-20 10:10:57,807, 1492675857807606105, 0.245, 0.266, -3.174, -1.445, 1.617, 0.645
2017-04-20 10:10:57,817, 1492675857816636382, 0.221, 0.28, -3.147, -1.474, 1.562, 0.62
2017-04-20 10:10:57,818, 1492675857818451723, 0.233, 0.259, -2.907, -2.016, 1.498, 0.58
2017-04-20 10:10:57,820, 1492675857820591505, 0.209, 0.266, -2.895, -2.208, 1.487, 0.561
2017-04-20 10:10:57,822, 1492675857822485962, 0.187, 0.271, -2.907, -2.321, 1.49, 0.605
2017-04-20 10:10:57,824, 1492675857824536259, 0.195, 0.31, -2.843, -2.391, 1.526, 0.613
2017-04-20 10:10:57,826, 1492675857826489947, 0.221, 0.349, -2.79, -2.524, 1.606, 0.628
2017-04-20 10:10:57,828, 1492675857828593028, 0.199, 0.348, -2.78, -2.585, 1.615, 0.637
2017-04-20 10:10:57,830, 1492675857830474768, 0.204, 0.343, -2.709, -2.556, 1.583, 0.678
2017-04-20 10:10:57,833, 1492675857833412490, 0.211, 0.371, -2.709, -2.61, 1.568, 0.685
2017-04-20 10:10:57,835, 1492675857835739527, 0.237, 0.413, -2.682, -2.747, 1.607, 0.645
2017-04-20 10:10:57,837, 1492675857837839614, 0.211, 0.393, -2.652, -2.734, 1.537, 0.677
2017-04-20 10:10:57,839, 1492675857839555588, 0.184, 0.38, -2.672, -2.732, 1.489, 0.685
2017-04-20 10:10:57,840, 1492675857840588821, 0.217, 0.371, -2.657, -2.731, 1.513, 0.677
2017-04-20 10:10:57,842, 1492675857842489750, 0.231, 0.356, -2.649, -2.719, 1.542, 0.649
2017-04-20 10:10:57,844, 1492675857844576299, 0.252, 0.348, -2.641, -2.676, 1.561, 0.669
2017-04-20 10:10:57,846, 1492675857846570642, 0.229, 0.337, -2.643, -2.62, 1.522, 0.666
2017-04-20 10:10:57,850, 1492675857850563627, 0.223, 0.329, -2.629, -2.582, 1.504, 0.658
2017-04-20 10:10:57,852, 1492675857852740420, 0.205, 0.317, -2.674, -2.526, 1.466, 0.658
2017-04-20 10:10:57,854, 1492675857854563022, 0.186, 0.335, -2.695, -2.4, 1.439, 0.658
2017-04-20 10:10:57,856, 1492675857856567606, 0.194, 0.345, -2.669, -2.252, 1.434, 0.645
2017-04-20 10:10:57,858, 1492675857858590886, 0.196, 0.358, -2.674, -2.095, 1.452, 0.649
2017-04-20 10:10:57,860, 1492675857860592035, 0.191, 0.325, -2.654, -1.932, 1.428, 0.65
2017-04-20 10:10:57,862, 1492675857862606261, 0.184, 0.329, -2.64, -1.814, 1.421, 0.677
2017-04-20 10:10:57,864, 1492675857864569163, 0.191, 0.31, -2.645, -1.753, 1.401, 0.674
2017-04-20 10:10:57,867, 1492675857866877367, 0.214, 0.304, -2.65, -1.73, 1.404, 0.674
2017-04-20 10:10:57,868, 1492675857868545392, 0.193, 0.289, -2.638, -1.728, 1.373, 0.678
2017-04-20 10:10:57,870, 1492675857870568525, 0.179, 0.258, -2.642, -1.725, 1.348, 0.69
2017-04-20 10:10:57,872, 1492675857872564941, 0.196, 0.235, -2.611, -1.724, 1.353, 0.694
2017-04-20 10:10:57,874, 1492675857874590620, 0.198, 0.227, -2.583, -1.729, 1.371, 0.698
2017-04-20 10:10:57,876, 1492675857876593047, 0.213, 0.215, -2.575, -1.734, 1.391, 0.71
2017-04-20 10:10:57,881, 1492675857881766010, 0.197, 0.235, -2.556, -1.726, 1.434, 0.714
2017-04-20 10:10:57,883, 1492675857883582831, 0.197, 0.231, -2.556, -1.732, 1.445, 0.706
2017-04-20 10:10:57,885, 1492675857885573695, 0.199, 0.249, -2.57, -1.723, 1.473, 0.702
2017-04-20 10:10:57,887, 1492675857887570292, 0.188, 0.255, -2.531, -1.749, 1.515, 0.71
2017-04-20 10:10:57,890, 1492675857889600528, 0.21, 0.263, -2.496, -1.794, 1.558, 0.715
2017-04-20 10:10:57,891, 1492675857891556118, 0.221, 0.269, -2.476, -1.83, 1.607, 0.691
2017-04-20 10:10:57,893, 1492675857893579531, 0.254, 0.263, -2.454, -1.868, 1.637, 0.715
2017-04-20 10:10:57,895, 1492675857895570311, 0.256, 0.267, -2.428, -1.928, 1.649, 0.723
2017-04-20 10:10:57,898, 1492675857897932878, 0.254, 0.277, -2.454, -1.971, 1.653, 0.743
2017-04-20 10:10:57,899, 1492675857899558683, 0.263, 0.271, -2.445, -1.985, 1.651, 0.747
2017-04-20 10:10:57,901, 1492675857901592371, 0.261, 0.273, -2.417, -1.962, 1.637, 0.759
2017-04-20 10:10:57,903, 1492675857903548713, 0.258, 0.268, -2.402, -1.932, 1.62, 0.739
2017-04-20 10:10:57,905, 1492675857905590083, 0.253, 0.274, -2.386, -1.908, 1.616, 0.735
2017-04-20 10:10:57,908, 1492675857907936062, 0.251, 0.272, -2.375, -1.886, 1.604, 0.71
2017-04-20 10:10:57,909, 1492675857909622489, 0.228, 0.283, -2.389, -1.883, 1.566, 0.691
2017-04-20 10:10:57,917, 1492675857917598706, 0.194, 0.311, -2.448, -2.038, 1.48, 0.666
2017-04-20 10:10:57,919, 1492675857919590572, 0.188, 0.325, -2.454, -2.062, 1.453, 0.669
2017-04-20 10:10:57,921, 1492675857921678889, 0.189, 0.316, -2.465, -2.065, 1.429, 0.669
2017-04-20 10:10:57,924, 1492675857924424706, 0.199, 0.297, -2.444, -2.063, 1.407, 0.666
2017-04-20 10:10:57,925, 1492675857925586771, 0.193, 0.308, -2.443, -2.067, 1.357, 0.682
2017-04-20 10:10:57,927, 1492675857927526156, 0.189, 0.305, -2.441, -2.077, 1.331, 0.678
2017-04-20 10:10:57,929, 1492675857929542519, 0.183, 0.307, -2.441, -2.104, 1.297, 0.669
2017-04-20 10:10:57,931, 1492675857931512227, 0.175, 0.306, -2.451, -2.123, 1.266, 0.666
2017-04-20 10:10:57,933, 1492675857933497027, 0.182, 0.303, -2.428, -2.125, 1.247, 0.666
2017-04-20 10:10:57,935, 1492675857935498866, 0.18, 0.318, -2.399, -2.123, 1.238, 0.661
2017-04-20 10:10:57,937, 1492675857937488524, 0.176, 0.316, -2.399, -2.105, 1.238, 0.65
2017-04-20 10:10:57,939, 1492675857939540505, 0.166, 0.32, -2.399, -2.083, 1.231, 0.661
2017-04-20 10:10:57,941, 1492675857941469600, 0.171, 0.318, -2.393, -2.077, 1.219, 0.674
2017-04-20 10:10:57,943, 1492675857943508642, 0.169, 0.322, -2.405, -2.089, 1.211, 0.661
2017-04-20 10:10:57,945, 1492675857945447355, 0.172, 0.325, -2.414, -2.104, 1.212, 0.682
2017-04-20 10:10:57,947, 1492675857947489569, 0.176, 0.322, -2.416, -2.135, 1.226, 0.691
2017-04-20 10:10:57,950, 1492675857949832780, 0.185, 0.332, -2.422, -2.16, 1.258, 0.702
2017-04-20 10:10:57,955, 1492675857951788801, 0.194, 0.323, -2.432, -2.174, 1.288, 0.702
2017-04-20 10:10:57,955, 1492675857955030270, 0.219, 0.31, -2.431, -2.172, 1.363, 0.71
2017-04-20 10:10:57,957, 1492675857956633653, 0.228, 0.307, -2.431, -2.172, 1.4, 0.694
2017-04-20 10:10:57,958, 1492675857958545658, 0.229, 0.305, -2.417, -2.157, 1.42, 0.682
2017-04-20 10:10:57,959, 1492675857959608745, 0.223, 0.318, -2.406, -2.13, 1.437, 0.699
2017-04-20 10:10:57,961, 1492675857961475110, 0.224, 0.321, -2.42, -2.111, 1.447, 0.685
2017-04-20 10:10:57,963, 1492675857963518475, 0.227, 0.325, -2.389, -2.079, 1.472, 0.706
2017-04-20 10:10:57,969, 1492675857969544271, 0.221, 0.298, -2.322, -1.899, 1.554, 0.71
2017-04-20 10:10:57,971, 1492675857970780338, 0.224, 0.296, -2.317, -1.873, 1.561, 0.718
2017-04-20 10:10:57,973, 1492675857973387838, 0.216, 0.289, -2.313, -1.839, 1.576, 0.731
2017-04-20 10:10:57,975, 1492675857975426446, 0.211, 0.277, -2.323, -1.823, 1.573, 0.723
2017-04-20 10:10:57,977, 1492675857977371021, 0.223, 0.264, -2.333, -1.802, 1.568, 0.715
2017-04-20 10:10:57,979, 1492675857979426745, 0.227, 0.26, -2.327, -1.784, 1.572, 0.715
2017-04-20 10:10:57,981, 1492675857981402123, 0.235, 0.259, -2.351, -1.774, 1.572, 0.723
2017-04-20 10:10:57,984, 1492675857984176384, 0.243, 0.258, -2.365, -1.776, 1.567, 0.71
2017-04-20 10:10:57,990, 1492675857989687944, 0.266, 0.286, -2.424, -1.787, 1.584, 0.751
2017-04-20 10:10:57,991, 1492675857991602150, 0.298, 0.312, -2.643, -1.711, 1.604, 0.815
2017-04-20 10:10:57,994, 1492675857993949721, 0.307, 0.321, -2.746, -1.697, 1.602, 0.807
2017-04-20 10:10:57,995, 1492675857995564810, 0.342, 0.335, -2.799, -1.714, 1.63, 0.812
2017-04-20 10:10:57,997, 1492675857997562600, 0.367, 0.341, -2.883, -1.761, 1.658, 0.84
2017-04-20 10:10:57,999, 1492675857999593065, 0.405, 0.36, -2.97, -1.86, 1.696, 0.837
2017-04-20 10:10:58,001, 1492675858001544705, 0.422, 0.352, -3.028, -1.974, 1.718, 0.829
2017-04-20 10:10:58,003, 1492675858003582811, 0.411, 0.361, -3.147, -2.1, 1.725, 0.848
2017-04-20 10:10:58,005, 1492675858005568849, 0.4, 0.349, -3.265, -2.212, 1.71, 0.845
2017-04-20 10:10:58,007, 1492675858007596542, 0.387, 0.367, -3.335, -2.283, 1.706, 0.82
2017-04-20 10:10:58,009, 1492675858009522055, 0.419, 0.4, -3.375, -2.336, 1.747, 0.848
2017-04-20 10:10:58,011, 1492675858011583443, 0.479, 0.417, -3.402, -2.39, 1.834, 0.788
2017-04-20 10:10:58,015, 1492675858014886240, 0.499, 0.442, -3.404, -2.449, 1.864, 0.742
2017-04-20 10:10:58,021, 1492675858016784865, 0.456, 0.418, -3.442, -2.551, 1.835, 0.707
2017-04-20 10:10:58,021, 1492675858019540417, 0.427, 0.428, -3.425, -2.616, 1.82, 0.702
2017-04-20 10:10:58,021, 1492675858021611378, 0.441, 0.453, -3.378, -2.815, 1.89, 0.677
2017-04-20 10:10:58,023, 1492675858023483653, 0.452, 0.462, -3.308, -2.997, 1.954, 0.707
2017-04-20 10:10:58,024, 1492675858024574245, 0.433, 0.46, -3.23, -3.175, 2.04, 0.699
2017-04-20 10:10:58,025, 1492675858025563446, 0.394, 0.434, -3.223, -3.245, 2.035, 0.707
2017-04-20 10:10:58,028, 1492675858027976734, 0.365, 0.422, -3.186, -3.3, 2.048, 0.727
2017-04-20 10:10:58,029, 1492675858029557072, 0.352, 0.429, -3.128, -3.406, 2.128, 0.75
2017-04-20 10:10:58,031, 1492675858031545825, 0.358, 0.425, -3.116, -3.475, 2.209, 0.75
2017-04-20 10:10:58,033, 1492675858033551186, 0.355, 0.442, -3.117, -3.49, 2.218, 0.783
2017-04-20 10:10:58,035, 1492675858035618091, 0.349, 0.464, -3.063, -3.418, 2.215, 0.799
2017-04-20 10:10:58,037, 1492675858037553964, 0.347, 0.466, -3.034, -3.348, 2.249, 0.788
2017-04-20 10:10:58,041, 1492675858041576458, 0.272, 0.418, -3.009, -3.005, 2.03, 0.852
2017-04-20 10:10:58,043, 1492675858043388973, 0.339, 0.45, -3.215, -2.983, 2.165, 0.84
2017-04-20 10:10:58,045, 1492675858044871727, 0.461, 0.521, -3.576, -2.797, 2.214, 1.059
2017-04-20 10:10:58,046, 1492675858046602278, 0.472, 0.574, -3.183, -2.503, 2.057, 1.137
2017-04-20 10:10:58,049, 1492675858048610379, 0.527, 0.579, -2.968, -2.21, 1.935, 1.189
2017-04-20 10:10:58,053, 1492675858053628560, 0.502, 0.403, -3.46, -1.867, 1.514, 0.865
2017-04-20 10:10:58,059, 1492675858059222179, 0.536, 0.52, -3.482, -1.828, 1.501, 0.994
2017-04-20 10:10:58,060, 1492675858060603564, 0.737, 0.565, -3.41, -1.302, 1.49, 0.909
2017-04-20 10:10:58,062, 1492675858062579381, 0.734, 0.472, -3.483, -1.097, 1.419, 0.889
2017-04-20 10:10:58,064, 1492675858064519154, 0.765, 0.49, -3.431, -0.919, 1.365, 1.092
2017-04-20 10:10:58,066, 1492675858066793226, 0.771, 0.592, -3.377, -0.826, 1.377, 1.251
2017-04-20 10:10:58,068, 1492675858068594738, 0.839, 0.675, -3.448, -0.877, 1.428, 1.38
2017-04-20 10:10:58,070, 1492675858070585820, 0.9, 0.689, -3.452, -0.93, 1.496, 1.449
2017-04-20 10:10:58,073, 1492675858073599913, 0.922, 0.652, -3.415, -0.93, 1.531, 1.389
2017-04-20 10:10:58,076, 1492675858076134072, 0.923, 0.641, -3.39, -0.858, 1.53, 1.433
2017-04-20 10:10:58,078, 1492675858077567928, 0.977, 0.667, -3.261, -0.843, 1.599, 1.437
2017-04-20 10:10:58,079, 1492675858079600775, 1.026, 0.695, -3.189, -0.875, 1.659, 1.409
2017-04-20 10:10:58,081, 1492675858081412959, 1.059, 0.697, -3.132, -0.914, 1.695, 1.372
2017-04-20 10:10:58,083, 1492675858083493549, 1.078, 0.704, -3.099, -0.973, 1.745, 1.327
2017-04-20 10:10:58,085, 1492675858085691686, 1.081, 0.716, -3.072, -1.019, 1.757, 1.34
2017-04-20 10:10:58,087, 1492675858087751619, 1.047, 0.716, -3.014, -1.038, 1.754, 1.465
2017-04-20 10:10:58,089, 1492675858089578590, 1.021, 0.701, -2.995, -0.98, 1.732, 1.563
2017-04-20 10:10:58,091, 1492675858091502303, 1.031, 0.697, -2.95, -0.924, 1.768, 1.6
2017-04-20 10:10:58,092, 1492675858092596259, 1.057, 0.69, -2.951, -0.835, 1.817, 1.62
2017-04-20 10:10:58,094, 1492675858094578699, 1.066, 0.698, -2.949, -0.771, 1.846, 1.584
2017-04-20 10:10:58,101, 1492675858101540270, 1.014, 0.694, -3.076, -0.618, 1.762, 1.473
2017-04-20 10:10:58,102, 1492675858102686388, 1.02, 0.697, -3.094, -0.599, 1.771, 1.441
2017-04-20 10:10:58,105, 1492675858105367730, 1.062, 0.703, -3.151, -0.579, 1.806, 1.376
2017-04-20 10:10:58,107, 1492675858107416874, 1.07, 0.676, -3.174, -0.511, 1.806, 1.352
2017-04-20 10:10:58,109, 1492675858109372545, 1.077, 0.689, -3.172, -0.417, 1.764, 1.38
2017-04-20 10:10:58,111, 1492675858111404234, 1.068, 0.678, -3.19, -0.343, 1.697, 1.438
2017-04-20 10:10:58,113, 1492675858113384514, 1.064, 0.69, -3.194, -0.273, 1.641, 1.441
2017-04-20 10:10:58,120, 1492675858120234198, 1.048, 0.674, -3.252, -0.193, 1.554, 1.324
2017-04-20 10:10:58,126, 1492675858126549509, 1.05, 0.738, -3.113, -0.341, 1.502, 1.17
2017-04-20 10:10:58,127, 1492675858127589314, 1.052, 0.733, -3.211, -0.429, 1.506, 1.189
2017-04-20 10:10:58,130, 1492675858130387034, 1.059, 0.736, -3.224, -0.587, 1.516, 1.202
2017-04-20 10:10:58,132, 1492675858132441335, 1.068, 0.768, -3.197, -0.728, 1.556, 1.275
2017-04-20 10:10:58,134, 1492675858134379993, 1.058, 0.788, -3.208, -0.858, 1.559, 1.299
2017-04-20 10:10:58,136, 1492675858136422593, 1.081, 0.788, -3.159, -0.967, 1.588, 1.283
2017-04-20 10:10:58,138, 1492675858138399712, 1.094, 0.776, -3.084, -1.036, 1.593, 1.283
2017-04-20 10:10:58,140, 1492675858140454263, 1.094, 0.773, -3.07, -1.098, 1.62, 1.243
2017-04-20 10:10:58,142, 1492675858142455716, 1.107, 0.776, -3.052, -1.144, 1.655, 1.267
2017-04-20 10:10:58,144, 1492675858144453552, 1.098, 0.792, -3.014, -1.19, 1.681, 1.291
2017-04-20 10:10:58,146, 1492675858146376684, 1.107, 0.801, -3.066, -1.223, 1.737, 1.34
2017-04-20 10:10:58,148, 1492675858148465500, 1.113, 0.796, -3.078, -1.215, 1.777, 1.34
2017-04-20 10:10:58,150, 1492675858150735484, 1.112, 0.797, -3.088, -1.173, 1.82, 1.368
2017-04-20 10:10:58,156, 1492675858156586504, 1.12, 0.794, -3.116, -1.131, 1.857, 1.425
2017-04-20 10:10:58,158, 1492675858158561141, 1.145, 0.784, -3.187, -0.918, 1.908, 1.449
2017-04-20 10:10:58,160, 1492675858160489314, 1.138, 0.779, -3.232, -0.84, 1.913, 1.421
2017-04-20 10:10:58,162, 1492675858162434079, 1.137, 0.774, -3.244, -0.74, 1.9, 1.397
2017-04-20 10:10:58,165, 1492675858165345192, 1.132, 0.776, -3.266, -0.637, 1.89, 1.413
2017-04-20 10:10:58,166, 1492675858166566874, 1.14, 0.757, -3.294, -0.504, 1.879, 1.4
2017-04-20 10:10:58,169, 1492675858169064978, 1.141, 0.754, -3.305, -0.421, 1.873, 1.393
2017-04-20 10:10:58,170, 1492675858170553546, 1.152, 0.736, -3.321, -0.323, 1.858, 1.385
2017-04-20 10:10:58,172, 1492675858172590502, 1.128, 0.724, -3.363, -0.265, 1.824, 1.397
2017-04-20 10:10:58,174, 1492675858174564571, 1.117, 0.715, -3.411, -0.231, 1.781, 1.397
2017-04-20 10:10:58,176, 1492675858176467800, 1.105, 0.698, -3.44, -0.219, 1.749, 1.429
2017-04-20 10:10:58,178, 1492675858178444459, 1.094, 0.709, -3.475, -0.204, 1.739, 1.417
2017-04-20 10:10:58,180, 1492675858180408218, 1.099, 0.696, -3.483, -0.218, 1.744, 1.413
2017-04-20 10:10:58,182, 1492675858182412819, 1.096, 0.678, -3.501, -0.247, 1.767, 1.393
2017-04-20 10:10:58,184, 1492675858184584944, 1.108, 0.694, -3.502, -0.286, 1.775, 1.372
2017-04-20 10:10:58,186, 1492675858186541389, 1.101, 0.708, -3.464, -0.35, 1.781, 1.352
2017-04-20 10:10:58,192, 1492675858192560063, 1.096, 0.703, -3.439, -0.439, 1.776, 1.352
2017-04-20 10:10:58,193, 1492675858193549023, 1.133, 0.715, -3.328, -0.577, 1.838, 1.389
2017-04-20 10:10:58,196, 1492675858196444804, 1.165, 0.727, -3.318, -0.637, 1.904, 1.43
2017-04-20 10:10:58,198, 1492675858198547292, 1.156, 0.726, -3.307, -0.614, 1.894, 1.416
2017-04-20 10:10:58,200, 1492675858200612890, 1.131, 0.717, -3.317, -0.588, 1.877, 1.421
2017-04-20 10:10:58,202, 1492675858202387916, 1.158, 0.741, -3.303, -0.589, 1.909, 1.424
2017-04-20 10:10:58,205, 1492675858205140800, 1.173, 0.738, -3.329, -0.576, 1.956, 1.385
2017-04-20 10:10:58,206, 1492675858206552733, 1.162, 0.738, -3.431, -0.548, 1.955, 1.278
2017-04-20 10:10:58,208, 1492675858208456603, 1.142, 0.752, -3.447, -0.527, 1.951, 1.287
2017-04-20 10:10:58,210, 1492675858210458029, 1.151, 0.772, -3.475, -0.479, 1.973, 1.27
2017-04-20 10:10:58,212, 1492675858212476219, 1.154, 0.769, -3.5, -0.428, 1.985, 1.243
2017-04-20 10:10:58,217, 1492675858217537299, 1.152, 0.741, -3.633, -0.426, 1.946, 1.194
2017-04-20 10:10:58,219, 1492675858219397164, 1.155, 0.773, -3.615, -0.435, 1.942, 1.251
2017-04-20 10:10:58,221, 1492675858221381850, 1.173, 0.787, -3.553, -0.455, 1.96, 1.278
2017-04-20 10:10:58,223, 1492675858223419696, 1.148, 0.761, -3.576, -0.474, 1.922, 1.186
2017-04-20 10:10:58,226, 1492675858225797187, 1.146, 0.74, -3.542, -0.501, 1.903, 1.12
2017-04-20 10:10:58,228, 1492675858228059373, 1.141, 0.75, -3.542, -0.582, 1.895, 1.026
2017-04-20 10:10:58,231, 1492675858229722509, 1.131, 0.776, -3.544, -0.644, 1.891, 1.059
2017-04-20 10:10:58,232, 1492675858231768931, 1.131, 0.803, -3.51, -0.706, 1.886, 1.059
2017-04-20 10:10:58,233, 1492675858233550550, 1.128, 0.801, -3.535, -0.758, 1.884, 1.04
2017-04-20 10:10:58,235, 1492675858235451762, 1.122, 0.789, -3.547, -0.792, 1.89, 1.043
2017-04-20 10:10:58,237, 1492675858237463010, 1.12, 0.775, -3.46, -0.814, 1.873, 1.04
2017-04-20 10:10:58,239, 1492675858239602194, 1.092, 0.772, -3.474, -0.856, 1.843, 1.032
2017-04-20 10:10:58,241, 1492675858241432720, 1.105, 0.779, -3.456, -0.893, 1.841, 1.072
2017-04-20 10:10:58,243, 1492675858243421831, 1.113, 0.798, -3.47, -0.936, 1.83, 1.084
2017-04-20 10:10:58,245, 1492675858245351983, 1.109, 0.795, -3.529, -0.955, 1.824, 1.032
2017-04-20 10:10:58,247, 1492675858247402086, 1.093, 0.783, -3.523, -0.93, 1.804, 0.999
2017-04-20 10:10:58,249, 1492675858249416449, 1.091, 0.753, -3.524, -0.887, 1.776, 0.983
2017-04-20 10:10:58,251, 1492675858251429935, 1.09, 0.758, -3.539, -0.856, 1.763, 1.015
2017-04-20 10:10:58,260, 1492675858256818222, 1.081, 0.749, -3.582, -0.825, 1.78, 0.995
2017-04-20 10:10:58,260, 1492675858260485340, 1.089, 0.742, -3.691, -0.651, 1.796, 1.072
2017-04-20 10:10:58,263, 1492675858262999384, 1.085, 0.729, -3.696, -0.575, 1.801, 1.089
2017-04-20 10:10:58,264, 1492675858264589465, 1.113, 0.745, -3.678, -0.498, 1.857, 1.116
2017-04-20 10:10:58,266, 1492675858266579711, 1.127, 0.753, -3.671, -0.46, 1.899, 1.145
2017-04-20 10:10:58,268, 1492675858268601643, 1.136, 0.755, -3.658, -0.417, 1.938, 1.177
2017-04-20 10:10:58,270, 1492675858270614480, 1.136, 0.748, -3.63, -0.386, 1.968, 1.21
2017-04-20 10:10:58,273, 1492675858272604708, 1.159, 0.745, -3.614, -0.37, 1.979, 1.227
2017-04-20 10:10:58,274, 1492675858274564614, 1.164, 0.738, -3.588, -0.37, 1.998, 1.246
2017-04-20 10:10:58,276, 1492675858276628083, 1.162, 0.73, -3.571, -0.385, 2.027, 1.246
2017-04-20 10:10:58,278, 1492675858278562390, 1.173, 0.744, -3.571, -0.407, 2.046, 1.286
2017-04-20 10:10:58,280, 1492675858280581068, 1.18, 0.744, -3.58, -0.415, 2.071, 1.299
2017-04-20 10:10:58,282, 1492675858282535435, 1.176, 0.744, -3.575, -0.419, 2.094, 1.316
2017-04-20 10:10:58,284, 1492675858284572605, 1.193, 0.736, -3.578, -0.426, 2.097, 1.308
2017-04-20 10:10:58,286, 1492675858286565777, 1.182, 0.725, -3.57, -0.441, 2.095, 1.278
2017-04-20 10:10:58,289, 1492675858289125864, 1.173, 0.745, -3.582, -0.456, 2.076, 1.262
2017-04-20 10:10:58,291, 1492675858291568907, 1.161, 0.745, -3.576, -0.488, 2.046, 1.243
2017-04-20 10:10:58,292, 1492675858292632831, 1.158, 0.741, -3.579, -0.497, 2.037, 1.238
2017-04-20 10:10:58,298, 1492675858297955996, 1.14, 0.727, -3.588, -0.518, 1.994, 1.202
2017-04-20 10:10:58,299, 1492675858299572736, 1.142, 0.716, -3.596, -0.53, 1.961, 1.186
2017-04-20 10:10:58,301, 1492675858301578194, 1.14, 0.73, -3.608, -0.538, 1.925, 1.162
2017-04-20 10:10:58,303, 1492675858303566745, 1.118, 0.714, -3.619, -0.548, 1.897, 1.133
2017-04-20 10:10:58,305, 1492675858305571849, 1.112, 0.715, -3.63, -0.558, 1.879, 1.097
2017-04-20 10:10:58,307, 1492675858307595469, 1.113, 0.713, -3.65, -0.549, 1.868, 1.067
2017-04-20 10:10:58,309, 1492675858309555029, 1.097, 0.718, -3.667, -0.529, 1.853, 1.032
2017-04-20 10:10:58,311, 1492675858311591106, 1.084, 0.719, -3.668, -0.501, 1.839, 1.015
2017-04-20 10:10:58,313, 1492675858313574948, 1.099, 0.728, -3.685, -0.48, 1.84, 1.01
2017-04-20 10:10:58,321, 1492675858321665325, 1.122, 0.764, -3.611, -0.505, 1.877, 1.031
2017-04-20 10:10:58,323, 1492675858323730343, 1.126, 0.771, -3.569, -0.547, 1.905, 1.023
2017-04-20 10:10:58,327, 1492675858326557278, 1.157, 0.794, -3.487, -0.634, 1.952, 1.011
2017-04-20 10:10:58,328, 1492675858328601391, 1.183, 0.83, -3.318, -0.846, 2.041, 0.974
2017-04-20 10:10:58,330, 1492675858330455362, 1.198, 0.843, -3.201, -0.966, 2.085, 0.974
2017-04-20 10:10:58,331, 1492675858331570029, 1.212, 0.871, -3.047, -1.128, 2.147, 0.975
2017-04-20 10:10:58,333, 1492675858333579019, 1.211, 0.882, -2.948, -1.252, 2.184, 0.991
2017-04-20 10:10:58,335, 1492675858335558022, 1.221, 0.893, -2.805, -1.444, 2.233, 0.975
2017-04-20 10:10:58,337, 1492675858337564614, 1.224, 0.913, -2.613, -1.638, 2.278, 0.97
2017-04-20 10:10:58,339, 1492675858339566132, 1.219, 0.911, -2.454, -1.94, 2.355, 1.007
2017-04-20 10:10:58,341, 1492675858341567746, 1.205, 0.908, -2.271, -2.292, 2.393, 0.975
2017-04-20 10:10:58,343, 1492675858343535987, 1.212, 0.988, -2.128, -2.75, 2.462, 0.999
2017-04-20 10:10:58,345, 1492675858345560488, 1.177, 0.987, -2.143, -2.78, 2.482, 1.084
2017-04-20 10:10:58,348, 1492675858347921714, 1.176, 0.994, -2.121, -2.863, 2.499, 1.186
2017-04-20 10:10:58,349, 1492675858349575319, 1.153, 0.972, -2.113, -2.885, 2.483, 1.156
2017-04-20 10:10:58,351, 1492675858351548005, 1.087, 0.912, -2.076, -2.798, 2.415, 1.279
2017-04-20 10:10:58,353, 1492675858353586111, 1.096, 0.908, -2.058, -2.762, 2.464, 1.181
2017-04-20 10:10:58,355, 1492675858355529488, 1.104, 0.918, -2.064, -2.784, 2.476, 1.324
2017-04-20 10:10:58,360, 1492675858360204633, 1.192, 0.966, -2.043, -2.818, 2.598, 1.416
2017-04-20 10:10:58,362, 1492675858362554947, 1.272, 0.885, -1.992, -2.531, 2.619, 1.62
2017-04-20 10:10:58,364, 1492675858364595257, 1.263, 0.856, -1.972, -2.448, 2.573, 1.656
2017-04-20 10:10:58,366, 1492675858366442757, 1.268, 0.874, -1.937, -2.453, 2.578, 1.673
2017-04-20 10:10:58,367, 1492675858367607326, 1.279, 0.896, -1.921, -2.442, 2.604, 1.668
2017-04-20 10:10:58,369, 1492675858369580286, 1.085, 1.336, 4.801, -2.442, 2.121, 1.636
2017-04-20 10:10:58,371, 1492675858371595314, 1.574, 0.794, 3.126, -2.922, 3.218, 1.722
2017-04-20 10:10:58,373, 1492675858373564933, 0.92, 0.531, -1.933, -2.333, 2.884, 0.328
2017-04-20 10:10:58,375, 1492675858375565044, 0.275, -0.004, -1.263, -1.72, 2.165, 1.23
2017-04-20 10:10:58,377, 1492675858377545592, -0.192, -0.099, -0.787, -3.848, 2.279, 1.538
2017-04-20 10:10:58,379, 1492675858379593987, -0.185, 0.639, 2.11, -5.51, 2.211, 0.893
2017-04-20 10:10:58,386, 1492675858386394399, 0.33, 0.63, 0.913, -6.645, 3.985, 1.487
2017-04-20 10:10:58,389, 1492675858389013786, 0.363, 0.533, 2.412, -5.713, 4.327, -0.118
2017-04-20 10:10:58,394, 1492675858394175780, 0.418, 0.558, 1.593, -3.92, 3.607, 1.186
2017-04-20 10:10:58,395, 1492675858395628615, 0.527, 0.376, 1.407, -4.134, 3.473, 0.536
2017-04-20 10:10:58,397, 1492675858397537024, 0.524, 0.313, 0.261, -4.43, 3.213, 0.126
2017-04-20 10:10:58,399, 1492675858399606546, 0.479, 0.553, 1.051, -4.015, 2.633, 0.869
2017-04-20 10:10:58,401, 1492675858401628336, 0.32, 0.579, 1.349, -3.422, 2.049, 0.893
2017-04-20 10:10:58,403, 1492675858403573633, 0.268, 0.35, 0.285, -2.892, 1.727, 0.154
2017-04-20 10:10:58,405, 1492675858405539824, 0.367, 0.085, 0.589, -2.377, 1.809, 0.053
2017-04-20 10:10:58,407, 1492675858407564611, 0.323, 0.049, 1.449, -2.059, 1.637, 0.588
2017-04-20 10:10:58,409, 1492675858409571141, 0.234, 0.007, 0.808, -1.68, 1.634, 0.487
2017-04-20 10:10:58,411, 1492675858411799169, 0.143, 0.082, 0.492, -1.398, 1.638, 0.109
2017-04-20 10:10:58,414, 1492675858414449656, 0.122, 0.173, 1.347, -1.615, 1.373, 0.442
2017-04-20 10:10:58,415, 1492675858415588607, 0.14, 0.066, 1.227, -1.989, 1.424, 0.588
2017-04-20 10:10:58,417, 1492675858417560215, 0.05, -0.01, 0.821, -2.295, 1.174, 0.56
2017-04-20 10:10:58,419, 1492675858419615215, -0.155, 0.167, 1.168, -2.384, 0.689, 0.682
2017-04-20 10:10:58,421, 1492675858421548703, -0.102, 0.288, 1.372, -2.266, 0.591, 0.848
2017-04-20 10:10:58,423, 1492675858423561130, 0.047, 0.277, 1.114, -2.28, 0.686, 0.812
2017-04-20 10:10:58,429, 1492675858428520188, 0.099, 0.24, 1.354, -2.281, 0.525, 0.731
2017-04-20 10:10:58,431, 1492675858431575849, -0.08, 0.316, 0.632, -0.719, -0.83, 0.458
2017-04-20 10:10:58,432, 1492675858432710829, -0.422, -0.134, 0.226, 0.203, -1.311, -0.195
2017-04-20 10:10:58,436, 1492675858436610205, -0.418, -0.068, 0.865, -0.096, -1.401, -0.641
2017-04-20 10:10:58,438, 1492675858438379824, -0.152, -0.238, 0.655, 0.567, -1.122, -0.284
2017-04-20 10:10:58,440, 1492675858440507653, 0.1, 0.071, 0.232, 0.627, -0.826, -0.37
2017-04-20 10:10:58,443, 1492675858443232674, 0.043, 0.033, 0.322, 0.555, -1.032, -0.272
2017-04-20 10:10:58,444, 1492675858444586075, 0.045, -0.016, 0.33, 1.077, -1.355, 0.085
2017-04-20 10:10:58,446, 1492675858446471333, 0.319, -0.195, -0.974, 0.989, -0.795, 0.539
2017-04-20 10:10:58,448, 1492675858448466234, -0.186, -0.124, -0.82, 1.268, -2.097, 0.755
2017-04-20 10:10:58,453, 1492675858453547385, -0.048, -0.317, -0.19, 2.533, -2.058, -0.199
2017-04-20 10:10:58,455, 1492675858455402210, 0.051, -0.335, -0.821, 2.361, -1.783, -0.564
2017-04-20 10:10:58,461, 1492675858461555389, -0.294, -0.11, 0.144, 2.065, -2.43, -0.202
2017-04-20 10:10:58,463, 1492675858463414547, -0.101, 0.001, -0.064, -0.254, -1.1, -0.309
2017-04-20 10:10:58,465, 1492675858465401834, -0.088, 0.168, 0.482, -1.457, -0.795, 0.101
2017-04-20 10:10:58,467, 1492675858467468102, -0.058, 0.16, -0.048, -1.862, -0.465, 0.475
2017-04-20 10:10:58,469, 1492675858469565580, 0.009, 0.276, -0.021, -2.119, 0.169, -0.389
2017-04-20 10:10:58,471, 1492675858471466663, 0.024, 0.351, 0.341, -2.474, 0.513, -0.451
2017-04-20 10:10:58,473, 1492675858473434581, 0.056, 0.283, 0.178, -2.525, 0.748, -0.199
2017-04-20 10:10:58,478, 1492675858478526125, 0.204, 0.402, 0.294, -2.304, 1.685, -0.194
2017-04-20 10:10:58,480, 1492675858480374763, 0.23, 0.333, 0.116, -2.057, 1.899, 0.163
2017-04-20 10:10:58,482, 1492675858482392034, 0.312, 0.328, -0.094, -1.912, 2.301, 0.43
2017-04-20 10:10:58,489, 1492675858489516490, 0.48, 0.2, 0.008, -1.256, 3.153, 0.033
2017-04-20 10:10:58,490, 1492675858490707154, 0.418, 0.156, 0.143, -1.102, 3.119, -0.077
2017-04-20 10:10:58,493, 1492675858493353771, 0.46, 0.055, 0.087, -0.89, 3.338, -0.005
2017-04-20 10:10:58,495, 1492675858495420250, 0.439, 0.039, 0.02, -0.716, 3.36, 0.365
2017-04-20 10:10:58,498, 1492675858497949315, 0.44, -0.013, 0.075, -0.306, 3.38, 0.345
2017-04-20 10:10:58,499, 1492675858499579314, 0.424, 0.004, 0.048, 0.183, 3.357, 0.154
2017-04-20 10:10:58,501, 1492675858501377789, 0.42, -0.021, -0.067, 0.451, 3.307, 0.097
2017-04-20 10:10:58,503, 1492675858503395687, 0.417, -0.075, -0.004, 0.841, 3.166, 0.138
2017-04-20 10:10:58,505, 1492675858504935518, 0.385, -0.071, 0.043, 1.031, 3.009, 0.133
2017-04-20 10:10:58,508, 1492675858507813015, 0.292, -0.09, -0.088, 1.036, 2.642, 0.105
2017-04-20 10:10:58,509, 1492675858509567027, 0.283, -0.093, -0.073, 1.031, 2.314, 0.317
2017-04-20 10:10:58,511, 1492675858511409216, 0.317, -0.04, 0.006, 0.808, 2.139, 0.369
2017-04-20 10:10:58,513, 1492675858513387494, 0.285, -0.024, -0.067, 0.474, 1.81, 0.138
2017-04-20 10:10:58,515, 1492675858515400465, 0.257, -0.052, -0.05, 0.219, 1.479, -0.021
2017-04-20 10:10:58,517, 1492675858517354672, 0.25, 0.012, 0.051, -0.109, 1.137, 0.028
2017-04-20 10:10:58,518, 1492675858518577629, 0.175, 0.067, 0.006, -0.441, 0.805, -0.073
2017-04-20 10:10:58,521, 1492675858521370250, 0.128, 0.064, -0.008, -0.659, 0.518, -0.203
2017-04-20 10:10:58,525, 1492675858525594981, 0.013, 0.118, 0.089, -0.99, -0.218, 0.017
2017-04-20 10:10:58,533, 1492675858533567139, -0.166, 0.118, 0.049, -0.647, -1.162, -0.118
2017-04-20 10:10:58,535, 1492675858535421167, -0.153, 0.122, 0.052, -0.624, -1.241, -0.102
2017-04-20 10:10:58,537, 1492675858537436475, -0.153, 0.074, 0.082, -0.519, -1.377, -0.064
2017-04-20 10:10:58,539, 1492675858539589213, -0.188, 0.031, 0.071, -0.399, -1.547, 0.004
2017-04-20 10:10:58,541, 1492675858541397157, -0.206, 0.048, -0.017, -0.334, -1.682, -0.024
2017-04-20 10:10:58,543, 1492675858543445892, -0.189, 0.014, -0.083, -0.145, -1.702, -0.11
2017-04-20 10:10:58,548, 1492675858548570286, -0.1, -0.022, -0.157, 0.42, -1.62, -0.114
2017-04-20 10:10:58,550, 1492675858550419589, -0.092, -0.018, -0.145, 0.493, -1.515, -0.069
2017-04-20 10:10:58,552, 1492675858552624783, -0.11, 0.0, -0.086, 0.529, -1.42, 0.028
2017-04-20 10:10:58,554, 1492675858554435743, -0.137, 0.002, -0.091, 0.534, -1.299, 0.069
2017-04-20 10:10:58,556, 1492675858556411411, -0.122, 0.013, -0.097, 0.445, -1.043, 0.061
2017-04-20 10:10:58,558, 1492675858558464770, -0.061, 0.091, -0.021, 0.146, -0.75, 0.065
2017-04-20 10:10:58,560, 1492675858560442469, -0.054, 0.094, 0.034, -0.209, -0.527, 0.0
2017-04-20 10:10:58,566, 1492675858566002281, -0.056, 0.169, 0.101, -1.2, 0.028, -0.064
2017-04-20 10:10:58,567, 1492675858567598997, -0.035, 0.168, 0.146, -1.447, 0.25, -0.061
2017-04-20 10:10:58,569, 1492675858569621440, 0.045, 0.208, 0.198, -1.626, 0.477, -0.024
2017-04-20 10:10:58,571, 1492675858571580521, 0.109, 0.177, 0.16, -1.714, 0.746, -0.049
2017-04-20 10:10:58,573, 1492675858573570140, 0.12, 0.164, 0.148, -1.578, 0.899, -0.086
2017-04-20 10:10:58,575, 1492675858575546915, 0.134, 0.177, 0.165, -1.408, 1.025, -0.045
2017-04-20 10:10:58,577, 1492675858577553633, 0.149, 0.129, 0.02, -1.082, 1.157, -0.037
2017-04-20 10:10:58,579, 1492675858579752764, 0.166, 0.077, -0.016, -0.721, 1.273, -0.033
2017-04-20 10:10:58,581, 1492675858581590092, 0.218, 0.057, 0.049, -0.388, 1.43, 0.041
2017-04-20 10:10:58,583, 1492675858583559223, 0.249, 0.02, -0.043, -0.001, 1.54, 0.069
2017-04-20 10:10:58,585, 1492675858585596047, 0.258, -0.056, -0.105, 0.35, 1.616, 0.061
2017-04-20 10:10:58,587, 1492675858587622245, 0.259, -0.049, -0.021, 0.596, 1.678, 0.13
2017-04-20 10:10:58,589, 1492675858589588510, 0.264, -0.093, -0.1, 0.832, 1.756, 0.109
2017-04-20 10:10:58,591, 1492675858591548983, 0.263, -0.136, -0.178, 1.007, 1.831, 0.089
2017-04-20 10:10:58,597, 1492675858597012098, 0.26, -0.134, -0.127, 1.076, 1.824, 0.125
2017-04-20 10:10:58,598, 1492675858598546347, 0.245, -0.145, -0.114, 1.208, 1.849, 0.146
2017-04-20 10:10:58,600, 1492675858600577403, 0.239, -0.117, -0.078, 1.128, 1.776, 0.138
2017-04-20 10:10:58,602, 1492675858602560712, 0.187, -0.137, -0.168, 1.037, 1.628, 0.174
2017-04-20 10:10:58,604, 1492675858604549291, 0.164, -0.092, -0.115, 0.813, 1.495, 0.174
2017-04-20 10:10:58,606, 1492675858606530861, 0.137, -0.063, -0.107, 0.626, 1.323, 0.122
2017-04-20 10:10:58,608, 1492675858608592776, 0.101, -0.038, -0.209, 0.408, 1.108, 0.081
2017-04-20 10:10:58,610, 1492675858610554653, 0.103, 0.019, -0.185, 0.111, 0.895, 0.077
2017-04-20 10:10:58,612, 1492675858612703843, 0.077, 0.055, -0.173, -0.236, 0.634, 0.044
2017-04-20 10:10:58,614, 1492675858614536905, 0.035, 0.058, -0.274, -0.52, 0.418, -0.032
2017-04-20 10:10:58,616, 1492675858616613430, 0.016, 0.109, -0.265, -0.792, 0.176, 0.008
2017-04-20 10:10:58,618, 1492675858618649191, 0.02, 0.156, -0.244, -1.051, -0.009, -0.041
2017-04-20 10:10:58,620, 1492675858620560401, -0.012, 0.189, -0.333, -1.268, -0.249, -0.11
2017-04-20 10:10:58,622, 1492675858622557933, -0.061, 0.178, -0.397, -1.42, -0.514, -0.105
2017-04-20 10:10:58,625, 1492675858625199814, -0.077, 0.202, -0.387, -1.531, -0.673, -0.105
2017-04-20 10:10:58,626, 1492675858626552720, -0.109, 0.214, -0.523, -1.527, -0.913, -0.143
2017-04-20 10:10:58,628, 1492675858628577737, -0.147, 0.208, -0.604, -1.447, -1.07, -0.154
2017-04-20 10:10:58,630, 1492675858630577121, -0.087, 0.222, -0.572, -1.309, -1.082, -0.089
2017-04-20 10:10:58,634, 1492675858634132961, -0.08, 0.217, -0.582, -1.2, -1.143, -0.102
2017-04-20 10:10:58,636, 1492675858636585160, -0.177, 0.122, -0.688, -0.859, -1.425, -0.053
2017-04-20 10:10:58,638, 1492675858638568339, -0.185, 0.126, -0.606, -0.673, -1.394, -0.032
2017-04-20 10:10:58,640, 1492675858640548467, -0.142, 0.122, -0.611, -0.537, -1.334, -0.11
2017-04-20 10:10:58,642, 1492675858642714976, -0.166, 0.046, -0.633, -0.337, -1.28, -0.085
2017-04-20 10:10:58,644, 1492675858644553022, -0.174, -0.021, -0.627, -0.132, -1.254, 0.004
2017-04-20 10:10:58,646, 1492675858646556567, -0.155, -0.015, -0.596, 0.108, -1.13, -0.016
2017-04-20 10:10:58,648, 1492675858648543238, -0.116, -0.021, -0.572, 0.367, -0.971, -0.048
2017-04-20 10:10:58,650, 1492675858650667525, -0.117, -0.051, -0.574, 0.589, -0.873, 0.0
2017-04-20 10:10:58,652, 1492675858652519720, -0.129, -0.098, -0.597, 0.748, -0.808, 0.098
2017-04-20 10:10:58,654, 1492675858654619662, -0.11, -0.108, -0.534, 0.887, -0.65, 0.074
2017-04-20 10:10:58,656, 1492675858656539489, -0.062, -0.091, -0.489, 0.952, -0.517, 0.065
2017-04-20 10:10:58,661, 1492675858661588863, -0.092, -0.116, -0.555, 0.923, -0.273, 0.101
2017-04-20 10:10:58,663, 1492675858663397182, -0.062, -0.106, -0.53, 0.858, -0.158, 0.061
2017-04-20 10:10:58,668, 1492675858668103826, -0.016, -0.083, -0.513, 0.765, 0.011, 0.02
2017-04-20 10:10:58,669, 1492675858669576972, 0.026, -0.069, -0.559, 0.393, 0.266, 0.057
2017-04-20 10:10:58,671, 1492675858671569579, 0.036, -0.047, -0.589, 0.211, 0.367, 0.036
2017-04-20 10:10:58,673, 1492675858673549053, 0.04, -0.019, -0.59, 0.07, 0.467, 0.033
2017-04-20 10:10:58,675, 1492675858675578899, 0.041, -0.008, -0.664, -0.03, 0.521, 0.008
2017-04-20 10:10:58,678, 1492675858678366738, 0.078, 0.023, -0.688, -0.14, 0.633, 0.025
2017-04-20 10:10:58,679, 1492675858679558406, 0.114, 0.051, -0.651, -0.244, 0.751, 0.041
2017-04-20 10:10:58,681, 1492675858681571881, 0.105, 0.052, -0.689, -0.339, 0.77, 0.0
2017-04-20 10:10:58,683, 1492675858683706376, 0.073, 0.051, -0.716, -0.424, 0.754, 0.053
2017-04-20 10:10:58,685, 1492675858685572613, 0.079, 0.08, -0.693, -0.543, 0.783, 0.061
2017-04-20 10:10:58,688, 1492675858687917844, 0.102, 0.115, -0.665, -0.642, 0.828, 0.008
2017-04-20 10:10:58,690, 1492675858689778135, 0.105, 0.112, -0.625, -0.774, 0.846, -0.005
2017-04-20 10:10:58,691, 1492675858691605957, 0.115, 0.11, -0.602, -0.894, 0.842, 0.017
2017-04-20 10:10:58,693, 1492675858693566284, 0.119, 0.116, -0.549, -0.975, 0.831, 0.0
2017-04-20 10:10:58,695, 1492675858695581423, 0.103, 0.13, -0.499, -1.015, 0.815, -0.048
2017-04-20 10:10:58,698, 1492675858697547685, 0.097, 0.136, -0.445, -0.991, 0.776, -0.041
2017-04-20 10:10:58,699, 1492675858699589718, 0.07, 0.119, -0.419, -0.926, 0.718, 0.003
2017-04-20 10:10:58,703, 1492675858701651673, 0.07, 0.107, -0.355, -0.831, 0.672, 0.0
2017-04-20 10:10:58,704, 1492675858703650446, 0.076, 0.105, -0.286, -0.682, 0.627, 0.003
2017-04-20 10:10:58,705, 1492675858705531940, 0.052, 0.085, -0.258, -0.497, 0.545, 0.041
2017-04-20 10:10:58,707, 1492675858707883238, 0.018, 0.058, -0.24, -0.311, 0.426, 0.028
2017-04-20 10:10:58,709, 1492675858709539437, -0.009, 0.034, -0.225, -0.121, 0.293, 0.028
2017-04-20 10:10:58,711, 1492675858711619800, -0.014, 0.014, -0.203, 0.056, 0.193, 0.057
2017-04-20 10:10:58,713, 1492675858713708847, -0.018, -0.004, -0.19, 0.211, 0.069, 0.024
2017-04-20 10:10:58,715, 1492675858715568967, -0.041, -0.033, -0.155, 0.335, -0.073, 0.036
2017-04-20 10:10:58,717, 1492675858717556768, -0.047, -0.041, -0.157, 0.446, -0.211, 0.028
2017-04-20 10:10:58,719, 1492675858719600101, -0.064, -0.056, -0.188, 0.543, -0.355, 0.024
2017-04-20 10:10:58,721, 1492675858721575306, -0.082, -0.076, -0.169, 0.617, -0.523, 0.004
2017-04-20 10:10:58,723, 1492675858723644752, -0.106, -0.086, -0.182, 0.684, -0.654, 0.008
2017-04-20 10:10:58,725, 1492675858725537788, -0.087, -0.09, -0.205, 0.729, -0.774, 0.008
2017-04-20 10:10:58,727, 1492675858727619734, -0.092, -0.082, -0.189, 0.735, -0.874, -0.012
2017-04-20 10:10:58,729, 1492675858729556745, -0.109, -0.076, -0.191, 0.709, -0.993, 0.008
2017-04-20 10:10:58,731, 1492675858731695446, -0.115, -0.079, -0.216, 0.633, -1.094, 0.02
2017-04-20 10:10:58,733, 1492675858733541388, -0.126, -0.055, -0.226, 0.519, -1.142, 0.012
2017-04-20 10:10:58,736, 1492675858735554878, -0.121, -0.042, -0.182, 0.368, -1.155, -0.028
2017-04-20 10:10:58,737, 1492675858737739022, -0.128, -0.032, -0.184, 0.198, -1.151, -0.037
2017-04-20 10:10:58,740, 1492675858740564482, -0.122, -0.01, -0.156, -0.044, -1.097, -0.04
2017-04-20 10:10:58,742, 1492675858742375034, -0.129, 0.018, -0.143, -0.167, -1.047, -0.078
2017-04-20 10:10:58,743, 1492675858743577125, -0.123, 0.034, -0.125, -0.284, -0.973, -0.065
2017-04-20 10:10:58,745, 1492675858745556349, -0.114, 0.034, -0.131, -0.378, -0.891, -0.061
2017-04-20 10:10:58,747, 1492675858747571622, -0.098, 0.037, -0.094, -0.436, -0.787, -0.045
2017-04-20 10:10:58,749, 1492675858749518667, -0.093, 0.052, -0.095, -0.455, -0.659, -0.061
2017-04-20 10:10:58,751, 1492675858751595001, -0.087, 0.058, -0.075, -0.418, -0.525, -0.037
2017-04-20 10:10:58,753, 1492675858753780567, -0.075, 0.051, -0.079, -0.353, -0.401, -0.04
2017-04-20 10:10:58,755, 1492675858755593096, -0.064, 0.042, -0.071, -0.277, -0.301, -0.029
2017-04-20 10:10:58,757, 1492675858757522103, -0.051, 0.042, -0.081, -0.186, -0.18, 0.0
2017-04-20 10:10:58,759, 1492675858759588502, -0.023, 0.045, -0.088, -0.093, -0.036, 0.016
2017-04-20 10:10:58,761, 1492675858761546189, -0.008, 0.021, -0.071, -0.019, 0.079, 0.033
2017-04-20 10:10:58,764, 1492675858764360811, 0.009, 0.018, -0.087, 0.026, 0.171, 0.044
2017-04-20 10:10:58,765, 1492675858765502539, 0.024, 0.019, -0.096, 0.065, 0.292, 0.044
2017-04-20 10:10:58,768, 1492675858768050186, 0.039, 0.014, -0.072, 0.068, 0.389, 0.033
2017-04-20 10:10:58,770, 1492675858769581807, 0.065, 0.006, -0.065, 0.044, 0.483, 0.028
2017-04-20 10:10:58,771, 1492675858771650241, 0.074, 0.002, -0.053, 0.015, 0.565, 0.024
2017-04-20 10:10:58,773, 1492675858773568743, 0.074, 0.014, -0.054, -0.028, 0.622, 0.028
2017-04-20 10:10:58,775, 1492675858775564075, 0.078, 0.024, -0.047, -0.086, 0.68, 0.028
2017-04-20 10:10:58,777, 1492675858777521476, 0.076, 0.03, -0.028, -0.139, 0.721, 0.049
2017-04-20 10:10:58,780, 1492675858780552079, 0.089, 0.027, -0.015, -0.198, 0.748, 0.033
2017-04-20 10:10:58,782, 1492675858782416806, 0.086, 0.039, -0.011, -0.268, 0.762, 0.033
2017-04-20 10:10:58,783, 1492675858783589081, 0.077, 0.045, -0.014, -0.3, 0.746, 0.036
2017-04-20 10:10:58,785, 1492675858785560406, 0.071, 0.031, -0.001, -0.318, 0.719, 0.016
2017-04-20 10:10:58,787, 1492675858787601637, 0.075, 0.037, 0.001, -0.329, 0.677, 0.02
2017-04-20 10:10:58,789, 1492675858789575842, 0.061, 0.038, -0.006, -0.308, 0.622, 0.012
2017-04-20 10:10:58,791, 1492675858791572497, 0.072, 0.024, -0.021, -0.27, 0.548, 0.012
2017-04-20 10:10:58,793, 1492675858793555291, 0.052, 0.004, -0.032, -0.203, 0.466, -0.008
2017-04-20 10:10:58,795, 1492675858795592366, 0.041, 0.0, -0.003, -0.096, 0.359, -0.005
2017-04-20 10:10:58,797, 1492675858797535573, 0.046, 0.011, -0.015, -0.018, 0.271, -0.008
2017-04-20 10:10:58,799, 1492675858799623176, 0.02, -0.025, -0.085, 0.09, 0.149, -0.004
2017-04-20 10:10:58,804, 1492675858804348946, 0.017, -0.045, -0.063, 0.213, 0.053, 0.003
2017-04-20 10:10:58,809, 1492675858809615564, -0.034, -0.061, -0.074, 0.537, -0.279, 0.049
2017-04-20 10:10:58,812, 1492675858811451751, -0.022, -0.038, -0.06, 0.548, -0.288, 0.036
2017-04-20 10:10:58,818, 1492675858818255409, -0.077, -0.018, -0.041, 0.291, -0.48, 0.044
2017-04-20 10:10:58,821, 1492675858821516440, -0.063, 0.021, 0.001, 0.015, -0.478, -0.028
2017-04-20 10:10:58,823, 1492675858822939573, -0.066, 0.03, 0.027, -0.125, -0.499, -0.0