2017-04-20 10:09:24,922, 1492675764921974472, 0.012, 0.0, -0.007, 0.049, 0.033, 0.003
2017-04-20 10:09:24,923, 1492675764923015201, 0.005, -0.003, -0.013, 0.045, 0.022, -0.005
2017-04-20 10:09:24,924, 1492675764924786700, -0.004, 0.004, -0.003, 0.04, 0.008, 0.003
2017-04-20 10:09:24,926, 1492675764925999172, -0.014, -0.006, -0.001, 0.031, -0.02, 0.008
2017-04-20 10:09:24,928, 1492675764928056524, -0.005, 0.011, -0.008, 0.025, -0.044, -0.021
2017-04-20 10:09:24,930, 1492675764929999006, -0.017, 0.011, -0.003, 0.017, -0.059, -0.021
2017-04-20 10:09:24,932, 1492675764931971264, -0.017, 0.019, 0.005, 0.009, -0.084, 0.0
2017-04-20 10:09:24,934, 1492675764933949635, -0.023, 0.018, -0.01, -0.004, -0.103, -0.005
2017-04-20 10:09:24,936, 1492675764935949069, -0.022, 0.014, -0.005, -0.017, -0.129, 0.003
2017-04-20 10:09:24,938, 1492675764938000883, -0.021, 0.016, 0.001, -0.034, -0.148, 0.0
2017-04-20 10:09:24,940, 1492675764940217955, -0.016, 0.02, -0.005, -0.055, -0.158, -0.008
2017-04-20 10:09:24,946, 1492675764946043394, -0.028, 0.022, -0.011, -0.075, -0.163, -0.016
2017-04-20 10:09:24,947, 1492675764947878189, -0.031, 0.034, 0.002, -0.14, -0.178, -0.013
2017-04-20 10:09:24,950, 1492675764949960106, -0.024, 0.029, -0.01, -0.167, -0.174, -0.005
2017-04-20 10:09:24,952, 1492675764951971450, -0.028, 0.029, 0.009, -0.187, -0.154, -0.008
2017-04-20 10:09:24,954, 1492675764953976971, -0.021, 0.04, 0.021, -0.192, -0.148, -0.005
2017-04-20 10:09:24,956, 1492675764955928554, -0.026, 0.048, -0.001, -0.197, -0.138, -0.013
2017-04-20 10:09:24,958, 1492675764957946203, -0.022, 0.032, 0.0, -0.197, -0.129, -0.013
2017-04-20 10:09:24,960, 1492675764959970178, -0.029, 0.038, 0.0, -0.19, -0.116, -0.008
2017-04-20 10:09:24,962, 1492675764961990176, -0.02, 0.038, -0.003, -0.177, -0.091, -0.021
2017-04-20 10:09:24,964, 1492675764963967563, -0.013, 0.033, 0.0, -0.154, -0.07, -0.021
2017-04-20 10:09:24,966, 1492675764965928286, -0.006, 0.022, 0.0, -0.119, -0.072, 0.008
2017-04-20 10:09:24,968, 1492675764967891153, -0.006, 0.008, -0.011, -0.075, -0.068, -0.005
2017-04-20 10:09:24,970, 1492675764969974601, -0.016, 0.008, -0.005, -0.028, -0.049, -0.021
2017-04-20 10:09:24,972, 1492675764971950290, 0.002, 0.005, -0.009, 0.015, -0.026, 0.003
2017-04-20 10:09:24,974, 1492675764973920533, 0.005, 0.008, -0.034, 0.055, -0.01, 0.0
2017-04-20 10:09:24,983, 1492675764983423467, 0.011, 0.006, -0.032, 0.089, -0.002, 0.008
2017-04-20 10:09:24,985, 1492675764985027458, 0.035, 0.004, -0.041, 0.072, 0.124, -0.005
2017-04-20 10:09:24,987, 1492675764986982116, 0.02, 0.003, -0.019, 0.03, 0.157, 0.016
2017-04-20 10:09:24,989, 1492675764988986017, 0.035, 0.004, -0.034, -0.022, 0.191, 0.012
2017-04-20 10:09:24,991, 1492675764990942986, 0.036, 0.026, -0.032, -0.066, 0.225, 0.016
2017-04-20 10:09:24,993, 1492675764993013530, 0.05, 0.028, -0.064, -0.129, 0.269, 0.012
2017-04-20 10:09:24,995, 1492675764994960112, 0.052, 0.051, -0.065, -0.181, 0.313, -0.008
2017-04-20 10:09:24,997, 1492675764996994103, 0.062, 0.046, -0.075, -0.245, 0.341, -0.005
2017-04-20 10:09:24,999, 1492675764998961336, 0.06, 0.049, -0.096, -0.294, 0.357, 0.0
2017-04-20 10:09:25,001, 1492675765001773267, 0.049, 0.056, -0.088, -0.323, 0.364, -0.008
2017-04-20 10:09:25,003, 1492675765002927157, 0.042, 0.065, -0.089, -0.335, 0.376, 0.0
2017-04-20 10:09:25,006, 1492675765005088641, 0.051, 0.069, -0.098, -0.335, 0.386, 0.003
2017-04-20 10:09:25,008, 1492675765007992074, 0.065, 0.064, -0.106, -0.318, 0.383, 0.012
2017-04-20 10:09:25,015, 1492675765009967522, 0.054, 0.056, -0.132, -0.307, 0.356, 0.012
2017-04-20 10:09:25,016, 1492675765011846087, 0.05, 0.058, -0.126, -0.289, 0.336, 0.003
2017-04-20 10:09:25,016, 1492675765013008107, 0.049, 0.061, -0.143, -0.266, 0.312, 0.008
2017-04-20 10:09:25,016, 1492675765015066640, 0.048, 0.064, -0.162, -0.246, 0.288, 0.0
2017-04-20 10:09:25,017, 1492675765016990589, 0.05, 0.056, -0.153, -0.222, 0.254, 0.012
2017-04-20 10:09:25,019, 1492675765018958456, 0.044, 0.043, -0.145, -0.197, 0.214, 0.0
2017-04-20 10:09:25,021, 1492675765020986589, 0.034, 0.037, -0.14, -0.182, 0.17, 0.008
2017-04-20 10:09:25,022, 1492675765022921698, 0.026, 0.039, -0.153, -0.143, 0.118, -0.005
2017-04-20 10:09:25,030, 1492675765029983175, 0.003, 0.029, -0.158, 0.006, -0.071, 0.003
2017-04-20 10:09:25,032, 1492675765031940466, 0.007, 0.029, -0.157, 0.03, -0.107, 0.0
2017-04-20 10:09:25,038, 1492675765038009698, -0.016, 0.008, -0.129, 0.061, -0.273, -0.008
2017-04-20 10:09:25,039, 1492675765039814397, -0.017, 0.015, -0.154, 0.054, -0.304, -0.029
2017-04-20 10:09:25,046, 1492675765044804235, -0.013, 0.009, -0.116, 0.034, -0.32, -0.013
2017-04-20 10:09:25,049, 1492675765048973329, -0.028, 0.021, -0.111, -0.046, -0.321, -0.016
2017-04-20 10:09:25,051, 1492675765050965202, -0.02, 0.029, -0.122, -0.045, -0.301, -0.016
2017-04-20 10:09:25,053, 1492675765052970846, -0.012, 0.042, -0.149, -0.054, -0.25, -0.037
2017-04-20 10:09:25,055, 1492675765054988812, 0.007, 0.039, -0.132, -0.086, -0.191, -0.037
2017-04-20 10:09:25,062, 1492675765061956578, 0.015, 0.047, -0.145, -0.215, -0.013, 0.016
2017-04-20 10:09:25,063, 1492675765063831950, 0.034, 0.039, -0.161, -0.247, 0.055, -0.013
2017-04-20 10:09:25,065, 1492675765065813961, 0.048, 0.062, -0.171, -0.304, 0.16, -0.008
2017-04-20 10:09:25,067, 1492675765067858756, 0.054, 0.062, -0.147, -0.343, 0.215, -0.016
2017-04-20 10:09:25,069, 1492675765069802257, 0.041, 0.06, -0.146, -0.375, 0.295, -0.024
2017-04-20 10:09:25,071, 1492675765071858847, 0.039, 0.066, -0.186, -0.356, 0.318, 0.016
2017-04-20 10:09:25,076, 1492675765073937818, 0.046, 0.075, -0.164, -0.342, 0.404, 0.0
2017-04-20 10:09:25,077, 1492675765075865378, 0.062, 0.063, -0.138, -0.328, 0.454, 0.016
2017-04-20 10:09:25,082, 1492675765080924891, 0.085, 0.057, -0.155, -0.299, 0.503, 0.041
2017-04-20 10:09:25,083, 1492675765083525805, 0.058, 0.037, -0.161, -0.157, 0.513, -0.004
2017-04-20 10:09:25,085, 1492675765084958855, 0.068, 0.049, -0.184, -0.076, 0.529, 0.024
2017-04-20 10:09:25,087, 1492675765086927393, 0.092, 0.026, -0.168, -0.056, 0.532, 0.024
2017-04-20 10:09:25,088, 1492675765088879216, 0.105, 0.024, -0.143, -0.018, 0.503, 0.033
2017-04-20 10:09:25,090, 1492675765090834537, 0.099, 0.007, -0.185, 0.015, 0.484, 0.033
2017-04-20 10:09:25,092, 1492675765092847244, 0.106, 0.016, -0.187, 0.047, 0.466, 0.024
2017-04-20 10:09:25,094, 1492675765094820855, 0.059, 0.018, -0.192, 0.089, 0.363, -0.016
2017-04-20 10:09:25,096, 1492675765096833279, 0.056, -0.01, -0.172, 0.099, 0.325, 0.003
2017-04-20 10:09:25,098, 1492675765098839167, 0.073, -0.014, -0.162, 0.12, 0.304, 0.049
2017-04-20 10:09:25,102, 1492675765101903349, 0.095, 0.017, -0.171, 0.117, 0.258, 0.012
2017-04-20 10:09:25,103, 1492675765102994144, 0.111, 0.022, -0.142, 0.062, 0.278, 0.003
2017-04-20 10:09:25,104, 1492675765104768742, 0.098, 0.035, -0.135, 0.039, 0.262, -0.005
2017-04-20 10:09:25,107, 1492675765106880240, 0.054, 0.007, -0.159, -0.051, 0.197, -0.021
2017-04-20 10:09:25,108, 1492675765108795785, 0.021, 0.009, -0.186, -0.122, 0.135, -0.021
2017-04-20 10:09:25,110, 1492675765110853962, 0.04, 0.038, -0.154, -0.178, 0.202, -0.016
2017-04-20 10:09:25,117, 1492675765112958019, 0.068, 0.067, -0.152, -0.255, 0.234, -0.045
2017-04-20 10:09:25,119, 1492675765119006712, 0.009, 0.058, -0.194, -0.365, 0.148, 0.02
2017-04-20 10:09:25,121, 1492675765120821289, 0.014, 0.081, -0.135, -0.344, 0.162, -0.021
2017-04-20 10:09:25,123, 1492675765123005799, 0.009, 0.071, -0.165, -0.277, 0.113, -0.041
2017-04-20 10:09:25,124, 1492675765124895197, 0.02, 0.059, -0.188, -0.252, 0.078, 0.024
2017-04-20 10:09:25,127, 1492675765126894067, 0.02, 0.028, -0.163, -0.218, 0.039, 0.003
2017-04-20 10:09:25,128, 1492675765128852570, 0.009, 0.053, -0.161, -0.124, -0.037, 0.016
2017-04-20 10:09:25,130, 1492675765130905563, 0.005, 0.043, -0.208, -0.064, -0.083, -0.008
2017-04-20 10:09:25,132, 1492675765132860387, -0.013, 0.051, -0.192, 0.012, -0.18, 0.016
2017-04-20 10:09:25,134, 1492675765134850829, 0.005, 0.024, -0.149, 0.023, -0.209, 0.024
2017-04-20 10:09:25,136, 1492675765136819668, 0.038, 0.033, -0.162, 0.008, -0.178, -0.021
2017-04-20 10:09:25,138, 1492675765138865684, 0.052, 0.04, -0.171, -0.019, -0.154, -0.033
2017-04-20 10:09:25,141, 1492675765140845719, 0.017, 0.038, -0.172, -0.064, -0.21, -0.045
2017-04-20 10:09:25,149, 1492675765146122437, -0.003, 0.037, -0.2, -0.211, -0.115, -0.037
2017-04-20 10:09:25,149, 1492675765147868872, 0.024, 0.059, -0.115, -0.283, -0.037, 0.008
2017-04-20 10:09:25,150, 1492675765149985139, 0.026, 0.056, -0.12, -0.304, 0.017, -0.013
2017-04-20 10:09:25,152, 1492675765152061267, 0.005, 0.039, -0.189, -0.3, 0.081, -0.021
2017-04-20 10:09:25,158, 1492675765157993540, 0.019, 0.057, -0.18, -0.186, 0.183, -0.021
2017-04-20 10:09:25,160, 1492675765159933024, -0.002, 0.036, -0.134, -0.158, 0.149, -0.016
2017-04-20 10:09:25,162, 1492675765161884278, 0.011, 0.023, -0.027, -0.122, 0.107, 0.069
2017-04-20 10:09:25,163, 1492675765163821510, 0.062, 0.044, -0.067, -0.102, 0.211, 0.012
2017-04-20 10:09:25,165, 1492675765165847853, 0.074, 0.04, -0.079, -0.1, 0.237, -0.041
2017-04-20 10:09:25,168, 1492675765167993704, 0.033, 0.02, -0.002, -0.101, 0.162, -0.033
2017-04-20 10:09:25,170, 1492675765169989555, 0.023, -0.008, -0.041, -0.111, 0.226, 0.028
2017-04-20 10:09:25,171, 1492675765171844910, 0.012, -0.003, -0.119, -0.052, 0.188, -0.045
2017-04-20 10:09:25,173, 1492675765173890082, 0.034, 0.018, -0.023, -0.003, 0.244, -0.013
2017-04-20 10:09:25,175, 1492675765175832854, 0.043, 0.021, -0.034, 0.062, 0.247, 0.008
2017-04-20 10:09:25,177, 1492675765177864706, 0.03, -0.021, -0.092, 0.134, 0.225, 0.052
2017-04-20 10:09:25,180, 1492675765179929412, -0.014, -0.041, -0.088, 0.23, 0.13, 0.0
2017-04-20 10:09:25,182, 1492675765182001656, -0.016, -0.02, -0.017, 0.32, 0.112, 0.049
2017-04-20 10:09:25,184, 1492675765184058348, -0.028, -0.026, -0.079, 0.419, 0.025, 0.012
2017-04-20 10:09:25,190, 1492675765189972663, 0.027, -0.03, -0.022, 0.302, -0.116, 0.036
2017-04-20 10:09:25,191, 1492675765190938019, 0.018, -0.025, -0.108, 0.192, -0.156, -0.016
2017-04-20 10:09:25,193, 1492675765193861960, -0.005, 0.0, -0.039, 0.036, -0.195, -0.021
2017-04-20 10:09:25,195, 1492675765195825053, -0.056, -0.012, -0.025, -0.067, -0.268, -0.061
2017-04-20 10:09:25,197, 1492675765197840648, -0.044, 0.009, -0.085, -0.175, -0.233, -0.078
2017-04-20 10:09:25,200, 1492675765199868865, -0.039, 0.008, -0.062, -0.202, -0.264, -0.045
2017-04-20 10:09:25,201, 1492675765201835525, -0.057, 0.013, -0.004, -0.175, -0.267, -0.016
2017-04-20 10:09:25,203, 1492675765203805940, -0.063, 0.035, -0.057, -0.094, -0.317, -0.021
2017-04-20 10:09:25,205, 1492675765205851661, -0.099, 0.016, -0.062, 0.021, -0.379, -0.021
2017-04-20 10:09:25,207, 1492675765207807740, -0.112, 0.009, -0.051, 0.122, -0.469, 0.0
2017-04-20 10:09:25,209, 1492675765209849596, -0.113, 0.027, -0.03, 0.169, -0.53, 0.052
2017-04-20 10:09:25,211, 1492675765211859279, -0.046, 0.007, 0.0, 0.158, -0.462, 0.016
2017-04-20 10:09:25,214, 1492675765213965806, -0.021, 0.011, -0.01, 0.066, -0.476, -0.029
2017-04-20 10:09:25,216, 1492675765215930257, -0.057, 0.015, 0.021, -0.085, -0.502, 0.003
2017-04-20 10:09:25,218, 1492675765217992099, -0.09, 0.002, -0.046, -0.163, -0.568, -0.065
2017-04-20 10:09:25,219, 1492675765219761470, -0.088, 0.017, -0.075, -0.244, -0.537, -0.097
2017-04-20 10:09:25,221, 1492675765221809124, -0.075, 0.032, -0.019, -0.283, -0.496, -0.086
2017-04-20 10:09:25,223, 1492675765223778865, -0.044, 0.005, -0.074, -0.199, -0.466, -0.094
2017-04-20 10:09:25,225, 1492675765225835305, -0.022, 0.008, -0.069, -0.125, -0.37, -0.073
2017-04-20 10:09:25,227, 1492675765227823421, -0.072, -0.013, -0.02, 0.076, -0.46, 0.012
2017-04-20 10:09:25,229, 1492675765229822238, -0.098, -0.01, -0.075, 0.266, -0.44, -0.033
2017-04-20 10:09:25,231, 1492675765231852688, -0.08, 0.007, -0.105, 0.419, -0.418, 0.033
2017-04-20 10:09:25,234, 1492675765233903824, -0.03, 0.002, 0.017, 0.474, -0.352, 0.052
2017-04-20 10:09:25,235, 1492675765235832718, -0.007, -0.012, 0.015, 0.381, -0.216, 0.024
2017-04-20 10:09:25,237, 1492675765237886677, 0.001, -0.011, 0.006, 0.224, -0.18, 0.073
2017-04-20 10:09:25,239, 1492675765239815596, -0.06, -0.026, -0.014, 0.08, -0.178, -0.045
2017-04-20 10:09:25,241, 1492675765241862155, -0.055, 0.007, 0.029, -0.116, -0.087, -0.029
2017-04-20 10:09:25,243, 1492675765243839491, -0.061, 0.012, -0.046, -0.201, -0.084, -0.073
2017-04-20 10:09:25,246, 1492675765245869563, -0.043, -0.023, 0.006, -0.242, 0.047, -0.069
2017-04-20 10:09:25,249, 1492675765248671223, -0.017, -0.024, 0.006, -0.158, 0.009, -0.021
2017-04-20 10:09:25,251, 1492675765250092750, -0.023, -0.022, -0.032, 0.109, 0.024, -0.021
2017-04-20 10:09:25,252, 1492675765251991784, -0.056, -0.024, -0.061, 0.279, -0.037, -0.029
2017-04-20 10:09:25,254, 1492675765253970213, -0.053, -0.022, -0.018, 0.457, -0.113, 0.109
2017-04-20 10:09:25,255, 1492675765255786219, -0.01, -0.029, -0.02, 0.599, -0.09, 0.061
2017-04-20 10:09:25,257, 1492675765257870671, 0.02, -0.028, -0.012, 0.569, -0.013, 0.024
2017-04-20 10:09:25,259, 1492675765259837381, 0.005, -0.031, -0.012, 0.467, -0.139, 0.069
2017-04-20 10:09:25,261, 1492675765261852859, -0.032, -0.021, -0.034, 0.306, -0.121, -0.005
2017-04-20 10:09:25,263, 1492675765263816537, -0.016, -0.008, -0.054, 0.09, -0.131, -0.033
2017-04-20 10:09:25,265, 1492675765265861313, -0.053, -0.019, -0.046, -0.086, -0.2, -0.078
2017-04-20 10:09:25,267, 1492675765267878476, -0.017, -0.015, -0.006, -0.228, -0.08, -0.065
2017-04-20 10:09:25,269, 1492675765269838943, -0.023, 0.004, -0.051, -0.234, -0.177, -0.061
2017-04-20 10:09:25,272, 1492675765271925897, -0.044, -0.001, 0.002, -0.176, -0.149, -0.069
2017-04-20 10:09:25,273, 1492675765273869101, -0.068, -0.006, -0.036, 0.002, -0.273, -0.078
2017-04-20 10:09:25,275, 1492675765275882683, -0.083, -0.012, -0.03, 0.19, -0.336, 0.069
2017-04-20 10:09:25,278, 1492675765277905437, -0.043, 0.01, -0.019, 0.347, -0.295, -0.016
2017-04-20 10:09:25,280, 1492675765279872542, -0.035, -0.003, 0.024, 0.372, -0.284, 0.041
2017-04-20 10:09:25,286, 1492675765286157630, -0.06, -0.031, -0.025, 0.349, -0.371, 0.041
2017-04-20 10:09:25,288, 1492675765288199668, -0.107, -0.011, -0.049, 0.086, -0.455, -0.065
2017-04-20 10:09:25,290, 1492675765289980599, -0.068, -0.004, -0.056, 0.011, -0.41, -0.029
2017-04-20 10:09:25,292, 1492675765291963604, -0.078, -0.008, -0.001, -0.03, -0.478, -0.024
2017-04-20 10:09:25,294, 1492675765293990632, -0.095, -0.039, -0.027, 0.055, -0.575, -0.065
2017-04-20 10:09:25,296, 1492675765295938734, -0.107, -0.031, -0.068, 0.168, -0.591, -0.049
2017-04-20 10:09:25,298, 1492675765297978364, -0.097, -0.005, -0.029, 0.28, -0.671, 0.0
2017-04-20 10:09:25,300, 1492675765299961703, -0.049, -0.005, -0.004, 0.331, -0.629, -0.057
2017-04-20 10:09:25,302, 1492675765301982821, -0.025, -0.001, -0.01, 0.256, -0.513, -0.005
2017-04-20 10:09:25,304, 1492675765303942170, -0.094, -0.023, -0.038, 0.199, -0.67, 0.008
2017-04-20 10:09:25,307, 1492675765306880010, -0.101, -0.017, -0.021, 0.06, -0.54, -0.016
2017-04-20 10:09:25,309, 1492675765309699685, -0.1, 0.032, -0.049, -0.125, -0.477, -0.041
2017-04-20 10:09:25,311, 1492675765310958737, -0.103, 0.011, -0.045, -0.217, -0.483, -0.057
2017-04-20 10:09:25,312, 1492675765312040781, -0.088, -0.005, -0.006, -0.267, -0.394, -0.029
2017-04-20 10:09:25,314, 1492675765313989562, -0.089, 0.004, -0.03, -0.236, -0.45, -0.016
2017-04-20 10:09:25,316, 1492675765316006205, -0.102, -0.008, -0.029, -0.112, -0.437, -0.065
2017-04-20 10:09:25,322, 1492675765322395060, -0.095, 0.008, -0.012, 0.043, -0.462, -0.061
2017-04-20 10:09:25,329, 1492675765328979321, -0.073, -0.03, -0.045, 0.418, -0.316, -0.016
2017-04-20 10:09:25,331, 1492675765330980145, -0.095, -0.053, -0.017, 0.404, -0.277, -0.005
2017-04-20 10:09:25,332, 1492675765332800238, -0.073, -0.091, -0.046, 0.451, -0.321, 0.012
2017-04-20 10:09:25,334, 1492675765334837521, -0.054, -0.071, -0.062, 0.463, -0.257, 0.012
2017-04-20 10:09:25,337, 1492675765337272405, -0.082, -0.063, -0.013, 0.536, -0.32, 0.008
2017-04-20 10:09:25,339, 1492675765339007048, -0.069, -0.053, 0.0, 0.603, -0.337, 0.036
2017-04-20 10:09:25,341, 1492675765340911788, -0.026, -0.041, -0.013, 0.584, -0.279, 0.0
2017-04-20 10:09:25,342, 1492675765342860214, -0.026, -0.061, 0.007, 0.486, -0.279, 0.024
2017-04-20 10:09:25,349, 1492675765344841430, -0.022, -0.055, 0.024, 0.359, -0.285, -0.041
2017-04-20 10:09:25,349, 1492675765347031445, -0.062, -0.025, -0.02, 0.239, -0.304, 0.003
2017-04-20 10:09:25,350, 1492675765348850756, -0.075, -0.03, -0.039, 0.091, -0.247, -0.045
2017-04-20 10:09:25,355, 1492675765354981437, -0.081, -0.032, -0.049, 0.04, -0.266, -0.021
2017-04-20 10:09:25,356, 1492675765356755482, -0.094, -0.016, -0.04, 0.137, -0.366, -0.061
2017-04-20 10:09:25,358, 1492675765358852536, -0.098, -0.012, 0.022, 0.256, -0.429, -0.041
2017-04-20 10:09:25,360, 1492675765360833681, -0.102, -0.034, -0.049, 0.369, -0.503, 0.003
2017-04-20 10:09:25,363, 1492675765362877904, -0.054, -0.016, -0.032, 0.367, -0.489, 0.003
2017-04-20 10:09:25,364, 1492675765364848698, -0.059, 0.002, 0.006, 0.317, -0.532, -0.021
2017-04-20 10:09:25,366, 1492675765366858409, -0.074, -0.026, -0.004, 0.228, -0.561, 0.016
2017-04-20 10:09:25,368, 1492675765368835506, -0.096, -0.023, -0.075, 0.124, -0.589, -0.016
2017-04-20 10:09:25,370, 1492675765370838187, -0.123, -0.017, -0.056, 0.013, -0.612, -0.057
2017-04-20 10:09:25,372, 1492675765372852512, -0.126, -0.03, -0.037, -0.001, -0.659, -0.045
2017-04-20 10:09:25,374, 1492675765374866773, -0.097, -0.026, -0.079, 0.03, -0.615, -0.057
2017-04-20 10:09:25,376, 1492675765376800802, -0.094, -0.026, -0.056, 0.121, -0.619, -0.061
2017-04-20 10:09:25,378, 1492675765378871399, -0.13, -0.036, -0.024, 0.228, -0.684, -0.029
2017-04-20 10:09:25,380, 1492675765380823949, -0.093, -0.011, -0.051, 0.332, -0.681, 0.028
2017-04-20 10:09:25,382, 1492675765382875373, -0.088, -0.009, -0.064, 0.371, -0.657, 0.0
2017-04-20 10:09:25,385, 1492675765384875165, -0.083, -0.026, -0.006, 0.304, -0.6, -0.005
2017-04-20 10:09:25,387, 1492675765386966846, -0.082, 0.006, -0.035, 0.216, -0.608, 0.02
2017-04-20 10:09:25,389, 1492675765388974754, -0.09, -0.017, -0.067, 0.071, -0.524, -0.041
2017-04-20 10:09:25,391, 1492675765390960493, -0.116, -0.025, -0.027, -0.082, -0.475, -0.086
2017-04-20 10:09:25,393, 1492675765392948675, -0.152, 0.01, -0.059, -0.114, -0.548, -0.086
2017-04-20 10:09:25,395, 1492675765395655951, -0.113, -0.027, -0.057, -0.13, -0.423, -0.037
2017-04-20 10:09:25,397, 1492675765396951944, -0.079, -0.015, -0.033, -0.029, -0.43, -0.094
2017-04-20 10:09:25,399, 1492675765398943131, -0.106, -0.03, 0.021, 0.064, -0.491, -0.089
2017-04-20 10:09:25,401, 1492675765400985874, -0.096, -0.027, -0.002, 0.264, -0.521, 0.036
2017-04-20 10:09:25,402, 1492675765402816488, -0.076, -0.038, -0.05, 0.376, -0.515, 0.041
2017-04-20 10:09:25,404, 1492675765404831293, -0.072, -0.02, -0.02, 0.448, -0.474, -0.024
2017-04-20 10:09:25,406, 1492675765406812049, -0.09, -0.039, 0.001, 0.509, -0.569, 0.008
2017-04-20 10:09:25,408, 1492675765408821859, -0.075, -0.062, -0.056, 0.449, -0.47, -0.005
2017-04-20 10:09:25,411, 1492675765411004775, -0.087, -0.07, -0.073, 0.399, -0.475, 0.012
2017-04-20 10:09:25,412, 1492675765412814284, -0.13, -0.054, -0.03, 0.375, -0.565, -0.045
2017-04-20 10:09:25,414, 1492675765414851669, -0.114, -0.072, -0.026, 0.365, -0.493, 0.012
2017-04-20 10:09:25,417, 1492675765416905987, -0.095, -0.058, -0.078, 0.424, -0.548, 0.003
2017-04-20 10:09:25,424, 1492675765424071966, -0.031, -0.05, -0.013, 0.562, -0.548, 0.016
2017-04-20 10:09:25,426, 1492675765426422704, -0.077, -0.06, 0.018, 0.486, -0.576, -0.013
2017-04-20 10:09:25,428, 1492675765427981471, -0.085, -0.059, -0.023, 0.37, -0.525, -0.033
2017-04-20 10:09:25,430, 1492675765429972591, -0.116, -0.056, -0.077, 0.293, -0.485, -0.057
2017-04-20 10:09:25,432, 1492675765431970936, -0.142, -0.076, -0.013, 0.239, -0.538, -0.057
2017-04-20 10:09:25,434, 1492675765433948706, -0.118, -0.041, 0.023, 0.255, -0.523, -0.013
2017-04-20 10:09:25,436, 1492675765435955545, -0.116, -0.056, -0.039, 0.305, -0.469, -0.021
2017-04-20 10:09:25,437, 1492675765437893246, -0.131, -0.068, -0.029, 0.379, -0.549, -0.033
2017-04-20 10:09:25,440, 1492675765439966513, -0.119, -0.044, 0.028, 0.472, -0.593, -0.024
2017-04-20 10:09:25,442, 1492675765441959277, -0.081, -0.034, 0.028, 0.502, -0.554, 0.033
2017-04-20 10:09:25,446, 1492675765445769939, -0.123, -0.051, -0.003, 0.425, -0.64, -0.029
2017-04-20 10:09:25,448, 1492675765448110179, -0.134, -0.028, 0.016, 0.28, -0.659, 0.036
2017-04-20 10:09:25,454, 1492675765453478216, -0.138, -0.043, -0.026, 0.167, -0.613, -0.053
2017-04-20 10:09:25,460, 1492675765460023305, -0.164, -0.028, 0.067, 0.324, -0.88, -0.024
2017-04-20 10:09:25,461, 1492675765461881899, -0.15, -0.045, 0.083, 0.345, -0.872, -0.008
2017-04-20 10:09:25,463, 1492675765463895802, -0.137, -0.024, 0.031, 0.348, -0.883, 0.008
2017-04-20 10:09:25,465, 1492675765465904522, -0.164, -0.055, 0.068, 0.288, -0.921, -0.041
2017-04-20 10:09:25,473, 1492675765472972827, -0.199, -0.066, 0.055, 0.169, -0.964, -0.061
2017-04-20 10:09:25,474, 1492675765473991473, -0.189, -0.072, 0.082, 0.224, -0.91, -0.033
2017-04-20 10:09:25,476, 1492675765476811104, -0.188, -0.074, 0.072, 0.368, -0.98, -0.033
2017-04-20 10:09:25,478, 1492675765478873851, -0.19, -0.08, 0.105, 0.536, -0.985, -0.016
2017-04-20 10:09:25,480, 1492675765480763448, -0.197, -0.115, 0.092, 0.702, -1.039, 0.0
2017-04-20 10:09:25,482, 1492675765482847442, -0.194, -0.119, 0.079, 0.86, -1.083, -0.021
2017-04-20 10:09:25,484, 1492675765484823640, -0.177, -0.112, 0.116, 0.919, -1.043, -0.013
2017-04-20 10:09:25,493, 1492675765492873898, -0.191, -0.133, 0.079, 0.831, -1.08, -0.008
2017-04-20 10:09:25,494, 1492675765493953061, -0.204, -0.133, 0.081, 0.661, -1.075, -0.021
2017-04-20 10:09:25,496, 1492675765495977325, -0.204, -0.141, 0.051, 0.639, -1.053, -0.029
2017-04-20 10:09:25,498, 1492675765497970890, -0.206, -0.146, 0.058, 0.674, -1.056, 0.008
2017-04-20 10:09:25,500, 1492675765499987145, -0.202, -0.127, 0.074, 0.755, -1.108, -0.016
2017-04-20 10:09:25,502, 1492675765501934582, -0.183, -0.119, 0.069, 0.829, -1.092, 0.049
2017-04-20 10:09:25,504, 1492675765504012069, -0.211, -0.129, 0.024, 0.895, -1.142, 0.02
2017-04-20 10:09:25,506, 1492675765505958858, -0.201, -0.106, 0.063, 0.892, -1.16, 0.028
2017-04-20 10:09:25,509, 1492675765508983412, -0.187, -0.099, 0.089, 0.827, -1.15, -0.013
2017-04-20 10:09:25,510, 1492675765510753005, -0.168, -0.085, 0.086, 0.68, -1.073, -0.005
2017-04-20 10:09:25,512, 1492675765511972101, -0.203, -0.082, 0.06, 0.506, -1.129, -0.089
2017-04-20 10:09:25,514, 1492675765513963721, -0.203, -0.068, 0.086, 0.309, -1.089, -0.016
2017-04-20 10:09:25,516, 1492675765515978818, -0.193, -0.065, 0.069, 0.127, -1.018, -0.065
2017-04-20 10:09:25,522, 1492675765521996812, -0.178, -0.027, 0.086, -0.005, -0.91, -0.005
2017-04-20 10:09:25,524, 1492675765524191210, -0.181, -0.031, 0.093, 0.053, -0.891, -0.049
2017-04-20 10:09:25,526, 1492675765525970457, -0.197, -0.034, 0.093, 0.157, -0.872, -0.097
2017-04-20 10:09:25,528, 1492675765527958016, -0.202, -0.041, 0.082, 0.256, -0.871, -0.073
2017-04-20 10:09:25,529, 1492675765529861202, -0.196, -0.047, 0.084, 0.351, -0.862, -0.021
2017-04-20 10:09:25,531, 1492675765531867896, -0.178, -0.058, 0.098, 0.432, -0.86, 0.003
2017-04-20 10:09:25,533, 1492675765533849281, -0.205, -0.062, 0.101, 0.484, -0.923, 0.012
2017-04-20 10:09:25,535, 1492675765535911182, -0.2, -0.061, 0.095, 0.503, -0.951, 0.049
2017-04-20 10:09:25,537, 1492675765537856619, -0.182, -0.081, 0.096, 0.477, -0.94, -0.024
2017-04-20 10:09:25,540, 1492675765539936768, -0.173, -0.088, 0.123, 0.433, -0.976, -0.073
2017-04-20 10:09:25,541, 1492675765541862952, -0.177, -0.086, 0.135, 0.405, -0.987, -0.045
2017-04-20 10:09:25,543, 1492675765543872091, -0.204, -0.12, 0.105, 0.425, -1.022, -0.057
2017-04-20 10:09:25,545, 1492675765545830773, -0.228, -0.128, 0.074, 0.511, -1.11, 0.0
2017-04-20 10:09:25,547, 1492675765547901919, -0.19, -0.126, 0.099, 0.664, -1.089, 0.003
2017-04-20 10:09:25,549, 1492675765549833377, -0.158, -0.129, 0.12, 0.803, -1.001, -0.008
2017-04-20 10:09:25,551, 1492675765551880953, -0.164, -0.14, 0.085, 0.948, -1.05, 0.0
2017-04-20 10:09:25,556, 1492675765554184558, -0.178, -0.152, 0.067, 1.062, -1.034, -0.008
2017-04-20 10:09:25,556, 1492675765556052310, -0.222, -0.162, 0.06, 1.125, -1.042, -0.033
2017-04-20 10:09:25,558, 1492675765558269011, -0.22, -0.155, 0.061, 1.134, -1.077, -0.005
2017-04-20 10:09:25,560, 1492675765559980453, -0.192, -0.155, 0.06, 1.069, -0.996, 0.033
2017-04-20 10:09:25,562, 1492675765561975083, -0.195, -0.154, 0.077, 0.99, -1.012, 0.089
2017-04-20 10:09:25,563, 1492675765563869524, -0.209, -0.146, 0.087, 0.875, -1.051, 0.044
2017-04-20 10:09:25,565, 1492675765565840209, -0.205, -0.149, 0.088, 0.768, -1.051, 0.033
2017-04-20 10:09:25,568, 1492675765567895817, -0.215, -0.137, 0.072, 0.68, -1.095, 0.012
2017-04-20 10:09:25,569, 1492675765569869629, -0.223, -0.114, 0.069, 0.603, -1.103, -0.061
2017-04-20 10:09:25,571, 1492675765571875130, -0.21, -0.12, 0.106, 0.566, -1.097, -0.061
2017-04-20 10:09:25,573, 1492675765573852991, -0.214, -0.122, 0.098, 0.555, -1.16, -0.037
2017-04-20 10:09:25,576, 1492675765575877979, -0.237, -0.101, 0.065, 0.568, -1.209, -0.037
2017-04-20 10:09:25,577, 1492675765577850723, -0.247, -0.106, 0.068, 0.609, -1.274, -0.008
2017-04-20 10:09:25,579, 1492675765579855215, -0.229, -0.088, 0.099, 0.619, -1.297, -0.005
2017-04-20 10:09:25,581, 1492675765581794393, -0.213, -0.088, 0.09, 0.604, -1.289, -0.008
2017-04-20 10:09:25,583, 1492675765583911159, -0.213, -0.084, 0.091, 0.557, -1.283, -0.021
2017-04-20 10:09:25,585, 1492675765585853027, -0.227, -0.073, 0.103, 0.463, -1.327, -0.081
2017-04-20 10:09:25,587, 1492675765587873482, -0.24, -0.062, 0.11, 0.364, -1.341, -0.041
2017-04-20 10:09:25,595, 1492675765589953253, -0.237, -0.068, 0.074, 0.259, -1.334, -0.069
2017-04-20 10:09:25,595, 1492675765591895911, -0.231, -0.063, 0.106, 0.178, -1.311, -0.041
2017-04-20 10:09:25,595, 1492675765593876260, -0.215, -0.068, 0.142, 0.161, -1.282, -0.016
2017-04-20 10:09:25,602, 1492675765601975156, -0.227, -0.087, 0.067, 0.57, -1.165, -0.029
2017-04-20 10:09:25,603, 1492675765603750110, -0.196, -0.089, 0.037, 0.665, -1.128, -0.029
2017-04-20 10:09:25,605, 1492675765605829898, -0.208, -0.098, 0.015, 0.758, -1.106, 0.008
2017-04-20 10:09:25,607, 1492675765607833841, -0.195, -0.101, 0.044, 0.796, -1.082, 0.041
2017-04-20 10:09:25,614, 1492675765613979313, -0.158, -0.102, 0.002, 0.668, -0.93, 0.0
2017-04-20 10:09:25,615, 1492675765614965523, -0.162, -0.1, 0.026, 0.618, -0.902, -0.024
2017-04-20 10:09:25,617, 1492675765617843944, -0.162, -0.115, -0.004, 0.564, -0.86, -0.078
2017-04-20 10:09:25,619, 1492675765619811843, -0.151, -0.117, -0.005, 0.545, -0.834, -0.049
2017-04-20 10:09:25,621, 1492675765621899997, -0.153, -0.108, 0.015, 0.552, -0.8, -0.005
2017-04-20 10:09:25,623, 1492675765623873071, -0.153, -0.096, 0.001, 0.592, -0.758, -0.005
2017-04-20 10:09:25,625, 1492675765625868151, -0.135, -0.096, -0.01, 0.638, -0.718, -0.008
2017-04-20 10:09:25,628, 1492675765627950077, -0.142, -0.099, -0.013, 0.675, -0.686, 0.02
2017-04-20 10:09:25,629, 1492675765629842583, -0.142, -0.093, 0.002, 0.688, -0.678, 0.012
2017-04-20 10:09:25,632, 1492675765631935876, -0.144, -0.091, 0.007, 0.687, -0.659, -0.021
2017-04-20 10:09:25,634, 1492675765634127769, -0.136, -0.092, -0.002, 0.644, -0.639, -0.037
2017-04-20 10:09:25,635, 1492675765635872426, -0.132, -0.077, 0.007, 0.572, -0.633, 0.003
2017-04-20 10:09:25,637, 1492675765637808864, -0.131, -0.07, 0.028, 0.5, -0.626, 0.003
2017-04-20 10:09:25,639, 1492675765639828065, -0.123, -0.084, 0.011, 0.418, -0.639, 0.008
2017-04-20 10:09:25,641, 1492675765641834035, -0.133, -0.064, 0.004, 0.368, -0.64, 0.012
2017-04-20 10:09:25,643, 1492675765643849228, -0.135, -0.064, -0.003, 0.341, -0.647, 0.0
2017-04-20 10:09:25,645, 1492675765645852006, -0.13, -0.054, -0.011, 0.349, -0.659, -0.041
2017-04-20 10:09:25,647, 1492675765647827911, -0.131, -0.042, -0.029, 0.37, -0.669, -0.045
2017-04-20 10:09:25,649, 1492675765649853450, -0.125, -0.053, -0.021, 0.394, -0.696, -0.045
2017-04-20 10:09:25,651, 1492675765651822027, -0.118, -0.045, -0.022, 0.41, -0.724, -0.024
2017-04-20 10:09:25,653, 1492675765653872214, -0.143, -0.053, -0.035, 0.415, -0.746, -0.005
2017-04-20 10:09:25,655, 1492675765655861938, -0.136, -0.041, -0.041, 0.401, -0.77, 0.016
2017-04-20 10:09:25,661, 1492675765660736057, -0.14, -0.046, -0.037, 0.361, -0.781, 0.003
2017-04-20 10:09:25,662, 1492675765661950473, -0.153, -0.058, -0.049, 0.253, -0.832, -0.057
2017-04-20 10:09:25,664, 1492675765663971970, -0.148, -0.05, -0.048, 0.192, -0.854, 0.02
2017-04-20 10:09:25,666, 1492675765665945712, -0.155, -0.037, -0.059, 0.161, -0.872, 0.085
2017-04-20 10:09:25,668, 1492675765667964567, -0.161, -0.042, -0.042, 0.165, -0.879, 0.089
2017-04-20 10:09:25,670, 1492675765669973940, -0.148, -0.041, -0.048, 0.182, -0.871, 0.049
2017-04-20 10:09:25,672, 1492675765671935365, -0.149, -0.045, -0.076, 0.243, -0.858, 0.069
2017-04-20 10:09:25,674, 1492675765673913961, -0.17, -0.05, -0.052, 0.289, -0.851, 0.069
2017-04-20 10:09:25,677, 1492675765676926271, -0.165, -0.055, -0.06, 0.349, -0.831, 0.077
2017-04-20 10:09:25,678, 1492675765677953754, -0.156, -0.067, -0.05, 0.386, -0.796, 0.049
2017-04-20 10:09:25,680, 1492675765679964039, -0.138, -0.059, -0.056, 0.396, -0.772, 0.052
2017-04-20 10:09:25,682, 1492675765681950045, -0.15, -0.056, -0.043, 0.396, -0.756, 0.033
2017-04-20 10:09:25,684, 1492675765683958310, -0.151, -0.063, -0.041, 0.381, -0.731, 0.049
2017-04-20 10:09:25,686, 1492675765685943756, -0.135, -0.06, -0.054, 0.354, -0.709, 0.033
2017-04-20 10:09:25,688, 1492675765687973947, -0.126, -0.046, -0.051, 0.335, -0.686, 0.02
2017-04-20 10:09:25,692, 1492675765692381839, -0.119, -0.062, -0.023, 0.335, -0.653, -0.005
2017-04-20 10:09:25,694, 1492675765694004938, -0.119, -0.056, -0.065, 0.363, -0.626, -0.016
2017-04-20 10:09:25,696, 1492675765696027953, -0.11, -0.055, -0.076, 0.394, -0.6, -0.013
2017-04-20 10:09:25,698, 1492675765697982177, -0.101, -0.057, -0.071, 0.429, -0.573, -0.033
2017-04-20 10:09:25,699, 1492675765699734496, -0.089, -0.059, -0.028, 0.449, -0.56, -0.013
2017-04-20 10:09:25,701, 1492675765701000894, -0.104, -0.056, -0.025, 0.46, -0.563, -0.021
2017-04-20 10:09:25,702, 1492675765702738939, -0.115, -0.052, -0.079, 0.46, -0.577, -0.016
2017-04-20 10:09:25,704, 1492675765703973531, -0.13, -0.074, -0.078, 0.454, -0.584, 0.003
2017-04-20 10:09:25,706, 1492675765705964398, -0.113, -0.053, 0.007, 0.432, -0.569, 0.003
2017-04-20 10:09:25,708, 1492675765707985006, -0.105, -0.04, -0.001, 0.399, -0.569, -0.013
2017-04-20 10:09:25,710, 1492675765709989375, -0.111, -0.07, -0.075, 0.363, -0.579, -0.029
2017-04-20 10:09:25,712, 1492675765711989266, -0.129, -0.073, -0.055, 0.353, -0.629, -0.024
2017-04-20 10:09:25,714, 1492675765713965516, -0.138, -0.049, 0.005, 0.354, -0.664, -0.013
2017-04-20 10:09:25,716, 1492675765715988206, -0.111, -0.051, -0.034, 0.358, -0.642, 0.06
2017-04-20 10:09:25,718, 1492675765717958900, -0.104, -0.068, -0.09, 0.381, -0.658, 0.125
2017-04-20 10:09:25,720, 1492675765719974447, -0.142, -0.079, -0.034, 0.413, -0.732, 0.106
2017-04-20 10:09:25,730, 1492675765730693798, -0.146, -0.069, -0.027, 0.461, -0.752, 0.089
2017-04-20 10:09:25,732, 1492675765731998135, -0.136, -0.064, -0.124, 0.464, -0.702, 0.085
2017-04-20 10:09:25,734, 1492675765733952741, -0.139, -0.061, -0.088, 0.426, -0.688, 0.069
2017-04-20 10:09:25,736, 1492675765735976361, -0.141, -0.057, -0.02, 0.375, -0.687, 0.0
2017-04-20 10:09:25,738, 1492675765737955379, -0.117, -0.058, -0.043, 0.324, -0.654, 0.0
2017-04-20 10:09:25,740, 1492675765739966969, -0.11, -0.05, -0.097, 0.303, -0.635, 0.0
2017-04-20 10:09:25,742, 1492675765741948126, -0.121, -0.039, -0.047, 0.288, -0.654, -0.037
2017-04-20 10:09:25,744, 1492675765743979600, -0.134, -0.041, -0.022, 0.294, -0.654, -0.065
2017-04-20 10:09:25,746, 1492675765745935881, -0.118, -0.044, -0.061, 0.315, -0.628, -0.008
2017-04-20 10:09:25,748, 1492675765747957719, -0.106, -0.043, -0.062, 0.325, -0.629, -0.005
2017-04-20 10:09:25,750, 1492675765749973625, -0.121, -0.038, -0.015, 0.35, -0.659, 0.0
2017-04-20 10:09:25,752, 1492675765751989906, -0.131, -0.036, -0.034, 0.379, -0.669, 0.012
2017-04-20 10:09:25,754, 1492675765753927763, -0.132, -0.048, -0.067, 0.381, -0.672, 0.0
2017-04-20 10:09:25,756, 1492675765755993633, -0.143, -0.072, -0.05, 0.36, -0.674, -0.005
2017-04-20 10:09:25,758, 1492675765758426695, -0.13, -0.064, -0.027, 0.351, -0.686, 0.033
2017-04-20 10:09:25,760, 1492675765760337691, -0.134, -0.051, -0.058, 0.347, -0.69, 0.041
2017-04-20 10:09:25,766, 1492675765766188590, -0.123, -0.063, -0.045, 0.353, -0.688, 0.052
2017-04-20 10:09:25,768, 1492675765767987585, -0.126, -0.049, -0.077, 0.36, -0.679, 0.057
2017-04-20 10:09:25,770, 1492675765769948415, -0.129, -0.057, -0.067, 0.354, -0.676, 0.044
2017-04-20 10:09:25,772, 1492675765771966185, -0.138, -0.046, -0.062, 0.335, -0.69, 0.02
2017-04-20 10:09:25,774, 1492675765773975691, -0.138, -0.054, -0.076, 0.319, -0.689, 0.033
2017-04-20 10:09:25,776, 1492675765775996626, -0.137, -0.06, -0.078, 0.299, -0.67, 0.033
2017-04-20 10:09:25,778, 1492675765777929305, -0.127, -0.049, -0.04, 0.284, -0.662, 0.024
2017-04-20 10:09:25,780, 1492675765779992711, -0.128, -0.052, -0.053, 0.269, -0.657, 0.028
2017-04-20 10:09:25,782, 1492675765781942426, -0.121, -0.05, -0.076, 0.273, -0.659, 0.016
2017-04-20 10:09:25,784, 1492675765783964238, -0.135, -0.047, -0.066, 0.269, -0.663, 0.02
2017-04-20 10:09:25,786, 1492675765785964797, -0.128, -0.032, -0.049, 0.275, -0.668, 0.003
2017-04-20 10:09:25,788, 1492675765788208309, -0.124, -0.046, -0.079, 0.278, -0.657, 0.016
2017-04-20 10:09:25,795, 1492675765790970380, -0.127, -0.048, -0.05, 0.279, -0.663, 0.004
2017-04-20 10:09:25,795, 1492675765792987517, -0.116, -0.035, -0.039, 0.288, -0.677, 0.003
2017-04-20 10:09:25,798, 1492675765797872622, -0.135, -0.053, -0.067, 0.294, -0.674, 0.003
2017-04-20 10:09:25,799, 1492675765798958729, -0.126, -0.053, -0.054, 0.31, -0.684, 0.016
2017-04-20 10:09:25,801, 1492675765801825520, -0.143, -0.043, -0.073, 0.321, -0.694, 0.033
2017-04-20 10:09:25,803, 1492675765803856328, -0.142, -0.049, -0.079, 0.333, -0.706, 0.024
2017-04-20 10:09:25,809, 1492675765808971974, -0.131, -0.037, -0.064, 0.325, -0.709, 0.06
2017-04-20 10:09:25,811, 1492675765811113058, -0.141, -0.044, -0.082, 0.305, -0.707, 0.052
2017-04-20 10:09:25,813, 1492675765812923532, -0.128, -0.048, -0.061, 0.294, -0.714, 0.049
2017-04-20 10:09:25,814, 1492675765814849709, -0.133, -0.047, -0.053, 0.285, -0.703, 0.044
2017-04-20 10:09:25,816, 1492675765816815161, -0.122, -0.052, -0.071, 0.285, -0.686, 0.024
2017-04-20 10:09:25,821, 1492675765820974936, -0.142, -0.06, -0.056, 0.311, -0.68, 0.003
2017-04-20 10:09:25,822, 1492675765822762935, -0.142, -0.057, -0.064, 0.325, -0.68, -0.005
2017-04-20 10:09:25,824, 1492675765824059096, -0.126, -0.055, -0.081, 0.347, -0.678, -0.021
2017-04-20 10:09:25,830, 1492675765825841691, -0.133, -0.064, -0.075, 0.368, -0.68, -0.029
2017-04-20 10:09:25,830, 1492675765826982793, -0.146, -0.071, -0.075, 0.397, -0.693, -0.021
2017-04-20 10:09:25,833, 1492675765832339500, -0.149, -0.073, -0.069, 0.414, -0.705, -0.008
2017-04-20 10:09:25,834, 1492675765833921689, -0.176, -0.099, -0.092, 0.552, -0.826, 0.02
2017-04-20 10:09:25,836, 1492675765835960846, -0.186, -0.102, -0.098, 0.603, -0.876, 0.024
2017-04-20 10:09:25,838, 1492675765837986083, -0.192, -0.113, -0.099, 0.657, -0.931, 0.057
2017-04-20 10:09:25,840, 1492675765839964685, -0.189, -0.114, -0.109, 0.694, -0.971, 0.069
2017-04-20 10:09:25,844, 1492675765843993728, -0.203, -0.119, -0.115, 0.73, -1.076, 0.069
2017-04-20 10:09:25,846, 1492675765845927249, -0.204, -0.125, -0.118, 0.731, -1.102, 0.041
2017-04-20 10:09:25,847, 1492675765846988667, -0.213, -0.131, -0.114, 0.735, -1.124, 0.003
2017-04-20 10:09:25,849, 1492675765849484401, -0.22, -0.114, -0.119, 0.726, -1.136, 0.003
2017-04-20 10:09:25,851, 1492675765850990109, -0.213, -0.106, -0.115, 0.705, -1.168, -0.021
2017-04-20 10:09:25,852, 1492675765852801816, -0.215, -0.118, -0.112, 0.693, -1.181, -0.037
2017-04-20 10:09:25,854, 1492675765853966090, -0.213, -0.109, -0.123, 0.665, -1.224, -0.045
2017-04-20 10:09:25,856, 1492675765855935962, -0.224, -0.099, -0.117, 0.631, -1.247, 0.02
2017-04-20 10:09:25,861, 1492675765858068139, -0.224, -0.087, -0.126, 0.585, -1.258, 0.028
2017-04-20 10:09:25,861, 1492675765859964232, -0.212, -0.086, -0.107, 0.524, -1.253, 0.028
2017-04-20 10:09:25,865, 1492675765865172580, -0.205, -0.084, -0.112, 0.466, -1.227, 0.0
2017-04-20 10:09:25,867, 1492675765866955333, -0.205, -0.078, -0.107, 0.311, -1.15, -0.078
2017-04-20 10:09:25,869, 1492675765869065548, -0.208, -0.063, -0.125, 0.255, -1.118, -0.078
2017-04-20 10:09:25,871, 1492675765870930624, -0.199, -0.062, -0.128, 0.212, -1.064, -0.049
2017-04-20 10:09:25,878, 1492675765877993677, -0.162, -0.04, -0.123, 0.188, -0.857, -0.016
2017-04-20 10:09:25,880, 1492675765880222275, -0.166, -0.045, -0.137, 0.194, -0.8, -0.065
2017-04-20 10:09:25,882, 1492675765882008563, -0.187, -0.051, -0.134, 0.21, -0.745, -0.037
2017-04-20 10:09:25,884, 1492675765883853051, -0.164, -0.049, -0.121, 0.227, -0.708, -0.005
2017-04-20 10:09:25,886, 1492675765885973776, -0.161, -0.057, -0.133, 0.269, -0.643, 0.016
2017-04-20 10:09:25,888, 1492675765888007192, -0.147, -0.059, -0.145, 0.333, -0.615, 0.033
2017-04-20 10:09:25,890, 1492675765890008617, -0.119, -0.072, -0.137, 0.41, -0.542, 0.02
2017-04-20 10:09:25,891, 1492675765891817924, -0.118, -0.073, -0.149, 0.461, -0.486, 0.0
2017-04-20 10:09:25,893, 1492675765893858556, -0.106, -0.076, -0.129, 0.515, -0.466, -0.024
2017-04-20 10:09:25,896, 1492675765895980952, -0.121, -0.083, -0.145, 0.545, -0.441, -0.037
2017-04-20 10:09:25,898, 1492675765898469802, -0.131, -0.111, -0.128, 0.571, -0.443, 0.016
2017-04-20 10:09:25,900, 1492675765899953973, -0.142, -0.106, -0.119, 0.632, -0.44, 0.024
2017-04-20 10:09:25,901, 1492675765901884781, -0.13, -0.104, -0.132, 0.653, -0.429, 0.077
2017-04-20 10:09:25,904, 1492675765904156840, -0.109, -0.108, -0.105, 0.684, -0.424, 0.073
2017-04-20 10:09:25,910, 1492675765909986316, -0.161, -0.121, -0.139, 0.747, -0.568, -0.021
2017-04-20 10:09:25,912, 1492675765911829699, -0.154, -0.108, -0.108, 0.754, -0.605, -0.024
2017-04-20 10:09:25,913, 1492675765913849511, -0.141, -0.113, -0.098, 0.76, -0.653, -0.005
2017-04-20 10:09:25,915, 1492675765915783721, -0.151, -0.12, -0.091, 0.734, -0.713, 0.008
2017-04-20 10:09:25,917, 1492675765917835650, -0.184, -0.151, -0.132, 0.701, -0.878, 0.097
2017-04-20 10:09:25,919, 1492675765919820509, -0.216, -0.108, -0.147, 0.614, -0.951, 0.414
2017-04-20 10:09:25,921, 1492675765921872461, -0.229, -0.11, -0.194, 0.633, -1.073, 0.604
2017-04-20 10:09:25,924, 1492675765923902884, -0.211, -0.09, -0.167, 0.609, -1.039, 0.572
2017-04-20 10:09:25,925, 1492675765925854327, -0.218, -0.072, -0.162, 0.574, -1.025, 0.576
2017-04-20 10:09:25,928, 1492675765928208453, -0.257, -0.109, -0.171, 0.631, -1.082, 0.609
2017-04-20 10:09:25,930, 1492675765929973346, -0.275, -0.077, -0.192, 0.679, -1.042, 0.576
2017-04-20 10:09:25,932, 1492675765932035575, -0.239, -0.048, -0.201, 0.677, -0.935, 0.422
2017-04-20 10:09:25,936, 1492675765936808247, -0.229, -0.067, -0.161, 0.629, -0.844, 0.304
2017-04-20 10:09:25,939, 1492675765938887265, -0.154, -0.034, -0.191, 0.436, -0.611, 0.276
2017-04-20 10:09:25,940, 1492675765940024417, -0.153, -0.034, -0.19, 0.364, -0.529, 0.203
2017-04-20 10:09:25,943, 1492675765942947104, -0.149, -0.029, -0.155, 0.259, -0.494, 0.268
2017-04-20 10:09:25,944, 1492675765943983758, -0.133, -0.024, -0.193, 0.233, -0.456, 0.215
2017-04-20 10:09:25,946, 1492675765945944371, -0.119, -0.035, -0.24, 0.209, -0.362, 0.125
2017-04-20 10:09:25,948, 1492675765947956338, -0.072, -0.026, -0.182, 0.204, -0.262, 0.154
2017-04-20 10:09:25,950, 1492675765949964227, -0.052, 0.0, -0.148, 0.218, -0.173, 0.13
2017-04-20 10:09:25,952, 1492675765952027680, -0.058, -0.009, -0.245, 0.245, -0.108, 0.114
2017-04-20 10:09:25,954, 1492675765954808622, -0.088, -0.041, -0.22, 0.259, -0.115, 0.203
2017-04-20 10:09:25,956, 1492675765955973591, -0.094, -0.028, -0.139, 0.27, -0.111, 0.195
2017-04-20 10:09:25,958, 1492675765957939105, -0.1, -0.033, -0.189, 0.302, -0.089, 0.179
2017-04-20 10:09:25,960, 1492675765960790945, -0.097, -0.035, -0.265, 0.346, -0.083, 0.231
2017-04-20 10:09:25,964, 1492675765963984797, -0.129, -0.054, -0.146, 0.32, -0.156, 0.401
2017-04-20 10:09:25,968, 1492675765965918314, -0.141, -0.062, -0.171, 0.321, -0.258, 0.523
2017-04-20 10:09:25,969, 1492675765967979415, -0.11, -0.037, -0.298, 0.309, -0.206, 0.511
2017-04-20 10:09:25,969, 1492675765969808130, -0.092, -0.021, -0.237, 0.323, -0.231, 0.531
2017-04-20 10:09:25,970, 1492675765970910779, -0.085, -0.013, -0.179, 0.271, -0.26, 0.523
2017-04-20 10:09:25,972, 1492675765971951557, -0.093, -0.023, -0.18, 0.232, -0.255, 0.515
2017-04-20 10:09:25,974, 1492675765973943841, -0.105, -0.034, -0.317, 0.162, -0.261, 0.592
2017-04-20 10:09:25,976, 1492675765976221990, -0.076, -0.019, -0.308, 0.076, -0.147, 0.576
2017-04-20 10:09:25,978, 1492675765977928806, -0.076, 0.023, -0.228, 0.094, -0.111, 0.438
2017-04-20 10:09:25,980, 1492675765979991950, -0.045, 0.03, -0.266, 0.054, 0.035, 0.43
2017-04-20 10:09:25,982, 1492675765981937077, -0.031, 0.013, -0.354, 0.06, 0.127, 0.479
2017-04-20 10:09:25,984, 1492675765984812951, -0.059, 0.006, -0.246, 0.087, 0.153, 0.434
2017-04-20 10:09:25,986, 1492675765986862246, -0.066, 0.028, -0.265, 0.101, 0.176, 0.409
2017-04-20 10:09:25,988, 1492675765987991032, -0.055, 0.043, -0.376, 0.077, 0.227, 0.365
2017-04-20 10:09:25,990, 1492675765989943425, -0.029, 0.047, -0.328, -0.038, 0.284, 0.458
2017-04-20 10:09:25,992, 1492675765992592094, -0.069, 0.036, -0.194, -0.15, 0.175, 0.523
2017-04-20 10:09:25,994, 1492675765993941878, -0.037, 0.064, -0.26, -0.237, 0.228, 0.507
2017-04-20 10:09:25,996, 1492675765995951501, -0.002, 0.081, -0.333, -0.261, 0.245, 0.503
2017-04-20 10:09:26,006, 1492675766006709538, 0.002, 0.058, -0.245, -0.478, 0.315, 0.592
2017-04-20 10:09:26,008, 1492675766008243140, 0.024, 0.088, -0.223, -0.49, 0.447, 0.466
2017-04-20 10:09:26,012, 1492675766012790380, -0.001, 0.046, -0.261, -0.538, 0.546, 0.45
2017-04-20 10:09:26,014, 1492675766013970055, -0.02, 0.081, -0.236, -0.529, 0.5, 0.503
2017-04-20 10:09:26,016, 1492675766015954818, 0.002, 0.087, -0.361, -0.541, 0.564, 0.381
2017-04-20 10:09:26,018, 1492675766017968622, 0.038, 0.111, -0.367, -0.591, 0.625, 0.442
2017-04-20 10:09:26,020, 1492675766019939947, 0.042, 0.11, -0.243, -0.701, 0.624, 0.45
2017-04-20 10:09:26,022, 1492675766021978296, 0.074, 0.129, -0.278, -0.813, 0.729, 0.471
2017-04-20 10:09:26,024, 1492675766023967932, 0.072, 0.172, -0.381, -0.895, 0.747, 0.373
2017-04-20 10:09:26,026, 1492675766025975224, 0.047, 0.195, -0.269, -0.965, 0.804, 0.442
2017-04-20 10:09:26,028, 1492675766027925327, 0.097, 0.204, -0.304, -1.019, 0.874, 0.333
2017-04-20 10:09:26,030, 1492675766029994175, 0.108, 0.183, -0.341, -1.036, 0.965, 0.325
2017-04-20 10:09:26,032, 1492675766031944461, 0.111, 0.161, -0.255, -1.066, 1.024, 0.406
2017-04-20 10:09:26,038, 1492675766037991822, 0.093, 0.164, -0.309, -0.977, 0.996, 0.317
2017-04-20 10:09:26,040, 1492675766040133736, 0.078, 0.155, -0.277, -0.974, 0.978, 0.317
2017-04-20 10:09:26,042, 1492675766042063775, 0.139, 0.11, -0.339, -0.935, 1.031, 0.462
2017-04-20 10:09:26,043, 1492675766043861805, 0.194, 0.139, -0.326, -0.943, 1.103, 0.36
2017-04-20 10:09:26,049, 1492675766049030279, 0.097, 0.12, -0.374, -1.021, 1.173, 0.401
2017-04-20 10:09:26,050, 1492675766050852521, 0.103, 0.136, -0.397, -1.0, 1.198, 0.312
2017-04-20 10:09:26,052, 1492675766052891356, 0.098, 0.152, -0.362, -1.03, 1.262, 0.365
2017-04-20 10:09:26,054, 1492675766054896483, 0.128, 0.147, -0.37, -1.003, 1.357, 0.357
2017-04-20 10:09:26,057, 1492675766056924263, 0.132, 0.169, -0.371, -0.994, 1.373, 0.414
2017-04-20 10:09:26,058, 1492675766058862541, 0.106, 0.194, -0.383, -1.018, 1.339, 0.39
2017-04-20 10:09:26,060, 1492675766060897728, 0.126, 0.21, -0.359, -1.028, 1.36, 0.401
2017-04-20 10:09:26,062, 1492675766062874445, 0.133, 0.238, -0.315, -1.079, 1.281, 0.434
2017-04-20 10:09:26,072, 1492675766068621622, 0.184, 0.259, -0.327, -1.176, 1.34, 0.426
2017-04-20 10:09:26,074, 1492675766073956730, 0.211, 0.208, -0.305, -1.325, 1.532, 0.26
2017-04-20 10:09:26,075, 1492675766075770752, 0.253, 0.202, -0.355, -1.253, 1.531, 0.211
2017-04-20 10:09:26,077, 1492675766077795347, 0.237, 0.176, -0.332, -1.203, 1.604, 0.292
2017-04-20 10:09:26,080, 1492675766080015546, 0.238, 0.145, -0.309, -1.095, 1.552, 0.369
2017-04-20 10:09:26,081, 1492675766081810615, 0.218, 0.202, -0.228, -1.016, 1.497, 0.345
2017-04-20 10:09:26,083, 1492675766083825706, 0.19, 0.208, -0.229, -0.935, 1.478, 0.373
2017-04-20 10:09:26,085, 1492675766085800381, 0.185, 0.191, -0.27, -0.822, 1.429, 0.26
2017-04-20 10:09:26,087, 1492675766087823967, 0.188, 0.186, -0.207, -0.926, 1.59, 0.211
2017-04-20 10:09:26,089, 1492675766089818716, 0.173, 0.167, -0.181, -1.08, 1.626, 0.406
2017-04-20 10:09:26,091, 1492675766091837382, 0.168, 0.176, -0.177, -1.206, 1.72, 0.406
2017-04-20 10:09:26,093, 1492675766093785782, 0.195, 0.204, -0.178, -1.4, 1.899, 0.312
2017-04-20 10:09:26,095, 1492675766095861572, 0.22, 0.244, -0.16, -1.465, 1.964, 0.141
2017-04-20 10:09:26,100, 1492675766100357705, 0.228, 0.252, -0.125, -1.398, 1.984, 0.203
2017-04-20 10:09:26,106, 1492675766105991052, 0.215, 0.196, -0.268, -0.797, 1.716, 0.279
2017-04-20 10:09:26,107, 1492675766107764480, 0.236, 0.236, -0.291, -0.77, 1.747, 0.279
2017-04-20 10:09:26,109, 1492675766109873782, 0.268, 0.211, -0.219, -0.812, 1.758, 0.385
2017-04-20 10:09:26,111, 1492675766111843131, 0.272, 0.219, -0.172, -0.896, 1.762, 0.279
2017-04-20 10:09:26,114, 1492675766113858698, 0.277, 0.235, -0.275, -1.016, 1.864, 0.211
2017-04-20 10:09:26,116, 1492675766115930632, 0.27, 0.268, -0.296, -1.105, 1.901, 0.255
2017-04-20 10:09:26,117, 1492675766117860912, 0.248, 0.287, -0.161, -1.262, 1.974, 0.309
2017-04-20 10:09:26,119, 1492675766119841346, 0.252, 0.255, -0.243, -1.39, 1.993, 0.304
2017-04-20 10:09:26,122, 1492675766122110933, 0.268, 0.248, -0.275, -1.428, 2.094, 0.292
2017-04-20 10:09:26,123, 1492675766123897054, 0.265, 0.288, -0.179, -1.366, 2.045, 0.3
2017-04-20 10:09:26,125, 1492675766125866233, 0.25, 0.271, -0.162, -1.289, 2.04, 0.243
2017-04-20 10:09:26,128, 1492675766127910533, 0.238, 0.223, -0.26, -1.221, 1.963, 0.276
2017-04-20 10:09:26,129, 1492675766129860744, 0.206, 0.188, -0.195, -1.155, 1.895, 0.215
2017-04-20 10:09:26,132, 1492675766131929671, 0.189, 0.188, -0.154, -1.089, 1.788, 0.263
2017-04-20 10:09:26,140, 1492675766140375628, 0.243, 0.195, -0.184, -1.113, 1.768, 0.263
2017-04-20 10:09:26,142, 1492675766142006809, 0.287, 0.211, -0.208, -1.242, 1.902, 0.26
2017-04-20 10:09:26,144, 1492675766143966681, 0.292, 0.217, -0.188, -1.205, 1.921, 0.198
2017-04-20 10:09:26,146, 1492675766145952811, 0.274, 0.214, -0.162, -1.177, 1.906, 0.141
2017-04-20 10:09:26,148, 1492675766147951234, 0.282, 0.247, -0.237, -1.226, 1.976, 0.125
2017-04-20 10:09:26,150, 1492675766149929314, 0.279, 0.23, -0.214, -1.234, 1.997, 0.15
2017-04-20 10:09:26,152, 1492675766151955926, 0.24, 0.243, -0.142, -1.262, 1.975, 0.138
2017-04-20 10:09:26,154, 1492675766153927285, 0.241, 0.245, -0.195, -1.296, 2.009, 0.105
2017-04-20 10:09:26,156, 1492675766155967084, 0.252, 0.258, -0.238, -1.314, 2.015, 0.15
2017-04-20 10:09:26,158, 1492675766157940382, 0.247, 0.271, -0.18, -1.338, 1.992, 0.174
2017-04-20 10:09:26,160, 1492675766159976601, 0.232, 0.249, -0.145, -1.36, 1.984, 0.158
2017-04-20 10:09:26,162, 1492675766161990512, 0.226, 0.251, -0.165, -1.388, 1.977, 0.171
2017-04-20 10:09:26,164, 1492675766163978206, 0.222, 0.234, -0.134, -1.375, 1.94, 0.19
2017-04-20 10:09:26,166, 1492675766165956677, 0.242, 0.233, -0.096, -1.32, 1.945, 0.089
2017-04-20 10:09:26,168, 1492675766167971469, 0.259, 0.221, -0.103, -1.229, 1.936, -0.005
2017-04-20 10:09:26,172, 1492675766171973325, 0.287, 0.229, -0.079, -1.126, 1.902, 0.073
2017-04-20 10:09:26,174, 1492675766173888614, 0.28, 0.197, -0.113, -1.11, 1.881, 0.024
2017-04-20 10:09:26,175, 1492675766174943928, 0.244, 0.183, -0.127, -1.096, 1.794, 0.024
2017-04-20 10:09:26,177, 1492675766176912953, 0.22, 0.183, -0.116, -1.091, 1.764, 0.044
2017-04-20 10:09:26,178, 1492675766178032712, 0.269, 0.207, -0.107, -1.111, 1.839, 0.081
2017-04-20 10:09:26,180, 1492675766179962552, 0.312, 0.238, -0.124, -1.166, 1.937, 0.077
2017-04-20 10:09:26,182, 1492675766181932021, 0.27, 0.205, -0.115, -1.266, 1.905, 0.02
2017-04-20 10:09:26,184, 1492675766183970132, 0.224, 0.205, -0.064, -1.324, 1.866, 0.052
2017-04-20 10:09:26,186, 1492675766185942361, 0.252, 0.242, -0.095, -1.323, 1.958, 0.065
2017-04-20 10:09:26,188, 1492675766187948545, 0.282, 0.277, -0.128, -1.339, 2.034, 0.024
2017-04-20 10:09:26,190, 1492675766189960220, 0.256, 0.254, -0.083, -1.35, 2.005, 0.008
2017-04-20 10:09:26,192, 1492675766191986791, 0.219, 0.226, -0.072, -1.355, 1.959, 0.065
2017-04-20 10:09:26,194, 1492675766193953004, 0.226, 0.234, -0.141, -1.334, 1.951, 0.097
2017-04-20 10:09:26,196, 1492675766196009949, 0.241, 0.251, -0.122, -1.293, 1.926, 0.077
2017-04-20 10:09:26,198, 1492675766197956057, 0.216, 0.253, -0.097, -1.247, 1.835, 0.073
2017-04-20 10:09:26,200, 1492675766200031736, 0.217, 0.213, -0.127, -1.222, 1.797, 0.089
2017-04-20 10:09:26,209, 1492675766204876119, 0.215, 0.191, -0.117, -1.209, 1.765, 0.109
2017-04-20 10:09:26,210, 1492675766207993302, 0.216, 0.2, -0.095, -1.218, 1.783, 0.052
2017-04-20 10:09:26,211, 1492675766210100487, 0.23, 0.201, -0.042, -1.248, 1.844, 0.049
2017-04-20 10:09:26,212, 1492675766211947682, 0.256, 0.205, -0.068, -1.276, 1.907, 0.073
2017-04-20 10:09:26,213, 1492675766212942342, 0.258, 0.211, -0.088, -1.29, 1.966, 0.06
2017-04-20 10:09:26,214, 1492675766213963636, 0.264, 0.205, -0.076, -1.29, 1.974, 0.033
2017-04-20 10:09:26,216, 1492675766216720661, 0.243, 0.213, -0.034, -1.254, 1.952, 0.052
2017-04-20 10:09:26,218, 1492675766217979075, 0.254, 0.235, -0.042, -1.252, 2.007, 0.033
2017-04-20 10:09:26,220, 1492675766220764867, 0.273, 0.232, -0.053, -1.256, 2.01, 0.044
2017-04-20 10:09:26,225, 1492675766224986006, 0.231, 0.222, -0.028, -1.234, 1.9, 0.097
2017-04-20 10:09:26,226, 1492675766226755764, 0.241, 0.227, -0.065, -1.197, 1.853, 0.114
2017-04-20 10:09:26,228, 1492675766228848180, 0.251, 0.226, -0.08, -1.147, 1.83, 0.073
2017-04-20 10:09:26,230, 1492675766230837666, 0.235, 0.188, -0.037, -1.122, 1.769, 0.101
2017-04-20 10:09:26,232, 1492675766232842522, 0.214, 0.168, -0.05, -1.118, 1.729, 0.13
2017-04-20 10:09:26,241, 1492675766240337103, 0.221, 0.177, -0.042, -1.095, 1.798, 0.044
2017-04-20 10:09:26,242, 1492675766241965329, 0.209, 0.165, -0.06, -1.067, 1.835, 0.093
2017-04-20 10:09:26,244, 1492675766243933146, 0.233, 0.173, -0.06, -1.052, 1.866, 0.13
2017-04-20 10:09:26,246, 1492675766245953744, 0.221, 0.179, -0.084, -1.021, 1.865, 0.109
2017-04-20 10:09:26,248, 1492675766248081084, 0.215, 0.168, -0.102, -1.002, 1.825, 0.093
2017-04-20 10:09:26,250, 1492675766249976717, 0.192, 0.172, -0.079, -0.989, 1.79, 0.101
2017-04-20 10:09:26,252, 1492675766251953858, 0.21, 0.18, -0.1, -0.985, 1.78, 0.125
2017-04-20 10:09:26,254, 1492675766253989611, 0.209, 0.176, -0.089, -0.975, 1.756, 0.141
2017-04-20 10:09:26,256, 1492675766255949350, 0.193, 0.172, -0.073, -0.974, 1.715, 0.15
2017-04-20 10:09:26,258, 1492675766257954554, 0.191, 0.17, -0.081, -0.953, 1.681, 0.158
2017-04-20 10:09:26,260, 1492675766259951835, 0.173, 0.176, -0.102, -0.922, 1.674, 0.158
2017-04-20 10:09:26,262, 1492675766261974818, 0.174, 0.148, -0.068, -0.898, 1.672, 0.15
2017-04-20 10:09:26,264, 1492675766263977179, 0.167, 0.147, -0.078, -0.873, 1.676, 0.133
2017-04-20 10:09:26,266, 1492675766265952972, 0.171, 0.137, -0.058, -0.856, 1.692, 0.141
2017-04-20 10:09:26,268, 1492675766267925002, 0.184, 0.142, -0.073, -0.849, 1.706, 0.117
2017-04-20 10:09:26,270, 1492675766269964481, 0.17, 0.144, -0.058, -0.839, 1.726, 0.097
2017-04-20 10:09:26,272, 1492675766271942337, 0.175, 0.125, -0.047, -0.854, 1.719, 0.114
2017-04-20 10:09:26,277, 1492675766276886542, 0.169, 0.136, -0.04, -0.866, 1.71, 0.13
2017-04-20 10:09:26,278, 1492675766277935758, 0.173, 0.136, -0.053, -0.866, 1.685, 0.13
2017-04-20 10:09:26,280, 1492675766279955265, 0.169, 0.146, -0.058, -0.85, 1.653, 0.154
2017-04-20 10:09:26,282, 1492675766282080614, 0.174, 0.155, -0.05, -0.823, 1.627, 0.141
2017-04-20 10:09:26,284, 1492675766283968511, 0.169, 0.148, -0.046, -0.795, 1.606, 0.15
2017-04-20 10:09:26,286, 1492675766286717207, 0.18, 0.153, -0.066, -0.761, 1.588, 0.154
2017-04-20 10:09:26,288, 1492675766288046625, 0.172, 0.158, -0.064, -0.722, 1.571, 0.19
2017-04-20 10:09:26,297, 1492675766296907488, 0.165, 0.132, -0.056, -0.706, 1.513, 0.138
2017-04-20 10:09:26,298, 1492675766297963478, 0.163, 0.128, -0.06, -0.718, 1.509, 0.138
2017-04-20 10:09:26,300, 1492675766300729194, 0.165, 0.112, -0.05, -0.733, 1.513, 0.154
2017-04-20 10:09:26,308, 1492675766308683051, 0.151, 0.113, -0.062, -0.71, 1.484, 0.15
2017-04-20 10:09:26,310, 1492675766309935637, 0.144, 0.099, -0.074, -0.653, 1.458, 0.125
2017-04-20 10:09:26,312, 1492675766312034671, 0.157, 0.104, -0.062, -0.622, 1.434, 0.109
2017-04-20 10:09:26,314, 1492675766313935292, 0.143, 0.103, -0.064, -0.602, 1.41, 0.138
2017-04-20 10:09:26,316, 1492675766315992793, 0.145, 0.108, -0.077, -0.579, 1.376, 0.182
2017-04-20 10:09:26,318, 1492675766317930420, 0.139, 0.117, -0.096, -0.553, 1.347, 0.174
2017-04-20 10:09:26,320, 1492675766320319857, 0.158, 0.112, -0.09, -0.545, 1.321, 0.187
2017-04-20 10:09:26,322, 1492675766321933838, 0.16, 0.121, -0.086, -0.527, 1.303, 0.203
2017-04-20 10:09:26,324, 1492675766323977246, 0.144, 0.114, -0.105, -0.506, 1.291, 0.203
2017-04-20 10:09:26,326, 1492675766325929540, 0.135, 0.121, -0.112, -0.485, 1.282, 0.19
2017-04-20 10:09:26,328, 1492675766327973690, 0.146, 0.116, -0.06, -0.477, 1.284, 0.195
2017-04-20 10:09:26,334, 1492675766333927367, 0.123, 0.09, -0.081, -0.558, 1.309, 0.171
2017-04-20 10:09:26,335, 1492675766334952880, 0.126, 0.127, 0.009, -0.577, 1.332, 0.179
2017-04-20 10:09:26,342, 1492675766340440486, 0.153, 0.137, -0.024, -0.616, 1.389, 0.154
2017-04-20 10:09:26,342, 1492675766341999836, 0.128, 0.103, 0.019, -0.671, 1.343, 0.125
2017-04-20 10:09:26,344, 1492675766343933193, 0.136, 0.109, -0.023, -0.651, 1.348, 0.13
2017-04-20 10:09:26,346, 1492675766345972062, 0.16, 0.133, -0.079, -0.616, 1.379, 0.093
2017-04-20 10:09:26,348, 1492675766347942168, 0.163, 0.106, -0.007, -0.559, 1.336, 0.093
2017-04-20 10:09:26,350, 1492675766349991952, 0.134, 0.096, -0.004, -0.506, 1.285, 0.101
2017-04-20 10:09:26,352, 1492675766351949846, 0.14, 0.082, -0.094, -0.445, 1.264, 0.138
2017-04-20 10:09:26,354, 1492675766353945377, 0.143, 0.092, -0.085, -0.404, 1.256, 0.158
2017-04-20 10:09:26,355, 1492675766355916313, 0.148, 0.091, -0.053, -0.384, 1.219, 0.19
2017-04-20 10:09:26,358, 1492675766357963111, 0.14, 0.069, -0.084, -0.373, 1.203, 0.211
2017-04-20 10:09:26,360, 1492675766359937630, 0.144, 0.079, -0.101, -0.379, 1.195, 0.243
2017-04-20 10:09:26,362, 1492675766362871024, 0.137, 0.086, -0.066, -0.414, 1.206, 0.211
2017-04-20 10:09:26,364, 1492675766363934543, 0.132, 0.079, -0.087, -0.406, 1.202, 0.19
2017-04-20 10:09:26,366, 1492675766365964054, 0.13, 0.081, -0.108, -0.414, 1.225, 0.198
2017-04-20 10:09:26,368, 1492675766368107230, 0.148, 0.09, -0.081, -0.445, 1.275, 0.187
2017-04-20 10:09:26,370, 1492675766370024892, 0.15, 0.093, -0.071, -0.467, 1.298, 0.162
2017-04-20 10:09:26,372, 1492675766371945366, 0.153, 0.097, -0.088, -0.456, 1.315, 0.125
2017-04-20 10:09:26,376, 1492675766375997891, 0.132, 0.113, -0.058, -0.415, 1.333, 0.117
2017-04-20 10:09:26,378, 1492675766378033832, 0.151, 0.108, -0.049, -0.397, 1.339, 0.114
2017-04-20 10:09:26,379, 1492675766379871207, 0.149, 0.107, -0.064, -0.363, 1.305, 0.114
2017-04-20 10:09:26,382, 1492675766381899204, 0.151, 0.107, -0.04, -0.337, 1.276, 0.13
2017-04-20 10:09:26,386, 1492675766385950800, 0.135, 0.096, -0.062, -0.321, 1.205, 0.162
2017-04-20 10:09:26,387, 1492675766386942575, 0.127, 0.091, -0.045, -0.328, 1.167, 0.198
2017-04-20 10:09:26,389, 1492675766389811265, 0.121, 0.073, -0.043, -0.338, 1.154, 0.227
2017-04-20 10:09:26,393, 1492675766391884858, 0.136, 0.074, -0.059, -0.352, 1.15, 0.219
2017-04-20 10:09:26,394, 1492675766393953711, 0.12, 0.075, -0.043, -0.366, 1.136, 0.219
2017-04-20 10:09:26,395, 1492675766395763656, 0.109, 0.076, -0.029, -0.369, 1.128, 0.223
2017-04-20 10:09:26,397, 1492675766396986293, 0.11, 0.079, -0.044, -0.386, 1.153, 0.235
2017-04-20 10:09:26,400, 1492675766400092918, 0.122, 0.087, -0.044, -0.406, 1.175, 0.215
2017-04-20 10:09:26,402, 1492675766401928812, 0.124, 0.088, -0.031, -0.415, 1.191, 0.19
2017-04-20 10:09:26,404, 1492675766403941241, 0.13, 0.079, -0.041, -0.415, 1.225, 0.182
2017-04-20 10:09:26,406, 1492675766405988615, 0.133, 0.085, -0.057, -0.422, 1.243, 0.138
2017-04-20 10:09:26,407, 1492675766407752077, 0.138, 0.097, -0.048, -0.421, 1.242, 0.105
2017-04-20 10:09:26,412, 1492675766412365013, 0.142, 0.101, -0.059, -0.413, 1.252, 0.105
2017-04-20 10:09:26,414, 1492675766413914947, 0.147, 0.087, -0.068, -0.404, 1.235, 0.085
2017-04-20 10:09:26,416, 1492675766415981722, 0.146, 0.091, -0.066, -0.39, 1.215, 0.101
2017-04-20 10:09:26,418, 1492675766417962399, 0.149, 0.093, -0.079, -0.362, 1.195, 0.141
2017-04-20 10:09:26,420, 1492675766420164865, 0.13, 0.093, -0.072, -0.34, 1.18, 0.166
2017-04-20 10:09:26,423, 1492675766422999552, 0.14, 0.089, -0.1, -0.319, 1.155, 0.162
2017-04-20 10:09:26,426, 1492675766425986923, 0.152, 0.089, -0.096, -0.326, 1.146, 0.195
2017-04-20 10:09:26,427, 1492675766427829412, 0.123, 0.094, -0.07, -0.34, 1.127, 0.198
2017-04-20 10:09:26,429, 1492675766428991034, 0.132, 0.102, -0.08, -0.363, 1.141, 0.211
2017-04-20 10:09:26,431, 1492675766431033897, 0.132, 0.092, -0.075, -0.379, 1.151, 0.223
2017-04-20 10:09:26,433, 1492675766432897406, 0.136, 0.087, -0.063, -0.402, 1.156, 0.219
2017-04-20 10:09:26,434, 1492675766433956599, 0.127, 0.104, -0.044, -0.414, 1.167, 0.19
2017-04-20 10:09:26,436, 1492675766435945833, 0.122, 0.096, -0.053, -0.42, 1.185, 0.171
2017-04-20 10:09:26,438, 1492675766437922343, 0.129, 0.09, -0.063, -0.422, 1.198, 0.19
2017-04-20 10:09:26,440, 1492675766439977359, 0.128, 0.089, -0.04, -0.424, 1.202, 0.187
2017-04-20 10:09:26,444, 1492675766444833975, 0.143, 0.091, -0.034, -0.406, 1.209, 0.171
2017-04-20 10:09:26,446, 1492675766445947351, 0.148, 0.096, -0.054, -0.344, 1.219, 0.174
2017-04-20 10:09:26,448, 1492675766447948129, 0.152, 0.084, -0.05, -0.332, 1.214, 0.158
2017-04-20 10:09:26,451, 1492675766450975429, 0.152, 0.101, -0.052, -0.325, 1.208, 0.158
2017-04-20 10:09:26,453, 1492675766453374222, 0.152, 0.089, -0.064, -0.336, 1.212, 0.15
2017-04-20 10:09:26,455, 1492675766454962739, 0.14, 0.087, -0.057, -0.343, 1.208, 0.154
2017-04-20 10:09:26,456, 1492675766456389352, 0.14, 0.094, -0.047, -0.355, 1.201, 0.15
2017-04-20 10:09:26,458, 1492675766457982064, 0.146, 0.081, -0.065, -0.372, 1.197, 0.158
2017-04-20 10:09:26,460, 1492675766459929976, 0.123, 0.075, -0.067, -0.379, 1.184, 0.166
2017-04-20 10:09:26,462, 1492675766461977764, 0.121, 0.073, -0.057, -0.358, 1.154, 0.162
2017-04-20 10:09:26,464, 1492675766464003711, 0.093, 0.068, -0.071, -0.334, 1.139, 0.195
2017-04-20 10:09:26,466, 1492675766465988682, 0.103, 0.075, -0.088, -0.304, 1.11, 0.207
2017-04-20 10:09:26,468, 1492675766467951639, 0.101, 0.063, -0.08, -0.269, 1.089, 0.235
2017-04-20 10:09:26,470, 1492675766469963266, 0.094, 0.044, -0.069, -0.233, 1.062, 0.239
2017-04-20 10:09:26,477, 1492675766473231539, 0.077, 0.044, -0.095, -0.197, 1.042, 0.26
2017-04-20 10:09:26,477, 1492675766475239194, 0.076, 0.045, -0.112, -0.161, 1.021, 0.247
2017-04-20 10:09:26,478, 1492675766477537514, 0.073, 0.031, -0.105, -0.147, 1.015, 0.247
2017-04-20 10:09:26,483, 1492675766482980481, 0.106, 0.048, -0.1, -0.115, 1.056, 0.207
2017-04-20 10:09:26,484, 1492675766484814403, 0.108, 0.052, -0.099, -0.116, 1.068, 0.198
2017-04-20 10:09:26,486, 1492675766486888762, 0.109, 0.048, -0.099, -0.124, 1.089, 0.171
2017-04-20 10:09:26,488, 1492675766488825372, 0.096, 0.049, -0.101, -0.126, 1.105, 0.158
2017-04-20 10:09:26,490, 1492675766490864139, 0.107, 0.055, -0.109, -0.13, 1.123, 0.133
2017-04-20 10:09:26,492, 1492675766492879878, 0.104, 0.072, -0.091, -0.118, 1.137, 0.141
2017-04-20 10:09:26,494, 1492675766494880475, 0.121, 0.069, -0.085, -0.126, 1.136, 0.154
2017-04-20 10:09:26,496, 1492675766496837809, 0.101, 0.06, -0.1, -0.126, 1.124, 0.158
2017-04-20 10:09:26,498, 1492675766498826970, 0.09, 0.048, -0.094, -0.131, 1.114, 0.171
2017-04-20 10:09:26,500, 1492675766500804450, 0.095, 0.053, -0.098, -0.139, 1.092, 0.198
2017-04-20 10:09:26,502, 1492675766502853294, 0.09, 0.042, -0.119, -0.152, 1.078, 0.231
2017-04-20 10:09:26,504, 1492675766504834164, 0.097, 0.049, -0.133, -0.17, 1.063, 0.231
2017-04-20 10:09:26,506, 1492675766506884170, 0.074, 0.03, -0.138, -0.179, 1.024, 0.263
2017-04-20 10:09:26,508, 1492675766508892841, 0.08, 0.037, -0.148, -0.182, 1.021, 0.26
2017-04-20 10:09:26,510, 1492675766510905728, 0.076, 0.039, -0.171, -0.162, 1.011, 0.268
2017-04-20 10:09:26,516, 1492675766516430967, 0.079, 0.032, -0.16, -0.146, 1.001, 0.252
2017-04-20 10:09:26,518, 1492675766517981449, 0.103, 0.06, -0.174, -0.105, 1.038, 0.276
2017-04-20 10:09:26,520, 1492675766520099762, 0.115, 0.057, -0.176, -0.106, 1.055, 0.235
2017-04-20 10:09:26,522, 1492675766521953581, 0.103, 0.049, -0.197, -0.113, 1.044, 0.243
2017-04-20 10:09:26,523, 1492675766523893727, 0.082, 0.067, -0.223, -0.11, 1.041, 0.227
2017-04-20 10:09:26,527, 1492675766526918555, 0.09, 0.061, -0.226, -0.105, 1.057, 0.239
2017-04-20 10:09:26,528, 1492675766528442905, 0.091, 0.05, -0.241, -0.096, 1.061, 0.231
2017-04-20 10:09:26,530, 1492675766529995965, 0.11, 0.057, -0.235, -0.081, 1.061, 0.247
2017-04-20 10:09:26,532, 1492675766532108938, 0.133, 0.059, -0.233, -0.075, 1.073, 0.26
2017-04-20 10:09:26,534, 1492675766533959544, 0.134, 0.055, -0.264, -0.073, 1.065, 0.26
2017-04-20 10:09:26,536, 1492675766535925619, 0.103, 0.047, -0.271, -0.066, 1.033, 0.26
2017-04-20 10:09:26,538, 1492675766537968674, 0.099, 0.046, -0.265, -0.046, 1.028, 0.243
2017-04-20 10:09:26,540, 1492675766539946604, 0.117, 0.043, -0.281, -0.035, 1.046, 0.231
2017-04-20 10:09:26,542, 1492675766541985069, 0.132, 0.055, -0.285, -0.027, 1.059, 0.247
2017-04-20 10:09:26,544, 1492675766544000366, 0.126, 0.071, -0.26, -0.034, 1.077, 0.211
2017-04-20 10:09:26,549, 1492675766549595474, 0.103, 0.051, -0.263, -0.03, 1.05, 0.182
2017-04-20 10:09:26,551, 1492675766550965631, 0.115, 0.097, -0.216, -0.075, 1.085, 0.105
2017-04-20 10:09:26,558, 1492675766557958962, 0.109, 0.101, -0.271, -0.192, 1.191, 0.15
2017-04-20 10:09:26,560, 1492675766559937163, 0.119, 0.101, -0.285, -0.19, 1.233, 0.158
2017-04-20 10:09:26,566, 1492675766565983549, 0.128, 0.126, -0.299, -0.215, 1.314, 0.097
2017-04-20 10:09:26,568, 1492675766567880829, 0.11, 0.112, -0.305, -0.209, 1.301, 0.101
2017-04-20 10:09:26,569, 1492675766569855244, 0.15, 0.118, -0.294, -0.206, 1.363, 0.13
2017-04-20 10:09:26,571, 1492675766571825414, 0.15, 0.132, -0.351, -0.22, 1.363, 0.122
2017-04-20 10:09:26,573, 1492675766573873000, 0.155, 0.105, -0.338, -0.233, 1.424, 0.117
2017-04-20 10:09:26,575, 1492675766575814255, 0.176, 0.106, -0.342, -0.299, 1.464, 0.174
2017-04-20 10:09:26,585, 1492675766584626646, 0.177, 0.14, -0.343, -0.307, 1.514, 0.122
2017-04-20 10:09:26,586, 1492675766585938803, 0.179, 0.125, -0.385, -0.334, 1.513, 0.117
2017-04-20 10:09:26,588, 1492675766587975129, 0.169, 0.133, -0.36, -0.36, 1.493, 0.146
2017-04-20 10:09:26,589, 1492675766589903602, 0.152, 0.144, -0.417, -0.361, 1.489, 0.146
2017-04-20 10:09:26,592, 1492675766592020434, 0.158, 0.131, -0.385, -0.356, 1.502, 0.162
2017-04-20 10:09:26,593, 1492675766593893995, 0.145, 0.143, -0.37, -0.355, 1.477, 0.133
2017-04-20 10:09:26,596, 1492675766595958648, 0.177, 0.142, -0.443, -0.31, 1.523, 0.133
2017-04-20 10:09:26,598, 1492675766597946856, 0.214, 0.159, -0.415, -0.315, 1.621, 0.166
2017-04-20 10:09:26,600, 1492675766599961482, 0.179, 0.17, -0.387, -0.328, 1.553, 0.162
2017-04-20 10:09:26,601, 1492675766601908823, 0.214, 0.186, -0.416, -0.373, 1.642, 0.191
2017-04-20 10:09:26,604, 1492675766603942288, 0.236, 0.163, -0.445, -0.49, 1.726, 0.227
2017-04-20 10:09:26,606, 1492675766605928846, 0.202, 0.167, -0.39, -0.574, 1.673, 0.3
2017-04-20 10:09:26,608, 1492675766607985028, 0.232, 0.192, -0.406, -0.642, 1.748, 0.284
2017-04-20 10:09:26,610, 1492675766609922782, 0.249, 0.204, -0.492, -0.65, 1.787, 0.304
2017-04-20 10:09:26,614, 1492675766613867471, 0.276, 0.221, -0.452, -0.694, 1.856, 0.243
2017-04-20 10:09:26,615, 1492675766615797475, 0.206, 0.181, -0.474, -0.736, 1.797, 0.231
2017-04-20 10:09:26,617, 1492675766616970235, 0.226, 0.212, -0.51, -0.755, 1.85, 0.252
2017-04-20 10:09:26,619, 1492675766618924794, 0.258, 0.241, -0.478, -0.8, 1.929, 0.247
2017-04-20 10:09:26,620, 1492675766619973953, 0.266, 0.234, -0.385, -0.816, 1.954, 0.239
2017-04-20 10:09:26,621, 1492675766621910238, 0.24, 0.225, -0.424, -0.853, 1.935, 0.162
2017-04-20 10:09:26,624, 1492675766624124485, 0.27, 0.228, -0.464, -0.914, 1.964, 0.276
2017-04-20 10:09:26,626, 1492675766625923995, 0.294, 0.247, -0.415, -0.949, 2.023, 0.271
2017-04-20 10:09:26,634, 1492675766633973568, 0.42, 0.274, -0.493, -1.067, 2.208, 0.336
2017-04-20 10:09:26,635, 1492675766635774040, 0.447, 0.331, -0.485, -1.141, 2.212, 0.243
2017-04-20 10:09:26,637, 1492675766637836681, 0.431, 0.303, -0.601, -1.154, 2.182, 0.312
2017-04-20 10:09:26,639, 1492675766639826796, 0.378, 0.287, -0.635, -1.15, 2.07, 0.393
2017-04-20 10:09:26,641, 1492675766641860793, 0.386, 0.322, -0.575, -1.139, 2.036, 0.39
2017-04-20 10:09:26,652, 1492675766648510655, 0.39, 0.311, -0.693, -1.181, 2.101, 0.333
2017-04-20 10:09:26,655, 1492675766654940583, 0.312, 0.33, -0.456, -1.758, 2.103, 0.966
2017-04-20 10:09:26,656, 1492675766656790131, 0.293, 0.361, -0.453, -2.292, 2.368, 1.161
2017-04-20 10:09:26,658, 1492675766658806101, 0.405, 0.415, -0.409, -2.457, 2.589, 1.299
2017-04-20 10:09:26,660, 1492675766660773498, 0.527, 0.476, -0.53, -2.624, 2.881, 1.08
2017-04-20 10:09:26,662, 1492675766662820956, 0.498, 0.474, -0.446, -2.499, 2.773, 0.734
2017-04-20 10:09:26,664, 1492675766664762200, 0.483, 0.486, -0.329, -2.357, 2.661, 0.788
2017-04-20 10:09:26,666, 1492675766666893129, 0.402, 0.355, -0.578, -2.218, 2.543, 1.162
2017-04-20 10:09:26,668, 1492675766668757016, 0.35, 0.362, -0.651, -2.253, 2.444, 1.088
2017-04-20 10:09:26,670, 1492675766670804000, 0.387, 0.373, -0.483, -2.227, 2.468, 0.885
2017-04-20 10:09:26,672, 1492675766672815241, 0.484, 0.394, -0.61, -2.137, 2.559, 0.877
2017-04-20 10:09:26,675, 1492675766674853814, 0.52, 0.437, -0.639, -2.31, 2.64, 1.072
2017-04-20 10:09:26,676, 1492675766676791711, 0.461, 0.398, -0.555, -2.382, 2.553, 1.153
2017-04-20 10:09:26,678, 1492675766678805662, 0.51, 0.43, -0.749, -2.379, 2.725, 0.934
2017-04-20 10:09:26,681, 1492675766680817543, 0.507, 0.465, -0.938, -2.218, 2.631, 0.974
2017-04-20 10:09:26,686, 1492675766685958270, 0.486, 0.421, -0.898, -2.035, 2.445, 1.096
2017-04-20 10:09:26,688, 1492675766687814997, 0.466, 0.422, -0.925, -1.908, 2.368, 1.059
2017-04-20 10:09:26,689, 1492675766689856815, 0.494, 0.45, -1.034, -1.761, 2.361, 0.95
2017-04-20 10:09:26,691, 1492675766691786907, 0.531, 0.472, -1.189, -1.722, 2.353, 0.99
2017-04-20 10:09:26,693, 1492675766693848776, 0.618, 0.489, -1.231, -1.823, 2.468, 1.056
2017-04-20 10:09:26,695, 1492675766695820380, 0.685, 0.495, -1.497, -1.82, 2.53, 1.007
2017-04-20 10:09:26,698, 1492675766697870660, 0.61, 0.486, -1.799, -1.592, 2.313, 0.69
2017-04-20 10:09:26,699, 1492675766699816994, 0.534, 0.449, -1.813, -1.461, 2.163, 0.531
2017-04-20 10:09:26,702, 1492675766701832712, 0.477, 0.375, -1.938, -1.529, 2.083, 0.669
2017-04-20 10:09:26,704, 1492675766704105747, 0.401, 0.363, -1.974, -1.475, 1.917, 0.568
2017-04-20 10:09:26,706, 1492675766705943884, 0.426, 0.374, -1.98, -1.409, 2.004, 0.694
2017-04-20 10:09:26,707, 1492675766707818964, 0.466, 0.376, -1.971, -1.502, 2.139, 0.901
2017-04-20 10:09:26,709, 1492675766709815806, 0.413, 0.343, -1.988, -1.457, 2.167, 0.888
2017-04-20 10:09:26,711, 1492675766711786562, 0.392, 0.329, -1.985, -1.447, 2.232, 0.734
2017-04-20 10:09:26,722, 1492675766716764095, 0.352, 0.321, -1.99, -1.506, 2.318, 0.824
2017-04-20 10:09:26,723, 1492675766723098082, 0.259, 0.303, -2.026, -1.695, 2.328, 0.75
2017-04-20 10:09:26,725, 1492675766724970691, 0.222, 0.293, -2.06, -1.679, 2.253, 0.844
2017-04-20 10:09:26,727, 1492675766726946029, 0.246, 0.289, -2.078, -1.66, 2.31, 0.779
2017-04-20 10:09:26,729, 1492675766729525116, 0.321, 0.316, -2.047, -1.678, 2.367, 0.783
2017-04-20 10:09:26,731, 1492675766730944317, 0.408, 0.289, -2.036, -1.642, 2.509, 0.918
2017-04-20 10:09:26,733, 1492675766732967291, 0.446, 0.296, -2.001, -1.622, 2.489, 1.104
2017-04-20 10:09:26,735, 1492675766734932539, 0.485, 0.314, -2.009, -1.662, 2.444, 1.124
2017-04-20 10:09:26,737, 1492675766736967589, 0.495, 0.339, -1.993, -1.726, 2.39, 0.832
2017-04-20 10:09:26,742, 1492675766741947207, 0.394, 0.377, -2.052, -1.634, 2.129, 0.926
2017-04-20 10:09:26,743, 1492675766743783677, 0.452, 0.335, -2.04, -1.524, 2.173, 0.824
2017-04-20 10:09:26,752, 1492675766748591760, 0.475, 0.299, -2.027, -1.432, 2.102, 0.714
2017-04-20 10:09:26,753, 1492675766750010454, 0.294, 0.238, -2.05, -1.373, 1.787, 0.779
2017-04-20 10:09:26,753, 1492675766751945177, 0.215, 0.256, -2.074, -1.485, 1.673, 0.674
2017-04-20 10:09:26,754, 1492675766753955028, 0.164, 0.284, -2.08, -1.622, 1.664, 0.758
2017-04-20 10:09:26,755, 1492675766755920421, 0.166, 0.286, -2.094, -1.661, 1.779, 0.836
2017-04-20 10:09:26,758, 1492675766757975259, 0.243, 0.281, -2.082, -1.68, 1.986, 0.836
2017-04-20 10:09:26,759, 1492675766759887088, 0.315, 0.259, -2.075, -1.634, 2.224, 0.747
2017-04-20 10:09:26,762, 1492675766762114235, 0.357, 0.243, -2.077, -1.597, 2.373, 0.731
2017-04-20 10:09:26,764, 1492675766763946590, 0.354, 0.258, -2.086, -1.608, 2.368, 0.788
2017-04-20 10:09:26,766, 1492675766765954791, 0.337, 0.304, -2.099, -1.641, 2.279, 0.75
2017-04-20 10:09:26,768, 1492675766767999599, 0.335, 0.332, -2.114, -1.672, 2.186, 0.706
2017-04-20 10:09:26,770, 1492675766769977313, 0.316, 0.34, -2.118, -1.683, 2.056, 0.82
2017-04-20 10:09:26,777, 1492675766777297338, 0.324, 0.239, -2.127, -1.317, 2.041, 0.918
2017-04-20 10:09:26,779, 1492675766778950876, 0.331, 0.192, -2.124, -1.226, 2.074, 0.902
2017-04-20 10:09:26,781, 1492675766780938724, 0.319, 0.193, -2.106, -1.239, 2.064, 0.852
2017-04-20 10:09:26,783, 1492675766782951720, 0.272, 0.222, -2.12, -1.325, 2.041, 0.828
2017-04-20 10:09:26,788, 1492675766788768416, 0.249, 0.229, -2.126, -1.355, 2.056, 0.799
2017-04-20 10:09:26,790, 1492675766789951032, 0.267, 0.225, -2.135, -1.537, 2.251, 0.714
2017-04-20 10:09:26,791, 1492675766791910531, 0.292, 0.24, -2.164, -1.533, 2.313, 0.742
2017-04-20 10:09:26,794, 1492675766794054931, 0.311, 0.251, -2.157, -1.532, 2.339, 0.763
2017-04-20 10:09:26,796, 1492675766795929128, 0.322, 0.256, -2.159, -1.457, 2.345, 0.799
2017-04-20 10:09:26,798, 1492675766797954815, 0.32, 0.263, -2.149, -1.419, 2.302, 0.893
2017-04-20 10:09:26,800, 1492675766799946055, 0.342, 0.265, -2.146, -1.406, 2.284, 0.942
2017-04-20 10:09:26,802, 1492675766801958245, 0.358, 0.26, -2.159, -1.379, 2.247, 0.95
2017-04-20 10:09:26,804, 1492675766803942676, 0.373, 0.252, -2.163, -1.339, 2.194, 0.934
2017-04-20 10:09:26,806, 1492675766806015134, 0.354, 0.243, -2.135, -1.29, 2.106, 0.926
2017-04-20 10:09:26,808, 1492675766807947542, 0.298, 0.229, -2.144, -1.253, 1.966, 0.877
2017-04-20 10:09:26,814, 1492675766813972711, 0.233, 0.189, -2.167, -1.168, 1.828, 0.815
2017-04-20 10:09:26,822, 1492675766821831546, 0.227, 0.17, -2.167, -1.124, 1.837, 0.788
2017-04-20 10:09:26,823, 1492675766822957688, 0.211, 0.205, -2.159, -1.216, 1.873, 0.698
2017-04-20 10:09:26,825, 1492675766824935268, 0.222, 0.212, -2.156, -1.241, 1.852, 0.722
2017-04-20 10:09:26,830, 1492675766829954677, 0.25, 0.21, -2.112, -1.189, 1.806, 0.766
2017-04-20 10:09:26,831, 1492675766831764418, 0.255, 0.201, -2.112, -1.176, 1.805, 0.75
2017-04-20 10:09:26,838, 1492675766837986252, 0.257, 0.225, -2.116, -1.242, 1.817, 0.815
2017-04-20 10:09:26,839, 1492675766839858850, 0.261, 0.228, -2.133, -1.269, 1.817, 0.804
2017-04-20 10:09:26,842, 1492675766841917163, 0.256, 0.22, -2.136, -1.274, 1.819, 0.82
2017-04-20 10:09:26,844, 1492675766843919398, 0.243, 0.212, -2.149, -1.265, 1.81, 0.783
2017-04-20 10:09:26,845, 1492675766845860201, 0.235, 0.215, -2.15, -1.265, 1.804, 0.783
2017-04-20 10:09:26,848, 1492675766848172979, 0.233, 0.222, -2.128, -1.252, 1.797, 0.796
2017-04-20 10:09:26,856, 1492675766852525226, 0.235, 0.235, -2.106, -1.254, 1.794, 0.788
2017-04-20 10:09:26,858, 1492675766857948182, 0.228, 0.24, -2.103, -1.261, 1.756, 0.75
2017-04-20 10:09:26,865, 1492675766864958778, 0.241, 0.236, -2.111, -1.235, 1.702, 0.788
2017-04-20 10:09:26,866, 1492675766866726904, 0.236, 0.228, -2.112, -1.224, 1.688, 0.804
2017-04-20 10:09:26,868, 1492675766868828802, 0.225, 0.228, -2.123, -1.216, 1.656, 0.807
2017-04-20 10:09:26,870, 1492675766870805820, 0.212, 0.218, -2.103, -1.198, 1.63, 0.824
2017-04-20 10:09:26,872, 1492675766872850275, 0.222, 0.21, -2.103, -1.162, 1.603, 0.815
2017-04-20 10:09:26,874, 1492675766874757295, 0.239, 0.208, -2.101, -1.136, 1.586, 0.812
2017-04-20 10:09:26,876, 1492675766876829116, 0.244, 0.214, -2.118, -1.173, 1.601, 0.84
2017-04-20 10:09:26,878, 1492675766878784075, 0.21, 0.188, -2.14, -1.141, 1.541, 0.788
2017-04-20 10:09:26,880, 1492675766880835030, 0.175, 0.165, -2.134, -1.057, 1.472, 0.812
2017-04-20 10:09:26,890, 1492675766889956298, 0.199, 0.18, -2.117, -0.975, 1.467, 0.815
2017-04-20 10:09:26,891, 1492675766891817363, 0.21, 0.188, -2.117, -0.966, 1.493, 0.799
2017-04-20 10:09:26,894, 1492675766893933791, 0.207, 0.182, -2.114, -0.935, 1.507, 0.775
2017-04-20 10:09:26,899, 1492675766898991281, 0.222, 0.193, -2.097, -0.935, 1.52, 0.78
2017-04-20 10:09:26,900, 1492675766900733753, 0.228, 0.204, -2.105, -0.94, 1.538, 0.775
2017-04-20 10:09:26,902, 1492675766902910429, 0.209, 0.187, -2.101, -0.91, 1.553, 0.799
2017-04-20 10:09:26,904, 1492675766904838241, 0.214, 0.171, -2.103, -0.906, 1.569, 0.804
2017-04-20 10:09:26,906, 1492675766906878466, 0.222, 0.191, -2.101, -0.925, 1.618, 0.791
2017-04-20 10:09:26,908, 1492675766908870682, 0.247, 0.204, -2.087, -0.957, 1.664, 0.779
2017-04-20 10:09:26,910, 1492675766910846379, 0.236, 0.2, -2.107, -0.983, 1.653, 0.783
2017-04-20 10:09:26,912, 1492675766912855289, 0.225, 0.207, -2.107, -0.999, 1.666, 0.779
2017-04-20 10:09:26,918, 1492675766918377862, 0.249, 0.209, -2.093, -1.033, 1.692, 0.836
2017-04-20 10:09:26,920, 1492675766919968462, 0.257, 0.199, -2.109, -1.021, 1.665, 0.852
2017-04-20 10:09:26,925, 1492675766925602959, 0.254, 0.195, -2.098, -1.006, 1.635, 0.88
2017-04-20 10:09:26,927, 1492675766926938430, 0.236, 0.188, -2.109, -1.006, 1.541, 0.856
2017-04-20 10:09:26,929, 1492675766928946766, 0.225, 0.185, -2.127, -1.008, 1.51, 0.84
2017-04-20 10:09:26,931, 1492675766931031639, 0.223, 0.178, -2.127, -1.033, 1.493, 0.828
2017-04-20 10:09:26,933, 1492675766932958360, 0.216, 0.177, -2.135, -1.049, 1.47, 0.807
2017-04-20 10:09:26,935, 1492675766935112678, 0.205, 0.196, -2.14, -1.04, 1.453, 0.779
2017-04-20 10:09:26,937, 1492675766936996144, 0.194, 0.19, -2.147, -1.051, 1.451, 0.763
2017-04-20 10:09:26,939, 1492675766938921339, 0.198, 0.182, -2.153, -1.057, 1.448, 0.775
2017-04-20 10:09:26,941, 1492675766940982967, 0.197, 0.185, -2.152, -1.049, 1.438, 0.779
2017-04-20 10:09:26,943, 1492675766942962874, 0.193, 0.196, -2.154, -1.046, 1.432, 0.796
2017-04-20 10:09:26,948, 1492675766947982580, 0.208, 0.226, -2.154, -1.084, 1.412, 0.815
2017-04-20 10:09:26,949, 1492675766949792098, 0.205, 0.221, -2.146, -1.074, 1.407, 0.82
2017-04-20 10:09:26,952, 1492675766952026734, 0.211, 0.215, -2.144, -1.064, 1.393, 0.84
2017-04-20 10:09:26,954, 1492675766954094315, 0.203, 0.21, -2.141, -1.037, 1.388, 0.812
2017-04-20 10:09:26,956, 1492675766955981545, 0.203, 0.204, -2.133, -1.032, 1.382, 0.812
2017-04-20 10:09:26,962, 1492675766961921829, 0.181, 0.206, -2.117, -1.022, 1.339, 0.766
2017-04-20 10:09:26,963, 1492675766962974667, 0.189, 0.21, -2.109, -1.028, 1.347, 0.758
2017-04-20 10:09:26,965, 1492675766965778475, 0.198, 0.209, -2.112, -1.038, 1.369, 0.75
2017-04-20 10:09:26,968, 1492675766968341707, 0.202, 0.207, -2.113, -1.043, 1.383, 0.758
2017-04-20 10:09:26,971, 1492675766970927043, 0.2, 0.197, -2.115, -1.049, 1.412, 0.783
2017-04-20 10:09:26,972, 1492675766972772254, 0.193, 0.193, -2.094, -1.057, 1.432, 0.796
2017-04-20 10:09:26,974, 1492675766973940361, 0.203, 0.194, -2.111, -1.061, 1.466, 0.812
2017-04-20 10:09:26,975, 1492675766974979175, 0.212, 0.192, -2.111, -1.075, 1.491, 0.807
2017-04-20 10:09:26,977, 1492675766977792069, 0.223, 0.199, -2.107, -1.096, 1.528, 0.832
2017-04-20 10:09:26,979, 1492675766979792823, 0.229, 0.205, -2.123, -1.095, 1.535, 0.824
2017-04-20 10:09:26,981, 1492675766981809767, 0.217, 0.205, -2.11, -1.093, 1.546, 0.82
2017-04-20 10:09:26,983, 1492675766983780927, 0.232, 0.205, -2.11, -1.1, 1.563, 0.844
2017-04-20 10:09:26,985, 1492675766985873816, 0.233, 0.21, -2.107, -1.096, 1.582, 0.856
2017-04-20 10:09:26,988, 1492675766987888309, 0.242, 0.212, -2.109, -1.081, 1.572, 0.844
2017-04-20 10:09:26,990, 1492675766989959213, 0.241, 0.203, -2.114, -1.046, 1.557, 0.844
2017-04-20 10:09:26,992, 1492675766991914474, 0.24, 0.196, -2.123, -1.019, 1.541, 0.836
2017-04-20 10:09:26,994, 1492675766994311121, 0.229, 0.201, -2.128, -0.989, 1.52, 0.84
2017-04-20 10:09:26,996, 1492675766996629538, 0.219, 0.2, -2.148, -0.97, 1.512, 0.815
2017-04-20 10:09:26,998, 1492675766997979852, 0.235, 0.2, -2.138, -0.96, 1.509, 0.828
2017-04-20 10:09:26,999, 1492675766999847885, 0.239, 0.204, -2.146, -0.965, 1.509, 0.824
2017-04-20 10:09:27,002, 1492675767001918166, 0.243, 0.204, -2.162, -0.967, 1.509, 0.82
2017-04-20 10:09:27,003, 1492675767003810006, 0.236, 0.2, -2.151, -0.96, 1.516, 0.82
2017-04-20 10:09:27,010, 1492675767009954621, 0.29, 0.22, -2.15, -1.035, 1.664, 0.836
2017-04-20 10:09:27,012, 1492675767011985019, 0.277, 0.216, -2.15, -1.046, 1.696, 0.852
2017-04-20 10:09:27,013, 1492675767013824918, 0.272, 0.224, -2.16, -1.065, 1.724, 0.852
2017-04-20 10:09:27,016, 1492675767015943436, 0.28, 0.219, -2.148, -1.117, 1.786, 0.864
2017-04-20 10:09:27,018, 1492675767017912456, 0.298, 0.224, -2.154, -1.169, 1.852, 0.869
2017-04-20 10:09:27,019, 1492675767019849352, 0.316, 0.237, -2.161, -1.219, 1.896, 0.877
2017-04-20 10:09:27,027, 1492675767021927504, 0.325, 0.245, -2.15, -1.255, 1.942, 0.869
2017-04-20 10:09:27,027, 1492675767023784839, 0.316, 0.251, -2.163, -1.292, 1.978, 0.852
2017-04-20 10:09:27,028, 1492675767028435169, 0.321, 0.252, -2.149, -1.333, 2.013, 0.885
2017-04-20 10:09:27,030, 1492675767029982699, 0.319, 0.259, -2.165, -1.398, 2.09, 0.864
2017-04-20 10:09:27,032, 1492675767032254768, 0.334, 0.263, -2.174, -1.44, 2.106, 0.872
2017-04-20 10:09:27,034, 1492675767033959388, 0.337, 0.27, -2.158, -1.472, 2.123, 0.872
2017-04-20 10:09:27,036, 1492675767035918432, 0.323, 0.265, -2.174, -1.497, 2.115, 0.852
2017-04-20 10:09:27,038, 1492675767038142252, 0.335, 0.275, -2.173, -1.502, 2.114, 0.877
2017-04-20 10:09:27,040, 1492675767039950511, 0.358, 0.288, -2.183, -1.514, 2.151, 0.848
2017-04-20 10:09:27,042, 1492675767041995517, 0.388, 0.287, -2.183, -1.512, 2.166, 0.82
2017-04-20 10:09:27,044, 1492675767043914018, 0.381, 0.289, -2.179, -1.548, 2.152, 0.86
2017-04-20 10:09:27,046, 1492675767045950331, 0.383, 0.311, -2.182, -1.598, 2.146, 0.909
2017-04-20 10:09:27,048, 1492675767047928100, 0.38, 0.319, -2.18, -1.639, 2.155, 0.945
2017-04-20 10:09:27,050, 1492675767049978667, 0.383, 0.307, -2.179, -1.665, 2.18, 0.896
2017-04-20 10:09:27,052, 1492675767051986868, 0.394, 0.309, -2.18, -1.68, 2.193, 0.86
2017-04-20 10:09:27,054, 1492675767053948180, 0.402, 0.301, -2.192, -1.674, 2.182, 0.893
2017-04-20 10:09:27,056, 1492675767055968089, 0.425, 0.311, -2.19, -1.676, 2.177, 0.901
2017-04-20 10:09:27,059, 1492675767058788142, 0.412, 0.333, -2.184, -1.699, 2.106, 0.88
2017-04-20 10:09:27,061, 1492675767061133155, 0.397, 0.316, -2.212, -1.706, 2.058, 0.872
2017-04-20 10:09:27,063, 1492675767062982858, 0.377, 0.334, -2.315, -1.834, 2.017, 0.88
2017-04-20 10:09:27,065, 1492675767064815823, 0.377, 0.331, -2.27, -1.79, 1.965, 0.893
2017-04-20 10:09:27,066, 1492675767065968598, 0.374, 0.338, -2.219, -1.709, 1.969, 0.869
2017-04-20 10:09:27,068, 1492675767067919959, 0.384, 0.326, -2.275, -1.71, 1.965, 0.872
2017-04-20 10:09:27,070, 1492675767069959283, 0.395, 0.313, -2.331, -1.766, 2.003, 0.885
2017-04-20 10:09:27,072, 1492675767071925112, 0.391, 0.327, -2.341, -1.807, 2.02, 0.844
2017-04-20 10:09:27,074, 1492675767073962667, 0.366, 0.32, -2.349, -1.8, 1.973, 0.893
2017-04-20 10:09:27,076, 1492675767075941924, 0.357, 0.317, -2.343, -1.81, 1.979, 0.877
2017-04-20 10:09:27,078, 1492675767077952381, 0.36, 0.313, -2.35, -1.817, 2.007, 0.877
2017-04-20 10:09:27,080, 1492675767079916628, 0.385, 0.32, -2.33, -1.824, 2.053, 0.921
2017-04-20 10:09:27,082, 1492675767081951113, 0.371, 0.306, -2.307, -1.784, 2.073, 0.888
2017-04-20 10:09:27,084, 1492675767083931705, 0.352, 0.301, -2.274, -1.707, 2.066, 0.937
2017-04-20 10:09:27,086, 1492675767085965698, 0.358, 0.298, -2.249, -1.699, 2.098, 0.937
2017-04-20 10:09:27,088, 1492675767087911752, 0.367, 0.304, -2.23, -1.686, 2.123, 0.97
2017-04-20 10:09:27,090, 1492675767089950103, 0.376, 0.298, -2.237, -1.698, 2.152, 0.974
2017-04-20 10:09:27,092, 1492675767091904197, 0.366, 0.294, -2.265, -1.696, 2.145, 1.007
2017-04-20 10:09:27,098, 1492675767097933021, 0.372, 0.298, -2.236, -1.673, 2.184, 1.096
2017-04-20 10:09:27,099, 1492675767099765429, 0.432, 0.306, -2.322, -1.785, 2.304, 1.088
2017-04-20 10:09:27,102, 1492675767101812501, 0.533, 0.398, -2.698, -1.744, 2.342, 1.262
2017-04-20 10:09:27,104, 1492675767103834929, 0.535, 0.437, -2.297, -1.469, 2.25, 1.278
2017-04-20 10:09:27,105, 1492675767105836938, 0.638, 0.4, -2.174, -1.454, 2.256, 1.36
2017-04-20 10:09:27,107, 1492675767107781346, 0.582, 0.394, -2.235, -1.404, 2.033, 1.186
2017-04-20 10:09:27,109, 1492675767109790433, 0.63, 0.384, -2.332, -1.181, 2.105, 1.169
2017-04-20 10:09:27,112, 1492675767111795357, 0.658, 0.438, -2.637, -1.138, 2.125, 1.311
2017-04-20 10:09:27,113, 1492675767113816112, 0.678, 0.519, -2.5, -1.067, 2.074, 1.278
2017-04-20 10:09:27,115, 1492675767115783114, 0.774, 0.54, -2.511, -0.872, 2.114, 1.299
2017-04-20 10:09:27,122, 1492675767121983464, 0.799, 0.505, -2.467, -0.707, 1.811, 1.056
2017-04-20 10:09:27,123, 1492675767123788154, 0.771, 0.535, -2.467, -0.73, 1.731, 1.21
2017-04-20 10:09:27,126, 1492675767126366313, 0.789, 0.578, -2.467, -0.823, 1.748, 1.319
2017-04-20 10:09:27,128, 1492675767127976039, 0.837, 0.593, -2.536, -0.771, 1.779, 1.335
2017-04-20 10:09:27,130, 1492675767129902640, 0.883, 0.601, -2.621, -0.625, 1.845, 1.368
2017-04-20 10:09:27,132, 1492675767131898508, 0.939, 0.595, -2.668, -0.52, 1.932, 1.437
2017-04-20 10:09:27,134, 1492675767134002380, 0.924, 0.58, -2.623, -0.509, 1.865, 1.424
2017-04-20 10:09:27,136, 1492675767135998406, 0.888, 0.581, -2.591, -0.53, 1.781, 1.372
2017-04-20 10:09:27,138, 1492675767137982218, 0.875, 0.597, -2.549, -0.606, 1.725, 1.4
2017-04-20 10:09:27,140, 1492675767139949946, 0.886, 0.631, -2.529, -0.679, 1.693, 1.352
2017-04-20 10:09:27,142, 1492675767142024862, 0.924, 0.643, -2.527, -0.687, 1.75, 1.294
2017-04-20 10:09:27,143, 1492675767143830060, 0.956, 0.636, -2.532, -0.68, 1.783, 1.254
2017-04-20 10:09:27,145, 1492675767145865746, 0.971, 0.623, -2.551, -0.65, 1.826, 1.307
2017-04-20 10:09:27,147, 1492675767147883874, 0.977, 0.623, -2.563, -0.617, 1.819, 1.364
2017-04-20 10:09:27,150, 1492675767149951981, 0.959, 0.664, -2.564, -0.611, 1.794, 1.445
2017-04-20 10:09:27,152, 1492675767151851586, 0.973, 0.656, -2.536, -0.649, 1.802, 1.494
2017-04-20 10:09:27,153, 1492675767153879169, 0.972, 0.649, -2.516, -0.675, 1.815, 1.502
2017-04-20 10:09:27,155, 1492675767155818258, 0.985, 0.651, -2.523, -0.68, 1.829, 1.481
2017-04-20 10:09:27,158, 1492675767157937831, 1.009, 0.66, -2.538, -0.682, 1.854, 1.465
2017-04-20 10:09:27,160, 1492675767159932365, 1.004, 0.665, -2.561, -0.695, 1.876, 1.454
2017-04-20 10:09:27,164, 1492675767164336563, 1.025, 0.677, -2.559, -0.697, 1.902, 1.465
2017-04-20 10:09:27,166, 1492675767165923003, 1.035, 0.675, -2.566, -0.724, 1.965, 1.457
2017-04-20 10:09:27,168, 1492675767168186229, 1.054, 0.685, -2.58, -0.711, 1.986, 1.454
2017-04-20 10:09:27,169, 1492675767169916132, 1.061, 0.68, -2.564, -0.711, 1.998, 1.465
2017-04-20 10:09:27,172, 1492675767171956140, 1.068, 0.689, -2.537, -0.722, 1.989, 1.481
2017-04-20 10:09:27,174, 1492675767173918288, 1.067, 0.698, -2.537, -0.729, 1.979, 1.498
2017-04-20 10:09:27,176, 1492675767175955338, 1.073, 0.703, -2.531, -0.736, 1.993, 1.506
2017-04-20 10:09:27,177, 1492675767177906957, 1.08, 0.697, -2.521, -0.726, 2.0, 1.49
2017-04-20 10:09:27,186, 1492675767185968875, 1.073, 0.698, -2.583, -0.617, 1.993, 1.433
2017-04-20 10:09:27,187, 1492675767187752572, 1.071, 0.698, -2.607, -0.592, 1.997, 1.437
2017-04-20 10:09:27,197, 1492675767197225541, 1.081, 0.683, -2.618, -0.551, 1.994, 1.421
2017-04-20 10:09:27,198, 1492675767198903167, 1.068, 0.649, -2.709, -0.372, 1.984, 1.445
2017-04-20 10:09:27,201, 1492675767200961586, 1.062, 0.647, -2.695, -0.352, 1.998, 1.433
2017-04-20 10:09:27,203, 1492675767202913554, 1.082, 0.66, -2.703, -0.331, 2.013, 1.413
2017-04-20 10:09:27,205, 1492675767204944201, 1.082, 0.653, -2.722, -0.316, 2.026, 1.392
2017-04-20 10:09:27,207, 1492675767206945951, 1.08, 0.656, -2.728, -0.296, 2.032, 1.384
2017-04-20 10:09:27,209, 1492675767208949706, 1.072, 0.654, -2.739, -0.282, 2.036, 1.392
2017-04-20 10:09:27,211, 1492675767210938584, 1.076, 0.667, -2.756, -0.271, 2.044, 1.397
2017-04-20 10:09:27,213, 1492675767212985618, 1.09, 0.656, -2.769, -0.265, 2.067, 1.388
2017-04-20 10:09:27,215, 1492675767214944726, 1.097, 0.669, -2.778, -0.266, 2.087, 1.397
2017-04-20 10:09:27,217, 1492675767216964186, 1.103, 0.68, -2.797, -0.268, 2.105, 1.388
2017-04-20 10:09:27,219, 1492675767218950206, 1.107, 0.668, -2.806, -0.284, 2.121, 1.405
2017-04-20 10:09:27,221, 1492675767220950964, 1.105, 0.675, -2.788, -0.319, 2.139, 1.38
2017-04-20 10:09:27,222, 1492675767222882428, 1.123, 0.688, -2.772, -0.371, 2.168, 1.376
2017-04-20 10:09:27,225, 1492675767224948974, 1.129, 0.69, -2.754, -0.408, 2.181, 1.36
2017-04-20 10:09:27,227, 1492675767226929065, 1.142, 0.698, -2.739, -0.452, 2.19, 1.352
2017-04-20 10:09:27,234, 1492675767234350528, 1.148, 0.707, -2.723, -0.5, 2.208, 1.352
2017-04-20 10:09:27,236, 1492675767235928169, 1.131, 0.706, -2.734, -0.558, 2.22, 1.388
2017-04-20 10:09:27,238, 1492675767237969826, 1.118, 0.716, -2.749, -0.539, 2.243, 1.397
2017-04-20 10:09:27,240, 1492675767239927727, 1.127, 0.704, -2.767, -0.518, 2.237, 1.364
2017-04-20 10:09:27,242, 1492675767241963946, 1.131, 0.701, -2.781, -0.502, 2.237, 1.36
2017-04-20 10:09:27,244, 1492675767243952165, 1.119, 0.706, -2.794, -0.483, 2.237, 1.307
2017-04-20 10:09:27,246, 1492675767245973979, 1.118, 0.704, -2.793, -0.472, 2.239, 1.303
2017-04-20 10:09:27,248, 1492675767247945525, 1.118, 0.699, -2.782, -0.487, 2.234, 1.283
2017-04-20 10:09:27,250, 1492675767249975313, 1.119, 0.697, -2.769, -0.506, 2.216, 1.283
2017-04-20 10:09:27,255, 1492675767254930950, 1.107, 0.691, -2.772, -0.432, 2.174, 1.311
2017-04-20 10:09:27,256, 1492675767255962010, 1.117, 0.695, -2.782, -0.437, 2.207, 1.332
2017-04-20 10:09:27,259, 1492675767259012976, 1.113, 0.673, -2.809, -0.389, 2.187, 1.299
2017-04-20 10:09:27,266, 1492675767266461239, 1.074, 0.665, -2.831, -0.29, 2.124, 1.303
2017-04-20 10:09:27,268, 1492675767267944286, 1.068, 0.662, -2.902, -0.129, 2.137, 1.202
2017-04-20 10:09:27,270, 1492675767270072521, 1.066, 0.673, -2.951, -0.072, 2.128, 1.202
2017-04-20 10:09:27,272, 1492675767272044176, 1.075, 0.674, -2.985, -0.015, 2.16, 1.205
2017-04-20 10:09:27,274, 1492675767273952298, 1.084, 0.649, -2.99, 0.03, 2.2, 1.194
2017-04-20 10:09:27,275, 1492675767275879473, 1.099, 0.655, -3.004, 0.03, 2.206, 1.21
2017-04-20 10:09:27,278, 1492675767278018141, 1.119, 0.654, -2.988, -0.006, 2.227, 1.258
2017-04-20 10:09:27,280, 1492675767279934211, 1.125, 0.66, -2.957, -0.054, 2.25, 1.27
2017-04-20 10:09:27,282, 1492675767281963336, 1.13, 0.661, -2.949, -0.094, 2.259, 1.267
2017-04-20 10:09:27,284, 1492675767283948380, 1.119, 0.658, -2.933, -0.128, 2.269, 1.286
2017-04-20 10:09:27,286, 1492675767285943855, 1.135, 0.655, -2.898, -0.174, 2.295, 1.258
2017-04-20 10:09:27,288, 1492675767287925829, 1.158, 0.668, -2.887, -0.224, 2.328, 1.