2017-04-20 10:11:03,947, 1492675863947370063, 0.03, 0.031, 0.007, -0.131, 0.43, 0.028
2017-04-20 10:11:03,949, 1492675863949318244, 0.04, 0.021, 0.003, -0.046, 0.412, 0.028
2017-04-20 10:11:03,951, 1492675863951330855, 0.031, -0.002, 0.005, 0.029, 0.377, 0.012
2017-04-20 10:11:03,953, 1492675863953394084, 0.033, -0.009, 0.005, 0.111, 0.328, 0.033
2017-04-20 10:11:03,955, 1492675863955512045, 0.015, -0.014, -0.007, 0.207, 0.249, 0.025
2017-04-20 10:11:03,958, 1492675863957327745, 0.007, -0.013, -0.014, 0.259, 0.193, 0.004
2017-04-20 10:11:03,959, 1492675863959523787, 0.0, -0.034, -0.031, 0.327, 0.083, 0.028
2017-04-20 10:11:03,961, 1492675863961377161, 0.005, -0.038, -0.03, 0.338, 0.034, 0.033
2017-04-20 10:11:03,963, 1492675863963561306, -0.002, -0.032, -0.031, 0.348, -0.04, 0.012
2017-04-20 10:11:03,965, 1492675863965493239, -0.005, -0.019, -0.03, 0.329, -0.12, 0.017
2017-04-20 10:11:03,967, 1492675863967271604, -0.011, -0.012, -0.036, 0.295, -0.18, 0.003
2017-04-20 10:11:03,969, 1492675863969321820, -0.018, -0.013, -0.041, 0.23, -0.244, -0.005
2017-04-20 10:11:03,971, 1492675863971319477, -0.035, -0.012, -0.028, 0.147, -0.295, -0.005
2017-04-20 10:11:03,973, 1492675863973296571, -0.027, -0.006, -0.008, 0.053, -0.332, -0.008
2017-04-20 10:11:03,976, 1492675863975332995, -0.033, 0.003, 0.007, -0.035, -0.366, -0.013
2017-04-20 10:11:03,977, 1492675863977412233, -0.051, 0.021, 0.021, -0.121, -0.395, -0.041
2017-04-20 10:11:03,979, 1492675863979499275, -0.062, 0.035, 0.018, -0.196, -0.407, -0.04
2017-04-20 10:11:03,980, 1492675863980494715, -0.05, 0.035, 0.017, -0.248, -0.412, -0.032
2017-04-20 10:11:03,983, 1492675863983332236, -0.055, 0.038, 0.026, -0.287, -0.412, -0.028
2017-04-20 10:11:03,985, 1492675863985308980, -0.055, 0.052, 0.028, -0.305, -0.403, -0.04
2017-04-20 10:11:03,989, 1492675863989505038, -0.056, 0.052, 0.012, -0.272, -0.374, 0.0
2017-04-20 10:11:03,991, 1492675863991325105, -0.051, 0.048, 0.006, -0.253, -0.353, -0.012
2017-04-20 10:11:03,996, 1492675863995329275, -0.05, 0.054, 0.005, -0.216, -0.309, -0.016
2017-04-20 10:11:03,998, 1492675863997689620, -0.037, 0.038, -0.016, -0.13, -0.242, -0.008
2017-04-20 10:11:03,999, 1492675863999505586, -0.025, 0.025, -0.044, -0.101, -0.184, -0.021
2017-04-20 10:11:04,001, 1492675864001465252, -0.014, 0.028, -0.05, -0.072, -0.115, -0.012
2017-04-20 10:11:04,003, 1492675864003484711, 0.006, 0.028, -0.071, -0.047, -0.06, 0.0
2017-04-20 10:11:04,005, 1492675864005465305, 0.012, 0.027, -0.103, -0.034, 0.006, 0.003
2017-04-20 10:11:04,007, 1492675864007502352, 0.023, 0.022, -0.106, -0.019, 0.074, 0.02
2017-04-20 10:11:04,011, 1492675864009752216, 0.051, 0.038, -0.157, -0.015, 0.157, 0.017
2017-04-20 10:11:04,012, 1492675864012533024, 0.072, 0.041, -0.218, -0.05, 0.296, 0.017
2017-04-20 10:11:04,014, 1492675864014475464, 0.068, 0.031, -0.24, -0.084, 0.35, 0.028
2017-04-20 10:11:04,015, 1492675864015512808, 0.096, 0.044, -0.26, -0.116, 0.412, 0.016
2017-04-20 10:11:04,017, 1492675864017451766, 0.097, 0.038, -0.279, -0.143, 0.467, 0.012
2017-04-20 10:11:04,020, 1492675864019741904, 0.124, 0.061, -0.315, -0.193, 0.526, 0.004
2017-04-20 10:11:04,021, 1492675864021491437, 0.122, 0.057, -0.323, -0.248, 0.58, 0.02
2017-04-20 10:11:04,023, 1492675864023502626, 0.131, 0.064, -0.36, -0.299, 0.63, 0.016
2017-04-20 10:11:04,028, 1492675864028491238, 0.143, 0.08, -0.401, -0.347, 0.675, 0.0
2017-04-20 10:11:04,030, 1492675864030414801, 0.113, 0.07, -0.459, -0.369, 0.663, 0.017
2017-04-20 10:11:04,033, 1492675864033635743, 0.147, 0.096, -0.452, -0.361, 0.696, 0.033
2017-04-20 10:11:04,035, 1492675864035492293, 0.159, 0.095, -0.461, -0.337, 0.686, 0.0
2017-04-20 10:11:04,037, 1492675864037268930, 0.162, 0.1, -0.483, -0.354, 0.672, 0.024
2017-04-20 10:11:04,038, 1492675864038534028, 0.148, 0.106, -0.481, -0.368, 0.644, 0.008
2017-04-20 10:11:04,040, 1492675864040332520, 0.151, 0.104, -0.465, -0.399, 0.64, 0.028
2017-04-20 10:11:04,042, 1492675864042383288, 0.156, 0.13, -0.473, -0.45, 0.632, -0.013
2017-04-20 10:11:04,044, 1492675864044466790, 0.168, 0.117, -0.495, -0.531, 0.639, -0.008
2017-04-20 10:11:04,046, 1492675864046469989, 0.158, 0.104, -0.459, -0.576, 0.619, 0.012
2017-04-20 10:11:04,048, 1492675864048456488, 0.147, 0.113, -0.485, -0.605, 0.624, -0.005
2017-04-20 10:11:04,050, 1492675864050549059, 0.141, 0.119, -0.551, -0.581, 0.595, -0.021
2017-04-20 10:11:04,053, 1492675864053466711, 0.183, 0.142, -0.495, -0.54, 0.677, 0.012
2017-04-20 10:11:04,054, 1492675864054497885, 0.169, 0.143, -0.546, -0.538, 0.674, -0.013
2017-04-20 10:11:04,056, 1492675864056477755, 0.156, 0.126, -0.564, -0.528, 0.652, 0.0
2017-04-20 10:11:04,065, 1492675864065725076, 0.141, 0.141, -0.566, -0.475, 0.641, 0.025
2017-04-20 10:11:04,067, 1492675864067604700, 0.131, 0.097, -0.564, -0.429, 0.578, 0.049
2017-04-20 10:11:04,069, 1492675864069480254, 0.138, 0.1, -0.607, -0.374, 0.564, -0.029
2017-04-20 10:11:04,071, 1492675864071485458, 0.119, 0.101, -0.6, -0.283, 0.454, -0.045
2017-04-20 10:11:04,073, 1492675864073505938, 0.148, 0.119, -0.555, -0.233, 0.463, 0.036
2017-04-20 10:11:04,075, 1492675864075460562, 0.21, 0.114, -0.651, -0.216, 0.489, -0.021
2017-04-20 10:11:04,077, 1492675864077500428, 0.214, 0.109, -0.615, -0.273, 0.494, -0.029
2017-04-20 10:11:04,079, 1492675864079457091, 0.221, 0.117, -0.539, -0.421, 0.563, 0.044
2017-04-20 10:11:04,081, 1492675864081489224, 0.182, 0.117, -0.627, -0.515, 0.531, 0.012
2017-04-20 10:11:04,083, 1492675864083544709, 0.128, 0.111, -0.636, -0.627, 0.543, -0.028
2017-04-20 10:11:04,085, 1492675864085512649, 0.115, 0.127, -0.547, -0.691, 0.586, -0.053
2017-04-20 10:11:04,087, 1492675864087470038, 0.114, 0.125, -0.542, -0.675, 0.599, 0.012
2017-04-20 10:11:04,089, 1492675864089515231, 0.122, 0.102, -0.53, -0.648, 0.671, -0.073
2017-04-20 10:11:04,091, 1492675864091466724, 0.139, 0.112, -0.473, -0.523, 0.629, 0.033
2017-04-20 10:11:04,093, 1492675864093673195, 0.184, 0.144, -0.358, -0.464, 0.717, 0.077
2017-04-20 10:11:04,098, 1492675864098349453, 0.153, 0.097, -0.412, -0.447, 0.776, 0.008
2017-04-20 10:11:04,099, 1492675864099519916, 0.105, 0.061, -0.385, -0.471, 0.77, 0.017
2017-04-20 10:11:04,102, 1492675864102250503, 0.073, 0.057, -0.457, -0.359, 0.697, 0.012
2017-04-20 10:11:04,103, 1492675864103501383, 0.124, 0.065, -0.428, -0.258, 0.76, -0.016
2017-04-20 10:11:04,107, 1492675864107502812, 0.194, 0.055, -0.231, -0.071, 0.762, 0.109
2017-04-20 10:11:04,109, 1492675864109340184, 0.231, 0.062, -0.253, -0.027, 0.802, 0.074
2017-04-20 10:11:04,110, 1492675864110473058, 0.234, 0.048, -0.232, -0.081, 0.841, -0.012
2017-04-20 10:11:04,111, 1492675864111507381, 0.168, 0.045, -0.196, -0.096, 0.775, 0.041
2017-04-20 10:11:04,113, 1492675864113442363, 0.101, 0.016, -0.233, -0.136, 0.693, 0.012
2017-04-20 10:11:04,115, 1492675864115526037, -0.002, 0.017, -0.283, -0.096, 0.577, 0.044
2017-04-20 10:11:04,117, 1492675864117449059, -0.036, -0.002, -0.218, -0.044, 0.441, 0.012
2017-04-20 10:11:04,119, 1492675864119485545, 0.005, 0.015, -0.139, 0.056, 0.376, 0.044
2017-04-20 10:11:04,121, 1492675864121474641, 0.138, 0.032, -0.102, 0.1, 0.471, 0.125
2017-04-20 10:11:04,129, 1492675864129589135, -0.137, -0.012, -0.269, -0.099, -0.182, 0.017
2017-04-20 10:11:04,131, 1492675864131509914, -0.149, -0.009, -0.243, -0.08, -0.271, -0.069
2017-04-20 10:11:04,133, 1492675864133507880, -0.007, 0.047, -0.107, -0.04, -0.255, -0.064
2017-04-20 10:11:04,135, 1492675864135403662, 0.155, 0.079, -0.041, -0.064, -0.115, 0.004
2017-04-20 10:11:04,137, 1492675864137493186, 0.152, 0.04, -0.04, -0.204, -0.13, -0.056
2017-04-20 10:11:04,139, 1492675864139448245, -0.037, -0.016, -0.158, -0.246, -0.423, -0.029
2017-04-20 10:11:04,141, 1492675864141481163, -0.203, -0.02, -0.309, -0.105, -0.684, -0.016
2017-04-20 10:11:04,143, 1492675864143457051, -0.236, 0.001, -0.287, 0.08, -0.79, -0.024
2017-04-20 10:11:04,146, 1492675864146158752, -0.066, 0.058, -0.166, 0.235, -0.661, -0.028
2017-04-20 10:11:04,147, 1492675864147455524, 0.171, 0.064, -0.011, 0.153, -0.369, 0.004
2017-04-20 10:11:04,149, 1492675864149486660, 0.149, 0.025, -0.018, 0.024, -0.342, 0.033
2017-04-20 10:11:04,151, 1492675864151412617, -0.039, -0.033, -0.121, -0.121, -0.508, -0.045
2017-04-20 10:11:04,153, 1492675864153490641, -0.282, -0.038, -0.239, -0.059, -0.808, -0.053
2017-04-20 10:11:04,155, 1492675864155480766, -0.356, 0.002, -0.26, 0.06, -0.917, -0.037
2017-04-20 10:11:04,160, 1492675864160115104, -0.107, 0.048, -0.057, 0.059, -0.539, -0.064
2017-04-20 10:11:04,165, 1492675864165529155, -0.365, -0.041, -0.245, 0.312, -0.811, -0.032
2017-04-20 10:11:04,167, 1492675864167546234, -0.316, 0.032, -0.234, 0.414, -0.789, -0.056
2017-04-20 10:11:04,169, 1492675864169333092, -0.015, 0.082, -0.046, 0.415, -0.336, -0.041
2017-04-20 10:11:04,171, 1492675864171390005, 0.223, 0.02, 0.081, 0.221, -0.029, -0.061
2017-04-20 10:11:04,173, 1492675864173361882, 0.149, -0.058, 0.081, -0.004, -0.064, 0.033
2017-04-20 10:11:04,175, 1492675864175419619, -0.141, -0.09, -0.12, 0.042, -0.443, 0.0
2017-04-20 10:11:04,177, 1492675864177316627, -0.36, -0.042, -0.232, 0.246, -0.75, -0.008
2017-04-20 10:11:04,179, 1492675864179401391, -0.204, 0.087, -0.101, 0.276, -0.55, -0.021
2017-04-20 10:11:04,185, 1492675864185506064, -0.004, -0.054, -0.063, -0.204, -0.155, -0.008
2017-04-20 10:11:04,187, 1492675864187303930, -0.193, -0.025, -0.165, -0.075, -0.353, -0.065
2017-04-20 10:11:04,189, 1492675864189439723, -0.251, 0.086, -0.248, 0.173, -0.525, -0.04
2017-04-20 10:11:04,191, 1492675864191371111, -0.053, 0.127, -0.075, 0.093, -0.15, -0.085
2017-04-20 10:11:04,200, 1492675864196190549, 0.182, 0.028, 0.111, -0.101, 0.197, -0.012
2017-04-20 10:11:04,201, 1492675864201477280, -0.043, 0.129, -0.046, 0.412, -0.03, -0.089
2017-04-20 10:11:04,203, 1492675864203400148, 0.167, 0.077, 0.02, 0.32, 0.183, -0.102
2017-04-20 10:11:04,209, 1492675864209450426, -0.248, -0.033, -0.178, 0.644, -0.526, 0.105
2017-04-20 10:11:04,210, 1492675864210472672, -0.159, 0.052, -0.134, 0.742, -0.32, -0.016
2017-04-20 10:11:04,213, 1492675864213322833, 0.06, 0.068, -0.02, 0.648, -0.043, -0.11
2017-04-20 10:11:04,214, 1492675864214555103, 0.112, -0.114, 0.103, 0.371, 0.058, 0.003
2017-04-20 10:11:04,217, 1492675864217346157, -0.022, -0.259, 0.012, 0.344, -0.151, 0.016
2017-04-20 10:11:04,219, 1492675864219318177, -0.235, -0.168, -0.129, 0.584, -0.574, 0.052
2017-04-20 10:11:04,221, 1492675864221320210, -0.164, 0.044, -0.141, 0.823, -0.513, -0.102
2017-04-20 10:11:04,223, 1492675864223326839, 0.044, 0.099, -0.045, 0.792, -0.224, -0.17
2017-04-20 10:11:04,233, 1492675864228223266, 0.123, -0.041, 0.101, 0.417, -0.089, -0.005
2017-04-20 10:11:04,234, 1492675864234482211, 0.059, 0.082, 0.208, -0.175, -0.166, -0.135
2017-04-20 10:11:04,236, 1492675864236345299, -0.012, -0.103, 0.165, -0.461, -0.294, -0.073
2017-04-20 10:11:04,238, 1492675864238462440, -0.255, -0.198, 0.131, -0.56, -0.591, 0.036
2017-04-20 10:11:04,240, 1492675864240431272, -0.439, -0.048, 0.103, -0.287, -1.038, 0.036
2017-04-20 10:11:04,242, 1492675864242363082, -0.213, 0.182, 0.148, -0.096, -0.683, -0.171
2017-04-20 10:11:04,244, 1492675864244446898, 0.051, 0.19, 0.286, -0.145, -0.381, -0.167
2017-04-20 10:11:04,246, 1492675864246337320, -0.022, -0.065, 0.409, -0.317, -0.498, 0.033
2017-04-20 10:11:04,248, 1492675864248399247, -0.252, -0.241, 0.281, -0.245, -0.855, 0.09
2017-04-20 10:11:04,250, 1492675864250572131, -0.473, -0.126, 0.085, 0.209, -1.37, 0.053
2017-04-20 10:11:04,252, 1492675864252374024, -0.302, 0.091, 0.197, 0.587, -1.24, -0.121
2017-04-20 10:11:04,254, 1492675864254339586, -0.058, 0.064, 0.361, 0.648, -0.915, -0.252
2017-04-20 10:11:04,256, 1492675864256500412, -0.011, -0.137, 0.507, 0.481, -0.845, -0.057
2017-04-20 10:11:04,258, 1492675864258372950, -0.229, -0.35, 0.355, 0.573, -1.262, 0.117
2017-04-20 10:11:04,260, 1492675864260383155, -0.476, -0.295, 0.164, 0.933, -1.691, 0.085
2017-04-20 10:11:04,268, 1492675864268328493, -0.109, -0.167, 0.427, 1.523, -1.464, -0.097
2017-04-20 10:11:04,269, 1492675864269512323, -0.382, -0.345, 0.35, 1.404, -1.797, 0.053
2017-04-20 10:11:04,271, 1492675864271467970, -0.629, -0.206, 0.105, 1.589, -2.239, 0.036
2017-04-20 10:11:04,275, 1492675864275504538, -0.394, -0.165, 0.437, 1.559, -2.05, 0.036
2017-04-20 10:11:04,277, 1492675864277273260, -0.202, -0.257, 0.592, 1.323, -1.778, 0.016
2017-04-20 10:11:04,278, 1492675864278478559, -0.112, -0.298, 0.593, 1.132, -1.706, 0.06
2017-04-20 10:11:04,279, 1492675864279468273, -0.162, -0.281, 0.566, 1.017, -1.657, 0.06
2017-04-20 10:11:04,281, 1492675864281495026, -0.446, -0.166, 0.439, 0.894, -2.065, -0.089
2017-04-20 10:11:04,283, 1492675864283423812, -0.677, -0.123, 0.254, 0.832, -2.351, -0.069
2017-04-20 10:11:04,285, 1492675864285498565, -0.607, -0.196, 0.26, 0.793, -2.275, -0.056
2017-04-20 10:11:04,287, 1492675864287511156, -0.395, -0.268, 0.492, 0.774, -2.111, -0.02
2017-04-20 10:11:04,290, 1492675864290341414, -0.229, -0.187, 0.643, 0.893, -2.072, -0.065
2017-04-20 10:11:04,291, 1492675864291413928, -0.266, -0.156, 0.556, 1.004, -2.048, -0.073
2017-04-20 10:11:04,293, 1492675864293469703, -0.445, -0.118, 0.369, 1.066, -2.33, 0.008
2017-04-20 10:11:04,295, 1492675864295479467, -0.539, -0.13, 0.288, 0.949, -2.485, -0.005
2017-04-20 10:11:04,301, 1492675864301505498, -0.308, -0.127, 0.447, 0.608, -2.16, -0.105
2017-04-20 10:11:04,303, 1492675864303312296, -0.309, -0.116, 0.471, 0.609, -2.092, -0.122
2017-04-20 10:11:04,305, 1492675864305399985, -0.453, -0.128, 0.395, 0.599, -2.322, -0.142
2017-04-20 10:11:04,309, 1492675864309432314, -0.413, -0.163, 0.401, 0.677, -2.287, 0.033
2017-04-20 10:11:04,310, 1492675864310480088, -0.329, -0.134, 0.434, 0.701, -2.123, 0.033
2017-04-20 10:11:04,312, 1492675864312271725, -0.29, -0.135, 0.478, 0.754, -2.015, -0.032
2017-04-20 10:11:04,315, 1492675864315486474, -0.401, -0.184, 0.483, 0.937, -2.123, 0.02
2017-04-20 10:11:04,317, 1492675864317258681, -0.473, -0.228, 0.369, 1.035, -2.175, -0.073
2017-04-20 10:11:04,318, 1492675864318487710, -0.474, -0.222, 0.303, 1.123, -2.12, -0.159
2017-04-20 10:11:04,320, 1492675864320293733, -0.416, -0.219, 0.325, 1.163, -2.015, -0.102
2017-04-20 10:11:04,321, 1492675864321495902, -0.358, -0.203, 0.376, 1.283, -1.955, -0.057
2017-04-20 10:11:04,323, 1492675864323447349, -0.322, -0.208, 0.397, 1.361, -1.883, 0.003
2017-04-20 10:11:04,325, 1492675864325431676, -0.31, -0.232, 0.306, 1.417, -1.836, 0.065
2017-04-20 10:11:04,327, 1492675864327369668, -0.331, -0.248, 0.206, 1.479, -1.807, 0.081
2017-04-20 10:11:04,336, 1492675864332058598, -0.356, -0.264, 0.192, 1.575, -1.849, 0.053
2017-04-20 10:11:04,337, 1492675864337498013, -0.318, -0.249, 0.141, 1.372, -1.57, 0.049
2017-04-20 10:11:04,340, 1492675864339623945, -0.337, -0.223, 0.1, 1.326, -1.587, 0.041
2017-04-20 10:11:04,341, 1492675864341462733, -0.31, -0.183, 0.078, 1.226, -1.483, 0.044
2017-04-20 10:11:04,343, 1492675864343367787, -0.226, -0.159, 0.091, 1.118, -1.325, -0.004
2017-04-20 10:11:04,345, 1492675864345331214, -0.183, -0.17, 0.127, 0.97, -1.214, -0.045
2017-04-20 10:11:04,347, 1492675864347377800, -0.231, -0.165, 0.159, 0.826, -1.24, -0.02
2017-04-20 10:11:04,349, 1492675864349347780, -0.244, -0.127, 0.102, 0.686, -1.178, -0.028
2017-04-20 10:11:04,351, 1492675864351376779, -0.219, -0.091, 0.028, 0.558, -1.086, -0.064
2017-04-20 10:11:04,353, 1492675864353515769, -0.205, -0.075, 0.072, 0.394, -1.007, -0.037
2017-04-20 10:11:04,355, 1492675864355356604, -0.181, -0.081, 0.159, 0.259, -0.901, 0.004
2017-04-20 10:11:04,357, 1492675864357334481, -0.159, -0.077, 0.118, 0.196, -0.829, 0.012
2017-04-20 10:11:04,359, 1492675864359379505, -0.153, -0.04, 0.042, 0.15, -0.77, -0.061
2017-04-20 10:11:04,369, 1492675864364070371, -0.178, -0.02, 0.066, 0.157, -0.762, -0.064
2017-04-20 10:11:04,371, 1492675864370510442, -0.142, -0.01, 0.059, 0.18, -0.585, -0.013
2017-04-20 10:11:04,372, 1492675864372296672, -0.158, -0.025, 0.051, 0.195, -0.571, -0.008
2017-04-20 10:11:04,374, 1492675864374360304, -0.149, -0.047, 0.011, 0.233, -0.539, 0.004
2017-04-20 10:11:04,376, 1492675864376450747, -0.129, -0.053, 0.018, 0.269, -0.515, 0.0
2017-04-20 10:11:04,380, 1492675864380477580, -0.125, -0.063, 0.015, 0.408, -0.549, -0.028
2017-04-20 10:11:04,382, 1492675864382412890, -0.124, -0.062, -0.032, 0.435, -0.567, -0.02
2017-04-20 10:11:04,383, 1492675864383498527, -0.134, -0.084, -0.038, 0.465, -0.602, 0.0
2017-04-20 10:11:04,385, 1492675864385280534, -0.129, -0.079, -0.025, 0.482, -0.618, 0.0
2017-04-20 10:11:04,386, 1492675864386490601, -0.136, -0.083, -0.007, 0.526, -0.646, 0.003
2017-04-20 10:11:04,393, 1492675864393523456, -0.165, -0.109, -0.038, 0.55, -0.825, 0.377
2017-04-20 10:11:04,395, 1492675864395426586, -0.17, -0.125, -0.045, 0.561, -0.819, 0.36
2017-04-20 10:11:04,397, 1492675864397382857, -0.154, -0.088, -0.049, 0.515, -0.782, 0.296
2017-04-20 10:11:04,399, 1492675864399379099, -0.147, -0.101, -0.08, 0.526, -0.739, 0.296
2017-04-20 10:11:04,401, 1492675864401598564, -0.157, -0.1, -0.053, 0.515, -0.705, 0.3
2017-04-20 10:11:04,403, 1492675864403640916, -0.181, -0.099, -0.048, 0.465, -0.695, 0.243
2017-04-20 10:11:04,405, 1492675864405436029, -0.173, -0.081, -0.052, 0.464, -0.648, 0.195
2017-04-20 10:11:04,407, 1492675864407394563, -0.156, -0.071, -0.029, 0.475, -0.582, 0.146
2017-04-20 10:11:04,409, 1492675864409370834, -0.136, -0.073, -0.043, 0.472, -0.555, 0.057
2017-04-20 10:11:04,411, 1492675864411386682, -0.138, -0.069, -0.034, 0.455, -0.547, 0.044
2017-04-20 10:11:04,413, 1492675864413361613, -0.128, -0.057, -0.054, 0.414, -0.54, 0.105
2017-04-20 10:11:04,415, 1492675864415398267, -0.126, -0.039, -0.065, 0.366, -0.544, 0.106
2017-04-20 10:11:04,417, 1492675864417350176, -0.118, -0.038, -0.044, 0.342, -0.553, 0.077
2017-04-20 10:11:04,419, 1492675864419507333, -0.114, -0.033, -0.052, 0.297, -0.553, 0.057
2017-04-20 10:11:04,421, 1492675864421358949, -0.102, -0.04, -0.045, 0.268, -0.56, 0.065
2017-04-20 10:11:04,423, 1492675864423399842, -0.096, -0.042, -0.054, 0.239, -0.571, 0.041
2017-04-20 10:11:04,425, 1492675864425337328, -0.11, -0.032, -0.06, 0.214, -0.569, 0.049
2017-04-20 10:11:04,427, 1492675864427375489, -0.099, -0.024, -0.076, 0.189, -0.575, 0.093
2017-04-20 10:11:04,429, 1492675864429401773, -0.104, -0.024, -0.112, 0.168, -0.553, 0.138
2017-04-20 10:11:04,431, 1492675864431349071, -0.1, -0.014, -0.042, 0.146, -0.526, 0.125
2017-04-20 10:11:04,433, 1492675864433725613, -0.127, -0.009, -0.035, 0.096, -0.544, 0.122
2017-04-20 10:11:04,435, 1492675864435499466, -0.159, -0.02, -0.13, 0.063, -0.553, 0.13
2017-04-20 10:11:04,442, 1492675864442476874, -0.139, -0.029, -0.127, 0.015, -0.506, 0.126
2017-04-20 10:11:04,443, 1492675864443458885, -0.143, -0.036, -0.09, 0.044, -0.544, 0.15
2017-04-20 10:11:04,446, 1492675864446356230, -0.144, -0.032, 0.014, 0.096, -0.567, 0.174
2017-04-20 10:11:04,448, 1492675864448362905, -0.114, -0.036, -0.074, 0.167, -0.518, 0.174
2017-04-20 10:11:04,450, 1492675864450338753, -0.103, -0.059, -0.154, 0.227, -0.516, 0.19
2017-04-20 10:11:04,452, 1492675864452580342, -0.122, -0.089, -0.064, 0.262, -0.564, 0.187
2017-04-20 10:11:04,454, 1492675864454457054, -0.118, -0.077, -0.028, 0.327, -0.565, 0.155
2017-04-20 10:11:04,456, 1492675864456393138, -0.116, -0.069, -0.146, 0.369, -0.511, 0.11
2017-04-20 10:11:04,458, 1492675864458322986, -0.096, -0.072, -0.141, 0.402, -0.49, 0.077
2017-04-20 10:11:04,460, 1492675864460491787, -0.107, -0.088, -0.009, 0.428, -0.49, 0.077
2017-04-20 10:11:04,462, 1492675864462265904, -0.111, -0.083, -0.041, 0.465, -0.474, 0.036
2017-04-20 10:11:04,464, 1492675864464354289, -0.088, -0.073, -0.135, 0.503, -0.438, 0.052
2017-04-20 10:11:04,470, 1492675864469947330, -0.113, -0.049, -0.033, 0.463, -0.456, 0.109
2017-04-20 10:11:04,471, 1492675864471469914, -0.096, -0.057, -0.104, 0.415, -0.434, 0.158
2017-04-20 10:11:04,474, 1492675864474147697, -0.098, -0.048, -0.051, 0.361, -0.452, 0.171
2017-04-20 10:11:04,475, 1492675864475491104, -0.125, -0.042, -0.01, 0.325, -0.479, 0.118
2017-04-20 10:11:04,477, 1492675864477450354, -0.104, -0.041, -0.05, 0.306, -0.453, 0.069
2017-04-20 10:11:04,479, 1492675864479493544, -0.094, -0.043, -0.076, 0.279, -0.442, 0.041
2017-04-20 10:11:04,481, 1492675864481466987, -0.112, -0.033, -0.012, 0.263, -0.474, 0.028
2017-04-20 10:11:04,483, 1492675864483519550, -0.114, -0.044, -0.008, 0.253, -0.507, 0.044
2017-04-20 10:11:04,485, 1492675864485467597, -0.113, -0.044, -0.075, 0.248, -0.524, 0.093
2017-04-20 10:11:04,488, 1492675864487925247, -0.126, -0.032, -0.07, 0.244, -0.549, 0.15
2017-04-20 10:11:04,489, 1492675864489478398, -0.124, -0.042, -0.029, 0.247, -0.609, 0.162
2017-04-20 10:11:04,491, 1492675864491503578, -0.139, -0.051, -0.081, 0.24, -0.627, 0.195
2017-04-20 10:11:04,493, 1492675864493493519, -0.145, -0.045, -0.122, 0.228, -0.645, 0.215
2017-04-20 10:11:04,495, 1492675864495506370, -0.136, -0.044, -0.083, 0.202, -0.66, 0.231
2017-04-20 10:11:04,497, 1492675864497475089, -0.141, -0.048, -0.068, 0.163, -0.67, 0.182
2017-04-20 10:11:04,507, 1492675864506821257, -0.136, -0.04, -0.107, 0.072, -0.63, 0.166
2017-04-20 10:11:04,510, 1492675864510504975, -0.12, -0.02, -0.054, -0.029, -0.538, 0.093
2017-04-20 10:11:04,513, 1492675864512423040, -0.126, -0.02, -0.064, -0.017, -0.515, 0.052
2017-04-20 10:11:04,514, 1492675864514475743, -0.098, -0.014, -0.089, 0.005, -0.468, 0.044
2017-04-20 10:11:04,516, 1492675864516505588, -0.099, -0.014, -0.061, 0.011, -0.436, 0.025
2017-04-20 10:11:04,518, 1492675864518311882, -0.099, -0.011, -0.05, 0.013, -0.436, 0.0
2017-04-20 10:11:04,519, 1492675864519496240, -0.107, -0.018, -0.059, 0.015, -0.43, 0.028
2017-04-20 10:11:04,521, 1492675864521282018, -0.099, -0.02, -0.064, 0.013, -0.425, 0.041
2017-04-20 10:11:04,523, 1492675864522579799, -0.097, -0.012, -0.052, 0.015, -0.411, 0.061
2017-04-20 10:11:04,529, 1492675864529479729, -0.111, -0.036, -0.05, 0.074, -0.439, 0.122
2017-04-20 10:11:04,531, 1492675864531390847, -0.114, -0.027, -0.059, 0.091, -0.447, 0.093
2017-04-20 10:11:04,540, 1492675864539677827, -0.108, -0.037, -0.079, 0.176, -0.49, 0.101
2017-04-20 10:11:04,541, 1492675864541522810, -0.115, -0.053, -0.077, 0.237, -0.538, 0.138
2017-04-20 10:11:04,543, 1492675864543472947, -0.122, -0.056, -0.096, 0.25, -0.565, 0.133
2017-04-20 10:11:04,545, 1492675864545478850, -0.136, -0.059, -0.09, 0.263, -0.594, 0.142
2017-04-20 10:11:04,547, 1492675864547458817, -0.145, -0.066, -0.087, 0.284, -0.612, 0.142
2017-04-20 10:11:04,549, 1492675864549516085, -0.157, -0.078, -0.111, 0.32, -0.623, 0.146
2017-04-20 10:11:04,551, 1492675864551468061, -0.163, -0.098, -0.1, 0.369, -0.657, 0.15
2017-04-20 10:11:04,553, 1492675864553558896, -0.195, -0.108, -0.11, 0.441, -0.717, 0.138
2017-04-20 10:11:04,555, 1492675864555539434, -0.215, -0.144, -0.118, 0.537, -0.774, 0.162
2017-04-20 10:11:04,557, 1492675864557482570, -0.214, -0.149, -0.158, 0.632, -0.785, 0.191
2017-04-20 10:11:04,559, 1492675864559443431, -0.223, -0.151, -0.14, 0.714, -0.819, 0.182
2017-04-20 10:11:04,561, 1492675864561472133, -0.252, -0.165, -0.164, 0.766, -0.911, 0.22
2017-04-20 10:11:04,563, 1492675864563474412, -0.288, -0.19, -0.191, 0.829, -0.999, 0.304
2017-04-20 10:11:04,566, 1492675864565692392, -0.313, -0.206, -0.24, 0.931, -1.094, 0.268
2017-04-20 10:11:04,567, 1492675864567477159, -0.306, -0.199, -0.233, 1.056, -1.17, 0.268
2017-04-20 10:11:04,569, 1492675864569537112, -0.302, -0.21, -0.235, 1.153, -1.228, 0.276
2017-04-20 10:11:04,571, 1492675864571573199, -0.303, -0.211, -0.271, 1.208, -1.31, 0.328
2017-04-20 10:11:04,577, 1492675864577572995, -0.311, -0.206, -0.266, 1.219, -1.388, 0.345
2017-04-20 10:11:04,579, 1492675864579435670, -0.318, -0.187, -0.34, 0.987, -1.499, 0.203
2017-04-20 10:11:04,581, 1492675864581458245, -0.318, -0.16, -0.296, 0.875, -1.504, 0.141
2017-04-20 10:11:04,583, 1492675864583539686, -0.285, -0.145, -0.275, 0.736, -1.478, 0.122
2017-04-20 10:11:04,585, 1492675864585517273, -0.267, -0.129, -0.31, 0.604, -1.396, 0.081
2017-04-20 10:11:04,589, 1492675864589451695, -0.323, -0.117, -0.272, 0.378, -1.372, -0.162
2017-04-20 10:11:04,590, 1492675864590600336, -0.299, -0.12, -0.299, 0.34, -1.335, -0.138
2017-04-20 10:11:04,592, 1492675864592354471, -0.3, -0.11, -0.308, 0.294, -1.266, -0.069
2017-04-20 10:11:04,593, 1492675864593494423, -0.316, -0.118, -0.255, 0.243, -1.286, -0.037
2017-04-20 10:11:04,595, 1492675864595464000, -0.344, -0.113, -0.214, 0.238, -1.312, -0.004
2017-04-20 10:11:04,597, 1492675864597486170, -0.311, -0.128, -0.239, 0.288, -1.266, 0.097
2017-04-20 10:11:04,601, 1492675864601513484, -0.364, -0.131, -0.319, 0.464, -1.348, 0.155
2017-04-20 10:11:04,608, 1492675864608408729, -0.368, -0.141, -0.305, 0.549, -1.336, 0.284
2017-04-20 10:11:04,609, 1492675864609445161, -0.342, -0.219, -0.362, 0.931, -1.332, 0.337
2017-04-20 10:11:04,612, 1492675864612307759, -0.383, -0.209, -0.4, 1.058, -1.516, 0.455
2017-04-20 10:11:04,613, 1492675864613456220, -0.343, -0.196, -0.425, 1.116, -1.35, 0.426
2017-04-20 10:11:04,615, 1492675864615479827, -0.271, -0.17, -0.403, 1.155, -1.275, 0.417
2017-04-20 10:11:04,618, 1492675864618247416, -0.29, -0.205, -0.382, 1.121, -1.216, 0.296
2017-04-20 10:11:04,619, 1492675864619768173, -0.296, -0.193, -0.362, 1.091, -1.109, 0.272
2017-04-20 10:11:04,622, 1492675864622470431, -0.301, -0.177, -0.445, 1.021, -1.021, 0.279
2017-04-20 10:11:04,623, 1492675864623507416, -0.309, -0.169, -0.453, 0.962, -0.935, 0.243
2017-04-20 10:11:04,625, 1492675864625437302, -0.358, -0.186, -0.356, 0.908, -0.953, 0.317
2017-04-20 10:11:04,628, 1492675864628302301, -0.425, -0.18, -0.367, 0.933, -1.071, 0.386
2017-04-20 10:11:04,629, 1492675864629481448, -0.363, -0.189, -0.426, 1.012, -0.924, 0.434
2017-04-20 10:11:04,632, 1492675864632328344, -0.298, -0.136, -0.357, 1.168, -1.047, 0.58
2017-04-20 10:11:04,634, 1492675864634239330, -0.227, -0.082, -0.276, 1.124, -0.953, 0.511
2017-04-20 10:11:04,636, 1492675864636318557, -0.164, -0.077, -0.341, 1.067, -0.867, 0.474
2017-04-20 10:11:04,641, 1492675864640226477, -0.206, -0.075, -0.388, 0.925, -0.894, 0.596
2017-04-20 10:11:04,645, 1492675864645490088, -0.237, -0.119, -0.44, 1.114, -0.783, 0.467
2017-04-20 10:11:04,647, 1492675864647319317, -0.179, -0.12, -0.408, 1.218, -0.767, 0.487
2017-04-20 10:11:04,649, 1492675864649517307, -0.034, -0.045, -0.184, 1.213, -0.443, 0.503
2017-04-20 10:11:04,652, 1492675864652717637, -0.015, -0.036, -0.176, 1.14, -0.329, 0.35
2017-04-20 10:11:04,654, 1492675864654642568, -0.14, -0.065, -0.416, 0.781, -0.29, 0.32
2017-04-20 10:11:04,657, 1492675864656629084, -0.243, -0.069, -0.249, 0.744, -0.38, 0.304
2017-04-20 10:11:04,658, 1492675864658466078, -0.203, -0.02, -0.234, 0.789, -0.393, 0.247
2017-04-20 10:11:04,661, 1492675864660316173, -0.058, -0.04, -0.405, 0.812, -0.203, 0.243
2017-04-20 10:11:04,663, 1492675864662765377, 0.095, -0.048, -0.298, 0.831, 0.022, 0.482
2017-04-20 10:11:04,669, 1492675864669468987, -0.139, -0.006, -0.415, 0.852, -0.149, 0.317
2017-04-20 10:11:04,671, 1492675864671344066, -0.149, 0.004, -0.297, 0.957, -0.241, 0.284
2017-04-20 10:11:04,676, 1492675864676420376, 0.02, 0.024, -0.221, 1.145, -0.16, 0.26
2017-04-20 10:11:04,678, 1492675864678357084, 0.212, 0.065, -0.106, 0.49, 0.34, 0.503
2017-04-20 10:11:04,680, 1492675864680475421, -0.06, 0.083, -0.307, 0.393, 0.049, 0.288
2017-04-20 10:11:04,682, 1492675864682378683, -0.113, 0.084, -0.487, 0.388, -0.005, 0.495
2017-04-20 10:11:04,684, 1492675864684312457, -0.008, 0.104, -0.392, 0.358, 0.097, 0.564
2017-04-20 10:11:04,686, 1492675864686315692, 0.235, 0.113, -0.015, 0.289, 0.474, 0.431
2017-04-20 10:11:04,688, 1492675864688270166, 0.393, 0.132, -0.068, 0.209, 0.728, 0.317
2017-04-20 10:11:04,690, 1492675864690333076, 0.338, 0.161, -0.204, 0.075, 0.876, 0.341
2017-04-20 10:11:04,692, 1492675864692232673, 0.064, 0.131, -0.151, 0.009, 0.526, 0.426
2017-04-20 10:11:04,694, 1492675864694306334, -0.087, 0.089, -0.274, 0.021, 0.34, 0.442
2017-04-20 10:11:04,696, 1492675864696298600, 0.021, 0.113, -0.458, 0.064, 0.495, 0.39
2017-04-20 10:11:04,698, 1492675864698284996, 0.307, 0.19, -0.191, 0.081, 0.729, 0.422
2017-04-20 10:11:04,700, 1492675864700257908, 0.504, 0.301, 0.13, -0.152, 1.07, 0.345
2017-04-20 10:11:04,701, 1492675864701483841, 0.49, 0.295, -0.018, -0.506, 1.124, 0.604
2017-04-20 10:11:04,705, 1492675864705444571, 0.031, 0.215, -0.14, -0.905, 0.691, 0.528
2017-04-20 10:11:04,707, 1492675864707304715, 0.003, 0.255, -0.041, -0.936, 0.634, 0.462
2017-04-20 10:11:04,709, 1492675864709504104, 0.269, 0.292, -0.256, -0.887, 0.925, 0.406
2017-04-20 10:11:04,711, 1492675864711362534, 0.421, 0.278, -0.264, -0.831, 1.117, 0.442
2017-04-20 10:11:04,713, 1492675864713557528, 0.51, 0.277, 0.061, -0.944, 1.332, 0.45
2017-04-20 10:11:04,715, 1492675864715445312, 0.435, 0.326, 0.095, -1.069, 1.277, 0.369
2017-04-20 10:11:04,717, 1492675864717466727, 0.35, 0.329, -0.282, -1.205, 1.317, 0.369
2017-04-20 10:11:04,719, 1492675864719320340, 0.266, 0.332, -0.201, -1.381, 1.287, 0.434
2017-04-20 10:11:04,720, 1492675864720453867, 0.251, 0.345, -0.001, -1.568, 1.256, 0.349
2017-04-20 10:11:04,721, 1492675864721513852, 0.286, 0.325, -0.014, -1.606, 1.322, 0.268
2017-04-20 10:11:04,724, 1492675864724325663, 0.313, 0.244, -0.252, -1.682, 1.388, 0.296
2017-04-20 10:11:04,730, 1492675864730434305, 0.379, 0.384, -0.178, -1.524, 1.501, 0.162
2017-04-20 10:11:04,731, 1492675864731463721, 0.44, 0.388, -0.243, -1.588, 1.584, 0.223
2017-04-20 10:11:04,734, 1492675864734315430, 0.424, 0.345, -0.085, -1.656, 1.546, 0.398
2017-04-20 10:11:04,736, 1492675864736315310, 0.449, 0.343, -0.155, -1.744, 1.693, 0.337
2017-04-20 10:11:04,738, 1492675864738298081, 0.413, 0.36, -0.307, -1.822, 1.65, 0.256
2017-04-20 10:11:04,745, 1492675864745487233, 0.426, 0.426, -0.178, -2.221, 1.805, 0.256
2017-04-20 10:11:04,747, 1492675864747346512, 0.433, 0.429, -0.118, -2.251, 1.77, 0.292
2017-04-20 10:11:04,749, 1492675864749410831, 0.433, 0.446, -0.057, -2.28, 1.843, 0.28
2017-04-20 10:11:04,751, 1492675864751414027, 0.426, 0.462, -0.208, -2.296, 1.852, 0.122
2017-04-20 10:11:04,753, 1492675864753341783, 0.407, 0.448, -0.124, -2.398, 1.925, 0.117
2017-04-20 10:11:04,755, 1492675864755355342, 0.4, 0.415, -0.064, -2.493, 1.944, 0.134
2017-04-20 10:11:04,757, 1492675864757463343, 0.456, 0.428, -0.113, -2.591, 2.047, 0.171
2017-04-20 10:11:04,761, 1492675864761514359, 0.388, 0.422, -0.08, -2.707, 2.09, 0.155
2017-04-20 10:11:04,763, 1492675864763298706, 0.364, 0.418, -0.138, -2.707, 2.106, 0.122
2017-04-20 10:11:04,765, 1492675864765380775, 0.39, 0.398, -0.207, -2.672, 2.23, 0.085
2017-04-20 10:11:04,769, 1492675864769462415, 0.372, 0.344, -0.154, -2.572, 2.279, 0.061
2017-04-20 10:11:04,770, 1492675864770486909, 0.356, 0.347, -0.197, -2.577, 2.285, 0.077
2017-04-20 10:11:04,772, 1492675864772283322, 0.32, 0.368, -0.231, -2.571, 2.271, 0.065
2017-04-20 10:11:04,773, 1492675864773500553, 0.288, 0.362, -0.232, -2.606, 2.281, 0.036
2017-04-20 10:11:04,775, 1492675864775469098, 0.303, 0.364, -0.209, -2.654, 2.304, 0.053
2017-04-20 10:11:04,778, 1492675864777486528, 0.294, 0.365, -0.231, -2.74, 2.342, 0.044
2017-04-20 10:11:04,779, 1492675864779342862, 0.305, 0.369, -0.248, -2.776, 2.325, 0.105
2017-04-20 10:11:04,781, 1492675864781386366, 0.316, 0.369, -0.243, -2.776, 2.332, 0.122
2017-04-20 10:11:04,783, 1492675864783362623, 0.319, 0.375, -0.253, -2.771, 2.339, 0.057
2017-04-20 10:11:04,785, 1492675864785370499, 0.322, 0.382, -0.258, -2.755, 2.298, 0.06
2017-04-20 10:11:04,787, 1492675864787338542, 0.339, 0.407, -0.25, -2.755, 2.301, 0.069
2017-04-20 10:11:04,789, 1492675864789402419, 0.338, 0.387, -0.273, -2.744, 2.262, 0.085
2017-04-20 10:11:04,791, 1492675864791413074, 0.35, 0.384, -0.241, -2.73, 2.258, 0.101
2017-04-20 10:11:04,793, 1492675864793370940, 0.315, 0.377, -0.243, -2.697, 2.193, 0.041
2017-04-20 10:11:04,795, 1492675864795464705, 0.287, 0.38, -0.26, -2.651, 2.127, 0.033
2017-04-20 10:11:04,798, 1492675864797471672, 0.298, 0.374, -0.229, -2.635, 2.138, 0.057
2017-04-20 10:11:04,799, 1492675864799523490, 0.311, 0.368, -0.214, -2.678, 2.162, 0.053
2017-04-20 10:11:04,801, 1492675864801403219, 0.304, 0.364, -0.196, -2.745, 2.17, 0.069
2017-04-20 10:11:04,803, 1492675864803405624, 0.292, 0.375, -0.178, -2.776, 2.156, 0.069
2017-04-20 10:11:04,809, 1492675864808964725, 0.277, 0.361, -0.158, -2.786, 2.153, 0.073
2017-04-20 10:11:04,811, 1492675864810642857, 0.257, 0.345, -0.128, -2.854, 2.091, 0.049
2017-04-20 10:11:04,812, 1492675864812534094, 0.255, 0.363, -0.153, -2.838, 2.057, 0.082
2017-04-20 10:11:04,814, 1492675864814481180, 0.239, 0.377, -0.163, -2.823, 2.027, 0.069
2017-04-20 10:11:04,816, 1492675864816473752, 0.255, 0.387, -0.14, -2.801, 1.995, 0.077
2017-04-20 10:11:04,818, 1492675864818442428, 0.257, 0.362, -0.15, -2.781, 1.967, 0.082
2017-04-20 10:11:04,820, 1492675864820491311, 0.253, 0.357, -0.15, -2.749, 1.935, 0.101
2017-04-20 10:11:04,822, 1492675864822777069, 0.24, 0.349, -0.128, -2.726, 1.912, 0.093
2017-04-20 10:11:04,828, 1492675864828456212, 0.207, 0.348, -0.124, -2.695, 1.834, 0.093
2017-04-20 10:11:04,829, 1492675864829624456, 0.202, 0.333, -0.133, -2.689, 1.811, 0.114
2017-04-20 10:11:04,832, 1492675864832323184, 0.181, 0.322, -0.157, -2.668, 1.786, 0.101
2017-04-20 10:11:04,834, 1492675864834296623, 0.161, 0.311, -0.158, -2.622, 1.765, 0.073
2017-04-20 10:11:04,836, 1492675864836315571, 0.163, 0.321, -0.159, -2.546, 1.746, 0.077
2017-04-20 10:11:04,838, 1492675864838282854, 0.161, 0.31, -0.175, -2.479, 1.76, 0.093
2017-04-20 10:11:04,845, 1492675864844797244, 0.183, 0.276, -0.153, -2.176, 1.793, 0.106
2017-04-20 10:11:04,846, 1492675864846494350, 0.187, 0.265, -0.147, -2.097, 1.774, 0.126
2017-04-20 10:11:04,848, 1492675864848512749, 0.186, 0.25, -0.123, -2.04, 1.731, 0.114
2017-04-20 10:11:04,850, 1492675864850472239, 0.175, 0.252, -0.139, -2.015, 1.699, 0.122
2017-04-20 10:11:04,852, 1492675864852491961, 0.191, 0.251, -0.135, -1.993, 1.678, 0.146
2017-04-20 10:11:04,854, 1492675864854450039, 0.194, 0.252, -0.115, -1.983, 1.653, 0.114
2017-04-20 10:11:04,856, 1492675864856478253, 0.192, 0.25, -0.111, -1.965, 1.636, 0.09
2017-04-20 10:11:04,858, 1492675864858439217, 0.195, 0.236, -0.101, -1.947, 1.63, 0.093
2017-04-20 10:11:04,860, 1492675864860489709, 0.201, 0.233, -0.066, -1.936, 1.603, 0.122
2017-04-20 10:11:04,862, 1492675864862447077, 0.174, 0.224, -0.139, -1.913, 1.592, 0.114
2017-04-20 10:11:04,864, 1492675864864469355, 0.184, 0.244, -0.059, -1.86, 1.579, 0.105
2017-04-20 10:11:04,866, 1492675864866439828, 0.199, 0.276, 0.006, -1.877, 1.599, 0.13
2017-04-20 10:11:04,868, 1492675864868478006, 0.178, 0.241, -0.105, -1.922, 1.591, 0.125
2017-04-20 10:11:04,870, 1492675864870444114, 0.147, 0.214, -0.067, -1.917, 1.538, 0.142
2017-04-20 10:11:04,872, 1492675864872488619, 0.145, 0.244, 0.037, -1.9, 1.498, 0.133
2017-04-20 10:11:04,877, 1492675864877493576, 0.127, 0.227, -0.011, -1.893, 1.451, 0.101
2017-04-20 10:11:04,879, 1492675864879319501, 0.102, 0.208, 0.018, -1.85, 1.404, 0.109
2017-04-20 10:11:04,881, 1492675864881391035, 0.136, 0.213, -0.112, -1.771, 1.424, 0.118
2017-04-20 10:11:04,883, 1492675864883427914, 0.162, 0.219, -0.112, -1.65, 1.456, 0.138
2017-04-20 10:11:04,885, 1492675864885358212, 0.142, 0.191, -0.031, -1.541, 1.442, 0.122
2017-04-20 10:11:04,887, 1492675864887406568, 0.149, 0.159, -0.117, -1.403, 1.432, 0.093
2017-04-20 10:11:04,889, 1492675864889339337, 0.162, 0.142, -0.158, -1.317, 1.463, 0.11
2017-04-20 10:11:04,891, 1492675864891406735, 0.17, 0.159, -0.106, -1.264, 1.461, 0.114
2017-04-20 10:11:04,893, 1492675864893371021, 0.17, 0.13, -0.107, -1.246, 1.448, 0.134
2017-04-20 10:11:04,895, 1492675864895423353, 0.173, 0.138, -0.148, -1.256, 1.423, 0.126
2017-04-20 10:11:04,897, 1492675864897369753, 0.174, 0.152, -0.124, -1.269, 1.371, 0.166
2017-04-20 10:11:04,899, 1492675864899476927, 0.173, 0.171, -0.14, -1.306, 1.355, 0.154
2017-04-20 10:11:04,901, 1492675864901452780, 0.159, 0.168, -0.169, -1.306, 1.309, 0.15
2017-04-20 10:11:04,903, 1492675864903523389, 0.148, 0.178, -0.121, -1.299, 1.283, 0.187
2017-04-20 10:11:04,905, 1492675864905407246, 0.158, 0.187, -0.125, -1.3, 1.3, 0.207
2017-04-20 10:11:04,907, 1492675864907390002, 0.16, 0.188, -0.117, -1.299, 1.314, 0.179
2017-04-20 10:11:04,913, 1492675864912477048, 0.145, 0.192, -0.085, -1.289, 1.313, 0.166
2017-04-20 10:11:04,914, 1492675864914471396, 0.14, 0.195, -0.084, -1.305, 1.309, 0.19
2017-04-20 10:11:04,918, 1492675864917686086, 0.133, 0.212, -0.041, -1.337, 1.263, 0.19
2017-04-20 10:11:04,920, 1492675864920492469, 0.147, 0.188, -0.047, -1.367, 1.236, 0.198
2017-04-20 10:11:04,922, 1492675864922342628, 0.147, 0.178, -0.037, -1.382, 1.236, 0.19
2017-04-20 10:11:04,924, 1492675864924389575, 0.137, 0.169, -0.023, -1.395, 1.24, 0.182
2017-04-20 10:11:04,926, 1492675864926440292, 0.139, 0.157, -0.033, -1.382, 1.246, 0.179
2017-04-20 10:11:04,928, 1492675864928424483, 0.138, 0.164, -0.055, -1.368, 1.251, 0.158
2017-04-20 10:11:04,930, 1492675864930376749, 0.133, 0.151, -0.051, -1.358, 1.236, 0.171
2017-04-20 10:11:04,932, 1492675864932349566, 0.14, 0.163, -0.069, -1.346, 1.221, 0.199
2017-04-20 10:11:04,934, 1492675864934460757, 0.142, 0.152, -0.055, -1.338, 1.227, 0.215
2017-04-20 10:11:04,936, 1492675864936346448, 0.146, 0.171, -0.072, -1.33, 1.217, 0.223
2017-04-20 10:11:04,938, 1492675864938311450, 0.136, 0.185, -0.08, -1.311, 1.193, 0.211
2017-04-20 10:11:04,941, 1492675864940958441, 0.135, 0.19, -0.103, -1.289, 1.18, 0.212
2017-04-20 10:11:04,943, 1492675864942914151, 0.12, 0.166, -0.105, -1.249, 1.165, 0.199
2017-04-20 10:11:04,949, 1492675864944689502, 0.134, 0.159, -0.102, -1.203, 1.156, 0.203
2017-04-20 10:11:04,950, 1492675864946764983, 0.133, 0.154, -0.111, -1.173, 1.167, 0.198
2017-04-20 10:11:04,950, 1492675864948541734, 0.143, 0.159, -0.114, -1.129, 1.165, 0.203
2017-04-20 10:11:04,955, 1492675864954981764, 0.128, 0.16, -0.103, -1.103, 1.17, 0.203
2017-04-20 10:11:04,956, 1492675864956489348, 0.153, 0.142, -0.086, -1.053, 1.215, 0.15
2017-04-20 10:11:04,958, 1492675864958456638, 0.151, 0.138, -0.09, -1.053, 1.217, 0.138
2017-04-20 10:11:04,960, 1492675864960495417, 0.146, 0.146, -0.078, -1.065, 1.212, 0.155
2017-04-20 10:11:04,962, 1492675864962461784, 0.134, 0.147, -0.069, -1.068, 1.214, 0.162
2017-04-20 10:11:04,964, 1492675864964469916, 0.131, 0.16, -0.061, -1.083, 1.212, 0.166
2017-04-20 10:11:04,966, 1492675864966441406, 0.13, 0.153, -0.06, -1.086, 1.204, 0.179
2017-04-20 10:11:04,968, 1492675864968472789, 0.126, 0.161, -0.061, -1.091, 1.202, 0.195
2017-04-20 10:11:04,970, 1492675864970456667, 0.137, 0.163, -0.048, -1.088, 1.204, 0.182
2017-04-20 10:11:04,972, 1492675864972494705, 0.125, 0.167, -0.057, -1.088, 1.21, 0.195
2017-04-20 10:11:04,974, 1492675864974476282, 0.138, 0.152, -0.055, -1.093, 1.213, 0.19
2017-04-20 10:11:04,976, 1492675864976508858, 0.146, 0.163, -0.054, -1.097, 1.218, 0.203
2017-04-20 10:11:04,978, 1492675864978598481, 0.145, 0.16, -0.034, -1.101, 1.221, 0.187
2017-04-20 10:11:04,981, 1492675864980514233, 0.157, 0.152, -0.064, -1.103, 1.215, 0.187
2017-04-20 10:11:04,988, 1492675864988450734, 0.151, 0.134, -0.076, -1.014, 1.143, 0.174
2017-04-20 10:11:04,990, 1492675864990332825, 0.138, 0.116, -0.061, -0.998, 1.138, 0.182
2017-04-20 10:11:04,996, 1492675864996471891, 0.125, 0.141, -0.083, -0.975, 1.115, 0.182
2017-04-20 10:11:04,997, 1492675864997513389, 0.127, 0.146, -0.078, -0.976, 1.109, 0.187
2017-04-20 10:11:05,000, 1492675865000325181, 0.124, 0.157, -0.089, -0.976, 1.116, 0.171
2017-04-20 10:11:05,005, 1492675865003422230, 0.117, 0.155, -0.076, -0.985, 1.12, 0.187
2017-04-20 10:11:05,005, 1492675865005313141, 0.12, 0.147, -0.091, -1.002, 1.122, 0.179
2017-04-20 10:11:05,006, 1492675865006495866, 0.109, 0.15, -0.092, -1.015, 1.12, 0.171
2017-04-20 10:11:05,008, 1492675865008343351, 0.108, 0.145, -0.07, -1.021, 1.118, 0.174
2017-04-20 10:11:05,010, 1492675865010482432, 0.108, 0.139, -0.078, -1.022, 1.113, 0.174
2017-04-20 10:11:05,012, 1492675865012318698, 0.124, 0.154, -0.073, -1.028, 1.123, 0.171
2017-04-20 10:11:05,014, 1492675865014506915, 0.133, 0.149, -0.076, -1.037, 1.131, 0.171
2017-04-20 10:11:05,016, 1492675865016382484, 0.127, 0.142, -0.074, -1.038, 1.119, 0.191
2017-04-20 10:11:05,022, 1492675865022342850, 0.134, 0.15, -0.074, -1.055, 1.15, 0.163
2017-04-20 10:11:05,023, 1492675865023470185, 0.15, 0.155, -0.058, -1.078, 1.155, 0.174
2017-04-20 10:11:05,025, 1492675865025491903, 0.142, 0.15, -0.055, -1.107, 1.15, 0.179
2017-04-20 10:11:05,034, 1492675865034107499, 0.123, 0.17, -0.07, -1.187, 1.124, 0.174
2017-04-20 10:11:05,036, 1492675865036500988, 0.108, 0.163, -0.058, -1.191, 1.118, 0.174
2017-04-20 10:11:05,038, 1492675865038461438, 0.117, 0.158, -0.047, -1.19, 1.12, 0.179
2017-04-20 10:11:05,040, 1492675865040495215, 0.102, 0.134, -0.046, -1.172, 1.119, 0.15
2017-04-20 10:11:05,042, 1492675865042465965, 0.081, 0.112, -0.045, -1.145, 1.105, 0.155
2017-04-20 10:11:05,044, 1492675865044514215, 0.069, 0.103, -0.053, -1.108, 1.089, 0.13
2017-04-20 10:11:05,046, 1492675865046481711, 0.043, 0.094, -0.06, -1.058, 1.057, 0.141
2017-04-20 10:11:05,048, 1492675865048501232, 0.034, 0.073, -0.065, -0.993, 1.015, 0.125
2017-04-20 10:11:05,053, 1492675865053515124, 0.015, 0.044, -0.146, -0.744, 0.934, 0.235
2017-04-20 10:11:05,055, 1492675865055429302, 0.013, 0.025, -0.174, -0.648, 0.895, 0.219
2017-04-20 10:11:05,062, 1492675865062060539, -0.014, 0.023, -0.249, -0.382, 0.775, 0.268
2017-04-20 10:11:05,063, 1492675865063489284, -0.044, 0.013, -0.276, -0.289, 0.726, 0.268
2017-04-20 10:11:05,065, 1492675865065466642, -0.029, 0.016, -0.3, -0.228, 0.713, 0.244
2017-04-20 10:11:05,068, 1492675865068134827, -0.044, 0.02, -0.311, -0.191, 0.711, 0.268
2017-04-20 10:11:05,069, 1492675865069458336, -0.054, 0.004, -0.323, -0.129, 0.676, 0.272
2017-04-20 10:11:05,071, 1492675865071496617, -0.065, 0.006, -0.347, -0.105, 0.657, 0.272
2017-04-20 10:11:05,073, 1492675865073447550, -0.067, -0.003, -0.35, -0.085, 0.648, 0.264
2017-04-20 10:11:05,075, 1492675865075490861, -0.047, -0.011, -0.337, -0.076, 0.673, 0.26
2017-04-20 10:11:05,077, 1492675865077458243, -0.033, -0.004, -0.345, -0.063, 0.666, 0.256
2017-04-20 10:11:05,079, 1492675865079506653, -0.045, -0.013, -0.36, -0.076, 0.666, 0.252
2017-04-20 10:11:05,081, 1492675865081449226, -0.055, -0.017, -0.361, -0.081, 0.647, 0.268
2017-04-20 10:11:05,083, 1492675865083489184, -0.053, -0.02, -0.361, -0.1, 0.646, 0.264
2017-04-20 10:11:05,086, 1492675865085751030, -0.062, -0.019, -0.355, -0.11, 0.629, 0.293
2017-04-20 10:11:05,088, 1492675865088323700, -0.04, -0.011, -0.378, -0.096, 0.607, 0.293
2017-04-20 10:11:05,089, 1492675865089456857, -0.045, -0.014, -0.373, -0.076, 0.608, 0.284
2017-04-20 10:11:05,091, 1492675865091613699, -0.047, -0.022, -0.337, -0.074, 0.576, 0.279
2017-04-20 10:11:05,093, 1492675865093430728, -0.033, -0.005, -0.34, -0.075, 0.55, 0.26
2017-04-20 10:11:05,095, 1492675865095486303, -0.028, 0.003, -0.41, -0.077, 0.56, 0.227
2017-04-20 10:11:05,097, 1492675865097446346, -0.01, 0.025, -0.402, -0.132, 0.571, 0.288
2017-04-20 10:11:05,099, 1492675865099478362, -0.029, -0.002, -0.405, -0.161, 0.55, 0.345
2017-04-20 10:11:05,105, 1492675865105467708, 0.009, 0.035, -0.489, -0.207, 0.682, 0.243
2017-04-20 10:11:05,106, 1492675865106473116, -0.009, 0.037, -0.491, -0.181, 0.685, 0.309
2017-04-20 10:11:05,109, 1492675865109425932, -0.053, -0.003, -0.558, -0.141, 0.646, 0.296
2017-04-20 10:11:05,111, 1492675865111417592, -0.068, -0.006, -0.595, -0.049, 0.564, 0.312
2017-04-20 10:11:05,120, 1492675865116118236, -0.056, 0.01, -0.538, 0.046, 0.59, 0.182
2017-04-20 10:11:05,120, 1492675865118394802, -0.01, 0.037, -0.641, 0.318, 0.432, 0.353
2017-04-20 10:11:05,120, 1492675865119448175, 0.029, 0.047, -0.602, 0.326, 0.522, 0.227
2017-04-20 10:11:05,121, 1492675865121488081, 0.1, 0.085, -0.627, 0.287, 0.568, 0.219
2017-04-20 10:11:05,123, 1492675865123498610, 0.136, 0.134, -0.654, 0.145, 0.626, 0.309
2017-04-20 10:11:05,125, 1492675865125480989, 0.156, 0.127, -0.616, -0.001, 0.671, 0.393
2017-04-20 10:11:05,127, 1492675865127459056, 0.201, 0.163, -0.621, -0.26, 0.794, 0.374
2017-04-20 10:11:05,129, 1492675865129501672, 0.188, 0.177, -0.6, -0.458, 0.803, 0.386
2017-04-20 10:11:05,131, 1492675865131464940, 0.221, 0.219, -0.532, -0.704, 0.957, 0.414
2017-04-20 10:11:05,133, 1492675865133458290, 0.221, 0.229, -0.565, -0.844, 0.889, 0.528
2017-04-20 10:11:05,135, 1492675865135447993, 0.26, 0.285, -0.469, -0.985, 0.965, 0.539
2017-04-20 10:11:05,137, 1492675865137486491, 0.335, 0.316, -0.338, -1.207, 1.145, 0.503
2017-04-20 10:11:05,139, 1492675865139452072, 0.372, 0.33, -0.346, -1.399, 1.187, 0.556
2017-04-20 10:11:05,141, 1492675865141467359, 0.365, 0.365, -0.331, -1.619, 1.301, 0.548
2017-04-20 10:11:05,143, 1492675865143445804, 0.364, 0.387, -0.396, -1.804, 1.398, 0.58
2017-04-20 10:11:05,145, 1492675865145529550, 0.307, 0.327, -0.321, -2.048, 1.347, 0.869
2017-04-20 10:11:05,147, 1492675865147423148, 0.23, 0.344, -0.353, -2.478, 1.429, 1.153
2017-04-20 10:11:05,149, 1492675865149491216, 0.27, 0.284, -0.297, -2.655, 1.612, 1.352
2017-04-20 10:11:05,151, 1492675865151451135, 0.381, 0.426, -0.315, -2.774, 1.823, 1.299
2017-04-20 10:11:05,158, 1492675865158426799, 0.565, 0.455, -0.391, -2.318, 1.812, 0.885
2017-04-20 10:11:05,159, 1492675865159445009, 0.505, 0.401, -0.672, -2.314, 1.726, 1.189
2017-04-20 10:11:05,162, 1492675865162339271, 0.497, 0.527, -0.712, -2.319, 1.63, 1.015
2017-04-20 10:11:05,164, 1492675865164309276, 0.56, 0.558, -0.633, -2.375, 1.783, 0.706
2017-04-20 10:11:05,166, 1492675865166287855, 0.581, 0.516, -0.716, -2.47, 1.876, 0.726
2017-04-20 10:11:05,168, 1492675865168255040, 0.595, 0.521, -0.783, -2.526, 1.862, 1.023
2017-04-20 10:11:05,170, 1492675865170309704, 0.643, 0.535, -0.681, -2.685, 2.019, 1.092
2017-04-20 10:11:05,172, 1492675865172296003, 0.646, 0.549, -0.935, -2.75, 2.065, 0.986
2017-04-20 10:11:05,174, 1492675865174293157, 0.587, 0.599, -1.075, -2.667, 1.95, 1.246
2017-04-20 10:11:05,176, 1492675865176268930, 0.609, 0.677, -1.276, -2.531, 1.825, 1.324
2017-04-20 10:11:05,178, 1492675865178318451, 0.658, 0.703, -1.819, -2.448, 1.986, 0.99
2017-04-20 10:11:05,180, 1492675865180348730, 0.539, 0.592, -1.92, -1.999, 1.695, 0.422
2017-04-20 10:11:05,186, 1492675865186479046, 0.423, 0.463, -1.971, -1.566, 1.522, 0.837
2017-04-20 10:11:05,188, 1492675865188280654, 0.534, 0.433, -1.954, -1.557, 1.813, 1.043
2017-04-20 10:11:05,190, 1492675865190474172, 0.79, 0.458, -1.936, -1.822, 2.29, 0.877
2017-04-20 10:11:05,193, 1492675865192477226, 0.746, 0.452, -1.961, -1.798, 2.116, 0.409
2017-04-20 10:11:05,194, 1492675865194375570, 0.634, 0.464, -1.994, -1.877, 1.917, 0.844
2017-04-20 10:11:05,197, 1492675865197253256, 0.478, 0.416, -2.007, -1.944, 1.85, 1.027
2017-04-20 10:11:05,198, 1492675865198482319, 0.364, 0.379, -2.046, -1.943, 1.753, 0.612
2017-04-20 10:11:05,200, 1492675865200352787, 0.473, 0.359, -2.033, -1.934, 2.035, 0.393
2017-04-20 10:11:05,202, 1492675865202361152, 0.588, 0.359, -2.027, -1.923, 2.296, 0.722
2017-04-20 10:11:05,204, 1492675865204446124, 0.614, 0.302, -2.042, -1.978, 2.474, 0.796
2017-04-20 10:11:05,206, 1492675865206469713, 0.468, 0.316, -2.027, -2.061, 2.267, 0.682
2017-04-20 10:11:05,208, 1492675865208419389, 0.318, 0.361, -2.063, -2.171, 2.13, 0.661
2017-04-20 10:11:05,210, 1492675865210393062, 0.268, 0.429, -2.098, -2.345, 2.139, 0.791
2017-04-20 10:11:05,212, 1492675865212323066, 0.289, 0.473, -2.095, -2.474, 2.191, 0.897
2017-04-20 10:11:05,214, 1492675865214489780, 0.392, 0.443, -2.11, -2.424, 2.373, 0.751
2017-04-20 10:11:05,216, 1492675865216347856, 0.449, 0.376, -2.105, -2.305, 2.447, 0.845
2017-04-20 10:11:05,218, 1492675865218495563, 0.425, 0.322, -2.107, -2.28, 2.43, 0.938
2017-04-20 10:11:05,220, 1492675865220446695, 0.335, 0.303, -2.144, -2.289, 2.228, 0.885
2017-04-20 10:11:05,228, 1492675865227370709, 0.285, 0.35, -2.167, -2.371, 2.107, 0.758
2017-04-20 10:11:05,230, 1492675865230314734, 0.339, 0.321, -2.174, -2.278, 2.135, 0.588
2017-04-20 10:11:05,231, 1492675865231493539, 0.334, 0.144, -2.288, -2.241, 2.215, 0.613
2017-04-20 10:11:05,233, 1492675865233853542, 0.36, 0.114, -2.915, -3.079, 2.376, 0.588
2017-04-20 10:11:05,235, 1492675865235498813, 0.272, 0.431, -3.188, -3.466, 2.198, 0.572
2017-04-20 10:11:05,237, 1492675865237275829, 0.226, 0.575, -2.544, -2.849, 2.005, 0.479
2017-04-20 10:11:05,239, 1492675865239282674, 0.226, 0.517, -2.428, -2.58, 2.016, 0.458
2017-04-20 10:11:05,240, 1492675865240445178, 0.289, 0.426, -2.664, -2.821, 1.99, 0.621
2017-04-20 10:11:05,242, 1492675865242563572, 0.304, 0.268, -3.091, -2.43, 2.061, 0.495
2017-04-20 10:11:05,244, 1492675865244500154, 0.283, 0.316, -2.763, -2.151, 1.911, 0.544
2017-04-20 10:11:05,246, 1492675865246477273, 0.244, 0.443, -2.836, -2.361, 1.852, 0.698
2017-04-20 10:11:05,249, 1492675865249253030, 0.199, 0.469, -3.043, -2.334, 1.773, 0.576
2017-04-20 10:11:05,251, 1492675865251297924, 0.267, 0.437, -2.949, -2.32, 1.813, 0.674
2017-04-20 10:11:05,253, 1492675865253572542, 0.25, 0.342, -3.025, -2.581, 1.778, 0.75
2017-04-20 10:11:05,255, 1492675865255451878, 0.283, 0.282, -3.175, -2.638, 1.865, 0.666
2017-04-20 10:11:05,257, 1492675865257274720, 0.32, 0.303, -3.109, -2.558, 1.981, 0.731
2017-04-20 10:11:05,259, 1492675865259319088, 0.333, 0.365, -3.123, -2.659, 2.064, 0.669
2017-04-20 10:11:05,260, 1492675865260466762, 0.331, 0.379, -3.089, -2.714, 2.104, 0.617
2017-04-20 10:11:05,265, 1492675865265653084, 0.37, 0.363, -3.155, -2.637, 2.198, 0.734
2017-04-20 10:11:05,267, 1492675865267584578, 0.37, 0.368, -3.136, -2.604, 2.194, 0.699
2017-04-20 10:11:05,269, 1492675865269551548, 0.294, 0.371, -3.032, -2.504, 2.074, 0.71
2017-04-20 10:11:05,271, 1492675865271447609, 0.264, 0.365, -3.037, -2.452, 2.02, 0.775
2017-04-20 10:11:05,273, 1492675865273478925, 0.26, 0.407, -2.938, -2.416, 2.029, 0.772
2017-04-20 10:11:05,275, 1492675865275419721, 0.317, 0.379, -2.991, -2.349, 2.132, 0.747
2017-04-20 10:11:05,277, 1492675865277493504, 0.314, 0.308, -3.016, -2.324, 2.136, 0.742
2017-04-20 10:11:05,279, 1492675865279479516, 0.31, 0.267, -2.965, -2.39, 2.07, 0.775
2017-04-20 10:11:05,281, 1492675865281485133, 0.297, 0.263, -3.02, -2.462, 2.044, 0.739
2017-04-20 10:11:05,283, 1492675865283451336, 0.272, 0.276, -3.04, -2.441, 1.948, 0.691
2017-04-20 10:11:05,285, 1492675865285460523, 0.243, 0.279, -3.075, -2.347, 1.871, 0.658
2017-04-20 10:11:05,287, 1492675865287454445, 0.241, 0.245, -3.156, -2.241, 1.827, 0.653
2017-04-20 10:11:05,290, 1492675865290378501, 0.254, 0.213, -3.144, -2.082, 1.768, 0.658
2017-04-20 10:11:05,291, 1492675865291530896, 0.258, 0.211, -3.151, -1.862, 1.767, 0.649
2017-04-20 10:11:05,293, 1492675865293503654, 0.248, 0.226, -3.169, -1.773, 1.733, 0.658
2017-04-20 10:11:05,295, 1492675865295462830, 0.225, 0.282, -3.199, -1.626, 1.679, 0.653
2017-04-20 10:11:05,297, 1492675865297579205, 0.229, 0.302, -3.193, -1.526, 1.654, 0.653
2017-04-20 10:11:05,299, 1492675865299458020, 0.228, 0.287, -3.206, -1.49, 1.634, 0.682
2017-04-20 10:11:05,301, 1492675865301484903, 0.229, 0.271, -3.198, -1.477, 1.611, 0.674
2017-04-20 10:11:05,303, 1492675865303439150, 0.238, 0.275, -3.179, -1.449, 1.586, 0.674
2017-04-20 10:11:05,305, 1492675865305465661, 0.22, 0.287, -3.127, -1.49, 1.536, 0.645
2017-04-20 10:11:05,307, 1492675865307457954, 0.215, 0.287, -3.062, -1.584, 1.49, 0.653
2017-04-20 10:11:05,309, 1492675865309501731, 0.221, 0.273, -2.949, -1.677, 1.465, 0.658
2017-04-20 10:11:05,311, 1492675865311452087, 0.231, 0.27, -2.92, -1.788, 1.464, 0.62
2017-04-20 10:11:05,313, 1492675865313490338, 0.234, 0.26, -2.899, -1.945, 1.475, 0.601
2017-04-20 10:11:05,320, 1492675865317663394, 0.18, 0.286, -2.896, -2.277, 1.478, 0.601
2017-04-20 10:11:05,321, 1492675865319501820, 0.178, 0.294, -2.859, -2.349, 1.486, 0.612
2017-04-20 10:11:05,322, 1492675865322433223, 0.211, 0.331, -2.777, -2.428, 1.563, 0.653
2017-04-20 10:11:05,325, 1492675865325477044, 0.209, 0.348, -2.755, -2.544, 1.606, 0.65
2017-04-20 10:11:05,327, 1492675865327454801, 0.19, 0.356, -2.684, -2.539, 1.558, 0.694
2017-04-20 10:11:05,329, 1492675865329481476, 0.217, 0.392, -2.702, -2.646, 1.582, 0.699
2017-04-20 10:11:05,333, 1492675865333048362, 0.236, 0.414, -2.673, -2.721, 1.586, 0.666
2017-04-20 10:11:05,334, 1492675865334496735, 0.204, 0.375, -2.652, -2.671, 1.494, 0.723
2017-04-20 10:11:05,339, 1492675865339346669, 0.252, 0.353, -2.635, -2.647, 1.539, 0.694
2017-04-20 10:11:05,340, 1492675865340484266, 0.252, 0.338, -2.624, -2.602, 1.556, 0.669
2017-04-20 10:11:05,342, 1492675865342461452, 0.228, 0.326, -2.623, -2.546, 1.518, 0.666
2017-04-20 10:11:05,344, 1492675865344501904, 0.22, 0.33, -2.638, -2.52, 1.506, 0.649
2017-04-20 10:11:05,346, 1492675865346474211, 0.214, 0.326, -2.65, -2.5, 1.506, 0.669
2017-04-20 10:11:05,349, 1492675865349338003, 0.205, 0.324, -2.685, -2.415, 1.456, 0.691
2017-04-20 10:11:05,350, 1492675865350444999, 0.183, 0.332, -2.65, -2.281, 1.422, 0.674
2017-04-20 10:11:05,352, 1492675865352456287, 0.192, 0.342, -2.656, -2.134, 1.42, 0.682
2017-04-20 10:11:05,360, 1492675865360175648, 0.188, 0.317, -2.585, -1.799, 1.405, 0.686
2017-04-20 10:11:05,362, 1492675865361968801, 0.201, 0.294, -2.645, -1.68, 1.39, 0.698
2017-04-20 10:11:05,363, 1492675865363462271, 0.205, 0.29, -2.626, -1.679, 1.368, 0.677
2017-04-20 10:11:05,365, 1492675865365466161, 0.185, 0.269, -2.639, -1.689, 1.331, 0.707
2017-04-20 10:11:05,367, 1492675865367429409, 0.189, 0.254, -2.601, -1.697, 1.315, 0.723
2017-04-20 10:11:05,369, 1492675865369461402, 0.196, 0.227, -2.578, -1.705, 1.337, 0.698
2017-04-20 10:11:05,371, 1492675865371452913, 0.207, 0.222, -2.588, -1.722, 1.356, 0.698
2017-04-20 10:11:05,373, 1492675865373454043, 0.197, 0.225, -2.555, -1.713, 1.367, 0.71
2017-04-20 10:11:05,375, 1492675865375434871, 0.201, 0.225, -2.545, -1.713, 1.374, 0.726
2017-04-20 10:11:05,377, 1492675865377501917, 0.192, 0.235, -2.557, -1.732, 1.4, 0.718
2017-04-20 10:11:05,379, 1492675865379409274, 0.186, 0.249, -2.553, -1.751, 1.417, 0.706
2017-04-20 10:11:05,381, 1492675865381498269, 0.186, 0.252, -2.544, -1.759, 1.444, 0.707
2017-04-20 10:11:05,383, 1492675865383426790, 0.184, 0.264, -2.522, -1.793, 1.488, 0.715
2017-04-20 10:11:05,392, 1492675865388586933, 0.209, 0.28, -2.49, -1.835, 1.534, 0.71
2017-04-20 10:11:05,392, 1492675865391477485, 0.256, 0.273, -2.426, -1.957, 1.629, 0.735
2017-04-20 10:11:05,393, 1492675865393355476, 0.259, 0.282, -2.421, -1.975, 1.639, 0.747
2017-04-20 10:11:05,394, 1492675865394442003, 0.266, 0.282, -2.414, -1.977, 1.631, 0.772
2017-04-20 10:11:05,396, 1492675865396457508, 0.258, 0.271, -2.417, -1.96, 1.625, 0.7