2017-04-20 10:09:16,101, 1492675756100840264, 0.182, 0.15, -0.071, -0.869, 1.699, 0.133
2017-04-20 10:09:16,103, 1492675756103170698, 0.184, 0.142, -0.067, -0.864, 1.708, 0.122
2017-04-20 10:09:16,105, 1492675756105105461, 0.177, 0.131, -0.054, -0.874, 1.696, 0.133
2017-04-20 10:09:16,107, 1492675756107124338, 0.172, 0.139, -0.049, -0.88, 1.691, 0.138
2017-04-20 10:09:16,109, 1492675756109090428, 0.173, 0.15, -0.059, -0.869, 1.68, 0.125
2017-04-20 10:09:16,111, 1492675756111102047, 0.166, 0.132, -0.057, -0.861, 1.652, 0.138
2017-04-20 10:09:16,113, 1492675756113106887, 0.17, 0.145, -0.042, -0.847, 1.627, 0.154
2017-04-20 10:09:16,115, 1492675756115125352, 0.166, 0.154, -0.057, -0.834, 1.617, 0.133
2017-04-20 10:09:16,117, 1492675756117073858, 0.169, 0.159, -0.062, -0.813, 1.602, 0.162
2017-04-20 10:09:16,120, 1492675756120495145, 0.169, 0.151, -0.062, -0.793, 1.585, 0.166
2017-04-20 10:09:16,122, 1492675756122259152, 0.176, 0.142, -0.048, -0.768, 1.566, 0.179
2017-04-20 10:09:16,130, 1492675756130110908, 0.177, 0.133, -0.047, -0.746, 1.529, 0.146
2017-04-20 10:09:16,132, 1492675756131932310, 0.173, 0.134, -0.058, -0.754, 1.522, 0.13
2017-04-20 10:09:16,134, 1492675756134024719, 0.167, 0.107, -0.052, -0.759, 1.516, 0.133
2017-04-20 10:09:16,136, 1492675756136084902, 0.155, 0.117, -0.059, -0.75, 1.5, 0.146
2017-04-20 10:09:16,141, 1492675756141320086, 0.159, 0.112, -0.061, -0.731, 1.483, 0.133
2017-04-20 10:09:16,143, 1492675756143106137, 0.148, 0.098, -0.077, -0.654, 1.432, 0.15
2017-04-20 10:09:16,145, 1492675756145132138, 0.155, 0.098, -0.064, -0.628, 1.407, 0.141
2017-04-20 10:09:16,147, 1492675756147086737, 0.154, 0.105, -0.077, -0.601, 1.387, 0.174
2017-04-20 10:09:16,149, 1492675756149122489, 0.141, 0.108, -0.088, -0.575, 1.353, 0.182
2017-04-20 10:09:16,151, 1492675756151141319, 0.142, 0.119, -0.068, -0.556, 1.332, 0.187
2017-04-20 10:09:16,153, 1492675756153126859, 0.137, 0.111, -0.077, -0.551, 1.316, 0.215
2017-04-20 10:09:16,155, 1492675756155081214, 0.141, 0.117, -0.089, -0.535, 1.3, 0.207
2017-04-20 10:09:16,157, 1492675756157133489, 0.138, 0.111, -0.097, -0.516, 1.288, 0.215
2017-04-20 10:09:16,159, 1492675756159088392, 0.14, 0.111, -0.113, -0.489, 1.281, 0.198
2017-04-20 10:09:16,161, 1492675756161116663, 0.142, 0.125, -0.054, -0.465, 1.299, 0.195
2017-04-20 10:09:16,163, 1492675756163111205, 0.157, 0.135, -0.055, -0.509, 1.332, 0.207
2017-04-20 10:09:16,165, 1492675756165146106, 0.14, 0.107, -0.088, -0.541, 1.324, 0.195
2017-04-20 10:09:16,167, 1492675756167085751, 0.121, 0.114, -0.041, -0.557, 1.311, 0.187
2017-04-20 10:09:16,172, 1492675756172407523, 0.148, 0.134, -0.003, -0.588, 1.353, 0.162
2017-04-20 10:09:16,174, 1492675756174094683, 0.122, 0.092, 0.012, -0.647, 1.35, 0.146
2017-04-20 10:09:16,176, 1492675756176095460, 0.131, 0.112, -0.007, -0.632, 1.328, 0.154
2017-04-20 10:09:16,178, 1492675756178092049, 0.163, 0.12, -0.066, -0.597, 1.356, 0.138
2017-04-20 10:09:16,180, 1492675756180108797, 0.155, 0.114, -0.017, -0.557, 1.329, 0.138
2017-04-20 10:09:16,182, 1492675756182102716, 0.132, 0.1, 0.001, -0.516, 1.281, 0.125
2017-04-20 10:09:16,184, 1492675756184099868, 0.144, 0.087, -0.058, -0.471, 1.259, 0.162
2017-04-20 10:09:16,186, 1492675756186103839, 0.146, 0.094, -0.072, -0.436, 1.257, 0.182
2017-04-20 10:09:16,188, 1492675756188100194, 0.13, 0.098, -0.064, -0.41, 1.222, 0.171
2017-04-20 10:09:16,190, 1492675756190101285, 0.137, 0.079, -0.074, -0.402, 1.218, 0.212
2017-04-20 10:09:16,192, 1492675756192120340, 0.148, 0.078, -0.089, -0.411, 1.219, 0.239
2017-04-20 10:09:16,194, 1492675756194098852, 0.142, 0.094, -0.07, -0.436, 1.232, 0.223
2017-04-20 10:09:16,196, 1492675756196129353, 0.135, 0.1, -0.1, -0.439, 1.236, 0.179
2017-04-20 10:09:16,198, 1492675756198087905, 0.142, 0.092, -0.094, -0.44, 1.248, 0.179
2017-04-20 10:09:16,200, 1492675756200136819, 0.139, 0.093, -0.073, -0.467, 1.282, 0.195
2017-04-20 10:09:16,202, 1492675756202078680, 0.15, 0.091, -0.064, -0.49, 1.309, 0.146
2017-04-20 10:09:16,210, 1492675756210111082, 0.158, 0.116, -0.058, -0.407, 1.331, 0.122
2017-04-20 10:09:16,212, 1492675756211928859, 0.141, 0.103, -0.063, -0.377, 1.311, 0.125
2017-04-20 10:09:16,214, 1492675756213990624, 0.152, 0.095, -0.04, -0.353, 1.271, 0.158
2017-04-20 10:09:16,216, 1492675756215976668, 0.142, 0.097, -0.057, -0.328, 1.248, 0.154
2017-04-20 10:09:16,218, 1492675756218028288, 0.14, 0.1, -0.068, -0.327, 1.218, 0.162
2017-04-20 10:09:16,220, 1492675756219944412, 0.131, 0.083, -0.048, -0.339, 1.172, 0.215
2017-04-20 10:09:16,222, 1492675756222155098, 0.135, 0.074, -0.051, -0.352, 1.141, 0.243
2017-04-20 10:09:16,224, 1492675756224109087, 0.124, 0.071, -0.056, -0.367, 1.139, 0.239
2017-04-20 10:09:16,226, 1492675756226128479, 0.131, 0.087, -0.055, -0.375, 1.126, 0.227
2017-04-20 10:09:16,228, 1492675756227928213, 0.116, 0.082, -0.031, -0.378, 1.124, 0.247
2017-04-20 10:09:16,230, 1492675756229999740, 0.112, 0.075, -0.039, -0.392, 1.151, 0.243
2017-04-20 10:09:16,232, 1492675756231960934, 0.123, 0.082, -0.054, -0.414, 1.184, 0.215
2017-04-20 10:09:16,239, 1492675756236852891, 0.124, 0.089, -0.036, -0.42, 1.199, 0.207
2017-04-20 10:09:16,239, 1492675756238142553, 0.138, 0.09, -0.06, -0.431, 1.247, 0.117
2017-04-20 10:09:16,240, 1492675756240126413, 0.148, 0.101, -0.038, -0.437, 1.26, 0.105
2017-04-20 10:09:16,242, 1492675756242134269, 0.154, 0.097, -0.04, -0.432, 1.262, 0.105
2017-04-20 10:09:16,244, 1492675756244104541, 0.141, 0.1, -0.049, -0.423, 1.247, 0.093
2017-04-20 10:09:16,246, 1492675756246096477, 0.146, 0.096, -0.07, -0.404, 1.232, 0.081
2017-04-20 10:09:16,248, 1492675756248117443, 0.136, 0.093, -0.077, -0.374, 1.215, 0.101
2017-04-20 10:09:16,250, 1492675756250126865, 0.14, 0.083, -0.079, -0.343, 1.195, 0.15
2017-04-20 10:09:16,252, 1492675756252119588, 0.146, 0.099, -0.072, -0.322, 1.173, 0.171
2017-04-20 10:09:16,254, 1492675756254759210, 0.147, 0.086, -0.08, -0.316, 1.157, 0.171
2017-04-20 10:09:16,262, 1492675756262125122, 0.128, 0.096, -0.057, -0.39, 1.147, 0.227
2017-04-20 10:09:16,264, 1492675756264195317, 0.133, 0.092, -0.066, -0.415, 1.16, 0.227
2017-04-20 10:09:16,266, 1492675756266026109, 0.125, 0.089, -0.045, -0.43, 1.171, 0.219
2017-04-20 10:09:16,268, 1492675756267999141, 0.114, 0.094, -0.052, -0.432, 1.18, 0.198
2017-04-20 10:09:16,270, 1492675756270011011, 0.124, 0.088, -0.063, -0.43, 1.188, 0.198
2017-04-20 10:09:16,274, 1492675756272145905, 0.137, 0.089, -0.041, -0.42, 1.201, 0.198
2017-04-20 10:09:16,279, 1492675756279087024, 0.138, 0.088, -0.054, -0.354, 1.194, 0.158
2017-04-20 10:09:16,281, 1492675756280936436, 0.139, 0.093, -0.068, -0.336, 1.199, 0.179
2017-04-20 10:09:16,283, 1492675756283008519, 0.159, 0.091, -0.059, -0.334, 1.209, 0.146
2017-04-20 10:09:16,285, 1492675756285125163, 0.145, 0.091, -0.057, -0.334, 1.205, 0.146
2017-04-20 10:09:16,287, 1492675756287114323, 0.147, 0.079, -0.055, -0.339, 1.193, 0.146
2017-04-20 10:09:16,288, 1492675756288337229, 0.154, 0.097, -0.066, -0.344, 1.189, 0.141
2017-04-20 10:09:16,291, 1492675756290957963, 0.136, 0.09, -0.066, -0.359, 1.191, 0.13
2017-04-20 10:09:16,293, 1492675756292972257, 0.136, 0.089, -0.05, -0.368, 1.182, 0.158
2017-04-20 10:09:16,295, 1492675756295019900, 0.134, 0.087, -0.07, -0.369, 1.168, 0.179
2017-04-20 10:09:16,297, 1492675756297075565, 0.121, 0.083, -0.063, -0.355, 1.143, 0.203
2017-04-20 10:09:16,299, 1492675756299117561, 0.103, 0.077, -0.072, -0.338, 1.12, 0.203
2017-04-20 10:09:16,308, 1492675756304837726, 0.103, 0.063, -0.065, -0.315, 1.104, 0.215
2017-04-20 10:09:16,310, 1492675756310138683, 0.085, 0.046, -0.099, -0.185, 1.03, 0.235
2017-04-20 10:09:16,312, 1492675756311998988, 0.087, 0.041, -0.092, -0.175, 1.034, 0.227
2017-04-20 10:09:16,314, 1492675756314039422, 0.084, 0.039, -0.099, -0.156, 1.038, 0.219
2017-04-20 10:09:16,316, 1492675756316009919, 0.084, 0.034, -0.096, -0.143, 1.038, 0.187
2017-04-20 10:09:16,318, 1492675756318026069, 0.081, 0.038, -0.084, -0.132, 1.047, 0.203
2017-04-20 10:09:16,320, 1492675756319995421, 0.09, 0.06, -0.108, -0.128, 1.062, 0.171
2017-04-20 10:09:16,322, 1492675756322084192, 0.106, 0.065, -0.094, -0.139, 1.076, 0.179
2017-04-20 10:09:16,324, 1492675756324077121, 0.105, 0.062, -0.092, -0.146, 1.089, 0.158
2017-04-20 10:09:16,326, 1492675756325999896, 0.089, 0.059, -0.107, -0.156, 1.093, 0.15
2017-04-20 10:09:16,328, 1492675756328006984, 0.096, 0.063, -0.121, -0.16, 1.1, 0.146
2017-04-20 10:09:16,330, 1492675756329998720, 0.1, 0.07, -0.102, -0.16, 1.099, 0.174
2017-04-20 10:09:16,332, 1492675756331967139, 0.107, 0.064, -0.097, -0.17, 1.102, 0.158
2017-04-20 10:09:16,334, 1492675756334020003, 0.098, 0.056, -0.105, -0.177, 1.087, 0.174
2017-04-20 10:09:16,336, 1492675756336054956, 0.086, 0.048, -0.106, -0.187, 1.078, 0.195
2017-04-20 10:09:16,338, 1492675756338013478, 0.088, 0.053, -0.112, -0.175, 1.053, 0.223
2017-04-20 10:09:16,340, 1492675756340008591, 0.085, 0.045, -0.143, -0.175, 1.047, 0.223
2017-04-20 10:09:16,345, 1492675756344686087, 0.076, 0.038, -0.125, -0.173, 1.023, 0.219
2017-04-20 10:09:16,346, 1492675756346067733, 0.083, 0.038, -0.138, -0.139, 0.991, 0.247
2017-04-20 10:09:16,348, 1492675756348102181, 0.071, 0.034, -0.164, -0.12, 0.97, 0.239
2017-04-20 10:09:16,350, 1492675756350090687, 0.081, 0.045, -0.182, -0.099, 0.978, 0.235
2017-04-20 10:09:16,352, 1492675756352114460, 0.083, 0.039, -0.181, -0.095, 0.991, 0.263
2017-04-20 10:09:16,354, 1492675756354072105, 0.099, 0.056, -0.193, -0.106, 1.006, 0.252
2017-04-20 10:09:16,356, 1492675756356107579, 0.1, 0.055, -0.189, -0.132, 1.027, 0.247
2017-04-20 10:09:16,358, 1492675756358074381, 0.088, 0.051, -0.203, -0.142, 1.021, 0.235
2017-04-20 10:09:16,360, 1492675756360138892, 0.092, 0.067, -0.224, -0.14, 1.038, 0.211
2017-04-20 10:09:16,362, 1492675756362102229, 0.09, 0.059, -0.2, -0.135, 1.056, 0.235
2017-04-20 10:09:16,364, 1492675756364104425, 0.114, 0.07, -0.222, -0.126, 1.061, 0.227
2017-04-20 10:09:16,366, 1492675756366085338, 0.102, 0.045, -0.231, -0.113, 1.065, 0.239
2017-04-20 10:09:16,368, 1492675756368106670, 0.126, 0.058, -0.222, -0.096, 1.076, 0.247
2017-04-20 10:09:16,370, 1492675756370074051, 0.12, 0.059, -0.26, -0.085, 1.068, 0.227
2017-04-20 10:09:16,372, 1492675756372129306, 0.111, 0.053, -0.264, -0.077, 1.05, 0.263
2017-04-20 10:09:16,378, 1492675756378067653, 0.111, 0.055, -0.288, -0.055, 1.028, 0.247
2017-04-20 10:09:16,379, 1492675756379118361, 0.115, 0.056, -0.271, -0.041, 1.053, 0.255
2017-04-20 10:09:16,381, 1492675756381901127, 0.116, 0.065, -0.277, -0.015, 1.027, 0.239
2017-04-20 10:09:16,384, 1492675756384009313, 0.132, 0.072, -0.268, -0.03, 1.063, 0.182
2017-04-20 10:09:16,385, 1492675756385887938, 0.126, 0.068, -0.253, -0.041, 1.071, 0.162
2017-04-20 10:09:16,388, 1492675756387936720, 0.118, 0.088, -0.232, -0.068, 1.076, 0.125
2017-04-20 10:09:16,389, 1492675756389911132, 0.124, 0.089, -0.283, -0.105, 1.095, 0.089
2017-04-20 10:09:16,392, 1492675756391919227, 0.099, 0.088, -0.251, -0.12, 1.097, 0.077
2017-04-20 10:09:16,394, 1492675756393932135, 0.119, 0.113, -0.255, -0.168, 1.148, 0.093
2017-04-20 10:09:16,396, 1492675756395933028, 0.134, 0.114, -0.256, -0.21, 1.218, 0.133
2017-04-20 10:09:16,398, 1492675756397921773, 0.133, 0.112, -0.276, -0.261, 1.281, 0.158
2017-04-20 10:09:16,400, 1492675756399965408, 0.133, 0.109, -0.297, -0.277, 1.295, 0.138
2017-04-20 10:09:16,401, 1492675756401904544, 0.132, 0.13, -0.295, -0.251, 1.314, 0.133
2017-04-20 10:09:16,404, 1492675756403976718, 0.144, 0.134, -0.301, -0.241, 1.372, 0.093
2017-04-20 10:09:16,412, 1492675756408622809, 0.147, 0.13, -0.305, -0.246, 1.384, 0.057
2017-04-20 10:09:16,414, 1492675756414173658, 0.168, 0.136, -0.346, -0.366, 1.484, 0.171
2017-04-20 10:09:16,416, 1492675756416067663, 0.178, 0.136, -0.344, -0.397, 1.486, 0.141
2017-04-20 10:09:16,418, 1492675756418054239, 0.168, 0.13, -0.386, -0.321, 1.509, 0.101
2017-04-20 10:09:16,420, 1492675756420095457, 0.172, 0.154, -0.358, -0.305, 1.487, 0.15
2017-04-20 10:09:16,422, 1492675756422116674, 0.193, 0.126, -0.334, -0.341, 1.523, 0.141
2017-04-20 10:09:16,424, 1492675756424184201, 0.148, 0.11, -0.419, -0.359, 1.473, 0.117
2017-04-20 10:09:16,426, 1492675756425999662, 0.15, 0.124, -0.398, -0.346, 1.457, 0.158
2017-04-20 10:09:16,428, 1492675756428022359, 0.143, 0.177, -0.348, -0.316, 1.448, 0.171
2017-04-20 10:09:16,430, 1492675756430029598, 0.152, 0.147, -0.404, -0.32, 1.479, 0.133
2017-04-20 10:09:16,432, 1492675756432008294, 0.18, 0.141, -0.428, -0.359, 1.5, 0.146
2017-04-20 10:09:16,434, 1492675756434050129, 0.191, 0.171, -0.326, -0.38, 1.557, 0.227
2017-04-20 10:09:16,436, 1492675756436035370, 0.192, 0.162, -0.405, -0.36, 1.593, 0.166
2017-04-20 10:09:16,438, 1492675756438074916, 0.219, 0.182, -0.447, -0.397, 1.645, 0.211
2017-04-20 10:09:16,440, 1492675756440026968, 0.23, 0.197, -0.377, -0.513, 1.689, 0.219
2017-04-20 10:09:16,445, 1492675756445044872, 0.219, 0.165, -0.418, -0.582, 1.697, 0.276
2017-04-20 10:09:16,446, 1492675756446101208, 0.244, 0.201, -0.438, -0.691, 1.779, 0.312
2017-04-20 10:09:16,449, 1492675756448920990, 0.273, 0.212, -0.456, -0.716, 1.87, 0.252
2017-04-20 10:09:16,450, 1492675756450894883, 0.221, 0.202, -0.477, -0.725, 1.818, 0.243
2017-04-20 10:09:16,452, 1492675756452108753, 0.21, 0.194, -0.473, -0.705, 1.782, 0.268
2017-04-20 10:09:16,455, 1492675756454897464, 0.26, 0.215, -0.463, -0.753, 1.915, 0.255
2017-04-20 10:09:16,456, 1492675756456096452, 0.257, 0.221, -0.433, -0.801, 1.935, 0.239
2017-04-20 10:09:16,458, 1492675756458902178, 0.241, 0.218, -0.447, -0.837, 1.92, 0.179
2017-04-20 10:09:16,460, 1492675756460139606, 0.279, 0.243, -0.436, -0.874, 1.983, 0.292
2017-04-20 10:09:16,462, 1492675756462077728, 0.282, 0.254, -0.445, -0.929, 2.005, 0.235
2017-04-20 10:09:16,465, 1492675756464931426, 0.315, 0.244, -0.352, -1.016, 2.054, 0.247
2017-04-20 10:09:16,466, 1492675756466901238, 0.303, 0.264, -0.383, -1.083, 2.071, 0.215
2017-04-20 10:09:16,469, 1492675756468931262, 0.364, 0.296, -0.57, -1.069, 2.176, 0.19
2017-04-20 10:09:16,474, 1492675756474067419, 0.445, 0.294, -0.568, -1.185, 2.226, 0.345
2017-04-20 10:09:16,475, 1492675756475115140, 0.396, 0.283, -0.649, -1.168, 2.098, 0.43
2017-04-20 10:09:16,481, 1492675756481018090, 0.399, 0.324, -0.697, -1.211, 2.141, 0.409
2017-04-20 10:09:16,486, 1492675756486122718, 0.406, 0.362, -0.542, -1.463, 2.202, 0.844
2017-04-20 10:09:16,488, 1492675756488003482, 0.357, 0.327, -0.512, -1.651, 2.194, 0.909
2017-04-20 10:09:16,490, 1492675756489988955, 0.262, 0.323, -0.456, -2.005, 2.175, 1.018
2017-04-20 10:09:16,492, 1492675756491960026, 0.308, 0.334, -0.377, -2.228, 2.39, 1.213
2017-04-20 10:09:16,494, 1492675756493971780, 0.433, 0.41, -0.529, -2.407, 2.678, 1.286
2017-04-20 10:09:16,496, 1492675756496105214, 0.593, 0.517, -0.61, -2.543, 2.959, 1.002
2017-04-20 10:09:16,498, 1492675756498075086, 0.536, 0.504, -0.333, -2.418, 2.745, 0.698
2017-04-20 10:09:16,500, 1492675756499942985, 0.46, 0.46, -0.333, -2.269, 2.595, 0.869
2017-04-20 10:09:16,502, 1492675756501981678, 0.409, 0.348, -0.682, -2.182, 2.512, 1.108
2017-04-20 10:09:16,504, 1492675756504039501, 0.337, 0.373, -0.633, -2.134, 2.36, 1.059
2017-04-20 10:09:16,506, 1492675756506006462, 0.419, 0.41, -0.463, -2.127, 2.487, 0.852
2017-04-20 10:09:16,508, 1492675756508000180, 0.502, 0.362, -0.66, -2.12, 2.585, 0.913
2017-04-20 10:09:16,513, 1492675756510021361, 0.515, 0.406, -0.625, -2.253, 2.636, 1.083
2017-04-20 10:09:16,513, 1492675756513108305, 0.467, 0.414, -0.643, -2.349, 2.674, 0.97
2017-04-20 10:09:16,515, 1492675756514944903, 0.496, 0.438, -0.886, -2.322, 2.752, 0.852
2017-04-20 10:09:16,516, 1492675756516077389, 0.521, 0.487, -0.882, -2.208, 2.648, 0.945
2017-04-20 10:09:16,518, 1492675756517981102, 0.506, 0.491, -0.78, -2.117, 2.542, 1.023
2017-04-20 10:09:16,520, 1492675756519999923, 0.501, 0.459, -0.82, -2.118, 2.508, 1.072
2017-04-20 10:09:16,522, 1492675756521951602, 0.466, 0.442, -0.94, -2.071, 2.416, 1.092
2017-04-20 10:09:16,524, 1492675756523986790, 0.435, 0.435, -0.855, -1.823, 2.325, 1.056
2017-04-20 10:09:16,528, 1492675756528112514, 0.591, 0.468, -1.187, -1.731, 2.472, 1.026
2017-04-20 10:09:16,529, 1492675756529895788, 0.653, 0.484, -1.136, -1.783, 2.547, 1.067
2017-04-20 10:09:16,531, 1492675756531164440, 0.695, 0.508, -1.43, -1.793, 2.579, 1.039
2017-04-20 10:09:16,533, 1492675756532946858, 0.69, 0.514, -1.704, -1.717, 2.507, 0.934
2017-04-20 10:09:16,534, 1492675756534088088, 0.591, 0.484, -1.831, -1.556, 2.264, 0.625
2017-04-20 10:09:16,536, 1492675756535985329, 0.508, 0.444, -1.827, -1.495, 2.13, 0.547
2017-04-20 10:09:16,538, 1492675756538068018, 0.444, 0.369, -1.938, -1.524, 2.033, 0.674
2017-04-20 10:09:16,540, 1492675756539976656, 0.39, 0.348, -1.953, -1.468, 1.904, 0.609
2017-04-20 10:09:16,542, 1492675756542028999, 0.416, 0.342, -1.98, -1.378, 1.995, 0.677
2017-04-20 10:09:16,544, 1492675756544066955, 0.463, 0.365, -1.963, -1.447, 2.184, 0.856
2017-04-20 10:09:16,546, 1492675756546061049, 0.428, 0.353, -1.96, -1.437, 2.178, 0.869
2017-04-20 10:09:16,548, 1492675756548110816, 0.392, 0.338, -1.986, -1.469, 2.289, 0.767
2017-04-20 10:09:16,550, 1492675756550111686, 0.326, 0.335, -1.984, -1.503, 2.288, 0.812
2017-04-20 10:09:16,554, 1492675756552086137, 0.282, 0.319, -2.003, -1.482, 2.29, 0.799
2017-04-20 10:09:16,554, 1492675756554108772, 0.271, 0.335, -2.002, -1.611, 2.323, 0.779
2017-04-20 10:09:16,556, 1492675756555951062, 0.311, 0.33, -2.02, -1.642, 2.401, 0.763
2017-04-20 10:09:16,558, 1492675756558020506, 0.279, 0.311, -2.013, -1.644, 2.335, 0.755
2017-04-20 10:09:16,560, 1492675756559988103, 0.242, 0.306, -2.047, -1.677, 2.321, 0.832
2017-04-20 10:09:16,562, 1492675756561991831, 0.237, 0.281, -2.054, -1.663, 2.286, 0.844
2017-04-20 10:09:16,564, 1492675756563979600, 0.28, 0.295, -2.058, -1.616, 2.324, 0.796
2017-04-20 10:09:16,566, 1492675756566087279, 0.362, 0.295, -2.05, -1.645, 2.439, 0.815
2017-04-20 10:09:16,568, 1492675756568520935, 0.405, 0.291, -2.029, -1.608, 2.471, 0.966
2017-04-20 10:09:16,570, 1492675756570133652, 0.469, 0.299, -2.003, -1.629, 2.445, 1.181
2017-04-20 10:09:16,571, 1492675756571855541, 0.513, 0.325, -1.99, -1.693, 2.43, 1.035
2017-04-20 10:09:16,574, 1492675756574000062, 0.461, 0.345, -2.01, -1.725, 2.329, 0.815
2017-04-20 10:09:16,576, 1492675756576114183, 0.388, 0.376, -2.006, -1.707, 2.154, 0.872
2017-04-20 10:09:16,583, 1492675756582571020, 0.391, 0.376, -2.038, -1.625, 2.126, 0.945
2017-04-20 10:09:16,584, 1492675756584228047, 0.425, 0.244, -2.046, -1.272, 1.982, 0.82
2017-04-20 10:09:16,586, 1492675756586150929, 0.327, 0.232, -2.054, -1.343, 1.824, 0.815
2017-04-20 10:09:16,588, 1492675756588077341, 0.222, 0.258, -2.057, -1.473, 1.663, 0.706
2017-04-20 10:09:16,590, 1492675756590124323, 0.163, 0.261, -2.078, -1.566, 1.667, 0.75
2017-04-20 10:09:16,592, 1492675756592077945, 0.159, 0.283, -2.085, -1.658, 1.746, 0.852
2017-04-20 10:09:16,595, 1492675756595117405, 0.274, 0.292, -2.081, -1.703, 2.079, 0.824
2017-04-20 10:09:16,596, 1492675756596092488, 0.337, 0.256, -2.07, -1.628, 2.272, 0.758
2017-04-20 10:09:16,598, 1492675756598088593, 0.346, 0.235, -2.088, -1.58, 2.356, 0.75
2017-04-20 10:09:16,600, 1492675756600091460, 0.347, 0.251, -2.095, -1.617, 2.375, 0.788
2017-04-20 10:09:16,602, 1492675756602088287, 0.351, 0.299, -2.096, -1.628, 2.301, 0.766
2017-04-20 10:09:16,604, 1492675756604071257, 0.334, 0.328, -2.112, -1.676, 2.214, 0.742
2017-04-20 10:09:16,606, 1492675756606269724, 0.303, 0.336, -2.103, -1.683, 2.052, 0.824
2017-04-20 10:09:16,608, 1492675756608089612, 0.294, 0.307, -2.118, -1.558, 1.995, 0.877
2017-04-20 10:09:16,610, 1492675756610097253, 0.279, 0.28, -2.113, -1.476, 1.943, 0.896
2017-04-20 10:09:16,612, 1492675756612102833, 0.309, 0.235, -2.116, -1.375, 2.004, 0.954
2017-04-20 10:09:16,618, 1492675756618099175, 0.298, 0.2, -2.124, -1.311, 2.059, 0.844
2017-04-20 10:09:16,620, 1492675756619926620, 0.28, 0.226, -2.129, -1.375, 2.043, 0.856
2017-04-20 10:09:16,621, 1492675756621917866, 0.241, 0.232, -2.144, -1.392, 2.067, 0.783
2017-04-20 10:09:16,624, 1492675756623970753, 0.249, 0.243, -2.119, -1.475, 2.128, 0.698
2017-04-20 10:09:16,626, 1492675756625977914, 0.262, 0.244, -2.125, -1.511, 2.189, 0.714
2017-04-20 10:09:16,628, 1492675756627923863, 0.286, 0.222, -2.146, -1.46, 2.274, 0.726
2017-04-20 10:09:16,630, 1492675756629968112, 0.287, 0.251, -2.155, -1.512, 2.314, 0.75
2017-04-20 10:09:16,632, 1492675756631950659, 0.314, 0.256, -2.146, -1.484, 2.347, 0.779
2017-04-20 10:09:16,634, 1492675756633952195, 0.332, 0.269, -2.151, -1.431, 2.335, 0.84
2017-04-20 10:09:16,636, 1492675756635937231, 0.327, 0.289, -2.145, -1.43, 2.287, 0.926
2017-04-20 10:09:16,638, 1492675756637981316, 0.344, 0.267, -2.165, -1.373, 2.276, 0.945
2017-04-20 10:09:16,640, 1492675756639919695, 0.362, 0.26, -2.134, -1.344, 2.231, 0.954
2017-04-20 10:09:16,642, 1492675756641960287, 0.363, 0.245, -2.148, -1.291, 2.173, 0.934
2017-04-20 10:09:16,644, 1492675756643945741, 0.336, 0.235, -2.15, -1.256, 2.053, 0.877
2017-04-20 10:09:16,646, 1492675756645995405, 0.284, 0.251, -2.142, -1.252, 1.921, 0.872
2017-04-20 10:09:16,648, 1492675756648020099, 0.245, 0.216, -2.158, -1.217, 1.854, 0.86
2017-04-20 10:09:16,652, 1492675756650062446, 0.231, 0.201, -2.162, -1.151, 1.821, 0.856
2017-04-20 10:09:16,658, 1492675756658091594, 0.21, 0.185, -2.163, -1.165, 1.875, 0.702
2017-04-20 10:09:16,660, 1492675756659953015, 0.208, 0.207, -2.153, -1.213, 1.879, 0.682
2017-04-20 10:09:16,662, 1492675756661944807, 0.213, 0.211, -2.154, -1.222, 1.86, 0.694
2017-04-20 10:09:16,664, 1492675756663956949, 0.225, 0.212, -2.133, -1.213, 1.834, 0.726
2017-04-20 10:09:16,666, 1492675756665924908, 0.239, 0.199, -2.119, -1.189, 1.827, 0.75
2017-04-20 10:09:16,668, 1492675756667988208, 0.253, 0.196, -2.119, -1.178, 1.822, 0.726
2017-04-20 10:09:16,670, 1492675756669956723, 0.259, 0.226, -2.112, -1.219, 1.795, 0.75
2017-04-20 10:09:16,672, 1492675756671967918, 0.251, 0.24, -2.12, -1.243, 1.783, 0.766
2017-04-20 10:09:16,674, 1492675756674054355, 0.246, 0.237, -2.121, -1.241, 1.791, 0.771
2017-04-20 10:09:16,676, 1492675756675938448, 0.265, 0.229, -2.115, -1.259, 1.809, 0.791
2017-04-20 10:09:16,684, 1492675756680580055, 0.257, 0.215, -2.135, -1.254, 1.817, 0.84
2017-04-20 10:09:16,685, 1492675756682108469, 0.254, 0.219, -2.132, -1.254, 1.821, 0.82
2017-04-20 10:09:16,685, 1492675756684078931, 0.245, 0.222, -2.144, -1.252, 1.812, 0.796
2017-04-20 10:09:16,687, 1492675756687125826, 0.228, 0.237, -2.113, -1.272, 1.778, 0.791
2017-04-20 10:09:16,689, 1492675756689097006, 0.223, 0.234, -2.113, -1.279, 1.766, 0.771
2017-04-20 10:09:16,690, 1492675756690133941, 0.232, 0.232, -2.109, -1.267, 1.751, 0.763
2017-04-20 10:09:16,692, 1492675756692081674, 0.232, 0.236, -2.103, -1.251, 1.751, 0.755
2017-04-20 10:09:16,694, 1492675756694096546, 0.228, 0.22, -2.114, -1.249, 1.741, 0.758
2017-04-20 10:09:16,696, 1492675756696088088, 0.233, 0.25, -2.101, -1.252, 1.73, 0.771
2017-04-20 10:09:16,698, 1492675756698085528, 0.237, 0.247, -2.113, -1.258, 1.729, 0.791
2017-04-20 10:09:16,700, 1492675756700083137, 0.247, 0.24, -2.122, -1.248, 1.716, 0.788
2017-04-20 10:09:16,702, 1492675756702124438, 0.24, 0.243, -2.109, -1.232, 1.698, 0.796
2017-04-20 10:09:16,704, 1492675756704114348, 0.226, 0.222, -2.116, -1.213, 1.665, 0.824
2017-04-20 10:09:16,706, 1492675756706090416, 0.217, 0.212, -2.117, -1.206, 1.64, 0.812
2017-04-20 10:09:16,708, 1492675756708056139, 0.231, 0.199, -2.111, -1.178, 1.633, 0.84
2017-04-20 10:09:16,710, 1492675756710111695, 0.236, 0.199, -2.094, -1.152, 1.62, 0.832
2017-04-20 10:09:16,718, 1492675756718187883, 0.189, 0.169, -2.111, -1.057, 1.495, 0.824
2017-04-20 10:09:16,720, 1492675756720119727, 0.201, 0.194, -2.131, -1.087, 1.525, 0.828
2017-04-20 10:09:16,722, 1492675756722064414, 0.211, 0.186, -2.118, -1.042, 1.512, 0.815
2017-04-20 10:09:16,724, 1492675756724095297, 0.188, 0.182, -2.115, -0.995, 1.48, 0.807
2017-04-20 10:09:16,726, 1492675756726090135, 0.199, 0.19, -2.12, -1.005, 1.47, 0.82
2017-04-20 10:09:16,728, 1492675756728171246, 0.201, 0.191, -2.109, -0.979, 1.494, 0.796
2017-04-20 10:09:16,730, 1492675756730171066, 0.217, 0.177, -2.1, -0.956, 1.501, 0.783
2017-04-20 10:09:16,732, 1492675756732078742, 0.2, 0.175, -2.097, -0.944, 1.48, 0.804
2017-04-20 10:09:16,734, 1492675756734094888, 0.21, 0.187, -2.096, -0.945, 1.497, 0.799
2017-04-20 10:09:16,736, 1492675756736145319, 0.216, 0.201, -2.108, -0.95, 1.526, 0.783
2017-04-20 10:09:16,738, 1492675756738094199, 0.205, 0.189, -2.097, -0.935, 1.526, 0.788
2017-04-20 10:09:16,740, 1492675756740121610, 0.209, 0.187, -2.11, -0.925, 1.548, 0.791
2017-04-20 10:09:16,742, 1492675756742094326, 0.223, 0.179, -2.106, -0.936, 1.598, 0.796
2017-04-20 10:09:16,744, 1492675756744105552, 0.24, 0.2, -2.105, -0.954, 1.645, 0.799
2017-04-20 10:09:16,751, 1492675756751108476, 0.237, 0.198, -2.096, -0.982, 1.644, 0.799
2017-04-20 10:09:16,754, 1492675756753177346, 0.252, 0.214, -2.097, -1.043, 1.703, 0.836
2017-04-20 10:09:16,755, 1492675756755106232, 0.258, 0.207, -2.102, -1.031, 1.687, 0.844
2017-04-20 10:09:16,757, 1492675756757137109, 0.244, 0.199, -2.095, -1.005, 1.662, 0.856
2017-04-20 10:09:16,759, 1492675756759086313, 0.246, 0.196, -2.108, -1.0, 1.639, 0.856
2017-04-20 10:09:16,761, 1492675756761110409, 0.238, 0.197, -2.099, -0.985, 1.602, 0.872
2017-04-20 10:09:16,763, 1492675756763092259, 0.232, 0.184, -2.104, -0.981, 1.563, 0.877
2017-04-20 10:09:16,765, 1492675756765099504, 0.225, 0.182, -2.104, -0.972, 1.53, 0.86
2017-04-20 10:09:16,767, 1492675756767113109, 0.225, 0.18, -2.117, -0.992, 1.516, 0.828
2017-04-20 10:09:16,769, 1492675756769111939, 0.22, 0.189, -2.131, -1.019, 1.496, 0.82
2017-04-20 10:09:16,771, 1492675756771078026, 0.205, 0.185, -2.128, -1.012, 1.488, 0.799
2017-04-20 10:09:16,773, 1492675756773109004, 0.208, 0.187, -2.138, -1.02, 1.474, 0.783
2017-04-20 10:09:16,775, 1492675756775077939, 0.2, 0.172, -2.14, -1.034, 1.474, 0.796
2017-04-20 10:09:16,777, 1492675756777125784, 0.197, 0.18, -2.142, -1.021, 1.47, 0.796
2017-04-20 10:09:16,779, 1492675756779133599, 0.196, 0.199, -2.144, -1.031, 1.464, 0.791
2017-04-20 10:09:16,781, 1492675756781162650, 0.213, 0.206, -2.14, -1.051, 1.449, 0.82
2017-04-20 10:09:16,790, 1492675756790132151, 0.204, 0.213, -2.143, -1.061, 1.429, 0.815
2017-04-20 10:09:16,792, 1492675756792267619, 0.191, 0.204, -2.125, -1.015, 1.388, 0.824
2017-04-20 10:09:16,794, 1492675756794084616, 0.199, 0.204, -2.126, -1.015, 1.388, 0.807
2017-04-20 10:09:16,796, 1492675756796033932, 0.202, 0.216, -2.122, -1.025, 1.389, 0.807
2017-04-20 10:09:16,798, 1492675756797967403, 0.206, 0.226, -2.125, -1.033, 1.384, 0.775
2017-04-20 10:09:16,800, 1492675756800013418, 0.199, 0.22, -2.112, -1.026, 1.377, 0.775
2017-04-20 10:09:16,802, 1492675756802002642, 0.196, 0.198, -2.106, -1.028, 1.387, 0.783
2017-04-20 10:09:16,804, 1492675756803997913, 0.188, 0.208, -2.106, -1.025, 1.401, 0.779
2017-04-20 10:09:16,806, 1492675756805977944, 0.183, 0.195, -2.107, -1.036, 1.418, 0.783
2017-04-20 10:09:16,809, 1492675756808054067, 0.195, 0.201, -2.103, -1.055, 1.461, 0.783
2017-04-20 10:09:16,810, 1492675756810043748, 0.204, 0.199, -2.097, -1.076, 1.491, 0.791
2017-04-20 10:09:16,812, 1492675756812216481, 0.207, 0.194, -2.112, -1.078, 1.522, 0.791
2017-04-20 10:09:16,814, 1492675756814096848, 0.203, 0.193, -2.097, -1.082, 1.538, 0.828
2017-04-20 10:09:16,816, 1492675756816025060, 0.213, 0.195, -2.103, -1.096, 1.572, 0.828
2017-04-20 10:09:16,820, 1492675756820524826, 0.237, 0.215, -2.11, -1.111, 1.609, 0.832
2017-04-20 10:09:16,822, 1492675756822137252, 0.242, 0.209, -2.115, -1.097, 1.617, 0.852
2017-04-20 10:09:16,824, 1492675756824231045, 0.25, 0.215, -2.111, -1.089, 1.611, 0.864
2017-04-20 10:09:16,826, 1492675756826125983, 0.25, 0.211, -2.114, -1.063, 1.617, 0.869
2017-04-20 10:09:16,828, 1492675756828097542, 0.266, 0.214, -2.122, -1.045, 1.618, 0.856
2017-04-20 10:09:16,830, 1492675756830105858, 0.258, 0.224, -2.12, -1.031, 1.602, 0.86
2017-04-20 10:09:16,832, 1492675756832103728, 0.262, 0.208, -2.142, -1.015, 1.605, 0.856
2017-04-20 10:09:16,835, 1492675756835123339, 0.273, 0.236, -2.152, -1.04, 1.649, 0.828
2017-04-20 10:09:16,837, 1492675756836900214, 0.26, 0.214, -2.152, -1.047, 1.662, 0.832
2017-04-20 10:09:16,838, 1492675756838163721, 0.27, 0.233, -2.159, -1.06, 1.686, 0.848
2017-04-20 10:09:16,840, 1492675756840096740, 0.275, 0.23, -2.15, -1.078, 1.71, 0.844
2017-04-20 10:09:16,842, 1492675756842107661, 0.268, 0.223, -2.142, -1.085, 1.746, 0.856
2017-04-20 10:09:16,844, 1492675756844083357, 0.284, 0.232, -2.153, -1.114, 1.797, 0.848
2017-04-20 10:09:16,846, 1492675756846117538, 0.303, 0.236, -2.151, -1.149, 1.85, 0.852
2017-04-20 10:09:16,848, 1492675756848086161, 0.313, 0.23, -2.16, -1.184, 1.895, 0.86
2017-04-20 10:09:16,850, 1492675756850122621, 0.319, 0.235, -2.142, -1.233, 1.951, 0.873
2017-04-20 10:09:16,852, 1492675756852118944, 0.318, 0.234, -2.168, -1.273, 2.003, 0.872
2017-04-20 10:09:16,859, 1492675756859146649, 0.342, 0.251, -2.161, -1.411, 2.147, 0.893
2017-04-20 10:09:16,861, 1492675756861014981, 0.34, 0.259, -2.174, -1.433, 2.176, 0.901
2017-04-20 10:09:16,863, 1492675756863112144, 0.344, 0.256, -2.178, -1.449, 2.176, 0.905
2017-04-20 10:09:16,865, 1492675756864971000, 0.333, 0.264, -2.178, -1.453, 2.15, 0.918
2017-04-20 10:09:16,867, 1492675756867020632, 0.353, 0.277, -2.18, -1.459, 2.144, 0.909
2017-04-20 10:09:16,870, 1492675756870105412, 0.376, 0.295, -2.177, -1.469, 2.15, 0.918
2017-04-20 10:09:16,871, 1492675756871229668, 0.387, 0.285, -2.182, -1.452, 2.141, 0.896
2017-04-20 10:09:16,873, 1492675756873111946, 0.387, 0.289, -2.201, -1.464, 2.121, 0.877
2017-04-20 10:09:16,875, 1492675756875057856, 0.37, 0.275, -2.195, -1.506, 2.105, 0.909
2017-04-20 10:09:16,886, 1492675756886066939, 0.432, 0.31, -2.191, -1.664, 2.21, 0.918
2017-04-20 10:09:16,887, 1492675756887106116, 0.418, 0.319, -2.2, -1.706, 2.192, 0.888
2017-04-20 10:09:16,890, 1492675756889919523, 0.423, 0.298, -2.317, -1.877, 2.16, 0.896
2017-04-20 10:09:16,892, 1492675756891917870, 0.393, 0.361, -2.309, -1.93, 2.114, 0.918
2017-04-20 10:09:16,894, 1492675756893912132, 0.4, 0.361, -2.217, -1.802, 2.043, 0.921
2017-04-20 10:09:16,896, 1492675756896125650, 0.397, 0.34, -2.226, -1.761, 2.026, 0.926
2017-04-20 10:09:16,897, 1492675756897886384, 0.39, 0.322, -2.293, -1.761, 2.031, 0.934
2017-04-20 10:09:16,900, 1492675756899928822, 0.423, 0.312, -2.287, -1.75, 2.07, 0.921
2017-04-20 10:09:16,901, 1492675756901909613, 0.393, 0.315, -2.32, -1.761, 2.036, 0.909
2017-04-20 10:09:16,904, 1492675756903950563, 0.38, 0.317, -2.339, -1.86, 1.997, 0.918
2017-04-20 10:09:16,905, 1492675756905885360, 0.369, 0.33, -2.373, -1.911, 2.011, 0.942
2017-04-20 10:09:16,908, 1492675756907943656, 0.361, 0.334, -2.365, -1.916, 2.001, 0.942
2017-04-20 10:09:16,910, 1492675756909923900, 0.362, 0.334, -2.35, -1.885, 2.036, 0.913
2017-04-20 10:09:16,912, 1492675756911941012, 0.352, 0.288, -2.339, -1.823, 2.039, 0.896
2017-04-20 10:09:16,913, 1492675756913866199, 0.358, 0.289, -2.31, -1.778, 2.072, 0.945
2017-04-20 10:09:16,916, 1492675756915948773, 0.356, 0.294, -2.263, -1.717, 2.07, 0.954
2017-04-20 10:09:16,918, 1492675756917941834, 0.358, 0.308, -2.254, -1.722, 2.104, 0.937
2017-04-20 10:09:16,920, 1492675756919936302, 0.328, 0.305, -2.301, -1.753, 2.066, 0.962
2017-04-20 10:09:16,924, 1492675756924018623, 0.337, 0.318, -2.292, -1.749, 2.1, 0.986
2017-04-20 10:09:16,929, 1492675756929116208, 0.536, 0.429, -2.696, -1.764, 2.358, 1.27
2017-04-20 10:09:16,930, 1492675756930916994, 0.525, 0.407, -2.468, -1.537, 2.26, 1.327
2017-04-20 10:09:16,933, 1492675756933063136, 0.612, 0.417, -2.21, -1.419, 2.238, 1.352
2017-04-20 10:09:16,934, 1492675756934892300, 0.547, 0.372, -2.186, -1.42, 2.043, 1.278
2017-04-20 10:09:16,937, 1492675756937093238, 0.584, 0.392, -2.291, -1.252, 1.987, 1.194
2017-04-20 10:09:16,939, 1492675756939068978, 0.624, 0.406, -2.443, -1.118, 2.078, 1.319
2017-04-20 10:09:16,941, 1492675756941002227, 0.652, 0.505, -2.643, -1.151, 2.09, 1.294
2017-04-20 10:09:16,943, 1492675756942976053, 0.745, 0.537, -2.487, -0.983, 2.105, 1.25
2017-04-20 10:09:16,945, 1492675756944979240, 0.804, 0.529, -2.518, -0.871, 2.117, 1.197
2017-04-20 10:09:16,947, 1492675756946983341, 0.815, 0.517, -2.48, -0.812, 2.02, 1.137
2017-04-20 10:09:16,953, 1492675756949475039, 0.812, 0.468, -2.458, -0.722, 1.898, 1.129
2017-04-20 10:09:16,954, 1492675756951090371, 0.776, 0.518, -2.475, -0.699, 1.768, 1.153
2017-04-20 10:09:16,957, 1492675756957228478, 0.784, 0.555, -2.466, -0.751, 1.745, 1.278
2017-04-20 10:09:16,959, 1492675756959091318, 0.941, 0.581, -2.659, -0.54, 1.961, 1.441
2017-04-20 10:09:16,961, 1492675756961103484, 0.931, 0.574, -2.636, -0.491, 1.913, 1.457
2017-04-20 10:09:16,963, 1492675756963098798, 0.923, 0.578, -2.581, -0.527, 1.85, 1.433
2017-04-20 10:09:16,965, 1492675756965102906, 0.901, 0.593, -2.53, -0.587, 1.8, 1.4
2017-04-20 10:09:16,967, 1492675756967089143, 0.901, 0.616, -2.512, -0.67, 1.742, 1.397
2017-04-20 10:09:16,969, 1492675756969118402, 0.923, 0.646, -2.525, -0.706, 1.77, 1.324
2017-04-20 10:09:16,971, 1492675756971028066, 0.955, 0.635, -2.517, -0.7, 1.816, 1.278
2017-04-20 10:09:16,973, 1492675756973162596, 0.969, 0.634, -2.54, -0.665, 1.869, 1.291
2017-04-20 10:09:16,978, 1492675756978024822, 0.961, 0.634, -2.562, -0.572, 1.815, 1.457
2017-04-20 10:09:16,979, 1492675756979112798, 0.97, 0.656, -2.543, -0.594, 1.828, 1.518
2017-04-20 10:09:16,981, 1492675756981064920, 0.991, 0.664, -2.523, -0.631, 1.844, 1.502
2017-04-20 10:09:16,983, 1492675756983127863, 0.992, 0.654, -2.527, -0.64, 1.856, 1.498
2017-04-20 10:09:16,985, 1492675756985097470, 0.995, 0.658, -2.546, -0.64, 1.872, 1.478
2017-04-20 10:09:16,987, 1492675756987130750, 0.994, 0.674, -2.557, -0.637, 1.889, 1.441
2017-04-20 10:09:16,995, 1492675756991070973, 1.016, 0.658, -2.566, -0.643, 1.913, 1.429
2017-04-20 10:09:16,996, 1492675756993714885, 1.023, 0.685, -2.581, -0.652, 1.943, 1.449
2017-04-20 10:09:16,996, 1492675756995110512, 1.041, 0.686, -2.59, -0.661, 1.983, 1.441
2017-04-20 10:09:16,997, 1492675756996967895, 1.057, 0.679, -2.601, -0.652, 1.987, 1.445
2017-04-20 10:09:16,998, 1492675756998093892, 1.069, 0.682, -2.581, -0.654, 1.988, 1.478
2017-04-20 10:09:17,000, 1492675756999960104, 1.068, 0.69, -2.578, -0.663, 1.983, 1.473
2017-04-20 10:09:17,002, 1492675757001989501, 1.074, 0.691, -2.557, -0.69, 1.982, 1.514
2017-04-20 10:09:17,004, 1492675757003998886, 1.084, 0.704, -2.543, -0.707, 1.982, 1.506
2017-04-20 10:09:17,005, 1492675757005067850, 1.081, 0.702, -2.54, -0.716, 1.998, 1.47
2017-04-20 10:09:17,007, 1492675757007125269, 1.087, 0.707, -2.55, -0.716, 1.99, 1.441
2017-04-20 10:09:17,009, 1492675757009072403, 1.069, 0.7, -2.558, -0.7, 2.002, 1.424
2017-04-20 10:09:17,012, 1492675757011927819, 1.086, 0.707, -2.588, -0.688, 2.011, 1.413
2017-04-20 10:09:17,013, 1492675757013081455, 1.074, 0.71, -2.589, -0.671, 2.024, 1.416
2017-04-20 10:09:17,015, 1492675757015101275, 1.082, 0.726, -2.592, -0.653, 2.024, 1.433
2017-04-20 10:09:17,027, 1492675757021756163, 1.081, 0.703, -2.605, -0.63, 2.026, 1.416
2017-04-20 10:09:17,029, 1492675757028962970, 1.088, 0.689, -2.686, -0.483, 2.041, 1.429
2017-04-20 10:09:17,030, 1492675757030917550, 1.093, 0.68, -2.682, -0.449, 2.05, 1.413
2017-04-20 10:09:17,033, 1492675757032925216, 1.092, 0.665, -2.672, -0.418, 2.059, 1.416
2017-04-20 10:09:17,035, 1492675757034967533, 1.094, 0.664, -2.704, -0.376, 2.064, 1.408
2017-04-20 10:09:17,037, 1492675757036958467, 1.088, 0.666, -2.722, -0.337, 2.064, 1.405
2017-04-20 10:09:17,038, 1492675757038890179, 1.089, 0.668, -2.742, -0.309, 2.067, 1.421
2017-04-20 10:09:17,046, 1492675757046093706, 1.096, 0.674, -2.794, -0.234, 2.121, 1.433
2017-04-20 10:09:17,047, 1492675757047089143, 1.11, 0.672, -2.803, -0.246, 2.14, 1.413
2017-04-20 10:09:17,050, 1492675757049976059, 1.112, 0.677, -2.791, -0.256, 2.169, 1.416
2017-04-20 10:09:17,052, 1492675757051951617, 1.125, 0.687, -2.783, -0.279, 2.182, 1.397
2017-04-20 10:09:17,054, 1492675757054071246, 1.141, 0.691, -2.784, -0.314, 2.197, 1.368
2017-04-20 10:09:17,056, 1492675757056099001, 1.145, 0.699, -2.77, -0.35, 2.218, 1.352
2017-04-20 10:09:17,058, 1492675757057952903, 1.148, 0.692, -2.762, -0.382, 2.224, 1.348
2017-04-20 10:09:17,060, 1492675757060076522, 1.144, 0.701, -2.749, -0.408, 2.229, 1.368
2017-04-20 10:09:17,062, 1492675757062114930, 1.146, 0.696, -2.756, -0.428, 2.238, 1.397
2017-04-20 10:09:17,064, 1492675757064113014, 1.144, 0.709, -2.761, -0.447, 2.25, 1.416
2017-04-20 10:09:17,066, 1492675757065926504, 1.15, 0.711, -2.77, -0.452, 2.258, 1.424
2017-04-20 10:09:17,068, 1492675757067950381, 1.136, 0.704, -2.76, -0.46, 2.266, 1.416
2017-04-20 10:09:17,070, 1492675757069954147, 1.143, 0.704, -2.775, -0.46, 2.268, 1.4
2017-04-20 10:09:17,072, 1492675757071945037, 1.14, 0.704, -2.773, -0.453, 2.281, 1.372
2017-04-20 10:09:17,074, 1492675757074141968, 1.139, 0.7, -2.769, -0.483, 2.282, 1.327
2017-04-20 10:09:17,076, 1492675757075964495, 1.136, 0.691, -2.751, -0.519, 2.277, 1.303
2017-04-20 10:09:17,078, 1492675757078122675, 1.117, 0.688, -2.74, -0.541, 2.259, 1.295
2017-04-20 10:09:17,080, 1492675757080419921, 1.114, 0.686, -2.756, -0.52, 2.227, 1.294
2017-04-20 10:09:17,082, 1492675757082083636, 1.124, 0.703, -2.774, -0.502, 2.25, 1.294
2017-04-20 10:09:17,084, 1492675757083939928, 1.156, 0.703, -2.776, -0.507, 2.276, 1.319
2017-04-20 10:09:17,089, 1492675757089051548, 1.138, 0.694, -2.789, -0.446, 2.253, 1.324
2017-04-20 10:09:17,095, 1492675757095075442, 1.085, 0.688, -2.898, -0.168, 2.189, 1.226
2017-04-20 10:09:17,096, 1492675757096915381, 1.08, 0.688, -2.931, -0.117, 2.175, 1.202
2017-04-20 10:09:17,099, 1492675757098994808, 1.082, 0.684, -2.957, -0.062, 2.199, 1.194
2017-04-20 10:09:17,101, 1492675757100943847, 1.096, 0.676, -2.967, -0.017, 2.222, 1.173
2017-04-20 10:09:17,106, 1492675757106042493, 1.099, 0.664, -2.992, 0.002, 2.231, 1.213
2017-04-20 10:09:17,108, 1492675757108025750, 1.104, 0.66, -2.975, -0.028, 2.246, 1.226
2017-04-20 10:09:17,109, 1492675757109883224, 1.12, 0.66, -2.979, -0.05, 2.246, 1.234
2017-04-20 10:09:17,112, 1492675757111960138, 1.116, 0.655, -2.961, -0.08, 2.253, 1.238
2017-04-20 10:09:17,113, 1492675757113075087, 1.123, 0.663, -2.943, -0.128, 2.279, 1.23
2017-04-20 10:09:17,115, 1492675757115085352, 1.142, 0.675, -2.912, -0.188, 2.312, 1.189
2017-04-20 10:09:17,118, 1492675757118079696, 1.147, 0.697, -2.906, -0.23, 2.315, 1.189
2017-04-20 10:09:17,120, 1492675757120331999, 1.133, 0.701, -2.896, -0.247, 2.313, 1.197
2017-04-20 10:09:17,124, 1492675757122636648, 1.139, 0.704, -2.877, -0.285, 2.334, 1.222
2017-04-20 10:09:17,125, 1492675757124339231, 1.153, 0.714, -2.874, -0.301, 2.359, 1.222
2017-04-20 10:09:17,126, 1492675757126148397, 1.155, 0.705, -2.866, -0.306, 2.363, 1.246
2017-04-20 10:09:17,128, 1492675757128093728, 1.156, 0.721, -2.871, -0.303, 2.37, 1.267
2017-04-20 10:09:17,130, 1492675757129941012, 1.158, 0.714, -2.881, -0.298, 2.373, 1.278
2017-04-20 10:09:17,134, 1492675757134118001, 1.162, 0.712, -2.908, -0.24, 2.376, 1.258
2017-04-20 10:09:17,136, 1492675757136106794, 1.158, 0.703, -2.924, -0.214, 2.38, 1.254
2017-04-20 10:09:17,138, 1492675757138111590, 1.154, 0.685, -2.933, -0.173, 2.381, 1.23
2017-04-20 10:09:17,140, 1492675757139958592, 1.156, 0.679, -2.949, -0.125, 2.358, 1.226
2017-04-20 10:09:17,142, 1492675757142029262, 1.137, 0.678, -2.959, -0.065, 2.34, 1.218
2017-04-20 10:09:17,144, 1492675757144083966, 1.135, 0.667, -2.99, -0.001, 2.316, 1.186
2017-04-20 10:09:17,146, 1492675757146037435, 1.127, 0.65, -3.017, 0.039, 2.307, 1.189
2017-04-20 10:09:17,148, 1492675757147983581, 1.111, 0.653, -3.047, 0.101, 2.292, 1.205
2017-04-20 10:09:17,150, 1492675757149973237, 1.1, 0.645, -3.058, 0.147, 2.275, 1.202
2017-04-20 10:09:17,152, 1492675757151961928, 1.101, 0.638, -3.06, 0.166, 2.254, 1.205
2017-04-20 10:09:17,154, 1492675757154107898, 1.087, 0.648, -3.053, 0.157, 2.244, 1.202
2017-04-20 10:09:17,156, 1492675757155990241, 1.092, 0.649, -3.053, 0.146, 2.24, 1.202
2017-04-20 10:09:17,158, 1492675757157995963, 1.104, 0.639, -3.034, 0.12, 2.249, 1.194
2017-04-20 10:09:17,160, 1492675757159986004, 1.098, 0.65, -3.026, 0.098, 2.262, 1.169
2017-04-20 10:09:17,162, 1492675757162746066, 1.105, 0.647, -3.028, 0.058, 2.268, 1.161
2017-04-20 10:09:17,164, 1492675757164085838, 1.109, 0.647, -2.996, 0.023, 2.267, 1.153
2017-04-20 10:09:17,166, 1492675757165982920, 1.11, 0.65, -3.001, -0.006, 2.275, 1.145
2017-04-20 10:09:17,169, 1492675757169168089, 1.127, 0.668, -2.997, -0.061, 2.316, 1.161
2017-04-20 10:09:17,171, 1492675757171120674, 1.121, 0.669, -2.987, -0.075, 2.334, 1.148
2017-04-20 10:09:17,173, 1492675757172899803, 1.128, 0.665, -2.985, -0.088, 2.335, 1.161
2017-04-20 10:09:17,174, 1492675757174134892, 1.113, 0.666, -2.972, -0.108, 2.33, 1.132
2017-04-20 10:09:17,176, 1492675757175938752, 1.113, 0.675, -2.972, -0.113, 2.319, 1.132
2017-04-20 10:09:17,178, 1492675757178015949, 1.118, 0.687, -2.954, -0.137, 2.323, 1.129
2017-04-20 10:09:17,180, 1492675757179954274, 1.118, 0.695, -2.969, -0.152, 2.332, 1.108
2017-04-20 10:09:17,182, 1492675757181958165, 1.131, 0.699, -2.962, -0.162, 2.347, 1.112
2017-04-20 10:09:17,184, 1492675757183966414, 1.136, 0.703, -2.961, -0.166, 2.356, 1.1
2017-04-20 10:09:17,186, 1492675757186041414, 1.131, 0.697, -2.957, -0.169, 2.363, 1.104
2017-04-20 10:09:17,188, 1492675757188093337, 1.133, 0.695, -2.958, -0.167, 2.35, 1.108
2017-04-20 10:09:17,190, 1492675757189980358, 1.131, 0.693, -2.963, -0.163, 2.353, 1.088
2017-04-20 10:09:17,194, 1492675757192093219, 1.137, 0.691, -2.962, -0.163, 2.35, 1.088
2017-04-20 10:09:17,197, 1492675757197497877, 1.13, 0.68, -3.001, -0.105, 2.354, 1.075
2017-04-20 10:09:17,200, 1492675757200586951, 1.129, 0.678, -3.017, -0.071, 2.341, 1.083
2017-04-20 10:09:17,202, 1492675757202075514, 1.124, 0.69, -3.001, -0.065, 2.335, 1.075
2017-04-20 10:09:17,203, 1492675757203102000, 1.125, 0.677, -2.994, -0.061, 2.33, 1.088
2017-04-20 10:09:17,205, 1492675757205090848, 1.116, 0.682, -2.991, -0.059, 2.32, 1.1
2017-04-20 10:09:17,207, 1492675757207095610, 1.115, 0.685, -2.986, -0.066, 2.312, 1.1
2017-04-20 10:09:17,209, 1492675757209086671, 1.109, 0.678, -2.963, -0.091, 2.308, 1.104
2017-04-20 10:09:17,211, 1492675757211064881, 1.127, 0.674, -2.927, -0.131, 2.307, 1.1
2017-04-20 10:09:17,213, 1492675757213133195, 1.123, 0.682, -2.895, -0.188, 2.311, 1.096
2017-04-20 10:09:17,215, 1492675757215110116, 1.118, 0.69, -2.851, -0.276, 2.312, 1.104
2017-04-20 10:09:17,217, 1492675757217099882, 1.122, 0.691, -2.799, -0.376, 2.312, 1.083
2017-04-20 10:09:17,219, 1492675757219093150, 1.12, 0.685, -2.755, -0.493, 2.319, 1.092
2017-04-20 10:09:17,221, 1492675757221094729, 1.119, 0.701, -2.696, -0.622, 2.329, 1.088
2017-04-20 10:09:17,223, 1492675757223072479, 1.121, 0.716, -2.621, -0.786, 2.347, 1.096
2017-04-20 10:09:17,228, 1492675757226019399, 1.13, 0.727, -2.526, -0.994, 2.355, 1.116
2017-04-20 10:09:17,229, 1492675757229201799, 1.12, 0.756, -2.461, -1.136, 2.347, 1.129
2017-04-20 10:09:17,232, 1492675757232136606, 1.104, 0.763, -2.265, -1.471, 2.388, 1.173
2017-04-20 10:09:17,234, 1492675757234229620, 1.09, 0.768, -2.214, -1.615, 2.401, 1.156
2017-04-20 10:09:17,241, 1492675757241089680, 1.089, 0.807, -2.125, -1.83, 2.548, 1.189
2017-04-20 10:09:17,243, 1492675757242924663, 1.098, 0.818, -2.138, -1.821, 2.541, 1.197
2017-04-20 10:09:17,245, 1492675757244964080, 1.091, 0.794, -2.118, -1.763, 2.55, 1.169
2017-04-20 10:09:17,247, 1492675757246956520, 1.087, 0.79, -2.12, -1.759, 2.534, 1.202
2017-04-20 10:09:17,249, 1492675757248957718, 1.094, 0.788, -2.109, -1.725, 2.541, 1.242
2017-04-20 10:09:17,251, 1492675757250931217, 1.123, 0.778, -2.111, -1.681, 2.549, 1.283
2017-04-20 10:09:17,253, 1492675757252978145, 1.138, 0.785, -2.095, -1.695, 2.555, 1.286
2017-04-20 10:09:17,255, 1492675757254929329, 1.15, 0.779, -2.087, -1.651, 2.551, 1.303
2017-04-20 10:09:17,257, 1492675757256944320, 1.162, 0.769, -2.071, -1.606, 2.53, 1.319
2017-04-20 10:09:17,259, 1492675757259070528, 1.155, 0.776, -2.077, -1.603, 2.501, 1.352
2017-04-20 10:09:17,261, 1492675757261765507, 1.159, 0.788, -2.069, -1.587, 2.483, 1.372
2017-04-20 10:09:17,263, 1492675757263083777, 1.126, 0.753, -2.061, -1.506, 2.428, 1.275
2017-04-20 10:09:17,266, 1492675757265978786, 1.102, 0.76, -2.052, -1.532, 2.407, 1.4
2017-04-20 10:09:17,267, 1492675757267082269, 1.121, 0.752, -2.038, -1.515, 2.453, 1.3
2017-04-20 10:09:17,269, 1492675757268938294, 1.12, 0.782, -2.017, -1.541, 2.47, 1.332
2017-04-20 10:09:17,271, 1492675757270950050, 1.136, 0.784, -2.032, -1.585, 2.514, 1.294
2017-04-20 10:09:17,273, 1492675757272964927, 1.124, 0.797, -2.018, -1.62, 2.501, 1.291
2017-04-20 10:09:17,275, 1492675757274994191, 1.088, 0.782, -1.987, -1.608, 2.486, 1.258
2017-04-20 10:09:17,277, 1492675757276946070, 1.085, 0.77, -1.969, -1.632, 2.49, 1.246
2017-04-20 10:09:17,279, 1492675757278973647, 1.093, 0.755, -1.964, -1.649, 2.496, 1.275
2017-04-20 10:09:17,281, 1492675757281075468, 1.106, 0.764, -1.928, -1.701, 2.54, 1.299
2017-04-20 10:09:17,283, 1492675757283094391, 1.125, 0.893, -1.893, -1.71, 2.599, 1.254
2017-04-20 10:09:17,285, 1492675757285049230, 1.029, 0.825, 1.384, -0.816, 2.396, 1.129
2017-04-20 10:09:17,287, 1492675757286930868, 1.13, 0.634, 0.446, -1.415, 2.579, 1.636
2017-04-20 10:09:17,289, 1492675757288962045, 0.706, 0.328, -1.912, -1.621, 2.396, 0.975
2017-04-20 10:09:17,291, 1492675757290938231, 0.52, 0.055, -1.707, -1.465, 2.555, 0.685
2017-04-20 10:09:17,293, 1492675757292999819, 0.483, 0.557, -0.736, -2.697, 2.727, 0.97
2017-04-20 10:09:17,295, 1492675757294993909, 0.474, 0.748, -0.117, -3.259, 2.639, 0.885
2017-04-20 10:09:17,298, 1492675757298137965, 0.624, 0.425, -0.355, -3.229, 3.222, 1.026
2017-04-20 10:09:17,300, 1492675757299950665, 0.33, 0.362, 0.344, -3.764, 2.81, 1.327
2017-04-20 10:09:17,301, 1492675757301118657, 0.309, 0.193, 0.355, -3.624, 3.173, 0.779
2017-04-20 10:09:17,303, 1492675757302936490, 0.336, 0.273, 0.204, -3.588, 3.46, 0.628
2017-04-20 10:09:17,306, 1492675757305915311, 0.304, 0.522, 0.105, -3.709, 3.37, 0.888
2017-04-20 10:09:17,307, 1492675757307087924, 0.3, 0.465, 0.347, -3.953, 3.432, 0.84
2017-04-20 10:09:17,309, 1492675757309053893, 0.296, 0.45, 0.342, -4.144, 3.429, 1.023
2017-04-20 10:09:17,311, 1492675757310985972, 0.326, 0.417, 0.35, -4.267, 3.405, 1.112
2017-04-20 10:09:17,313, 1492675757313587403, 0.323, 0.469, 0.392, -3.976, 3.362, 0.893
2017-04-20 10:09:17,315, 1492675757315155800, 0.252, 0.449, 0.274, -3.403, 3.137, 0.69
2017-04-20 10:09:17,317, 1492675757316977201, 0.251, 0.365, 0.208, -3.217, 3.003, 0.69
2017-04-20 10:09:17,319, 1492675757319067642, 0.295, 0.273, 0.251, -2.964, 2.915, 0.954
2017-04-20 10:09:17,326, 1492675757326133324, 0.303, 0.303, 0.196, -2.573, 2.773, 0.702
2017-04-20 10:09:17,330, 1492675757330090658, 0.321, 0.182, 0.237, -2.742, 2.797, 0.722
2017-04-20 10:09:17,332, 1492675757332030925, 0.288, 0.245, 0.311, -2.73, 2.737, 0.739
2017-04-20 10:09:17,333, 1492675757333060573, 0.262, 0.325, 0.234, -2.658, 2.696, 0.796
2017-04-20 10:09:17,334, 1492675757334110660, 0.284, 0.339, 0.181, -2.648, 2.736, 0.783
2017-04-20 10:09:17,336, 1492675757336027337, 0.291, 0.326, 0.187, -2.664, 2.789, 0.694
2017-04-20 10:09:17,338, 1492675757338012597, 0.262, 0.299, 0.379, -2.685, 2.711, 0.625
2017-04-20 10:09:17,340, 1492675757339962341, 0.232, 0.269, 0.377, -2.614, 2.599, 0.612
2017-04-20 10:09:17,342, 1492675757342002759, 0.248, 0.29, 0.231, -2.485, 2.505, 0.718
2017-04-20 10:09:17,344, 1492675757343991297, 0.243, 0.291, 0.306, -2.403, 2.393, 0.69
2017-04-20 10:09:17,346, 1492675757345990372, 0.204, 0.261, 0.385, -2.353, 2.229, 0.572
2017-04-20 10:09:17,348, 1492675757347957575, 0.154, 0.228, 0.305, -2.241, 2.071, 0.556
2017-04-20 10:09:17,350, 1492675757349983036, 0.193, 0.23, 0.363, -2.109, 2.041, 0.625
2017-04-20 10:09:17,352, 1492675757351999313, 0.251, 0.242, 0.512, -1.959, 2.053, 0.539
2017-04-20 10:09:17,354, 1492675757354087773, 0.239, 0.144, 0.506, -1.805, 1.981, 0.345
2017-04-20 10:09:17,361, 1492675757361073260, 0.1, 0.074, 0.594, -1.411, 1.622, 0.349
2017-04-20 10:09:17,363, 1492675757362916177, 0.108, 0.077, 0.69, -1.482, 1.592, 0.333
2017-04-20 10:09:17,366, 1492675757366034276, 0.115, 0.098, 0.824, -1.516, 1.572, 0.454
2017-04-20 10:09:17,367, 1492675757367098472, 0.13, 0.157, 0.824, -1.523, 1.515, 0.442
2017-04-20 10:09:17,369, 1492675757369072416, 0.089, 0.15, 0.894, -1.502, 1.433, 0.401
2017-04-20 10:09:17,371, 1492675757370996750, 0.022, 0.112, 0.98, -1.459, 1.302, 0.409
2017-04-20 10:09:17,373, 1492675757373005089, -0.033, 0.115, 0.983, -1.352, 1.145, 0.52
2017-04-20 10:09:17,375, 1492675757374952008, -0.017, 0.118, 0.918, -1.207, 1.068, 0.588
2017-04-20 10:09:17,377, 1492675757376946677, -0.041, 0.101, 0.974, -1.028, 0.973, 0.56
2017-04-20 10:09:17,379, 1492675757378961396, -0.054, 0.043, 1.083, -0.834, 0.893, 0.609
2017-04-20 10:09:17,381, 1492675757380937151, -0.033, 0.015, 1.109, -0.685, 0.876, 0.779
2017-04-20 10:09:17,383, 1492675757382946190, 0.015, -0.001, 1.129, -0.615, 0.836, 0.796
2017-04-20 10:09:17,385, 1492675757384929084, 0.012, -0.008, 1.189, -0.532, 0.719, 0.75
2017-04-20 10:09:17,387, 1492675757386987757, 0.026, -0.031, 1.264, -0.439, 0.549, 0.766
2017-04-20 10:09:17,389, 1492675757388955256, 0.008, -0.037, 1.196, -0.343, 0.266, 0.848
2017-04-20 10:09:17,391, 1492675757390959897, -0.061, -0.05, 1.058, -0.14, -0.043, 0.731
2017-04-20 10:09:17,396, 1492675757396371211, -0.129, -0.093, 1.018, 0.237, -0.331, 0.487
2017-04-20 10:09:17,399, 1492675757399107581, -0.302, -0.232, 0.628, 0.555, -0.578, -0.024
2017-04-20 10:09:17,400, 1492675757400901005, -0.107, -0.146, 0.746, 0.62, -0.296, -0.276
2017-04-20 10:09:17,402, 1492675757402121940, 0.079, -0.028, 0.274, 0.65, -0.151, -0.714
2017-04-20 10:09:17,404, 1492675757404063498, 0.052, 0.054, -0.202, 0.518, -0.247, -0.403
2017-04-20 10:09:17,406, 1492675757406129735, -0.028, 0.063, 0.112, 0.325, -0.523, 0.36
2017-04-20 10:09:17,408, 1492675757408097442, 0.05, 0.051, -0.022, 0.318, -0.553, 0.653
2017-04-20 10:09:17,410, 1492675757410100494, 0.353, 0.053, -1.103, -0.268, 0.056, 0.336
2017-04-20 10:09:17,418, 1492675757418182018, 0.227, -0.08, -0.855, 0.222, -0.723, -0.979
2017-04-20 10:09:17,420, 1492675757420096598, 0.023, 0.041, -0.183, -0.27, -0.946, -0.224
2017-04-20 10:09:17,422, 1492675757422031875, -0.117, 0.157, 0.462, -0.624, -1.051, 0.211
2017-04-20 10:09:17,424, 1492675757424051054, 0.146, 0.282, -0.183, -1.029, -0.154, -0.021
2017-04-20 10:09:17,426, 1492675757426063033, 0.034, 0.174, -0.304, -1.429, -0.122, -0.224
2017-04-20 10:09:17,428, 1492675757428095279, 0.084, 0.24, 0.416, -1.928, 0.342, 0.065
2017-04-20 10:09:17,430, 1492675757430056228, -0.034, 0.219, 0.216, -1.911, 0.395, 0.568
2017-04-20 10:09:17,432, 1492675757432099868, -0.003, 0.177, -0.338, -1.817, 0.92, -0.154
2017-04-20 10:09:17,435, 1492675757434998658, -0.021, 0.315, 0.341, -1.831, 1.201, -0.252
2017-04-20 10:09:17,436, 1492675757436157002, 0.119, 0.238, 0.183, -1.685, 1.57, 0.101
2017-04-20 10:09:17,438, 1492675757438087803, 0.117, 0.173, -0.077, -1.564, 1.683, 0.207
2017-04-20 10:09:17,440, 1492675757440090030, 0.178, 0.195, 0.053, -1.401, 1.78, 0.052
2017-04-20 10:09:17,442, 1492675757442053929, 0.214, 0.278, 0.401, -1.359, 1.871, 0.065
2017-04-20 10:09:17,444, 1492675757444114218, 0.299, 0.184, -0.089, -1.164, 2.012, 0.341
2017-04-20 10:09:17,446, 1492675757446055459, 0.321, 0.173, -0.136, -1.043, 2.067, 0.081
2017-04-20 10:09:17,448, 1492675757448120098, 0.35, 0.166, 0.26, -0.9, 2.067, -0.232
2017-04-20 10:09:17,450, 1492675757450088261, 0.45, 0.12, 0.06, -0.824, 2.254, -0.114
2017-04-20 10:09:17,452, 1492675757452106186, 0.48, 0.066, -0.14, -0.607, 2.336, 0.033
2017-04-20 10:09:17,454, 1492675757454073399, 0.346, 0.06, 0.242, -0.347, 2.121, -0.041
2017-04-20 10:09:17,456, 1492675757456040312, 0.28, 0.005, 0.165, -0.162, 2.095, 0.089
2017-04-20 10:09:17,462, 1492675757462058383, 0.224, -0.043, 0.157, 0.491, 2.047, 0.052
2017-04-20 10:09:17,467, 1492675757466460559, 0.235, -0.069, -0.033, 0.647, 2.01, 0.073
2017-04-20 10:09:17,469, 1492675757468795271, 0.144, -0.052, 0.075, 0.603, 1.478, 0.049
2017-04-20 10:09:17,470, 1492675757470128089, 0.141, -0.083, -0.067, 0.499, 1.254, 0.085
2017-04-20 10:09:17,472, 1492675757472231902, 0.153, -0.091, -0.074, 0.356, 1.06, 0.203
2017-04-20 10:09:17,474, 1492675757474094584, 0.187, -0.038, 0.025, 0.216, 0.845, 0.122
2017-04-20 10:09:17,476, 1492675757476065131, 0.206, -0.019, -0.059, 0.115, 0.726, -0.073
2017-04-20 10:09:17,478, 1492675757478104997, 0.215, -0.019, -0.153, 0.044, 0.583, -0.146
2017-04-20 10:09:17,480, 1492675757480113850, 0.19, 0.012, -0.072, -0.011, 0.382, -0.086
2017-04-20 10:09:17,482, 1492675757482096265, 0.163, 0.055, -0.089, -0.112, 0.256, -0.065
2017-04-20 10:09:17,484, 1492675757484061381, 0.137, 0.077, -0.12, -0.202, 0.153, -0.069
2017-04-20 10:09:17,486, 1492675757486090689, 0.091, 0.078, 0.032, -0.285, 0.048, 0.012
2017-04-20 10:09:17,488, 1492675757488073004, 0.024, 0.106, 0.07, -0.496, -0.042, 0.06
2017-04-20 10:09:17,490, 1492675757490099489, -0.032, 0.119, -0.032, -0.69, -0.059, 0.012
2017-04-20 10:09:17,492, 1492675757492063217, -0.051, 0.144, 0.043, -0.837, -0.084, -0.024
2017-04-20 10:09:17,494, 1492675757494089415, -0.043, 0.187, 0.161, -1.037, -0.066, -0.057
2017-04-20 10:09:17,496, 1492675757496041901, -0.038, 0.195, 0.109, -1.222, -0.069, -0.078
2017-04-20 10:09:17,498, 1492675757498120911, -0.054, 0.194, 0.136, -1.339, -0.121, -0.069
2017-04-20 10:09:17,500, 1492675757500091069, -0.059, 0.192, 0.17, -1.447, -0.193, -0.024
2017-04-20 10:09:17,502, 1492675757502125106, -0.09, 0.162, 0.09, -1.403, -0.277, -0.081
2017-04-20 10:09:17,504, 1492675757504050861, -0.066, 0.166, 0.061, -1.273, -0.308, -0.094
2017-04-20 10:09:17,506, 1492675757506086732, -0.011, 0.168, 0.026, -1.056, -0.29, -0.102
2017-04-20 10:09:17,508, 1492675757508056184, 0.026, 0.111, 0.006, -0.748, -0.271, -0.126
2017-04-20 10:09:17,510, 1492675757510095343, 0.035, 0.109, -0.026, -0.46, -0.26, -0.126
2017-04-20 10:09:17,512, 1492675757512014352, 0.046, 0.096, -0.081, -0.195, -0.295, -0.041
2017-04-20 10:09:17,514, 1492675757514126235, 0.034, 0.071, -0.085, 0.057, -0.262, 0.024
2017-04-20 10:09:17,516, 1492675757516019384, 0.052, 0.068, -0.063, 0.136, -0.165, 0.036
2017-04-20 10:09:17,518, 1492675757518098427, 0.045, 0.064, -0.044, 0.118, -0.062, 0.073
2017-04-20 10:09:17,522, 1492675757522063288, 0.038, 0.064, -0.01, -0.144, 0.191, 0.028
2017-04-20 10:09:17,523, 1492675757523119064, 0.039, 0.069, 0.01, -0.327, 0.294, -0.024
2017-04-20 10:09:17,524, 1492675757524908585, 0.058, 0.085, 0.024, -0.424, 0.386, -0.057
2017-04-20 10:09:17,526, 1492675757526092657, 0.074, 0.062, 0.062, -0.564, 0.527, -0.037
2017-04-20 10:09:17,528, 1492675757528068633, 0.078, 0.075, 0.062, -0.706, 0.61, 0.003
2017-04-20 10:09:17,534, 1492675757533363876, 0.078, 0.093, 0.069, -0.787, 0.717, -0.013
2017-04-20 10:09:17,535, 1492675757535091126, 0.13, 0.069, 0.047, -0.707, 0.999, 0.003
2017-04-20 10:09:17,537, 1492675757537090276, 0.142, 0.046, 0.026, -0.513, 1.101, -0.024
2017-04-20 10:09:17,539, 1492675757539062722, 0.178, 0.048, 0.014, -0.321, 1.196, 0.003
2017-04-20 10:09:17,541, 1492675757541088553, 0.2, 0.02, -0.035, -0.082, 1.245, 0.008
2017-04-20 10:09:17,543, 1492675757543055269, 0.204, -0.004, -0.005, 0.16, 1.298, 0.008
2017-04-20 10:09:17,545, 1492675757545088812, 0.217, -0.008, 0.001, 0.294, 1.312, 0.093
2017-04-20 10:09:17,547, 1492675757547023728, 0.193, -0.042, -0.053, 0.425, 1.321, 0.097
2017-04-20 10:09:17,549, 1492675757549090540, 0.206, -0.061, -0.025, 0.516, 1.345, 0.089
2017-04-20 10:09:17,551, 1492675757551079464, 0.215, -0.028, 0.01, 0.52, 1.37, 0.105
2017-04-20 10:09:17,554, 1492675757553721892, 0.244, -0.039, 0.0, 0.508, 1.419, 0.036
2017-04-20 10:09:17,555, 1492675757555011284, 0.223, -0.039, 0.053, 0.426, 1.392, 0.033
2017-04-20 10:09:17,557, 1492675757557096573, 0.175, -0.037, 0.04, 0.313, 1.311, 0.077
2017-04-20 10:09:17,559, 1492675757559061530, 0.156, -0.035, 0.0, 0.243, 1.27, 0.065
2017-04-20 10:09:17,561, 1492675757561099381, 0.166, 0.004, 0.032, 0.15, 1.256, 0.065
2017-04-20 10:09:17,563, 1492675757563068597, 0.163, 0.041, 0.051, 0.019, 1.194, 0.069
2017-04-20 10:09:17,565, 1492675757565092616, 0.14, 0.034, 0.011, -0.074, 1.098, 0.052
2017-04-20 10:09:17,567, 1492675757567063143, 0.13, 0.058, 0.024, -0.269, 1.002, 0.052
2017-04-20 10:09:17,569, 1492675757569628046, 0.099, 0.092, 0.017, -0.461, 0.855, 0.028
2017-04-20 10:09:17,571, 1492675757571065432, 0.076, 0.117, 0.011, -0.663, 0.684, -0.016
2017-04-20 10:09:17,573, 1492675757573118162, 0.057, 0.159, 0.048, -0.852, 0.564, 0.028
2017-04-20 10:09:17,575, 1492675757575074268, 0.048, 0.16, 0.021, -1.035, 0.404, 0.012
2017-04-20 10:09:17,582, 1492675757582071777, 0.035, 0.206, 0.014, -1.44, -0.028, -0.122
2017-04-20 10:09:17,583, 1492675757583046360, 0.026, 0.203, 0.015, -1.446, -0.121, -0.154
2017-04-20 10:09:17,590, 1492675757590094280, -0.003, 0.165, 0.003, -1.1, -0.395, -0.097
2017-04-20 10:09:17,591, 1492675757591915314, -0.034, 0.135, -0.006, -0.924, -0.474, -0.086
2017-04-20 10:09:17,594, 1492675757593959387, -0.041, 0.078, -0.028, -0.628, -0.489, -0.057
2017-04-20 10:09:17,596, 1492675757595930091, -0.039, 0.052, -0.05, -0.342, -0.476, -0.053
2017-04-20 10:09:17,598, 1492675757597995131, -0.034, 0.048, -0.05, -0.059, -0.47, -0.013
2017-04-20 10:09:17,600, 1492675757599961791, -0.015, 0.008, -0.055, 0.224, -0.409, -0.016
2017-04-20 10:09:17,602, 1492675757602146518, -0.011, -0.01, -0.025, 0.443, -0.336, 0.024
2017-04-20 10:09:17,604, 1492675757604079104, -0.017, -0.047, -0.032, 0.567, -0.275, 0.052
2017-04-20 10:09:17,606, 1492675757605959391, -0.011, -0.075, -0.04, 0.644, -0.199, 0.036
2017-04-20 10:09:17,608, 1492675757608044439, 0.018, -0.063, 0.007, 0.674, -0.076, 0.057
2017-04-20 10:09:17,617, 1492675757617092020, 0.097, -0.03, 0.059, 0.18, 0.538, 0.0
2017-04-20 10:09:17,618, 1492675757618085892, 0.099, -0.015, 0.083, 0.063, 0.645, 0.024
2017-04-20 10:09:17,621, 1492675757620984834, 0.088, 0.016, 0.111, -0.086, 0.728, 0.044
2017-04-20 10:09:17,623, 1492675757623088779, 0.091, 0.028, 0.084, -0.174, 0.846, 0.052
2017-04-20 10:09:17,625, 1492675757624957716, 0.098, 0.036, 0.077, -0.262, 0.94, 0.033
2017-04-20 10:09:17,627, 1492675757626925962, 0.121, 0.065, 0.091, -0.361, 0.998, 0.049
2017-04-20 10:09:17,629, 1492675757628975833, 0.132, 0.067, 0.063, -0.441, 1.088, 0.008
2017-04-20 10:09:17,630, 1492675757630908866, 0.134, 0.078, 0.042, -0.503, 1.101, 0.008
2017-04-20 10:09:17,637, 1492675757636364311, 0.117, 0.089, 0.038, -0.596, 1.086, 0.041
2017-04-20 10:09:17,638, 1492675757638104423, 0.144, 0.104, -0.005, -0.679, 0.976, 0.0
2017-04-20 10:09:17,640, 1492675757640104776, 0.162, 0.094, -0.036, -0.657, 0.942, -0.005
2017-04-20 10:09:17,642, 1492675757642077500, 0.177, 0.088, -0.015, -0.638, 0.882, -0.029
2017-04-20 10:09:17,644, 1492675757644115200, 0.165, 0.101, -0.034, -0.607, 0.804, -0.024
2017-04-20 10:09:17,646, 1492675757646079151, 0.16, 0.083, -0.057, -0.538, 0.763, -0.053
2017-04-20 10:09:17,648, 1492675757648087781, 0.127, 0.081, -0.028, -0.486, 0.681, -0.024
2017-04-20 10:09:17,650, 1492675757650117045, 0.095, 0.082, -0.058, -0.444, 0.608, 0.024
2017-04-20 10:09:17,657, 1492675757657117448, 0.083, 0.051, -0.03, -0.172, 0.506, 0.0
2017-04-20 10:09:17,659, 1492675757658893641, 0.059, 0.029, -0.039, -0.105, 0.449, 0.0
2017-04-20 10:09:17,661, 1492675757660974526, 0.038, 0.05, 0.004, -0.113, 0.372, 0.036
2017-04-20 10:09:17,663, 1492675757662964985, 0.012, 0.028, 0.004, -0.111, 0.325, 0.036
2017-04-20 10:09:17,665, 1492675757664962800, 0.008, 0.024, -0.018, -0.083, 0.241, 0.028
2017-04-20 10:09:17,667, 1492675757666975641, 0.02, 0.044, 0.056, -0.136, 0.187, 0.036
2017-04-20 10:09:17,673, 1492675757673544320, 0.044, 0.04, 0.058, -0.154, 0.15, 0.016
2017-04-20 10:09:17,676, 1492675757676071102, -0.001, 0.029, 0.031, -0.233, -0.086, -0.045
2017-04-20 10:09:17,678, 1492675757678141307, 0.007, 0.047, 0.086, -0.24, -0.129, 0.003
2017-04-20 10:09:17,680, 1492675757679924455, 0.004, 0.045, 0.091, -0.217, -0.16, -0.005
2017-04-20 10:09:17,681, 1492675757681090635, 0.011, 0.012, 0.045, -0.162, -0.174, -0.029
2017-04-20 10:09:17,683, 1492675757683083194, -0.025, 0.024, 0.031, -0.119, -0.205, -0.024
2017-04-20 10:09:17,685, 1492675757685086517, -0.044, 0.037, 0.039, -0.066, -0.259, -0.008
2017-04-20 10:09:17,687, 1492675757687071668, -0.034, 0.022, -0.012, 0.013, -0.254, -0.024
2017-04-20 10:09:17,692, 1492675757692074482, 0.008, 0.041, 0.021, 0.014, -0.181, 0.024
2017-04-20 10:09:17,693, 1492675757693069692, 0.0, 0.012, -0.04, -0.013, -0.155, 0.003
2017-04-20 10:09:17,696, 1492675757695979042, -0.014, 0.024, -0.019, -0.069, -0.14, 0.0
2017-04-20 10:09:17,698, 1492675757697960415, -0.003, 0.044, -0.013, -0.144, -0.089, -0.005
2017-04-20 10:09:17,700, 1492675757699924324, 0.027, 0.044, -0.046, -0.192, 0.002, -0.053
2017-04-20 10:09:17,702, 1492675757701902034, 0.05, 0.053, -0.013, -0.265, 0.07, -0.037
2017-04-20 10:09:17,704, 1492675757703927861, 0.055, 0.061, 0.015, -0.336, 0.162, -0.024
2017-04-20 10:09:17,706, 1492675757706114025, 0.061, 0.054, -0.015, -0.359, 0.263, -0.041
2017-04-20 10:09:17,708, 1492675757708007351, 0.033, 0.051, 0.024, -0.382, 0.306, -0.021
2017-04-20 10:09:17,710, 1492675757710081999, 0.049, 0.064, 0.034, -0.388, 0.379, 0.024
2017-04-20 10:09:17,711, 1492675757711083277, 0.063, 0.053, 0.0, -0.359, 0.486, 0.0
2017-04-20 10:09:17,714, 1492675757714058264, 0.083, 0.055, 0.012, -0.366, 0.592, 0.016
2017-04-20 10:09:17,715, 1492675757715910948, 0.091, 0.052, 0.035, -0.349, 0.657, 0.0
2017-04-20 10:09:17,717, 1492675757717894773, 0.065, 0.029, -0.023, -0.29, 0.692, 0.02
2017-04-20 10:09:17,720, 1492675757719950571, 0.057, 0.031, -0.011, -0.236, 0.701, 0.028
2017-04-20 10:09:17,722, 1492675757721922200, 0.066, 0.055, 0.023, -0.197, 0.732, 0.033
2017-04-20 10:09:17,724, 1492675757723929524, 0.078, 0.032, -0.017, -0.152, 0.737, 0.028
2017-04-20 10:09:17,725, 1492675757725913782, 0.097, 0.03, 0.016, -0.143, 0.748, 0.074
2017-04-20 10:09:17,728, 1492675757727924405, 0.121, 0.047, 0.058, -0.147, 0.737, 0.052
2017-04-20 10:09:17,730, 1492675757729931449, 0.109, 0.031, -0.024, -0.143, 0.701, -0.016
2017-04-20 10:09:17,732, 1492675757731933170, 0.084, 0.033, 0.007, -0.158, 0.624, 0.0
2017-04-20 10:09:17,734, 1492675757733912639, 0.064, 0.024, 0.033, -0.181, 0.541, 0.012
2017-04-20 10:09:17,736, 1492675757735957227, 0.096, 0.024, -0.001, -0.188, 0.537, -0.013
2017-04-20 10:09:17,738, 1492675757738029486, 0.095, 0.026, 0.01, -0.174, 0.483, -0.005
2017-04-20 10:09:17,740, 1492675757740102982, 0.098, 0.033, 0.058, -0.146, 0.403, 0.016
2017-04-20 10:09:17,742, 1492675757741861846, 0.064, 0.019, 0.018, -0.112, 0.35, 0.012
2017-04-20 10:09:17,744, 1492675757743976082, 0.025, 0.01, -0.021, -0.071, 0.255, -0.033
2017-04-20 10:09:17,746, 1492675757745988275, 0.01, 0.025, 0.008, -0.046, 0.181, 0.003
2017-04-20 10:09:17,748, 1492675757747996188, 0.024, 0.009, -0.001, -0.03, 0.152, 0.003
2017-04-20 10:09:17,758, 1492675757758068312, -0.019, 0.04, 0.018, -0.074, -0.11, 0.0
2017-04-20 10:09:17,759, 1492675757759097839, -0.007, 0.034, -0.043, -0.104, -0.111, -0.045
2017-04-20 10:09:17,762, 1492675757761930816, -0.007, 0.018, -0.04, -0.143, -0.14, -0.045
2017-04-20 10:09:17,764, 1492675757763933951, -0.008, 0.034, 0.035, -0.171, -0.196, 0.02
2017-04-20 10:09:17,766, 1492675757766064425, 0.004, 0.024, -0.044, -0.188, -0.16, -0.024
2017-04-20 10:09:17,768, 1492675757768102817, -0.008, 0.026, -0.084, -0.161, -0.175, -0.029
2017-04-20 10:09:17,770, 1492675757769901089, -0.015, 0.031, -0.002, -0.16, -0.18, -0.029
2017-04-20 10:09:17,778, 1492675757778137621, 0.015, 0.045, -0.12, -0.105, -0.045, 0.0
2017-04-20 10:09:17,779, 1492675757779919983, 0.014, 0.017, -0.19, -0.112, -0.002, 0.012
2017-04-20 10:09:17,782, 1492675757782013876, -0.004, 0.035, -0.143, -0.151, 0.027, 0.008
2017-04-20 10:09:17,784, 1492675757783985903, -0.01, 0.044, -0.108, -0.189, 0.049, 0.003
2017-04-20 10:09:17,786, 1492675757786212920, -0.005, 0.03, -0.19, -0.243, 0.112, -0.037
2017-04-20 10:09:17,788, 1492675757788066039, 0.018, 0.055, -0.15, -0.308, 0.162, 0.008
2017-04-20 10:09:17,790, 1492675757790034917, 0.041, 0.076, -0.067, -0.359, 0.247, 0.008
2017-04-20 10:09:17,792, 1492675757791991640, 0.049, 0.063, -0.105, -0.438, 0.305, -0.005
2017-04-20 10:09:17,794, 1492675757793937606, 0.007, 0.042, -0.152, -0.451, 0.267, 0.0
2017-04-20 10:09:17,796, 1492675757795991315, -0.01, 0.067, -0.049, -0.443, 0.258, 0.02
2017-04-20 10:09:17,798, 1492675757797999603, 0.004, 0.077, -0.09, -0.419, 0.318, 0.008
2017-04-20 10:09:17,800, 1492675757799982898, 0.039, 0.053, -0.114, -0.354, 0.346, -0.045
2017-04-20 10:09:17,812, 1492675757806092768, 0.018, 0.017, -0.144, -0.168, 0.311, 0.008
2017-04-20 10:09:17,814, 1492675757814078837, 0.063, -0.033, -0.131, 0.226, 0.217, -0.013
2017-04-20 10:09:17,815, 1492675757815087163, 0.052, -0.033, -0.111, 0.297, 0.173, 0.033
2017-04-20 10:09:17,818, 1492675757817960158, 0.016, -0.049, -0.202, 0.399, 0.098, 0.024
2017-04-20 10:09:17,820, 1492675757819961393, -0.022, -0.05, -0.205, 0.477, 0.028, 0.036
2017-04-20 10:09:17,821, 1492675757821069601, -0.027, -0.042, -0.187, 0.51, -0.019, 0.012
2017-04-20 10:09:17,824, 1492675757823991961, 0.002, -0.059, -0.184, 0.52, -0.029, 0.024
2017-04-20 10:09:17,830, 1492675757830050246, -0.009, -0.027, -0.17, 0.318, -0.125, 0.016
2017-04-20 10:09:17,831, 1492675757831102448, -0.047, -0.022, -0.189, 0.208, -0.195, 0.02
2017-04-20 10:09:17,834, 1492675757834086803, -0.043, -0.002, -0.134, 0.071, -0.212, -0.005
2017-04-20 10:09:17,836, 1492675757835927374, -0.025, 0.019, -0.135, -0.066, -0.184, -0.021
2017-04-20 10:09:17,838, 1492675757837890525, -0.014, 0.034, -0.152, -0.206, -0.198, -0.033
2017-04-20 10:09:17,839, 1492675757839906084, -0.032, 0.047, -0.136, -0.303, -0.219, -0.024
2017-04-20 10:09:17,842, 1492675757842219024, -0.032, 0.06, -0.137, -0.378, -0.228, -0.016
2017-04-20 10:09:17,844, 1492675757844086537, -0.053, 0.08, -0.143, -0.458, -0.232, -0.033
2017-04-20 10:09:17,845, 1492675757845071740, -0.051, 0.079, -0.147, -0.489, -0.246, -0.033
2017-04-20 10:09:17,848, 1492675757847935651, -0.048, 0.063, -0.161, -0.501, -0.255, -0.013
2017-04-20 10:09:17,849, 1492675757849837830, -0.029, 0.091, -0.153, -0.519, -0.222, 0.003
2017-04-20 10:09:17,852, 1492675757851943741, -0.001, 0.094, -0.148, -0.514, -0.16, -0.024
2017-04-20 10:09:17,853, 1492675757853886444, -0.006, 0.079, -0.174, -0.498, -0.175, -0.037
2017-04-20 10:09:17,856, 1492675757855937906, -0.04, 0.053, -0.203, -0.486, -0.207, -0.005
2017-04-20 10:09:17,862, 1492675757862079416, -0.006, 0.047, -0.228, -0.319, -0.066, -0.024
2017-04-20 10:09:17,864, 1492675757864023621, 0.007, 0.028, -0.222, -0.25, -0.044, 0.016
2017-04-20 10:09:17,866, 1492675757866027146, 0.008, 0.032, -0.211, -0.161, 0.014, -0.016
2017-04-20 10:09:17,868, 1492675757867959484, 0.01, 0.03, -0.229, -0.075, 0.056, -0.021
2017-04-20 10:09:17,869, 1492675757869905644, 0.001, 0.019, -0.232, 0.01, 0.084, 0.003
2017-04-20 10:09:17,872, 1492675757871970489, 0.009, -0.004, -0.206, 0.062, 0.121, 0.024
2017-04-20 10:09:17,878, 1492675757877811265, 0.01, -0.003, -0.201, 0.105, 0.167, 0.028
2017-04-20 10:09:17,880, 1492675757880062074, 0.028, -0.009, -0.165, 0.146, 0.258, 0.024
2017-04-20 10:09:17,882, 1492675757881989279, 0.039, -0.001, -0.151, 0.121, 0.296, 0.012
2017-04-20 10:09:17,883, 1492675757883076284, 0.032, -0.009, -0.14, 0.091, 0.315, 0.012
2017-04-20 10:09:17,885, 1492675757885049255, 0.042, -0.021, -0.133, 0.074, 0.303, 0.02
2017-04-20 10:09:17,887, 1492675757887103242, 0.023, -0.016, -0.163, 0.054, 0.302, 0.003
2017-04-20 10:09:17,889, 1492675757889065375, 0.039, -0.006, -0.138, 0.057, 0.299, 0.012
2017-04-20 10:09:17,891, 1492675757891076829, 0.033, -0.005, -0.144, 0.059, 0.283, 0.008
2017-04-20 10:09:17,893, 1492675757893055255, 0.023, -0.012, -0.153, 0.067, 0.243, 0.012
2017-04-20 10:09:17,895, 1492675757895092639, 0.005, -0.005, -0.155, 0.084, 0.204, 0.02
2017-04-20 10:09:17,897, 1492675757897066029, 0.02, 0.0, -0.161, 0.089, 0.164, 0.012
2017-04-20 10:09:17,899, 1492675757899081410, 0.018, -0.008, -0.183, 0.09, 0.129, 0.0
2017-04-20 10:09:17,901, 1492675757901058490, 0.022, -0.007, -0.177, 0.081, 0.084, 0.012
2017-04-20 10:09:17,903, 1492675757903124837, 0.004, 0.007, -0.193, 0.039, 0.033, -0.013
2017-04-20 10:09:17,905, 1492675757905163846, -0.007, 0.006, -0.204, 0.011, -0.019, -0.013
2017-04-20 10:09:17,910, 1492675757910155005, -0.02, 0.027, -0.222, -0.044, -0.109, -0.021
2017-04-20 10:09:17,912, 1492675757911954520, -0.01, 0.019, -0.226, -0.06, -0.138, -0.029
2017-04-20 10:09:17,914, 1492675757914046688, -0.024, 0.021, -0.211, -0.079, -0.159, 0.003
2017-04-20 10:09:17,916, 1492675757916060821, -0.025, 0.031, -0.211, -0.098, -0.195, 0.024
2017-04-20 10:09:17,918, 1492675757918042292, -0.03, 0.026, -0.204, -0.123, -0.208, -0.016
2017-04-20 10:09:17,920, 1492675757919989429, -0.047, 0.034, -0.184, -0.155, -0.228, 0.016
2017-04-20 10:09:17,922, 1492675757922026819, -0.039, 0.042, -0.181, -0.196, -0.239, -0.008
2017-04-20 10:09:17,929, 1492675757929024063, -0.056, 0.052, -0.155, -0.318, -0.243, -0.021
2017-04-20 10:09:17,930, 1492675757930103242, -0.04, 0.058, -0.15, -0.329, -0.239, -0.024
2017-04-20 10:09:17,932, 1492675757932050676, -0.048, 0.054, -0.12, -0.329, -0.25, 0.003
2017-04-20 10:09:17,935, 1492675757934920088, -0.051, 0.032, -0.123, -0.313, -0.241, -0.013
2017-04-20 10:09:17,936, 1492675757936889545, -0.044, 0.046, -0.125, -0.274, -0.233, -0.024
2017-04-20 10:09:17,938, 1492675757938103656, -0.031, 0.037, -0.121, -0.228, -0.228, -0.021
2017-04-20 10:09:17,940, 1492675757940056520, -0.033, 0.029, -0.11, -0.167, -0.214, -0.021
2017-04-20 10:09:17,942, 1492675757942076741, -0.025, 0.025, -0.113, -0.111, -0.204, -0.013
2017-04-20 10:09:17,945, 1492675757945493816, -0.017, 0.02, -0.103, -0.055, -0.184, -0.005
2017-04-20 10:09:17,948, 1492675757948053471, -0.014, 0.012, -0.083, 0.029, -0.13, 0.016
2017-04-20 10:09:17,949, 1492675757949065697, -0.018, 0.0, -0.086, 0.063, -0.103, -0.008
2017-04-20 10:09:17,951, 1492675757951064443, -0.001, 0.003, -0.069, 0.082, -0.084, -0.013
2017-04-20 10:09:17,952, 1492675757952066666, -0.008, -0.007, -0.045, 0.106, -0.043, -0.008
2017-04-20 10:09:17,958, 1492675757958057888, 0.003, -0.013, -0.037, 0.138, 0.057, 0.012
2017-04-20 10:09:17,959, 1492675757959910570, 0.012, -0.018, -0.041, 0.146, 0.111, -0.013
2017-04-20 10:09:17,962, 1492675757961916996, 0.016, -0.013, -0.032, 0.155, 0.143, 0.016
2017-04-20 10:09:17,964, 1492675757964056908, 0.008, -0.014, -0.032, 0.159, 0.18, 0.008
2017-04-20 10:09:17,966, 1492675757965920080, 0.023, -0.018, -0.033, 0.155, 0.207, 0.012
2017-04-20 10:09:17,967, 1492675757967905058, 0.023, -0.014, -0.032, 0.15, 0.228, 0.012
2017-04-20 10:09:17,970, 1492675757969970546, 0.032, -0.017, -0.032, 0.137, 0.253, 0.016
2017-04-20 10:09:17,971, 1492675757971882481, 0.026, -0.009, -0.036, 0.121, 0.259, 0.028
2017-04-20 10:09:17,974, 1492675757973944028, 0.019, -0.004, -0.039, 0.096, 0.249, 0.036
2017-04-20 10:09:17,976, 1492675757975947678, 0.025, -0.008, -0.04, 0.061, 0.241, 0.028
2017-04-20 10:09:17,978, 1492675757978059140, 0.026, -0.001, -0.033, 0.022, 0.228, 0.016
2017-04-20 10:09:17,980, 1492675757979940546, 0.009, 0.001, -0.051, -0.021, 0.209, -0.005
2017-04-20 10:09:17,982, 1492675757981945043, 0.018, 0.012, -0.052, -0.064, 0.182, 0.003
2017-04-20 10:09:17,984, 1492675757984105989, 0.02, 0.018, -0.068, -0.1, 0.142, 0.0
2017-04-20 10:09:17,986, 1492675757985931683, 0.014, 0.017, -0.064, -0.136, 0.108, 0.003
2017-04-20 10:09:17,987, 1492675757987908050, -0.007, 0.029, -0.067, -0.162, 0.068, -0.008
2017-04-20 10:09:17,989, 1492675757989909980, 0.001, 0.025, -0.064, -0.174, 0.014, -0.005
2017-04-20 10:09:17,991, 1492675757991889303, -0.007, 0.033, -0.056, -0.185, -0.016, -0.021
2017-04-20 10:09:17,994, 1492675757994042998, -0.007, 0.038, -0.051, -0.189, -0.048, -0.005
2017-04-20 10:09:17,996, 1492675757995989391, 0.0, 0.035, -0.06, -0.196, -0.093, -0.021
2017-04-20 10:09:17,997, 1492675757997920031, -0.014, 0.041, -0.044, -0.201, -0.125, -0.013
2017-04-20 10:09:17,999, 1492675757999904609, -0.016, 0.043, -0.038, -0.206, -0.16, -0.021
2017-04-20 10:09:18,001, 1492675758001897102, -0.039, 0.044, -0.034, -0.206, -0.181, -0.013
2017-04-20 10:09:18,004, 1492675758003984775, -0.028, 0.042, -0.033, -0.214, -0.196, -0.024
2017-04-20 10:09:18,006, 1492675758005922520, -0.031, 0.034, -0.001, -0.222, -0.207, -0.013
2017-04-20 10:09:18,007, 1492675758007911438, -0.031, 0.038, 0.004, -0.222, -0.219, -0.016
2017-04-20 10:09:18,013, 1492675758013796470, -0.032, 0.032, 0.007, -0.217, -0.225, -0.021
2017-04-20 10:09:18,015, 1492675758015084483, -0.04, 0.033, 0.013, -0.121, -0.234, 0.0
2017-04-20 10:09:18,022, 1492675758022100773, -0.027, -0.001, 0.015, 0.05, -0.207, 0.0
2017-04-20 10:09:18,024, 1492675758024209957, -0.024, -0.001, 0.022, 0.096, -0.189, -0.005
2017-04-20 10:09:18,026, 1492675758026061878, -0.038, 0.007, 0.021, 0.124, -0.177, 0.003
2017-04-20 10:09:18,028, 1492675758027948009, -0.023, -0.003, 0.012, 0.137, -0.169, -0.005
2017-04-20 10:09:18,030, 1492675758029971149, -0.027, -0.029, -0.033, 0.155, -0.153, -0.013
2017-04-20 10:09:18,032, 1492675758032162466, -0.002, -0.022, 0.003, 0.173, -0.114, 0.02
2017-04-20 10:09:18,038, 1492675758038080683, -0.012, -0.025, -0.053, 0.217, -0.043, 0.028
2017-04-20 10:09:18,040, 1492675758040000568, -0.003, -0.021, -0.033, 0.222, 0.008, 0.02
2017-04-20 10:09:18,042, 1492675758041983623, 0.031, -0.012, -0.043, 0.217, 0.072, 0.0
2017-04-20 10:09:18,044, 1492675758044101993, 0.014, -0.004, -0.03, 0.171, 0.084, 0.036
2017-04-20 10:09:18,046, 1492675758046387882, -0.011, -0.02, -0.021, 0.129, 0.08, 0.041
2017-04-20 10:09:18,048, 1492675758048078541, -0.001, 0.0, -0.032, 0.062, 0.104, 0.02
2017-04-20 10:09:18,050, 1492675758049993066, 0.001, 0.029, -0.042, -0.002, 0.147, -0.008
2017-04-20 10:09:18,052, 1492675758052270666, 0.03, 0.027, -0.008, -0.095, 0.176, 0.003
2017-04-20 10:09:18,054, 1492675758054099461, 0.028, 0.031, -0.029, -0.188, 0.193, -0.005
2017-04-20 10:09:18,055, 1492675758055868780, 0.024, 0.039, -0.015, -0.281, 0.196, -0.013
2017-04-20 10:09:18,058, 1492675758057997390, 0.025, 0.065, 0.002, -0.359, 0.186, -0.013
2017-04-20 10:09:18,060, 1492675758059975577, 0.018, 0.059, 0.001, -0.42, 0.183, -0.005
2017-04-20 10:09:18,062, 1492675758062011074, 0.015, 0.059, 0.007, -0.46, 0.193, -0.016
2017-04-20 10:09:18,064, 1492675758064144584, 0.024, 0.06, 0.035, -0.476, 0.197, -0.033
2017-04-20 10:09:18,066, 1492675758065987580, 0.002, 0.063, 0.029, -0.455, 0.173, -0.013
2017-04-20 10:09:18,068, 1492675758067920240, -0.009, 0.058, 0.032, -0.396, 0.125, 0.016
2017-04-20 10:09:18,071, 1492675758071005622, -0.004, 0.063, 0.028, -0.327, 0.109, 0.0
2017-04-20 10:09:18,074, 1492675758074068428, 0.01, 0.029, 0.031, -0.199, 0.082, 0.016
2017-04-20 10:09:18,075, 1492675758075885402, -0.007, 0.011, 0.018, -0.078, 0.011, 0.016
2017-04-20 10:09:18,077, 1492675758077094598, -0.015, 0.01, 0.005, 0.015, -0.035, 0.0
2017-04-20 10:09:18,079, 1492675758078924723, -0.012, -0.002, -0.016, 0.072, -0.059, -0.016
2017-04-20 10:09:18,080, 1492675758080066737, -0.016, -0.005, -0.03, 0.153, -0.084, -0.016
2017-04-20 10:09:18,082, 1492675758081986894, -0.009, -0.015, -0.017, 0.194, -0.104, -0.005
2017-04-20 10:09:18,084, 1492675758083928937, 0.0, -0.024, -0.015, 0.269, -0.139, 0.008
2017-04-20 10:09:18,086, 1492675758085973322, -0.01, -0.019, -0.044, 0.326, -0.161, -0.005
2017-04-20 10:09:18,088, 1492675758087914890, -0.016, -0.027, -0.039, 0.351, -0.189, -0.005
2017-04-20 10:09:18,090, 1492675758089967737, -0.027, -0.032, -0.039, 0.354, -0.215, 0.012
2017-04-20 10:09:18,092, 1492675758091949114, -0.022, -0.028, -0.033, 0.325, -0.223, 0.0
2017-04-20 10:09:18,097, 1492675758097127178, -0.036, -0.005, 0.002, 0.117, -0.209, 0.012
2017-04-20 10:09:18,098, 1492675758098924507, -0.041, -0.007, 0.005, 0.037, -0.205, 0.008
2017-04-20 10:09:18,101, 1492675758101808285, -0.045, 0.02, 0.014, -0.055, -0.198, -0.005
2017-04-20 10:09:18,103, 1492675758103062293, -0.042, 0.011, 0.022, -0.185, -0.167, 0.003
2017-04-20 10:09:18,105, 1492675758105030549, -0.031, 0.023, 0.019, -0.221, -0.155, -0.016
2017-04-20 10:09:18,107, 1492675758107043155, -0.031, 0.038, 0.023, -0.257, -0.149, -0.024
2017-04-20 10:09:18,116, 1492675758114193261, -0.022, 0.048, 0.002, -0.272, -0.146, -0.033
2017-04-20 10:09:18,117, 1492675758117074203, 0.0, 0.047, -0.024, -0.161, -0.067, -0.008
2017-04-20 10:09:18,119, 1492675758118911844, -0.002, 0.039, -0.03, -0.146, -0.06, -0.008
2017-04-20 10:09:18,120, 1492675758120192144, -0.003, 0.041, -0.022, -0.121, -0.042, 0.0
2017-04-20 10:09:18,122, 1492675758122121813, -0.002, 0.029, -0.021, -0.112, -0.018, -0.013
2017-04-20 10:09:18,124, 1492675758124056531, 0.014, 0.024, -0.008, -0.109, 0.029, -0.008
2017-04-20 10:09:18,126, 1492675758126081125, 0.006, 0.012, -0.006, -0.112, 0.062, 0.0
2017-04-20 10:09:18,128, 1492675758128019855, 0.007, 0.009, 0.007, -0.106, 0.075, 0.012
2017-04-20 10:09:18,130, 1492675758130056463, -0.002, 0.017, 0.003, -0.096, 0.109, 0.003
2017-04-20 10:09:18,132, 1492675758132063553, 0.003, 0.009, 0.011, -0.08, 0.129, 0.003
2017-04-20 10:09:18,134, 1492675758134081010, 0.002, 0.007, 0.032, -0.061, 0.162, 0.02
2017-04-20 10:09:18,136, 1492675758136073854, 0.003, 0.003, 0.025, -0.04, 0.176, 0.028
2017-04-20 10:09:18,138, 1492675758138089048, 0.006, 0.002, 0.012, -0.015, 0.166, 0.012
2017-04-20 10:09:18,142, 1492675758142086059, 0.009, 0.004, -0.007, 0.023, 0.151, 0.024
2017-04-20 10:09:18,144, 1492675758144094042, 0.024, -0.002, 0.0, 0.045, 0.148, 0.012
2017-04-20 10:09:18,146, 1492675758145908260, 0.019, 0.01, -0.02, 0.049, 0.138, -0.008
2017-04-20 10:09:18,147, 1492675758147122074, 0.014, -0.002, -0.019, 0.049, 0.112, 0.012
2017-04-20 10:09:18,150, 1492675758150592280, 0.008, -0.005, -0.021, 0.051, 0.094, -0.005
2017-04-20 10:09:18,152, 1492675758152063352, 0.008, -0.001, -0.019, 0.044, 0.058, 0.0
2017-04-20 10:09:18,154, 1492675758154057714, 0.013, -0.005, -0.019, 0.04, 0.037, -0.013
2017-04-20 10:09:18,156, 1492675758156140848, -0.004, 0.0, -0.019, 0.033, 0.013, 0.0