2017-04-20 10:10:50,728, 1492675850728716845, 1.14, 0.751, -3.501, -0.494, 1.947, 1.132
2017-04-20 10:10:50,730, 1492675850730669015, 1.126, 0.778, -3.498, -0.554, 1.943, 1.132
2017-04-20 10:10:50,733, 1492675850733765173, 1.144, 0.798, -3.455, -0.619, 1.951, 1.132
2017-04-20 10:10:50,735, 1492675850735666437, 1.145, 0.795, -3.467, -0.709, 1.947, 1.08
2017-04-20 10:10:50,737, 1492675850737510086, 1.136, 0.778, -3.435, -0.768, 1.936, 1.072
2017-04-20 10:10:50,739, 1492675850739082568, 1.128, 0.787, -3.399, -0.828, 1.915, 1.072
2017-04-20 10:10:50,740, 1492675850740695006, 1.128, 0.795, -3.431, -0.904, 1.895, 1.08
2017-04-20 10:10:50,742, 1492675850742671253, 1.132, 0.808, -3.439, -0.962, 1.892, 1.104
2017-04-20 10:10:50,744, 1492675850744701353, 1.134, 0.805, -3.438, -0.985, 1.874, 1.067
2017-04-20 10:10:50,751, 1492675850751687935, 1.12, 0.777, -3.461, -0.99, 1.84, 1.007
2017-04-20 10:10:50,756, 1492675850756724921, 1.081, 0.764, -3.614, -0.869, 1.758, 0.962
2017-04-20 10:10:50,758, 1492675850758534699, 1.071, 0.763, -3.643, -0.828, 1.754, 0.967
2017-04-20 10:10:50,760, 1492675850760688093, 1.071, 0.752, -3.644, -0.735, 1.745, 0.978
2017-04-20 10:10:50,763, 1492675850762845613, 1.057, 0.747, -3.654, -0.677, 1.749, 1.007
2017-04-20 10:10:50,764, 1492675850764694420, 1.076, 0.757, -3.654, -0.616, 1.781, 1.018
2017-04-20 10:10:50,766, 1492675850766644577, 1.096, 0.754, -3.665, -0.577, 1.822, 1.047
2017-04-20 10:10:50,769, 1492675850769326551, 1.118, 0.758, -3.648, -0.536, 1.867, 1.075
2017-04-20 10:10:50,770, 1492675850770645250, 1.13, 0.764, -3.614, -0.485, 1.9, 1.12
2017-04-20 10:10:50,772, 1492675850772621773, 1.14, 0.749, -3.603, -0.469, 1.915, 1.132
2017-04-20 10:10:50,774, 1492675850774676684, 1.133, 0.748, -3.567, -0.459, 1.94, 1.161
2017-04-20 10:10:50,781, 1492675850780803968, 1.148, 0.744, -3.564, -0.47, 1.953, 1.189
2017-04-20 10:10:50,783, 1492675850783369657, 1.161, 0.753, -3.543, -0.493, 2.045, 1.27
2017-04-20 10:10:50,785, 1492675850785706778, 1.17, 0.75, -3.515, -0.506, 2.07, 1.258
2017-04-20 10:10:50,787, 1492675850787571573, 1.163, 0.738, -3.515, -0.532, 2.072, 1.238
2017-04-20 10:10:50,792, 1492675850792754083, 1.172, 0.757, -3.507, -0.581, 2.056, 1.25
2017-04-20 10:10:50,794, 1492675850794577910, 1.161, 0.741, -3.499, -0.587, 2.046, 1.243
2017-04-20 10:10:50,796, 1492675850796690523, 1.153, 0.736, -3.527, -0.593, 2.018, 1.246
2017-04-20 10:10:50,798, 1492675850798623501, 1.142, 0.731, -3.533, -0.598, 2.0, 1.23
2017-04-20 10:10:50,800, 1492675850800592100, 1.146, 0.733, -3.542, -0.608, 1.986, 1.222
2017-04-20 10:10:50,803, 1492675850802844143, 1.148, 0.733, -3.561, -0.617, 1.966, 1.21
2017-04-20 10:10:50,804, 1492675850804687526, 1.133, 0.725, -3.582, -0.618, 1.929, 1.165
2017-04-20 10:10:50,809, 1492675850809688376, 1.139, 0.733, -3.556, -0.587, 1.919, 1.129
2017-04-20 10:10:50,810, 1492675850810712992, 1.137, 0.745, -3.533, -0.592, 1.929, 1.129
2017-04-20 10:10:50,817, 1492675850816742958, 1.142, 0.759, -3.475, -0.612, 1.939, 1.116
2017-04-20 10:10:50,818, 1492675850818625314, 1.175, 0.806, -3.231, -0.764, 2.024, 1.164
2017-04-20 10:10:50,820, 1492675850820617549, 1.198, 0.819, -3.056, -0.895, 2.077, 1.169
2017-04-20 10:10:50,823, 1492675850822948589, 1.204, 0.831, -2.863, -1.071, 2.14, 1.17
2017-04-20 10:10:50,824, 1492675850824677173, 1.213, 0.857, -2.702, -1.269, 2.197, 1.145
2017-04-20 10:10:50,826, 1492675850826608076, 1.204, 0.849, -2.563, -1.51, 2.245, 1.145
2017-04-20 10:10:50,829, 1492675850829811501, 1.199, 0.865, -2.409, -1.867, 2.297, 1.112
2017-04-20 10:10:50,831, 1492675850831636445, 1.187, 0.956, -2.136, -2.608, 2.385, 1.075
2017-04-20 10:10:50,832, 1492675850832657683, 1.177, 0.979, -2.151, -2.668, 2.449, 1.083
2017-04-20 10:10:50,834, 1492675850834629915, 1.162, 0.974, -2.119, -2.685, 2.455, 1.112
2017-04-20 10:10:50,836, 1492675850836599706, 1.162, 0.974, -2.099, -2.771, 2.493, 1.145
2017-04-20 10:10:50,838, 1492675850838644002, 1.141, 0.953, -2.088, -2.767, 2.473, 1.25
2017-04-20 10:10:50,840, 1492675850840584814, 1.093, 0.898, -2.088, -2.696, 2.461, 1.243
2017-04-20 10:10:50,842, 1492675850842660609, 1.092, 0.943, -2.053, -2.781, 2.465, 1.335
2017-04-20 10:10:50,844, 1492675850844631652, 1.127, 0.956, -2.036, -2.761, 2.507, 1.36
2017-04-20 10:10:50,846, 1492675850846698437, 1.206, 0.983, -2.008, -2.818, 2.607, 1.547
2017-04-20 10:10:50,849, 1492675850849618799, 1.244, 0.985, -2.014, -2.802, 2.666, 1.554
2017-04-20 10:10:50,850, 1492675850850698360, 1.271, 0.91, -1.983, -2.626, 2.657, 1.563
2017-04-20 10:10:50,853, 1492675850853443751, 1.277, 0.879, -1.967, -2.557, 2.635, 1.592
2017-04-20 10:10:50,854, 1492675850854705154, 1.29, 0.909, -1.924, -2.609, 2.631, 1.628
2017-04-20 10:10:50,856, 1492675850856660787, 1.312, 1.015, -1.25, -2.411, 2.669, 1.401
2017-04-20 10:10:50,858, 1492675850858620918, 1.281, 1.154, 5.559, -2.97, 1.963, 2.245
2017-04-20 10:10:50,860, 1492675850860610725, 1.288, 0.451, -0.13, -3.251, 3.206, 0.75
2017-04-20 10:10:50,862, 1492675850862641320, 0.764, 0.448, -1.804, -2.122, 2.491, 0.26
2017-04-20 10:10:50,864, 1492675850864609697, 0.117, -0.024, -1.545, -2.471, 2.094, 1.409
2017-04-20 10:10:50,866, 1492675850866677814, -0.193, 0.057, -0.046, -5.125, 2.274, 1.319
2017-04-20 10:10:50,869, 1492675850869622392, 0.021, 0.494, 2.759, -5.914, 2.628, 0.528
2017-04-20 10:10:50,871, 1492675850871553794, 0.68, 0.777, -0.296, -6.601, 4.501, 0.959
2017-04-20 10:10:50,872, 1492675850872653761, 0.412, 0.717, -0.086, -6.904, 3.959, 1.835
2017-04-20 10:10:50,875, 1492675850874775380, 0.314, 0.538, 1.403, -6.558, 4.042, 1.202
2017-04-20 10:10:50,876, 1492675850876551943, 0.387, 0.525, 2.317, -5.755, 4.343, -0.211
2017-04-20 10:10:50,878, 1492675850878642401, 0.391, 0.425, 0.192, -5.096, 4.27, 0.122
2017-04-20 10:10:50,880, 1492675850880622047, 0.365, 0.51, 0.2, -4.303, 3.707, 0.78
2017-04-20 10:10:50,883, 1492675850882978403, 0.401, 0.56, 1.709, -3.924, 3.38, 1.112
2017-04-20 10:10:50,885, 1492675850884723857, 0.543, 0.305, 0.755, -4.445, 3.277, 0.085
2017-04-20 10:10:50,886, 1492675850886573699, 0.522, 0.347, 0.343, -4.396, 2.97, 0.279
2017-04-20 10:10:50,888, 1492675850888618973, 0.431, 0.589, 1.289, -3.826, 2.29, 1.051
2017-04-20 10:10:50,891, 1492675850890850499, 0.316, 0.535, 1.06, -3.223, 1.818, 0.715
2017-04-20 10:10:50,892, 1492675850892883081, 0.288, 0.284, 0.197, -2.593, 1.696, -0.024
2017-04-20 10:10:50,894, 1492675850894648370, 0.37, 0.038, 0.966, -2.01, 1.714, 0.187
2017-04-20 10:10:50,901, 1492675850901655066, 0.092, 0.135, 1.339, -1.444, 1.434, 0.417
2017-04-20 10:10:50,903, 1492675850903650948, 0.116, 0.073, 1.464, -1.796, 1.449, 0.625
2017-04-20 10:10:50,905, 1492675850905642461, 0.062, -0.019, 0.919, -2.194, 1.311, 0.625
2017-04-20 10:10:50,907, 1492675850907641176, -0.14, 0.146, 1.073, -2.307, 0.797, 0.666
2017-04-20 10:10:50,910, 1492675850909626547, -0.124, 0.268, 1.361, -2.184, 0.602, 0.739
2017-04-20 10:10:50,913, 1492675850913716961, 0.12, 0.195, 1.331, -2.077, 0.545, 0.714
2017-04-20 10:10:50,915, 1492675850915493065, 0.115, 0.156, 1.556, -1.883, 0.26, 0.869
2017-04-20 10:10:50,917, 1492675850917583966, 0.041, 0.215, 1.398, -1.46, -0.24, 0.99
2017-04-20 10:10:50,918, 1492675850918691511, -0.043, 0.304, 0.696, -0.653, -0.692, 0.466
2017-04-20 10:10:50,919, 1492675850919727629, -0.246, 0.118, 0.294, 0.042, -1.079, 0.012
2017-04-20 10:10:50,921, 1492675850921604549, -0.414, -0.256, 0.323, 0.406, -1.168, -0.499
2017-04-20 10:10:50,923, 1492675850923695276, -0.451, -0.103, 0.916, -0.083, -1.286, -0.819
2017-04-20 10:10:50,925, 1492675850925672960, -0.21, -0.226, 0.809, 0.329, -1.038, -0.166
2017-04-20 10:10:50,927, 1492675850927633982, 0.102, -0.014, 0.399, 0.593, -0.787, -0.365
2017-04-20 10:10:50,929, 1492675850929668626, 0.089, 0.054, 0.112, 0.429, -0.745, -0.373
2017-04-20 10:10:50,931, 1492675850931660015, 0.038, 0.051, 0.691, 0.509, -1.036, -0.332
2017-04-20 10:10:50,934, 1492675850933863698, -0.017, -0.158, -0.215, 1.005, -1.116, -0.251
2017-04-20 10:10:50,935, 1492675850935708129, 0.136, -0.207, -1.536, 0.895, -1.49, 1.007
2017-04-20 10:10:50,937, 1492675850937639992, -0.103, -0.006, 0.442, 1.397, -1.659, 0.426
2017-04-20 10:10:50,939, 1492675850939691573, -0.051, -0.015, 0.837, 2.115, -2.043, 0.499
2017-04-20 10:10:50,941, 1492675850941592558, -0.034, -0.259, 0.015, 2.515, -1.851, -0.077
2017-04-20 10:10:50,943, 1492675850943695604, -0.005, -0.324, -0.914, 2.277, -1.681, -0.405
2017-04-20 10:10:50,945, 1492675850945666029, -0.266, -0.127, 0.435, 2.039, -2.235, -0.154
2017-04-20 10:10:50,947, 1492675850947676551, 0.019, -0.02, 0.156, 1.386, -1.317, -0.21
2017-04-20 10:10:50,953, 1492675850952127521, -0.039, 0.039, -0.37, 0.675, -1.279, -0.033
2017-04-20 10:10:50,955, 1492675850954697365, -0.051, 0.163, 0.024, -1.789, -0.47, 0.523
2017-04-20 10:10:50,956, 1492675850956491872, 0.007, 0.171, -0.142, -1.943, -0.022, -0.053
2017-04-20 10:10:50,957, 1492675850957856848, 0.027, 0.349, 0.147, -2.289, 0.422, -0.532
2017-04-20 10:10:50,963, 1492675850963680489, 0.175, 0.251, 0.025, -2.225, 1.398, -0.021
2017-04-20 10:10:50,964, 1492675850964696492, 0.201, 0.317, 0.181, -2.334, 1.569, -0.146
2017-04-20 10:10:50,967, 1492675850967516964, 0.148, 0.357, 0.192, -2.171, 1.619, 0.077
2017-04-20 10:10:50,969, 1492675850969581152, 0.265, 0.323, -0.094, -1.92, 2.039, 0.498
2017-04-20 10:10:50,971, 1492675850971510871, 0.316, 0.365, 0.026, -1.954, 2.289, 0.198
2017-04-20 10:10:50,973, 1492675850973747868, 0.348, 0.266, 0.169, -1.764, 2.466, -0.273
2017-04-20 10:10:50,975, 1492675850975534312, 0.457, 0.228, -0.01, -1.627, 2.861, -0.159
2017-04-20 10:10:50,977, 1492675850977565719, 0.452, 0.224, -0.009, -1.516, 2.915, 0.016
2017-04-20 10:10:50,979, 1492675850979490825, 0.403, 0.169, 0.153, -1.269, 2.931, -0.154
2017-04-20 10:10:50,981, 1492675850981534096, 0.451, 0.086, 0.044, -1.043, 3.154, -0.005
2017-04-20 10:10:50,983, 1492675850983502087, 0.427, 0.057, 0.017, -0.81, 3.098, 0.426
2017-04-20 10:10:50,985, 1492675850985564697, 0.4, -0.015, 0.105, -0.345, 3.127, 0.309
2017-04-20 10:10:50,987, 1492675850987482343, 0.402, 0.013, 0.038, 0.127, 3.137, 0.114
2017-04-20 10:10:50,993, 1492675850993694020, 0.344, -0.079, 0.024, 1.142, 2.751, 0.085
2017-04-20 10:10:50,995, 1492675850995460563, 0.269, -0.108, -0.119, 1.141, 2.476, 0.125
2017-04-20 10:10:50,997, 1492675850997749669, 0.273, -0.126, -0.1, 1.167, 2.219, 0.317
2017-04-20 10:10:50,999, 1492675850999564079, 0.289, -0.05, 0.029, 0.93, 1.982, 0.349
2017-04-20 10:10:51,001, 1492675851001577190, 0.297, -0.034, -0.069, 0.606, 1.741, 0.106
2017-04-20 10:10:51,003, 1492675851003516633, 0.277, -0.071, -0.04, 0.336, 1.476, 0.0
2017-04-20 10:10:51,005, 1492675851005562187, 0.233, -0.017, 0.094, -0.009, 1.11, 0.016
2017-04-20 10:10:51,007, 1492675851007539645, 0.157, 0.04, 0.003, -0.311, 0.766, -0.105
2017-04-20 10:10:51,009, 1492675851009591134, 0.136, 0.049, -0.042, -0.518, 0.581, -0.175
2017-04-20 10:10:51,021, 1492675851020227075, -0.092, 0.134, 0.129, -0.801, -0.541, -0.053
2017-04-20 10:10:51,023, 1492675851022982875, -0.141, 0.116, 0.017, -0.629, -1.018, -0.086
2017-04-20 10:10:51,024, 1492675851024661251, -0.147, 0.064, 0.055, -0.588, -1.217, -0.045
2017-04-20 10:10:51,026, 1492675851026721823, -0.161, 0.054, 0.09, -0.496, -1.37, 0.012
2017-04-20 10:10:51,029, 1492675851029469772, -0.174, 0.092, 0.001, -0.426, -1.485, -0.065
2017-04-20 10:10:51,030, 1492675851030708249, -0.18, 0.052, -0.158, -0.287, -1.565, -0.135
2017-04-20 10:10:51,032, 1492675851032671764, -0.172, 0.014, -0.051, -0.13, -1.621, -0.105
2017-04-20 10:10:51,034, 1492675851034677560, -0.144, 0.026, -0.038, -0.012, -1.621, -0.094
2017-04-20 10:10:51,036, 1492675851036656665, -0.092, 0.031, -0.173, 0.165, -1.502, -0.138
2017-04-20 10:10:51,038, 1492675851038659980, -0.094, 0.001, -0.15, 0.311, -1.41, -0.064
2017-04-20 10:10:51,040, 1492675851040673399, -0.104, 0.037, -0.073, 0.312, -1.326, 0.077
2017-04-20 10:10:51,042, 1492675851042846453, -0.124, 0.018, -0.155, 0.313, -1.158, 0.025
2017-04-20 10:10:51,044, 1492675851044658696, -0.088, 0.043, -0.085, 0.174, -0.883, 0.033
2017-04-20 10:10:51,046, 1492675851046704234, -0.062, 0.108, 0.042, -0.16, -0.637, 0.049
2017-04-20 10:10:51,048, 1492675851048639978, -0.046, 0.118, 0.025, -0.431, -0.492, 0.025
2017-04-20 10:10:51,050, 1492675851050704718, -0.047, 0.127, 0.082, -0.768, -0.232, -0.094
2017-04-20 10:10:51,057, 1492675851056060120, -0.059, 0.162, 0.128, -1.14, -0.065, -0.089
2017-04-20 10:10:51,061, 1492675851061695139, 0.121, 0.136, 0.187, -1.454, 0.867, -0.065
2017-04-20 10:10:51,063, 1492675851063739982, 0.117, 0.15, 0.164, -1.266, 0.978, -0.037
2017-04-20 10:10:51,065, 1492675851065576175, 0.124, 0.114, 0.063, -0.96, 1.055, -0.045
2017-04-20 10:10:51,067, 1492675851067530443, 0.159, 0.053, 0.006, -0.549, 1.209, -0.049
2017-04-20 10:10:51,070, 1492675851069630773, 0.224, 0.038, 0.056, -0.173, 1.381, 0.028
2017-04-20 10:10:51,071, 1492675851071562407, 0.219, -0.012, -0.028, 0.185, 1.419, 0.069
2017-04-20 10:10:51,073, 1492675851073561215, 0.23, -0.075, -0.108, 0.53, 1.506, 0.069
2017-04-20 10:10:51,075, 1492675851075546882, 0.27, -0.068, -0.056, 0.752, 1.602, 0.138
2017-04-20 10:10:51,077, 1492675851077566329, 0.257, -0.099, -0.094, 0.946, 1.64, 0.11
2017-04-20 10:10:51,079, 1492675851079530057, 0.263, -0.145, -0.144, 1.096, 1.707, 0.065
2017-04-20 10:10:51,081, 1492675851081562092, 0.255, -0.146, -0.109, 1.117, 1.749, 0.162
2017-04-20 10:10:51,083, 1492675851083649486, 0.237, -0.182, -0.167, 1.113, 1.729, 0.141
2017-04-20 10:10:51,089, 1492675851088225349, 0.241, -0.176, -0.167, 1.138, 1.742, 0.125
2017-04-20 10:10:51,090, 1492675851090682118, 0.195, -0.102, -0.184, 0.876, 1.587, 0.126
2017-04-20 10:10:51,092, 1492675851092522737, 0.174, -0.097, -0.135, 0.734, 1.472, 0.11
2017-04-20 10:10:51,094, 1492675851093918096, 0.121, -0.037, -0.089, 0.526, 1.295, 0.158
2017-04-20 10:10:51,100, 1492675851100653311, 0.041, 0.051, -0.151, -0.319, 0.618, 0.073
2017-04-20 10:10:51,102, 1492675851102466196, 0.05, 0.076, -0.24, -0.571, 0.507, 0.033
2017-04-20 10:10:51,104, 1492675851104507490, 0.053, 0.106, -0.279, -0.846, 0.319, -0.061
2017-04-20 10:10:51,106, 1492675851106484456, 0.01, 0.154, -0.257, -1.072, 0.024, -0.029
2017-04-20 10:10:51,109, 1492675851108928172, -0.008, 0.183, -0.307, -1.258, -0.169, -0.056
2017-04-20 10:10:51,110, 1492675851110667300, -0.025, 0.193, -0.398, -1.413, -0.4, -0.122
2017-04-20 10:10:51,111, 1492675851111685187, -0.057, 0.208, -0.392, -1.489, -0.565, -0.146
2017-04-20 10:10:51,114, 1492675851114461832, -0.105, 0.205, -0.484, -1.477, -0.795, -0.122
2017-04-20 10:10:51,116, 1492675851116511288, -0.117, 0.186, -0.595, -1.374, -0.954, -0.094
2017-04-20 10:10:51,118, 1492675851118503058, -0.086, 0.214, -0.581, -1.253, -0.989, -0.151
2017-04-20 10:10:51,120, 1492675851120539172, -0.072, 0.218, -0.547, -1.123, -1.033, -0.121
2017-04-20 10:10:51,126, 1492675851125851640, -0.153, 0.106, -0.604, -0.62, -1.296, -0.049
2017-04-20 10:10:51,127, 1492675851127694705, -0.143, 0.118, -0.563, -0.523, -1.23, -0.056
2017-04-20 10:10:51,133, 1492675851132531036, -0.206, -0.024, -0.636, -0.139, -1.222, -0.064
2017-04-20 10:10:51,134, 1492675851133734672, -0.163, -0.021, -0.609, 0.055, -1.115, -0.008
2017-04-20 10:10:51,135, 1492675851135675956, -0.109, -0.007, -0.58, 0.261, -0.922, -0.037
2017-04-20 10:10:51,137, 1492675851137814018, -0.097, -0.042, -0.573, 0.485, -0.832, -0.061
2017-04-20 10:10:51,145, 1492675851145673080, -0.054, -0.079, -0.51, 0.894, -0.456, 0.016
2017-04-20 10:10:51,147, 1492675851147527786, -0.088, -0.108, -0.518, 0.894, -0.431, 0.053
2017-04-20 10:10:51,149, 1492675851149599395, -0.114, -0.125, -0.569, 0.858, -0.371, 0.117
2017-04-20 10:10:51,151, 1492675851151533874, -0.061, -0.089, -0.544, 0.766, -0.201, 0.061
2017-04-20 10:10:51,153, 1492675851153514273, 0.004, -0.053, -0.477, 0.661, 0.014, -0.012
2017-04-20 10:10:51,155, 1492675851155571481, 0.022, -0.058, -0.517, 0.514, 0.107, 0.044
2017-04-20 10:10:51,157, 1492675851157591819, 0.014, -0.061, -0.569, 0.336, 0.172, 0.09
2017-04-20 10:10:51,159, 1492675851159689893, 0.024, -0.037, -0.582, 0.156, 0.289, 0.008
2017-04-20 10:10:51,161, 1492675851161461269, 0.04, -0.008, -0.582, 0.053, 0.382, 0.0
2017-04-20 10:10:51,163, 1492675851163564558, 0.048, 0.012, -0.653, -0.07, 0.471, 0.008
2017-04-20 10:10:51,165, 1492675851165567909, 0.048, 0.007, -0.684, -0.153, 0.526, 0.033
2017-04-20 10:10:51,169, 1492675851169701035, 0.08, 0.051, -0.704, -0.339, 0.701, 0.017
2017-04-20 10:10:51,171, 1492675851171473647, 0.057, 0.047, -0.709, -0.354, 0.697, 0.053
2017-04-20 10:10:51,173, 1492675851173638574, 0.058, 0.082, -0.698, -0.444, 0.731, 0.052
2017-04-20 10:10:51,175, 1492675851175646284, 0.111, 0.11, -0.659, -0.537, 0.798, 0.041
2017-04-20 10:10:51,177, 1492675851177556174, 0.113, 0.098, -0.614, -0.663, 0.835, 0.008
2017-04-20 10:10:51,179, 1492675851179517918, 0.101, 0.081, -0.622, -0.8, 0.81, 0.008
2017-04-20 10:10:51,181, 1492675851181627101, 0.09, 0.1, -0.576, -0.885, 0.786, 0.016
2017-04-20 10:10:51,185, 1492675851185679466, 0.099, 0.126, -0.435, -0.942, 0.776, -0.048
2017-04-20 10:10:51,187, 1492675851187496965, 0.091, 0.104, -0.413, -0.911, 0.727, -0.012
2017-04-20 10:10:51,192, 1492675851192190103, 0.069, 0.1, -0.386, -0.85, 0.674, 0.008
2017-04-20 10:10:51,193, 1492675851193718273, 0.037, 0.083, -0.26, -0.489, 0.518, 0.02
2017-04-20 10:10:51,195, 1492675851195621391, 0.019, 0.051, -0.247, -0.322, 0.398, 0.049
2017-04-20 10:10:51,197, 1492675851197684353, -0.011, 0.023, -0.216, -0.141, 0.273, 0.052
2017-04-20 10:10:51,199, 1492675851199621061, 0.004, 0.023, -0.189, 0.008, 0.178, 0.024
2017-04-20 10:10:51,201, 1492675851201725992, -0.029, 0.005, -0.198, 0.151, 0.042, 0.024
2017-04-20 10:10:51,203, 1492675851203715608, -0.05, -0.032, -0.173, 0.299, -0.139, 0.044
2017-04-20 10:10:51,205, 1492675851205693696, -0.049, -0.041, -0.18, 0.399, -0.255, 0.036
2017-04-20 10:10:51,207, 1492675851207684801, -0.046, -0.045, -0.169, 0.495, -0.378, 0.008
2017-04-20 10:10:51,209, 1492675851209698110, -0.065, -0.065, -0.178, 0.577, -0.518, -0.016
2017-04-20 10:10:51,211, 1492675851211669124, -0.095, -0.081, -0.215, 0.655, -0.658, -0.005
2017-04-20 10:10:51,213, 1492675851213833938, -0.078, -0.088, -0.192, 0.702, -0.779, 0.008
2017-04-20 10:10:51,215, 1492675851215680159, -0.093, -0.08, -0.187, 0.712, -0.869, -0.037
2017-04-20 10:10:51,217, 1492675851217679958, -0.103, -0.073, -0.207, 0.688, -0.971, -0.004
2017-04-20 10:10:51,219, 1492675851219661070, -0.121, -0.08, -0.229, 0.627, -1.048, 0.028
2017-04-20 10:10:51,226, 1492675851224769663, -0.109, -0.062, -0.203, 0.526, -1.065, 0.012
2017-04-20 10:10:51,226, 1492675851226688240, -0.121, -0.022, -0.182, 0.146, -1.041, -0.045
2017-04-20 10:10:51,230, 1492675851229929111, -0.131, 0.009, -0.156, -0.085, -0.983, -0.061
2017-04-20 10:10:51,231, 1492675851231682428, -0.113, 0.023, -0.128, -0.223, -0.897, -0.061
2017-04-20 10:10:51,232, 1492675851232661182, -0.104, 0.026, -0.11, -0.322, -0.807, -0.061
2017-04-20 10:10:51,234, 1492675851234642802, -0.097, 0.03, -0.097, -0.37, -0.752, -0.041
2017-04-20 10:10:51,236, 1492675851236641571, -0.096, 0.038, -0.099, -0.404, -0.649, -0.045
2017-04-20 10:10:51,238, 1492675851238674916, -0.082, 0.057, -0.091, -0.409, -0.527, -0.04
2017-04-20 10:10:51,240, 1492675851240699131, -0.079, 0.056, -0.075, -0.367, -0.423, -0.028
2017-04-20 10:10:51,242, 1492675851242686403, -0.063, 0.048, -0.082, -0.308, -0.323, -0.029
2017-04-20 10:10:51,244, 1492675851244687447, -0.041, 0.039, -0.107, -0.236, -0.205, -0.004
2017-04-20 10:10:51,246, 1492675851246653208, -0.032, 0.03, -0.084, -0.17, -0.097, 0.003
2017-04-20 10:10:51,248, 1492675851248699828, -0.011, 0.035, -0.088, -0.1, 0.01, 0.012
2017-04-20 10:10:51,250, 1492675851250739304, -0.007, 0.019, -0.09, -0.041, 0.1, 0.008
2017-04-20 10:10:51,254, 1492675851254445180, 0.02, 0.032, -0.1, -0.002, 0.193, 0.036
2017-04-20 10:10:51,255, 1492675851255674529, 0.047, 0.017, -0.087, -0.002, 0.377, 0.008
2017-04-20 10:10:51,256, 1492675851256712979, 0.064, 0.028, -0.073, -0.012, 0.424, 0.017
2017-04-20 10:10:51,258, 1492675851258651576, 0.068, 0.019, -0.065, -0.028, 0.473, 0.033
2017-04-20 10:10:51,261, 1492675851261616841, 0.068, 0.023, -0.054, -0.07, 0.546, 0.02
2017-04-20 10:10:51,263, 1492675851263519762, 0.074, 0.017, -0.045, -0.122, 0.613, 0.016
2017-04-20 10:10:51,264, 1492675851264681156, 0.072, 0.021, -0.04, -0.161, 0.646, 0.028
2017-04-20 10:10:51,266, 1492675851266639525, 0.068, 0.03, -0.032, -0.191, 0.672, 0.036
2017-04-20 10:10:51,268, 1492675851268670946, 0.079, 0.028, 0.001, -0.235, 0.698, 0.02
2017-04-20 10:10:51,270, 1492675851270674373, 0.073, 0.043, -0.008, -0.267, 0.707, 0.02
2017-04-20 10:10:51,272, 1492675851272691325, 0.057, 0.04, -0.007, -0.283, 0.681, 0.033
2017-04-20 10:10:51,274, 1492675851274686800, 0.068, 0.028, -0.013, -0.283, 0.646, 0.012
2017-04-20 10:10:51,276, 1492675851276646556, 0.067, 0.043, -0.014, -0.278, 0.612, 0.02
2017-04-20 10:10:51,278, 1492675851278675690, 0.063, 0.016, 0.001, -0.244, 0.545, 0.012
2017-04-20 10:10:51,280, 1492675851280705204, 0.043, 0.02, -0.03, -0.188, 0.48, 0.016
2017-04-20 10:10:51,283, 1492675851282988248, 0.05, 0.007, -0.011, -0.107, 0.381, -0.005
2017-04-20 10:10:51,285, 1492675851285120167, 0.045, 0.022, 0.004, -0.01, 0.286, 0.012
2017-04-20 10:10:51,286, 1492675851286658646, 0.027, -0.021, -0.073, 0.078, 0.182, -0.02
2017-04-20 10:10:51,288, 1492675851288679084, 0.006, -0.036, -0.078, 0.191, 0.077, 0.008
2017-04-20 10:10:51,290, 1492675851290669517, 0.036, -0.036, -0.026, 0.279, 0.023, 0.028
2017-04-20 10:10:51,293, 1492675851293729076, 0.02, -0.04, -0.051, 0.382, -0.044, -0.02
2017-04-20 10:10:51,295, 1492675851295668070, -0.042, -0.057, -0.109, 0.522, -0.237, 0.008
2017-04-20 10:10:51,296, 1492675851296689685, -0.031, -0.05, -0.075, 0.548, -0.268, 0.049
2017-04-20 10:10:51,298, 1492675851298642569, -0.023, -0.038, -0.056, 0.553, -0.268, 0.041
2017-04-20 10:10:51,300, 1492675851300676746, -0.017, -0.042, -0.065, 0.516, -0.306, -0.008
2017-04-20 10:10:51,303, 1492675851302836856, -0.054, -0.037, -0.063, 0.432, -0.378, 0.025
2017-04-20 10:10:51,304, 1492675851304693044, -0.071, -0.032, -0.031, 0.305, -0.445, 0.069
2017-04-20 10:10:51,306, 1492675851306642616, -0.075, -0.006, -0.052, 0.164, -0.445, -0.008
2017-04-20 10:10:51,308, 1492675851308693019, -0.057, 0.027, -0.018, -0.014, -0.445, -0.049
2017-04-20 10:10:51,311, 1492675851311050256, -0.055, 0.039, 0.018, -0.18, -0.469, -0.005
2017-04-20 10:10:51,313, 1492675851312981354, -0.056, 0.055, 0.012, -0.353, -0.463, -0.024
2017-04-20 10:10:51,314, 1492675851314674139, -0.06, 0.072, 0.045, -0.496, -0.469, -0.056
2017-04-20 10:10:51,317, 1492675851316676042, -0.079, 0.091, 0.028, -0.621, -0.472, -0.041
2017-04-20 10:10:51,318, 1492675851318666612, -0.075, 0.099, 0.036, -0.692, -0.461, -0.005
2017-04-20 10:10:51,320, 1492675851320721720, -0.063, 0.11, 0.043, -0.747, -0.436, -0.049
2017-04-20 10:10:51,322, 1492675851322649337, -0.056, 0.122, 0.055, -0.772, -0.392, -0.069
2017-04-20 10:10:51,324, 1492675851324694726, -0.063, 0.112, 0.042, -0.763, -0.393, -0.048
2017-04-20 10:10:51,331, 1492675851327385975, -0.077, 0.103, -0.004, -0.707, -0.396, -0.045
2017-04-20 10:10:51,331, 1492675851330209146, -0.046, 0.089, 0.001, -0.586, -0.326, -0.037
2017-04-20 10:10:51,331, 1492675851331693186, -0.018, 0.057, -0.016, -0.424, -0.259, -0.016
2017-04-20 10:10:51,335, 1492675851334829568, -0.022, 0.041, -0.018, -0.311, -0.241, 0.0
2017-04-20 10:10:51,336, 1492675851336660395, -0.024, 0.008, -0.042, -0.019, -0.179, -0.016
2017-04-20 10:10:51,338, 1492675851338507915, -0.004, 0.001, -0.054, 0.102, -0.132, -0.012
2017-04-20 10:10:51,339, 1492675851339681562, -0.001, -0.026, -0.056, 0.253, -0.072, 0.003
2017-04-20 10:10:51,340, 1492675851340704722, -0.006, -0.036, -0.052, 0.333, -0.047, -0.005
2017-04-20 10:10:51,343, 1492675851342927593, 0.005, -0.055, -0.048, 0.425, -0.015, 0.003
2017-04-20 10:10:51,344, 1492675851344668518, 0.002, -0.073, -0.05, 0.572, 0.064, 0.041
2017-04-20 10:10:51,346, 1492675851346646869, 0.015, -0.076, -0.056, 0.668, 0.099, 0.02
2017-04-20 10:10:51,348, 1492675851348712565, 0.019, -0.087, -0.056, 0.745, 0.148, 0.052
2017-04-20 10:10:51,350, 1492675851350655142, 0.053, -0.08, -0.062, 0.763, 0.264, 0.052
2017-04-20 10:10:51,352, 1492675851352693463, 0.054, -0.087, -0.024, 0.725, 0.332, 0.041
2017-04-20 10:10:51,360, 1492675851360350925, 0.053, -0.048, -0.004, 0.418, 0.43, 0.044
2017-04-20 10:10:51,363, 1492675851363297667, 0.052, -0.003, 0.031, 0.022, 0.515, 0.044
2017-04-20 10:10:51,364, 1492675851364671648, 0.041, 0.018, 0.043, -0.168, 0.51, 0.036
2017-04-20 10:10:51,366, 1492675851366722152, 0.047, 0.027, 0.049, -0.275, 0.502, 0.016
2017-04-20 10:10:51,368, 1492675851368667282, 0.028, 0.068, 0.027, -0.385, 0.478, 0.004
2017-04-20 10:10:51,370, 1492675851370659720, 0.017, 0.071, 0.027, -0.473, 0.431, 0.008
2017-04-20 10:10:51,373, 1492675851373237533, 0.017, 0.089, 0.022, -0.551, 0.375, 0.004
2017-04-20 10:10:51,374, 1492675851374711959, 0.021, 0.091, 0.007, -0.612, 0.292, -0.013
2017-04-20 10:10:51,376, 1492675851376663795, 0.017, 0.083, -0.007, -0.625, 0.235, -0.013
2017-04-20 10:10:51,378, 1492675851378675047, 0.01, 0.089, -0.025, -0.615, 0.141, -0.016
2017-04-20 10:10:51,385, 1492675851385688569, -0.015, 0.065, -0.061, -0.423, -0.163, -0.037
2017-04-20 10:10:51,387, 1492675851387518819, -0.022, 0.055, -0.065, -0.365, -0.212, -0.016
2017-04-20 10:10:51,389, 1492675851389540600, -0.032, 0.049, -0.055, -0.266, -0.28, -0.028
2017-04-20 10:10:51,391, 1492675851391578917, -0.024, 0.034, -0.058, -0.161, -0.335, -0.024
2017-04-20 10:10:51,394, 1492675851394502072, -0.038, 0.012, -0.039, -0.059, -0.376, 0.003
2017-04-20 10:10:51,398, 1492675851398716141, -0.061, 0.0, -0.017, 0.094, -0.428, -0.008
2017-04-20 10:10:51,400, 1492675851400620845, -0.074, -0.012, -0.011, 0.229, -0.467, -0.008
2017-04-20 10:10:51,403, 1492675851402893931, -0.07, -0.011, -0.023, 0.275, -0.462, -0.013
2017-04-20 10:10:51,404, 1492675851404679601, -0.072, -0.028, 0.006, 0.305, -0.455, -0.008
2017-04-20 10:10:51,406, 1492675851406602245, -0.068, -0.038, 0.016, 0.319, -0.45, 0.02
2017-04-20 10:10:51,408, 1492675851408585307, -0.073, -0.044, 0.016, 0.329, -0.434, -0.005
2017-04-20 10:10:51,410, 1492675851410685391, -0.057, -0.039, 0.023, 0.323, -0.417, -0.004
2017-04-20 10:10:51,414, 1492675851414658722, -0.052, -0.041, 0.025, 0.309, -0.382, 0.003
2017-04-20 10:10:51,416, 1492675851416526226, -0.032, -0.019, 0.006, 0.24, -0.309, -0.005
2017-04-20 10:10:51,417, 1492675851417639507, -0.041, -0.005, 0.006, 0.194, -0.271, 0.003
2017-04-20 10:10:51,418, 1492675851418694527, -0.044, -0.004, -0.003, 0.158, -0.247, -0.008
2017-04-20 10:10:51,420, 1492675851420761477, -0.024, -0.008, -0.007, 0.114, -0.214, -0.005
2017-04-20 10:10:51,422, 1492675851422685449, -0.032, 0.001, -0.01, 0.035, -0.154, 0.003
2017-04-20 10:10:51,424, 1492675851424637930, -0.015, 0.024, -0.015, -0.042, -0.093, -0.008
2017-04-20 10:10:51,426, 1492675851426807363, -0.006, 0.024, -0.036, -0.13, -0.031, -0.005
2017-04-20 10:10:51,429, 1492675851429413845, 0.003, 0.026, -0.022, -0.208, 0.029, -0.012
2017-04-20 10:10:51,430, 1492675851430678934, 0.021, 0.047, -0.031, -0.299, 0.113, -0.005
2017-04-20 10:10:51,432, 1492675851432566833, 0.019, 0.049, -0.034, -0.336, 0.157, -0.013
2017-04-20 10:10:51,434, 1492675851434662397, 0.031, 0.063, -0.015, -0.383, 0.218, -0.005
2017-04-20 10:10:51,436, 1492675851436668933, 0.028, 0.057, -0.009, -0.42, 0.286, -0.012
2017-04-20 10:10:51,438, 1492675851438684541, 0.04, 0.049, -0.022, -0.425, 0.334, 0.0
2017-04-20 10:10:51,440, 1492675851440555046, 0.037, 0.05, -0.007, -0.411, 0.372, 0.004
2017-04-20 10:10:51,443, 1492675851442862838, 0.043, 0.06, -0.013, -0.383, 0.418, 0.0
2017-04-20 10:10:51,444, 1492675851444660905, 0.045, 0.058, -0.02, -0.338, 0.442, 0.024
2017-04-20 10:10:51,446, 1492675851446608507, 0.049, 0.039, -0.013, -0.29, 0.451, 0.012
2017-04-20 10:10:51,448, 1492675851448656676, 0.037, 0.027, -0.002, -0.219, 0.459, 0.024
2017-04-20 10:10:51,453, 1492675851453736043, 0.045, 0.024, -0.007, -0.05, 0.411, 0.02
2017-04-20 10:10:51,455, 1492675851455644212, 0.04, -0.004, 0.012, 0.045, 0.361, 0.033
2017-04-20 10:10:51,457, 1492675851457727031, 0.028, -0.014, -0.019, 0.126, 0.309, 0.02
2017-04-20 10:10:51,459, 1492675851459641469, 0.009, -0.013, -0.018, 0.188, 0.242, 0.028
2017-04-20 10:10:51,461, 1492675851461763734, 0.014, -0.029, -0.021, 0.247, 0.162, 0.028
2017-04-20 10:10:51,463, 1492675851463641497, 0.01, -0.03, -0.045, 0.286, 0.083, 0.02
2017-04-20 10:10:51,469, 1492675851469725611, -0.009, -0.017, -0.035, 0.254, -0.146, -0.004
2017-04-20 10:10:51,471, 1492675851471605520, -0.012, -0.008, -0.037, 0.216, -0.199, -0.012
2017-04-20 10:10:51,473, 1492675851473636508, -0.024, -0.006, -0.018, 0.146, -0.263, -0.008
2017-04-20 10:10:51,475, 1492675851475677718, -0.031, 0.006, -0.012, 0.068, -0.299, 0.003
2017-04-20 10:10:51,477, 1492675851477628090, -0.043, 0.005, -0.005, -0.014, -0.332, -0.024
2017-04-20 10:10:51,479, 1492675851479601311, -0.044, 0.02, -0.004, -0.085, -0.357, -0.033
2017-04-20 10:10:51,481, 1492675851481663064, -0.046, 0.018, 0.015, -0.143, -0.381, -0.024
2017-04-20 10:10:51,483, 1492675851483586411, -0.051, 0.021, 0.018, -0.192, -0.395, -0.016
2017-04-20 10:10:51,485, 1492675851485633482, -0.061, 0.029, 0.018, -0.228, -0.403, -0.029
2017-04-20 10:10:51,488, 1492675851487914488, -0.061, 0.039, 0.031, -0.244, -0.398, -0.024
2017-04-20 10:10:51,489, 1492675851489677227, -0.053, 0.042, 0.023, -0.248, -0.392, -0.024
2017-04-20 10:10:51,491, 1492675851491569363, -0.055, 0.039, 0.012, -0.235, -0.379, -0.005
2017-04-20 10:10:51,493, 1492675851493585866, -0.056, 0.045, 0.002, -0.206, -0.374, -0.016
2017-04-20 10:10:51,495, 1492675851495598490, -0.052, 0.037, 0.011, -0.176, -0.342, -0.004
2017-04-20 10:10:51,508, 1492675851508392085, -0.031, 0.042, -0.014, -0.146, -0.302, 0.008
2017-04-20 10:10:51,509, 1492675851509696038, 0.044, 0.042, -0.179, -0.08, 0.093, 0.012
2017-04-20 10:10:51,511, 1492675851511690205, 0.054, 0.039, -0.215, -0.112, 0.18, 0.0
2017-04-20 10:10:51,514, 1492675851514524872, 0.047, 0.045, -0.239, -0.142, 0.251, 0.0
2017-04-20 10:10:51,516, 1492675851515875637, 0.07, 0.048, -0.273, -0.173, 0.31, 0.024
2017-04-20 10:10:51,518, 1492675851517954684, 0.103, 0.06, -0.304, -0.207, 0.418, 0.02
2017-04-20 10:10:51,519, 1492675851519685135, 0.136, 0.078, -0.302, -0.26, 0.515, 0.003
2017-04-20 10:10:51,522, 1492675851522463154, 0.123, 0.072, -0.344, -0.318, 0.578, -0.016
2017-04-20 10:10:51,523, 1492675851523670716, 0.118, 0.074, -0.386, -0.357, 0.62, 0.012
2017-04-20 10:10:51,525, 1492675851525648684, 0.132, 0.086, -0.401, -0.395, 0.661, -0.004
2017-04-20 10:10:51,527, 1492675851527779600, 0.116, 0.096, -0.398, -0.414, 0.7, 0.012
2017-04-20 10:10:51,536, 1492675851534341413, 0.124, 0.084, -0.46, -0.383, 0.696, 0.028
2017-04-20 10:10:51,538, 1492675851538059762, 0.172, 0.09, -0.467, -0.326, 0.731, 0.02
2017-04-20 10:10:51,539, 1492675851539672482, 0.185, 0.097, -0.457, -0.355, 0.715, 0.008
2017-04-20 10:10:51,540, 1492675851540701371, 0.176, 0.102, -0.448, -0.411, 0.721, 0.004
2017-04-20 10:10:51,542, 1492675851542478297, 0.16, 0.1, -0.469, -0.437, 0.71, -0.008
2017-04-20 10:10:51,543, 1492675851543677034, 0.163, 0.1, -0.488, -0.486, 0.702, 0.0
2017-04-20 10:10:51,545, 1492675851545666392, 0.156, 0.1, -0.462, -0.526, 0.695, 0.044
2017-04-20 10:10:51,547, 1492675851547684112, 0.164, 0.122, -0.495, -0.555, 0.71, 0.004
2017-04-20 10:10:51,549, 1492675851549661602, 0.164, 0.119, -0.522, -0.559, 0.715, -0.016
2017-04-20 10:10:51,551, 1492675851551677517, 0.152, 0.128, -0.502, -0.56, 0.711, -0.005
2017-04-20 10:10:51,553, 1492675851553663776, 0.172, 0.129, -0.503, -0.545, 0.718, 0.008
2017-04-20 10:10:51,555, 1492675851555647641, 0.164, 0.118, -0.576, -0.535, 0.728, -0.012
2017-04-20 10:10:51,557, 1492675851557685238, 0.154, 0.127, -0.564, -0.505, 0.704, 0.02
2017-04-20 10:10:51,561, 1492675851561009996, 0.164, 0.127, -0.522, -0.506, 0.71, 0.061
2017-04-20 10:10:51,562, 1492675851562808378, 0.148, 0.119, -0.596, -0.482, 0.665, 0.028
2017-04-20 10:10:51,564, 1492675851564618772, 0.137, 0.103, -0.586, -0.463, 0.643, 0.008
2017-04-20 10:10:51,565, 1492675851565692708, 0.158, 0.121, -0.559, -0.424, 0.615, 0.028
2017-04-20 10:10:51,568, 1492675851568329213, 0.139, 0.106, -0.575, -0.368, 0.571, 0.017
2017-04-20 10:10:51,569, 1492675851569692941, 0.141, 0.098, -0.62, -0.319, 0.532, -0.061
2017-04-20 10:10:51,577, 1492675851576718838, 0.224, 0.118, -0.658, -0.266, 0.498, -0.053
2017-04-20 10:10:51,578, 1492675851578507775, 0.194, 0.135, -0.621, -0.31, 0.473, 0.024
2017-04-20 10:10:51,584, 1492675851584678800, 0.108, 0.119, -0.617, -0.668, 0.527, -0.069
2017-04-20 10:10:51,586, 1492675851586461335, 0.115, 0.115, -0.528, -0.71, 0.582, -0.041
2017-04-20 10:10:51,588, 1492675851588576039, 0.117, 0.119, -0.529, -0.673, 0.563, 0.02
2017-04-20 10:10:51,590, 1492675851590520352, 0.134, 0.092, -0.542, -0.63, 0.63, -0.061
2017-04-20 10:10:51,593, 1492675851592924451, 0.182, 0.132, -0.346, -0.542, 0.693, 0.105
2017-04-20 10:10:51,594, 1492675851594654629, 0.196, 0.148, -0.4, -0.5, 0.747, 0.024
2017-04-20 10:10:51,597, 1492675851597276384, 0.182, 0.119, -0.435, -0.516, 0.802, -0.004
2017-04-20 10:10:51,598, 1492675851598795720, 0.121, 0.098, -0.414, -0.539, 0.715, -0.008
2017-04-20 10:10:51,601, 1492675851601256637, 0.08, 0.064, -0.378, -0.537, 0.738, 0.012
2017-04-20 10:10:51,604, 1492675851603682035, 0.1, 0.062, -0.418, -0.297, 0.713, -0.04
2017-04-20 10:10:51,605, 1492675851605560131, 0.129, 0.079, -0.36, -0.198, 0.707, -0.013
2017-04-20 10:10:51,606, 1492675851606649280, 0.183, 0.068, -0.274, -0.08, 0.677, 0.052
2017-04-20 10:10:51,608, 1492675851608726249, 0.243, 0.069, -0.235, -0.044, 0.781, 0.097
2017-04-20 10:10:51,612, 1492675851612656049, 0.127, 0.033, -0.221, -0.11, 0.693, 0.069
2017-04-20 10:10:51,613, 1492675851613716958, 0.067, 0.009, -0.272, -0.122, 0.633, 0.057
2017-04-20 10:10:51,615, 1492675851615543342, -0.002, -0.001, -0.299, -0.094, 0.583, 0.028
2017-04-20 10:10:51,616, 1492675851616705164, -0.037, -0.003, -0.268, 0.001, 0.455, 0.003
2017-04-20 10:10:51,619, 1492675851618712531, -0.048, -0.003, -0.203, 0.056, 0.416, -0.004
2017-04-20 10:10:51,620, 1492675851620554269, 0.056, 0.013, -0.122, 0.183, 0.404, 0.073
2017-04-20 10:10:51,623, 1492675851622965904, 0.181, 0.029, -0.064, 0.194, 0.524, 0.125
2017-04-20 10:10:51,624, 1492675851624697597, 0.205, 0.044, -0.126, 0.107, 0.492, -0.048
2017-04-20 10:10:51,626, 1492675851626505528, 0.082, 0.024, -0.164, 0.015, 0.295, -0.004
2017-04-20 10:10:51,628, 1492675851628656181, -0.107, -0.006, -0.281, -0.036, -0.028, -0.008
2017-04-20 10:10:51,630, 1492675851630587560, -0.144, -0.011, -0.262, -0.011, -0.19, 0.025
2017-04-20 10:10:51,637, 1492675851634039700, -0.079, 0.033, -0.174, -0.003, -0.254, -0.086
2017-04-20 10:10:51,638, 1492675851635673867, 0.201, 0.052, -0.016, -0.099, -0.028, -0.005
2017-04-20 10:10:51,640, 1492675851640482776, 0.159, 0.032, -0.055, -0.178, -0.06, -0.049
2017-04-20 10:10:51,641, 1492675851641676425, -0.245, -0.009, -0.316, -0.034, -0.711, -0.045
2017-04-20 10:10:51,644, 1492675851644703017, -0.137, 0.049, -0.253, 0.185, -0.755, -0.008
2017-04-20 10:10:51,646, 1492675851646522985, 0.081, 0.073, -0.053, 0.206, -0.453, 0.016
2017-04-20 10:10:51,649, 1492675851648568992, 0.221, 0.064, 0.011, 0.075, -0.268, 0.0
2017-04-20 10:10:51,654, 1492675851653683407, -0.351, -0.054, -0.274, -0.101, -0.888, -0.069
2017-04-20 10:10:51,654, 1492675851654714426, -0.391, -0.01, -0.286, -0.032, -0.945, -0.024
2017-04-20 10:10:51,657, 1492675851657517870, -0.086, 0.085, -0.078, 0.02, -0.536, -0.053
2017-04-20 10:10:51,659, 1492675851659538255, 0.181, 0.094, 0.126, -0.064, -0.205, -0.053
2017-04-20 10:10:51,661, 1492675851661557781, 0.194, 0.006, 0.113, -0.238, -0.098, 0.02
2017-04-20 10:10:51,665, 1492675851665716204, -0.404, -0.065, -0.255, 0.149, -0.834, -0.053
2017-04-20 10:10:51,668, 1492675851668082375, -0.303, 0.088, -0.181, 0.333, -0.759, -0.077
2017-04-20 10:10:51,674, 1492675851673947145, 0.078, 0.088, 0.001, 0.329, -0.237, -0.053
2017-04-20 10:10:51,675, 1492675851675656416, -0.191, -0.114, -0.127, 0.047, -0.491, 0.012
2017-04-20 10:10:51,677, 1492675851677676362, -0.435, -0.031, -0.284, 0.315, -0.874, -0.016
2017-04-20 10:10:51,679, 1492675851679638587, -0.213, 0.094, -0.126, 0.317, -0.568, -0.037
2017-04-20 10:10:51,681, 1492675851681674275, 0.151, 0.056, 0.025, 0.178, -0.076, -0.057
2017-04-20 10:10:51,683, 1492675851683884810, 0.321, -0.046, 0.127, -0.106, 0.246, 0.004
2017-04-20 10:10:51,686, 1492675851685677026, 0.092, -0.094, -0.006, -0.16, -0.043, -0.008
2017-04-20 10:10:51,687, 1492675851687660039, -0.303, -0.066, -0.264, 0.132, -0.559, -0.004
2017-04-20 10:10:51,689, 1492675851689685031, -0.318, 0.06, -0.294, 0.306, -0.641, 0.008
2017-04-20 10:10:51,691, 1492675851691636847, -0.025, 0.14, -0.065, 0.225, -0.152, -0.081
2017-04-20 10:10:51,693, 1492675851693676734, 0.24, -0.001, 0.143, -0.021, 0.305, 0.004
2017-04-20 10:10:51,695, 1492675851695665746, 0.188, -0.13, 0.098, -0.216, 0.267, 0.036
2017-04-20 10:10:51,700, 1492675851700695218, -0.27, 0.082, -0.192, 0.453, -0.39, -0.041
2017-04-20 10:10:51,702, 1492675851702538261, -0.017, 0.146, -0.085, 0.452, -0.037, -0.126
2017-04-20 10:10:51,708, 1492675851708572687, 0.225, -0.017, 0.09, 0.23, 0.332, -0.053
2017-04-20 10:10:51,710, 1492675851709686127, -0.278, -0.031, -0.202, 0.603, -0.554, 0.114
2017-04-20 10:10:51,711, 1492675851711725797, -0.107, 0.12, -0.077, 0.711, -0.215, -0.053
2017-04-20 10:10:51,716, 1492675851716606251, 0.096, -0.203, 0.062, 0.29, 0.019, -0.033
2017-04-20 10:10:51,717, 1492675851717684540, -0.09, -0.264, -0.008, 0.327, -0.244, 0.012
2017-04-20 10:10:51,719, 1492675851719695815, -0.281, -0.094, -0.155, 0.67, -0.712, 0.012
2017-04-20 10:10:51,721, 1492675851721639568, -0.129, 0.114, -0.14, 0.856, -0.425, -0.134
2017-04-20 10:10:51,723, 1492675851723676573, 0.099, 0.071, 0.011, 0.64, -0.156, -0.085
2017-04-20 10:10:51,725, 1492675851725686311, 0.117, -0.111, 0.091, 0.26, -0.124, 0.077
2017-04-20 10:10:51,727, 1492675851727823878, -0.095, -0.234, -0.053, 0.125, -0.343, 0.093
2017-04-20 10:10:51,729, 1492675851729671653, -0.297, -0.091, -0.196, 0.287, -0.822, 0.142
2017-04-20 10:10:51,733, 1492675851733465541, -0.133, 0.181, 0.005, 0.241, -0.46, -0.089
2017-04-20 10:10:51,739, 1492675851739154092, -0.211, -0.21, 0.145, -0.637, -0.515, 0.036
2017-04-20 10:10:51,740, 1492675851740680702, -0.419, -0.009, 0.127, -0.36, -0.984, 0.0
2017-04-20 10:10:51,742, 1492675851742704786, -0.202, 0.215, 0.137, -0.168, -0.646, -0.135
2017-04-20 10:10:51,744, 1492675851744660613, 0.029, 0.16, 0.304, -0.224, -0.381, -0.143
2017-04-20 10:10:51,746, 1492675851746698634, -0.06, -0.085, 0.434, -0.379, -0.58, 0.008
2017-04-20 10:10:51,748, 1492675851748664910, -0.276, -0.235, 0.27, -0.267, -0.881, 0.06
2017-04-20 10:10:51,750, 1492675851750685958, -0.485, -0.119, 0.122, 0.245, -1.367, -0.016
2017-04-20 10:10:51,752, 1492675851752653115, -0.277, 0.099, 0.214, 0.652, -1.224, -0.102
2017-04-20 10:10:51,754, 1492675851754688959, -0.032, 0.054, 0.376, 0.684, -0.907, -0.186
2017-04-20 10:10:51,756, 1492675851756660223, -0.037, -0.213, 0.493, 0.571, -0.954, 0.044
2017-04-20 10:10:51,758, 1492675851758691723, -0.222, -0.356, 0.334, 0.67, -1.289, 0.101
2017-04-20 10:10:51,760, 1492675851760624751, -0.491, -0.276, 0.157, 1.103, -1.805, 0.049
2017-04-20 10:10:51,762, 1492675851762662679, -0.476, -0.094, 0.187, 1.541, -1.876, -0.061
2017-04-20 10:10:51,764, 1492675851764645238, -0.285, -0.109, 0.298, 1.659, -1.637, -0.041
2017-04-20 10:10:51,766, 1492675851766679612, -0.06, -0.241, 0.526, 1.523, -1.426, -0.008
2017-04-20 10:10:51,774, 1492675851774547692, -0.253, -0.387, 0.455, 1.462, -1.664, 0.053
2017-04-20 10:10:51,779, 1492675851779213703, -0.147, -0.291, 0.614, 1.132, -1.76, 0.033
2017-04-20 10:10:51,780, 1492675851780663409, -0.2, -0.229, 0.55, 0.963, -1.734, 0.012
2017-04-20 10:10:51,783, 1492675851782835787, -0.494, -0.149, 0.415, 0.836, -2.105, -0.032
2017-04-20 10:10:51,784, 1492675851784812143, -0.661, -0.129, 0.288, 0.784, -2.351, -0.102
2017-04-20 10:10:51,786, 1492675851786661708, -0.551, -0.221, 0.286, 0.738, -2.212, -0.061
2017-04-20 10:10:51,788, 1492675851788635414, -0.356, -0.245, 0.518, 0.751, -2.126, 0.008
2017-04-20 10:10:51,790, 1492675851790657867, -0.25, -0.178, 0.653, 0.869, -2.053, -0.061
2017-04-20 10:10:51,792, 1492675851792664051, -0.3, -0.129, 0.466, 0.998, -2.071, -0.086
2017-04-20 10:10:51,794, 1492675851794695713, -0.436, -0.099, 0.288, 1.004, -2.305, 0.033
2017-04-20 10:10:51,796, 1492675851796690373, -0.563, -0.138, 0.348, 0.895, -2.474, 0.0
2017-04-20 10:10:51,799, 1492675851798894446, -0.517, -0.214, 0.386, 0.722, -2.336, 0.049
2017-04-20 10:10:51,800, 1492675851800692923, -0.347, -0.162, 0.365, 0.628, -2.144, 0.049
2017-04-20 10:10:51,803, 1492675851802923773, -0.303, -0.099, 0.463, 0.652, -2.152, -0.138
2017-04-20 10:10:51,809, 1492675851809664257, -0.474, -0.199, 0.373, 0.615, -2.312, 0.044
2017-04-20 10:10:51,811, 1492675851811685855, -0.35, -0.122, 0.516, 0.681, -2.158, -0.005
2017-04-20 10:10:51,813, 1492675851813507421, -0.309, -0.131, 0.52, 0.785, -2.039, -0.008
2017-04-20 10:10:51,815, 1492675851815864946, -0.377, -0.186, 0.371, 0.917, -2.118, -0.021
2017-04-20 10:10:51,817, 1492675851817763834, -0.468, -0.221, 0.399, 1.0, -2.156, -0.065
2017-04-20 10:10:51,819, 1492675851819587348, -0.477, -0.24, 0.396, 1.115, -2.154, -0.151
2017-04-20 10:10:51,821, 1492675851821540949, -0.396, -0.208, 0.341, 1.241, -2.003, -0.089
2017-04-20 10:10:51,823, 1492675851823550859, -0.295, -0.189, 0.324, 1.33, -1.836, -0.024
2017-04-20 10:10:51,825, 1492675851825487920, -0.317, -0.231, 0.359, 1.402, -1.871, 0.057
2017-04-20 10:10:51,827, 1492675851827546550, -0.342, -0.268, 0.289, 1.463, -1.86, 0.093
2017-04-20 10:10:51,829, 1492675851829545144, -0.333, -0.242, 0.167, 1.555, -1.79, 0.057
2017-04-20 10:10:51,831, 1492675851831642827, -0.339, -0.251, 0.173, 1.596, -1.787, 0.02
2017-04-20 10:10:51,836, 1492675851836518492, -0.263, -0.264, 0.167, 1.485, -1.542, 0.024
2017-04-20 10:10:51,838, 1492675851837871316, -0.286, -0.259, 0.116, 1.377, -1.518, 0.036
2017-04-20 10:10:51,839, 1492675851839804043, -0.311, -0.216, 0.106, 1.306, -1.492, 0.036
2017-04-20 10:10:51,845, 1492675851845712902, -0.203, -0.184, 0.13, 0.98, -1.195, -0.02
2017-04-20 10:10:51,847, 1492675851847543616, -0.21, -0.174, 0.147, 0.903, -1.188, -0.013
2017-04-20 10:10:51,849, 1492675851849644729, -0.211, -0.118, 0.123, 0.73, -1.117, -0.021
2017-04-20 10:10:51,851, 1492675851851634644, -0.22, -0.09, 0.054, 0.585, -1.094, -0.053
2017-04-20 10:10:51,854, 1492675851853896972, -0.227, -0.101, 0.054, 0.419, -1.039, -0.021
2017-04-20 10:10:51,855, 1492675851855651718, -0.169, -0.08, 0.104, 0.258, -0.92, 0.0
2017-04-20 10:10:51,858, 1492675851857611636, -0.142, -0.048, 0.098, 0.198, -0.836, -0.013
2017-04-20 10:10:51,859, 1492675851859546810, -0.138, -0.026, 0.1, 0.137, -0.768, -0.078
2017-04-20 10:10:51,861, 1492675851861560509, -0.147, -0.01, 0.079, 0.087, -0.741, -0.081
2017-04-20 10:10:51,863, 1492675851863566260, -0.159, -0.037, 0.075, 0.076, -0.752, -0.081
2017-04-20 10:10:51,865, 1492675851865622323, -0.173, -0.03, 0.086, 0.055, -0.722, -0.033
2017-04-20 10:10:51,867, 1492675851867545273, -0.142, -0.023, 0.087, 0.071, -0.664, -0.016
2017-04-20 10:10:51,876, 1492675851873655948, -0.128, -0.01, 0.05, 0.126, -0.582, -0.008
2017-04-20 10:10:51,877, 1492675851877644377, -0.158, -0.045, -0.014, 0.324, -0.571, -0.008
2017-04-20 10:10:51,879, 1492675851879484739, -0.143, -0.054, 0.013, 0.365, -0.573, 0.0
2017-04-20 10:10:51,880, 1492675851880667016, -0.118, -0.056, 0.031, 0.406, -0.574, 0.008
2017-04-20 10:10:51,883, 1492675851882884784, -0.116, -0.067, 0.025, 0.422, -0.587, -0.008
2017-04-20 10:10:51,884, 1492675851884664873, -0.135, -0.071, -0.038, 0.456, -0.63, -0.004
2017-04-20 10:10:51,886, 1492675851885712023, -0.131, -0.085, -0.037, 0.5, -0.66, -0.016
2017-04-20 10:10:51,887, 1492675851887630493, -0.13, -0.091, -0.019, 0.531, -0.679, -0.013
2017-04-20 10:10:51,889, 1492675851889519012, -0.132, -0.088, -0.019, 0.567, -0.712, -0.024
2017-04-20 10:10:51,891, 1492675851891547328, -0.121, -0.097, -0.074, 0.538, -0.71, 0.187
2017-04-20 10:10:51,893, 1492675851893504795, -0.133, -0.083, -0.048, 0.515, -0.768, 0.357
2017-04-20 10:10:51,900, 1492675851900599300, -0.156, -0.102, -0.08, 0.522, -0.691, 0.271
2017-04-20 10:10:51,901, 1492675851901686253, -0.164, -0.1, -0.043, 0.471, -0.659, 0.268
2017-04-20 10:10:51,904, 1492675851904466217, -0.171, -0.074, -0.031, 0.464, -0.636, 0.239
2017-04-20 10:10:51,905, 1492675851905669723, -0.164, -0.074, -0.038, 0.471, -0.587, 0.207
2017-04-20 10:10:51,913, 1492675851912926603, -0.166, -0.077, -0.057, 0.475, -0.568, 0.146
2017-04-20 10:10:51,914, 1492675851914657695, -0.118, -0.063, -0.046, 0.417, -0.528, 0.125
2017-04-20 10:10:51,916, 1492675851916656186, -0.105, -0.052, -0.052, 0.395, -0.548, 0.101
2017-04-20 10:10:51,918, 1492675851918683748, -0.11, -0.051, -0.055, 0.35, -0.549, 0.069
2017-04-20 10:10:51,920, 1492675851920656226, -0.104, -0.039, -0.065, 0.294, -0.553, 0.081
2017-04-20 10:10:51,922, 1492675851922677031, -0.102, -0.039, -0.051, 0.258, -0.554, 0.093
2017-04-20 10:10:51,924, 1492675851924643545, -0.116, -0.029, -0.057, 0.224, -0.552, 0.069
2017-04-20 10:10:51,926, 1492675851926673504, -0.106, -0.029, -0.076, 0.202, -0.548, 0.053
2017-04-20 10:10:51,928, 1492675851928658252, -0.109, -0.024, -0.107, 0.192, -0.524, 0.065
2017-04-20 10:10:51,930, 1492675851930637548, -0.09, -0.018, -0.039, 0.162, -0.498, 0.101
2017-04-20 10:10:51,932, 1492675851932846099, -0.118, -0.007, -0.006, 0.114, -0.507, 0.105
2017-04-20 10:10:51,934, 1492675851934664150, -0.135, -0.033, -0.119, 0.065, -0.522, 0.155
2017-04-20 10:10:51,940, 1492675851940068924, -0.142, -0.015, -0.082, 0.035, -0.519, 0.179
2017-04-20 10:10:51,941, 1492675851941717358, -0.13, -0.022, -0.12, -0.068, -0.489, 0.15
2017-04-20 10:10:51,943, 1492675851943670096, -0.148, -0.023, -0.092, -0.025, -0.537, 0.187
2017-04-20 10:10:51,945, 1492675851945691129, -0.147, -0.022, 0.028, 0.042, -0.571, 0.207
2017-04-20 10:10:51,947, 1492675851947650391, -0.118, -0.033, -0.06, 0.117, -0.504, 0.187
2017-04-20 10:10:51,949, 1492675851949718655, -0.081, -0.062, -0.181, 0.208, -0.478, 0.198
2017-04-20 10:10:51,951, 1492675851951654191, -0.116, -0.084, -0.072, 0.272, -0.52, 0.179
2017-04-20 10:10:51,953, 1492675851953689884, -0.124, -0.077, 0.002, 0.32, -0.542, 0.171
2017-04-20 10:10:51,955, 1492675851955629869, -0.105, -0.063, -0.15, 0.373, -0.477, 0.101
2017-04-20 10:10:51,957, 1492675851957904358, -0.086, -0.07, -0.158, 0.399, -0.445, 0.077
2017-04-20 10:10:51,959, 1492675851959653028, -0.109, -0.076, -0.011, 0.418, -0.461, 0.061
2017-04-20 10:10:51,961, 1492675851961688590, -0.099, -0.077, -0.02, 0.453, -0.449, 0.044
2017-04-20 10:10:51,963, 1492675851963651621, -0.092, -0.065, -0.161, 0.493, -0.416, 0.073
2017-04-20 10:10:51,965, 1492675851965696658, -0.096, -0.057, -0.116, 0.515, -0.415, 0.093
2017-04-20 10:10:51,967, 1492675851967647321, -0.104, -0.071, 0.005, 0.502, -0.433, 0.077
2017-04-20 10:10:51,969, 1492675851969686867, -0.101, -0.059, -0.062, 0.46, -0.429, 0.158
2017-04-20 10:10:51,971, 1492675851971647913, -0.103, -0.077, -0.135, 0.426, -0.417, 0.207
2017-04-20 10:10:51,981, 1492675851976284952, -0.125, -0.047, -0.035, 0.376, -0.453, 0.