2017-04-20 10:08:58,614, 1492675738614345108, -0.149, -0.053, -0.033, 0.483, -0.653, 0.114
2017-04-20 10:08:58,617, 1492675738616914207, -0.13, -0.066, -0.11, 0.503, -0.642, 0.105
2017-04-20 10:08:58,621, 1492675738621376335, -0.131, -0.076, -0.038, 0.495, -0.657, 0.138
2017-04-20 10:08:58,623, 1492675738623261671, -0.135, -0.065, -0.081, 0.485, -0.656, 0.13
2017-04-20 10:08:58,626, 1492675738626525239, -0.123, -0.059, -0.125, 0.465, -0.64, 0.125
2017-04-20 10:08:58,628, 1492675738628421023, -0.124, -0.06, -0.042, 0.429, -0.633, 0.077
2017-04-20 10:08:58,630, 1492675738630418239, -0.122, -0.063, -0.05, 0.394, -0.626, 0.085
2017-04-20 10:08:58,632, 1492675738632235890, -0.116, -0.049, -0.092, 0.381, -0.598, 0.097
2017-04-20 10:08:58,634, 1492675738633889421, -0.118, -0.054, -0.08, 0.371, -0.61, 0.065
2017-04-20 10:08:58,635, 1492675738635393765, -0.131, -0.052, -0.025, 0.363, -0.61, 0.02
2017-04-20 10:08:58,637, 1492675738637567489, -0.124, -0.05, -0.034, 0.36, -0.598, 0.0
2017-04-20 10:08:58,641, 1492675738641381392, -0.105, -0.048, -0.069, 0.349, -0.563, 0.044
2017-04-20 10:08:58,643, 1492675738643215936, -0.112, -0.045, -0.013, 0.335, -0.582, 0.0
2017-04-20 10:08:58,645, 1492675738645319714, -0.11, -0.048, -0.038, 0.338, -0.58, 0.008
2017-04-20 10:08:58,647, 1492675738647677177, -0.105, -0.052, -0.059, 0.334, -0.563, 0.003
2017-04-20 10:08:58,649, 1492675738649412994, -0.116, -0.052, -0.025, 0.331, -0.578, 0.02
2017-04-20 10:08:58,651, 1492675738651195581, -0.112, -0.058, -0.036, 0.33, -0.598, 0.028
2017-04-20 10:08:58,653, 1492675738653331063, -0.112, -0.045, -0.085, 0.335, -0.593, 0.049
2017-04-20 10:08:58,655, 1492675738655361302, -0.123, -0.052, -0.082, 0.323, -0.599, 0.036
2017-04-20 10:08:58,662, 1492675738661780286, -0.125, -0.055, -0.057, 0.308, -0.624, 0.049
2017-04-20 10:08:58,665, 1492675738665155429, -0.143, -0.043, -0.066, 0.287, -0.653, 0.077
2017-04-20 10:08:58,668, 1492675738667485958, -0.134, -0.048, -0.085, 0.279, -0.649, 0.097
2017-04-20 10:08:58,669, 1492675738669358565, -0.123, -0.046, -0.086, 0.273, -0.637, 0.093
2017-04-20 10:08:58,670, 1492675738670423077, -0.12, -0.039, -0.066, 0.265, -0.646, 0.069
2017-04-20 10:08:58,674, 1492675738674123959, -0.13, -0.052, -0.09, 0.269, -0.643, 0.06
2017-04-20 10:08:58,675, 1492675738675389504, -0.122, -0.041, -0.06, 0.263, -0.634, 0.052
2017-04-20 10:08:58,677, 1492675738677350531, -0.122, -0.04, -0.049, 0.26, -0.623, 0.033
2017-04-20 10:08:58,679, 1492675738679371342, -0.121, -0.036, -0.058, 0.265, -0.619, 0.028
2017-04-20 10:08:58,681, 1492675738681334466, -0.118, -0.036, -0.072, 0.27, -0.622, 0.024
2017-04-20 10:08:58,692, 1492675738692388070, -0.113, -0.046, -0.063, 0.294, -0.619, 0.044
2017-04-20 10:08:58,697, 1492675738697356216, -0.137, -0.051, -0.067, 0.328, -0.644, 0.065
2017-04-20 10:08:58,699, 1492675738699410802, -0.128, -0.064, -0.067, 0.356, -0.668, 0.077
2017-04-20 10:08:58,701, 1492675738701251358, -0.131, -0.069, -0.087, 0.359, -0.673, 0.085
2017-04-20 10:08:58,703, 1492675738703333494, -0.146, -0.069, -0.089, 0.378, -0.697, 0.077
2017-04-20 10:08:58,705, 1492675738705274211, -0.15, -0.067, -0.084, 0.408, -0.715, 0.069
2017-04-20 10:08:58,707, 1492675738707575447, -0.161, -0.076, -0.088, 0.438, -0.727, 0.057
2017-04-20 10:08:58,709, 1492675738709350137, -0.168, -0.083, -0.095, 0.49, -0.763, 0.077
2017-04-20 10:08:58,711, 1492675738711354514, -0.178, -0.091, -0.092, 0.541, -0.793, 0.069
2017-04-20 10:08:58,715, 1492675738715348523, -0.178, -0.105, -0.109, 0.65, -0.871, 0.069
2017-04-20 10:08:58,717, 1492675738717243782, -0.179, -0.108, -0.094, 0.673, -0.891, 0.065
2017-04-20 10:08:58,718, 1492675738718336133, -0.176, -0.112, -0.089, 0.689, -0.936, 0.044
2017-04-20 10:08:58,719, 1492675738719370502, -0.191, -0.119, -0.08, 0.694, -0.959, 0.024
2017-04-20 10:08:58,721, 1492675738721434881, -0.198, -0.109, -0.107, 0.708, -0.985, -0.005
2017-04-20 10:08:58,723, 1492675738723312413, -0.205, -0.122, -0.107, 0.716, -1.027, -0.008
2017-04-20 10:08:58,725, 1492675738725260273, -0.203, -0.123, -0.139, 0.719, -1.061, -0.029
2017-04-20 10:08:58,727, 1492675738727279380, -0.182, -0.107, -0.098, 0.72, -1.089, -0.029
2017-04-20 10:08:58,729, 1492675738729492512, -0.201, -0.113, -0.1, 0.705, -1.137, -0.008
2017-04-20 10:08:58,736, 1492675738736458763, -0.206, -0.12, -0.134, 0.684, -1.172, 0.008
2017-04-20 10:08:58,738, 1492675738738319308, -0.21, -0.094, -0.137, 0.583, -1.219, -0.021
2017-04-20 10:08:58,740, 1492675738740358854, -0.196, -0.09, -0.118, 0.526, -1.205, -0.013
2017-04-20 10:08:58,742, 1492675738742291015, -0.199, -0.07, -0.103, 0.459, -1.182, -0.045
2017-04-20 10:08:58,744, 1492675738744348546, -0.211, -0.073, -0.119, 0.382, -1.161, -0.041
2017-04-20 10:08:58,746, 1492675738746328550, -0.209, -0.071, -0.137, 0.311, -1.127, -0.024
2017-04-20 10:08:58,748, 1492675738748323672, -0.188, -0.056, -0.127, 0.241, -1.067, -0.016
2017-04-20 10:08:58,750, 1492675738750294414, -0.173, -0.032, -0.108, 0.176, -0.999, -0.024
2017-04-20 10:08:58,753, 1492675738753082436, -0.185, -0.047, -0.115, 0.126, -0.964, -0.057
2017-04-20 10:08:58,755, 1492675738755393216, -0.176, -0.038, -0.14, 0.093, -0.87, -0.061
2017-04-20 10:08:58,758, 1492675738758391148, -0.177, -0.031, -0.141, 0.101, -0.822, -0.053
2017-04-20 10:08:58,761, 1492675738761642257, -0.157, -0.034, -0.12, 0.137, -0.748, -0.016
2017-04-20 10:08:58,764, 1492675738764445264, -0.147, -0.036, -0.123, 0.212, -0.662, 0.049
2017-04-20 10:08:58,766, 1492675738766380488, -0.144, -0.037, -0.14, 0.296, -0.573, -0.024
2017-04-20 10:08:58,768, 1492675738768194379, -0.134, -0.065, -0.122, 0.338, -0.539, -0.033
2017-04-20 10:08:58,769, 1492675738769333900, -0.145, -0.077, -0.136, 0.383, -0.531, -0.053
2017-04-20 10:08:58,771, 1492675738771399350, -0.134, -0.091, -0.142, 0.416, -0.496, -0.049
2017-04-20 10:08:58,773, 1492675738773370786, -0.114, -0.096, -0.132, 0.484, -0.475, 0.012
2017-04-20 10:08:58,775, 1492675738775557483, -0.125, -0.091, -0.119, 0.561, -0.467, 0.024
2017-04-20 10:08:58,777, 1492675738777566651, -0.128, -0.1, -0.111, 0.617, -0.453, 0.02
2017-04-20 10:08:58,781, 1492675738781402272, -0.131, -0.129, -0.145, 0.777, -0.515, 0.003
2017-04-20 10:08:58,783, 1492675738783219663, -0.143, -0.131, -0.111, 0.805, -0.514, -0.008
2017-04-20 10:08:58,784, 1492675738784369859, -0.119, -0.127, -0.11, 0.852, -0.52, -0.045
2017-04-20 10:08:58,786, 1492675738786147813, -0.131, -0.143, -0.104, 0.872, -0.532, -0.033
2017-04-20 10:08:58,787, 1492675738787407755, -0.148, -0.146, -0.141, 0.876, -0.607, -0.005
2017-04-20 10:08:58,789, 1492675738789325612, -0.169, -0.153, -0.151, 0.876, -0.687, 0.033
2017-04-20 10:08:58,792, 1492675738791986157, -0.18, -0.133, -0.13, 0.902, -0.767, 0.008
2017-04-20 10:08:58,793, 1492675738793421655, -0.181, -0.145, -0.156, 0.848, -0.844, 0.146
2017-04-20 10:08:58,795, 1492675738795410019, -0.156, -0.104, -0.144, 0.753, -0.846, 0.426
2017-04-20 10:08:58,797, 1492675738797435250, -0.2, -0.12, -0.168, 0.703, -0.972, 0.572
2017-04-20 10:08:58,802, 1492675738802400032, -0.241, -0.082, -0.192, 0.641, -0.995, 0.511
2017-04-20 10:08:58,804, 1492675738804379813, -0.23, -0.068, -0.17, 0.631, -0.957, 0.511
2017-04-20 10:08:58,806, 1492675738806415101, -0.238, -0.077, -0.143, 0.61, -0.905, 0.495
2017-04-20 10:08:58,808, 1492675738808213252, -0.236, -0.09, -0.155, 0.604, -0.88, 0.393
2017-04-20 10:08:58,810, 1492675738810332861, -0.233, -0.067, -0.175, 0.559, -0.811, 0.333
2017-04-20 10:08:58,812, 1492675738812228019, -0.196, -0.058, -0.135, 0.469, -0.72, 0.223
2017-04-20 10:08:58,814, 1492675738814271284, -0.191, -0.041, -0.126, 0.347, -0.66, 0.235
2017-04-20 10:08:58,816, 1492675738816249556, -0.128, -0.019, -0.163, 0.228, -0.547, 0.304
2017-04-20 10:08:58,821, 1492675738821409371, -0.15, -0.036, -0.197, 0.172, -0.466, 0.211
2017-04-20 10:08:58,823, 1492675738823187339, -0.089, -0.02, -0.199, 0.168, -0.371, 0.19
2017-04-20 10:08:58,828, 1492675738828421019, -0.079, -0.022, -0.221, 0.203, -0.288, 0.146
2017-04-20 10:08:58,830, 1492675738830241566, -0.09, -0.027, -0.191, 0.21, -0.135, 0.19
2017-04-20 10:08:58,832, 1492675738832778900, -0.118, -0.014, -0.218, 0.199, -0.165, 0.19
2017-04-20 10:08:58,834, 1492675738834340120, -0.094, -0.016, -0.229, 0.221, -0.076, 0.089
2017-04-20 10:08:58,836, 1492675738836378297, -0.098, -0.002, -0.185, 0.245, -0.065, 0.138
2017-04-20 10:08:58,838, 1492675738838279651, -0.114, 0.002, -0.162, 0.235, -0.096, 0.252
2017-04-20 10:08:58,840, 1492675738840312621, -0.119, -0.021, -0.21, 0.233, -0.121, 0.32
2017-04-20 10:08:58,843, 1492675738843279401, -0.147, -0.048, -0.256, 0.269, -0.236, 0.414
2017-04-20 10:08:58,844, 1492675738844376177, -0.097, -0.02, -0.169, 0.263, -0.245, 0.49
2017-04-20 10:08:58,846, 1492675738846318443, -0.08, -0.008, -0.164, 0.239, -0.232, 0.454
2017-04-20 10:08:58,848, 1492675738848520015, -0.097, -0.024, -0.263, 0.214, -0.321, 0.479
2017-04-20 10:08:58,850, 1492675738850411856, -0.076, -0.014, -0.257, 0.085, -0.262, 0.588
2017-04-20 10:08:58,857, 1492675738857358189, -0.057, -0.002, -0.312, -0.029, -0.048, 0.474
2017-04-20 10:08:58,861, 1492675738861530799, -0.08, -0.007, -0.259, 0.035, 0.096, 0.406
2017-04-20 10:08:58,863, 1492675738863479577, -0.088, 0.021, -0.299, 0.056, 0.106, 0.434
2017-04-20 10:08:58,869, 1492675738869372502, -0.077, 0.046, -0.216, -0.221, 0.159, 0.479
2017-04-20 10:08:58,871, 1492675738871201925, -0.075, 0.051, -0.264, -0.252, 0.125, 0.49
2017-04-20 10:08:58,873, 1492675738873240067, -0.015, 0.064, -0.278, -0.373, 0.233, 0.568
2017-04-20 10:08:58,875, 1492675738875248146, -0.017, 0.093, -0.184, -0.418, 0.132, 0.601
2017-04-20 10:08:58,877, 1492675738877234140, -0.003, 0.111, -0.139, -0.512, 0.228, 0.539
2017-04-20 10:08:58,879, 1492675738879261745, -0.005, 0.067, -0.275, -0.552, 0.241, 0.479
2017-04-20 10:08:58,881, 1492675738881223885, -0.012, 0.076, -0.276, -0.573, 0.327, 0.576
2017-04-20 10:08:58,885, 1492675738885385508, 0.022, 0.078, -0.259, -0.525, 0.476, 0.422
2017-04-20 10:08:58,887, 1492675738887373734, 0.022, 0.05, -0.309, -0.522, 0.538, 0.417
2017-04-20 10:08:58,889, 1492675738889579812, 0.017, 0.07, -0.28, -0.516, 0.551, 0.446
2017-04-20 10:08:58,891, 1492675738891369398, -0.033, 0.078, -0.248, -0.518, 0.485, 0.466
2017-04-20 10:08:58,893, 1492675738893317540, 0.011, 0.09, -0.334, -0.562, 0.528, 0.462
2017-04-20 10:08:58,898, 1492675738898114443, 0.033, 0.124, -0.257, -0.783, 0.563, 0.479
2017-04-20 10:08:58,900, 1492675738900377577, 0.076, 0.149, -0.315, -0.897, 0.691, 0.454
2017-04-20 10:08:58,902, 1492675738902357555, 0.034, 0.176, -0.307, -0.968, 0.635, 0.446
2017-04-20 10:08:58,903, 1492675738903372435, 0.061, 0.175, -0.275, -1.048, 0.781, 0.434
2017-04-20 10:08:58,905, 1492675738905334672, 0.106, 0.187, -0.323, -1.067, 0.89, 0.325
2017-04-20 10:08:58,907, 1492675738907329602, 0.096, 0.178, -0.286, -1.1, 0.981, 0.36
2017-04-20 10:08:58,909, 1492675738909311400, 0.103, 0.169, -0.286, -1.085, 1.018, 0.385
2017-04-20 10:08:58,911, 1492675738911404504, 0.115, 0.163, -0.328, -1.05, 1.076, 0.336
2017-04-20 10:08:58,913, 1492675738913314030, 0.099, 0.146, -0.299, -1.037, 1.061, 0.312
2017-04-20 10:08:58,915, 1492675738915395446, 0.11, 0.161, -0.275, -1.001, 1.01, 0.328
2017-04-20 10:08:58,917, 1492675738917354350, 0.117, 0.136, -0.333, -0.962, 0.996, 0.381
2017-04-20 10:08:58,921, 1492675738921193009, 0.163, 0.127, -0.313, -0.988, 1.102, 0.393
2017-04-20 10:08:58,922, 1492675738922344952, 0.143, 0.136, -0.266, -1.059, 1.076, 0.393
2017-04-20 10:08:58,924, 1492675738924342821, 0.107, 0.131, -0.312, -1.092, 1.081, 0.422
2017-04-20 10:08:58,925, 1492675738925364260, 0.124, 0.139, -0.359, -1.09, 1.118, 0.385
2017-04-20 10:08:58,928, 1492675738927962443, 0.103, 0.146, -0.353, -1.114, 1.206, 0.333
2017-04-20 10:08:58,929, 1492675738929362614, 0.108, 0.144, -0.373, -1.091, 1.225, 0.39
2017-04-20 10:08:58,931, 1492675738931419551, 0.123, 0.153, -0.368, -1.089, 1.338, 0.336
2017-04-20 10:08:58,937, 1492675738937354601, 0.127, 0.172, -0.37, -1.065, 1.308, 0.398
2017-04-20 10:08:58,939, 1492675738939208048, 0.129, 0.224, -0.292, -1.134, 1.324, 0.401
2017-04-20 10:08:58,941, 1492675738941220142, 0.193, 0.244, -0.367, -1.191, 1.287, 0.398
2017-04-20 10:08:58,943, 1492675738943222668, 0.209, 0.237, -0.299, -1.279, 1.396, 0.39
2017-04-20 10:08:58,945, 1492675738945343818, 0.252, 0.248, -0.241, -1.42, 1.462, 0.353
2017-04-20 10:08:58,947, 1492675738947358098, 0.236, 0.244, -0.341, -1.421, 1.374, 0.353
2017-04-20 10:08:58,949, 1492675738949287973, 0.206, 0.217, -0.309, -1.469, 1.481, 0.32
2017-04-20 10:08:58,951, 1492675738951214726, 0.221, 0.213, -0.332, -1.379, 1.458, 0.296
2017-04-20 10:08:58,953, 1492675738953200465, 0.244, 0.209, -0.317, -1.345, 1.587, 0.215
2017-04-20 10:08:58,955, 1492675738955235915, 0.223, 0.157, -0.384, -1.224, 1.542, 0.3
2017-04-20 10:08:58,957, 1492675738957188441, 0.256, 0.171, -0.332, -1.188, 1.596, 0.304
2017-04-20 10:08:58,959, 1492675738959299262, 0.219, 0.186, -0.363, -1.177, 1.518, 0.292
2017-04-20 10:08:58,966, 1492675738965849320, 0.23, 0.248, -0.295, -1.609, 1.536, 0.385
2017-04-20 10:08:58,968, 1492675738968318426, 0.239, 0.241, -0.28, -1.769, 1.64, 0.398
2017-04-20 10:08:58,970, 1492675738970410110, 0.243, 0.27, -0.335, -1.8, 1.661, 0.385
2017-04-20 10:08:58,972, 1492675738972783156, 0.244, 0.267, -0.325, -1.84, 1.749, 0.32
2017-04-20 10:08:58,974, 1492675738974325776, 0.228, 0.236, -0.289, -1.777, 1.764, 0.276
2017-04-20 10:08:58,975, 1492675738975526597, 0.223, 0.252, -0.296, -1.709, 1.749, 0.312
2017-04-20 10:08:58,977, 1492675738977363351, 0.243, 0.235, -0.373, -1.635, 1.776, 0.336
2017-04-20 10:08:58,979, 1492675738979361003, 0.269, 0.248, -0.369, -1.502, 1.753, 0.292
2017-04-20 10:08:58,981, 1492675738981358267, 0.266, 0.247, -0.297, -1.428, 1.71, 0.3
2017-04-20 10:08:58,983, 1492675738983383203, 0.287, 0.25, -0.385, -1.39, 1.652, 0.349
2017-04-20 10:08:58,985, 1492675738985353892, 0.308, 0.273, -0.324, -1.456, 1.711, 0.369
2017-04-20 10:08:58,987, 1492675738987371265, 0.293, 0.264, -0.185, -1.499, 1.59, 0.398
2017-04-20 10:08:58,989, 1492675738989329684, 0.26, 0.298, -0.216, -1.568, 1.619, 0.271
2017-04-20 10:08:58,991, 1492675738991374622, 0.243, 0.287, -0.32, -1.518, 1.658, 0.195
2017-04-20 10:08:58,993, 1492675738993337277, 0.235, 0.284, -0.164, -1.552, 1.773, 0.162
2017-04-20 10:08:58,995, 1492675738995374356, 0.217, 0.259, -0.153, -1.576, 1.847, 0.288
2017-04-20 10:08:58,997, 1492675738997359440, 0.243, 0.206, -0.243, -1.563, 1.98, 0.263
2017-04-20 10:08:58,999, 1492675738999688481, 0.225, 0.235, -0.166, -1.56, 2.013, 0.195
2017-04-20 10:08:59,005, 1492675739004887514, 0.201, 0.272, -0.096, -1.547, 2.016, 0.052
2017-04-20 10:08:59,006, 1492675739006377258, 0.183, 0.207, -0.128, -1.476, 1.861, 0.26
2017-04-20 10:08:59,008, 1492675739008348914, 0.179, 0.189, -0.114, -1.468, 1.805, 0.309
2017-04-20 10:08:59,010, 1492675739010386757, 0.204, 0.203, -0.174, -1.436, 1.777, 0.252
2017-04-20 10:08:59,012, 1492675739012327051, 0.224, 0.222, -0.121, -1.422, 1.765, 0.345
2017-04-20 10:08:59,014, 1492675739014355633, 0.233, 0.228, -0.145, -1.434, 1.726, 0.211
2017-04-20 10:08:59,016, 1492675739016333642, 0.281, 0.236, -0.127, -1.432, 1.857, 0.117
2017-04-20 10:08:59,018, 1492675739018519076, 0.272, 0.22, -0.112, -1.396, 1.865, 0.117
2017-04-20 10:08:59,020, 1492675739020572762, 0.291, 0.228, -0.149, -1.37, 1.934, 0.089
2017-04-20 10:08:59,022, 1492675739022395129, 0.285, 0.239, -0.162, -1.321, 1.966, 0.085
2017-04-20 10:08:59,024, 1492675739024360120, 0.281, 0.251, -0.136, -1.324, 1.997, 0.101
2017-04-20 10:08:59,026, 1492675739026356497, 0.29, 0.253, -0.151, -1.35, 2.033, 0.138
2017-04-20 10:08:59,028, 1492675739028300322, 0.257, 0.237, -0.174, -1.383, 2.024, 0.114
2017-04-20 10:08:59,030, 1492675739030407544, 0.231, 0.227, -0.164, -1.36, 2.017, 0.117
2017-04-20 10:08:59,034, 1492675739033443534, 0.238, 0.243, -0.143, -1.321, 1.967, 0.154
2017-04-20 10:08:59,041, 1492675739041389354, 0.226, 0.244, -0.108, -1.42, 1.9, 0.125
2017-04-20 10:08:59,043, 1492675739043170963, 0.226, 0.251, -0.133, -1.412, 1.889, 0.077
2017-04-20 10:08:59,045, 1492675739045264774, 0.222, 0.215, -0.082, -1.382, 1.862, 0.057
2017-04-20 10:08:59,047, 1492675739047584117, 0.252, 0.214, -0.027, -1.328, 1.877, 0.069
2017-04-20 10:08:59,049, 1492675739049394342, 0.25, 0.222, -0.092, -1.27, 1.889, 0.081
2017-04-20 10:08:59,053, 1492675739053350621, 0.254, 0.214, -0.061, -1.203, 1.853, 0.077
2017-04-20 10:08:59,054, 1492675739054381145, 0.269, 0.207, -0.108, -1.214, 1.881, 0.057
2017-04-20 10:08:59,055, 1492675739055342703, 0.27, 0.209, -0.115, -1.236, 1.896, 0.057
2017-04-20 10:08:59,057, 1492675739057432944, 0.272, 0.218, -0.098, -1.262, 1.867, 0.057
2017-04-20 10:08:59,059, 1492675739059213563, 0.269, 0.223, -0.012, -1.335, 1.893, 0.06
2017-04-20 10:08:59,061, 1492675739061257985, 0.269, 0.224, -0.071, -1.39, 1.912, 0.052
2017-04-20 10:08:59,063, 1492675739063238646, 0.249, 0.23, -0.104, -1.457, 1.909, 0.044
2017-04-20 10:08:59,065, 1492675739065396363, 0.247, 0.248, -0.034, -1.514, 1.922, 0.081
2017-04-20 10:08:59,069, 1492675739067475564, 0.26, 0.232, -0.082, -1.508, 1.949, 0.093
2017-04-20 10:08:59,071, 1492675739071388607, 0.228, 0.228, -0.044, -1.43, 1.922, 0.073
2017-04-20 10:08:59,073, 1492675739073619463, 0.228, 0.228, -0.062, -1.39, 1.91, 0.065
2017-04-20 10:08:59,075, 1492675739075399562, 0.228, 0.214, -0.121, -1.311, 1.866, 0.073
2017-04-20 10:08:59,077, 1492675739077256290, 0.2, 0.217, -0.082, -1.262, 1.811, 0.085
2017-04-20 10:08:59,079, 1492675739079240154, 0.219, 0.2, -0.07, -1.239, 1.769, 0.101
2017-04-20 10:08:59,081, 1492675739081262064, 0.237, 0.199, -0.11, -1.236, 1.75, 0.125
2017-04-20 10:08:59,083, 1492675739083243464, 0.218, 0.197, -0.12, -1.265, 1.717, 0.109
2017-04-20 10:08:59,085, 1492675739085213531, 0.203, 0.203, -0.064, -1.298, 1.693, 0.133
2017-04-20 10:08:59,087, 1492675739087370111, 0.215, 0.202, -0.08, -1.352, 1.706, 0.089
2017-04-20 10:08:59,090, 1492675739089335433, 0.231, 0.205, -0.072, -1.417, 1.778, 0.114
2017-04-20 10:08:59,091, 1492675739091331535, 0.266, 0.217, -0.035, -1.453, 1.851, 0.052
2017-04-20 10:08:59,093, 1492675739093198476, 0.251, 0.22, -0.043, -1.439, 1.875, 0.081
2017-04-20 10:08:59,095, 1492675739095242111, 0.258, 0.228, -0.054, -1.416, 1.915, 0.06
2017-04-20 10:08:59,097, 1492675739097226206, 0.251, 0.222, -0.032, -1.356, 1.927, 0.069
2017-04-20 10:08:59,099, 1492675739099286542, 0.251, 0.211, -0.039, -1.299, 1.923, 0.033
2017-04-20 10:08:59,101, 1492675739101246578, 0.24, 0.204, -0.028, -1.248, 1.903, 0.036
2017-04-20 10:08:59,103, 1492675739103284120, 0.245, 0.208, -0.012, -1.201, 1.864, 0.077
2017-04-20 10:08:59,106, 1492675739106157993, 0.256, 0.202, -0.022, -1.209, 1.85, 0.101
2017-04-20 10:08:59,107, 1492675739107538051, 0.215, 0.174, -0.057, -1.234, 1.743, 0.158
2017-04-20 10:08:59,109, 1492675739109349483, 0.208, 0.183, -0.039, -1.243, 1.707, 0.146
2017-04-20 10:08:59,111, 1492675739111233810, 0.203, 0.184, -0.052, -1.236, 1.691, 0.125
2017-04-20 10:08:59,113, 1492675739113250771, 0.209, 0.172, -0.059, -1.225, 1.704, 0.146
2017-04-20 10:08:59,115, 1492675739115247059, 0.222, 0.166, -0.06, -1.203, 1.741, 0.122
2017-04-20 10:08:59,117, 1492675739117263109, 0.194, 0.157, -0.038, -1.169, 1.734, 0.101
2017-04-20 10:08:59,119, 1492675739119276546, 0.201, 0.172, -0.058, -1.126, 1.767, 0.093
2017-04-20 10:08:59,121, 1492675739121351326, 0.213, 0.188, -0.081, -1.079, 1.803, 0.089
2017-04-20 10:08:59,123, 1492675739123247208, 0.212, 0.18, -0.065, -1.051, 1.815, 0.093
2017-04-20 10:08:59,125, 1492675739125249698, 0.21, 0.18, -0.029, -1.064, 1.813, 0.122
2017-04-20 10:08:59,127, 1492675739127272814, 0.212, 0.185, -0.066, -1.087, 1.814, 0.141
2017-04-20 10:08:59,130, 1492675739129214796, 0.217, 0.19, -0.072, -1.091, 1.782, 0.146
2017-04-20 10:08:59,131, 1492675739131291898, 0.21, 0.189, -0.052, -1.081, 1.74, 0.15
2017-04-20 10:08:59,133, 1492675739133233950, 0.195, 0.182, -0.066, -1.047, 1.698, 0.182
2017-04-20 10:08:59,135, 1492675739135283280, 0.2, 0.17, -0.083, -1.012, 1.674, 0.187
2017-04-20 10:08:59,141, 1492675739141036644, 0.197, 0.152, -0.066, -0.974, 1.657, 0.203
2017-04-20 10:08:59,142, 1492675739142378531, 0.17, 0.124, -0.073, -0.871, 1.657, 0.171
2017-04-20 10:08:59,144, 1492675739144381626, 0.176, 0.125, -0.049, -0.881, 1.676, 0.158
2017-04-20 10:08:59,146, 1492675739146400774, 0.179, 0.118, -0.044, -0.907, 1.698, 0.125
2017-04-20 10:08:59,148, 1492675739148329123, 0.173, 0.111, -0.047, -0.925, 1.705, 0.125
2017-04-20 10:08:59,150, 1492675739150391632, 0.161, 0.115, -0.036, -0.931, 1.685, 0.162
2017-04-20 10:08:59,152, 1492675739152346988, 0.166, 0.131, -0.043, -0.926, 1.666, 0.158
2017-04-20 10:08:59,157, 1492675739157377048, 0.16, 0.137, -0.033, -0.88, 1.591, 0.19
2017-04-20 10:08:59,159, 1492675739159185981, 0.167, 0.143, -0.056, -0.85, 1.572, 0.198
2017-04-20 10:08:59,165, 1492675739165383598, 0.178, 0.146, -0.044, -0.759, 1.513, 0.19
2017-04-20 10:08:59,167, 1492675739167205563, 0.176, 0.153, -0.054, -0.757, 1.519, 0.198
2017-04-20 10:08:59,171, 1492675739171392742, 0.172, 0.146, -0.057, -0.753, 1.514, 0.182
2017-04-20 10:08:59,177, 1492675739176852539, 0.18, 0.128, -0.051, -0.758, 1.514, 0.166
2017-04-20 10:08:59,178, 1492675739178386484, 0.169, 0.117, -0.062, -0.762, 1.517, 0.15
2017-04-20 10:08:59,180, 1492675739180484631, 0.167, 0.117, -0.073, -0.75, 1.495, 0.13
2017-04-20 10:08:59,182, 1492675739182399761, 0.157, 0.107, -0.056, -0.749, 1.471, 0.114
2017-04-20 10:08:59,184, 1492675739184364946, 0.156, 0.094, -0.071, -0.747, 1.442, 0.146
2017-04-20 10:08:59,186, 1492675739186400636, 0.151, 0.096, -0.086, -0.739, 1.417, 0.15
2017-04-20 10:08:59,188, 1492675739188330877, 0.149, 0.101, -0.074, -0.729, 1.387, 0.187
2017-04-20 10:08:59,190, 1492675739190359210, 0.153, 0.113, -0.072, -0.719, 1.356, 0.211
2017-04-20 10:08:59,192, 1492675739192617090, 0.143, 0.104, -0.082, -0.704, 1.323, 0.243
2017-04-20 10:08:59,194, 1492675739194385575, 0.134, 0.115, -0.083, -0.678, 1.304, 0.227
2017-04-20 10:08:59,196, 1492675739196347851, 0.136, 0.12, -0.072, -0.644, 1.27, 0.219
2017-04-20 10:08:59,198, 1492675739198381109, 0.133, 0.124, -0.077, -0.613, 1.258, 0.227
2017-04-20 10:08:59,200, 1492675739200362246, 0.138, 0.11, -0.097, -0.591, 1.249, 0.215
2017-04-20 10:08:59,205, 1492675739204425837, 0.135, 0.106, -0.114, -0.57, 1.24, 0.203
2017-04-20 10:08:59,207, 1492675739207341509, 0.155, 0.137, -0.03, -0.55, 1.273, 0.231
2017-04-20 10:08:59,210, 1492675739210606716, 0.127, 0.107, -0.096, -0.622, 1.276, 0.207
2017-04-20 10:08:59,212, 1492675739212349351, 0.121, 0.114, -0.005, -0.636, 1.263, 0.195
2017-04-20 10:08:59,213, 1492675739213361424, 0.146, 0.129, -0.024, -0.652, 1.319, 0.203
2017-04-20 10:08:59,215, 1492675739215378637, 0.157, 0.135, -0.037, -0.667, 1.351, 0.179
2017-04-20 10:08:59,217, 1492675739217242989, 0.152, 0.103, -0.055, -0.684, 1.352, 0.138
2017-04-20 10:08:59,219, 1492675739219219650, 0.124, 0.099, 0.01, -0.669, 1.3, 0.125
2017-04-20 10:08:59,221, 1492675739221218176, 0.128, 0.115, -0.02, -0.663, 1.296, 0.122
2017-04-20 10:08:59,223, 1492675739223188139, 0.154, 0.13, -0.061, -0.629, 1.324, 0.117
2017-04-20 10:08:59,225, 1492675739225237178, 0.157, 0.113, 0.0, -0.591, 1.285, 0.13
2017-04-20 10:08:59,227, 1492675739227222639, 0.135, 0.083, 0.012, -0.554, 1.236, 0.146
2017-04-20 10:08:59,229, 1492675739229218468, 0.133, 0.091, -0.095, -0.508, 1.218, 0.198
2017-04-20 10:08:59,231, 1492675739231195400, 0.151, 0.107, -0.069, -0.461, 1.215, 0.227
2017-04-20 10:08:59,233, 1492675739233494029, 0.13, 0.101, -0.044, -0.434, 1.168, 0.198
2017-04-20 10:08:59,235, 1492675739235336809, 0.128, 0.079, -0.08, -0.406, 1.156, 0.198
2017-04-20 10:08:59,238, 1492675739238401614, 0.144, 0.093, -0.058, -0.42, 1.19, 0.243
2017-04-20 10:08:59,241, 1492675739241465131, 0.139, 0.088, -0.062, -0.425, 1.204, 0.207
2017-04-20 10:08:59,244, 1492675739243492824, 0.135, 0.083, -0.095, -0.46, 1.236, 0.171
2017-04-20 10:08:59,245, 1492675739245342358, 0.14, 0.088, -0.059, -0.501, 1.276, 0.171
2017-04-20 10:08:59,247, 1492675739247400069, 0.148, 0.098, -0.057, -0.517, 1.297, 0.146
2017-04-20 10:08:59,249, 1492675739249348493, 0.145, 0.088, -0.079, -0.506, 1.312, 0.117
2017-04-20 10:08:59,251, 1492675739251347857, 0.142, 0.106, -0.044, -0.481, 1.315, 0.141
2017-04-20 10:08:59,253, 1492675739253338741, 0.148, 0.107, -0.032, -0.454, 1.327, 0.13
2017-04-20 10:08:59,255, 1492675739255337528, 0.156, 0.107, -0.056, -0.413, 1.313, 0.101
2017-04-20 10:08:59,257, 1492675739257350158, 0.14, 0.112, -0.053, -0.373, 1.272, 0.114
2017-04-20 10:08:59,259, 1492675739259358045, 0.145, 0.103, -0.034, -0.347, 1.242, 0.174
2017-04-20 10:08:59,265, 1492675739265361178, 0.133, 0.077, -0.043, -0.358, 1.128, 0.239
2017-04-20 10:08:59,266, 1492675739266381223, 0.138, 0.086, -0.038, -0.368, 1.117, 0.26
2017-04-20 10:08:59,277, 1492675739276929730, 0.121, 0.081, -0.058, -0.389, 1.108, 0.239
2017-04-20 10:08:59,278, 1492675739278385242, 0.117, 0.089, -0.03, -0.44, 1.171, 0.187
2017-04-20 10:08:59,280, 1492675739280550607, 0.127, 0.093, -0.049, -0.43, 1.2, 0.158
2017-04-20 10:08:59,282, 1492675739282422052, 0.133, 0.101, -0.047, -0.434, 1.218, 0.117
2017-04-20 10:08:59,284, 1492675739284359786, 0.133, 0.101, -0.043, -0.443, 1.218, 0.101
2017-04-20 10:08:59,286, 1492675739286367090, 0.133, 0.091, -0.05, -0.446, 1.218, 0.109
2017-04-20 10:08:59,288, 1492675739288361438, 0.143, 0.097, -0.059, -0.444, 1.204, 0.114
2017-04-20 10:08:59,290, 1492675739290363493, 0.148, 0.107, -0.071, -0.451, 1.201, 0.093
2017-04-20 10:08:59,292, 1492675739292518513, 0.16, 0.106, -0.056, -0.453, 1.183, 0.122
2017-04-20 10:08:59,294, 1492675739294370545, 0.152, 0.088, -0.095, -0.451, 1.162, 0.158
2017-04-20 10:08:59,296, 1492675739296331873, 0.14, 0.092, -0.063, -0.445, 1.151, 0.195
2017-04-20 10:08:59,298, 1492675739298510677, 0.136, 0.098, -0.061, -0.444, 1.138, 0.179
2017-04-20 10:08:59,300, 1492675739300606834, 0.134, 0.092, -0.077, -0.446, 1.121, 0.174
2017-04-20 10:08:59,302, 1492675739302409357, 0.116, 0.094, -0.084, -0.44, 1.109, 0.207
2017-04-20 10:08:59,304, 1492675739304335050, 0.114, 0.089, -0.072, -0.45, 1.113, 0.227
2017-04-20 10:08:59,306, 1492675739306396511, 0.115, 0.096, -0.054, -0.47, 1.132, 0.239
2017-04-20 10:08:59,315, 1492675739308507672, 0.119, 0.099, -0.067, -0.494, 1.137, 0.223
2017-04-20 10:08:59,316, 1492675739316427913, 0.139, 0.108, -0.059, -0.553, 1.188, 0.187
2017-04-20 10:08:59,318, 1492675739318213187, 0.151, 0.101, -0.039, -0.542, 1.199, 0.166
2017-04-20 10:08:59,320, 1492675739320376681, 0.144, 0.105, -0.044, -0.51, 1.212, 0.166
2017-04-20 10:08:59,322, 1492675739322264435, 0.152, 0.1, -0.059, -0.476, 1.228, 0.146
2017-04-20 10:08:59,329, 1492675739329608844, 0.154, 0.099, -0.042, -0.398, 1.237, 0.117
2017-04-20 10:08:59,331, 1492675739331374028, 0.149, 0.102, -0.045, -0.404, 1.227, 0.114
2017-04-20 10:08:59,333, 1492675739333391559, 0.144, 0.088, -0.047, -0.41, 1.198, 0.146
2017-04-20 10:08:59,336, 1492675739336389677, 0.133, 0.087, -0.049, -0.416, 1.144, 0.187
2017-04-20 10:08:59,338, 1492675739338383140, 0.116, 0.085, -0.062, -0.404, 1.13, 0.195
2017-04-20 10:08:59,340, 1492675739340206210, 0.11, 0.088, -0.08, -0.379, 1.096, 0.243
2017-04-20 10:08:59,341, 1492675739341362598, 0.105, 0.068, -0.071, -0.355, 1.066, 0.263
2017-04-20 10:08:59,344, 1492675739344570450, 0.105, 0.064, -0.083, -0.302, 1.03, 0.268
2017-04-20 10:08:59,346, 1492675739346644718, 0.095, 0.055, -0.089, -0.271, 1.017, 0.263
2017-04-20 10:08:59,348, 1492675739348330574, 0.082, 0.049, -0.09, -0.233, 1.003, 0.268
2017-04-20 10:08:59,349, 1492675739349380368, 0.072, 0.032, -0.088, -0.203, 0.99, 0.279
2017-04-20 10:08:59,352, 1492675739351557396, 0.071, 0.037, -0.093, -0.183, 0.987, 0.255
2017-04-20 10:08:59,358, 1492675739358178795, 0.088, 0.044, -0.092, -0.136, 1.017, 0.203
2017-04-20 10:08:59,359, 1492675739359365684, 0.089, 0.047, -0.101, -0.142, 1.03, 0.198
2017-04-20 10:08:59,361, 1492675739361383054, 0.096, 0.042, -0.109, -0.157, 1.049, 0.162
2017-04-20 10:08:59,363, 1492675739363328235, 0.086, 0.051, -0.077, -0.172, 1.067, 0.138
2017-04-20 10:08:59,365, 1492675739365388837, 0.107, 0.048, -0.097, -0.188, 1.08, 0.13
2017-04-20 10:08:59,367, 1492675739367372569, 0.105, 0.052, -0.1, -0.188, 1.088, 0.138
2017-04-20 10:08:59,376, 1492675739373387924, 0.102, 0.054, -0.102, -0.184, 1.076, 0.166
2017-04-20 10:08:59,380, 1492675739380528271, 0.094, 0.058, -0.103, -0.183, 1.057, 0.211
2017-04-20 10:08:59,382, 1492675739382552102, 0.082, 0.048, -0.111, -0.228, 1.015, 0.239
2017-04-20 10:08:59,384, 1492675739384371201, 0.066, 0.046, -0.109, -0.241, 0.994, 0.247
2017-04-20 10:08:59,386, 1492675739386358377, 0.083, 0.053, -0.145, -0.243, 0.987, 0.26
2017-04-20 10:08:59,388, 1492675739388392342, 0.085, 0.049, -0.153, -0.238, 0.978, 0.263
2017-04-20 10:08:59,390, 1492675739390343374, 0.092, 0.053, -0.144, -0.233, 0.98, 0.263
2017-04-20 10:08:59,392, 1492675739392502733, 0.084, 0.044, -0.177, -0.234, 0.985, 0.268
2017-04-20 10:08:59,395, 1492675739395339190, 0.089, 0.064, -0.176, -0.223, 0.99, 0.271
2017-04-20 10:08:59,396, 1492675739396412383, 0.098, 0.065, -0.172, -0.222, 1.002, 0.268
2017-04-20 10:08:59,398, 1492675739398349055, 0.09, 0.067, -0.195, -0.212, 1.01, 0.252
2017-04-20 10:08:59,400, 1492675739400359681, 0.091, 0.055, -0.217, -0.205, 1.009, 0.255
2017-04-20 10:08:59,409, 1492675739408660475, 0.12, 0.063, -0.246, -0.172, 1.032, 0.247
2017-04-20 10:08:59,413, 1492675739413421466, 0.106, 0.053, -0.27, -0.162, 0.993, 0.296
2017-04-20 10:08:59,415, 1492675739415569873, 0.101, 0.06, -0.252, -0.145, 0.994, 0.279
2017-04-20 10:08:59,417, 1492675739417389874, 0.104, 0.061, -0.269, -0.109, 0.974, 0.279
2017-04-20 10:08:59,421, 1492675739421324813, 0.109, 0.056, -0.272, -0.09, 0.971, 0.231
2017-04-20 10:08:59,422, 1492675739422457873, 0.1, 0.069, -0.269, -0.093, 0.978, 0.227
2017-04-20 10:08:59,424, 1492675739424295987, 0.106, 0.074, -0.279, -0.106, 1.013, 0.243
2017-04-20 10:08:59,426, 1492675739426263321, 0.114, 0.08, -0.292, -0.109, 1.034, 0.292
2017-04-20 10:08:59,428, 1492675739428239328, 0.117, 0.081, -0.294, -0.127, 1.062, 0.268
2017-04-20 10:08:59,429, 1492675739429357446, 0.118, 0.08, -0.304, -0.129, 1.065, 0.207
2017-04-20 10:08:59,431, 1492675739431296101, 0.137, 0.073, -0.313, -0.112, 1.071, 0.171
2017-04-20 10:08:59,433, 1492675739433320739, 0.146, 0.107, -0.25, -0.129, 1.107, 0.158
2017-04-20 10:08:59,435, 1492675739435274781, 0.141, 0.125, -0.22, -0.173, 1.138, 0.101
2017-04-20 10:08:59,438, 1492675739438083830, 0.132, 0.109, -0.261, -0.216, 1.132, 0.069
2017-04-20 10:08:59,439, 1492675739439358968, 0.096, 0.11, -0.284, -0.263, 1.185, 0.065
2017-04-20 10:08:59,441, 1492675739441295704, 0.111, 0.124, -0.275, -0.273, 1.23, 0.101
2017-04-20 10:08:59,443, 1492675739443247102, 0.159, 0.138, -0.255, -0.306, 1.366, 0.154
2017-04-20 10:08:59,448, 1492675739448590711, 0.173, 0.119, -0.301, -0.334, 1.395, 0.133
2017-04-20 10:08:59,450, 1492675739450349225, 0.144, 0.133, -0.274, -0.314, 1.484, 0.101
2017-04-20 10:08:59,452, 1492675739452380588, 0.146, 0.148, -0.332, -0.305, 1.456, 0.122
2017-04-20 10:08:59,455, 1492675739455322795, 0.158, 0.149, -0.354, -0.359, 1.506, 0.138
2017-04-20 10:08:59,456, 1492675739456384729, 0.148, 0.105, -0.351, -0.364, 1.51, 0.105
2017-04-20 10:08:59,458, 1492675739458352338, 0.125, 0.088, -0.364, -0.357, 1.477, 0.171
2017-04-20 10:08:59,460, 1492675739460624585, 0.152, 0.145, -0.327, -0.379, 1.505, 0.239
2017-04-20 10:08:59,462, 1492675739462564028, 0.187, 0.16, -0.357, -0.337, 1.573, 0.133
2017-04-20 10:08:59,464, 1492675739464379595, 0.176, 0.139, -0.425, -0.307, 1.547, 0.057
2017-04-20 10:08:59,466, 1492675739466331692, 0.174, 0.111, -0.339, -0.31, 1.513, 0.138
2017-04-20 10:08:59,468, 1492675739468377591, 0.16, 0.118, -0.361, -0.276, 1.468, 0.174
2017-04-20 10:08:59,470, 1492675739470352340, 0.155, 0.124, -0.448, -0.273, 1.475, 0.138
2017-04-20 10:08:59,472, 1492675739472393394, 0.174, 0.145, -0.398, -0.26, 1.497, 0.122
2017-04-20 10:08:59,474, 1492675739474357412, 0.189, 0.172, -0.345, -0.251, 1.515, 0.171
2017-04-20 10:08:59,478, 1492675739478350653, 0.182, 0.15, -0.439, -0.281, 1.507, 0.223
2017-04-20 10:08:59,483, 1492675739483354348, 0.211, 0.196, -0.441, -0.57, 1.713, 0.247
2017-04-20 10:08:59,485, 1492675739485176145, 0.218, 0.22, -0.462, -0.615, 1.734, 0.268
2017-04-20 10:08:59,487, 1492675739487297542, 0.254, 0.231, -0.392, -0.678, 1.822, 0.304
2017-04-20 10:08:59,489, 1492675739489366577, 0.261, 0.21, -0.436, -0.761, 1.892, 0.255
2017-04-20 10:08:59,491, 1492675739491174103, 0.23, 0.201, -0.44, -0.786, 1.859, 0.293
2017-04-20 10:08:59,493, 1492675739493218306, 0.212, 0.239, -0.465, -0.743, 1.836, 0.292
2017-04-20 10:08:59,495, 1492675739495195291, 0.266, 0.249, -0.474, -0.764, 1.964, 0.231
2017-04-20 10:08:59,497, 1492675739497232833, 0.246, 0.207, -0.454, -0.799, 1.933, 0.211
2017-04-20 10:08:59,499, 1492675739499180062, 0.233, 0.213, -0.414, -0.842, 1.908, 0.252
2017-04-20 10:08:59,501, 1492675739501226836, 0.275, 0.247, -0.47, -0.857, 1.967, 0.268
2017-04-20 10:08:59,503, 1492675739503168928, 0.305, 0.251, -0.472, -0.881, 2.016, 0.203
2017-04-20 10:08:59,505, 1492675739505225495, 0.33, 0.262, -0.317, -1.008, 2.088, 0.179
2017-04-20 10:08:59,507, 1492675739507205053, 0.282, 0.244, -0.397, -1.074, 2.024, 0.235
2017-04-20 10:08:59,517, 1492675739517065156, 0.379, 0.265, -0.572, -1.151, 2.225, 0.187
2017-04-20 10:08:59,518, 1492675739518497061, 0.383, 0.339, -0.524, -1.256, 2.104, 0.531
2017-04-20 10:08:59,520, 1492675739520429506, 0.396, 0.312, -0.641, -1.284, 2.152, 0.556
2017-04-20 10:08:59,522, 1492675739522322262, 0.383, 0.317, -0.721, -1.354, 2.171, 0.528
2017-04-20 10:08:59,524, 1492675739524374168, 0.376, 0.343, -0.582, -1.373, 2.132, 0.758
2017-04-20 10:08:59,526, 1492675739526365779, 0.379, 0.318, -0.481, -1.515, 2.198, 0.913
2017-04-20 10:08:59,528, 1492675739528332430, 0.31, 0.308, -0.544, -1.905, 2.272, 0.888
2017-04-20 10:08:59,530, 1492675739530348286, 0.305, 0.319, -0.416, -2.126, 2.382, 1.23
2017-04-20 10:08:59,532, 1492675739532551625, 0.399, 0.366, -0.423, -2.322, 2.66, 1.283
2017-04-20 10:08:59,534, 1492675739534339748, 0.54, 0.485, -0.752, -2.424, 2.88, 1.153
2017-04-20 10:08:59,536, 1492675739536359931, 0.581, 0.507, -0.465, -2.353, 2.836, 0.682
2017-04-20 10:08:59,538, 1492675739538337663, 0.49, 0.451, -0.226, -2.215, 2.581, 0.796
2017-04-20 10:08:59,540, 1492675739540362549, 0.396, 0.348, -0.663, -2.122, 2.442, 1.088
2017-04-20 10:08:59,542, 1492675739542518918, 0.347, 0.335, -0.718, -2.08, 2.329, 1.088
2017-04-20 10:08:59,544, 1492675739544382476, 0.407, 0.418, -0.442, -1.989, 2.357, 0.929
2017-04-20 10:08:59,546, 1492675739546321460, 0.494, 0.414, -0.623, -2.001, 2.519, 0.852
2017-04-20 10:08:59,548, 1492675739548389010, 0.509, 0.384, -0.716, -2.097, 2.551, 1.043
2017-04-20 10:08:59,550, 1492675739550337499, 0.519, 0.408, -0.471, -2.264, 2.647, 1.075
2017-04-20 10:08:59,553, 1492675739552865135, 0.456, 0.399, -0.563, -2.308, 2.668, 0.962
2017-04-20 10:08:59,555, 1492675739555356338, 0.526, 0.47, -0.931, -2.26, 2.731, 0.869
2017-04-20 10:08:59,557, 1492675739557400502, 0.516, 0.486, -0.746, -2.163, 2.582, 1.031
2017-04-20 10:08:59,559, 1492675739559166974, 0.492, 0.462, -0.779, -2.13, 2.469, 1.108
2017-04-20 10:08:59,560, 1492675739560370695, 0.475, 0.435, -0.966, -2.133, 2.46, 1.083
2017-04-20 10:08:59,562, 1492675739562353385, 0.438, 0.436, -0.898, -1.924, 2.378, 1.035
2017-04-20 10:08:59,564, 1492675739564365493, 0.445, 0.453, -0.971, -1.648, 2.354, 0.921
2017-04-20 10:08:59,566, 1492675739566339471, 0.522, 0.447, -1.175, -1.603, 2.429, 1.01
2017-04-20 10:08:59,568, 1492675739568558334, 0.618, 0.455, -1.134, -1.67, 2.532, 1.096
2017-04-20 10:08:59,570, 1492675739570338694, 0.642, 0.452, -1.271, -1.685, 2.557, 1.132
2017-04-20 10:08:59,572, 1492675739572367344, 0.689, 0.511, -1.721, -1.625, 2.573, 0.95
2017-04-20 10:08:59,574, 1492675739574315707, 0.571, 0.481, -1.817, -1.5, 2.243, 0.666
2017-04-20 10:08:59,576, 1492675739576399180, 0.474, 0.419, -1.897, -1.501, 2.083, 0.617
2017-04-20 10:08:59,578, 1492675739578331333, 0.408, 0.375, -1.949, -1.472, 1.945, 0.694
2017-04-20 10:08:59,580, 1492675739580588026, 0.387, 0.345, -1.973, -1.324, 1.91, 0.661
2017-04-20 10:08:59,584, 1492675739583928050, 0.46, 0.336, -1.968, -1.322, 2.137, 0.88
2017-04-20 10:08:59,586, 1492675739586228334, 0.43, 0.35, -1.995, -1.442, 2.204, 0.807
2017-04-20 10:08:59,588, 1492675739588107537, 0.404, 0.366, -1.99, -1.494, 2.305, 0.799
2017-04-20 10:08:59,590, 1492675739590284882, 0.33, 0.334, -2.005, -1.479, 2.309, 0.877
2017-04-20 10:08:59,591, 1492675739591339791, 0.267, 0.325, -2.004, -1.517, 2.251, 0.812
2017-04-20 10:08:59,593, 1492675739593313893, 0.254, 0.327, -2.019, -1.586, 2.289, 0.788
2017-04-20 10:08:59,594, 1492675739594293101, 0.287, 0.322, -2.012, -1.611, 2.367, 0.807
2017-04-20 10:08:59,596, 1492675739596396200, 0.281, 0.296, -2.022, -1.593, 2.385, 0.82
2017-04-20 10:08:59,598, 1492675739598330778, 0.248, 0.292, -2.032, -1.66, 2.349, 0.856
2017-04-20 10:08:59,601, 1492675739600496294, 0.239, 0.297, -2.036, -1.663, 2.325, 0.836
2017-04-20 10:08:59,602, 1492675739602354376, 0.258, 0.299, -2.057, -1.637, 2.331, 0.872
2017-04-20 10:08:59,604, 1492675739604424287, 0.33, 0.302, -2.05, -1.614, 2.377, 0.864
2017-04-20 10:08:59,606, 1492675739606346588, 0.35, 0.287, -2.035, -1.614, 2.387, 0.844
2017-04-20 10:08:59,614, 1492675739614193483, 0.45, 0.341, -1.994, -1.699, 2.337, 0.901
2017-04-20 10:08:59,615, 1492675739615806426, 0.404, 0.378, -2.004, -1.704, 2.162, 0.856
2017-04-20 10:08:59,622, 1492675739622265848, 0.448, 0.302, -2.024, -1.372, 2.111, 0.69
2017-04-20 10:08:59,623, 1492675739623357588, 0.421, 0.284, -2.025, -1.285, 1.976, 0.766
2017-04-20 10:08:59,625, 1492675739625385456, 0.342, 0.229, -2.042, -1.197, 1.81, 0.815
2017-04-20 10:08:59,628, 1492675739628155582, 0.248, 0.245, -2.049, -1.326, 1.683, 0.731
2017-04-20 10:08:59,630, 1492675739630302905, 0.187, 0.237, -2.065, -1.451, 1.622, 0.702
2017-04-20 10:08:59,632, 1492675739632142173, 0.167, 0.264, -2.08, -1.558, 1.683, 0.836
2017-04-20 10:08:59,634, 1492675739634352766, 0.226, 0.277, -2.077, -1.64, 1.903, 0.88
2017-04-20 10:08:59,635, 1492675739635364670, 0.288, 0.277, -2.094, -1.637, 2.118, 0.796
2017-04-20 10:08:59,638, 1492675739638177168, 0.34, 0.233, -2.098, -1.548, 2.282, 0.739
2017-04-20 10:08:59,640, 1492675739640143512, 0.358, 0.249, -2.095, -1.577, 2.382, 0.82
2017-04-20 10:08:59,641, 1492675739641354978, 0.352, 0.276, -2.114, -1.571, 2.349, 0.779
2017-04-20 10:08:59,644, 1492675739644168861, 0.346, 0.327, -2.114, -1.605, 2.243, 0.71
2017-04-20 10:08:59,655, 1492675739649829689, 0.324, 0.34, -2.119, -1.627, 2.08, 0.796
2017-04-20 10:08:59,655, 1492675739655618036, 0.267, 0.252, -2.131, -1.389, 1.93, 0.896
2017-04-20 10:08:59,657, 1492675739657499566, 0.331, 0.202, -2.117, -1.202, 2.09, 0.888
2017-04-20 10:08:59,659, 1492675739659352461, 0.298, 0.206, -2.132, -1.309, 2.069, 0.872
2017-04-20 10:08:59,661, 1492675739661360431, 0.26, 0.224, -2.125, -1.336, 2.062, 0.893
2017-04-20 10:08:59,663, 1492675739663366455, 0.245, 0.207, -2.113, -1.348, 2.14, 0.807
2017-04-20 10:08:59,665, 1492675739665381310, 0.252, 0.227, -2.136, -1.46, 2.183, 0.747
2017-04-20 10:08:59,667, 1492675739667325176, 0.254, 0.231, -2.132, -1.478, 2.233, 0.766
2017-04-20 10:08:59,669, 1492675739669362897, 0.296, 0.236, -2.149, -1.455, 2.33, 0.791
2017-04-20 10:08:59,671, 1492675739671356282, 0.327, 0.256, -2.145, -1.454, 2.35, 0.771
2017-04-20 10:08:59,673, 1492675739673587454, 0.336, 0.269, -2.146, -1.405, 2.338, 0.796
2017-04-20 10:08:59,675, 1492675739675297700, 0.311, 0.25, -2.152, -1.36, 2.262, 0.929
2017-04-20 10:08:59,678, 1492675739677866126, 0.313, 0.25, -2.15, -1.324, 2.241, 0.986
2017-04-20 10:08:59,681, 1492675739681342617, 0.36, 0.25, -2.161, -1.24, 2.177, 0.986
2017-04-20 10:08:59,682, 1492675739682347979, 0.359, 0.239, -2.154, -1.214, 2.136, 1.002
2017-04-20 10:08:59,684, 1492675739684173781, 0.333, 0.236, -2.149, -1.194, 2.072, 0.986
2017-04-20 10:08:59,689, 1492675739689101191, 0.301, 0.216, -2.164, -1.198, 1.968, 0.913
2017-04-20 10:08:59,691, 1492675739691166402, 0.217, 0.199, -2.163, -1.117, 1.797, 0.885
2017-04-20 10:08:59,692, 1492675739692372663, 0.226, 0.179, -2.164, -1.076, 1.813, 0.812
2017-04-20 10:08:59,694, 1492675739694351921, 0.224, 0.168, -2.163, -1.059, 1.819, 0.75
2017-04-20 10:08:59,696, 1492675739696368393, 0.223, 0.16, -2.163, -1.07, 1.838, 0.763
2017-04-20 10:08:59,698, 1492675739698344130, 0.234, 0.169, -2.154, -1.093, 1.87, 0.731
2017-04-20 10:08:59,700, 1492675739700356586, 0.218, 0.207, -2.15, -1.126, 1.844, 0.677
2017-04-20 10:08:59,702, 1492675739702435197, 0.212, 0.218, -2.139, -1.156, 1.823, 0.694
2017-04-20 10:08:59,704, 1492675739704351463, 0.215, 0.205, -2.124, -1.15, 1.82, 0.747
2017-04-20 10:08:59,706, 1492675739706309081, 0.239, 0.202, -2.123, -1.153, 1.819, 0.747
2017-04-20 10:08:59,708, 1492675739708350107, 0.258, 0.2, -2.101, -1.156, 1.849, 0.755
2017-04-20 10:08:59,710, 1492675739710336321, 0.254, 0.216, -2.117, -1.193, 1.827, 0.812
2017-04-20 10:08:59,720, 1492675739720583953, 0.265, 0.227, -2.117, -1.229, 1.834, 0.812
2017-04-20 10:08:59,722, 1492675739722343978, 0.24, 0.192, -2.149, -1.187, 1.782, 0.824
2017-04-20 10:08:59,726, 1492675739725930327, 0.225, 0.212, -2.147, -1.199, 1.772, 0.828
2017-04-20 10:08:59,729, 1492675739729338697, 0.224, 0.236, -2.128, -1.254, 1.766, 0.779
2017-04-20 10:08:59,731, 1492675739731310045, 0.225, 0.236, -2.123, -1.261, 1.776, 0.791
2017-04-20 10:08:59,733, 1492675739733205973, 0.24, 0.237, -2.135, -1.242, 1.772, 0.775
2017-04-20 10:08:59,735, 1492675739735250477, 0.228, 0.244, -2.137, -1.223, 1.75, 0.788
2017-04-20 10:08:59,737, 1492675739737196454, 0.224, 0.24, -2.119, -1.215, 1.711, 0.804
2017-04-20 10:08:59,739, 1492675739739249213, 0.216, 0.254, -2.138, -1.191, 1.698, 0.815
2017-04-20 10:08:59,741, 1492675739741172360, 0.231, 0.243, -2.128, -1.18, 1.69, 0.812
2017-04-20 10:08:59,743, 1492675739743237981, 0.242, 0.238, -2.123, -1.176, 1.679, 0.815
2017-04-20 10:08:59,745, 1492675739745191271, 0.237, 0.215, -2.115, -1.177, 1.644, 0.832
2017-04-20 10:08:59,747, 1492675739747214040, 0.218, 0.219, -2.125, -1.157, 1.612, 0.832
2017-04-20 10:08:59,749, 1492675739749196249, 0.222, 0.204, -2.119, -1.12, 1.587, 0.836
2017-04-20 10:08:59,751, 1492675739751196881, 0.24, 0.22, -2.125, -1.133, 1.601, 0.852
2017-04-20 10:08:59,754, 1492675739754009320, 0.234, 0.219, -2.125, -1.162, 1.586, 0.856
2017-04-20 10:08:59,757, 1492675739756852991, 0.182, 0.161, -2.137, -1.057, 1.504, 0.824
2017-04-20 10:08:59,758, 1492675739758351468, 0.198, 0.188, -2.127, -1.037, 1.498, 0.856
2017-04-20 10:08:59,760, 1492675739760192630, 0.197, 0.188, -2.118, -1.049, 1.521, 0.832
2017-04-20 10:08:59,761, 1492675739761380402, 0.201, 0.194, -2.125, -1.015, 1.511, 0.807
2017-04-20 10:08:59,763, 1492675739763259687, 0.197, 0.177, -2.134, -0.985, 1.484, 0.815
2017-04-20 10:08:59,769, 1492675739769343144, 0.207, 0.192, -2.111, -0.943, 1.517, 0.799
2017-04-20 10:08:59,771, 1492675739771205245, 0.214, 0.184, -2.106, -0.937, 1.511, 0.804
2017-04-20 10:08:59,773, 1492675739773739743, 0.199, 0.184, -2.108, -0.92, 1.507, 0.84
2017-04-20 10:08:59,775, 1492675739775338134, 0.221, 0.198, -2.115, -0.918, 1.553, 0.804
2017-04-20 10:08:59,777, 1492675739777225968, 0.213, 0.191, -2.1, -0.906, 1.558, 0.815
2017-04-20 10:08:59,779, 1492675739779219453, 0.214, 0.18, -2.095, -0.889, 1.563, 0.828
2017-04-20 10:08:59,781, 1492675739781209464, 0.216, 0.177, -2.095, -0.893, 1.586, 0.832
2017-04-20 10:08:59,783, 1492675739783238262, 0.23, 0.19, -2.1, -0.913, 1.644, 0.815
2017-04-20 10:08:59,786, 1492675739786228013, 0.228, 0.209, -2.096, -0.936, 1.658, 0.799
2017-04-20 10:08:59,787, 1492675739787378414, 0.221, 0.194, -2.097, -0.951, 1.656, 0.788
2017-04-20 10:08:59,789, 1492675739789194741, 0.223, 0.203, -2.098, -0.954, 1.669, 0.796
2017-04-20 10:08:59,791, 1492675739791237378, 0.235, 0.205, -2.092, -0.962, 1.701, 0.815
2017-04-20 10:08:59,794, 1492675739793726982, 0.254, 0.203, -2.104, -0.999, 1.702, 0.832
2017-04-20 10:08:59,795, 1492675739795352994, 0.233, 0.202, -2.096, -0.985, 1.677, 0.86