2017-04-20 10:10:20,906, 1492675820906031523, -0.119, -0.046, 0.015, 0.273, -0.413, 0.146
2017-04-20 10:10:20,908, 1492675820908004059, -0.113, -0.027, -0.016, 0.332, -0.416, 0.114
2017-04-20 10:10:20,910, 1492675820910041709, -0.11, -0.047, -0.087, 0.384, -0.382, 0.074
2017-04-20 10:10:20,912, 1492675820911990734, -0.109, -0.051, -0.056, 0.384, -0.4, -0.008
2017-04-20 10:10:20,916, 1492675820916493471, -0.116, -0.063, -0.018, 0.388, -0.427, 0.02
2017-04-20 10:10:20,924, 1492675820920422061, -0.111, -0.064, -0.076, 0.345, -0.533, 0.13
2017-04-20 10:10:20,924, 1492675820922133381, -0.11, -0.076, -0.083, 0.338, -0.565, 0.211
2017-04-20 10:10:20,924, 1492675820924247841, -0.125, -0.076, -0.113, 0.337, -0.582, 0.263
2017-04-20 10:10:20,926, 1492675820926051270, -0.124, -0.075, -0.107, 0.339, -0.614, 0.247
2017-04-20 10:10:20,927, 1492675820927145244, -0.128, -0.08, -0.082, 0.333, -0.626, 0.219
2017-04-20 10:10:20,928, 1492675820928137098, -0.137, -0.063, -0.09, 0.324, -0.619, 0.231
2017-04-20 10:10:20,930, 1492675820930131189, -0.135, -0.07, -0.116, 0.304, -0.6, 0.239
2017-04-20 10:10:20,932, 1492675820932132550, -0.125, -0.06, -0.094, 0.264, -0.57, 0.239
2017-04-20 10:10:20,938, 1492675820938159430, -0.135, -0.027, -0.088, 0.092, -0.485, 0.13
2017-04-20 10:10:20,940, 1492675820939947675, -0.124, -0.025, -0.059, 0.046, -0.46, 0.109
2017-04-20 10:10:20,942, 1492675820942136360, -0.114, 0.001, -0.034, 0.013, -0.431, 0.033
2017-04-20 10:10:20,958, 1492675820952351024, -0.103, -0.004, -0.043, -0.048, -0.425, 0.052
2017-04-20 10:10:20,958, 1492675820954645832, -0.105, 0.0, -0.066, -0.08, -0.454, 0.154
2017-04-20 10:10:20,958, 1492675820956151670, -0.114, -0.01, -0.062, -0.075, -0.467, 0.125
2017-04-20 10:10:20,958, 1492675820958494510, -0.112, -0.007, -0.089, -0.063, -0.471, 0.122
2017-04-20 10:10:20,960, 1492675820960130040, -0.129, -0.013, -0.089, -0.065, -0.48, 0.126
2017-04-20 10:10:20,962, 1492675820962143082, -0.115, -0.01, -0.056, -0.063, -0.486, 0.109
2017-04-20 10:10:20,964, 1492675820964102636, -0.118, -0.009, -0.084, -0.066, -0.479, 0.085
2017-04-20 10:10:20,966, 1492675820966199385, -0.115, -0.008, -0.106, -0.075, -0.493, 0.109
2017-04-20 10:10:20,968, 1492675820968130334, -0.115, -0.015, -0.086, -0.08, -0.513, 0.13
2017-04-20 10:10:20,970, 1492675820970184851, -0.121, -0.021, -0.078, -0.077, -0.52, 0.126
2017-04-20 10:10:20,972, 1492675820972105043, -0.111, -0.021, -0.09, -0.067, -0.518, 0.122
2017-04-20 10:10:20,975, 1492675820974916125, -0.117, -0.014, -0.1, -0.034, -0.519, 0.101
2017-04-20 10:10:20,976, 1492675820976412666, -0.118, -0.023, -0.088, 0.02, -0.54, 0.077
2017-04-20 10:10:20,978, 1492675820978350329, -0.117, -0.032, -0.082, 0.055, -0.54, 0.069
2017-04-20 10:10:20,980, 1492675820980127337, -0.111, -0.044, -0.099, 0.101, -0.528, 0.101
2017-04-20 10:10:20,982, 1492675820982165482, -0.115, -0.038, -0.066, 0.131, -0.528, 0.106
2017-04-20 10:10:20,984, 1492675820984146896, -0.126, -0.046, -0.08, 0.167, -0.539, 0.122
2017-04-20 10:10:20,986, 1492675820986514866, -0.124, -0.043, -0.083, 0.202, -0.542, 0.106
2017-04-20 10:10:20,988, 1492675820988104917, -0.126, -0.058, -0.086, 0.213, -0.548, 0.106
2017-04-20 10:10:20,990, 1492675820990232281, -0.14, -0.047, -0.085, 0.231, -0.546, 0.122
2017-04-20 10:10:20,993, 1492675820992136937, -0.144, -0.063, -0.069, 0.262, -0.562, 0.138
2017-04-20 10:10:20,994, 1492675820994209778, -0.161, -0.07, -0.085, 0.298, -0.587, 0.154
2017-04-20 10:10:20,996, 1492675820996097104, -0.182, -0.09, -0.1, 0.353, -0.601, 0.166
2017-04-20 10:10:20,998, 1492675820998131095, -0.194, -0.087, -0.098, 0.415, -0.656, 0.182
2017-04-20 10:10:21,000, 1492675821000130299, -0.2, -0.115, -0.121, 0.489, -0.705, 0.187
2017-04-20 10:10:21,002, 1492675821002120646, -0.203, -0.117, -0.132, 0.555, -0.717, 0.227
2017-04-20 10:10:21,004, 1492675821004126056, -0.227, -0.135, -0.139, 0.618, -0.777, 0.215
2017-04-20 10:10:21,006, 1492675821006119967, -0.254, -0.153, -0.153, 0.678, -0.862, 0.239
2017-04-20 10:10:21,008, 1492675821008538357, -0.27, -0.163, -0.2, 0.751, -0.952, 0.292
2017-04-20 10:10:21,010, 1492675821010145377, -0.309, -0.191, -0.218, 0.858, -1.051, 0.304
2017-04-20 10:10:21,012, 1492675821012155209, -0.288, -0.182, -0.211, 0.953, -1.106, 0.317
2017-04-20 10:10:21,014, 1492675821014166316, -0.29, -0.194, -0.242, 1.043, -1.163, 0.325
2017-04-20 10:10:21,016, 1492675821016122708, -0.299, -0.193, -0.266, 1.11, -1.254, 0.328
2017-04-20 10:10:21,018, 1492675821018171071, -0.299, -0.198, -0.27, 1.126, -1.325, 0.325
2017-04-20 10:10:21,020, 1492675821020126658, -0.319, -0.196, -0.278, 1.099, -1.378, 0.288
2017-04-20 10:10:21,025, 1492675821022153196, -0.324, -0.191, -0.301, 1.048, -1.439, 0.247
2017-04-20 10:10:21,025, 1492675821024995693, -0.315, -0.182, -0.325, 0.972, -1.437, 0.231
2017-04-20 10:10:21,026, 1492675821026178482, -0.292, -0.175, -0.287, 0.876, -1.424, 0.166
2017-04-20 10:10:21,029, 1492675821028643579, -0.264, -0.162, -0.282, 0.796, -1.383, 0.117
2017-04-20 10:10:21,030, 1492675821030129919, -0.278, -0.158, -0.314, 0.678, -1.339, 0.081
2017-04-20 10:10:21,032, 1492675821032128412, -0.319, -0.166, -0.307, 0.634, -1.369, 0.028
2017-04-20 10:10:21,034, 1492675821034204669, -0.316, -0.155, -0.283, 0.598, -1.307, -0.049
2017-04-20 10:10:21,036, 1492675821036131754, -0.278, -0.139, -0.29, 0.588, -1.236, -0.11
2017-04-20 10:10:21,038, 1492675821038151188, -0.3, -0.163, -0.281, 0.566, -1.221, -0.085
2017-04-20 10:10:21,040, 1492675821040105204, -0.31, -0.163, -0.265, 0.542, -1.245, 0.073
2017-04-20 10:10:21,042, 1492675821042149728, -0.311, -0.151, -0.267, 0.569, -1.2, 0.154
2017-04-20 10:10:21,044, 1492675821044111240, -0.353, -0.159, -0.316, 0.598, -1.252, 0.097
2017-04-20 10:10:21,046, 1492675821046135209, -0.375, -0.167, -0.316, 0.678, -1.322, 0.207
2017-04-20 10:10:21,048, 1492675821048100163, -0.333, -0.176, -0.321, 0.735, -1.28, 0.284
2017-04-20 10:10:21,050, 1492675821050141788, -0.35, -0.168, -0.311, 0.761, -1.295, 0.398
2017-04-20 10:10:21,052, 1492675821052268117, -0.342, -0.187, -0.374, 0.859, -1.353, 0.386
2017-04-20 10:10:21,054, 1492675821054152702, -0.347, -0.184, -0.357, 0.951, -1.31, 0.401
2017-04-20 10:10:21,056, 1492675821056166569, -0.396, -0.191, -0.375, 1.058, -1.469, 0.458
2017-04-20 10:10:21,058, 1492675821058137424, -0.358, -0.182, -0.405, 1.125, -1.367, 0.393
2017-04-20 10:10:21,060, 1492675821060123354, -0.264, -0.167, -0.378, 1.154, -1.205, 0.393
2017-04-20 10:10:21,062, 1492675821062145034, -0.282, -0.178, -0.379, 1.072, -1.2, 0.373
2017-04-20 10:10:21,064, 1492675821064135132, -0.306, -0.184, -0.336, 0.97, -1.108, 0.434
2017-04-20 10:10:21,066, 1492675821066131000, -0.327, -0.154, -0.423, 0.897, -1.098, 0.373
2017-04-20 10:10:21,068, 1492675821068103646, -0.343, -0.156, -0.482, 0.802, -0.989, 0.215
2017-04-20 10:10:21,070, 1492675821070160003, -0.364, -0.144, -0.368, 0.675, -0.925, 0.235
2017-04-20 10:10:21,072, 1492675821072099670, -0.399, -0.167, -0.314, 0.675, -1.06, 0.442
2017-04-20 10:10:21,074, 1492675821074150569, -0.357, -0.168, -0.396, 0.729, -0.938, 0.511
2017-04-20 10:10:21,082, 1492675821082044381, -0.208, -0.086, -0.379, 0.944, -0.943, 0.588
2017-04-20 10:10:21,083, 1492675821083135633, -0.208, -0.102, -0.414, 0.891, -0.845, 0.52
2017-04-20 10:10:21,093, 1492675821088220246, -0.246, -0.12, -0.43, 0.934, -0.908, 0.458
2017-04-20 10:10:21,094, 1492675821094137727, -0.033, -0.065, -0.128, 1.232, -0.386, 0.458
2017-04-20 10:10:21,096, 1492675821096702079, -0.036, -0.045, -0.173, 1.131, -0.284, 0.345
2017-04-20 10:10:21,098, 1492675821098164676, -0.142, -0.064, -0.46, 0.888, -0.271, 0.309
2017-04-20 10:10:21,100, 1492675821100162229, -0.226, -0.088, -0.343, 0.848, -0.351, 0.243
2017-04-20 10:10:21,102, 1492675821102153877, -0.22, -0.047, -0.161, 0.915, -0.433, 0.336
2017-04-20 10:10:21,104, 1492675821104122654, -0.065, -0.027, -0.302, 0.976, -0.207, 0.317
2017-04-20 10:10:21,106, 1492675821106124060, 0.072, -0.048, -0.371, 0.985, -0.002, 0.442
2017-04-20 10:10:21,108, 1492675821108127566, 0.078, -0.017, -0.093, 0.944, -0.005, 0.447
2017-04-20 10:10:21,110, 1492675821110133198, 0.004, 0.026, -0.067, 0.92, -0.017, 0.417
2017-04-20 10:10:21,112, 1492675821112103330, -0.103, -0.003, -0.431, 0.895, -0.12, 0.32
2017-04-20 10:10:21,116, 1492675821116132487, -0.063, 0.017, -0.199, 1.071, -0.208, 0.336
2017-04-20 10:10:21,124, 1492675821124666908, 0.068, 0.028, -0.15, 1.1, -0.077, 0.349
2017-04-20 10:10:21,126, 1492675821126148901, -0.088, 0.086, -0.416, 0.464, -0.006, 0.43
2017-04-20 10:10:21,128, 1492675821128207502, 0.02, 0.09, -0.434, 0.471, 0.102, 0.503
2017-04-20 10:10:21,130, 1492675821130129180, 0.254, 0.117, -0.067, 0.376, 0.494, 0.45
2017-04-20 10:10:21,132, 1492675821132104393, 0.336, 0.134, -0.087, 0.261, 0.63, 0.345
2017-04-20 10:10:21,134, 1492675821134145673, 0.3, 0.135, -0.232, 0.08, 0.773, 0.345
2017-04-20 10:10:21,136, 1492675821136119909, 0.078, 0.136, -0.216, -0.017, 0.519, 0.45
2017-04-20 10:10:21,140, 1492675821140079534, -0.005, 0.122, -0.383, -0.023, 0.426, 0.353
2017-04-20 10:10:21,141, 1492675821141127859, 0.213, 0.161, -0.338, 0.012, 0.631, 0.373
2017-04-20 10:10:21,142, 1492675821142150857, 0.365, 0.22, -0.187, -0.035, 0.812, 0.401
2017-04-20 10:10:21,144, 1492675821144130454, 0.475, 0.279, 0.07, -0.224, 1.045, 0.353
2017-04-20 10:10:21,146, 1492675821146180800, 0.444, 0.284, -0.02, -0.543, 1.07, 0.498
2017-04-20 10:10:21,148, 1492675821148524007, 0.262, 0.256, -0.297, -0.802, 0.951, 0.572
2017-04-20 10:10:21,150, 1492675821150151334, 0.065, 0.215, -0.162, -0.923, 0.75, 0.487
2017-04-20 10:10:21,152, 1492675821152116255, 0.095, 0.309, -0.059, -0.94, 0.682, 0.438
2017-04-20 10:10:21,154, 1492675821154416738, 0.353, 0.277, -0.269, -0.852, 0.977, 0.381
2017-04-20 10:10:21,156, 1492675821156319358, 0.502, 0.296, -0.141, -0.883, 1.224, 0.458
2017-04-20 10:10:21,159, 1492675821159174405, 0.42, 0.339, 0.114, -1.074, 1.189, 0.39
2017-04-20 10:10:21,161, 1492675821161051016, 0.357, 0.351, -0.173, -1.198, 1.195, 0.325
2017-04-20 10:10:21,163, 1492675821163116165, 0.271, 0.314, -0.299, -1.383, 1.203, 0.409
2017-04-20 10:10:21,165, 1492675821165111895, 0.224, 0.345, -0.015, -1.603, 1.124, 0.43
2017-04-20 10:10:21,167, 1492675821167033267, 0.272, 0.321, -0.022, -1.661, 1.194, 0.263
2017-04-20 10:10:21,168, 1492675821168127546, 0.309, 0.281, -0.258, -1.716, 1.302, 0.203
2017-04-20 10:10:21,170, 1492675821170351757, 0.309, 0.294, -0.188, -1.68, 1.222, 0.36
2017-04-20 10:10:21,178, 1492675821178059001, 0.407, 0.365, -0.143, -1.725, 1.497, 0.301
2017-04-20 10:10:21,180, 1492675821179981436, 0.41, 0.361, -0.104, -1.766, 1.528, 0.39
2017-04-20 10:10:21,181, 1492675821181122802, 0.405, 0.375, -0.275, -1.904, 1.638, 0.244
2017-04-20 10:10:21,183, 1492675821183150371, 0.349, 0.396, -0.311, -1.979, 1.568, 0.187
2017-04-20 10:10:21,188, 1492675821188536036, 0.362, 0.382, -0.162, -2.046, 1.617, 0.182
2017-04-20 10:10:21,190, 1492675821190195003, 0.421, 0.436, -0.216, -2.233, 1.718, 0.215
2017-04-20 10:10:21,192, 1492675821192129337, 0.42, 0.435, -0.065, -2.302, 1.781, 0.239
2017-04-20 10:10:21,194, 1492675821194165045, 0.425, 0.433, -0.139, -2.306, 1.791, 0.227
2017-04-20 10:10:21,202, 1492675821202050999, 0.472, 0.437, -0.171, -2.677, 2.125, 0.114
2017-04-20 10:10:21,203, 1492675821203174149, 0.47, 0.441, -0.158, -2.759, 2.147, 0.085
2017-04-20 10:10:21,205, 1492675821205138630, 0.4, 0.43, -0.087, -2.81, 2.085, 0.195
2017-04-20 10:10:21,207, 1492675821207454081, 0.395, 0.445, -0.171, -2.83, 2.184, 0.138
2017-04-20 10:10:21,209, 1492675821209121144, 0.414, 0.419, -0.233, -2.813, 2.223, 0.065
2017-04-20 10:10:21,211, 1492675821211148538, 0.399, 0.401, -0.172, -2.815, 2.259, 0.052
2017-04-20 10:10:21,213, 1492675821213118612, 0.38, 0.383, -0.175, -2.786, 2.253, 0.093
2017-04-20 10:10:21,215, 1492675821215149733, 0.347, 0.382, -0.253, -2.814, 2.282, 0.093
2017-04-20 10:10:21,218, 1492675821218111695, 0.331, 0.387, -0.225, -2.867, 2.291, 0.036
2017-04-20 10:10:21,219, 1492675821219911219, 0.308, 0.393, -0.203, -2.909, 2.296, 0.065
2017-04-20 10:10:21,221, 1492675821221126498, 0.314, 0.395, -0.242, -2.958, 2.319, 0.097
2017-04-20 10:10:21,223, 1492675821223143656, 0.311, 0.391, -0.267, -2.959, 2.287, 0.097
2017-04-20 10:10:21,225, 1492675821225602931, 0.311, 0.4, -0.258, -2.954, 2.266, 0.093
2017-04-20 10:10:21,227, 1492675821227183805, 0.318, 0.392, -0.267, -2.934, 2.259, 0.069
2017-04-20 10:10:21,229, 1492675821229283687, 0.333, 0.418, -0.275, -2.924, 2.246, 0.074
2017-04-20 10:10:21,231, 1492675821231134243, 0.343, 0.429, -0.295, -2.938, 2.217, 0.057
2017-04-20 10:10:21,233, 1492675821233127977, 0.335, 0.402, -0.278, -2.944, 2.178, 0.065
2017-04-20 10:10:21,236, 1492675821235958000, 0.328, 0.392, -0.263, -2.945, 2.155, 0.073
2017-04-20 10:10:21,237, 1492675821237118058, 0.311, 0.39, -0.267, -2.93, 2.109, 0.06
2017-04-20 10:10:21,240, 1492675821239940926, 0.313, 0.395, -0.272, -2.948, 2.091, 0.012
2017-04-20 10:10:21,242, 1492675821241993782, 0.308, 0.401, -0.246, -2.966, 2.093, 0.069
2017-04-20 10:10:21,243, 1492675821243138637, 0.308, 0.395, -0.225, -3.004, 2.093, 0.077
2017-04-20 10:10:21,245, 1492675821245118172, 0.288, 0.384, -0.217, -3.027, 2.098, 0.073
2017-04-20 10:10:21,247, 1492675821247151708, 0.288, 0.396, -0.216, -3.046, 2.093, 0.049
2017-04-20 10:10:21,249, 1492675821249113347, 0.272, 0.388, -0.212, -3.057, 2.084, 0.057
2017-04-20 10:10:21,251, 1492675821251135707, 0.267, 0.397, -0.21, -3.089, 2.075, 0.044
2017-04-20 10:10:21,253, 1492675821253132521, 0.261, 0.401, -0.191, -3.128, 2.06, 0.024
2017-04-20 10:10:21,255, 1492675821255165800, 0.253, 0.41, -0.189, -3.162, 2.028, 0.052
2017-04-20 10:10:21,260, 1492675821260779197, 0.255, 0.413, -0.181, -3.19, 1.99, 0.097
2017-04-20 10:10:21,262, 1492675821262114045, 0.249, 0.416, -0.172, -3.183, 1.927, 0.077
2017-04-20 10:10:21,264, 1492675821264127928, 0.249, 0.399, -0.177, -3.154, 1.91, 0.097
2017-04-20 10:10:21,266, 1492675821266138448, 0.243, 0.411, -0.154, -3.133, 1.898, 0.093
2017-04-20 10:10:21,268, 1492675821268109786, 0.245, 0.405, -0.148, -3.112, 1.879, 0.073
2017-04-20 10:10:21,275, 1492675821275148027, 0.196, 0.354, -0.15, -3.092, 1.765, 0.077
2017-04-20 10:10:21,277, 1492675821277138635, 0.194, 0.349, -0.143, -3.073, 1.748, 0.065
2017-04-20 10:10:21,279, 1492675821279155184, 0.174, 0.349, -0.141, -3.042, 1.726, 0.044
2017-04-20 10:10:21,281, 1492675821280939384, 0.162, 0.35, -0.152, -3.0, 1.716, 0.065
2017-04-20 10:10:21,283, 1492675821283109131, 0.16, 0.336, -0.165, -2.931, 1.703, 0.065
2017-04-20 10:10:21,285, 1492675821284999891, 0.164, 0.345, -0.147, -2.847, 1.698, 0.098
2017-04-20 10:10:21,287, 1492675821287021696, 0.166, 0.325, -0.146, -2.765, 1.689, 0.098
2017-04-20 10:10:21,298, 1492675821292200297, 0.163, 0.324, -0.154, -2.648, 1.684, 0.101
2017-04-20 10:10:21,299, 1492675821298166606, 0.18, 0.286, -0.142, -2.309, 1.555, 0.125
2017-04-20 10:10:21,300, 1492675821299988458, 0.175, 0.29, -0.136, -2.261, 1.536, 0.114
2017-04-20 10:10:21,302, 1492675821302024285, 0.179, 0.28, -0.134, -2.212, 1.541, 0.105
2017-04-20 10:10:21,304, 1492675821304092478, 0.18, 0.275, -0.125, -2.146, 1.555, 0.093
2017-04-20 10:10:21,306, 1492675821306061742, 0.204, 0.255, -0.121, -2.099, 1.566, 0.093
2017-04-20 10:10:21,308, 1492675821308121988, 0.188, 0.233, -0.166, -2.048, 1.561, 0.065
2017-04-20 10:10:21,310, 1492675821310005907, 0.196, 0.256, -0.046, -2.017, 1.559, 0.105
2017-04-20 10:10:21,312, 1492675821312020969, 0.198, 0.264, -0.069, -2.085, 1.558, 0.109
2017-04-20 10:10:21,314, 1492675821314043510, 0.163, 0.241, -0.124, -2.136, 1.527, 0.098
2017-04-20 10:10:21,316, 1492675821315986750, 0.143, 0.253, -0.022, -2.157, 1.475, 0.138
2017-04-20 10:10:21,318, 1492675821318051818, 0.167, 0.261, -0.012, -2.183, 1.474, 0.109
2017-04-20 10:10:21,320, 1492675821319993127, 0.183, 0.27, -0.102, -2.232, 1.501, 0.09
2017-04-20 10:10:21,324, 1492675821324338283, 0.143, 0.246, -0.043, -2.22, 1.439, 0.101
2017-04-20 10:10:21,330, 1492675821330013719, 0.146, 0.23, -0.02, -1.968, 1.383, 0.146
2017-04-20 10:10:21,331, 1492675821331152193, 0.122, 0.193, -0.087, -1.872, 1.351, 0.154
2017-04-20 10:10:21,333, 1492675821333096163, 0.134, 0.2, -0.165, -1.79, 1.363, 0.158
2017-04-20 10:10:21,335, 1492675821335151392, 0.152, 0.211, -0.097, -1.728, 1.375, 0.158
2017-04-20 10:10:21,337, 1492675821337112242, 0.139, 0.184, -0.119, -1.682, 1.352, 0.134
2017-04-20 10:10:21,339, 1492675821339214269, 0.149, 0.174, -0.154, -1.644, 1.337, 0.158
2017-04-20 10:10:21,341, 1492675821341112315, 0.151, 0.186, -0.127, -1.622, 1.33, 0.198
2017-04-20 10:10:21,343, 1492675821343134767, 0.169, 0.19, -0.14, -1.622, 1.318, 0.162
2017-04-20 10:10:21,345, 1492675821345127695, 0.156, 0.189, -0.16, -1.624, 1.288, 0.15
2017-04-20 10:10:21,347, 1492675821347196380, 0.144, 0.185, -0.131, -1.631, 1.244, 0.195
2017-04-20 10:10:21,354, 1492675821354037995, 0.141, 0.223, -0.09, -1.695, 1.227, 0.195
2017-04-20 10:10:21,355, 1492675821355122725, 0.141, 0.24, -0.079, -1.704, 1.212, 0.223
2017-04-20 10:10:21,357, 1492675821357126346, 0.142, 0.243, -0.116, -1.722, 1.215, 0.219
2017-04-20 10:10:21,359, 1492675821359144135, 0.146, 0.232, -0.068, -1.748, 1.18, 0.195
2017-04-20 10:10:21,364, 1492675821362794830, 0.118, 0.245, -0.076, -1.762, 1.131, 0.219
2017-04-20 10:10:21,365, 1492675821364155905, 0.126, 0.23, -0.092, -1.76, 1.107, 0.215
2017-04-20 10:10:21,366, 1492675821365970451, 0.126, 0.22, -0.067, -1.764, 1.102, 0.219
2017-04-20 10:10:21,367, 1492675821367102081, 0.129, 0.218, -0.051, -1.779, 1.103, 0.22
2017-04-20 10:10:21,369, 1492675821369100051, 0.128, 0.195, -0.055, -1.783, 1.111, 0.207
2017-04-20 10:10:21,372, 1492675821372030320, 0.127, 0.198, -0.05, -1.778, 1.105, 0.211
2017-04-20 10:10:21,373, 1492675821373112780, 0.137, 0.207, -0.049, -1.775, 1.107, 0.182
2017-04-20 10:10:21,375, 1492675821375155077, 0.131, 0.212, -0.083, -1.773, 1.114, 0.203
2017-04-20 10:10:21,377, 1492675821377117150, 0.112, 0.192, -0.082, -1.775, 1.103, 0.227
2017-04-20 10:10:21,379, 1492675821379146727, 0.116, 0.205, -0.084, -1.749, 1.103, 0.247
2017-04-20 10:10:21,381, 1492675821381126515, 0.131, 0.203, -0.111, -1.717, 1.121, 0.227
2017-04-20 10:10:21,383, 1492675821383137167, 0.128, 0.209, -0.122, -1.685, 1.126, 0.215
2017-04-20 10:10:21,385, 1492675821385096377, 0.12, 0.204, -0.114, -1.656, 1.119, 0.207
2017-04-20 10:10:21,387, 1492675821387166193, 0.132, 0.201, -0.125, -1.618, 1.118, 0.227
2017-04-20 10:10:21,396, 1492675821393583440, 0.128, 0.195, -0.131, -1.595, 1.126, 0.211
2017-04-20 10:10:21,396, 1492675821396030271, 0.136, 0.193, -0.135, -1.503, 1.141, 0.174
2017-04-20 10:10:21,398, 1492675821398254293, 0.138, 0.174, -0.124, -1.459, 1.159, 0.179
2017-04-20 10:10:21,400, 1492675821400130554, 0.133, 0.171, -0.103, -1.426, 1.167, 0.166
2017-04-20 10:10:21,402, 1492675821402095709, 0.146, 0.167, -0.105, -1.396, 1.181, 0.171
2017-04-20 10:10:21,403, 1492675821403305645, 0.144, 0.173, -0.108, -1.385, 1.188, 0.154
2017-04-20 10:10:21,405, 1492675821405107137, 0.147, 0.164, -0.089, -1.376, 1.194, 0.162
2017-04-20 10:10:21,407, 1492675821407164356, 0.142, 0.157, -0.07, -1.374, 1.19, 0.146
2017-04-20 10:10:21,409, 1492675821409115292, 0.143, 0.155, -0.063, -1.376, 1.194, 0.174
2017-04-20 10:10:21,411, 1492675821411140079, 0.144, 0.174, -0.058, -1.377, 1.193, 0.187
2017-04-20 10:10:21,413, 1492675821413505859, 0.144, 0.181, -0.067, -1.383, 1.183, 0.199
2017-04-20 10:10:21,415, 1492675821415146478, 0.135, 0.169, -0.06, -1.38, 1.185, 0.215
2017-04-20 10:10:21,417, 1492675821417080219, 0.143, 0.177, -0.052, -1.378, 1.18, 0.212
2017-04-20 10:10:21,419, 1492675821419150977, 0.131, 0.188, -0.068, -1.371, 1.185, 0.215
2017-04-20 10:10:21,421, 1492675821421112592, 0.132, 0.177, -0.061, -1.368, 1.184, 0.203
2017-04-20 10:10:21,423, 1492675821423151650, 0.135, 0.173, -0.057, -1.357, 1.179, 0.207
2017-04-20 10:10:21,432, 1492675821428722987, 0.142, 0.175, -0.068, -1.346, 1.17, 0.198
2017-04-20 10:10:21,434, 1492675821434151436, 0.139, 0.15, -0.1, -1.273, 1.075, 0.198
2017-04-20 10:10:21,436, 1492675821435942512, 0.142, 0.153, -0.093, -1.261, 1.061, 0.207
2017-04-20 10:10:21,438, 1492675821438007774, 0.136, 0.138, -0.101, -1.248, 1.054, 0.187
2017-04-20 10:10:21,440, 1492675821439983192, 0.128, 0.152, -0.098, -1.239, 1.054, 0.187
2017-04-20 10:10:21,442, 1492675821442023742, 0.118, 0.16, -0.087, -1.251, 1.046, 0.187
2017-04-20 10:10:21,444, 1492675821444007521, 0.125, 0.16, -0.091, -1.261, 1.048, 0.195
2017-04-20 10:10:21,446, 1492675821446027299, 0.132, 0.151, -0.078, -1.283, 1.067, 0.179
2017-04-20 10:10:21,452, 1492675821452115161, 0.123, 0.171, -0.082, -1.37, 1.085, 0.182
2017-04-20 10:10:21,454, 1492675821453994463, 0.117, 0.184, -0.083, -1.394, 1.088, 0.171
2017-04-20 10:10:21,456, 1492675821455968002, 0.111, 0.178, -0.094, -1.422, 1.085, 0.187
2017-04-20 10:10:21,458, 1492675821458007413, 0.116, 0.179, -0.073, -1.43, 1.085, 0.199
2017-04-20 10:10:21,460, 1492675821459962006, 0.128, 0.188, -0.094, -1.439, 1.099, 0.158
2017-04-20 10:10:21,462, 1492675821461996059, 0.123, 0.189, -0.076, -1.452, 1.105, 0.195
2017-04-20 10:10:21,464, 1492675821464122050, 0.12, 0.18, -0.073, -1.464, 1.1, 0.179
2017-04-20 10:10:21,468, 1492675821468571137, 0.128, 0.189, -0.085, -1.478, 1.104, 0.187
2017-04-20 10:10:21,470, 1492675821470188460, 0.14, 0.204, -0.076, -1.541, 1.111, 0.203
2017-04-20 10:10:21,472, 1492675821472126970, 0.131, 0.181, -0.062, -1.568, 1.095, 0.187
2017-04-20 10:10:21,474, 1492675821474127206, 0.121, 0.183, -0.072, -1.586, 1.089, 0.171
2017-04-20 10:10:21,478, 1492675821478283818, 0.11, 0.184, -0.064, -1.59, 1.076, 0.179
2017-04-20 10:10:21,480, 1492675821480114294, 0.08, 0.149, -0.059, -1.563, 1.033, 0.154
2017-04-20 10:10:21,481, 1492675821481180184, 0.064, 0.149, -0.069, -1.522, 1.017, 0.142
2017-04-20 10:10:21,483, 1492675821483301879, 0.068, 0.141, -0.077, -1.49, 0.995, 0.13
2017-04-20 10:10:21,485, 1492675821485108413, 0.045, 0.114, -0.058, -1.439, 0.968, 0.163
2017-04-20 10:10:21,487, 1492675821486923592, 0.031, 0.089, -0.105, -1.369, 0.941, 0.15
2017-04-20 10:10:21,488, 1492675821488135546, 0.012, 0.101, -0.114, -1.277, 0.91, 0.182
2017-04-20 10:10:21,490, 1492675821490075598, 0.006, 0.086, -0.127, -1.184, 0.88, 0.203
2017-04-20 10:10:21,492, 1492675821492145939, 0.01, 0.074, -0.186, -1.072, 0.865, 0.279
2017-04-20 10:10:21,494, 1492675821494085773, 0.001, 0.052, -0.212, -0.977, 0.84, 0.284
2017-04-20 10:10:21,496, 1492675821496141652, -0.027, 0.053, -0.222, -0.889, 0.771, 0.252
2017-04-20 10:10:21,503, 1492675821502943988, -0.026, 0.052, -0.306, -0.583, 0.695, 0.284
2017-04-20 10:10:21,505, 1492675821505203304, -0.051, 0.033, -0.306, -0.486, 0.657, 0.317
2017-04-20 10:10:21,507, 1492675821507081510, -0.075, 0.026, -0.349, -0.414, 0.606, 0.276
2017-04-20 10:10:21,508, 1492675821508136148, -0.069, 0.021, -0.369, -0.374, 0.588, 0.336
2017-04-20 10:10:21,510, 1492675821510194557, -0.064, 0.022, -0.376, -0.322, 0.568, 0.36
2017-04-20 10:10:21,512, 1492675821512126304, -0.065, 0.009, -0.359, -0.316, 0.579, 0.377
2017-04-20 10:10:21,516, 1492675821516116592, -0.063, 0.001, -0.392, -0.323, 0.599, 0.333
2017-04-20 10:10:21,517, 1492675821517138111, -0.068, 0.008, -0.374, -0.31, 0.595, 0.35
2017-04-20 10:10:21,519, 1492675821518914104, -0.067, 0.021, -0.377, -0.31, 0.594, 0.328
2017-04-20 10:10:21,524, 1492675821524158058, -0.075, 0.001, -0.367, -0.325, 0.574, 0.345
2017-04-20 10:10:21,526, 1492675821525946028, -0.064, -0.004, -0.378, -0.339, 0.583, 0.32
2017-04-20 10:10:21,528, 1492675821527985871, -0.051, -0.01, -0.348, -0.31, 0.557, 0.3
2017-04-20 10:10:21,530, 1492675821530001326, -0.024, 0.024, -0.296, -0.313, 0.557, 0.317
2017-04-20 10:10:21,532, 1492675821531989049, -0.014, 0.036, -0.447, -0.324, 0.533, 0.336
2017-04-20 10:10:21,534, 1492675821534164525, 0.004, 0.011, -0.403, -0.422, 0.574, 0.398
2017-04-20 10:10:21,536, 1492675821536040038, -0.045, 0.023, -0.329, -0.466, 0.498, 0.446
2017-04-20 10:10:21,538, 1492675821537993969, 0.003, 0.07, -0.413, -0.449, 0.569, 0.36
2017-04-20 10:10:21,541, 1492675821541075970, 0.011, 0.07, -0.539, -0.429, 0.578, 0.369
2017-04-20 10:10:21,543, 1492675821542931955, -0.01, 0.038, -0.42, -0.478, 0.612, 0.39
2017-04-20 10:10:21,544, 1492675821544144074, -0.045, 0.019, -0.535, -0.42, 0.544, 0.409
2017-04-20 10:10:21,546, 1492675821546005208, -0.075, 0.024, -0.619, -0.432, 0.542, 0.393
2017-04-20 10:10:21,548, 1492675821548039270, -0.083, 0.047, -0.628, -0.337, 0.468, 0.357
2017-04-20 10:10:21,550, 1492675821550015180, -0.076, 0.041, -0.525, -0.237, 0.463, 0.279
2017-04-20 10:10:21,552, 1492675821552372594, -0.05, 0.029, -0.663, -0.16, 0.402, 0.333
2017-04-20 10:10:21,554, 1492675821554131175, -0.023, 0.062, -0.684, -0.064, 0.323, 0.417
2017-04-20 10:10:21,556, 1492675821556025726, 0.028, 0.066, -0.569, -0.063, 0.46, 0.366
2017-04-20 10:10:21,558, 1492675821557995481, 0.12, 0.111, -0.629, -0.056, 0.509, 0.312
2017-04-20 10:10:21,560, 1492675821560040576, 0.103, 0.148, -0.66, -0.167, 0.557, 0.304
2017-04-20 10:10:21,562, 1492675821562031867, 0.132, 0.15, -0.657, -0.271, 0.577, 0.401
2017-04-20 10:10:21,569, 1492675821565960167, 0.194, 0.177, -0.628, -0.425, 0.728, 0.442
2017-04-20 10:10:21,570, 1492675821570211856, 0.205, 0.214, -0.59, -0.731, 0.764, 0.438
2017-04-20 10:10:21,572, 1492675821572026780, 0.248, 0.262, -0.544, -0.769, 0.837, 0.426
2017-04-20 10:10:21,574, 1492675821574116759, 0.344, 0.319, -0.386, -0.968, 1.018, 0.325
2017-04-20 10:10:21,576, 1492675821576122989, 0.442, 0.337, -0.611, -1.147, 1.279, 0.263
2017-04-20 10:10:21,578, 1492675821578105601, 0.472, 0.267, -0.477, -1.342, 1.343, 0.417
2017-04-20 10:10:21,580, 1492675821580085804, 0.387, 0.401, -0.292, -1.734, 1.147, 0.431
2017-04-20 10:10:21,582, 1492675821582061589, 0.397, 0.376, -0.448, -2.071, 1.29, 0.572
2017-04-20 10:10:21,584, 1492675821584103943, 0.351, 0.383, -0.731, -2.339, 1.147, 0.799
2017-04-20 10:10:21,586, 1492675821586086690, 0.19, 0.394, -0.294, -2.639, 0.836, 1.164
2017-04-20 10:10:21,588, 1492675821588097429, 0.181, 0.387, -0.378, -2.865, 0.991, 1.104
2017-04-20 10:10:21,590, 1492675821590067970, 0.285, 0.374, -0.627, -2.89, 1.262, 1.255
2017-04-20 10:10:21,592, 1492675821592136677, 0.458, 0.547, -0.341, -3.025, 1.611, 1.275
2017-04-20 10:10:21,594, 1492675821594050922, 0.668, 0.643, -0.495, -3.108, 2.146, 1.218
2017-04-20 10:10:21,596, 1492675821596094802, 0.724, 0.6, -0.721, -2.931, 2.203, 1.234
2017-04-20 10:10:21,601, 1492675821600401810, 0.676, 0.699, -0.536, -2.902, 2.026, 0.962
2017-04-20 10:10:21,602, 1492675821602146251, 0.396, 0.533, -0.846, -3.062, 1.531, 0.747
2017-04-20 10:10:21,604, 1492675821604090063, 0.383, 0.56, -0.765, -3.046, 1.402, 1.14
2017-04-20 10:10:21,607, 1492675821607157505, 0.608, 0.625, -0.841, -3.144, 1.794, 0.958
2017-04-20 10:10:21,609, 1492675821609277401, 0.609, 0.547, -0.902, -3.234, 1.819, 0.86
2017-04-20 10:10:21,611, 1492675821611059464, 0.639, 0.566, -0.927, -3.2, 1.904, 1.132
2017-04-20 10:10:21,612, 1492675821612113049, 0.714, 0.643, -1.204, -3.086, 1.966, 1.511
2017-04-20 10:10:21,614, 1492675821614142925, 0.715, 0.708, -1.689, -2.918, 1.973, 1.186
2017-04-20 10:10:21,616, 1492675821616098984, 0.676, 0.695, -1.913, -2.316, 1.86, 0.641
2017-04-20 10:10:21,618, 1492675821618130929, 0.476, 0.559, -1.927, -1.969, 1.491, 0.479
2017-04-20 10:10:21,620, 1492675821620126846, 0.29, 0.449, -1.959, -1.828, 1.104, 0.531
2017-04-20 10:10:21,622, 1492675821622119495, 0.269, 0.432, -1.981, -1.631, 1.11, 0.954
2017-04-20 10:10:21,624, 1492675821624120567, 0.373, 0.443, -1.993, -1.664, 1.426, 0.942
2017-04-20 10:10:21,626, 1492675821626107753, 0.561, 0.465, -1.97, -1.887, 1.861, 1.27
2017-04-20 10:10:21,628, 1492675821628103471, 0.74, 0.502, -1.958, -2.056, 2.086, 0.807
2017-04-20 10:10:21,630, 1492675821630147177, 0.64, 0.514, -1.988, -2.055, 1.875, 0.637
2017-04-20 10:10:21,638, 1492675821638082184, 0.552, 0.364, -2.029, -2.096, 2.17, 0.503
2017-04-20 10:10:21,640, 1492675821640373172, 0.604, 0.306, -2.021, -2.159, 2.326, 0.82
2017-04-20 10:10:21,642, 1492675821642068012, 0.546, 0.318, -2.032, -2.276, 2.221, 0.921
2017-04-20 10:10:21,644, 1492675821644188741, 0.42, 0.374, -2.075, -2.377, 2.063, 0.739
2017-04-20 10:10:21,646, 1492675821645977957, 0.337, 0.419, -2.085, -2.457, 2.026, 0.739
2017-04-20 10:10:21,654, 1492675821654068918, 0.427, 0.394, -2.098, -2.485, 2.274, 0.91
2017-04-20 10:10:21,656, 1492675821656031479, 0.347, 0.354, -2.125, -2.482, 2.181, 0.966
2017-04-20 10:10:21,657, 1492675821657122484, 0.268, 0.369, -2.143, -2.519, 2.025, 0.84
2017-04-20 10:10:21,660, 1492675821659922900, 0.23, 0.44, -2.158, -2.673, 1.929, 0.726
2017-04-20 10:10:21,663, 1492675821663154740, 0.299, 0.393, -2.17, -2.634, 1.967, 0.731
2017-04-20 10:10:21,665, 1492675821664938801, 0.293, 0.391, -2.163, -2.609, 1.971, 0.731
2017-04-20 10:10:21,666, 1492675821666137568, 0.307, 0.358, -2.182, -2.582, 2.02, 0.669
2017-04-20 10:10:21,668, 1492675821667923450, 0.324, 0.124, -2.681, -2.938, 2.046, 0.677
2017-04-20 10:10:21,673, 1492675821673098673, 0.26, 0.361, -3.095, -4.166, 2.127, 0.727
2017-04-20 10:10:21,675, 1492675821675099645, 0.257, 0.54, -2.482, -2.982, 1.871, 0.479
2017-04-20 10:10:21,677, 1492675821677040108, 0.319, 0.405, -2.724, -3.108, 1.897, 0.669
2017-04-20 10:10:21,679, 1492675821679111686, 0.302, 0.314, -2.933, -2.972, 1.838, 0.491
2017-04-20 10:10:21,681, 1492675821681071600, 0.297, 0.394, -3.163, -2.866, 1.857, 0.556
2017-04-20 10:10:21,683, 1492675821683010974, 0.189, 0.581, -2.915, -2.897, 1.615, 0.645
2017-04-20 10:10:21,685, 1492675821685517597, 0.148, 0.578, -2.938, -2.83, 1.581, 0.584
2017-04-20 10:10:21,687, 1492675821687466605, 0.223, 0.48, -3.193, -2.89, 1.666, 0.658
2017-04-20 10:10:21,689, 1492675821689129499, 0.234, 0.384, -3.015, -2.989, 1.622, 0.658
2017-04-20 10:10:21,691, 1492675821691030337, 0.282, 0.346, -3.126, -3.043, 1.736, 0.653
2017-04-20 10:10:21,693, 1492675821693072858, 0.294, 0.409, -3.236, -3.122, 1.83, 0.658
2017-04-20 10:10:21,695, 1492675821695073713, 0.306, 0.454, -3.126, -3.167, 1.856, 0.62
2017-04-20 10:10:21,702, 1492675821700860762, 0.293, 0.449, -3.124, -3.186, 1.877, 0.625
2017-04-20 10:10:21,704, 1492675821704218044, 0.341, 0.401, -3.127, -3.124, 1.935, 0.714
2017-04-20 10:10:21,706, 1492675821706134762, 0.28, 0.429, -3.048, -3.04, 1.832, 0.767
2017-04-20 10:10:21,707, 1492675821707497633, 0.244, 0.428, -3.043, -2.967, 1.8, 0.807
2017-04-20 10:10:21,709, 1492675821709147456, 0.245, 0.437, -3.101, -2.937, 1.856, 0.791
2017-04-20 10:10:21,711, 1492675821711115915, 0.291, 0.395, -3.097, -2.857, 1.95, 0.772
2017-04-20 10:10:21,713, 1492675821712949901, 0.294, 0.363, -3.088, -2.757, 1.95, 0.734
2017-04-20 10:10:21,715, 1492675821714922018, 0.297, 0.311, -3.132, -2.757, 1.946, 0.739
2017-04-20 10:10:21,716, 1492675821716141995, 0.268, 0.331, -3.122, -2.797, 1.886, 0.726
2017-04-20 10:10:21,719, 1492675821718933765, 0.251, 0.347, -3.098, -2.735, 1.781, 0.677
2017-04-20 10:10:21,721, 1492675821720935808, 0.232, 0.321, -3.176, -2.665, 1.744, 0.653
2017-04-20 10:10:21,722, 1492675821722908981, 0.223, 0.297, -3.216, -2.603, 1.672, 0.666
2017-04-20 10:10:21,725, 1492675821724956194, 0.253, 0.253, -3.178, -2.497, 1.634, 0.649
2017-04-20 10:10:21,730, 1492675821730092755, 0.255, 0.283, -3.221, -2.158, 1.572, 0.661
2017-04-20 10:10:21,731, 1492675821731150406, 0.225, 0.307, -3.252, -2.03, 1.522, 0.653
2017-04-20 10:10:21,734, 1492675821734128109, 0.216, 0.309, -3.32, -1.924, 1.514, 0.645
2017-04-20 10:10:21,736, 1492675821735976008, 0.222, 0.3, -3.306, -1.867, 1.5, 0.661
2017-04-20 10:10:21,738, 1492675821738053644, 0.25, 0.312, -3.289, -1.816, 1.491, 0.645
2017-04-20 10:10:21,740, 1492675821740138586, 0.236, 0.32, -3.257, -1.802, 1.458, 0.617
2017-04-20 10:10:21,742, 1492675821741906328, 0.225, 0.337, -3.214, -1.84, 1.409, 0.633
2017-04-20 10:10:21,744, 1492675821743949794, 0.196, 0.333, -3.134, -1.908, 1.363, 0.625
2017-04-20 10:10:21,745, 1492675821745916285, 0.201, 0.319, -3.056, -1.996, 1.331, 0.601
2017-04-20 10:10:21,748, 1492675821747980145, 0.204, 0.31, -3.028, -2.122, 1.336, 0.601
2017-04-20 10:10:21,750, 1492675821749926629, 0.215, 0.315, -2.978, -2.291, 1.338, 0.62
2017-04-20 10:10:21,752, 1492675821751953167, 0.2, 0.324, -2.971, -2.463, 1.336, 0.604
2017-04-20 10:10:21,754, 1492675821754086322, 0.177, 0.325, -2.957, -2.653, 1.338, 0.641
2017-04-20 10:10:21,756, 1492675821755962152, 0.173, 0.33, -2.905, -2.751, 1.333, 0.674
2017-04-20 10:10:21,758, 1492675821757942005, 0.219, 0.366, -2.842, -2.882, 1.423, 0.691
2017-04-20 10:10:21,760, 1492675821759950566, 0.212, 0.38, -2.863, -3.028, 1.466, 0.661
2017-04-20 10:10:21,762, 1492675821761937095, 0.188, 0.378, -2.833, -3.056, 1.421, 0.669
2017-04-20 10:10:21,763, 1492675821763165462, 0.174, 0.38, -2.787, -3.003, 1.382, 0.698
2017-04-20 10:10:21,772, 1492675821772681120, 0.182, 0.417, -2.774, -3.05, 1.377, 0.674
2017-04-20 10:10:21,778, 1492675821778122695, 0.226, 0.393, -2.725, -2.996, 1.341, 0.678
2017-04-20 10:10:21,779, 1492675821779068081, 0.209, 0.382, -2.723, -2.966, 1.317, 0.678
2017-04-20 10:10:21,782, 1492675821781986602, 0.216, 0.393, -2.726, -2.948, 1.31, 0.661
2017-04-20 10:10:21,784, 1492675821784110272, 0.192, 0.371, -2.74, -2.888, 1.275, 0.678
2017-04-20 10:10:21,786, 1492675821785997252, 0.178, 0.361, -2.724, -2.815, 1.235, 0.669
2017-04-20 10:10:21,788, 1492675821787941195, 0.17, 0.376, -2.708, -2.733, 1.211, 0.65
2017-04-20 10:10:21,790, 1492675821789984705, 0.187, 0.395, -2.735, -2.681, 1.239, 0.669
2017-04-20 10:10:21,792, 1492675821792065419, 0.199, 0.398, -2.798, -2.529, 1.266, 0.658
2017-04-20 10:10:21,794, 1492675821794143638, 0.178, 0.401, -2.669, -2.373, 1.204, 0.658
2017-04-20 10:10:21,796, 1492675821795957825, 0.174, 0.365, -2.724, -2.302, 1.195, 0.69
2017-04-20 10:10:21,802, 1492675821802062640, 0.181, 0.34, -2.728, -2.178, 1.168, 0.674
2017-04-20 10:10:21,809, 1492675821805335475, 0.177, 0.314, -2.685, -2.171, 1.158, 0.694
2017-04-20 10:10:21,809, 1492675821807145562, 0.195, 0.27, -2.655, -2.21, 1.177, 0.694
2017-04-20 10:10:21,810, 1492675821809086399, 0.193, 0.272, -2.636, -2.208, 1.185, 0.706
2017-04-20 10:10:21,810, 1492675821810121616, 0.193, 0.27, -2.612, -2.198, 1.196, 0.699
2017-04-20 10:10:21,812, 1492675821811973157, 0.178, 0.257, -2.612, -2.193, 1.206, 0.722
2017-04-20 10:10:21,814, 1492675821814063281, 0.176, 0.277, -2.631, -2.213, 1.223, 0.706
2017-04-20 10:10:21,816, 1492675821816024411, 0.186, 0.28, -2.613, -2.204, 1.268, 0.674
2017-04-20 10:10:21,817, 1492675821817146360, 0.194, 0.286, -2.603, -2.189, 1.302, 0.698
2017-04-20 10:10:21,820, 1492675821819938881, 0.187, 0.294, -2.6, -2.187, 1.349, 0.71
2017-04-20 10:10:21,822, 1492675821821932855, 0.206, 0.308, -2.56, -2.19, 1.387, 0.694
2017-04-20 10:10:21,824, 1492675821823905363, 0.211, 0.327, -2.545, -2.211, 1.416, 0.702
2017-04-20 10:10:21,826, 1492675821825968851, 0.219, 0.325, -2.533, -2.229, 1.438, 0.722
2017-04-20 10:10:21,828, 1492675821827928667, 0.228, 0.323, -2.519, -2.232, 1.458, 0.722
2017-04-20 10:10:21,830, 1492675821829951927, 0.252, 0.318, -2.504, -2.238, 1.466, 0.739
2017-04-20 10:10:21,831, 1492675821831097505, 0.259, 0.304, -2.506, -2.229, 1.467, 0.742
2017-04-20 10:10:21,834, 1492675821833962955, 0.244, 0.296, -2.485, -2.205, 1.458, 0.747
2017-04-20 10:10:21,836, 1492675821836044229, 0.243, 0.311, -2.467, -2.192, 1.448, 0.734
2017-04-20 10:10:21,837, 1492675821837557485, 0.255, 0.315, -2.477, -2.187, 1.442, 0.742
2017-04-20 10:10:21,840, 1492675821839943132, 0.235, 0.301, -2.483, -2.187, 1.421, 0.71
2017-04-20 10:10:21,843, 1492675821842164902, 0.216, 0.318, -2.506, -2.203, 1.385, 0.682
2017-04-20 10:10:21,844, 1492675821844124701, 0.211, 0.321, -2.506, -2.222, 1.364, 0.677