2017-04-20 10:10:10,225, 1492675810225505645, -0.068, 0.017, -0.018, 0.08, -0.454, -0.024
2017-04-20 10:10:10,227, 1492675810227539174, -0.073, 0.029, 0.019, -0.131, -0.475, 0.012
2017-04-20 10:10:10,234, 1492675810232974601, -0.062, 0.034, 0.014, -0.258, -0.465, -0.008
2017-04-20 10:10:10,236, 1492675810236339608, -0.066, 0.112, 0.044, -0.659, -0.447, -0.02
2017-04-20 10:10:10,238, 1492675810238315955, -0.076, 0.11, 0.05, -0.72, -0.417, -0.053
2017-04-20 10:10:10,240, 1492675810240105988, -0.064, 0.108, 0.049, -0.739, -0.387, -0.056
2017-04-20 10:10:10,242, 1492675810242094527, -0.072, 0.102, 0.004, -0.727, -0.401, -0.028
2017-04-20 10:10:10,243, 1492675810243307833, -0.064, 0.101, 0.007, -0.689, -0.396, -0.024
2017-04-20 10:10:10,245, 1492675810245090860, -0.058, 0.095, -0.002, -0.645, -0.358, -0.053
2017-04-20 10:10:10,246, 1492675810246352691, -0.034, 0.093, -0.008, -0.565, -0.299, -0.033
2017-04-20 10:10:10,248, 1492675810248269652, -0.02, 0.06, -0.007, -0.455, -0.271, -0.024
2017-04-20 10:10:10,250, 1492675810250321407, -0.042, 0.045, -0.04, -0.322, -0.248, -0.021
2017-04-20 10:10:10,253, 1492675810252986215, -0.029, 0.03, -0.048, -0.155, -0.201, -0.029
2017-04-20 10:10:10,254, 1492675810254557177, -0.014, 0.013, -0.061, -0.011, -0.14, -0.024
2017-04-20 10:10:10,261, 1492675810261309348, 0.012, -0.06, -0.062, 0.457, 0.049, 0.016
2017-04-20 10:10:10,263, 1492675810263244412, 0.014, -0.07, -0.036, 0.564, 0.094, 0.025
2017-04-20 10:10:10,269, 1492675810268583217, 0.02, -0.079, -0.045, 0.674, 0.154, 0.036
2017-04-20 10:10:10,271, 1492675810270860223, 0.054, -0.083, -0.007, 0.688, 0.351, 0.041
2017-04-20 10:10:10,272, 1492675810272304349, 0.05, -0.075, -0.023, 0.612, 0.382, 0.041
2017-04-20 10:10:10,274, 1492675810274356953, 0.05, -0.054, 0.002, 0.519, 0.423, 0.049
2017-04-20 10:10:10,276, 1492675810276264454, 0.058, -0.04, 0.018, 0.383, 0.475, 0.016
2017-04-20 10:10:10,278, 1492675810278326909, 0.06, -0.02, 0.033, 0.229, 0.508, 0.024
2017-04-20 10:10:10,280, 1492675810280286784, 0.057, -0.009, 0.029, 0.08, 0.511, 0.033
2017-04-20 10:10:10,282, 1492675810282316734, 0.05, 0.01, 0.051, -0.071, 0.505, 0.036
2017-04-20 10:10:10,289, 1492675810289295798, 0.021, 0.057, 0.037, -0.497, 0.364, -0.005
2017-04-20 10:10:10,291, 1492675810291452533, 0.022, 0.078, 0.022, -0.552, 0.315, -0.008
2017-04-20 10:10:10,293, 1492675810293243070, 0.021, 0.087, -0.007, -0.602, 0.238, -0.021
2017-04-20 10:10:10,295, 1492675810295200775, 0.014, 0.099, -0.014, -0.631, 0.141, -0.005
2017-04-20 10:10:10,301, 1492675810300836141, -0.003, 0.092, -0.021, -0.64, 0.043, -0.024
2017-04-20 10:10:10,303, 1492675810303314137, -0.005, 0.076, -0.048, -0.506, -0.197, -0.041
2017-04-20 10:10:10,305, 1492675810305083169, -0.026, 0.055, -0.064, -0.439, -0.258, -0.041
2017-04-20 10:10:10,306, 1492675810306295542, -0.027, 0.059, -0.051, -0.353, -0.318, -0.041
2017-04-20 10:10:10,308, 1492675810308279440, -0.035, 0.032, -0.049, -0.255, -0.368, -0.024
2017-04-20 10:10:10,310, 1492675810310312982, -0.057, 0.029, -0.044, -0.135, -0.403, -0.008
2017-04-20 10:10:10,313, 1492675810313329581, -0.051, 0.01, -0.027, -0.027, -0.431, -0.016
2017-04-20 10:10:10,315, 1492675810315320757, -0.07, 0.01, -0.016, 0.106, -0.457, -0.008
2017-04-20 10:10:10,317, 1492675810317142312, -0.075, -0.013, -0.019, 0.194, -0.472, -0.005
2017-04-20 10:10:10,318, 1492675810318337806, -0.077, -0.025, -0.002, 0.268, -0.478, 0.016
2017-04-20 10:10:10,320, 1492675810320306562, -0.071, -0.026, 0.013, 0.325, -0.476, 0.0
2017-04-20 10:10:10,322, 1492675810322298103, -0.071, -0.036, 0.005, 0.371, -0.456, 0.012
2017-04-20 10:10:10,324, 1492675810324270450, -0.059, -0.046, 0.015, 0.398, -0.435, 0.016
2017-04-20 10:10:10,326, 1492675810326324545, -0.053, -0.05, 0.02, 0.414, -0.416, 0.003
2017-04-20 10:10:10,328, 1492675810328302700, -0.06, -0.058, 0.022, 0.409, -0.395, 0.008
2017-04-20 10:10:10,330, 1492675810330305975, -0.054, -0.032, 0.008, 0.398, -0.358, 0.0
2017-04-20 10:10:10,332, 1492675810332301266, -0.043, -0.032, 0.014, 0.363, -0.311, 0.003
2017-04-20 10:10:10,336, 1492675810336561695, -0.034, -0.028, 0.008, 0.237, -0.238, 0.012
2017-04-20 10:10:10,339, 1492675810338874295, -0.024, -0.019, -0.002, 0.151, -0.184, 0.003
2017-04-20 10:10:10,340, 1492675810340320612, -0.006, 0.011, -0.014, 0.032, -0.114, 0.0
2017-04-20 10:10:10,342, 1492675810342292450, -0.009, 0.023, -0.01, -0.064, -0.053, -0.013
2017-04-20 10:10:10,344, 1492675810344348116, 0.006, 0.024, -0.016, -0.176, 0.005, -0.008
2017-04-20 10:10:10,347, 1492675810347389920, 0.012, 0.043, -0.034, -0.293, 0.083, -0.013
2017-04-20 10:10:10,349, 1492675810349238892, 0.02, 0.062, -0.023, -0.359, 0.138, -0.024
2017-04-20 10:10:10,350, 1492675810350299456, 0.024, 0.052, -0.027, -0.424, 0.201, -0.013
2017-04-20 10:10:10,352, 1492675810352347188, 0.029, 0.067, -0.026, -0.465, 0.247, -0.013
2017-04-20 10:10:10,357, 1492675810357020729, 0.037, 0.067, -0.015, -0.506, 0.347, -0.016
2017-04-20 10:10:10,358, 1492675810358311359, 0.048, 0.07, -0.016, -0.485, 0.395, -0.005
2017-04-20 10:10:10,360, 1492675810360272098, 0.046, 0.068, -0.016, -0.449, 0.429, 0.0
2017-04-20 10:10:10,363, 1492675810363454435, 0.032, 0.057, -0.013, -0.396, 0.446, 0.012
2017-04-20 10:10:10,369, 1492675810368695490, 0.043, 0.031, 0.003, -0.297, 0.453, 0.012
2017-04-20 10:10:10,370, 1492675810370365423, 0.031, 0.01, 0.005, -0.005, 0.388, 0.012
2017-04-20 10:10:10,372, 1492675810372338226, 0.028, -0.011, 0.006, 0.079, 0.356, 0.033
2017-04-20 10:10:10,374, 1492675810374351500, 0.023, -0.019, -0.005, 0.172, 0.306, 0.044
2017-04-20 10:10:10,376, 1492675810376581653, 0.012, -0.021, -0.017, 0.274, 0.233, 0.028
2017-04-20 10:10:10,379, 1492675810378621504, 0.009, -0.032, -0.032, 0.344, 0.157, 0.028
2017-04-20 10:10:10,380, 1492675810380356333, 0.009, -0.04, -0.037, 0.385, 0.078, 0.033
2017-04-20 10:10:10,385, 1492675810385325375, -0.011, -0.028, -0.052, 0.351, -0.123, 0.012
2017-04-20 10:10:10,387, 1492675810387548226, -0.006, -0.031, -0.051, 0.323, -0.161, 0.008
2017-04-20 10:10:10,389, 1492675810389289995, -0.017, -0.023, -0.016, 0.228, -0.24, -0.008
2017-04-20 10:10:10,393, 1492675810393288885, -0.033, -0.009, -0.005, 0.025, -0.339, -0.021
2017-04-20 10:10:10,394, 1492675810394304997, -0.04, 0.003, -0.007, -0.021, -0.357, -0.029
2017-04-20 10:10:10,396, 1492675810396090008, -0.047, 0.02, -0.001, -0.07, -0.369, -0.024
2017-04-20 10:10:10,397, 1492675810397294784, -0.046, 0.014, 0.014, -0.143, -0.391, -0.021
2017-04-20 10:10:10,401, 1492675810401309828, -0.062, 0.041, 0.021, -0.284, -0.409, -0.024
2017-04-20 10:10:10,403, 1492675810403199226, -0.063, 0.032, 0.037, -0.306, -0.412, -0.021
2017-04-20 10:10:10,404, 1492675810404330271, -0.067, 0.049, 0.037, -0.323, -0.417, -0.012
2017-04-20 10:10:10,408, 1492675810408554208, -0.055, 0.04, 0.019, -0.328, -0.412, -0.029
2017-04-20 10:10:10,410, 1492675810410305411, -0.061, 0.054, 0.018, -0.283, -0.384, -0.016
2017-04-20 10:10:10,413, 1492675810412770926, -0.042, 0.04, -0.028, -0.243, -0.344, -0.021
2017-04-20 10:10:10,414, 1492675810414276725, -0.043, 0.039, -0.036, -0.192, -0.306, -0.008
2017-04-20 10:10:10,416, 1492675810416339201, -0.033, 0.049, -0.037, -0.142, -0.273, -0.008
2017-04-20 10:10:10,418, 1492675810418272950, -0.02, 0.034, -0.047, -0.104, -0.223, 0.0
2017-04-20 10:10:10,420, 1492675810420296120, -0.004, 0.044, -0.082, -0.066, -0.165, 0.0
2017-04-20 10:10:10,422, 1492675810422300882, 0.001, 0.024, -0.106, -0.042, -0.094, 0.0
2017-04-20 10:10:10,424, 1492675810424327517, 0.023, 0.036, -0.134, -0.036, -0.009, 0.008
2017-04-20 10:10:10,426, 1492675810426287417, 0.05, 0.03, -0.161, -0.032, 0.082, 0.008
2017-04-20 10:10:10,428, 1492675810428291206, 0.067, 0.042, -0.208, -0.052, 0.169, 0.0
2017-04-20 10:10:10,430, 1492675810430280329, 0.053, 0.036, -0.233, -0.08, 0.227, 0.008
2017-04-20 10:10:10,432, 1492675810432671144, 0.058, 0.039, -0.25, -0.106, 0.304, 0.016
2017-04-20 10:10:10,434, 1492675810434289851, 0.089, 0.056, -0.3, -0.153, 0.427, -0.005
2017-04-20 10:10:10,439, 1492675810437621699, 0.111, 0.069, -0.301, -0.197, 0.496, 0.008
2017-04-20 10:10:10,444, 1492675810444262120, 0.121, 0.081, -0.389, -0.407, 0.699, 0.02
2017-04-20 10:10:10,446, 1492675810446122133, 0.108, 0.079, -0.444, -0.406, 0.691, 0.028
2017-04-20 10:10:10,448, 1492675810448104098, 0.119, 0.088, -0.456, -0.393, 0.686, 0.036
2017-04-20 10:10:10,450, 1492675810450314324, 0.154, 0.099, -0.434, -0.388, 0.74, 0.024
2017-04-20 10:10:10,452, 1492675810452137323, 0.16, 0.1, -0.46, -0.371, 0.716, 0.024
2017-04-20 10:10:10,454, 1492675810454384062, 0.162, 0.103, -0.486, -0.379, 0.692, 0.016
2017-04-20 10:10:10,456, 1492675810456746486, 0.167, 0.106, -0.467, -0.414, 0.685, 0.02
2017-04-20 10:10:10,458, 1492675810458311228, 0.163, 0.105, -0.45, -0.476, 0.68, -0.005
2017-04-20 10:10:10,460, 1492675810460098129, 0.17, 0.107, -0.483, -0.524, 0.682, -0.005
2017-04-20 10:10:10,462, 1492675810462172148, 0.17, 0.109, -0.483, -0.573, 0.678, 0.016
2017-04-20 10:10:10,464, 1492675810464225497, 0.152, 0.105, -0.477, -0.602, 0.659, 0.012
2017-04-20 10:10:10,468, 1492675810468313662, 0.182, 0.138, -0.508, -0.535, 0.687, -0.005
2017-04-20 10:10:10,470, 1492675810470437444, 0.19, 0.146, -0.492, -0.53, 0.729, 0.008
2017-04-20 10:10:10,475, 1492675810474721447, 0.185, 0.126, -0.528, -0.531, 0.735, 0.003
2017-04-20 10:10:10,481, 1492675810481246030, 0.145, 0.118, -0.579, -0.404, 0.674, 0.028
2017-04-20 10:10:10,483, 1492675810483166731, 0.149, 0.098, -0.541, -0.391, 0.674, 0.065
2017-04-20 10:10:10,485, 1492675810485170742, 0.155, 0.097, -0.577, -0.337, 0.629, 0.016
2017-04-20 10:10:10,487, 1492675810487460418, 0.132, 0.092, -0.614, -0.253, 0.562, -0.021
2017-04-20 10:10:10,489, 1492675810489272966, 0.126, 0.093, -0.573, -0.17, 0.466, 0.069
2017-04-20 10:10:10,491, 1492675810491109469, 0.156, 0.091, -0.591, -0.121, 0.453, 0.033
2017-04-20 10:10:10,493, 1492675810493098216, 0.213, 0.102, -0.619, -0.152, 0.542, -0.061
2017-04-20 10:10:10,495, 1492675810495171993, 0.219, 0.122, -0.631, -0.215, 0.478, 0.003
2017-04-20 10:10:10,497, 1492675810497153364, 0.207, 0.12, -0.556, -0.391, 0.545, -0.021
2017-04-20 10:10:10,499, 1492675810499317798, 0.152, 0.103, -0.617, -0.573, 0.522, -0.024
2017-04-20 10:10:10,509, 1492675810501802870, 0.116, 0.127, -0.617, -0.681, 0.497, -0.02
2017-04-20 10:10:10,509, 1492675810503454828, 0.101, 0.114, -0.524, -0.784, 0.542, 0.012
2017-04-20 10:10:10,510, 1492675810509845781, 0.119, 0.127, -0.511, -0.772, 0.576, 0.012
2017-04-20 10:10:10,512, 1492675810512342642, 0.187, 0.134, -0.417, -0.587, 0.718, -0.021
2017-04-20 10:10:10,514, 1492675810514184476, 0.14, 0.118, -0.412, -0.594, 0.722, 0.024
2017-04-20 10:10:10,515, 1492675810515314281, 0.117, 0.102, -0.407, -0.576, 0.69, 0.0
2017-04-20 10:10:10,517, 1492675810517264135, 0.073, 0.068, -0.399, -0.521, 0.68, 0.033
2017-04-20 10:10:10,519, 1492675810519307674, 0.073, 0.067, -0.463, -0.355, 0.612, 0.024
2017-04-20 10:10:10,521, 1492675810521282732, 0.126, 0.085, -0.372, -0.217, 0.699, 0.0
2017-04-20 10:10:10,523, 1492675810523304078, 0.194, 0.079, -0.28, -0.067, 0.647, 0.033
2017-04-20 10:10:10,525, 1492675810525294787, 0.232, 0.086, -0.251, 0.001, 0.73, 0.036
2017-04-20 10:10:10,527, 1492675810527468352, 0.235, 0.055, -0.253, -0.049, 0.774, -0.024
2017-04-20 10:10:10,529, 1492675810529280875, 0.125, 0.025, -0.222, -0.074, 0.64, 0.077
2017-04-20 10:10:10,531, 1492675810531297590, 0.044, 0.012, -0.273, -0.096, 0.595, 0.02
2017-04-20 10:10:10,533, 1492675810533288194, -0.035, 0.0, -0.278, -0.011, 0.438, 0.028
2017-04-20 10:10:10,535, 1492675810535317577, -0.041, -0.014, -0.152, 0.068, 0.39, -0.012
2017-04-20 10:10:10,538, 1492675810538266595, 0.119, 0.019, -0.101, 0.166, 0.457, 0.085
2017-04-20 10:10:10,546, 1492675810546161455, -0.126, -0.016, -0.272, 0.0, -0.087, 0.036
2017-04-20 10:10:10,547, 1492675810547608985, -0.148, -0.012, -0.228, 0.013, -0.215, -0.013
2017-04-20 10:10:10,549, 1492675810549301040, -0.019, 0.04, -0.098, 0.023, -0.208, -0.057
2017-04-20 10:10:10,551, 1492675810551290952, 0.135, 0.07, -0.048, -0.013, -0.077, -0.005
2017-04-20 10:10:10,554, 1492675810554308953, 0.146, 0.045, -0.068, -0.192, -0.096, -0.057
2017-04-20 10:10:10,556, 1492675810556074062, 0.001, -0.008, -0.15, -0.266, -0.328, -0.037
2017-04-20 10:10:10,557, 1492675810557298204, -0.186, -0.021, -0.287, -0.161, -0.627, -0.065
2017-04-20 10:10:10,559, 1492675810559397235, -0.235, -0.005, -0.305, 0.002, -0.744, -0.021
2017-04-20 10:10:10,561, 1492675810561308520, -0.059, 0.071, -0.192, 0.169, -0.659, 0.003
2017-04-20 10:10:10,564, 1492675810564317966, 0.155, 0.08, -0.033, 0.123, -0.369, -0.013
2017-04-20 10:10:10,566, 1492675810566203689, 0.158, 0.023, -0.017, -0.036, -0.31, 0.012
2017-04-20 10:10:10,567, 1492675810567595097, -0.018, -0.011, -0.117, -0.157, -0.476, -0.041
2017-04-20 10:10:10,569, 1492675810569309901, -0.258, -0.025, -0.229, -0.122, -0.777, -0.081
2017-04-20 10:10:10,571, 1492675810571299497, -0.365, -0.006, -0.258, 0.0, -0.916, -0.069
2017-04-20 10:10:10,573, 1492675810573321841, -0.109, 0.065, -0.094, -0.001, -0.553, -0.061
2017-04-20 10:10:10,575, 1492675810575268371, 0.123, 0.058, 0.089, -0.075, -0.265, 0.016
2017-04-20 10:10:10,582, 1492675810582048657, 0.163, 0.006, 0.102, -0.204, -0.145, 0.02
2017-04-20 10:10:10,583, 1492675810583304291, -0.341, 0.039, -0.231, 0.302, -0.797, -0.086
2017-04-20 10:10:10,585, 1492675810585271963, -0.037, 0.069, -0.044, 0.343, -0.35, -0.069
2017-04-20 10:10:10,587, 1492675810587499440, 0.214, 0.009, 0.103, 0.192, -0.027, -0.041
2017-04-20 10:10:10,589, 1492675810589351835, 0.166, -0.048, 0.12, -0.014, -0.025, 0.036
2017-04-20 10:10:10,591, 1492675810591260799, -0.127, -0.103, -0.099, 0.072, -0.423, 0.041
2017-04-20 10:10:10,593, 1492675810593295058, -0.379, -0.071, -0.236, 0.317, -0.764, -0.037
2017-04-20 10:10:10,595, 1492675810595277345, -0.234, 0.061, -0.126, 0.4, -0.614, 0.0
2017-04-20 10:10:10,597, 1492675810597473597, 0.075, 0.073, 0.001, 0.292, -0.153, -0.041
2017-04-20 10:10:10,599, 1492675810599274389, 0.281, -0.023, 0.092, 0.04, 0.178, -0.029
2017-04-20 10:10:10,601, 1492675810601301298, 0.109, -0.095, -0.007, -0.082, -0.042, 0.025
2017-04-20 10:10:10,603, 1492675810603263697, -0.185, -0.059, -0.165, 0.051, -0.369, -0.024
2017-04-20 10:10:10,613, 1492675810612945352, -0.318, 0.024, -0.278, 0.282, -0.635, 0.004
2017-04-20 10:10:10,614, 1492675810614286285, -0.222, -0.085, -0.187, -0.019, -0.261, -0.033
2017-04-20 10:10:10,616, 1492675810616511329, -0.296, 0.013, -0.213, 0.336, -0.479, -0.049
2017-04-20 10:10:10,618, 1492675810618256777, -0.042, 0.135, -0.036, 0.372, -0.048, -0.073
2017-04-20 10:10:10,620, 1492675810620337300, 0.204, 0.008, 0.069, 0.207, 0.275, -0.049
2017-04-20 10:10:10,622, 1492675810622258601, 0.143, -0.167, 0.011, 0.096, 0.161, 0.024
2017-04-20 10:10:10,624, 1492675810624315222, -0.121, -0.175, -0.041, 0.207, -0.195, 0.125
2017-04-20 10:10:10,626, 1492675810626277495, -0.274, -0.03, -0.165, 0.612, -0.581, 0.097
2017-04-20 10:10:10,628, 1492675810628269087, -0.078, 0.096, -0.076, 0.706, -0.195, -0.094
2017-04-20 10:10:10,630, 1492675810630269744, 0.134, 0.027, 0.065, 0.481, 0.06, -0.13
2017-04-20 10:10:10,632, 1492675810632317018, 0.107, -0.179, 0.094, 0.273, 0.015, 0.012
2017-04-20 10:10:10,634, 1492675810634250059, -0.107, -0.246, -0.034, 0.307, -0.274, 0.02
2017-04-20 10:10:10,636, 1492675810636293557, -0.294, -0.086, -0.155, 0.624, -0.685, -0.041
2017-04-20 10:10:10,638, 1492675810638288285, -0.123, 0.081, -0.119, 0.797, -0.417, -0.126
2017-04-20 10:10:10,640, 1492675810640307049, 0.108, 0.081, 0.035, 0.625, -0.138, -0.021
2017-04-20 10:10:10,642, 1492675810642579229, 0.107, -0.112, 0.133, 0.27, -0.143, 0.052
2017-04-20 10:10:10,650, 1492675810650140386, -0.043, 0.193, 0.132, 0.248, -0.375, -0.199
2017-04-20 10:10:10,651, 1492675810651292300, 0.064, 0.03, 0.195, -0.208, -0.141, -0.097
2017-04-20 10:10:10,653, 1492675810653381814, -0.067, -0.152, 0.11, -0.509, -0.377, -0.033
2017-04-20 10:10:10,655, 1492675810655291567, -0.345, -0.154, 0.132, -0.471, -0.797, 0.033
2017-04-20 10:10:10,657, 1492675810657311575, -0.352, 0.073, 0.091, -0.226, -0.905, -0.013
2017-04-20 10:10:10,659, 1492675810659222317, -0.124, 0.216, 0.148, -0.112, -0.576, -0.094
2017-04-20 10:10:10,661, 1492675810661317480, 0.051, 0.074, 0.396, -0.342, -0.323, -0.069
2017-04-20 10:10:10,665, 1492675810665523180, -0.116, -0.177, 0.372, -0.416, -0.682, 0.017
2017-04-20 10:10:10,668, 1492675810667579475, -0.491, -0.091, 0.128, 0.235, -1.401, -0.029
2017-04-20 10:10:10,669, 1492675810669297922, -0.26, 0.109, 0.231, 0.608, -1.168, -0.183
2017-04-20 10:10:10,671, 1492675810671119826, -0.075, 0.073, 0.351, 0.675, -0.94, -0.203
2017-04-20 10:10:10,672, 1492675810672305348, -0.006, -0.124, 0.521, 0.513, -0.83, 0.036
2017-04-20 10:10:10,677, 1492675810676775837, -0.086, -0.255, 0.478, 0.508, -1.02, 0.093
2017-04-20 10:10:10,678, 1492675810678420768, -0.555, -0.14, 0.124, 1.386, -1.9, -0.041
2017-04-20 10:10:10,680, 1492675810680312546, -0.334, -0.062, 0.254, 1.681, -1.728, -0.097
2017-04-20 10:10:10,682, 1492675810682267875, -0.106, -0.191, 0.444, 1.604, -1.493, -0.086
2017-04-20 10:10:10,684, 1492675810684304697, -0.033, -0.355, 0.576, 1.414, -1.32, 0.109
2017-04-20 10:10:10,686, 1492675810686268571, -0.309, -0.386, 0.393, 1.446, -1.762, 0.101
2017-04-20 10:10:10,688, 1492675810688313954, -0.593, -0.254, 0.156, 1.597, -2.161, 0.069
2017-04-20 10:10:10,690, 1492675810690274865, -0.622, -0.171, 0.173, 1.711, -2.274, 0.052
2017-04-20 10:10:10,692, 1492675810692252611, -0.385, -0.192, 0.455, 1.617, -2.025, -0.033
2017-04-20 10:10:10,694, 1492675810694256219, -0.177, -0.299, 0.614, 1.303, -1.743, -0.005
2017-04-20 10:10:10,697, 1492675810697682343, -0.119, -0.292, 0.602, 1.083, -1.656, 0.057
2017-04-20 10:10:10,700, 1492675810700028811, -0.54, -0.172, 0.402, 0.89, -2.156, -0.089
2017-04-20 10:10:10,701, 1492675810701303402, -0.674, -0.163, 0.226, 0.801, -2.365, -0.094
2017-04-20 10:10:10,702, 1492675810702279461, -0.603, -0.209, 0.26, 0.761, -2.29, -0.037
2017-04-20 10:10:10,704, 1492675810704330545, -0.434, -0.236, 0.438, 0.706, -2.14, -0.021
2017-04-20 10:10:10,707, 1492675810707239325, -0.223, -0.184, 0.659, 0.798, -2.057, -0.021
2017-04-20 10:10:10,708, 1492675810708309108, -0.253, -0.151, 0.523, 0.923, -2.025, -0.061
2017-04-20 10:10:10,710, 1492675810710292584, -0.386, -0.099, 0.396, 1.002, -2.256, 0.02
2017-04-20 10:10:10,714, 1492675810712320771, -0.544, -0.095, 0.345, 0.906, -2.482, -0.005
2017-04-20 10:10:10,718, 1492675810718270464, -0.296, -0.103, 0.502, 0.584, -2.136, -0.102
2017-04-20 10:10:10,720, 1492675810720100961, -0.325, -0.105, 0.494, 0.577, -2.083, -0.094
2017-04-20 10:10:10,722, 1492675810722118769, -0.436, -0.128, 0.351, 0.605, -2.294, -0.041
2017-04-20 10:10:10,724, 1492675810724129288, -0.549, -0.173, 0.339, 0.615, -2.454, -0.061
2017-04-20 10:10:10,727, 1492675810727387184, -0.499, -0.194, 0.451, 0.64, -2.352, 0.02
2017-04-20 10:10:10,729, 1492675810729301995, -0.311, -0.124, 0.413, 0.814, -2.062, -0.151
2017-04-20 10:10:10,731, 1492675810731134199, -0.331, -0.157, 0.445, 0.867, -2.087, -0.13
2017-04-20 10:10:10,732, 1492675810732606689, -0.406, -0.174, 0.48, 0.949, -2.16, -0.061
2017-04-20 10:10:10,738, 1492675810738300273, -0.396, -0.21, 0.308, 1.175, -1.991, 0.02
2017-04-20 10:10:10,739, 1492675810739275868, -0.322, -0.208, 0.411, 1.287, -1.899, 0.057
2017-04-20 10:10:10,742, 1492675810742193504, -0.302, -0.222, 0.367, 1.387, -1.845, 0.097
2017-04-20 10:10:10,746, 1492675810745245160, -0.319, -0.246, 0.182, 1.502, -1.786, 0.02
2017-04-20 10:10:10,747, 1492675810747372711, -0.373, -0.262, 0.219, 1.631, -1.816, 0.036
2017-04-20 10:10:10,749, 1492675810749428791, -0.319, -0.248, 0.24, 1.675, -1.705, -0.037
2017-04-20 10:10:10,751, 1492675810751278042, -0.262, -0.246, 0.16, 1.646, -1.58, 0.016
2017-04-20 10:10:10,752, 1492675810752321831, -0.235, -0.256, 0.125, 1.555, -1.513, 0.028
2017-04-20 10:10:10,754, 1492675810754116081, -0.248, -0.247, 0.162, 1.492, -1.491, 0.036
2017-04-20 10:10:10,756, 1492675810756179314, -0.316, -0.251, 0.177, 1.398, -1.536, 0.008
2017-04-20 10:10:10,761, 1492675810761501999, -0.19, -0.166, 0.123, 1.021, -1.202, -0.021
2017-04-20 10:10:10,763, 1492675810763312392, -0.19, -0.171, 0.16, 0.926, -1.185, -0.037
2017-04-20 10:10:10,765, 1492675810765285636, -0.208, -0.164, 0.15, 0.784, -1.158, -0.021
2017-04-20 10:10:10,767, 1492675810767316744, -0.229, -0.127, 0.059, 0.642, -1.131, 0.003
2017-04-20 10:10:10,769, 1492675810769266093, -0.236, -0.092, 0.035, 0.5, -1.058, -0.024
2017-04-20 10:10:10,771, 1492675810771324061, -0.204, -0.073, 0.097, 0.378, -0.988, -0.028
2017-04-20 10:10:10,773, 1492675810773290013, -0.154, -0.068, 0.121, 0.276, -0.852, 0.012
2017-04-20 10:10:10,775, 1492675810775311975, -0.128, -0.046, 0.087, 0.193, -0.771, -0.02
2017-04-20 10:10:10,784, 1492675810780129450, -0.151, -0.031, 0.054, 0.14, -0.756, -0.065
2017-04-20 10:10:10,787, 1492675810787117005, -0.132, -0.022, 0.07, 0.058, -0.568, 0.008
2017-04-20 10:10:10,788, 1492675810788303108, -0.146, -0.014, 0.058, 0.085, -0.585, 0.0
2017-04-20 10:10:10,790, 1492675810790320944, -0.161, -0.013, 0.025, 0.138, -0.577, 0.0
2017-04-20 10:10:10,792, 1492675810792580713, -0.147, -0.029, 0.002, 0.198, -0.552, 0.008
2017-04-20 10:10:10,794, 1492675810794323476, -0.139, -0.053, 0.042, 0.275, -0.543, -0.013
2017-04-20 10:10:10,796, 1492675810796245770, -0.13, -0.051, 0.035, 0.36, -0.56, -0.049
2017-04-20 10:10:10,798, 1492675810798326064, -0.132, -0.046, 0.005, 0.432, -0.583, -0.033
2017-04-20 10:10:10,800, 1492675810800285245, -0.136, -0.075, -0.019, 0.5, -0.608, -0.008
2017-04-20 10:10:10,802, 1492675810802288251, -0.131, -0.079, -0.023, 0.538, -0.644, -0.004
2017-04-20 10:10:10,804, 1492675810804268149, -0.122, -0.094, -0.015, 0.577, -0.683, 0.008
2017-04-20 10:10:10,806, 1492675810806292562, -0.139, -0.123, -0.055, 0.597, -0.731, 0.122
2017-04-20 10:10:10,808, 1492675810808291919, -0.125, -0.096, -0.074, 0.53, -0.743, 0.296
2017-04-20 10:10:10,810, 1492675810810271388, -0.163, -0.111, -0.057, 0.53, -0.807, 0.357
2017-04-20 10:10:10,817, 1492675810816896615, -0.162, -0.108, -0.029, 0.49, -0.786, 0.296
2017-04-20 10:10:10,818, 1492675810818304631, -0.168, -0.079, -0.042, 0.436, -0.659, 0.256
2017-04-20 10:10:10,820, 1492675810820278934, -0.166, -0.072, -0.039, 0.441, -0.626, 0.215
2017-04-20 10:10:10,822, 1492675810822287035, -0.168, -0.076, -0.046, 0.451, -0.569, 0.162
2017-04-20 10:10:10,825, 1492675810824270484, -0.144, -0.072, -0.042, 0.472, -0.524, 0.097
2017-04-20 10:10:10,826, 1492675810826325754, -0.129, -0.078, -0.009, 0.486, -0.518, 0.004
2017-04-20 10:10:10,828, 1492675810828261727, -0.134, -0.064, -0.035, 0.472, -0.506, 0.0
2017-04-20 10:10:10,830, 1492675810830302543, -0.125, -0.05, -0.056, 0.408, -0.518, 0.065
2017-04-20 10:10:10,832, 1492675810832297785, -0.112, -0.044, -0.053, 0.349, -0.535, 0.125
2017-04-20 10:10:10,834, 1492675810834283273, -0.1, -0.05, -0.047, 0.289, -0.548, 0.114
2017-04-20 10:10:10,839, 1492675810839288803, -0.104, -0.03, -0.044, 0.178, -0.584, 0.142
2017-04-20 10:10:10,840, 1492675810840268421, -0.119, -0.031, -0.053, 0.168, -0.584, 0.122
2017-04-20 10:10:10,843, 1492675810843132698, -0.123, -0.015, -0.078, 0.17, -0.574, 0.101
2017-04-20 10:10:10,845, 1492675810845169789, -0.104, -0.032, -0.108, 0.187, -0.525, 0.105
2017-04-20 10:10:10,847, 1492675810847272419, -0.104, -0.021, -0.06, 0.187, -0.474, 0.133
2017-04-20 10:10:10,850, 1492675810849831167, -0.137, -0.004, -0.017, 0.135, -0.468, 0.154
2017-04-20 10:10:10,851, 1492675810851425348, -0.146, -0.027, -0.122, 0.081, -0.483, 0.13
2017-04-20 10:10:10,853, 1492675810853212144, -0.154, -0.017, -0.11, 0.058, -0.478, 0.122
2017-04-20 10:10:10,855, 1492675810855196849, -0.139, 0.015, 0.031, 0.001, -0.466, 0.093
2017-04-20 10:10:10,862, 1492675810862115967, -0.158, -0.032, -0.03, 0.0, -0.561, 0.227
2017-04-20 10:10:10,863, 1492675810863290639, -0.107, -0.032, -0.004, 0.06, -0.536, 0.255
2017-04-20 10:10:10,865, 1492675810865510334, -0.084, -0.063, -0.138, 0.14, -0.486, 0.26
2017-04-20 10:10:10,867, 1492675810867314368, -0.108, -0.073, -0.13, 0.207, -0.511, 0.263
2017-04-20 10:10:10,869, 1492675810869304728, -0.132, -0.077, -0.016, 0.263, -0.552, 0.239
2017-04-20 10:10:10,871, 1492675810871285328, -0.116, -0.067, -0.061, 0.325, -0.515, 0.174
2017-04-20 10:10:10,873, 1492675810873297355, -0.101, -0.061, -0.181, 0.369, -0.446, 0.117
2017-04-20 10:10:10,875, 1492675810875247362, -0.096, -0.066, -0.08, 0.398, -0.438, 0.077
2017-04-20 10:10:10,877, 1492675810877509608, -0.113, -0.069, 0.018, 0.419, -0.424, 0.093
2017-04-20 10:10:10,879, 1492675810879252358, -0.099, -0.063, -0.111, 0.45, -0.386, 0.085
2017-04-20 10:10:10,881, 1492675810881669850, -0.093, -0.047, -0.152, 0.466, -0.369, 0.077
2017-04-20 10:10:10,883, 1492675810883245594, -0.101, -0.058, -0.031, 0.442, -0.382, 0.074
2017-04-20 10:10:10,885, 1492675810885305866, -0.103, -0.051, -0.007, 0.399, -0.391, 0.114
2017-04-20 10:10:10,887, 1492675810887459068, -0.082, -0.061, -0.109, 0.364, -0.37, 0.179
2017-04-20 10:10:10,892, 1492675810892377993, -0.127, -0.041, -0.004, 0.306, -0.425, 0.15
2017-04-20 10:10:10,894, 1492675810894276682, -0.108, -0.045, -0.072, 0.315, -0.391, 0.174
2017-04-20 10:10:10,896, 1492675810896485978, -0.094, -0.033, -0.081, 0.326, -0.367, 0.187
2017-04-20 10:10:10,898, 1492675810898278271, -0.108, -0.047, -0.003, 0.347, -0.39, 0.097
2017-04-20 10:10:10,900, 1492675810900285756, -0.116, -0.049, -0.014, 0.354, -0.411, 0.024
2017-04-20 10:10:10,902, 1492675810902229569, -0.119, -0.048, -0.096, 0.356, -0.42, 0.057
2017-04-20 10:10:10,905, 1492675810905118181, -0.113, -0.038, -0.066, 0.334, -0.443, 0.122
2017-04-20 10:10:10,907, 1492675810907575388, -0.13, -0.039, -0.037, 0.29, -0.523, 0.179
2017-04-20 10:10:10,909, 1492675810909331094, -0.13, -0.05, -0.121, 0.285, -0.539, 0.198
2017-04-20 10:10:10,912, 1492675810911955224, -0.121, -0.044, -0.113, 0.269, -0.567, 0.243
2017-04-20 10:10:10,913, 1492675810913318385, -0.133, -0.055, -0.079, 0.257, -0.613, 0.26
2017-04-20 10:10:10,915, 1492675810915271579, -0.136, -0.054, -0.093, 0.242, -0.614, 0.268
2017-04-20 10:10:10,917, 1492675810917142681, -0.122, -0.063, -0.11, 0.221, -0.607, 0.272
2017-04-20 10:10:10,922, 1492675810922547175, -0.128, -0.046, -0.085, 0.179, -0.593, 0.227
2017-04-20 10:10:10,924, 1492675810924330012, -0.134, -0.04, -0.109, 0.067, -0.54, 0.174
2017-04-20 10:10:10,926, 1492675810926215719, -0.123, -0.029, -0.062, 0.014, -0.513, 0.13
2017-04-20 10:10:10,928, 1492675810928311261, -0.121, -0.019, -0.066, -0.021, -0.48, 0.093
2017-04-20 10:10:10,930, 1492675810930236726, -0.11, -0.011, -0.076, -0.033, -0.443, 0.036
2017-04-20 10:10:10,932, 1492675810932294129, -0.106, -0.011, -0.054, -0.041, -0.426, 0.028
2017-04-20 10:10:10,934, 1492675810934249186, -0.097, -0.013, -0.044, -0.044, -0.407, 0.003
2017-04-20 10:10:10,936, 1492675810936321233, -0.095, -0.008, -0.036, -0.039, -0.395, 0.016
2017-04-20 10:10:10,939, 1492675810938948113, -0.096, -0.001, -0.056, -0.024, -0.397, 0.041
2017-04-20 10:10:10,940, 1492675810940422129, -0.097, -0.006, -0.037, -0.017, -0.407, 0.085
2017-04-20 10:10:10,942, 1492675810942274995, -0.111, -0.013, -0.069, -0.014, -0.429, 0.085
2017-04-20 10:10:10,944, 1492675810944325260, -0.108, -0.019, -0.086, -0.019, -0.439, 0.141
2017-04-20 10:10:10,953, 1492675810953691643, -0.103, -0.022, -0.064, -0.042, -0.441, 0.187
2017-04-20 10:10:10,955, 1492675810955334065, -0.121, -0.006, -0.067, -0.065, -0.453, 0.11
2017-04-20 10:10:10,957, 1492675810957308786, -0.11, -0.011, -0.089, -0.019, -0.446, 0.125
2017-04-20 10:10:10,959, 1492675810959322512, -0.121, -0.015, -0.082, 0.024, -0.47, 0.093
2017-04-20 10:10:10,961, 1492675810961282741, -0.114, -0.02, -0.078, 0.063, -0.487, 0.105
2017-04-20 10:10:10,963, 1492675810963320520, -0.112, -0.017, -0.08, 0.117, -0.485, 0.141
2017-04-20 10:10:10,965, 1492675810965523611, -0.1, -0.026, -0.083, 0.138, -0.491, 0.15
2017-04-20 10:10:10,968, 1492675810968024497, -0.11, -0.039, -0.085, 0.15, -0.504, 0.13
2017-04-20 10:10:10,969, 1492675810969300754, -0.111, -0.037, -0.085, 0.162, -0.516, 0.133
2017-04-20 10:10:10,971, 1492675810971313180, -0.105, -0.044, -0.081, 0.184, -0.509, 0.146
2017-04-20 10:10:10,973, 1492675810973266381, -0.114, -0.05, -0.071, 0.213, -0.503, 0.122
2017-04-20 10:10:10,975, 1492675810975297761, -0.133, -0.072, -0.066, 0.247, -0.5, 0.122
2017-04-20 10:10:10,977, 1492675810977533125, -0.121, -0.082, -0.083, 0.288, -0.511, 0.13
2017-04-20 10:10:10,986, 1492675810985919256, -0.149, -0.089, -0.091, 0.378, -0.524, 0.15
2017-04-20 10:10:10,989, 1492675810989313419, -0.201, -0.124, -0.117, 0.597, -0.695, 0.223
2017-04-20 10:10:10,991, 1492675810991129292, -0.206, -0.131, -0.144, 0.644, -0.714, 0.207
2017-04-20 10:10:10,992, 1492675810992244010, -0.231, -0.146, -0.155, 0.706, -0.777, 0.212
2017-04-20 10:10:10,994, 1492675810994121456, -0.252, -0.148, -0.164, 0.748, -0.838, 0.26
2017-04-20 10:10:10,996, 1492675810996239668, -0.274, -0.169, -0.195, 0.822, -0.948, 0.32
2017-04-20 10:10:10,998, 1492675810998280175, -0.304, -0.187, -0.218, 0.896, -1.038, 0.304
2017-04-20 10:10:11,001, 1492675811000137836, -0.296, -0.2, -0.239, 0.994, -1.133, 0.317
2017-04-20 10:10:11,003, 1492675811002544098, -0.292, -0.194, -0.253, 1.068, -1.199, 0.345
2017-04-20 10:10:11,004, 1492675811004299371, -0.302, -0.198, -0.252, 1.126, -1.301, 0.365
2017-04-20 10:10:11,006, 1492675811006213420, -0.301, -0.203, -0.27, 1.12, -1.334, 0.373
2017-04-20 10:10:11,007, 1492675811007511563, -0.302, -0.197, -0.274, 1.074, -1.364, 0.365
2017-04-20 10:10:11,009, 1492675811009288007, -0.328, -0.19, -0.278, 1.018, -1.418, 0.284
2017-04-20 10:10:11,011, 1492675811011265968, -0.321, -0.19, -0.316, 0.946, -1.444, 0.231
2017-04-20 10:10:11,020, 1492675811016532898, -0.308, -0.168, -0.332, 0.873, -1.409, 0.166
2017-04-20 10:10:11,022, 1492675811022161606, -0.323, -0.151, -0.31, 0.525, -1.337, -0.061
2017-04-20 10:10:11,023, 1492675811023309453, -0.306, -0.124, -0.289, 0.495, -1.253, -0.094
2017-04-20 10:10:11,026, 1492675811026091417, -0.288, -0.124, -0.272, 0.47, -1.201, -0.089
2017-04-20 10:10:11,028, 1492675811028182623, -0.296, -0.158, -0.26, 0.451, -1.233, 0.02
2017-04-20 10:10:11,034, 1492675811034088621, -0.377, -0.156, -0.342, 0.6, -1.328, 0.15
2017-04-20 10:10:11,035, 1492675811035291873, -0.379, -0.166, -0.337, 0.689, -1.357, 0.247
2017-04-20 10:10:11,037, 1492675811037475754, -0.332, -0.188, -0.306, 0.765, -1.329, 0.373
2017-04-20 10:10:11,039, 1492675811039300125, -0.344, -0.194, -0.347, 0.852, -1.377, 0.45
2017-04-20 10:10:11,041, 1492675811041281806, -0.327, -0.207, -0.408, 0.951, -1.31, 0.438
2017-04-20 10:10:11,044, 1492675811044219413, -0.398, -0.195, -0.375, 1.119, -1.491, 0.45
2017-04-20 10:10:11,045, 1492675811045247206, -0.373, -0.165, -0.375, 1.154, -1.423, 0.471
2017-04-20 10:10:11,047, 1492675811047291733, -0.293, -0.168, -0.41, 1.192, -1.261, 0.385
2017-04-20 10:10:11,049, 1492675811049476671, -0.299, -0.209, -0.43, 1.13, -1.185, 0.325
2017-04-20 10:10:11,051, 1492675811051345846, -0.319, -0.211, -0.309, 1.039, -1.205, 0.373
2017-04-20 10:10:11,056, 1492675811056553460, -0.31, -0.132, -0.489, 0.798, -0.97, 0.471
2017-04-20 10:10:11,058, 1492675811058307818, -0.358, -0.121, -0.359, 0.68, -0.899, 0.203
2017-04-20 10:10:11,060, 1492675811060256541, -0.416, -0.174, -0.266, 0.648, -1.032, 0.382
2017-04-20 10:10:11,062, 1492675811062283933, -0.368, -0.186, -0.4, 0.759, -0.943, 0.503
2017-04-20 10:10:11,064, 1492675811064323634, -0.327, -0.139, -0.437, 0.938, -1.025, 0.479
2017-04-20 10:10:11,066, 1492675811066316121, -0.251, -0.082, -0.303, 1.061, -0.953, 0.373
2017-04-20 10:10:11,068, 1492675811068293737, -0.184, -0.095, -0.269, 1.067, -0.819, 0.523
2017-04-20 10:10:11,070, 1492675811070323447, -0.199, -0.083, -0.377, 0.918, -0.894, 0.653
2017-04-20 10:10:11,072, 1492675811072307661, -0.237, -0.1, -0.424, 0.847, -0.827, 0.58
2017-04-20 10:10:11,074, 1492675811074307556, -0.265, -0.108, -0.426, 0.948, -0.864, 0.366
2017-04-20 10:10:11,076, 1492675811076245892, -0.26, -0.053, -0.324, 1.075, -0.853, 0.373
2017-04-20 10:10:11,078, 1492675811078295217, -0.219, -0.102, -0.442, 1.204, -0.714, 0.414
2017-04-20 10:10:11,080, 1492675811080264956, -0.144, -0.158, -0.425, 1.35, -0.689, 0.498
2017-04-20 10:10:11,082, 1492675811082506917, -0.046, -0.103, -0.164, 1.312, -0.438, 0.43
2017-04-20 10:10:11,084, 1492675811084338370, -0.049, -0.068, -0.153, 1.259, -0.345, 0.353
2017-04-20 10:10:11,086, 1492675811086314431, -0.093, -0.037, -0.431, 1.018, -0.262, 0.377
2017-04-20 10:10:11,089, 1492675811088664599, -0.205, -0.08, -0.385, 0.848, -0.296, 0.252
2017-04-20 10:10:11,090, 1492675811090304085, -0.261, -0.066, -0.159, 0.845, -0.452, 0.3
2017-04-20 10:10:11,092, 1492675811092547468, -0.096, -0.056, -0.318, 0.942, -0.257, 0.304
2017-04-20 10:10:11,094, 1492675811094299801, 0.072, -0.049, -0.404, 1.03, -0.022, 0.414
2017-04-20 10:10:11,096, 1492675811096255760, 0.103, -0.003, -0.143, 1.019, -0.002, 0.398
2017-04-20 10:10:11,098, 1492675811098307776, 0.053, 0.021, -0.027, 0.959, 0.023, 0.406
2017-04-20 10:10:11,100, 1492675811100253820, -0.086, -0.013, -0.39, 0.908, -0.084, 0.353
2017-04-20 10:10:11,102, 1492675811102290828, -0.148, -0.024, -0.475, 0.958, -0.159, 0.369
2017-04-20 10:10:11,104, 1492675811104328779, -0.143, -0.007, -0.252, 1.048, -0.276, 0.39
2017-04-20 10:10:11,106, 1492675811106298092, 0.101, 0.071, -0.142, 1.114, -0.05, 0.349
2017-04-20 10:10:11,108, 1492675811108261548, 0.325, 0.076, -0.293, 0.859, 0.316, 0.426
2017-04-20 10:10:11,110, 1492675811110274835, 0.231, 0.075, -0.221, 0.512, 0.268, 0.523
2017-04-20 10:10:11,112, 1492675811112291543, 0.007, 0.06, -0.132, 0.397, 0.076, 0.438
2017-04-20 10:10:11,114, 1492675811114379700, -0.114, 0.085, -0.411, 0.389, -0.039, 0.401
2017-04-20 10:10:11,116, 1492675811116305611, -0.028, 0.112, -0.477, 0.394, 0.035, 0.482
2017-04-20 10:10:11,118, 1492675811118311276, 0.21, 0.142, -0.121, 0.316, 0.406, 0.377
2017-04-20 10:10:11,121, 1492675811120679906, 0.365, 0.137, -0.036, 0.189, 0.672, 0.32
2017-04-20 10:10:11,126, 1492675811126423564, 0.349, 0.129, -0.195, 0.027, 0.839, 0.328
2017-04-20 10:10:11,128, 1492675811128305197, -0.038, 0.13, -0.415, -0.018, 0.384, 0.365
2017-04-20 10:10:11,130, 1492675811130249280, 0.201, 0.175, -0.328, -0.003, 0.599, 0.36
2017-04-20 10:10:11,132, 1492675811132355686, 0.485, 0.258, 0.054, -0.215, 1.029, 0.337
2017-04-20 10:10:11,134, 1492675811134305160, 0.473, 0.308, 0.076, -0.541, 1.058, 0.447
2017-04-20 10:10:11,136, 1492675811136259755, 0.35, 0.287, -0.209, -0.848, 1.026, 0.547
2017-04-20 10:10:11,138, 1492675811138285672, 0.119, 0.249, -0.236, -0.987, 0.771, 0.458
2017-04-20 10:10:11,145, 1492675811145414477, 0.51, 0.332, 0.099, -1.065, 1.302, 0.462
2017-04-20 10:10:11,147, 1492675811147233381, 0.496, 0.38, 0.188, -1.092, 1.239, 0.418
2017-04-20 10:10:11,149, 1492675811149255180, 0.342, 0.36, -0.166, -1.251, 1.219, 0.325
2017-04-20 10:10:11,151, 1492675811151337047, 0.268, 0.316, -0.281, -1.421, 1.207, 0.426
2017-04-20 10:10:11,160, 1492675811156772783, 0.22, 0.353, -0.029, -1.609, 1.107, 0.434
2017-04-20 10:10:11,160, 1492675811159319679, 0.283, 0.295, -0.093, -1.644, 1.197, 0.381
2017-04-20 10:10:11,161, 1492675811161115114, 0.313, 0.336, 0.02, -1.539, 1.223, 0.365
2017-04-20 10:10:11,162, 1492675811162288718, 0.389, 0.365, -0.175, -1.525, 1.406, 0.158
2017-04-20 10:10:11,169, 1492675811169272499, 0.426, 0.379, -0.279, -1.863, 1.674, 0.26
2017-04-20 10:10:11,170, 1492675811170283794, 0.407, 0.367, -0.349, -1.915, 1.647, 0.207
2017-04-20 10:10:11,173, 1492675811173114306, 0.348, 0.389, -0.214, -1.964, 1.58, 0.162
2017-04-20 10:10:11,175, 1492675811175163161, 0.373, 0.4, -0.15, -2.02, 1.682, 0.219
2017-04-20 10:10:11,177, 1492675811177094954, 0.402, 0.414, -0.288, -2.131, 1.71, 0.195
2017-04-20 10:10:11,179, 1492675811179295070, 0.422, 0.423, -0.184, -2.2, 1.75, 0.212
2017-04-20 10:10:11,181, 1492675811181083603, 0.43, 0.44, -0.038, -2.243, 1.785, 0.247
2017-04-20 10:10:11,183, 1492675811183183067, 0.43, 0.437, -0.177, -2.255, 1.857, 0.166
2017-04-20 10:10:11,189, 1492675811189351642, 0.439, 0.435, -0.169, -2.312, 1.91, 0.089
2017-04-20 10:10:11,191, 1492675811191516540, 0.471, 0.407, -0.193, -2.71, 2.154, 0.097
2017-04-20 10:10:11,193, 1492675811193270979, 0.435, 0.432, -0.082, -2.755, 2.147, 0.133
2017-04-20 10:10:11,195, 1492675811195289991, 0.41, 0.435, -0.104, -2.8, 2.146, 0.138
2017-04-20 10:10:11,198, 1492675811197502942, 0.409, 0.418, -0.233, -2.803, 2.237, 0.101
2017-04-20 10:10:11,200, 1492675811200378227, 0.407, 0.391, -0.161, -2.755, 2.276, 0.057
2017-04-20 10:10:11,202, 1492675811202182511, 0.377, 0.375, -0.169, -2.746, 2.279, 0.052
2017-04-20 10:10:11,204, 1492675811204450905, 0.356, 0.38, -0.258, -2.79, 2.3, 0.057
2017-04-20 10:10:11,206, 1492675811206304677, 0.331, 0.384, -0.237, -2.832, 2.287, 0.044
2017-04-20 10:10:11,208, 1492675811208101387, 0.32, 0.4, -0.202, -2.899, 2.313, 0.065
2017-04-20 10:10:11,210, 1492675811210090445, 0.315, 0.4, -0.25, -2.964, 2.329, 0.073
2017-04-20 10:10:11,211, 1492675811211290443, 0.312, 0.394, -0.262, -2.995, 2.307, 0.098
2017-04-20 10:10:11,213, 1492675811213279548, 0.311, 0.402, -0.273, -2.998, 2.287, 0.105
2017-04-20 10:10:11,215, 1492675811215309835, 0.321, 0.401, -0.262, -2.979, 2.279, 0.052
2017-04-20 10:10:11,217, 1492675811217420386, 0.318, 0.402, -0.289, -2.95, 2.239, 0.049
2017-04-20 10:10:11,219, 1492675811219542336, 0.352, 0.429, -0.278, -2.964, 2.253, 0.049
2017-04-20 10:10:11,221, 1492675811221277784, 0.334, 0.413, -0.277, -2.958, 2.189, 0.057
2017-04-20 10:10:11,223, 1492675811223302043, 0.333, 0.404, -0.26, -2.96, 2.152, 0.044
2017-04-20 10:10:11,229, 1492675811228749759, 0.313, 0.4, -0.276, -2.95, 2.103, 0.028
2017-04-20 10:10:11,230, 1492675811230289036, 0.296, 0.382, -0.233, -2.976, 2.045, 0.057
2017-04-20 10:10:11,232, 1492675811232242972, 0.295, 0.397, -0.241, -3.018, 2.061, 0.044
2017-04-20 10:10:11,234, 1492675811234308642, 0.295, 0.399, -0.225, -3.057, 2.067, 0.065
2017-04-20 10:10:11,236, 1492675811236269804, 0.278, 0.397, -0.189, -3.093, 2.06, 0.057
2017-04-20 10:10:11,238, 1492675811238308840, 0.267, 0.4, -0.204, -3.118, 2.057, 0.036
2017-04-20 10:10:11,240, 1492675811240299569, 0.265, 0.403, -0.209, -3.158, 2.036, 0.024
2017-04-20 10:10:11,243, 1492675811242319266, 0.238, 0.41, -0.181, -3.2, 2.011, 0.044
2017-04-20 10:10:11,244, 1492675811244267611, 0.252, 0.409, -0.199, -3.231, 1.978, 0.057
2017-04-20 10:10:11,246, 1492675811246304283, 0.252, 0.425, -0.196, -3.247, 1.938, 0.077
2017-04-20 10:10:11,248, 1492675811248268652, 0.259, 0.424, -0.168, -3.233, 1.913, 0.093
2017-04-20 10:10:11,251, 1492675811251218764, 0.255, 0.42, -0.177, -3.215, 1.897, 0.089
2017-04-20 10:10:11,253, 1492675811253191400, 0.25, 0.406, -0.175, -3.176, 1.882, 0.085
2017-04-20 10:10:11,254, 1492675811254310590, 0.237, 0.4, -0.142, -3.149, 1.873, 0.077
2017-04-20 10:10:11,256, 1492675811256335808, 0.249, 0.393, -0.145, -3.138, 1.862, 0.073
2017-04-20 10:10:11,259, 1492675811259354785, 0.227, 0.389, -0.16, -3.144, 1.835, 0.044
2017-04-20 10:10:11,261, 1492675811261201307, 0.22, 0.368, -0.139, -3.149, 1.812, 0.052
2017-04-20 10:10:11,263, 1492675811263327745, 0.195, 0.375, -0.152, -3.131, 1.767, 0.057
2017-04-20 10:10:11,265, 1492675811265126385, 0.18, 0.356, -0.17, -3.1, 1.749, 0.041
2017-04-20 10:10:11,267, 1492675811267462416, 0.172, 0.361, -0.16, -3.047, 1.712, 0.041
2017-04-20 10:10:11,269, 1492675811269256381, 0.16, 0.345, -0.16, -2.971, 1.703, 0.049
2017-04-20 10:10:11,270, 1492675811270305554, 0.159, 0.345, -0.175, -2.898, 1.71, 0.06
2017-04-20 10:10:11,272, 1492675811272303252, 0.159, 0.328, -0.154, -2.822, 1.711, 0.073
2017-04-20 10:10:11,274, 1492675811274343691, 0.171, 0.329, -0.149, -2.709, 1.71, 0.093
2017-04-20 10:10:11,276, 1492675811276297735, 0.162, 0.315, -0.164, -2.591, 1.7, 0.077
2017-04-20 10:10:11,278, 1492675811278279961, 0.161, 0.306, -0.157, -2.469, 1.687, 0.081
2017-04-20 10:10:11,280, 1492675811280330915, 0.17, 0.296, -0.159, -2.376, 1.654, 0.085
2017-04-20 10:10:11,283, 1492675811282616687, 0.172, 0.289, -0.149, -2.329, 1.625, 0.077
2017-04-20 10:10:11,284, 1492675811284267373, 0.178, 0.283, -0.16, -2.284, 1.594, 0.117
2017-04-20 10:10:11,286, 1492675811286333475, 0.177, 0.289, -0.141, -2.259, 1.57, 0.122
2017-04-20 10:10:11,289, 1492675811288250251, 0.18, 0.282, -0.135, -2.204, 1.552, 0.085
2017-04-20 10:10:11,292, 1492675811292551471, 0.2, 0.255, -0.118, -2.101, 1.559, 0.085
2017-04-20 10:10:11,297, 1492675811297014190, 0.2, 0.243, -0.127, -2.039, 1.573, 0.081
2017-04-20 10:10:11,301, 1492675811301288535, 0.163, 0.22, -0.117, -2.07, 1.532, 0.101
2017-04-20 10:10:11,302, 1492675811302275407, 0.149, 0.213, -0.091, -2.087, 1.499, 0.097
2017-04-20 10:10:11,305, 1492675811305529965, 0.149, 0.251, 0.025, -2.121, 1.472, 0.114
2017-04-20 10:10:11,307, 1492675811307512177, 0.168, 0.267, -0.094, -2.189, 1.494, 0.081
2017-04-20 10:10:11,309, 1492675811309261820, 0.166, 0.244, -0.067, -2.215, 1.467, 0.109
2017-04-20 10:10:11,311, 1492675811311281340, 0.131, 0.235, 0.02, -2.178, 1.394, 0.089
2017-04-20 10:10:11,313, 1492675811313312064, 0.134, 0.244, -0.062, -2.126, 1.384, 0.109
2017-04-20 10:10:11,315, 1492675811315148449, 0.141, 0.255, -0.154, -2.047, 1.404, 0.101
2017-04-20 10:10:11,317, 1492675811317146799, 0.136, 0.239, -0.052, -1.976, 1.386, 0.138
2017-04-20 10:10:11,319, 1492675811319122515, 0.129, 0.213, -0.065, -1.903, 1.36, 0.13
2017-04-20 10:10:11,321, 1492675811321183896, 0.13, 0.205, -0.148, -1.825, 1.363, 0.146
2017-04-20 10:10:11,323, 1492675811323227421, 0.151, 0.209, -0.114, -1.769, 1.376, 0.162
2017-04-20 10:10:11,329, 1492675811328520505, 0.141, 0.207, -0.097, -1.723, 1.36, 0.141
2017-04-20 10:10:11,331, 1492675811330264998, 0.159, 0.19, -0.125, -1.67, 1.336, 0.179
2017-04-20 10:10:11,333, 1492675811333155766, 0.158, 0.204, -0.17, -1.666, 1.314, 0.125
2017-04-20 10:10:11,334, 1492675811334248536, 0.156, 0.204, -0.166, -1.659, 1.276, 0.15
2017-04-20 10:10:11,336, 1492675811336292457, 0.157, 0.207, -0.109, -1.669, 1.264, 0.212
2017-04-20 10:10:11,338, 1492675811338431813, 0.156, 0.204, -0.133, -1.69, 1.26, 0.211
2017-04-20 10:10:11,346, 1492675811346131634, 0.152, 0.241, -0.107, -1.776, 1.207, 0.207
2017-04-20 10:10:11,347, 1492675811347725571, 0.142, 0.246, -0.088, -1.802, 1.173, 0.195
2017-04-20 10:10:11,349, 1492675811349276165, 0.121, 0.233, -0.068, -1.825, 1.138, 0.223
2017-04-20 10:10:11,351, 1492675811351289481, 0.12, 0.221, -0.089, -1.831, 1.131, 0.223
2017-04-20 10:10:11,353, 1492675811353287391, 0.127, 0.233, -0.082, -1.835, 1.122, 0.207
2017-04-20 10:10:11,355, 1492675811355547338, 0.121, 0.217, -0.061, -1.841, 1.118, 0.211
2017-04-20 10:10:11,364, 1492675811357481391, 0.116, 0.199, -0.067, -1.838, 1.114, 0.207
2017-04-20 10:10:11,364, 1492675811359251954, 0.122, 0.209, -0.07, -1.818, 1.123, 0.182
2017-04-20 10:10:11,364, 1492675811364374364, 0.12, 0.213, -0.064, -1.799, 1.114, 0.179
2017-04-20 10:10:11,366, 1492675811366245372, 0.117, 0.194, -0.096, -1.744, 1.087, 0.219
2017-04-20 10:10:11,369, 1492675811368255353, 0.131, 0.196, -0.077, -1.724, 1.089, 0.215
2017-04-20 10:10:11,370, 1492675811370259922, 0.122, 0.201, -0.104, -1.685, 1.093, 0.223
2017-04-20 10:10:11,372, 1492675811372374646, 0.122, 0.192, -0.118, -1.646, 1.093, 0.207
2017-04-20 10:10:11,374, 1492675811374263115, 0.124, 0.196, -0.114, -1.598, 1.11, 0.19
2017-04-20 10:10:11,376, 1492675811376284137, 0.12, 0.189, -0.116, -1.563, 1.126, 0.203
2017-04-20 10:10:11,378, 1492675811378255716, 0.134, 0.191, -0.11, -1.529, 1.133, 0.182
2017-04-20 10:10:11,380, 1492675811380260497, 0.138, 0.201, -0.11, -1.499, 1.142, 0.198
2017-04-20 10:10:11,382, 1492675811382246089, 0.141, 0.186, -0.118, -1.471, 1.155, 0.182
2017-04-20 10:10:11,387, 1492675811386333678, 0.14, 0.161, -0.105, -1.408, 1.161, 0.171
2017-04-20 10:10:11,388, 1492675811388316687, 0.143, 0.162, -0.105, -1.378, 1.169, 0.171
2017-04-20 10:10:11,390, 1492675811390178938, 0.139, 0.161, -0.092, -1.354, 1.179, 0.138
2017-04-20 10:10:11,391, 1492675811391264773, 0.14, 0.16, -0.102, -1.329, 1.188, 0.133
2017-04-20 10:10:11,396, 1492675811396736139, 0.147, 0.162, -0.089, -1.321, 1.189, 0.138
2017-04-20 10:10:11,398, 1492675811398245358, 0.149, 0.165, -0.062, -1.312, 1.208, 0.141
2017-04-20 10:10:11,400, 1492675811400313827, 0.141, 0.161, -0.065, -1.322, 1.203, 0.158
2017-04-20 10:10:11,402, 1492675811402714577, 0.127, 0.174, -0.061, -1.328, 1.19, 0.166
2017-04-20 10:10:11,404, 1492675811404324501, 0.139, 0.174, -0.062, -1.332, 1.185, 0.187
2017-04-20 10:10:11,406, 1492675811406236049, 0.125, 0.171, -0.066, -1.34, 1.188, 0.203
2017-04-20 10:10:11,408, 1492675811408254447, 0.135, 0.173, -0.062, -1.344, 1.18, 0.187
2017-04-20 10:10:11,410, 1492675811410291224, 0.139, 0.179, -0.054, -1.34, 1.173, 0.19
2017-04-20 10:10:11,412, 1492675811412271493, 0.136, 0.171, -0.067, -1.326, 1.166, 0.162
2017-04-20 10:10:11,414, 1492675811414250172, 0.152, 0.164, -0.06, -1.316, 1.152, 0.174
2017-04-20 10:10:11,416, 1492675811416330074, 0.143, 0.161, -0.077, -1.309, 1.127, 0.179
2017-04-20 10:10:11,418, 1492675811418290475, 0.13, 0.15, -0.077, -1.299, 1.102, 0.174
2017-04-20 10:10:11,420, 1492675811420298526, 0.137, 0.148, -0.08, -1.286, 1.087, 0.174
2017-04-20 10:10:11,422, 1492675811422511303, 0.144, 0.15, -0.082, -1.27, 1.065, 0.182
2017-04-20 10:10:11,424, 1492675811424258658, 0.145, 0.142, -0.091, -1.268, 1.046, 0.162
2017-04-20 10:10:11,429, 1492675811427554929, 0.137, 0.142, -0.101, -1.265, 1.042, 0.162
2017-04-20 10:10:11,432, 1492675811432831545, 0.133, 0.151, -0.098, -1.272, 1.047, 0.162
2017-04-20 10:10:11,434, 1492675811434252539, 0.116, 0.156, -0.103, -1.306, 1.052, 0.141
2017-04-20 10:10:11,436, 1492675811436357115, 0.128, 0.168, -0.096, -1.321, 1.059, 0.166
2017-04-20 10:10:11,438, 1492675811438293936, 0.109, 0.165, -0.108, -1.352, 1.072, 0.154
2017-04-20 10:10:11,440, 1492675811440323513, 0.11, 0.172, -0.103, -1.395, 1.066, 0.158
2017-04-20 10:10:11,442, 1492675811442690887, 0.117, 0.165, -0.079, -1.438, 1.062, 0.158
2017-04-20 10:10:11,444, 1492675811444406667, 0.12, 0.176, -0.09, -1.469, 1.08, 0.171
2017-04-20 10:10:11,446, 1492675811446250475, 0.125, 0.19, -0.082, -1.495, 1.089, 0.166
2017-04-20 10:10:11,448, 1492675811448309173, 0.128, 0.18, -0.091, -1.51, 1.09, 0.158
2017-04-20 10:10:11,450, 1492675811450270805, 0.125, 0.181, -0.075, -1.525, 1.089, 0.166
2017-04-20 10:10:11,452, 1492675811452300774, 0.13, 0.191, -0.093, -1.533, 1.093, 0.158
2017-04-20 10:10:11,454, 1492675811454244437, 0.128, 0.187, -0.085, -1.543, 1.112, 0.141
2017-04-20 10:10:11,456, 1492675811456325713, 0.142, 0.201, -0.077, -1.562, 1.118, 0.141
2017-04-20 10:10:11,458, 1492675811458274823, 0.135, 0.188, -0.057, -1.592, 1.117, 0.171
2017-04-20 10:10:11,464, 1492675811464089420, 0.124, 0.177, -0.054, -1.609, 1.112, 0.162
2017-04-20 10:10:11,466, 1492675811466259392, 0.062, 0.15, -0.071, -1.576, 1.024, 0.133
2017-04-20 10:10:11,468, 1492675811468328620, 0.043, 0.129, -0.065, -1.525, 0.986, 0.141
2017-04-20 10:10:11,470, 1492675811470113084, 0.03, 0.126, -0.088, -1.456, 0.957, 0.13
2017-04-20 10:10:11,472, 1492675811472145735, 0.03, 0.097, -0.096, -1.359, 0.927, 0.171
2017-04-20 10:10:11,481, 1492675811481267345, -0.029, 0.049, -0.254, -0.911, 0.751, 0.263
2017-04-20 10:10:11,483, 1492675811483106108, -0.045, 0.059, -0.269, -0.851, 0.747, 0.271
2017-04-20 10:10:11,485, 1492675811485113611, -0.03, 0.064, -0.268, -0.756, 0.731, 0.272
2017-04-20 10:10:11,487, 1492675811487125717, -0.014, 0.061, -0.278, -0.688, 0.73, 0.263
2017-04-20 10:10:11,489, 1492675811489138755, -0.036, 0.035, -0.296, -0.596, 0.695, 0.272
2017-04-20 10:10:11,491, 1492675811491176794, -0.07, 0.015, -0.328, -0.507, 0.647, 0.272
2017-04-20 10:10:11,493, 1492675811493558101, -0.074, 0.022, -0.376, -0.414, 0.613, 0.288
2017-04-20 10:10:11,495, 1492675811495313115, -0.081, 0.016, -0.379, -0.338, 0.597, 0.309
2017-04-20 10:10:11,497, 1492675811497610680, -0.061, 0.005, -0.355, -0.329, 0.596, 0.328
2017-04-20 10:10:11,499, 1492675811499304987, -0.061, 0.007, -0.376, -0.328, 0.591, 0.341
2017-04-20 10:10:11,501, 1492675811501087207, -0.075, -0.009, -0.39, -0.329, 0.599, 0.341
2017-04-20 10:10:11,503, 1492675811503125645, -0.077, 0.005, -0.39, -0.324, 0.587, 0.325
2017-04-20 10:10:11,505, 1492675811505106979, -0.093, 0.017, -0.401, -0.322, 0.565, 0.333
2017-04-20 10:10:11,507, 1492675811507161883, -0.1, -0.001, -0.385, -0.338, 0.574, 0.312
2017-04-20 10:10:11,514, 1492675811514099635, -0.018, 0.037, -0.287, -0.292, 0.607, 0.284
2017-04-20 10:10:11,515, 1492675811515296846, -0.008, 0.036, -0.403, -0.318, 0.574, 0.264
2017-04-20 10:10:11,517, 1492675811517305207, -0.019, 0.024, -0.467, -0.365, 0.561, 0.341
2017-04-20 10:10:11,519, 1492675811519296717, -0.023, 0.024, -0.355, -0.416, 0.566, 0.398
2017-04-20 10:10:11,521, 1492675811521234341, -0.018, 0.058, -0.385, -0.496, 0.549, 0.43
2017-04-20 10:10:11,523, 1492675811523299833, 0.03, 0.063, -0.492, -0.524, 0.679, 0.333
2017-04-20 10:10:11,528, 1492675811525247247, 0.019, 0.063, -0.512, -0.476, 0.652, 0.288
2017-04-20 10:10:11,528, 1492675811528430330, -0.035, 0.062, -0.472, -0.465, 0.567, 0.381
2017-04-20 10:10:11,530, 1492675811530338111, -0.04, 0.023, -0.618, -0.467, 0.611, 0.357
2017-04-20 10:10:11,533, 1492675811532700891, -0.059, 0.036, -0.553, -0.364, 0.51, 0.337
2017-04-20 10:10:11,534, 1492675811534266110, -0.07, 0.057, -0.551, -0.311, 0.492, 0.227
2017-04-20 10:10:11,536, 1492675811536093108, -0.07, 0.045, -0.672, -0.227, 0.421, 0.292
2017-04-20 10:10:11,537, 1492675811537247312, -0.063, 0.029, -0.69, -0.162, 0.364, 0.373
2017-04-20 10:10:11,539, 1492675811539307174, 0.009, 0.076, -0.594, -0.159, 0.469, 0.341
2017-04-20 10:10:11,541, 1492675811541245714, 0.08, 0.114, -0.616, -0.117, 0.47, 0.296
2017-04-20 10:10:11,543, 1492675811543299352, 0.114, 0.152, -0.629, -0.243, 0.605, 0.312
2017-04-20 10:10:11,545, 1492675811545244825, 0.132, 0.156, -0.629, -0.346, 0.599, 0.385
2017-04-20 10:10:11,547, 1492675811547565655, 0.172, 0.206, -0.617, -0.455, 0.698, 0.417
2017-04-20 10:10:11,549, 1492675811549257649, 0.182, 0.205, -0.641, -0.594, 0.774, 0.288
2017-04-20 10:10:11,551, 1492675811551253836, 0.192, 0.23, -0.594, -0.653, 0.744, 0.349
2017-04-20 10:10:11,553, 1492675811553262100, 0.211, 0.224, -0.613, -0.748, 0.803, 0.369
2017-04-20 10:10:11,555, 1492675811555275026, 0.213, 0.214, -0.551, -0.755, 0.828, 0.377
2017-04-20 10:10:11,557, 1492675811557270719, 0.317, 0.303, -0.428, -0.858, 0.96, 0.325
2017-04-20 10:10:11,559, 1492675811559281534, 0.442, 0.353, -0.66, -1.014, 1.263, 0.203
2017-04-20 10:10:11,566, 1492675811564892977, 0.499, 0.27, -0.512, -1.156, 1.331, 0.345
2017-04-20 10:10:11,568, 1492675811568380010, 0.341, 0.414, -0.706, -2.324, 1.112, 0.694
2017-04-20 10:10:11,570, 1492675811570219568, 0.246, 0.452, -0.405, -2.483, 0.831, 1.067
2017-04-20 10:10:11,578, 1492675811578157131, 0.544, 0.597, -0.303, -3.066, 1.892, 1.303
2017-04-20 10:10:11,579, 1492675811579248194, 0.677, 0.62, -0.742, -2.98, 2.194, 1.356
2017-04-20 10:10:11,581, 1492675811581308402, 0.748, 0.725, -0.672, -2.967, 2.192, 1.173
2017-04-20 10:10:11,583, 1492675811583243769, 0.662, 0.713, -0.404, -3.012, 1.991, 0.812
2017-04-20 10:10:11,585, 1492675811585284048, 0.514, 0.553, -0.694, -3.13, 1.782, 0.62
2017-04-20 10:10:11,587, 1492675811587279998, 0.348, 0.534, -0.86, -3.165, 1.424, 0.986
2017-04-20 10:10:11,590, 1492675811590291464, 0.439, 0.614, -0.677, -3.193, 1.51, 1.213
2017-04-20 10:10:11,592, 1492675811592127227, 0.605, 0.65, -0.84, -3.291, 1.819, 0.905
2017-04-20 10:10:11,594, 1492675811594380227, 0.618, 0.53, -0.907, -3.357, 1.843, 0.905
2017-04-20 10:10:11,596, 1492675811596194881, 0.698, 0.606, -1.071, -3.237, 1.956, 1.372
2017-04-20 10:10:11,597, 1492675811597576236, 0.73, 0.667, -1.561, -2.973, 2.018, 1.299
2017-04-20 10:10:11,599, 1492675811599273641, 0.674, 0.721, -1.944, -2.369, 1.861, 0.758
2017-04-20 10:10:11,604, 1492675811604379118, 0.518, 0.542, -1.934, -1.929, 1.598, 0.515
2017-04-20 10:10:11,606, 1492675811606451085, 0.307, 0.451, -1.974, -1.653, 1.138, 0.937
2017-04-20 10:10:11,608, 1492675811608271127, 0.416, 0.46, -1.962, -1.72, 1.494, 0.937
2017-04-20 10:10:11,610, 1492675811610340206, 0.602, 0.489, -1.966, -1.927, 1.9, 1.286
2017-04-20 10:10:11,612, 1492675811612833342, 0.735, 0.528, -1.969, -2.08, 2.011, 0.69
2017-04-20 10:10:11,614, 1492675811614268164, 0.601, 0.507, -1.994, -2.053, 1.813, 0.645
2017-04-20 10:10:11,616, 1492675811616309654, 0.509, 0.467, -1.985, -2.122, 1.829, 0.934
2017-04-20 10:10:11,618, 1492675811618267234, 0.386, 0.398, -2.012, -2.065, 1.786, 1.097
2017-04-20 10:10:11,620, 1492675811620385460, 0.456, 0.406, -2.032, -2.092, 1.912, 0.604
2017-04-20 10:10:11,624, 1492675811623869398, 0.561, 0.369, -2.011, -2.157, 2.21, 0.523
2017-04-20 10:10:11,630, 1492675811630128312, 0.326, 0.397, -2.075, -2.448, 2.004, 0.775
2017-04-20 10:10:11,631, 1492675811631249198, 0.322, 0.401, -2.095, -2.478, 2.008, 1.031
2017-04-20 10:10:11,634, 1492675811634562016, 0.355, 0.444, -2.105, -2.548, 2.086, 0.974
2017-04-20 10:10:11,636, 1492675811636308463, 0.405, 0.402, -2.098, -2.464, 2.182, 0.877
2017-04-20 10:10:11,638, 1492675811638499343, 0.394, 0.392, -2.116, -2.493, 2.176, 0.978
2017-04-20 10:10:11,640, 1492675811640250518, 0.343, 0.374, -2.146, -2.545, 2.098, 0.966
2017-04-20 10:10:11,641, 1492675811641303984, 0.253, 0.388, -2.147, -2.555, 1.946, 0.812
2017-04-20 10:10:11,643, 1492675811643266017, 0.229, 0.436, -2.164, -2.666, 1.862, 0.718
2017-04-20 10:10:11,645, 1492675811645291248, 0.28, 0.434, -2.163, -2.694, 1.918, 0.747
2017-04-20 10:10:11,647, 1492675811647271087, 0.291, 0.398, -2.175, -2.631, 1.943, 0.731
2017-04-20 10:10:11,649, 1492675811649295092, 0.291, 0.362, -2.183, -2.556, 1.957, 0.669
2017-04-20 10:10:11,651, 1492675811651248065, 0.31, 0.099, -2.74, -2.949, 1.976, 0.706
2017-04-20 10:10:11,654, 1492675811654220800, 0.283, 0.41, -3.103, -4.15, 2.089, 0.775
2017-04-20 10:10:11,655, 1492675811655270427, 0.285, 0.488, -2.901, -3.617, 1.965, 0.628
2017-04-20 10:10:11,657, 1492675811657293243, 0.195, 0.566, -2.507, -2.983, 1.728, 0.52
2017-04-20 10:10:11,659, 1492675811659251088, 0.25, 0.49, -2.547, -3.089, 1.838, 0.609
2017-04-20 10:10:11,661, 1492675811661307020, 0.302, 0.31, -2.879, -3.07, 1.861, 0.661
2017-04-20 10:10:11,663, 1492675811663249713, 0.295, 0.312, -2.942, -2.971, 1.854, 0.49
2017-04-20 10:10:11,665, 1492675811665282313, 0.278, 0.479, -3.116, -3.084, 1.837, 0.628
2017-04-20 10:10:11,667, 1492675811667272699, 0.177, 0.605, -2.992, -2.984, 1.633, 0.617
2017-04-20 10:10:11,673, 1492675811672887120, 0.18, 0.588, -2.952, -2.909, 1.623, 0.633
2017-04-20 10:10:11,674, 1492675811674281710, 0.246, 0.375, -3.091, -3.078, 1.674, 0.658
2017-04-20 10:10:11,676, 1492675811676300685, 0.295, 0.394, -3.203, -3.097, 1.833, 0.714
2017-04-20 10:10:11,678, 1492675811678304725, 0.302, 0.448, -3.195, -3.167, 1.901, 0.588
2017-04-20 10:10:11,680, 1492675811680303862, 0.308, 0.477, -3.053, -3.193, 1.884, 0.62
2017-04-20 10:10:11,682, 1492675811682239310, 0.297, 0.421, -3.076, -3.24, 1.882, 0.674
2017-04-20 10:10:11,689, 1492675811689294036, 0.276, 0.409, -3.128, -3.103, 1.817, 0.772
2017-04-20 10:10:11,691, 1492675811691111759, 0.264, 0.406, -3.128, -3.043, 1.796, 0.796
2017-04-20 10:10:11,693, 1492675811693155149, 0.266, 0.42, -3.062, -2.954, 1.842, 0.763
2017-04-20 10:10:11,695, 1492675811695121478, 0.3, 0.408, -3.075, -2.862, 1.931, 0.75
2017-04-20 10:10:11,697, 1492675811697140393, 0.298, 0.359, -3.112, -2.769, 1.952, 0.739
2017-04-20 10:10:11,699, 1492675811699165715, 0.294, 0.299, -3.108, -2.742, 1.918, 0.739
2017-04-20 10:10:11,705, 1492675811704880683, 0.254, 0.33, -3.148, -2.787, 1.851, 0.702
2017-04-20 10:10:11,707, 1492675811707634825, 0.241, 0.312, -3.218, -2.516, 1.695, 0.658
2017-04-20 10:10:11,709, 1492675811709290791, 0.243, 0.252, -3.193, -2.394, 1.658, 0.633
2017-04-20 10:10:11,711, 1492675811711071970, 0.259, 0.231, -3.188, -2.307, 1.653, 0.645
2017-04-20 10:10:11,712, 1492675811712268304, 0.271, 0.238, -3.229, -2.227, 1.636, 0.677
2017-04-20 10:10:11,714, 1492675811714248274, 0.246, 0.292, -3.229, -2.111, 1.574, 0.674
2017-04-20 10:10:11,716, 1492675811716313768, 0.23, 0.309, -3.267, -1.998, 1.542, 0.637
2017-04-20 10:10:11,718, 1492675811718233205, 0.212, 0.322, -3.297, -1.941, 1.519, 0.674
2017-04-20 10:10:11,720, 1492675811720306722, 0.234, 0.31, -3.283, -1.892, 1.491, 0.685
2017-04-20 10:10:11,722, 1492675811722259006, 0.226, 0.302, -3.256, -1.823, 1.479, 0.658
2017-04-20 10:10:11,724, 1492675811724410973, 0.231, 0.311, -3.226, -1.818, 1.443, 0.628
2017-04-20 10:10:11,730, 1492675811730129303, 0.202, 0.329, -3.041, -2.011, 1.335, 0.592
2017-04-20 10:10:11,731, 1492675811731273490, 0.202, 0.311, -3.027, -2.146, 1.329, 0.588
2017-04-20 10:10:11,734, 1492675811734285274, 0.201, 0.319, -2.984, -2.382, 1.316, 0.625
2017-04-20 10:10:11,736, 1492675811736102769, 0.19, 0.334, -2.976, -2.54, 1.312, 0.62
2017-04-20 10:10:11,740, 1492675811740635456, 0.178, 0.335, -2.961, -2.712, 1.32, 0.645
2017-04-20 10:10:11,742, 1492675811742281718, 0.223, 0.385, -2.842, -2.944, 1.432, 0.691
2017-04-20 10:10:11,744, 1492675811744239724, 0.223, 0.388, -2.832, -3.08, 1.458, 0.69
2017-04-20 10:10:11,746, 1492675811746288455, 0.195, 0.376, -2.847, -3.066, 1.396, 0.677
2017-04-20 10:10:11,753, 1492675811753282833, 0.201, 0.431, -2.738, -3.102, 1.337, 0.682
2017-04-20 10:10:11,755, 1492675811755109491, 0.193, 0.427, -2.737, -3.06, 1.31, 0.691
2017-04-20 10:10:11,757, 1492675811757107444, 0.181, 0.411, -2.723, -3.039, 1.28, 0.702
2017-04-20 10:10:11,761, 1492675811761289282, 0.217, 0.383, -2.731, -3.016, 1.326, 0.661
2017-04-20 10:10:11,762, 1492675811762546886, 0.207, 0.385, -2.734, -3.0, 1.301, 0.685
2017-04-20 10:10:11,769, 1492675811764296420, 0.201, 0.396, -2.734, -2.987, 1.273, 0.682
2017-04-20 10:10:11,769, 1492675811766076556, 0.195, 0.396, -2.741, -2.975, 1.259, 0.658
2017-04-20 10:10:11,769, 1492675811767485625, 0.187, 0.381, -2.74, -2.933, 1.238, 0.666
2017-04-20 10:10:11,773, 1492675811772819074, 0.177, 0.376, -2.74, -2.866, 1.205, 0.669
2017-04-20 10:10:11,775, 1492675811775183482, 0.189, 0.405, -2.701, -2.666, 1.205, 0.666
2017-04-20 10:10:11,776, 1492675811776262367, 0.191, 0.406, -2.776, -2.568, 1.214, 0.658
2017-04-20 10:10:11,778, 1492675811778300751, 0.179, 0.397, -2.697, -2.457, 1.176, 0.658
2017-04-20 10:10:11,780, 1492675811780271466, 0.165, 0.377, -2.685, -2.37, 1.149, 0.686
2017-04-20 10:10:11,782, 1492675811782275836, 0.168, 0.355, -2.756, -2.317, 1.164, 0.677
2017-04-20 10:10:11,784, 1492675811784235552, 0.179, 0.363, -2.683, -2.266, 1.146, 0.698
2017-04-20 10:10:11,786, 1492675811786288365, 0.18, 0.338, -2.684, -2.234, 1.138, 0.698
2017-04-20 10:10:11,790, 1492675811790259493, 0.191, 0.293, -2.636, -2.24, 1.14, 0.71
2017-04-20 10:10:11,792, 1492675811792099629, 0.202, 0.288, -2.625, -2.253, 1.152, 0.702
2017-04-20 10:10:11,793, 1492675811793241842, 0.182, 0.27, -2.636, -2.264, 1.162, 0.706
2017-04-20 10:10:11,794, 1492675811794307628, 0.18, 0.265, -2.641, -2.255, 1.172, 0.706
2017-04-20 10:10:11,806, 1492675811805816663, 0.187, 0.28, -2.59, -2.224, 1.297, 0.674
2017-04-20 10:10:11,810, 1492675811810311796, 0.234, 0.321, -2.529, -2.229, 1.429, 0.742
2017-04-20 10:10:11,812, 1492675811812074665, 0.225, 0.321, -2.514, -2.236, 1.444, 0.742
2017-04-20 10:10:11,814, 1492675811814245108, 0.239, 0.318, -2.51, -2.232, 1.464, 0.702
2017-04-20 10:10:11,816, 1492675811816133550, 0.248, 0.316, -2.508, -2.222, 1.462, 0.747