2017-04-20 10:10:55,721, 1492675855721581660, 1.109, 0.766, -3.541, -0.585, 1.859, 1.165
2017-04-20 10:10:55,723, 1492675855723519183, 1.111, 0.775, -3.475, -0.601, 1.854, 1.12
2017-04-20 10:10:55,725, 1492675855725567438, 1.101, 0.768, -3.492, -0.644, 1.826, 1.051
2017-04-20 10:10:55,727, 1492675855727504352, 1.101, 0.77, -3.496, -0.703, 1.826, 1.051
2017-04-20 10:10:55,733, 1492675855732559057, 1.102, 0.767, -3.463, -0.756, 1.82, 1.059
2017-04-20 10:10:55,733, 1492675855733627232, 1.098, 0.781, -3.492, -0.85, 1.825, 1.1
2017-04-20 10:10:55,737, 1492675855736912134, 1.092, 0.762, -3.508, -0.847, 1.806, 1.072
2017-04-20 10:10:55,738, 1492675855738627744, 1.098, 0.746, -3.529, -0.861, 1.793, 1.089
2017-04-20 10:10:55,740, 1492675855740505508, 1.092, 0.762, -3.539, -0.856, 1.781, 1.1
2017-04-20 10:10:55,742, 1492675855742561614, 1.096, 0.762, -3.572, -0.845, 1.786, 1.084
2017-04-20 10:10:55,744, 1492675855744624124, 1.108, 0.76, -3.607, -0.815, 1.8, 1.08
2017-04-20 10:10:55,746, 1492675855746437316, 1.1, 0.758, -3.612, -0.785, 1.807, 1.067
2017-04-20 10:10:55,748, 1492675855748484993, 1.106, 0.745, -3.625, -0.754, 1.803, 1.043
2017-04-20 10:10:55,750, 1492675855750458053, 1.102, 0.746, -3.626, -0.703, 1.808, 1.067
2017-04-20 10:10:55,753, 1492675855753524079, 1.097, 0.749, -3.635, -0.661, 1.821, 1.083
2017-04-20 10:10:55,755, 1492675855755573592, 1.116, 0.767, -3.652, -0.601, 1.868, 1.145
2017-04-20 10:10:55,756, 1492675855756634325, 1.139, 0.763, -3.646, -0.565, 1.899, 1.165
2017-04-20 10:10:55,758, 1492675855758616103, 1.141, 0.742, -3.644, -0.54, 1.92, 1.169
2017-04-20 10:10:55,759, 1492675855759647444, 1.145, 0.754, -3.633, -0.503, 1.94, 1.189
2017-04-20 10:10:55,762, 1492675855762502225, 1.15, 0.747, -3.6, -0.474, 1.955, 1.227
2017-04-20 10:10:55,766, 1492675855766350744, 1.161, 0.751, -3.587, -0.455, 1.981, 1.238
2017-04-20 10:10:55,768, 1492675855767587477, 1.181, 0.749, -3.584, -0.44, 2.024, 1.263
2017-04-20 10:10:55,769, 1492675855769445119, 1.174, 0.749, -3.584, -0.433, 2.032, 1.262
2017-04-20 10:10:55,771, 1492675855770790039, 1.18, 0.737, -3.575, -0.421, 2.042, 1.287
2017-04-20 10:10:55,772, 1492675855772659869, 1.174, 0.74, -3.577, -0.411, 2.043, 1.271
2017-04-20 10:10:55,774, 1492675855774462629, 1.162, 0.73, -3.584, -0.416, 2.038, 1.295
2017-04-20 10:10:55,776, 1492675855776456425, 1.153, 0.723, -3.577, -0.427, 2.028, 1.275
2017-04-20 10:10:55,778, 1492675855778478987, 1.149, 0.728, -3.58, -0.447, 2.019, 1.267
2017-04-20 10:10:55,780, 1492675855780493573, 1.151, 0.73, -3.596, -0.465, 2.011, 1.263
2017-04-20 10:10:55,782, 1492675855782447257, 1.147, 0.727, -3.595, -0.481, 2.0, 1.25
2017-04-20 10:10:55,784, 1492675855784454932, 1.127, 0.726, -3.599, -0.481, 1.97, 1.213
2017-04-20 10:10:55,786, 1492675855786464669, 1.131, 0.709, -3.596, -0.493, 1.939, 1.202
2017-04-20 10:10:55,789, 1492675855789165671, 1.122, 0.71, -3.585, -0.505, 1.929, 1.186
2017-04-20 10:10:55,790, 1492675855790601075, 1.116, 0.72, -3.602, -0.527, 1.906, 1.165
2017-04-20 10:10:55,792, 1492675855792519436, 1.108, 0.725, -3.612, -0.532, 1.891, 1.161
2017-04-20 10:10:55,794, 1492675855794455209, 1.106, 0.718, -3.607, -0.543, 1.873, 1.133
2017-04-20 10:10:55,796, 1492675855796535171, 1.109, 0.715, -3.614, -0.555, 1.858, 1.113
2017-04-20 10:10:55,798, 1492675855798533227, 1.097, 0.73, -3.626, -0.552, 1.854, 1.092
2017-04-20 10:10:55,800, 1492675855800563495, 1.093, 0.733, -3.631, -0.552, 1.853, 1.059
2017-04-20 10:10:55,803, 1492675855803169874, 1.106, 0.74, -3.639, -0.56, 1.848, 1.047
2017-04-20 10:10:55,804, 1492675855804648413, 1.12, 0.754, -3.606, -0.572, 1.863, 1.026
2017-04-20 10:10:55,806, 1492675855806667576, 1.128, 0.76, -3.597, -0.584, 1.879, 1.031
2017-04-20 10:10:55,808, 1492675855808480238, 1.141, 0.771, -3.54, -0.618, 1.905, 1.032
2017-04-20 10:10:55,810, 1492675855810464876, 1.154, 0.777, -3.456, -0.677, 1.943, 1.047
2017-04-20 10:10:55,812, 1492675855812467449, 1.173, 0.81, -3.371, -0.774, 1.99, 1.059
2017-04-20 10:10:55,817, 1492675855817611397, 1.22, 0.868, -2.91, -1.239, 2.168, 1.076
2017-04-20 10:10:55,820, 1492675855819984086, 1.231, 0.889, -2.82, -1.361, 2.21, 1.083
2017-04-20 10:10:55,821, 1492675855821583796, 1.224, 0.874, -2.566, -1.616, 2.25, 1.051
2017-04-20 10:10:55,823, 1492675855823651445, 1.212, 0.891, -2.476, -1.838, 2.307, 1.056
2017-04-20 10:10:55,825, 1492675855825460287, 1.192, 0.893, -2.309, -2.186, 2.339, 0.986
2017-04-20 10:10:55,827, 1492675855827512015, 1.212, 0.981, -2.129, -2.683, 2.425, 1.015
2017-04-20 10:10:55,834, 1492675855829586079, 1.194, 0.983, -2.125, -2.731, 2.475, 1.092
2017-04-20 10:10:55,835, 1492675855831531159, 1.164, 0.985, -2.109, -2.824, 2.489, 1.189
2017-04-20 10:10:55,836, 1492675855835517065, 1.15, 0.973, -2.107, -2.858, 2.46, 1.181
2017-04-20 10:10:55,837, 1492675855837656076, 1.087, 0.905, -2.058, -2.736, 2.47, 1.116
2017-04-20 10:10:55,839, 1492675855839592283, 1.096, 0.943, -2.055, -2.802, 2.46, 1.343
2017-04-20 10:10:55,841, 1492675855841652238, 1.17, 0.953, -2.011, -2.759, 2.56, 1.446
2017-04-20 10:10:55,843, 1492675855843589501, 1.245, 0.983, -2.026, -2.771, 2.638, 1.551
2017-04-20 10:10:55,845, 1492675855845608215, 1.279, 0.929, -1.997, -2.682, 2.652, 1.568
2017-04-20 10:10:55,847, 1492675855847569474, 1.272, 0.891, -1.967, -2.54, 2.629, 1.624
2017-04-20 10:10:55,849, 1492675855849577660, 1.263, 0.877, -1.944, -2.502, 2.584, 1.584
2017-04-20 10:10:55,851, 1492675855851635528, 1.278, 0.879, -1.917, -2.459, 2.581, 1.579
2017-04-20 10:10:55,853, 1492675855853647060, 1.084, 1.536, 4.797, -2.471, 2.178, 1.424
2017-04-20 10:10:55,856, 1492675855855715455, 1.594, 0.828, 3.487, -3.064, 3.137, 1.795
2017-04-20 10:10:55,857, 1492675855857838031, 0.91, 0.568, -1.932, -2.415, 2.834, 0.366
2017-04-20 10:10:55,859, 1492675855859597623, 0.298, -0.067, -1.222, -1.704, 2.03, 1.392
2017-04-20 10:10:55,861, 1492675855861606982, -0.171, -0.102, -0.759, -3.858, 2.247, 1.668
2017-04-20 10:10:55,863, 1492675855863611944, -0.138, 0.615, 2.095, -5.622, 2.233, 0.91
2017-04-20 10:10:55,865, 1492675855865600197, 0.407, 0.553, 1.732, -5.727, 3.547, 0.406
2017-04-20 10:10:55,869, 1492675855868997204, 0.629, 0.806, -0.401, -6.502, 4.422, 1.169
2017-04-20 10:10:55,871, 1492675855871628382, 0.251, 0.514, 2.21, -6.153, 4.094, 0.577
2017-04-20 10:10:55,873, 1492675855873679318, 0.392, 0.506, 1.621, -5.432, 4.383, -0.251
2017-04-20 10:10:55,875, 1492675855875652772, 0.35, 0.429, -0.294, -4.71, 4.032, 0.398
2017-04-20 10:10:55,877, 1492675855877498927, 0.356, 0.554, 0.934, -4.048, 3.62, 1.051
2017-04-20 10:10:55,879, 1492675855879575214, 0.484, 0.456, 1.686, -4.079, 3.417, 0.763
2017-04-20 10:10:55,880, 1492675855880606072, 0.548, 0.281, 0.552, -4.456, 3.349, 0.033
2017-04-20 10:10:55,881, 1492675855881633667, 0.543, 0.335, 0.286, -4.451, 3.139, 0.182
2017-04-20 10:10:55,883, 1492675855883591475, 0.49, 0.52, 0.963, -4.051, 2.635, 0.832
2017-04-20 10:10:55,885, 1492675855885622769, 0.33, 0.581, 1.405, -3.438, 2.02, 0.958
2017-04-20 10:10:55,888, 1492675855887920484, 0.269, 0.374, 0.342, -2.877, 1.721, 0.179
2017-04-20 10:10:55,889, 1492675855889635711, 0.364, 0.106, 0.466, -2.325, 1.817, -0.021
2017-04-20 10:10:55,891, 1492675855891604897, 0.315, 0.051, 1.425, -1.962, 1.625, 0.49
2017-04-20 10:10:55,893, 1492675855893601833, 0.183, 0.021, 0.951, -1.617, 1.58, 0.58
2017-04-20 10:10:55,895, 1492675855895603334, 0.142, 0.05, 0.414, -1.315, 1.642, 0.125
2017-04-20 10:10:55,901, 1492675855900118657, 0.138, 0.176, 1.203, -1.438, 1.436, 0.381
2017-04-20 10:10:55,902, 1492675855902615844, -0.094, 0.074, 0.917, -2.31, 0.864, 0.609
2017-04-20 10:10:55,904, 1492675855904452818, -0.178, 0.204, 1.224, -2.283, 0.6, 0.743
2017-04-20 10:10:55,905, 1492675855905585511, -0.098, 0.283, 1.369, -2.17, 0.565, 0.869
2017-04-20 10:10:55,907, 1492675855907727475, 0.06, 0.256, 1.139, -2.208, 0.723, 0.791
2017-04-20 10:10:55,909, 1492675855909631177, 0.124, 0.238, 1.282, -2.195, 0.55, 0.698
2017-04-20 10:10:55,911, 1492675855911605287, 0.092, 0.185, 1.599, -1.912, 0.113, 0.763
2017-04-20 10:10:55,913, 1492675855913752528, 0.019, 0.273, 1.29, -1.441, -0.405, 0.942
2017-04-20 10:10:55,915, 1492675855915606697, -0.175, 0.258, 0.446, -0.358, -0.996, 0.264
2017-04-20 10:10:55,917, 1492675855917592898, -0.469, -0.324, 0.388, 0.289, -1.239, -0.524
2017-04-20 10:10:55,919, 1492675855919639840, -0.446, -0.056, 0.909, -0.174, -1.379, -0.702
2017-04-20 10:10:55,921, 1492675855921567870, -0.176, -0.24, 0.754, 0.402, -1.1, -0.199
2017-04-20 10:10:55,923, 1492675855923609457, 0.11, 0.04, 0.338, 0.617, -0.824, -0.398
2017-04-20 10:10:55,925, 1492675855925581795, 0.067, 0.037, 0.179, 0.488, -0.901, -0.276
2017-04-20 10:10:55,927, 1492675855927624989, 0.038, 0.044, 0.674, 0.662, -1.182, -0.26
2017-04-20 10:10:55,929, 1492675855929588802, 0.006, -0.176, -0.379, 1.12, -1.162, -0.227
2017-04-20 10:10:55,931, 1492675855931601893, 0.063, -0.169, -1.561, 1.023, -1.757, 0.934
2017-04-20 10:10:55,938, 1492675855938495050, -0.044, 0.063, 0.499, 1.486, -1.825, 0.276
2017-04-20 10:10:55,939, 1492675855939626506, -0.147, -0.249, -0.416, 2.234, -2.011, -0.273
2017-04-20 10:10:55,941, 1492675855941607992, -0.278, -0.097, 0.481, 1.879, -2.254, -0.089
2017-04-20 10:10:55,949, 1492675855949639802, -0.098, 0.175, 0.342, -1.645, -0.715, 0.325
2017-04-20 10:10:55,951, 1492675855951413726, -0.058, 0.157, -0.081, -1.834, -0.389, 0.487
2017-04-20 10:10:55,953, 1492675855953744522, 0.022, 0.268, -0.045, -2.119, 0.246, -0.39
2017-04-20 10:10:55,955, 1492675855955516985, 0.023, 0.361, 0.331, -2.47, 0.557, -0.419
2017-04-20 10:10:55,957, 1492675855957491671, 0.062, 0.278, 0.189, -2.489, 0.797, -0.138
2017-04-20 10:10:55,959, 1492675855959457738, 0.12, 0.235, 0.025, -2.266, 1.188, 0.089
2017-04-20 10:10:55,961, 1492675855961515579, 0.199, 0.313, 0.178, -2.354, 1.645, -0.159
2017-04-20 10:10:55,963, 1492675855963526946, 0.174, 0.372, 0.229, -2.216, 1.711, 0.041
2017-04-20 10:10:55,968, 1492675855968134346, 0.295, 0.325, -0.047, -1.94, 2.166, 0.495
2017-04-20 10:10:55,971, 1492675855970957504, 0.428, 0.227, 0.086, -1.618, 2.855, -0.251
2017-04-20 10:10:55,972, 1492675855972626590, 0.514, 0.227, -0.065, -1.486, 3.125, 0.012
2017-04-20 10:10:55,974, 1492675855974426980, 0.443, 0.22, 0.067, -1.345, 3.069, -0.085
2017-04-20 10:10:55,975, 1492675855975606928, 0.433, 0.137, 0.139, -1.126, 3.173, -0.166
2017-04-20 10:10:55,977, 1492675855977587243, 0.468, 0.075, 0.023, -0.966, 3.315, 0.134
2017-04-20 10:10:55,979, 1492675855979629223, 0.436, 0.039, 0.023, -0.727, 3.28, 0.471
2017-04-20 10:10:55,981, 1492675855981693490, 0.411, -0.01, 0.115, -0.254, 3.3, 0.231
2017-04-20 10:10:55,983, 1492675855983598751, 0.41, 0.014, 0.035, 0.162, 3.261, 0.13
2017-04-20 10:10:55,985, 1492675855985576787, 0.405, -0.025, -0.07, 0.578, 3.18, 0.146
2017-04-20 10:10:55,987, 1492675855987613225, 0.403, -0.072, 0.062, 0.956, 3.034, 0.166
2017-04-20 10:10:55,993, 1492675855993787511, 0.259, -0.112, -0.075, 1.065, 2.186, 0.36
2017-04-20 10:10:55,995, 1492675855995575412, 0.271, -0.047, 0.019, 0.876, 1.979, 0.309
2017-04-20 10:10:55,997, 1492675855997527394, 0.291, -0.024, -0.052, 0.578, 1.696, 0.093
2017-04-20 10:10:55,999, 1492675855999597988, 0.28, -0.063, -0.036, 0.292, 1.377, -0.016
2017-04-20 10:10:56,001, 1492675856001562823, 0.223, -0.012, 0.067, -0.033, 1.007, 0.044
2017-04-20 10:10:56,003, 1492675856003623030, 0.156, 0.035, -0.007, -0.331, 0.659, -0.105
2017-04-20 10:10:56,005, 1492675856005593680, 0.113, 0.053, 0.001, -0.553, 0.43, -0.175
2017-04-20 10:10:56,007, 1492675856007862870, 0.083, 0.095, 0.129, -0.787, 0.078, 0.012
2017-04-20 10:10:56,009, 1492675856009592715, 0.006, 0.099, 0.126, -0.896, -0.207, 0.049
2017-04-20 10:10:56,011, 1492675856011614351, -0.024, 0.089, 0.086, -0.896, -0.383, -0.089
2017-04-20 10:10:56,013, 1492675856013574746, -0.067, 0.131, 0.11, -0.834, -0.647, -0.081
2017-04-20 10:10:56,015, 1492675856015602916, -0.129, 0.148, 0.109, -0.727, -0.878, -0.126
2017-04-20 10:10:56,018, 1492675856017979979, -0.133, 0.127, 0.076, -0.641, -1.046, -0.126
2017-04-20 10:10:56,019, 1492675856019615503, -0.159, 0.106, 0.027, -0.629, -1.24, -0.085
2017-04-20 10:10:56,021, 1492675856021582054, -0.167, 0.047, 0.052, -0.561, -1.369, -0.028
2017-04-20 10:10:56,023, 1492675856023610995, -0.178, 0.046, 0.092, -0.465, -1.489, -0.008
2017-04-20 10:10:56,028, 1492675856028600204, -0.163, 0.002, -0.059, -0.095, -1.648, -0.11
2017-04-20 10:10:56,030, 1492675856030440822, -0.147, 0.017, -0.015, 0.007, -1.648, -0.11
2017-04-20 10:10:56,036, 1492675856032882359, -0.121, 0.0, -0.128, 0.18, -1.562, -0.122
2017-04-20 10:10:56,038, 1492675856038089951, -0.127, 0.014, -0.067, 0.447, -1.262, 0.069
2017-04-20 10:10:56,039, 1492675856039587683, -0.099, 0.031, -0.13, 0.411, -1.029, 0.036
2017-04-20 10:10:56,041, 1492675856041628305, -0.066, 0.063, -0.041, 0.185, -0.77, 0.065
2017-04-20 10:10:56,043, 1492675856043591416, -0.043, 0.09, 0.03, -0.143, -0.552, 0.049
2017-04-20 10:10:56,051, 1492675856051602765, -0.013, 0.151, 0.149, -1.45, 0.315, -0.045
2017-04-20 10:10:56,053, 1492675856053416961, 0.028, 0.203, 0.173, -1.565, 0.471, -0.045
2017-04-20 10:10:56,055, 1492675856055444848, 0.086, 0.195, 0.146, -1.674, 0.705, -0.077
2017-04-20 10:10:56,057, 1492675856057458788, 0.138, 0.161, 0.202, -1.575, 0.919, -0.057
2017-04-20 10:10:56,059, 1492675856059617761, 0.143, 0.167, 0.156, -1.39, 1.055, -0.053
2017-04-20 10:10:56,061, 1492675856061424778, 0.129, 0.146, 0.07, -1.142, 1.137, -0.04
2017-04-20 10:10:56,063, 1492675856063500385, 0.174, 0.093, 0.023, -0.786, 1.293, -0.037
2017-04-20 10:10:56,065, 1492675856065438495, 0.221, 0.056, 0.071, -0.452, 1.461, 0.06
2017-04-20 10:10:56,067, 1492675856067458939, 0.228, 0.011, -0.032, -0.092, 1.494, 0.065
2017-04-20 10:10:56,069, 1492675856069476233, 0.242, -0.043, -0.094, 0.276, 1.599, 0.057
2017-04-20 10:10:56,071, 1492675856071663735, 0.258, -0.052, -0.048, 0.58, 1.669, 0.114
2017-04-20 10:10:56,074, 1492675856073511374, 0.248, -0.101, -0.095, 0.814, 1.688, 0.117
2017-04-20 10:10:56,075, 1492675856075655116, 0.27, -0.134, -0.149, 1.102, 1.776, 0.085
2017-04-20 10:10:56,077, 1492675856077449295, 0.274, -0.143, -0.126, 1.143, 1.79, 0.142
2017-04-20 10:10:56,079, 1492675856079476093, 0.253, -0.17, -0.153, 1.213, 1.761, 0.15
2017-04-20 10:10:56,081, 1492675856081462133, 0.228, -0.193, -0.183, 1.296, 1.737, 0.106
2017-04-20 10:10:56,083, 1492675856083494304, 0.224, -0.145, -0.134, 1.298, 1.668, 0.154
2017-04-20 10:10:56,085, 1492675856085465892, 0.207, -0.113, -0.122, 1.195, 1.633, 0.166
2017-04-20 10:10:56,087, 1492675856087436978, 0.186, -0.126, -0.17, 1.067, 1.525, 0.114
2017-04-20 10:10:56,089, 1492675856089459478, 0.143, -0.1, -0.109, 0.832, 1.338, 0.182
2017-04-20 10:10:56,091, 1492675856091424050, 0.129, -0.052, -0.108, 0.581, 1.181, 0.163
2017-04-20 10:10:56,093, 1492675856093466283, 0.103, -0.042, -0.22, 0.322, 0.999, 0.052
2017-04-20 10:10:56,095, 1492675856095472619, 0.062, 0.025, -0.189, 0.01, 0.732, 0.044
2017-04-20 10:10:56,097, 1492675856097447034, 0.043, 0.065, -0.169, -0.319, 0.514, 0.061
2017-04-20 10:10:56,099, 1492675856099463826, 0.046, 0.075, -0.25, -0.631, 0.381, -0.024
2017-04-20 10:10:56,105, 1492675856104200148, 0.004, 0.122, -0.272, -0.92, 0.111, -0.053
2017-04-20 10:10:56,105, 1492675856105636994, -0.022, 0.194, -0.374, -1.419, -0.365, -0.11
2017-04-20 10:10:56,107, 1492675856107593547, -0.067, 0.219, -0.398, -1.564, -0.593, -0.167
2017-04-20 10:10:56,109, 1492675856109595022, -0.118, 0.21, -0.451, -1.605, -0.828, -0.113
2017-04-20 10:10:56,111, 1492675856111588582, -0.121, 0.205, -0.567, -1.54, -0.967, -0.102
2017-04-20 10:10:56,113, 1492675856113600825, -0.095, 0.234, -0.598, -1.427, -1.019, -0.154
2017-04-20 10:10:56,115, 1492675856115572391, -0.085, 0.236, -0.567, -1.29, -1.084, -0.138
2017-04-20 10:10:56,118, 1492675856117954235, -0.109, 0.183, -0.61, -1.139, -1.203, -0.073
2017-04-20 10:10:56,124, 1492675856124544331, -0.141, 0.118, -0.596, -0.542, -1.285, -0.053
2017-04-20 10:10:56,125, 1492675856125753488, -0.148, 0.065, -0.616, -0.401, -1.242, -0.073
2017-04-20 10:10:56,127, 1492675856127597477, -0.193, -0.013, -0.648, -0.178, -1.279, -0.081
2017-04-20 10:10:56,129, 1492675856129654475, -0.154, -0.02, -0.614, 0.065, -1.115, 0.0
2017-04-20 10:10:56,131, 1492675856131586182, -0.098, -0.004, -0.599, 0.286, -0.976, -0.012
2017-04-20 10:10:56,134, 1492675856134421968, -0.117, -0.033, -0.582, 0.548, -0.867, -0.045
2017-04-20 10:10:56,140, 1492675856140294499, -0.119, -0.092, -0.606, 0.729, -0.813, 0.044
2017-04-20 10:10:56,145, 1492675856145626355, -0.093, -0.112, -0.562, 0.912, -0.272, 0.114
2017-04-20 10:10:56,147, 1492675856147411500, -0.066, -0.092, -0.553, 0.839, -0.137, 0.077
2017-04-20 10:10:56,149, 1492675856149704137, 0.02, -0.073, -0.483, 0.719, 0.114, 0.008
2017-04-20 10:10:56,151, 1492675856151517564, 0.034, -0.061, -0.523, 0.556, 0.206, 0.041
2017-04-20 10:10:56,153, 1492675856153733232, 0.028, -0.082, -0.564, 0.397, 0.259, 0.077
2017-04-20 10:10:56,155, 1492675856155594735, 0.033, -0.056, -0.576, 0.237, 0.352, 0.025
2017-04-20 10:10:56,157, 1492675856157851451, 0.048, -0.012, -0.592, 0.101, 0.488, 0.0
2017-04-20 10:10:56,159, 1492675856159563939, 0.061, -0.008, -0.648, -0.02, 0.584, 0.02
2017-04-20 10:10:56,161, 1492675856161494829, 0.072, -0.004, -0.662, -0.106, 0.615, 0.017
2017-04-20 10:10:56,163, 1492675856163436402, 0.067, 0.03, -0.675, -0.207, 0.689, 0.044
2017-04-20 10:10:56,165, 1492675856165501569, 0.081, 0.062, -0.715, -0.293, 0.747, 0.02
2017-04-20 10:10:56,167, 1492675856167575699, 0.072, 0.052, -0.719, -0.339, 0.733, 0.044
2017-04-20 10:10:56,178, 1492675856178578806, 0.119, 0.108, -0.628, -0.719, 0.821, -0.008
2017-04-20 10:10:56,180, 1492675856180459314, 0.105, 0.142, -0.483, -0.994, 0.751, -0.045
2017-04-20 10:10:56,182, 1492675856182474696, 0.1, 0.121, -0.426, -0.977, 0.698, -0.037
2017-04-20 10:10:56,184, 1492675856184425683, 0.065, 0.111, -0.396, -0.917, 0.637, 0.008
2017-04-20 10:10:56,186, 1492675856186485916, 0.065, 0.102, -0.342, -0.822, 0.568, 0.0
2017-04-20 10:10:56,188, 1492675856188393599, 0.038, 0.118, -0.294, -0.665, 0.505, -0.016
2017-04-20 10:10:56,190, 1492675856190483165, 0.019, 0.072, -0.253, -0.5, 0.415, 0.028
2017-04-20 10:10:56,192, 1492675856192458883, 0.013, 0.047, -0.225, -0.339, 0.306, 0.028
2017-04-20 10:10:56,194, 1492675856194458619, -0.008, 0.036, -0.193, -0.161, 0.206, 0.017
2017-04-20 10:10:56,196, 1492675856196404869, -0.015, 0.018, -0.189, 0.01, 0.084, 0.02
2017-04-20 10:10:56,199, 1492675856199516676, -0.054, -0.005, -0.189, 0.249, -0.136, 0.041
2017-04-20 10:10:56,200, 1492675856200605172, -0.05, -0.04, -0.179, 0.36, -0.227, 0.024
2017-04-20 10:10:56,202, 1492675856202446104, -0.062, -0.039, -0.157, 0.427, -0.293, 0.012
2017-04-20 10:10:56,204, 1492675856204463703, -0.066, -0.061, -0.168, 0.53, -0.435, 0.012
2017-04-20 10:10:56,206, 1492675856206518167, -0.078, -0.079, -0.183, 0.622, -0.575, 0.008
2017-04-20 10:10:56,209, 1492675856209534095, -0.089, -0.093, -0.202, 0.697, -0.711, 0.0
2017-04-20 10:10:56,211, 1492675856211025004, -0.092, -0.082, -0.196, 0.751, -0.851, -0.024
2017-04-20 10:10:56,212, 1492675856212597219, -0.088, -0.087, -0.209, 0.753, -0.914, -0.005
2017-04-20 10:10:56,214, 1492675856214703109, -0.116, -0.083, -0.197, 0.727, -1.008, 0.025
2017-04-20 10:10:56,217, 1492675856216493729, -0.129, -0.073, -0.226, 0.655, -1.065, 0.033
2017-04-20 10:10:56,218, 1492675856218468913, -0.119, -0.065, -0.208, 0.537, -1.074, 0.004
2017-04-20 10:10:56,220, 1492675856220445861, -0.106, -0.032, -0.181, 0.395, -1.069, -0.008
2017-04-20 10:10:56,222, 1492675856222449356, -0.115, -0.019, -0.184, 0.222, -1.044, -0.04
2017-04-20 10:10:56,224, 1492675856224598028, -0.119, -0.011, -0.171, 0.038, -0.998, -0.057
2017-04-20 10:10:56,226, 1492675856226470578, -0.115, 0.008, -0.139, -0.115, -0.931, -0.069
2017-04-20 10:10:56,228, 1492675856228445788, -0.115, 0.031, -0.119, -0.257, -0.842, -0.056
2017-04-20 10:10:56,230, 1492675856230513444, -0.093, 0.031, -0.091, -0.355, -0.732, -0.048
2017-04-20 10:10:56,233, 1492675856233056689, -0.084, 0.038, -0.097, -0.415, -0.619, -0.049
2017-04-20 10:10:56,234, 1492675856234753162, -0.077, 0.05, -0.07, -0.42, -0.456, -0.032
2017-04-20 10:10:56,236, 1492675856236534778, -0.072, 0.04, -0.078, -0.394, -0.375, -0.021
2017-04-20 10:10:56,238, 1492675856238519500, -0.061, 0.048, -0.082, -0.338, -0.274, -0.028
2017-04-20 10:10:56,240, 1492675856240443036, -0.038, 0.052, -0.081, -0.274, -0.168, -0.008
2017-04-20 10:10:56,242, 1492675856242499707, -0.028, 0.032, -0.074, -0.191, -0.045, 0.004
2017-04-20 10:10:56,244, 1492675856244605991, -0.003, 0.026, -0.081, -0.1, 0.085, 0.02
2017-04-20 10:10:56,247, 1492675856247731275, 0.016, 0.022, -0.076, -0.019, 0.203, 0.036
2017-04-20 10:10:56,249, 1492675856249497337, 0.039, 0.018, -0.079, 0.013, 0.3, 0.024
2017-04-20 10:10:56,250, 1492675856250609251, 0.035, 0.021, -0.083, 0.03, 0.371, 0.012
2017-04-20 10:10:56,251, 1492675856251588163, 0.039, 0.014, -0.065, 0.03, 0.418, 0.012
2017-04-20 10:10:56,254, 1492675856254617456, 0.068, 0.014, -0.068, 0.01, 0.499, 0.017
2017-04-20 10:10:56,257, 1492675856256494768, 0.074, 0.023, -0.05, -0.021, 0.549, 0.017
2017-04-20 10:10:56,258, 1492675856258478626, 0.068, 0.019, -0.038, -0.06, 0.592, 0.033
2017-04-20 10:10:56,260, 1492675856260428219, 0.071, 0.015, -0.049, -0.114, 0.632, 0.036
2017-04-20 10:10:56,262, 1492675856262464430, 0.068, 0.024, -0.04, -0.162, 0.657, 0.044
2017-04-20 10:10:56,264, 1492675856264591523, 0.082, 0.031, -0.012, -0.22, 0.68, 0.025
2017-04-20 10:10:56,266, 1492675856266462227, 0.069, 0.039, 0.0, -0.264, 0.682, 0.033
2017-04-20 10:10:56,268, 1492675856268441306, 0.059, 0.042, -0.008, -0.3, 0.647, 0.016
2017-04-20 10:10:56,273, 1492675856273850751, 0.057, 0.041, -0.016, -0.299, 0.504, 0.02
2017-04-20 10:10:56,275, 1492675856275586205, 0.051, 0.036, -0.032, -0.258, 0.45, 0.0
2017-04-20 10:10:56,278, 1492675856278111073, 0.062, 0.029, -0.02, -0.193, 0.371, -0.004
2017-04-20 10:10:56,279, 1492675856279554305, 0.046, 0.012, 0.024, -0.094, 0.261, -0.005
2017-04-20 10:10:56,281, 1492675856281633600, 0.031, 0.002, -0.018, -0.02, 0.184, -0.008
2017-04-20 10:10:56,283, 1492675856283603715, 0.008, -0.032, -0.097, 0.09, 0.071, -0.013
2017-04-20 10:10:56,285, 1492675856285600438, 0.003, -0.03, -0.04, 0.211, -0.007, 0.024
2017-04-20 10:10:56,287, 1492675856287599035, 0.026, -0.028, -0.033, 0.295, -0.041, 0.012
2017-04-20 10:10:56,289, 1492675856289645680, -0.007, -0.047, -0.087, 0.404, -0.152, -0.021
2017-04-20 10:10:56,291, 1492675856291586242, -0.044, -0.071, -0.106, 0.487, -0.271, 0.008
2017-04-20 10:10:56,293, 1492675856293692985, -0.045, -0.06, -0.074, 0.531, -0.305, 0.044
2017-04-20 10:10:56,295, 1492675856295569395, -0.014, -0.045, -0.075, 0.547, -0.305, 0.0
2017-04-20 10:10:56,298, 1492675856297847321, -0.045, -0.043, -0.069, 0.508, -0.348, -0.008
2017-04-20 10:10:56,299, 1492675856299605425, -0.065, -0.047, -0.032, 0.427, -0.437, 0.057
2017-04-20 10:10:56,301, 1492675856301595853, -0.077, -0.037, -0.046, 0.324, -0.468, 0.041
2017-04-20 10:10:56,303, 1492675856303598890, -0.064, 0.018, -0.017, 0.174, -0.456, -0.028
2017-04-20 10:10:56,305, 1492675856305627250, -0.065, 0.024, 0.018, 0.008, -0.455, -0.029
2017-04-20 10:10:56,307, 1492675856307588412, -0.053, 0.026, 0.009, -0.156, -0.459, 0.003
2017-04-20 10:10:56,309, 1492675856309632119, -0.071, 0.059, 0.01, -0.322, -0.449, -0.032
2017-04-20 10:10:56,311, 1492675856311579928, -0.066, 0.081, 0.037, -0.474, -0.452, -0.049
2017-04-20 10:10:56,315, 1492675856315626562, -0.058, 0.111, 0.03, -0.722, -0.4, -0.041
2017-04-20 10:10:56,317, 1492675856317418486, -0.069, 0.1, 0.061, -0.763, -0.384, -0.037
2017-04-20 10:10:56,318, 1492675856318598716, -0.065, 0.106, 0.053, -0.793, -0.352, -0.073
2017-04-20 10:10:56,319, 1492675856319576329, -0.063, 0.122, 0.032, -0.786, -0.351, -0.04
2017-04-20 10:10:56,321, 1492675856321619733, -0.072, 0.097, 0.009, -0.769, -0.356, -0.037
2017-04-20 10:10:56,323, 1492675856323759956, -0.07, 0.116, 0.012, -0.704, -0.337, -0.053
2017-04-20 10:10:56,325, 1492675856325637677, -0.022, 0.086, 0.009, -0.604, -0.246, -0.037
2017-04-20 10:10:56,327, 1492675856327574704, -0.009, 0.067, 0.002, -0.511, -0.217, -0.024
2017-04-20 10:10:56,329, 1492675856329616878, -0.026, 0.051, -0.024, -0.369, -0.212, -0.013
2017-04-20 10:10:56,331, 1492675856331574235, -0.026, 0.029, -0.04, -0.205, -0.183, -0.016
2017-04-20 10:10:56,333, 1492675856333638732, -0.014, 0.023, -0.059, -0.023, -0.129, -0.02
2017-04-20 10:10:56,335, 1492675856335603973, 0.009, -0.005, -0.068, 0.136, -0.061, -0.024
2017-04-20 10:10:56,337, 1492675856337614917, 0.007, -0.035, -0.031, 0.288, -0.017, 0.003
2017-04-20 10:10:56,339, 1492675856339533321, -0.003, -0.059, -0.032, 0.438, 0.02, 0.041
2017-04-20 10:10:56,341, 1492675856341609339, 0.006, -0.075, -0.064, 0.576, 0.078, 0.028
2017-04-20 10:10:56,343, 1492675856343602174, 0.017, -0.074, -0.056, 0.698, 0.117, 0.041
2017-04-20 10:10:56,346, 1492675856345712911, 0.034, -0.095, -0.026, 0.768, 0.175, 0.065
2017-04-20 10:10:56,347, 1492675856347586624, 0.056, -0.097, -0.052, 0.777, 0.265, 0.053
2017-04-20 10:10:56,349, 1492675856349599471, 0.06, -0.079, -0.027, 0.74, 0.327, 0.041
2017-04-20 10:10:56,352, 1492675856352133647, 0.052, -0.062, -0.028, 0.654, 0.362, 0.041
2017-04-20 10:10:56,354, 1492675856354611336, 0.058, -0.051, -0.023, 0.403, 0.42, 0.024
2017-04-20 10:10:56,356, 1492675856356419688, 0.051, -0.027, 0.011, 0.308, 0.447, 0.036
2017-04-20 10:10:56,357, 1492675856357659232, 0.058, -0.026, 0.032, 0.129, 0.479, 0.024
2017-04-20 10:10:56,359, 1492675856359583201, 0.05, -0.009, 0.034, 0.009, 0.486, 0.025
2017-04-20 10:10:56,361, 1492675856361618583, 0.034, 0.015, 0.037, -0.138, 0.486, 0.016
2017-04-20 10:10:56,363, 1492675856363596546, 0.036, 0.049, 0.04, -0.284, 0.458, -0.008
2017-04-20 10:10:56,365, 1492675856365589402, 0.004, 0.055, 0.051, -0.406, 0.422, 0.008
2017-04-20 10:10:56,368, 1492675856367856817, 0.008, 0.072, 0.038, -0.51, 0.38, -0.008
2017-04-20 10:10:56,369, 1492675856369609887, 0.017, 0.076, 0.039, -0.583, 0.317, 0.02
2017-04-20 10:10:56,371, 1492675856371606871, 0.017, 0.095, 0.013, -0.612, 0.257, -0.024
2017-04-20 10:10:56,373, 1492675856373639202, 0.01, 0.101, -0.02, -0.627, 0.168, -0.037
2017-04-20 10:10:56,375, 1492675856375594251, 0.012, 0.085, -0.025, -0.628, 0.067, -0.016
2017-04-20 10:10:56,380, 1492675856380353648, -0.006, 0.093, -0.037, -0.609, -0.008, -0.037
2017-04-20 10:10:56,381, 1492675856381613075, -0.002, 0.075, -0.053, -0.484, -0.175, -0.041
2017-04-20 10:10:56,383, 1492675856383628071, -0.018, 0.061, -0.056, -0.393, -0.249, -0.037
2017-04-20 10:10:56,385, 1492675856385567038, -0.025, 0.049, -0.066, -0.303, -0.312, -0.033
2017-04-20 10:10:56,395, 1492675856395158733, -0.063, 0.004, -0.023, 0.156, -0.441, 0.0
2017-04-20 10:10:56,396, 1492675856396609406, -0.068, -0.028, -0.008, 0.243, -0.455, 0.004
2017-04-20 10:10:56,398, 1492675856398623173, -0.074, -0.028, 0.007, 0.304, -0.446, 0.003
2017-04-20 10:10:56,400, 1492675856400619129, -0.06, -0.032, 0.016, 0.35, -0.439, 0.0
2017-04-20 10:10:56,403, 1492675856403066642, -0.069, -0.041, 0.013, 0.375, -0.417, 0.02
2017-04-20 10:10:56,404, 1492675856404570892, -0.068, -0.049, 0.023, 0.38, -0.402, 0.012
2017-04-20 10:10:56,406, 1492675856406618799, -0.053, -0.044, 0.019, 0.378, -0.387, 0.0
2017-04-20 10:10:56,413, 1492675856412405459, -0.051, -0.034, 0.017, 0.364, -0.345, 0.02
2017-04-20 10:10:56,414, 1492675856413655484, -0.037, -0.021, 0.004, 0.25, -0.249, -0.005
2017-04-20 10:10:56,415, 1492675856415570003, -0.032, -0.021, -0.008, 0.179, -0.198, 0.008
2017-04-20 10:10:56,417, 1492675856417622407, -0.021, -0.003, -0.002, 0.106, -0.145, 0.008
2017-04-20 10:10:56,419, 1492675856419563664, -0.01, 0.023, -0.016, 0.013, -0.079, -0.013
2017-04-20 10:10:56,421, 1492675856421628534, -0.008, 0.011, -0.021, -0.088, -0.023, -0.004
2017-04-20 10:10:56,423, 1492675856423705980, -0.003, 0.022, -0.02, -0.183, 0.021, -0.008
2017-04-20 10:10:56,425, 1492675856425640230, 0.003, 0.04, -0.021, -0.275, 0.081, -0.016
2017-04-20 10:10:56,427, 1492675856427579155, 0.018, 0.056, -0.032, -0.348, 0.143, -0.008
2017-04-20 10:10:56,429, 1492675856429650769, 0.039, 0.066, -0.025, -0.41, 0.205, -0.008
2017-04-20 10:10:56,431, 1492675856431652362, 0.037, 0.06, -0.019, -0.462, 0.26, -0.012
2017-04-20 10:10:56,437, 1492675856437605596, 0.045, 0.07, -0.015, -0.453, 0.374, -0.008
2017-04-20 10:10:56,439, 1492675856439422176, 0.043, 0.069, -0.009, -0.423, 0.397, 0.008
2017-04-20 10:10:56,441, 1492675856441471948, 0.045, 0.057, -0.008, -0.374, 0.426, 0.02
2017-04-20 10:10:56,443, 1492675856443444467, 0.041, 0.053, -0.005, -0.3, 0.43, 0.008
2017-04-20 10:10:56,448, 1492675856448297061, 0.03, 0.037, -0.005, -0.215, 0.415, 0.012
2017-04-20 10:10:56,451, 1492675856450619902, 0.02, -0.001, -0.001, 0.045, 0.346, 0.02
2017-04-20 10:10:56,453, 1492675856452597966, 0.025, -0.014, 0.002, 0.095, 0.319, 0.008
2017-04-20 10:10:56,453, 1492675856453571342, 0.021, -0.019, -0.019, 0.159, 0.266, 0.028
2017-04-20 10:10:56,455, 1492675856455618794, 0.012, -0.021, -0.02, 0.228, 0.201, 0.024
2017-04-20 10:10:56,457, 1492675856457594541, 0.014, -0.029, -0.027, 0.283, 0.131, 0.016
2017-04-20 10:10:56,459, 1492675856459625693, -0.008, -0.026, -0.028, 0.325, 0.055, 0.024
2017-04-20 10:10:56,461, 1492675856461571705, -0.001, -0.025, -0.043, 0.347, -0.021, 0.028
2017-04-20 10:10:56,463, 1492675856463634335, -0.011, -0.029, -0.034, 0.339, -0.091, 0.017
2017-04-20 10:10:56,469, 1492675856469608513, -0.022, -0.005, -0.026, 0.178, -0.274, 0.0
2017-04-20 10:10:56,471, 1492675856471478648, -0.03, -0.006, -0.017, 0.121, -0.305, -0.012
2017-04-20 10:10:56,473, 1492675856473607794, -0.036, -0.001, -0.019, 0.017, -0.351, -0.008
2017-04-20 10:10:56,480, 1492675856480651243, -0.045, 0.021, 0.023, -0.161, -0.397, -0.028
2017-04-20 10:10:56,488, 1492675856487690399, -0.067, 0.036, 0.013, -0.279, -0.395, -0.037
2017-04-20 10:10:56,489, 1492675856489630491, -0.048, 0.043, 0.011, -0.254, -0.352, 0.003
2017-04-20 10:10:56,491, 1492675856491563799, -0.045, 0.04, -0.007, -0.226, -0.324, -0.012
2017-04-20 10:10:56,493, 1492675856493602557, -0.04, 0.04, -0.023, -0.186, -0.284, -0.024
2017-04-20 10:10:56,495, 1492675856495582677, -0.02, 0.046, -0.02, -0.146, -0.243, -0.005
2017-04-20 10:10:56,497, 1492675856497580794, -0.03, 0.032, -0.026, -0.118, -0.198, -0.008
2017-04-20 10:10:56,499, 1492675856499567402, -0.013, 0.029, -0.047, -0.084, -0.148, 0.003
2017-04-20 10:10:56,502, 1492675856502154855, -0.009, 0.02, -0.059, -0.073, -0.089, -0.005
2017-04-20 10:10:56,503, 1492675856503593518, -0.001, 0.018, -0.073, -0.049, -0.008, 0.0
2017-04-20 10:10:56,509, 1492675856509625296, 0.052, 0.032, -0.16, -0.042, 0.217, 0.008
2017-04-20 10:10:56,511, 1492675856511436927, 0.066, 0.033, -0.199, -0.052, 0.274, 0.016
2017-04-20 10:10:56,513, 1492675856513526101, 0.074, 0.033, -0.228, -0.078, 0.32, 0.028
2017-04-20 10:10:56,515, 1492675856515589289, 0.073, 0.041, -0.237, -0.11, 0.389, 0.017
2017-04-20 10:10:56,520, 1492675856520601907, 0.095, 0.047, -0.281, -0.145, 0.459, 0.017
2017-04-20 10:10:56,522, 1492675856522584454, 0.134, 0.066, -0.34, -0.293, 0.62, 0.004
2017-04-20 10:10:56,524, 1492675856524598698, 0.128, 0.073, -0.396, -0.352, 0.649, 0.008
2017-04-20 10:10:56,526, 1492675856526469333, 0.13, 0.1, -0.416, -0.383, 0.673, -0.008
2017-04-20 10:10:56,528, 1492675856528478376, 0.129, 0.083, -0.41, -0.403, 0.685, 0.017
2017-04-20 10:10:56,530, 1492675856530421711, 0.128, 0.066, -0.441, -0.379, 0.645, 0.044
2017-04-20 10:10:56,533, 1492675856532602202, 0.142, 0.089, -0.44, -0.358, 0.694, 0.057
2017-04-20 10:10:56,534, 1492675856534582442, 0.162, 0.102, -0.437, -0.323, 0.688, 0.008
2017-04-20 10:10:56,536, 1492675856536483413, 0.16, 0.104, -0.469, -0.327, 0.649, 0.003
2017-04-20 10:10:56,538, 1492675856538483122, 0.162, 0.105, -0.479, -0.347, 0.626, 0.02
2017-04-20 10:10:56,540, 1492675856540460964, 0.153, 0.104, -0.447, -0.398, 0.621, 0.025
2017-04-20 10:10:56,542, 1492675856542485130, 0.155, 0.112, -0.472, -0.473, 0.612, -0.005
2017-04-20 10:10:56,553, 1492675856552881591, 0.148, 0.102, -0.497, -0.536, 0.596, 0.008
2017-04-20 10:10:56,554, 1492675856554586950, 0.178, 0.14, -0.515, -0.566, 0.634, 0.02
2017-04-20 10:10:56,556, 1492675856556626002, 0.145, 0.128, -0.599, -0.55, 0.611, -0.013
2017-04-20 10:10:56,558, 1492675856558580164, 0.127, 0.139, -0.549, -0.539, 0.625, 0.016
2017-04-20 10:10:56,560, 1492675856560614587, 0.149, 0.132, -0.526, -0.536, 0.651, 0.036
2017-04-20 10:10:56,562, 1492675856562569969, 0.136, 0.121, -0.572, -0.51, 0.633, 0.024
2017-04-20 10:10:56,564, 1492675856564612841, 0.131, 0.121, -0.579, -0.49, 0.613, 0.02
2017-04-20 10:10:56,569, 1492675856569580041, 0.131, 0.102, -0.619, -0.353, 0.546, -0.056
2017-04-20 10:10:56,571, 1492675856571418636, 0.106, 0.1, -0.61, -0.3, 0.496, -0.069
2017-04-20 10:10:56,573, 1492675856573395005, 0.145, 0.096, -0.55, -0.218, 0.426, 0.033
2017-04-20 10:10:56,575, 1492675856575623127, 0.2, 0.113, -0.628, -0.2, 0.493, -0.032
2017-04-20 10:10:56,577, 1492675856577393030, 0.23, 0.122, -0.646, -0.235, 0.509, -0.041
2017-04-20 10:10:56,579, 1492675856579423322, 0.225, 0.137, -0.568, -0.321, 0.516, 0.036
2017-04-20 10:10:56,584, 1492675856584166348, 0.186, 0.114, -0.6, -0.5, 0.588, -0.008
2017-04-20 10:10:56,588, 1492675856588470588, 0.126, 0.113, -0.528, -0.642, 0.641, 0.012
2017-04-20 10:10:56,589, 1492675856589643083, 0.143, 0.106, -0.521, -0.595, 0.696, -0.061
2017-04-20 10:10:56,591, 1492675856591620216, 0.161, 0.121, -0.42, -0.49, 0.684, 0.057
2017-04-20 10:10:56,593, 1492675856593583649, 0.172, 0.104, -0.375, -0.442, 0.773, 0.069
2017-04-20 10:10:56,595, 1492675856595593774, 0.197, 0.116, -0.42, -0.415, 0.839, 0.016
2017-04-20 10:10:56,597, 1492675856597566358, 0.142, 0.108, -0.412, -0.414, 0.809, 0.033
2017-04-20 10:10:56,599, 1492675856599608914, 0.126, 0.079, -0.365, -0.45, 0.829, 0.02
2017-04-20 10:10:56,601, 1492675856601573516, 0.092, 0.056, -0.448, -0.372, 0.755, 0.028
2017-04-20 10:10:56,603, 1492675856603627466, 0.113, 0.049, -0.416, -0.293, 0.79, -0.032
2017-04-20 10:10:56,605, 1492675856605570487, 0.153, 0.075, -0.334, -0.141, 0.718, 0.003
2017-04-20 10:10:56,607, 1492675856607595740, 0.206, 0.066, -0.236, -0.075, 0.778, 0.118
2017-04-20 10:10:56,609, 1492675856609581069, 0.266, 0.091, -0.262, -0.069, 0.849, 0.012
2017-04-20 10:10:56,611, 1492675856611587718, 0.205, 0.056, -0.194, -0.115, 0.809, 0.065
2017-04-20 10:10:56,616, 1492675856616404216, 0.08, 0.025, -0.249, -0.153, 0.672, 0.02
2017-04-20 10:10:56,619, 1492675856618874568, -0.051, -0.002, -0.194, 0.038, 0.361, -0.021
2017-04-20 10:10:56,620, 1492675856620564706, 0.057, 0.029, -0.12, 0.092, 0.396, 0.077
2017-04-20 10:10:56,623, 1492675856622981658, 0.159, 0.038, -0.089, 0.109, 0.475, 0.118
2017-04-20 10:10:56,624, 1492675856624569334, 0.204, 0.053, -0.112, 0.045, 0.421, 0.008
2017-04-20 10:10:56,626, 1492675856626599872, 0.091, 0.042, -0.173, -0.05, 0.246, -0.013
2017-04-20 10:10:56,628, 1492675856628564237, -0.073, 0.012, -0.234, -0.111, -0.019, -0.008
2017-04-20 10:10:56,630, 1492675856630607761, -0.13, 0.006, -0.268, -0.104, -0.228, -0.032
2017-04-20 10:10:56,632, 1492675856632562008, -0.087, 0.036, -0.171, -0.103, -0.317, -0.085
2017-04-20 10:10:56,637, 1492675856637575533, 0.149, 0.045, -0.039, -0.224, -0.154, -0.049
2017-04-20 10:10:56,639, 1492675856639563217, -0.022, 0.004, -0.127, -0.262, -0.392, -0.045
2017-04-20 10:10:56,641, 1492675856641457804, -0.188, -0.031, -0.264, -0.147, -0.677, -0.069
2017-04-20 10:10:56,643, 1492675856643383829, -0.237, 0.001, -0.271, 0.039, -0.79, -0.024
2017-04-20 10:10:56,645, 1492675856645439548, -0.09, 0.054, -0.185, 0.24, -0.728, -0.008
2017-04-20 10:10:56,647, 1492675856647406328, 0.128, 0.075, -0.056, 0.229, -0.405, -0.005
2017-04-20 10:10:56,649, 1492675856649417057, 0.163, 0.035, 0.004, 0.089, -0.348, 0.017
2017-04-20 10:10:56,651, 1492675856651450834, -0.026, -0.017, -0.101, -0.066, -0.506, 0.0
2017-04-20 10:10:56,657, 1492675856653640846, -0.272, -0.047, -0.244, -0.029, -0.8, -0.057
2017-04-20 10:10:56,660, 1492675856655476201, -0.373, -0.013, -0.275, 0.088, -0.953, -0.021
2017-04-20 10:10:56,660, 1492675856657538602, -0.106, 0.069, -0.073, 0.099, -0.57, -0.069
2017-04-20 10:10:56,660, 1492675856659592027, 0.142, 0.053, 0.108, 0.013, -0.254, -0.045
2017-04-20 10:10:56,661, 1492675856661445394, 0.16, -0.007, 0.086, -0.108, -0.181, 0.012
2017-04-20 10:10:56,663, 1492675856663411968, -0.061, -0.083, -0.076, -0.105, -0.397, 0.028
2017-04-20 10:10:56,665, 1492675856665453826, -0.312, -0.067, -0.24, 0.154, -0.732, 0.012
2017-04-20 10:10:56,667, 1492675856667423793, -0.308, 0.036, -0.241, 0.36, -0.763, -0.073
2017-04-20 10:10:56,669, 1492675856669617098, 0.024, 0.081, -0.026, 0.367, -0.306, -0.045
2017-04-20 10:10:56,671, 1492675856671463255, 0.201, 0.01, 0.076, 0.213, -0.055, -0.041
2017-04-20 10:10:56,673, 1492675856673427560, 0.168, -0.052, 0.065, -0.009, -0.031, 0.024
2017-04-20 10:10:56,675, 1492675856675417462, -0.109, -0.076, -0.095, 0.031, -0.39, 0.041
2017-04-20 10:10:56,677, 1492675856677421989, -0.339, -0.049, -0.212, 0.23, -0.69, -0.024
2017-04-20 10:10:56,679, 1492675856679479107, -0.229, 0.075, -0.102, 0.278, -0.543, -0.013
2017-04-20 10:10:56,681, 1492675856681473787, 0.062, 0.074, -0.015, 0.15, -0.137, -0.024
2017-04-20 10:10:56,683, 1492675856683450514, 0.261, -0.036, 0.079, -0.111, 0.175, -0.029
2017-04-20 10:10:56,693, 1492675856688615247, 0.109, -0.078, 0.021, -0.23, -0.023, -0.005
2017-04-20 10:10:56,694, 1492675856690572008, -0.179, 0.101, -0.179, 0.132, -0.349, -0.061
2017-04-20 10:10:56,694, 1492675856692963520, 0.066, 0.086, 0.044, -0.02, 0.063, -0.078
2017-04-20 10:10:56,694, 1492675856694580191, 0.17, -0.091, 0.091, -0.252, 0.247, 0.065
2017-04-20 10:10:56,696, 1492675856696546231, 0.045, -0.115, -0.022, -0.266, 0.117, -0.021
2017-04-20 10:10:56,698, 1492675856698513894, -0.255, -0.059, -0.162, 0.063, -0.311, 0.003
2017-04-20 10:10:56,700, 1492675856700522410, -0.251, 0.049, -0.156, 0.369, -0.379, -0.021
2017-04-20 10:10:56,702, 1492675856702529053, 0.006, 0.127, -0.071, 0.387, 0.04, -0.105
2017-04-20 10:10:56,704, 1492675856704602978, 0.198, -0.054, 0.049, 0.203, 0.28, -0.033
2017-04-20 10:10:56,706, 1492675856706570248, 0.1, -0.176, 0.039, 0.142, 0.098, 0.057
2017-04-20 10:10:56,708, 1492675856708607746, -0.181, -0.16, -0.103, 0.351, -0.303, 0.118
2017-04-20 10:10:56,710, 1492675856710501015, -0.225, -0.024, -0.189, 0.672, -0.504, 0.077
2017-04-20 10:10:56,712, 1492675856712512746, -0.05, 0.083, -0.038, 0.719, -0.144, -0.089
2017-04-20 10:10:56,714, 1492675856714484672, 0.115, -0.031, 0.108, 0.48, 0.045, -0.04
2017-04-20 10:10:56,716, 1492675856716598808, 0.036, -0.218, 0.018, 0.361, -0.125, -0.012
2017-04-20 10:10:56,718, 1492675856718611367, -0.152, -0.213, -0.071, 0.48, -0.398, 0.012
2017-04-20 10:10:56,725, 1492675856725643039, 0.076, -0.123, 0.091, 0.325, -0.199, 0.082
2017-04-20 10:10:56,727, 1492675856727464266, -0.025, -0.2, 0.019, 0.206, -0.347, 0.077
2017-04-20 10:10:56,729, 1492675856729622805, -0.254, -0.137, -0.197, 0.306, -0.727, 0.146
2017-04-20 10:10:56,731, 1492675856731466402, -0.218, 0.097, -0.095, 0.335, -0.682, 0.028
2017-04-20 10:10:56,733, 1492675856733529696, -0.041, 0.184, 0.122, 0.143, -0.373, -0.13
2017-04-20 10:10:56,735, 1492675856735502696, 0.037, 0.014, 0.227, -0.346, -0.182, -0.089
2017-04-20 10:10:56,738, 1492675856737503751, -0.111, -0.158, 0.121, -0.59, -0.455, -0.032
2017-04-20 10:10:56,739, 1492675856739479746, -0.363, -0.152, 0.118, -0.511, -0.82, 0.024
2017-04-20 10:10:56,741, 1492675856741556457, -0.319, 0.111, 0.122, -0.242, -0.879, -0.086
2017-04-20 10:10:56,743, 1492675856743509456, -0.059, 0.231, 0.176, -0.143, -0.553, -0.162
2017-04-20 10:10:56,745, 1492675856745547983, 0.07, 0.066, 0.378, -0.339, -0.322, -0.094
2017-04-20 10:10:56,748, 1492675856747821067, -0.144, -0.188, 0.37, -0.37, -0.731, 0.065
2017-04-20 10:10:56,749, 1492675856749606122, -0.403, -0.194, 0.147, -0.028, -1.179, 0.101
2017-04-20 10:10:56,751, 1492675856751540576, -0.433, -0.015, 0.112, 0.444, -1.347, -0.045
2017-04-20 10:10:56,753, 1492675856753515501, -0.172, 0.106, 0.271, 0.698, -1.073, -0.186
2017-04-20 10:10:56,755, 1492675856755573764, 0.024, -0.024, 0.508, 0.587, -0.793, -0.13
2017-04-20 10:10:56,760, 1492675856760514943, -0.112, -0.292, 0.45, 0.53, -1.046, 0.085
2017-04-20 10:10:56,762, 1492675856762397513, -0.513, -0.094, 0.179, 1.432, -1.867, -0.065
2017-04-20 10:10:56,764, 1492675856764442449, -0.294, -0.102, 0.271, 1.605, -1.628, -0.033
2017-04-20 10:10:56,766, 1492675856766421996, -0.05, -0.214, 0.503, 1.492, -1.405, -0.049
2017-04-20 10:10:56,773, 1492675856773617210, -0.598, -0.146, 0.195, 1.643, -2.212, 0.012
2017-04-20 10:10:56,775, 1492675856775429241, -0.419, -0.16, 0.404, 1.595, -2.08, 0.004
2017-04-20 10:10:56,777, 1492675856777477059, -0.199, -0.27, 0.602, 1.31, -1.754, 0.02
2017-04-20 10:10:56,779, 1492675856779587761, -0.126, -0.326, 0.619, 1.086, -1.652, 0.089
2017-04-20 10:10:56,781, 1492675856781558786, -0.322, -0.212, 0.504, 0.959, -1.884, -0.032
2017-04-20 10:10:56,783, 1492675856783457327, -0.602, -0.151, 0.332, 0.875, -2.215, -0.061
2017-04-20 10:10:56,785, 1492675856785464979, -0.663, -0.152, 0.226, 0.826, -2.358, -0.094
2017-04-20 10:10:56,787, 1492675856787482548, -0.487, -0.253, 0.366, 0.78, -2.144, -0.024
2017-04-20 10:10:56,793, 1492675856793056215, -0.282, -0.24, 0.628, 0.84, -2.036, -0.008
2017-04-20 10:10:56,794, 1492675856794572042, -0.478, -0.107, 0.293, 1.033, -2.364, 0.033
2017-04-20 10:10:56,796, 1492675856796622137, -0.552, -0.154, 0.32, 0.893, -2.493, 0.004
2017-04-20 10:10:56,798, 1492675856798612498, -0.509, -0.225, 0.41, 0.699, -2.323, 0.028
2017-04-20 10:10:56,800, 1492675856800602373, -0.347, -0.159, 0.409, 0.597, -2.154, 0.053
2017-04-20 10:10:56,802, 1492675856802810224, -0.306, -0.093, 0.413, 0.637, -2.175, -0.143
2017-04-20 10:10:56,804, 1492675856804604220, -0.408, -0.122, 0.494, 0.6, -2.206, -0.135
2017-04-20 10:10:56,806, 1492675856806567403, -0.535, -0.176, 0.402, 0.598, -2.417, -0.056
2017-04-20 10:10:56,808, 1492675856808602640, -0.486, -0.191, 0.347, 0.625, -2.374, 0.025
2017-04-20 10:10:56,810, 1492675856810603817, -0.369, -0.149, 0.447, 0.665, -2.174, 0.012
2017-04-20 10:10:56,812, 1492675856812632038, -0.307, -0.125, 0.536, 0.771, -2.062, 0.0
2017-04-20 10:10:56,814, 1492675856814590140, -0.369, -0.147, 0.472, 0.882, -2.103, -0.045
2017-04-20 10:10:56,817, 1492675856816996946, -0.445, -0.204, 0.373, 0.952, -2.154, -0.04
2017-04-20 10:10:56,818, 1492675856818586874, -0.482, -0.259, 0.34, 1.028, -2.143, -0.146
2017-04-20 10:10:56,820, 1492675856820613424, -0.417, -0.209, 0.374, 1.16, -2.06, -0.077
2017-04-20 10:10:56,822, 1492675856822570588, -0.317, -0.199, 0.362, 1.276, -1.891, -0.024
2017-04-20 10:10:56,827, 1492675856827836129, -0.294, -0.219, 0.317, 1.366, -1.826, 0.02
2017-04-20 10:10:56,829, 1492675856829658989, -0.351, -0.243, 0.175, 1.603, -1.828, 0.057
2017-04-20 10:10:56,831, 1492675856831587577, -0.334, -0.228, 0.183, 1.636, -1.809, 0.0
2017-04-20 10:10:56,833, 1492675856833563644, -0.255, -0.239, 0.186, 1.606, -1.652, 0.02
2017-04-20 10:10:56,835, 1492675856835600857, -0.254, -0.258, 0.162, 1.541, -1.575, 0.041
2017-04-20 10:10:56,837, 1492675856837589644, -0.309, -0.264, 0.131, 1.426, -1.591, 0.016
2017-04-20 10:10:56,839, 1492675856839620786, -0.311, -0.218, 0.103, 1.323, -1.542, 0.028
2017-04-20 10:10:56,841, 1492675856841589755, -0.305, -0.194, 0.054, 1.227, -1.468, 0.041
2017-04-20 10:10:56,843, 1492675856843551181, -0.234, -0.175, 0.079, 1.076, -1.311, -0.045
2017-04-20 10:10:56,845, 1492675856845572803, -0.206, -0.166, 0.155, 0.938, -1.204, -0.041
2017-04-20 10:10:56,847, 1492675856847602980, -0.213, -0.145, 0.153, 0.794, -1.187, -0.008
2017-04-20 10:10:56,849, 1492675856849567851, -0.222, -0.114, 0.087, 0.633, -1.093, -0.024
2017-04-20 10:10:56,851, 1492675856851644692, -0.243, -0.105, 0.063, 0.507, -1.065, -0.041
2017-04-20 10:10:56,860, 1492675856858188839, -0.138, -0.055, 0.088, 0.222, -0.763, -0.024
2017-04-20 10:10:56,860, 1492675856860630547, -0.15, -0.016, 0.105, 0.172, -0.732, -0.061
2017-04-20 10:10:56,862, 1492675856862457443, -0.163, -0.028, 0.089, 0.158, -0.723, -0.028
2017-04-20 10:10:56,863, 1492675856863599625, -0.177, -0.036, 0.07, 0.136, -0.718, -0.045
2017-04-20 10:10:56,865, 1492675856865565498, -0.164, -0.026, 0.083, 0.111, -0.667, -0.032
2017-04-20 10:10:56,867, 1492675856867589134, -0.136, -0.031, 0.07, 0.128, -0.593, -0.008
2017-04-20 10:10:56,869, 1492675856869557149, -0.127, -0.023, 0.05, 0.16, -0.549, 0.012
2017-04-20 10:10:56,871, 1492675856871587899, -0.142, -0.026, 0.041, 0.183, -0.554, -0.029
2017-04-20 10:10:56,874, 1492675856874597448, -0.142, -0.043, 0.011, 0.254, -0.538, -0.008
2017-04-20 10:10:56,875, 1492675856875595442, -0.144, -0.06, 0.011, 0.281, -0.541, 0.003
2017-04-20 10:10:56,877, 1492675856877577668, -0.143, -0.053, 0.012, 0.331, -0.552, -0.013
2017-04-20 10:10:56,879, 1492675856879621248, -0.129, -0.054, 0.03, 0.388, -0.557, -0.02
2017-04-20 10:10:56,881, 1492675856881554118, -0.118, -0.061, 0.01, 0.43, -0.563, 0.008
2017-04-20 10:10:56,883, 1492675856883602832, -0.124, -0.076, -0.032, 0.455, -0.608, -0.004
2017-04-20 10:10:56,885, 1492675856885574964, -0.138, -0.081, -0.014, 0.494, -0.642, -0.024
2017-04-20 10:10:56,896, 1492675856896605578, -0.153, -0.093, -0.028, 0.471, -0.772, 0.366
2017-04-20 10:10:56,898, 1492675856898416284, -0.165, -0.098, -0.082, 0.454, -0.732, 0.279
2017-04-20 10:10:56,900, 1492675856900620415, -0.167, -0.089, -0.049, 0.474, -0.682, 0.288
2017-04-20 10:10:56,902, 1492675856902392867, -0.174, -0.071, -0.023, 0.456, -0.668, 0.284
2017-04-20 10:10:56,904, 1492675856904626270, -0.175, -0.069, -0.065, 0.482, -0.612, 0.235
2017-04-20 10:10:56,908, 1492675856908564470, -0.159, -0.074, -0.041, 0.506, -0.562, 0.097
2017-04-20 10:10:56,909, 1492675856909602077, -0.159, -0.073, -0.06, 0.508, -0.551, 0.073
2017-04-20 10:10:56,911, 1492675856911546507, -0.136, -0.075, -0.055, 0.493, -0.534, 0.085
2017-04-20 10:10:56,912, 1492675856912602195, -0.115, -0.062, -0.049, 0.455, -0.525, 0.126
2017-04-20 10:10:56,915, 1492675856914952480, -0.116, -0.065, -0.047, 0.42, -0.529, 0.122
2017-04-20 10:10:56,916, 1492675856916625258, -0.109, -0.061, -0.046, 0.384, -0.534, 0.085
2017-04-20 10:10:56,918, 1492675856918382700, -0.105, -0.05, -0.069, 0.347, -0.529, 0.069
2017-04-20 10:10:56,920, 1492675856920469028, -0.104, -0.046, -0.062, 0.306, -0.553, 0.065
2017-04-20 10:10:56,922, 1492675856922446450, -0.113, -0.044, -0.043, 0.281, -0.55, 0.069
2017-04-20 10:10:56,926, 1492675856926617775, -0.105, -0.029, -0.084, 0.23, -0.534, 0.089
2017-04-20 10:10:56,928, 1492675856928420872, -0.112, -0.034, -0.103, 0.226, -0.52, 0.093
2017-04-20 10:10:56,930, 1492675856930511307, -0.114, -0.021, -0.062, 0.2, -0.503, 0.106
2017-04-20 10:10:56,932, 1492675856932437907, -0.125, -0.019, -0.004, 0.158, -0.495, 0.13
2017-04-20 10:10:56,934, 1492675856934544837, -0.145, -0.023, -0.091, 0.1, -0.508, 0.171
2017-04-20 10:10:56,937, 1492675856937276979, -0.146, -0.018, -0.096, 0.07, -0.509, 0.174
2017-04-20 10:10:56,938, 1492675856938598354, -0.132, 0.01, 0.032, 0.009, -0.499, 0.154
2017-04-20 10:10:56,940, 1492675856940495084, -0.124, -0.008, 0.002, -0.009, -0.475, 0.141
2017-04-20 10:10:56,942, 1492675856942649135, -0.132, -0.039, -0.13, 0.009, -0.483, 0.174
2017-04-20 10:10:56,944, 1492675856944443804, -0.146, -0.037, -0.069, 0.065, -0.528, 0.199
2017-04-20 10:10:56,946, 1492675856946501973, -0.143, -0.029, 0.021, 0.143, -0.537, 0.207
2017-04-20 10:10:56,948, 1492675856948470285, -0.099, -0.043, -0.092, 0.233, -0.476, 0.215
2017-04-20 10:10:56,950, 1492675856950483002, -0.088, -0.072, -0.142, 0.305, -0.47, 0.22
2017-04-20 10:10:56,953, 1492675856953432092, -0.121, -0.082, -0.058, 0.35, -0.511, 0.195
2017-04-20 10:10:56,954, 1492675856954590086, -0.109, -0.071, -0.092, 0.404, -0.486, 0.122
2017-04-20 10:10:56,956, 1492675856956495781, -0.088, -0.076, -0.169, 0.416, -0.444, 0.114
2017-04-20 10:10:56,964, 1492675856964539320, -0.089, -0.077, -0.034, 0.464, -0.421, 0.06
2017-04-20 10:10:56,966, 1492675856966549217, -0.094, -0.061, -0.056, 0.506, -0.397, 0.098
2017-04-20 10:10:56,968, 1492675856968604508, -0.102, -0.057, 0.004, 0.486, -0.413, 0.09
2017-04-20 10:10:56,970, 1492675856970511692, -0.096, -0.062, -0.075, 0.442, -0.4, 0.174
2017-04-20 10:10:56,972, 1492675856972415089, -0.104, -0.06, -0.111, 0.399, -0.41, 0.228
2017-04-20 10:10:56,974, 1492675856974609697, -0.129, -0.04, -0.021, 0.351, -0.443, 0.179
2017-04-20 10:10:56,976, 1492675856976869763, -0.122, -0.022, -0.026, 0.332, -0.447, 0.1