2017-04-20 10:09:04,575, 1492675744575186910, 0.015, 0.012, 0.011, -0.047, 0.175, 0.016
2017-04-20 10:09:04,582, 1492675744582110299, 0.015, -0.005, 0.004, 0.025, 0.163, 0.012
2017-04-20 10:09:04,583, 1492675744583419502, 0.014, -0.008, 0.009, 0.039, 0.154, 0.008
2017-04-20 10:09:04,585, 1492675744585289385, 0.02, -0.003, -0.001, 0.059, 0.133, 0.008
2017-04-20 10:09:04,587, 1492675744587242407, 0.019, -0.011, -0.021, 0.07, 0.112, -0.008
2017-04-20 10:09:04,589, 1492675744589297707, 0.01, 0.0, -0.012, 0.076, 0.088, 0.0
2017-04-20 10:09:04,591, 1492675744591244425, 0.007, 0.005, -0.017, 0.081, 0.062, 0.008
2017-04-20 10:09:04,599, 1492675744597145020, 0.01, -0.012, -0.021, 0.066, 0.031, 0.008
2017-04-20 10:09:04,604, 1492675744599356975, -0.01, -0.007, -0.014, 0.044, -0.031, 0.0
2017-04-20 10:09:04,605, 1492675744605293874, -0.019, 0.009, 0.003, 0.0, -0.093, 0.003
2017-04-20 10:09:04,607, 1492675744607134990, -0.024, 0.012, 0.003, -0.003, -0.108, -0.008
2017-04-20 10:09:04,609, 1492675744609321376, -0.03, 0.025, 0.006, -0.028, -0.131, 0.008
2017-04-20 10:09:04,611, 1492675744611136516, -0.022, 0.02, 0.003, -0.048, -0.145, -0.008
2017-04-20 10:09:04,613, 1492675744613187696, -0.029, 0.018, 0.004, -0.066, -0.147, -0.005
2017-04-20 10:09:04,615, 1492675744615279214, -0.014, 0.026, 0.003, -0.092, -0.15, -0.013
2017-04-20 10:09:04,617, 1492675744617322760, -0.023, 0.02, 0.005, -0.119, -0.165, -0.013
2017-04-20 10:09:04,619, 1492675744619117941, -0.019, 0.032, 0.003, -0.138, -0.164, -0.005
2017-04-20 10:09:04,621, 1492675744621169767, -0.008, 0.043, 0.001, -0.167, -0.16, -0.016
2017-04-20 10:09:04,623, 1492675744623183013, -0.02, 0.029, 0.01, -0.197, -0.154, 0.0
2017-04-20 10:09:04,625, 1492675744625195633, -0.029, 0.044, 0.003, -0.216, -0.149, -0.016
2017-04-20 10:09:04,627, 1492675744627185751, -0.036, 0.036, -0.001, -0.227, -0.133, -0.008
2017-04-20 10:09:04,629, 1492675744629175963, -0.022, 0.044, 0.007, -0.228, -0.125, -0.021
2017-04-20 10:09:04,635, 1492675744634894149, -0.019, 0.033, 0.003, -0.196, -0.093, 0.003
2017-04-20 10:09:04,636, 1492675744636319990, -0.033, 0.036, 0.0, -0.15, -0.081, -0.016
2017-04-20 10:09:04,638, 1492675744638234709, -0.022, 0.029, -0.014, -0.098, -0.072, 0.0
2017-04-20 10:09:04,640, 1492675744640624357, -0.006, 0.01, -0.005, -0.055, -0.062, 0.003
2017-04-20 10:09:04,642, 1492675744642595248, -0.004, 0.004, -0.014, -0.012, -0.05, 0.008
2017-04-20 10:09:04,644, 1492675744644429404, -0.006, -0.001, -0.018, 0.028, -0.037, -0.005
2017-04-20 10:09:04,646, 1492675744646278243, -0.004, 0.006, -0.037, 0.077, -0.023, -0.008
2017-04-20 10:09:04,648, 1492675744648514532, -0.001, 0.003, -0.027, 0.115, -0.011, -0.013
2017-04-20 10:09:04,650, 1492675744650272873, 0.002, -0.002, -0.028, 0.136, 0.004, 0.008
2017-04-20 10:09:04,652, 1492675744652519910, 0.01, -0.02, -0.026, 0.146, 0.031, 0.016
2017-04-20 10:09:04,654, 1492675744654277640, 0.01, -0.007, -0.027, 0.145, 0.047, 0.012
2017-04-20 10:09:04,656, 1492675744656309038, 0.01, -0.007, -0.014, 0.136, 0.068, 0.003
2017-04-20 10:09:04,658, 1492675744658249815, 0.018, -0.009, -0.02, 0.106, 0.099, 0.008
2017-04-20 10:09:04,660, 1492675744660313168, 0.004, 0.003, -0.01, 0.071, 0.128, 0.008
2017-04-20 10:09:04,666, 1492675744666309548, 0.034, 0.022, -0.007, -0.055, 0.186, 0.012
2017-04-20 10:09:04,668, 1492675744668265139, 0.035, 0.021, 0.007, -0.109, 0.201, 0.0
2017-04-20 10:09:04,671, 1492675744671354114, 0.045, 0.019, -0.025, -0.178, 0.234, 0.008
2017-04-20 10:09:04,674, 1492675744673975765, 0.04, 0.038, -0.051, -0.208, 0.256, -0.008
2017-04-20 10:09:04,675, 1492675744675266505, 0.053, 0.068, -0.072, -0.253, 0.285, 0.003
2017-04-20 10:09:04,676, 1492675744676304565, 0.054, 0.059, -0.076, -0.279, 0.289, -0.013
2017-04-20 10:09:04,678, 1492675744678251416, 0.047, 0.057, -0.105, -0.298, 0.288, -0.016
2017-04-20 10:09:04,681, 1492675744681257074, 0.044, 0.052, -0.111, -0.329, 0.271, -0.005
2017-04-20 10:09:04,682, 1492675744682264757, 0.03, 0.058, -0.106, -0.325, 0.284, 0.012
2017-04-20 10:09:04,684, 1492675744684241322, 0.062, 0.062, -0.13, -0.326, 0.284, -0.008
2017-04-20 10:09:04,686, 1492675744686289385, 0.045, 0.065, -0.131, -0.322, 0.285, -0.016
2017-04-20 10:09:04,688, 1492675744688322204, 0.043, 0.052, -0.115, -0.324, 0.272, 0.0
2017-04-20 10:09:04,690, 1492675744690208849, 0.041, 0.044, -0.132, -0.314, 0.248, 0.012
2017-04-20 10:09:04,692, 1492675744692577621, 0.047, 0.053, -0.15, -0.305, 0.225, -0.008
2017-04-20 10:09:04,694, 1492675744694505147, 0.038, 0.055, -0.148, -0.283, 0.216, -0.008
2017-04-20 10:09:04,696, 1492675744696296715, 0.046, 0.045, -0.148, -0.264, 0.195, 0.008
2017-04-20 10:09:04,700, 1492675744700574718, 0.029, 0.044, -0.158, -0.239, 0.171, 0.008
2017-04-20 10:09:04,705, 1492675744705309441, 0.008, 0.028, -0.162, -0.087, 0.026, -0.013
2017-04-20 10:09:04,707, 1492675744707143364, 0.004, 0.028, -0.151, -0.053, -0.006, -0.013
2017-04-20 10:09:04,709, 1492675744709209946, 0.012, 0.026, -0.137, -0.005, -0.04, 0.008
2017-04-20 10:09:04,711, 1492675744711143138, 0.007, 0.038, -0.144, 0.032, -0.077, 0.008
2017-04-20 10:09:04,713, 1492675744713790279, 0.006, 0.027, -0.14, 0.063, -0.12, 0.0
2017-04-20 10:09:04,715, 1492675744715270569, -0.002, 0.005, -0.113, 0.082, -0.176, -0.005
2017-04-20 10:09:04,717, 1492675744717513421, -0.005, 0.005, -0.118, 0.094, -0.209, 0.008
2017-04-20 10:09:04,719, 1492675744719233926, 0.002, 0.007, -0.123, 0.092, -0.208, -0.005
2017-04-20 10:09:04,725, 1492675744725292951, -0.013, 0.015, -0.115, 0.048, -0.232, -0.005
2017-04-20 10:09:04,727, 1492675744727069929, -0.021, 0.008, -0.135, 0.041, -0.231, -0.021
2017-04-20 10:09:04,729, 1492675744729218614, -0.025, 0.02, -0.115, 0.031, -0.235, -0.016
2017-04-20 10:09:04,731, 1492675744731183366, -0.006, 0.017, -0.122, 0.026, -0.209, 0.024
2017-04-20 10:09:04,741, 1492675744737645489, -0.002, 0.023, -0.159, 0.008, -0.152, -0.024
2017-04-20 10:09:04,742, 1492675744742264112, 0.02, 0.061, -0.15, -0.267, 0.033, -0.008
2017-04-20 10:09:04,744, 1492675744744132599, 0.048, 0.068, -0.152, -0.326, 0.113, 0.012
2017-04-20 10:09:04,746, 1492675744746187222, 0.063, 0.07, -0.152, -0.405, 0.204, 0.016
2017-04-20 10:09:04,748, 1492675744748198869, 0.053, 0.066, -0.147, -0.45, 0.241, -0.013
2017-04-20 10:09:04,750, 1492675744750136968, 0.037, 0.071, -0.154, -0.477, 0.298, -0.021
2017-04-20 10:09:04,752, 1492675744752221298, 0.03, 0.072, -0.162, -0.461, 0.33, 0.0
2017-04-20 10:09:04,754, 1492675744754197769, 0.059, 0.08, -0.146, -0.454, 0.423, -0.008
2017-04-20 10:09:04,756, 1492675744756157224, 0.074, 0.076, -0.144, -0.44, 0.471, 0.012
2017-04-20 10:09:04,761, 1492675744761288877, 0.051, 0.042, -0.161, -0.263, 0.466, 0.036
2017-04-20 10:09:04,763, 1492675744763105784, 0.041, 0.059, -0.17, -0.182, 0.468, 0.016
2017-04-20 10:09:04,765, 1492675744765149893, 0.08, 0.04, -0.204, -0.096, 0.489, -0.024
2017-04-20 10:09:04,767, 1492675744767297001, 0.101, 0.029, -0.147, -0.037, 0.492, 0.024
2017-04-20 10:09:04,773, 1492675744773107270, 0.105, 0.015, -0.151, 0.002, 0.467, 0.012
2017-04-20 10:09:04,775, 1492675744775224268, 0.063, 0.022, -0.169, 0.182, 0.31, 0.016
2017-04-20 10:09:04,776, 1492675744776249110, 0.06, -0.008, -0.156, 0.183, 0.295, 0.0
2017-04-20 10:09:04,778, 1492675744778267760, 0.057, -0.036, -0.185, 0.207, 0.226, 0.024
2017-04-20 10:09:04,780, 1492675744780263104, 0.078, 0.002, -0.143, 0.207, 0.24, 0.024
2017-04-20 10:09:04,782, 1492675744782320236, 0.105, 0.023, -0.144, 0.197, 0.25, 0.008
2017-04-20 10:09:04,784, 1492675744784270904, 0.067, 0.015, -0.16, 0.133, 0.2, -0.013
2017-04-20 10:09:04,786, 1492675744786308624, 0.043, 0.015, -0.137, 0.025, 0.158, 0.041
2017-04-20 10:09:04,789, 1492675744789259752, 0.02, 0.018, -0.19, -0.084, 0.132, 0.012
2017-04-20 10:09:04,791, 1492675744791286315, 0.025, 0.054, -0.18, -0.181, 0.161, 0.0
2017-04-20 10:09:04,793, 1492675744793069359, 0.072, 0.069, -0.124, -0.253, 0.22, -0.029
2017-04-20 10:09:04,797, 1492675744797309782, 0.019, 0.041, -0.18, -0.43, 0.142, 0.0
2017-04-20 10:09:04,799, 1492675744799076440, 0.025, 0.062, -0.171, -0.421, 0.16, 0.012
2017-04-20 10:09:04,801, 1492675744801373266, 0.009, 0.08, -0.16, -0.383, 0.123, -0.029
2017-04-20 10:09:04,803, 1492675744803153459, 0.009, 0.089, -0.178, -0.35, 0.107, -0.024
2017-04-20 10:09:04,810, 1492675744810160892, 0.03, 0.055, -0.161, -0.313, 0.091, 0.0
2017-04-20 10:09:04,811, 1492675744811298485, -0.004, 0.069, -0.182, -0.071, -0.119, -0.013
2017-04-20 10:09:04,813, 1492675744813307018, -0.015, 0.034, -0.2, -0.038, -0.183, 0.008
2017-04-20 10:09:04,815, 1492675744815239896, 0.016, 0.029, -0.149, -0.033, -0.156, 0.02
2017-04-20 10:09:04,817, 1492675744817294079, 0.044, 0.037, -0.15, -0.039, -0.146, -0.029
2017-04-20 10:09:04,819, 1492675744819244511, 0.044, 0.044, -0.167, -0.05, -0.162, -0.033
2017-04-20 10:09:04,821, 1492675744821286893, 0.02, 0.049, -0.175, -0.075, -0.149, -0.037
2017-04-20 10:09:04,824, 1492675744824254665, 0.0, 0.033, -0.15, -0.151, -0.13, -0.016
2017-04-20 10:09:04,825, 1492675744825297983, 0.015, 0.034, -0.176, -0.206, -0.065, -0.029
2017-04-20 10:09:04,827, 1492675744827261718, 0.018, 0.048, -0.161, -0.243, -0.002, -0.021
2017-04-20 10:09:04,829, 1492675744829287216, 0.034, 0.054, -0.093, -0.265, 0.066, 0.024
2017-04-20 10:09:04,831, 1492675744831272457, 0.01, 0.048, -0.17, -0.236, 0.086, -0.013
2017-04-20 10:09:04,834, 1492675744834263647, 0.01, 0.049, -0.143, -0.218, 0.153, -0.005
2017-04-20 10:09:04,837, 1492675744836801091, 0.005, 0.046, -0.092, -0.192, 0.134, 0.008
2017-04-20 10:09:04,842, 1492675744842283518, 0.01, 0.031, -0.019, -0.111, 0.148, 0.077
2017-04-20 10:09:04,844, 1492675744844036797, 0.058, 0.038, -0.044, -0.113, 0.207, 0.041
2017-04-20 10:09:04,846, 1492675744846589138, 0.059, 0.024, -0.091, -0.132, 0.252, -0.013
2017-04-20 10:09:04,848, 1492675744848400521, 0.034, 0.008, -0.027, -0.152, 0.174, -0.024
2017-04-20 10:09:04,850, 1492675744850245249, 0.035, 0.015, -0.034, -0.148, 0.217, -0.021
2017-04-20 10:09:04,852, 1492675744852136365, 0.02, -0.004, -0.12, -0.101, 0.203, -0.037
2017-04-20 10:09:04,854, 1492675744854300818, 0.013, 0.002, -0.067, -0.025, 0.198, -0.029
2017-04-20 10:09:04,856, 1492675744856097450, 0.034, 0.005, -0.035, 0.044, 0.233, 0.008
2017-04-20 10:09:04,858, 1492675744858128521, 0.017, -0.023, -0.111, 0.161, 0.157, 0.052
2017-04-20 10:09:04,860, 1492675744860121362, -0.005, -0.027, -0.082, 0.263, 0.124, 0.041
2017-04-20 10:09:04,862, 1492675744862284243, 0.012, -0.026, -0.042, 0.398, 0.057, 0.044
2017-04-20 10:09:04,864, 1492675744864337252, -0.035, -0.032, -0.088, 0.473, -0.028, 0.028
2017-04-20 10:09:04,866, 1492675744866148766, -0.029, -0.046, -0.122, 0.524, -0.109, 0.012
2017-04-20 10:09:04,875, 1492675744873306131, 0.012, -0.016, -0.063, 0.087, -0.174, -0.013
2017-04-20 10:09:04,880, 1492675744879140731, -0.037, 0.009, 0.015, -0.019, -0.247, -0.024
2017-04-20 10:09:04,880, 1492675744880299928, -0.053, 0.005, 0.01, -0.22, -0.246, -0.024
2017-04-20 10:09:04,882, 1492675744882314497, -0.08, 0.013, -0.023, -0.162, -0.288, 0.016
2017-04-20 10:09:04,884, 1492675744884411564, -0.078, 0.024, -0.076, -0.074, -0.308, 0.016
2017-04-20 10:09:04,886, 1492675744886313593, -0.115, 0.018, -0.024, 0.063, -0.409, 0.012
2017-04-20 10:09:04,888, 1492675744888263056, -0.125, 0.025, -0.02, 0.135, -0.501, 0.016
2017-04-20 10:09:04,890, 1492675744890278121, -0.083, 0.015, -0.04, 0.16, -0.477, 0.024
2017-04-20 10:09:04,892, 1492675744892292667, -0.02, 0.034, -0.041, 0.123, -0.461, -0.037
2017-04-20 10:09:04,894, 1492675744894262385, -0.031, 0.037, 0.016, -0.018, -0.497, -0.008
2017-04-20 10:09:04,896, 1492675744896271830, -0.046, 0.001, -0.018, -0.147, -0.526, -0.008
2017-04-20 10:09:04,899, 1492675744899284308, -0.07, 0.015, -0.117, -0.25, -0.557, -0.094
2017-04-20 10:09:04,901, 1492675744901117524, -0.068, 0.027, -0.019, -0.316, -0.499, -0.069
2017-04-20 10:09:04,902, 1492675744902270470, -0.057, 0.019, -0.039, -0.247, -0.521, -0.065
2017-04-20 10:09:04,908, 1492675744908345648, -0.029, 0.004, -0.101, -0.178, -0.377, -0.105
2017-04-20 10:09:04,910, 1492675744910246263, -0.09, -0.006, -0.09, 0.259, -0.421, -0.029
2017-04-20 10:09:04,914, 1492675744914245673, -0.027, 0.005, 0.05, 0.432, -0.32, 0.028
2017-04-20 10:09:04,915, 1492675744915290890, 0.006, 0.007, 0.024, 0.341, -0.209, 0.033
2017-04-20 10:09:04,917, 1492675744917088730, 0.004, 0.006, -0.006, 0.261, -0.179, 0.057
2017-04-20 10:09:04,918, 1492675744918416193, -0.032, -0.03, -0.025, 0.137, -0.214, 0.028
2017-04-20 10:09:04,920, 1492675744920216590, -0.049, -0.024, 0.006, 0.011, -0.153, -0.037
2017-04-20 10:09:04,922, 1492675744922234426, -0.065, 0.01, 0.002, -0.15, -0.107, -0.041
2017-04-20 10:09:04,924, 1492675744924190222, -0.056, -0.01, -0.014, -0.234, -0.038, -0.041
2017-04-20 10:09:04,926, 1492675744926343855, -0.034, -0.022, 0.004, -0.231, 0.019, -0.049
2017-04-20 10:09:04,928, 1492675744928518428, -0.037, -0.016, 0.001, -0.141, 0.004, 0.008
2017-04-20 10:09:04,930, 1492675744930270897, -0.028, -0.021, -0.028, 0.085, 0.028, -0.016
2017-04-20 10:09:04,938, 1492675744938287933, 0.011, -0.033, -0.032, 0.581, -0.102, 0.033
2017-04-20 10:09:04,940, 1492675744940154004, 0.006, -0.031, 0.002, 0.466, -0.112, 0.081
2017-04-20 10:09:04,943, 1492675744943192206, -0.015, -0.028, -0.057, 0.345, -0.154, 0.003
2017-04-20 10:09:04,945, 1492675744945166607, -0.066, -0.018, -0.051, 0.034, -0.177, -0.053
2017-04-20 10:09:04,946, 1492675744946249486, -0.02, -0.016, -0.034, -0.106, -0.107, -0.081
2017-04-20 10:09:04,948, 1492675744948193191, -0.035, -0.018, -0.049, -0.162, -0.113, -0.078
2017-04-20 10:09:04,950, 1492675744950160687, -0.008, 0.001, -0.031, -0.204, -0.129, -0.073
2017-04-20 10:09:04,952, 1492675744952203538, -0.044, -0.003, -0.005, -0.117, -0.174, -0.049
2017-04-20 10:09:04,954, 1492675744954216647, -0.079, -0.014, -0.048, 0.032, -0.248, -0.037
2017-04-20 10:09:04,956, 1492675744956284799, -0.09, -0.012, -0.031, 0.199, -0.305, 0.06
2017-04-20 10:09:04,958, 1492675744958137348, -0.031, 0.001, 0.014, 0.31, -0.283, 0.024
2017-04-20 10:09:04,960, 1492675744960176869, -0.044, -0.007, 0.009, 0.341, -0.293, 0.012
2017-04-20 10:09:04,962, 1492675744962246011, -0.068, -0.02, -0.019, 0.291, -0.324, 0.052
2017-04-20 10:09:04,964, 1492675744964218434, -0.084, -0.013, -0.041, 0.234, -0.397, 0.0
2017-04-20 10:09:04,966, 1492675744966361351, -0.11, -0.012, -0.007, 0.101, -0.394, 0.008
2017-04-20 10:09:04,968, 1492675744968171118, -0.094, 0.002, -0.069, 0.035, -0.432, -0.045
2017-04-20 10:09:04,970, 1492675744970143002, -0.093, -0.017, -0.037, -0.045, -0.428, -0.053
2017-04-20 10:09:04,974, 1492675744972563419, -0.081, -0.021, 0.002, -0.078, -0.481, -0.029
2017-04-20 10:09:04,974, 1492675744974264049, -0.082, -0.028, -0.062, 0.054, -0.554, -0.073
2017-04-20 10:09:04,976, 1492675744976225554, -0.097, -0.017, -0.075, 0.152, -0.598, -0.081
2017-04-20 10:09:04,978, 1492675744978261274, -0.092, -0.012, 0.002, 0.275, -0.661, -0.008
2017-04-20 10:09:04,982, 1492675744982259310, -0.04, 0.014, -0.014, 0.347, -0.628, -0.029
2017-04-20 10:09:04,984, 1492675744984242692, -0.083, -0.017, -0.007, 0.196, -0.631, 0.041
2017-04-20 10:09:04,986, 1492675744986225744, -0.11, -0.001, -0.051, 0.101, -0.618, -0.013
2017-04-20 10:09:04,988, 1492675744988145055, -0.103, 0.02, -0.072, -0.045, -0.514, -0.045
2017-04-20 10:09:04,990, 1492675744990272436, -0.111, 0.007, -0.044, -0.145, -0.51, -0.081
2017-04-20 10:09:04,992, 1492675744992126925, -0.098, -0.003, -0.002, -0.228, -0.468, -0.053
2017-04-20 10:09:04,994, 1492675744994171989, -0.084, -0.014, -0.039, -0.228, -0.41, -0.029
2017-04-20 10:09:04,996, 1492675744996152153, -0.098, -0.009, -0.036, -0.097, -0.48, -0.049
2017-04-20 10:09:04,998, 1492675744998203684, -0.105, 0.008, 0.004, 0.043, -0.47, -0.021
2017-04-20 10:09:05,000, 1492675745000181204, -0.065, -0.001, 0.013, 0.18, -0.417, 0.016
2017-04-20 10:09:05,002, 1492675745002218475, -0.032, -0.022, -0.01, 0.273, -0.382, -0.016
2017-04-20 10:09:05,004, 1492675745004182074, -0.047, -0.047, 0.012, 0.307, -0.362, 0.003
2017-04-20 10:09:05,006, 1492675745006262387, -0.084, -0.045, -0.036, 0.381, -0.366, 0.036
2017-04-20 10:09:05,013, 1492675745013046622, -0.066, -0.029, -0.087, 0.412, -0.314, -0.037
2017-04-20 10:09:05,014, 1492675745014361622, -0.059, -0.085, -0.054, 0.412, -0.236, 0.041
2017-04-20 10:09:05,016, 1492675745016231501, -0.083, -0.065, -0.022, 0.495, -0.34, 0.003
2017-04-20 10:09:05,018, 1492675745018280487, -0.092, -0.051, -0.006, 0.57, -0.354, 0.02
2017-04-20 10:09:05,020, 1492675745020256180, -0.016, -0.031, -0.024, 0.561, -0.283, 0.02
2017-04-20 10:09:05,023, 1492675745023326258, -0.014, -0.069, 0.031, 0.434, -0.305, -0.016
2017-04-20 10:09:05,025, 1492675745025117914, -0.034, -0.065, 0.025, 0.342, -0.264, -0.016
2017-04-20 10:09:05,026, 1492675745026306724, -0.04, -0.036, -0.037, 0.269, -0.329, -0.013
2017-04-20 10:09:05,028, 1492675745028271057, -0.091, -0.03, -0.031, 0.136, -0.283, -0.045
2017-04-20 10:09:05,030, 1492675745030281744, -0.077, -0.015, 0.001, 0.054, -0.287, -0.041
2017-04-20 10:09:05,032, 1492675745032266356, -0.109, -0.025, -0.06, 0.029, -0.36, -0.024
2017-04-20 10:09:05,034, 1492675745034278754, -0.074, -0.044, -0.035, 0.04, -0.244, -0.016
2017-04-20 10:09:05,036, 1492675745036262773, -0.078, -0.024, -0.02, 0.141, -0.363, -0.037
2017-04-20 10:09:05,042, 1492675745042613259, -0.076, -0.022, -0.042, 0.353, -0.46, 0.008
2017-04-20 10:09:05,044, 1492675745044283422, -0.057, -0.012, 0.016, 0.282, -0.512, -0.013
2017-04-20 10:09:05,046, 1492675745046322085, -0.089, -0.029, 0.012, 0.214, -0.558, 0.003
2017-04-20 10:09:05,048, 1492675745048239393, -0.055, -0.005, -0.071, 0.096, -0.527, 0.008
2017-04-20 10:09:05,050, 1492675745050278480, -0.102, 0.01, -0.054, 0.017, -0.588, -0.065
2017-04-20 10:09:05,052, 1492675745052284706, -0.136, -0.029, -0.015, -0.022, -0.617, -0.041
2017-04-20 10:09:05,054, 1492675745054307189, -0.103, -0.02, -0.087, 0.008, -0.629, -0.041
2017-04-20 10:09:05,056, 1492675745056279481, -0.086, -0.025, -0.084, 0.074, -0.608, -0.065
2017-04-20 10:09:05,058, 1492675745058268333, -0.112, -0.051, -0.002, 0.213, -0.673, -0.061
2017-04-20 10:09:05,062, 1492675745060283676, -0.106, -0.015, -0.052, 0.336, -0.687, 0.0
2017-04-20 10:09:05,062, 1492675745062734289, -0.08, -0.009, -0.081, 0.417, -0.677, 0.012
2017-04-20 10:09:05,064, 1492675745064267680, -0.094, -0.025, -0.012, 0.367, -0.633, -0.016
2017-04-20 10:09:05,066, 1492675745066308267, -0.079, -0.013, -0.055, 0.295, -0.631, -0.005
2017-04-20 10:09:05,068, 1492675745068267499, -0.085, -0.011, -0.096, 0.167, -0.568, 0.02
2017-04-20 10:09:05,070, 1492675745070298170, -0.103, -0.03, -0.037, 0.002, -0.497, -0.057
2017-04-20 10:09:05,072, 1492675745072259108, -0.14, -0.013, -0.054, -0.085, -0.564, -0.102
2017-04-20 10:09:05,074, 1492675745074296190, -0.136, -0.026, -0.059, -0.124, -0.474, -0.057
2017-04-20 10:09:05,076, 1492675745076259445, -0.097, -0.024, -0.066, -0.076, -0.475, -0.061
2017-04-20 10:09:05,078, 1492675745078315527, -0.115, -0.018, -0.012, 0.01, -0.491, -0.105
2017-04-20 10:09:05,084, 1492675745084256225, -0.066, -0.022, -0.006, 0.41, -0.456, 0.008
2017-04-20 10:09:05,086, 1492675745086100146, -0.1, -0.033, 0.018, 0.492, -0.563, -0.008
2017-04-20 10:09:05,088, 1492675745088076896, -0.088, -0.056, -0.029, 0.464, -0.485, 0.033
2017-04-20 10:09:05,090, 1492675745090118125, -0.078, -0.048, -0.079, 0.416, -0.472, -0.016
2017-04-20 10:09:05,092, 1492675745092101593, -0.121, -0.069, -0.017, 0.342, -0.505, -0.057
2017-04-20 10:09:05,097, 1492675745097268233, -0.091, -0.051, -0.074, 0.39, -0.52, -0.005
2017-04-20 10:09:05,099, 1492675745099101206, -0.111, -0.061, 0.013, 0.432, -0.583, -0.005
2017-04-20 10:09:05,101, 1492675745101174974, -0.078, -0.059, 0.002, 0.533, -0.601, 0.052
2017-04-20 10:09:05,103, 1492675745103110500, -0.046, -0.066, -0.037, 0.556, -0.532, 0.016
2017-04-20 10:09:05,105, 1492675745105275613, -0.072, -0.061, 0.001, 0.516, -0.54, -0.061
2017-04-20 10:09:05,107, 1492675745107098439, -0.093, -0.051, 0.024, 0.473, -0.608, -0.016
2017-04-20 10:09:05,114, 1492675745113835406, -0.113, -0.063, -0.014, 0.239, -0.467, -0.037
2017-04-20 10:09:05,115, 1492675745115263027, -0.149, -0.053, -0.066, 0.268, -0.508, 0.02
2017-04-20 10:09:05,117, 1492675745117266474, -0.11, -0.069, -0.035, 0.342, -0.507, -0.008
2017-04-20 10:09:05,119, 1492675745119420148, -0.113, -0.037, 0.03, 0.436, -0.572, -0.061
2017-04-20 10:09:05,121, 1492675745121258278, -0.056, -0.028, 0.051, 0.476, -0.505, 0.016
2017-04-20 10:09:05,123, 1492675745123261505, -0.098, -0.056, -0.024, 0.452, -0.537, -0.013
2017-04-20 10:09:05,125, 1492675745125309625, -0.138, -0.063, 0.01, 0.4, -0.632, 0.036
2017-04-20 10:09:05,127, 1492675745127232583, -0.123, -0.027, 0.042, 0.32, -0.626, 0.052
2017-04-20 10:09:05,129, 1492675745129290869, -0.134, -0.029, -0.012, 0.219, -0.572, -0.016
2017-04-20 10:09:05,131, 1492675745131277304, -0.14, -0.047, -0.004, 0.147, -0.63, -0.041
2017-04-20 10:09:05,133, 1492675745133276856, -0.161, -0.04, 0.024, 0.142, -0.691, -0.049
2017-04-20 10:09:05,135, 1492675745135564292, -0.165, -0.043, 0.009, 0.188, -0.707, -0.073
2017-04-20 10:09:05,137, 1492675745137300866, -0.143, -0.04, -0.002, 0.254, -0.736, -0.049
2017-04-20 10:09:05,139, 1492675745139236813, -0.163, -0.03, 0.038, 0.355, -0.865, -0.041
2017-04-20 10:09:05,141, 1492675745141295555, -0.155, -0.055, 0.067, 0.385, -0.877, 0.008
2017-04-20 10:09:05,144, 1492675745144112496, -0.127, -0.042, 0.057, 0.375, -0.83, 0.02
2017-04-20 10:09:05,148, 1492675745148349145, -0.155, -0.05, 0.06, 0.363, -0.966, -0.073
2017-04-20 10:09:05,150, 1492675745150278370, -0.157, -0.057, 0.071, 0.18, -0.906, -0.053
2017-04-20 10:09:05,153, 1492675745153108070, -0.209, -0.059, 0.036, 0.153, -0.982, -0.065
2017-04-20 10:09:05,154, 1492675745154258563, -0.179, -0.068, 0.084, 0.197, -0.924, -0.008
2017-04-20 10:09:05,156, 1492675745156448033, -0.191, -0.073, 0.071, 0.298, -0.99, -0.013
2017-04-20 10:09:05,158, 1492675745158217905, -0.171, -0.071, 0.098, 0.428, -0.979, -0.029
2017-04-20 10:09:05,160, 1492675745160213845, -0.184, -0.097, 0.1, 0.596, -1.014, -0.033
2017-04-20 10:09:05,162, 1492675745162452666, -0.215, -0.113, 0.072, 0.759, -1.101, -0.021
2017-04-20 10:09:05,164, 1492675745164239210, -0.195, -0.119, 0.111, 0.844, -1.093, -0.008
2017-04-20 10:09:05,166, 1492675745166304652, -0.173, -0.104, 0.126, 0.873, -1.058, 0.033
2017-04-20 10:09:05,168, 1492675745168421009, -0.193, -0.13, 0.096, 0.834, -1.11, 0.008
2017-04-20 10:09:05,170, 1492675745170192511, -0.203, -0.115, 0.097, 0.752, -1.092, 0.028
2017-04-20 10:09:05,172, 1492675745172231769, -0.203, -0.134, 0.096, 0.677, -1.103, -0.041
2017-04-20 10:09:05,174, 1492675745174296538, -0.208, -0.124, 0.092, 0.626, -1.096, -0.037
2017-04-20 10:09:05,176, 1492675745176311985, -0.195, -0.115, 0.05, 0.595, -1.062, -0.086
2017-04-20 10:09:05,179, 1492675745179259963, -0.209, -0.138, 0.077, 0.684, -1.093, 0.0
2017-04-20 10:09:05,185, 1492675745185313016, -0.201, -0.117, 0.044, 0.934, -1.127, 0.044
2017-04-20 10:09:05,187, 1492675745187114377, -0.209, -0.135, 0.062, 0.955, -1.188, -0.016
2017-04-20 10:09:05,189, 1492675745189193649, -0.183, -0.113, 0.071, 0.897, -1.143, 0.008
2017-04-20 10:09:05,191, 1492675745191130860, -0.168, -0.092, 0.066, 0.754, -1.103, -0.053
2017-04-20 10:09:05,193, 1492675745193173959, -0.186, -0.085, 0.07, 0.548, -1.114, -0.105
2017-04-20 10:09:05,195, 1492675745195118945, -0.193, -0.09, 0.07, 0.346, -1.072, -0.045
2017-04-20 10:09:05,197, 1492675745197522760, -0.192, -0.064, 0.077, 0.16, -1.0, 0.024
2017-04-20 10:09:05,199, 1492675745199244786, -0.189, -0.049, 0.085, 0.018, -0.949, -0.021
2017-04-20 10:09:05,201, 1492675745201184710, -0.18, -0.047, 0.107, 0.005, -0.927, -0.057
2017-04-20 10:09:05,203, 1492675745203139690, -0.164, -0.024, 0.097, 0.029, -0.856, -0.029
2017-04-20 10:09:05,205, 1492675745205244641, -0.199, -0.034, 0.08, 0.101, -0.86, -0.118
2017-04-20 10:09:05,207, 1492675745207173719, -0.197, -0.05, 0.101, 0.208, -0.838, -0.094
2017-04-20 10:09:05,209, 1492675745209306391, -0.198, -0.043, 0.124, 0.316, -0.802, -0.049
2017-04-20 10:09:05,216, 1492675745214291009, -0.196, -0.056, 0.103, 0.463, -0.888, 0.049
2017-04-20 10:09:05,216, 1492675745216205242, -0.191, -0.075, 0.091, 0.467, -0.949, 0.049
2017-04-20 10:09:05,218, 1492675745218270633, -0.185, -0.082, 0.098, 0.441, -0.95, -0.024
2017-04-20 10:09:05,220, 1492675745220315785, -0.155, -0.095, 0.126, 0.398, -0.943, -0.081
2017-04-20 10:09:05,222, 1492675745222113821, -0.159, -0.091, 0.144, 0.371, -0.982, -0.049
2017-04-20 10:09:05,224, 1492675745224180209, -0.201, -0.118, 0.089, 0.391, -1.048, -0.053
2017-04-20 10:09:05,226, 1492675745226179031, -0.219, -0.125, 0.076, 0.48, -1.095, 0.008
2017-04-20 10:09:05,228, 1492675745228205497, -0.183, -0.109, 0.086, 0.613, -1.073, 0.033
2017-04-20 10:09:05,230, 1492675745230299432, -0.15, -0.12, 0.107, 0.794, -1.025, -0.005
2017-04-20 10:09:05,232, 1492675745232135165, -0.171, -0.137, 0.088, 0.911, -1.025, -0.013
2017-04-20 10:09:05,234, 1492675745234151479, -0.191, -0.151, 0.078, 1.016, -1.029, -0.045
2017-04-20 10:09:05,236, 1492675745236204612, -0.234, -0.144, 0.056, 1.09, -1.071, -0.024
2017-04-20 10:09:05,238, 1492675745238210897, -0.213, -0.149, 0.046, 1.094, -1.024, 0.016
2017-04-20 10:09:05,240, 1492675745240401448, -0.197, -0.159, 0.087, 1.043, -0.979, 0.041
2017-04-20 10:09:05,242, 1492675745242312337, -0.205, -0.15, 0.108, 0.942, -1.034, 0.093
2017-04-20 10:09:05,244, 1492675745244185811, -0.207, -0.14, 0.082, 0.84, -1.027, 0.073
2017-04-20 10:09:05,246, 1492675745246277412, -0.223, -0.136, 0.063, 0.739, -1.07, -0.013
2017-04-20 10:09:05,249, 1492675745249111788, -0.235, -0.127, 0.073, 0.66, -1.087, -0.021
2017-04-20 10:09:05,254, 1492675745251241745, -0.198, -0.122, 0.114, 0.612, -1.109, -0.065
2017-04-20 10:09:05,256, 1492675745253212356, -0.208, -0.128, 0.094, 0.584, -1.137, -0.041
2017-04-20 10:09:05,256, 1492675745254404308, -0.224, -0.121, 0.068, 0.613, -1.209, -0.024
2017-04-20 10:09:05,256, 1492675745256321803, -0.24, -0.111, 0.079, 0.64, -1.262, 0.012
2017-04-20 10:09:05,258, 1492675745258112562, -0.252, -0.103, 0.091, 0.685, -1.309, 0.016
2017-04-20 10:09:05,260, 1492675745260200698, -0.227, -0.092, 0.085, 0.705, -1.3, -0.005
2017-04-20 10:09:05,262, 1492675745262171623, -0.206, -0.094, 0.078, 0.676, -1.297, -0.041
2017-04-20 10:09:05,264, 1492675745264188562, -0.209, -0.086, 0.101, 0.614, -1.341, -0.053
2017-04-20 10:09:05,266, 1492675745266156249, -0.244, -0.079, 0.102, 0.522, -1.372, -0.057
2017-04-20 10:09:05,268, 1492675745268206546, -0.225, -0.062, 0.073, 0.399, -1.34, -0.029
2017-04-20 10:09:05,270, 1492675745270190443, -0.212, -0.054, 0.084, 0.279, -1.323, -0.045
2017-04-20 10:09:05,272, 1492675745272175580, -0.218, -0.07, 0.131, 0.194, -1.299, -0.021
2017-04-20 10:09:05,274, 1492675745274162038, -0.232, -0.064, 0.118, 0.167, -1.267, -0.024
2017-04-20 10:09:05,276, 1492675745276172005, -0.224, -0.055, 0.068, 0.198, -1.243, -0.053
2017-04-20 10:09:05,281, 1492675745280613957, -0.226, -0.076, 0.065, 0.266, -1.195, -0.097
2017-04-20 10:09:05,286, 1492675745286433622, -0.194, -0.088, 0.013, 0.694, -1.089, 0.049
2017-04-20 10:09:05,288, 1492675745288223136, -0.198, -0.08, 0.038, 0.725, -1.045, 0.044
2017-04-20 10:09:05,290, 1492675745290295350, -0.19, -0.116, 0.037, 0.72, -1.015, -0.013
2017-04-20 10:09:05,292, 1492675745292241027, -0.174, -0.113, -0.006, 0.686, -0.974, -0.033
2017-04-20 10:09:05,294, 1492675745294266253, -0.165, -0.115, -0.006, 0.643, -0.925, -0.033
2017-04-20 10:09:05,296, 1492675745296269831, -0.163, -0.099, 0.015, 0.608, -0.896, -0.045
2017-04-20 10:09:05,298, 1492675745298292597, -0.17, -0.103, 0.014, 0.575, -0.861, -0.024
2017-04-20 10:09:05,300, 1492675745300249455, -0.152, -0.105, -0.013, 0.571, -0.843, 0.033
2017-04-20 10:09:05,302, 1492675745302323374, -0.153, -0.111, 0.002, 0.607, -0.821, 0.024
2017-04-20 10:09:05,304, 1492675745304255414, -0.162, -0.1, 0.009, 0.661, -0.787, 0.016
2017-04-20 10:09:05,306, 1492675745306317381, -0.146, -0.1, 0.0, 0.715, -0.748, -0.016
2017-04-20 10:09:05,309, 1492675745308247837, -0.128, -0.098, -0.018, 0.741, -0.706, -0.021
2017-04-20 10:09:05,310, 1492675745310295706, -0.145, -0.096, 0.003, 0.715, -0.697, -0.021
2017-04-20 10:09:05,317, 1492675745312547972, -0.133, -0.088, 0.011, 0.684, -0.684, -0.024
2017-04-20 10:09:05,317, 1492675745314283131, -0.136, -0.076, -0.001, 0.603, -0.666, 0.016
2017-04-20 10:09:05,317, 1492675745316297488, -0.135, -0.078, -0.006, 0.517, -0.66, 0.012
2017-04-20 10:09:05,318, 1492675745318728169, -0.126, -0.064, 0.015, 0.432, -0.647, 0.0
2017-04-20 10:09:05,320, 1492675745320272362, -0.13, -0.069, 0.016, 0.349, -0.638, -0.008
2017-04-20 10:09:05,323, 1492675745322300008, -0.112, -0.062, 0.004, 0.313, -0.639, -0.021
2017-04-20 10:09:05,324, 1492675745324251957, -0.125, -0.053, -0.013, 0.293, -0.649, -0.033
2017-04-20 10:09:05,326, 1492675745326280894, -0.14, -0.049, -0.011, 0.305, -0.668, -0.057
2017-04-20 10:09:05,328, 1492675745328256810, -0.137, -0.059, -0.014, 0.334, -0.676, -0.029
2017-04-20 10:09:05,330, 1492675745330289742, -0.133, -0.043, -0.014, 0.363, -0.692, -0.005
2017-04-20 10:09:05,332, 1492675745332256013, -0.139, -0.046, -0.014, 0.398, -0.714, -0.005
2017-04-20 10:09:05,334, 1492675745334284125, -0.146, -0.056, -0.023, 0.422, -0.748, -0.016
2017-04-20 10:09:05,336, 1492675745336192441, -0.145, -0.049, -0.033, 0.414, -0.78, 0.003
2017-04-20 10:09:05,338, 1492675745338243959, -0.147, -0.041, -0.063, 0.358, -0.794, 0.093
2017-04-20 10:09:05,340, 1492675745340270156, -0.144, -0.056, -0.054, 0.308, -0.808, 0.15
2017-04-20 10:09:05,342, 1492675745342287407, -0.149, -0.048, -0.061, 0.262, -0.812, 0.122
2017-04-20 10:09:05,344, 1492675745344252443, -0.157, -0.026, -0.069, 0.219, -0.811, 0.097
2017-04-20 10:09:05,346, 1492675745346289376, -0.159, -0.058, -0.079, 0.211, -0.815, 0.081
2017-04-20 10:09:05,350, 1492675745349679130, -0.157, -0.033, -0.057, 0.233, -0.78, 0.085
2017-04-20 10:09:05,351, 1492675745351490891, -0.152, -0.045, -0.062, 0.262, -0.745, 0.06
2017-04-20 10:09:05,354, 1492675745353943108, -0.14, -0.048, -0.073, 0.289, -0.718, 0.069
2017-04-20 10:09:05,355, 1492675745355294116, -0.142, -0.054, -0.068, 0.328, -0.7, 0.077
2017-04-20 10:09:05,357, 1492675745357074743, -0.143, -0.052, -0.057, 0.345, -0.686, 0.052
2017-04-20 10:09:05,358, 1492675745358282290, -0.133, -0.045, -0.059, 0.354, -0.666, 0.044
2017-04-20 10:09:05,360, 1492675745360236917, -0.138, -0.06, -0.062, 0.351, -0.643, 0.044
2017-04-20 10:09:05,362, 1492675745362294083, -0.132, -0.037, -0.053, 0.346, -0.626, 0.028
2017-04-20 10:09:05,364, 1492675745364249751, -0.131, -0.044, -0.042, 0.331, -0.61, 0.012
2017-04-20 10:09:05,366, 1492675745366887449, -0.12, -0.048, -0.052, 0.318, -0.606, 0.012
2017-04-20 10:09:05,368, 1492675745368255638, -0.125, -0.059, -0.051, 0.313, -0.583, 0.008
2017-04-20 10:09:05,370, 1492675745370292078, -0.122, -0.05, -0.037, 0.325, -0.572, 0.02
2017-04-20 10:09:05,372, 1492675745372522260, -0.115, -0.06, -0.028, 0.349, -0.568, 0.016
2017-04-20 10:09:05,374, 1492675745374435254, -0.106, -0.063, -0.065, 0.386, -0.56, 0.033
2017-04-20 10:09:05,376, 1492675745376225637, -0.108, -0.055, -0.084, 0.422, -0.555, 0.036
2017-04-20 10:09:05,378, 1492675745378291013, -0.104, -0.058, -0.075, 0.444, -0.54, 0.024
2017-04-20 10:09:05,380, 1492675745380236169, -0.111, -0.064, -0.019, 0.452, -0.542, 0.028
2017-04-20 10:09:05,382, 1492675745382319834, -0.117, -0.071, -0.069, 0.431, -0.559, 0.033
2017-04-20 10:09:05,384, 1492675745384374082, -0.124, -0.072, -0.086, 0.413, -0.577, 0.041
2017-04-20 10:09:05,387, 1492675745387138738, -0.118, -0.045, -0.009, 0.381, -0.564, 0.06
2017-04-20 10:09:05,390, 1492675745390133655, -0.113, -0.053, -0.073, 0.335, -0.57, 0.097
2017-04-20 10:09:05,392, 1492675745392313627, -0.135, -0.061, -0.052, 0.341, -0.616, 0.109
2017-04-20 10:09:05,394, 1492675745394132606, -0.154, -0.069, 0.011, 0.359, -0.633, 0.109
2017-04-20 10:09:05,395, 1492675745395289922, -0.127, -0.056, -0.047, 0.383, -0.612, 0.101
2017-04-20 10:09:05,397, 1492675745397079846, -0.102, -0.06, -0.082, 0.4, -0.597, 0.122
2017-04-20 10:09:05,398, 1492675745398328900, -0.117, -0.074, -0.079, 0.43, -0.612, 0.133
2017-04-20 10:09:05,406, 1492675745406095763, -0.123, -0.061, -0.111, 0.491, -0.614, 0.109
2017-04-20 10:09:05,407, 1492675745407297446, -0.138, -0.068, -0.05, 0.47, -0.628, 0.109
2017-04-20 10:09:05,409, 1492675745409241870, -0.129, -0.061, -0.056, 0.447, -0.628, 0.077
2017-04-20 10:09:05,411, 1492675745411274567, -0.123, -0.062, -0.129, 0.416, -0.609, 0.057
2017-04-20 10:09:05,413, 1492675745413250614, -0.122, -0.05, -0.085, 0.386, -0.61, 0.077
2017-04-20 10:09:05,416, 1492675745416194335, -0.127, -0.061, -0.034, 0.356, -0.617, 0.049
2017-04-20 10:09:05,422, 1492675745422568423, -0.114, -0.056, -0.075, 0.339, -0.602, 0.06
2017-04-20 10:09:05,424, 1492675745424253851, -0.122, -0.048, -0.044, 0.353, -0.617, 0.02
2017-04-20 10:09:05,426, 1492675745426273217, -0.115, -0.049, -0.061, 0.351, -0.59, 0.089
2017-04-20 10:09:05,428, 1492675745428271135, -0.108, -0.048, -0.052, 0.349, -0.588, 0.06
2017-04-20 10:09:05,430, 1492675745430264892, -0.124, -0.044, -0.021, 0.343, -0.606, 0.024
2017-04-20 10:09:05,432, 1492675745432581711, -0.116, -0.035, -0.045, 0.334, -0.606, 0.033
2017-04-20 10:09:05,434, 1492675745434259144, -0.112, -0.05, -0.068, 0.32, -0.593, 0.065
2017-04-20 10:09:05,436, 1492675745436304735, -0.124, -0.049, -0.047, 0.315, -0.588, 0.028
2017-04-20 10:09:05,438, 1492675745438244923, -0.123, -0.046, -0.039, 0.32, -0.599, 0.044
2017-04-20 10:09:05,440, 1492675745440313831, -0.109, -0.052, -0.067, 0.331, -0.597, 0.06
2017-04-20 10:09:05,442, 1492675745442254937, -0.116, -0.052, -0.08, 0.338, -0.593, 0.06
2017-04-20 10:09:05,444, 1492675745444320560, -0.12, -0.04, -0.073, 0.332, -0.593, 0.057
2017-04-20 10:09:05,446, 1492675745446269498, -0.121, -0.061, -0.053, 0.311, -0.592, 0.077
2017-04-20 10:09:05,448, 1492675745448412099, -0.127, -0.054, -0.081, 0.294, -0.6, 0.085
2017-04-20 10:09:05,452, 1492675745452532233, -0.129, -0.048, -0.083, 0.287, -0.608, 0.057
2017-04-20 10:09:05,454, 1492675745454380654, -0.133, -0.044, -0.073, 0.269, -0.613, 0.081
2017-04-20 10:09:05,456, 1492675745456311633, -0.131, -0.048, -0.078, 0.26, -0.612, 0.081
2017-04-20 10:09:05,458, 1492675745458157569, -0.127, -0.047, -0.071, 0.262, -0.612, 0.077
2017-04-20 10:09:05,459, 1492675745459259610, -0.122, -0.038, -0.063, 0.258, -0.61, 0.077
2017-04-20 10:09:05,460, 1492675745460266620, -0.117, -0.036, -0.064, 0.26, -0.613, 0.073
2017-04-20 10:09:05,462, 1492675745462291534, -0.122, -0.039, -0.082, 0.257, -0.616, 0.073
2017-04-20 10:09:05,464, 1492675745464248102, -0.122, -0.038, -0.07, 0.258, -0.622, 0.077
2017-04-20 10:09:05,466, 1492675745466275475, -0.125, -0.046, -0.06, 0.258, -0.608, 0.069
2017-04-20 10:09:05,468, 1492675745468300767, -0.113, -0.042, -0.059, 0.258, -0.603, 0.057
2017-04-20 10:09:05,470, 1492675745470277521, -0.118, -0.032, -0.064, 0.261, -0.607, 0.024
2017-04-20 10:09:05,472, 1492675745472328796, -0.124, -0.04, -0.049, 0.26, -0.609, 0.016
2017-04-20 10:09:05,474, 1492675745474257825, -0.12, -0.044, -0.094, 0.255, -0.614, 0.049
2017-04-20 10:09:05,478, 1492675745478304835, -0.123, -0.042, -0.05, 0.293, -0.599, 0.036
2017-04-20 10:09:05,480, 1492675745480114889, -0.118, -0.051, -0.059, 0.308, -0.612, 0.052
2017-04-20 10:09:05,481, 1492675745481311675, -0.138, -0.051, -0.086, 0.331, -0.634, 0.077
2017-04-20 10:09:05,483, 1492675745483117132, -0.15, -0.076, -0.082, 0.34, -0.647, 0.069
2017-04-20 10:09:05,484, 1492675745484272435, -0.148, -0.06, -0.081, 0.361, -0.667, 0.073
2017-04-20 10:09:05,486, 1492675745486384207, -0.147, -0.06, -0.07, 0.378, -0.668, 0.077
2017-04-20 10:09:05,488, 1492675745488478840, -0.148, -0.059, -0.089, 0.388, -0.676, 0.085
2017-04-20 10:09:05,490, 1492675745490607352, -0.152, -0.074, -0.084, 0.398, -0.722, 0.093
2017-04-20 10:09:05,492, 1492675745492319344, -0.178, -0.086, -0.09, 0.424, -0.777, 0.097
2017-04-20 10:09:05,494, 1492675745494258998, -0.171, -0.097, -0.096, 0.472, -0.807, 0.097
2017-04-20 10:09:05,496, 1492675745496317111, -0.178, -0.093, -0.11, 0.537, -0.84, 0.081
2017-04-20 10:09:05,498, 1492675745498221746, -0.166, -0.092, -0.101, 0.598, -0.877, 0.081
2017-04-20 10:09:05,500, 1492675745500281224, -0.178, -0.103, -0.086, 0.661, -0.911, 0.085
2017-04-20 10:09:05,502, 1492675745502236339, -0.18, -0.099, -0.106, 0.698, -0.947, 0.073
2017-04-20 10:09:05,504, 1492675745504271399, -0.185, -0.113, -0.111, 0.723, -0.981, 0.028
2017-04-20 10:09:05,506, 1492675745506232120, -0.191, -0.119, -0.106, 0.724, -1.018, -0.049
2017-04-20 10:09:05,509, 1492675745508757880, -0.208, -0.111, -0.124, 0.709, -1.054, -0.057
2017-04-20 10:09:05,510, 1492675745510231611, -0.188, -0.117, -0.126, 0.69, -1.077, -0.037
2017-04-20 10:09:05,512, 1492675745512320008, -0.19, -0.112, -0.113, 0.673, -1.094, -0.016
2017-04-20 10:09:05,514, 1492675745514235972, -0.204, -0.108, -0.113, 0.648, -1.138, 0.016
2017-04-20 10:09:05,516, 1492675745516330086, -0.209, -0.106, -0.121, 0.634, -1.169, 0.049
2017-04-20 10:09:05,518, 1492675745518276178, -0.214, -0.107, -0.124, 0.623, -1.187, 0.036
2017-04-20 10:09:05,520, 1492675745520344720, -0.218, -0.103, -0.119, 0.601, -1.188, 0.003
2017-04-20 10:09:05,526, 1492675745526137953, -0.186, -0.087, -0.113, 0.488, -1.127, -0.037
2017-04-20 10:09:05,528, 1492675745528151410, -0.203, -0.08, -0.123, 0.415, -1.113, -0.021
2017-04-20 10:09:05,529, 1492675745529266080, -0.206, -0.084, -0.136, 0.346, -1.094, -0.013
2017-04-20 10:09:05,531, 1492675745531265879, -0.188, -0.061, -0.126, 0.277, -1.04, 0.003
2017-04-20 10:09:05,533, 1492675745533247807, -0.179, -0.047, -0.116, 0.213, -0.986, -0.033
2017-04-20 10:09:05,535, 1492675745535228011, -0.184, -0.051, -0.108, 0.169, -0.942, -0.078
2017-04-20 10:09:05,538, 1492675745538265371, -0.178, -0.048, -0.112, 0.138, -0.892, -0.045
2017-04-20 10:09:05,540, 1492675745540144548, -0.169, -0.037, -0.121, 0.126, -0.847, -0.061
2017-04-20 10:09:05,541, 1492675745541207803, -0.167, -0.036, -0.126, 0.12, -0.803, -0.033
2017-04-20 10:09:05,543, 1492675745543270011, -0.159, -0.045, -0.119, 0.138, -0.752, 0.008
2017-04-20 10:09:05,545, 1492675745545250567, -0.151, -0.043, -0.112, 0.163, -0.689, 0.024
2017-04-20 10:09:05,547, 1492675745547267941, -0.163, -0.05, -0.123, 0.222, -0.677, 0.016
2017-04-20 10:09:05,549, 1492675745549260089, -0.149, -0.057, -0.143, 0.279, -0.618, -0.024
2017-04-20 10:09:05,551, 1492675745551488478, -0.145, -0.065, -0.147, 0.353, -0.556, -0.045
2017-04-20 10:09:05,555, 1492675745555277152, -0.098, -0.069, -0.108, 0.441, -0.477, -0.033
2017-04-20 10:09:05,557, 1492675745557114814, -0.106, -0.09, -0.122, 0.47, -0.475, -0.005
2017-04-20 10:09:05,558, 1492675745558266093, -0.144, -0.103, -0.148, 0.515, -0.504, 0.041
2017-04-20 10:09:05,560, 1492675745560346901, -0.148, -0.104, -0.129, 0.55, -0.529, 0.044
2017-04-20 10:09:05,562, 1492675745562121415, -0.168, -0.102, -0.133, 0.625, -0.507, 0.081
2017-04-20 10:09:05,564, 1492675745564239221, -0.145, -0.129, -0.126, 0.72, -0.532, 0.02
2017-04-20 10:09:05,565, 1492675745565248139, -0.112, -0.119, -0.138, 0.768, -0.493, -0.021
2017-04-20 10:09:05,567, 1492675745567295417, -0.111, -0.128, -0.112, 0.816, -0.509, -0.057
2017-04-20 10:09:05,573, 1492675745573256245, -0.179, -0.142, -0.18, 0.891, -0.748, 0.033
2017-04-20 10:09:05,575, 1492675745575123021, -0.171, -0.13, -0.144, 0.895, -0.765, 0.036
2017-04-20 10:09:05,579, 1492675745579262305, -0.159, -0.127, -0.149, 0.735, -0.882, 0.414
2017-04-20 10:09:05,581, 1492675745581116074, -0.208, -0.138, -0.212, 0.706, -0.974, 0.556
2017-04-20 10:09:05,583, 1492675745583162199, -0.256, -0.106, -0.191, 0.688, -1.042, 0.528
2017-04-20 10:09:05,593, 1492675745592673022, -0.24, -0.066, -0.15, 0.659, -1.017, 0.523
2017-04-20 10:09:05,594, 1492675745594232598, -0.213, -0.05, -0.189, 0.589, -0.751, 0.276
2017-04-20 10:09:05,596, 1492675745596268416, -0.199, -0.044, -0.145, 0.452, -0.681, 0.231
2017-04-20 10:09:05,598, 1492675745598236760, -0.196, -0.081, -0.1, 0.301, -0.658, 0.211
2017-04-20 10:09:05,600, 1492675745600282886, -0.122, -0.039, -0.128, 0.165, -0.503, 0.284
2017-04-20 10:09:05,602, 1492675745602241561, -0.129, -0.011, -0.214, 0.082, -0.469, 0.276
2017-04-20 10:09:05,604, 1492675745604705182, -0.155, -0.009, -0.212, 0.092, -0.485, 0.182
2017-04-20 10:09:05,606, 1492675745606250420, -0.123, -0.024, -0.177, 0.075, -0.382, 0.174
2017-04-20 10:09:05,609, 1492675745608309255, -0.104, -0.041, -0.202, 0.101, -0.343, 0.187
2017-04-20 10:09:05,611, 1492675745611334179, -0.037, 0.0, -0.191, 0.152, -0.137, 0.114
2017-04-20 10:09:05,613, 1492675745613146901, -0.071, 0.006, -0.206, 0.169, -0.138, 0.101
2017-04-20 10:09:05,614, 1492675745614242776, -0.116, -0.001, -0.199, 0.201, -0.166, 0.187
2017-04-20 10:09:05,616, 1492675745616304195, -0.121, -0.004, -0.215, 0.213, -0.16, 0.174
2017-04-20 10:09:05,620, 1492675745620611315, -0.104, -0.024, -0.21, 0.21, -0.052, 0.162
2017-04-20 10:09:05,623, 1492675745622999099, -0.078, 0.009, -0.177, 0.275, -0.056, 0.26
2017-04-20 10:09:05,625, 1492675745625011648, -0.147, -0.024, -0.199, 0.29, -0.151, 0.353
2017-04-20 10:09:05,626, 1492675745626299118, -0.159, -0.058, -0.25, 0.28, -0.255, 0.454
2017-04-20 10:09:05,628, 1492675745628239427, -0.109, -0.039, -0.242, 0.285, -0.239, 0.52
2017-04-20 10:09:05,630, 1492675745630285228, -0.096, -0.02, -0.16, 0.269, -0.266, 0.471
2017-04-20 10:09:05,633, 1492675745633356984, -0.07, -0.012, -0.201, 0.185, -0.261, 0.576
2017-04-20 10:09:05,635, 1492675745635203768, -0.085, -0.042, -0.324, 0.081, -0.233, 0.596
2017-04-20 10:09:05,636, 1492675745636264764, -0.114, -0.023, -0.259, 0.031, -0.259, 0.56
2017-04-20 10:09:05,638, 1492675745638278774, -0.122, 0.015, -0.199, -0.016, -0.186, 0.458
2017-04-20 10:09:05,640, 1492675745640260974, -0.062, 0.015, -0.311, 0.014, -0.058, 0.479
2017-04-20 10:09:05,642, 1492675745642289324, -0.025, 0.02, -0.321, -0.014, 0.102, 0.539
2017-04-20 10:09:05,644, 1492675745644248109, -0.063, -0.004, -0.222, 0.017, 0.114, 0.43
2017-04-20 10:09:05,646, 1492675745646283640, -0.081, 0.038, -0.223, 0.047, 0.143, 0.446
2017-04-20 10:09:05,648, 1492675745648257364, -0.065, 0.038, -0.352, 0.028, 0.208, 0.39
2017-04-20 10:09:05,650, 1492675745650311363, -0.082, 0.032, -0.343, -0.032, 0.177, 0.495
2017-04-20 10:09:05,652, 1492675745652486983, -0.09, 0.047, -0.197, -0.167, 0.166, 0.503
2017-04-20 10:09:05,654, 1492675745654466707, -0.05, 0.056, -0.253, -0.215, 0.15, 0.528
2017-04-20 10:09:05,657, 1492675745656301736, 0.006, 0.08, -0.324, -0.328, 0.268, 0.552
2017-04-20 10:09:05,660, 1492675745660117938, -0.027, 0.086, -0.13, -0.447, 0.202, 0.628
2017-04-20 10:09:05,661, 1492675745661288581, -0.026, 0.09, -0.196, -0.527, 0.233, 0.503
2017-04-20 10:09:05,663, 1492675745663232438, -0.003, 0.073, -0.288, -0.539, 0.275, 0.536
2017-04-20 10:09:05,665, 1492675745665249908, -0.017, 0.056, -0.29, -0.54, 0.326, 0.52
2017-04-20 10:09:05,666, 1492675745666281865, 0.036, 0.094, -0.168, -0.508, 0.421, 0.503
2017-04-20 10:09:05,668, 1492675745668240885, 0.043, 0.087, -0.205, -0.496, 0.499, 0.434
2017-04-20 10:09:05,670, 1492675745670298302, 0.03, 0.068, -0.345, -0.509, 0.565, 0.414
2017-04-20 10:09:05,672, 1492675745672241612, 0.01, 0.064, -0.283, -0.516, 0.554, 0.434
2017-04-20 10:09:05,674, 1492675745674289587, -0.018, 0.065, -0.221, -0.507, 0.516, 0.454
2017-04-20 10:09:05,676, 1492675745676233609, 0.007, 0.111, -0.333, -0.544, 0.558, 0.417
2017-04-20 10:09:05,678, 1492675745678302274, 0.027, 0.108, -0.368, -0.591, 0.558, 0.454
2017-04-20 10:09:05,680, 1492675745680236976, 0.037, 0.113, -0.212, -0.737, 0.632, 0.45
2017-04-20 10:09:05,683, 1492675745683615274, 0.06, 0.13, -0.293, -0.819, 0.597, 0.479
2017-04-20 10:09:05,691, 1492675745690995604, 0.028, 0.169, -0.341, -0.941, 0.669, 0.43
2017-04-20 10:09:05,692, 1492675745692350696, 0.109, 0.172, -0.289, -1.05, 0.932, 0.39
2017-04-20 10:09:05,694, 1492675745694256415, 0.106, 0.164, -0.286, -1.057, 1.041, 0.398
2017-04-20 10:09:05,696, 1492675745696327936, 0.103, 0.149, -0.326, -1.047, 1.076, 0.309
2017-04-20 10:09:05,698, 1492675745698223882, 0.071, 0.157, -0.311, -1.006, 0.976, 0.288
2017-04-20 10:09:05,700, 1492675745700448027, 0.096, 0.147, -0.292, -1.005, 1.028, 0.373
2017-04-20 10:09:05,702, 1492675745702231493, 0.157, 0.143, -0.338, -0.969, 1.057, 0.426
2017-04-20 10:09:05,704, 1492675745704318307, 0.185, 0.158, -0.288, -1.036, 1.1, 0.345
2017-04-20 10:09:05,706, 1492675745706296856, 0.141, 0.14, -0.253, -1.112, 1.114, 0.385
2017-04-20 10:09:05,708, 1492675745708296304, 0.102, 0.137, -0.356, -1.104, 1.057, 0.398
2017-04-20 10:09:05,710, 1492675745710266335, 0.095, 0.17, -0.359, -1.121, 1.187, 0.336
2017-04-20 10:09:05,712, 1492675745712416062, 0.092, 0.15, -0.371, -1.095, 1.176, 0.349
2017-04-20 10:09:05,715, 1492675745715291921, 0.157, 0.169, -0.362, -1.095, 1.329, 0.36
2017-04-20 10:09:05,717, 1492675745717171783, 0.131, 0.162, -0.361, -1.086, 1.313, 0.381
2017-04-20 10:09:05,718, 1492675745718264852, 0.116, 0.172, -0.376, -1.114, 1.305, 0.401
2017-04-20 10:09:05,720, 1492675745720291816, 0.12, 0.208, -0.363, -1.089, 1.284, 0.341
2017-04-20 10:09:05,725, 1492675745725040355, 0.118, 0.233, -0.295, -1.154, 1.291, 0.406
2017-04-20 10:09:05,731, 1492675745731112953, 0.232, 0.245, -0.332, -1.461, 1.416, 0.317
2017-04-20 10:09:05,732, 1492675745732267252, 0.194, 0.224, -0.33, -1.466, 1.477, 0.3
2017-04-20 10:09:05,734, 1492675745734286934, 0.223, 0.216, -0.322, -1.395, 1.516, 0.263
2017-04-20 10:09:05,736, 1492675745736249979, 0.271, 0.198, -0.307, -1.338, 1.595, 0.247
2017-04-20 10:09:05,738, 1492675745738265674, 0.233, 0.167, -0.382, -1.251, 1.568, 0.304
2017-04-20 10:09:05,740, 1492675745740256040, 0.253, 0.165, -0.338, -1.187, 1.593, 0.3
2017-04-20 10:09:05,742, 1492675745742282202, 0.207, 0.185, -0.339, -1.159, 1.471, 0.309
2017-04-20 10:09:05,744, 1492675745744257657, 0.212, 0.177, -0.324, -1.193, 1.507, 0.369
2017-04-20 10:09:05,747, 1492675745747472283, 0.277, 0.238, -0.189, -1.277, 1.57, 0.406
2017-04-20 10:09:05,749, 1492675745749243163, 0.228, 0.256, -0.144, -1.336, 1.493, 0.377
2017-04-20 10:09:05,750, 1492675745750217743, 0.181, 0.24, -0.202, -1.357, 1.515, 0.215
2017-04-20 10:09:05,753, 1492675745753336662, 0.137, 0.226, -0.253, -1.359, 1.556, 0.223
2017-04-20 10:09:05,755, 1492675745755526609, 0.162, 0.245, -0.209, -1.356, 1.708, 0.393
2017-04-20 10:09:05,757, 1492675745757523533, 0.192, 0.196, -0.198, -1.34, 1.83, 0.336
2017-04-20 10:09:05,759, 1492675745759285989, 0.195, 0.223, -0.161, -1.375, 1.841, 0.243
2017-04-20 10:09:05,765, 1492675745765173523, 0.2, 0.224, -0.182, -1.343, 1.911, 0.117
2017-04-20 10:09:05,766, 1492675745766286380, 0.187, 0.176, -0.221, -0.989, 1.676, 0.3
2017-04-20 10:09:05,768, 1492675745768334830, 0.254, 0.178, -0.253, -1.036, 1.807, 0.252
2017-04-20 10:09:05,771, 1492675745771093438, 0.281, 0.201, -0.198, -1.06, 1.749, 0.317
2017-04-20 10:09:05,772, 1492675745772237615, 0.245, 0.24, -0.15, -1.15, 1.797, 0.276
2017-04-20 10:09:05,774, 1492675745774245741, 0.245, 0.258, -0.274, -1.226, 1.807, 0.296
2017-04-20 10:09:05,777, 1492675745776296757, 0.261, 0.252, -0.2, -1.313, 1.947, 0.187
2017-04-20 10:09:05,778, 1492675745778299382, 0.261, 0.238, -0.159, -1.35, 1.977, 0.162
2017-04-20 10:09:05,780, 1492675745780248789, 0.281, 0.233, -0.233, -1.341, 2.025, 0.19
2017-04-20 10:09:05,783, 1492675745783123427, 0.245, 0.25, -0.231, -1.319, 2.009, 0.288
2017-04-20 10:09:05,785, 1492675745785181931, 0.234, 0.279, -0.154, -1.336, 1.971, 0.252
2017-04-20 10:09:05,787, 1492675745787170499, 0.214, 0.261, -0.198, -1.361, 1.971, 0.223
2017-04-20 10:09:05,789, 1492675745789250003, 0.186, 0.235, -0.233, -1.355, 1.877, 0.26
2017-04-20 10:09:05,791, 1492675745791257926, 0.197, 0.232, -0.14, -1.293, 1.848, 0.292
2017-04-20 10:09:05,792, 1492675745792361931, 0.224, 0.236, -0.171, -1.258, 1.835, 0.309
2017-04-20 10:09:05,801, 1492675745801277845, 0.281, 0.228, -0.208, -1.292, 1.911, 0.138
2017-04-20 10:09:05,803, 1492675745803519044, 0.291, 0.233, -0.159, -1.306, 1.938, 0.162
2017-04-20 10:09:05,805, 1492675745805296541, 0.304, 0.229, -0.129, -1.284, 1.968, 0.122
2017-04-20 10:09:05,807, 1492675745807113803, 0.291, 0.218, -0.22, -1.253, 1.944, 0.117
2017-04-20 10:09:05,814, 1492675745814285022, 0.241, 0.255, -0.234, -1.282, 1.963, 0.085
2017-04-20 10:09:05,816, 1492675745816139846, 0.233, 0.246, -0.204, -1.279, 1.937, 0.125
2017-04-20 10:09:05,818, 1492675745818487426, 0.27, 0.263, -0.117, -1.323, 1.992, 0.154
2017-04-20 10:09:05,820, 1492675745820231964, 0.249, 0.245, -0.178, -1.381, 1.963, 0.122
2017-04-20 10:09:05,822, 1492675745822155283, 0.199, 0.245, -0.171, -1.428, 1.904, 0.141
2017-04-20 10:09:05,824, 1492675745824177816, 0.187, 0.255, -0.099, -1.458, 1.887, 0.174
2017-04-20 10:09:05,829, 1492675745829497344, 0.258, 0.251, -0.081, -1.385, 1.931, 0.057
2017-04-20 10:09:05,831, 1492675745831251513, 0.265, 0.233, -0.053, -1.32, 1.916, 0.049
2017-04-20 10:09:05,833, 1492675745833342314, 0.26, 0.225, -0.119, -1.235, 1.875, 0.033
2017-04-20 10:09:05,835, 1492675745835248844, 0.261, 0.229, -0.078, -1.173, 1.877, 0.02
2017-04-20 10:09:05,837, 1492675745837517764, 0.245, 0.218, -0.084, -1.121, 1.849, 0.028
2017-04-20 10:09:05,839, 1492675745839223748, 0.275, 0.205, -0.147, -1.109, 1.867, 0.049
2017-04-20 10:09:05,841, 1492675745841288124, 0.283, 0.207, -0.104, -1.145, 1.902, 0.044
2017-04-20 10:09:05,843, 1492675745843247954, 0.277, 0.202, -0.059, -1.219, 1.901, 0.057
2017-04-20 10:09:05,845, 1492675745845286186, 0.271, 0.207, -0.123, -1.27, 1.898, 0.06
2017-04-20 10:09:05,847, 1492675745847226305, 0.262, 0.235, -0.126, -1.304, 1.936, 0.033
2017-04-20 10:09:05,853, 1492675745853288089, 0.238, 0.233, -0.111, -1.368, 1.956, 0.073
2017-04-20 10:09:05,855, 1492675745855057089, 0.238, 0.238, -0.093, -1.342, 1.94, 0.085
2017-04-20 10:09:05,865, 1492675745865792660, 0.217, 0.218, -0.071, -1.23, 1.798, 0.101
2017-04-20 10:09:05,867, 1492675745867251035, 0.204, 0.198, -0.088, -1.263, 1.773, 0.057
2017-04-20 10:09:05,869, 1492675745869281010, 0.213, 0.19, -0.053, -1.279, 1.808, 0.057
2017-04-20 10:09:05,871, 1492675745871238496, 0.243, 0.21, -0.086, -1.301, 1.85, 0.041
2017-04-20 10:09:05,873, 1492675745873784249, 0.261, 0.217, -0.064, -1.328, 1.912, 0.036
2017-04-20 10:09:05,875, 1492675745875243263, 0.252, 0.209, -0.043, -1.311, 1.937, 0.044
2017-04-20 10:09:05,877, 1492675745877282131, 0.243, 0.215, -0.061, -1.273, 1.945, 0.097
2017-04-20 10:09:05,879, 1492675745879248223, 0.255, 0.224, -0.063, -1.239, 1.976, 0.06
2017-04-20 10:09:05,881, 1492675745881409729, 0.25, 0.214, -0.029, -1.203, 1.955, 0.049
2017-04-20 10:09:05,883, 1492675745883323768, 0.261, 0.217, -0.036, -1.178, 1.949, 0.028
2017-04-20 10:09:05,885, 1492675745885266813, 0.264, 0.212, -0.037, -1.165, 1.919, 0.057
2017-04-20 10:09:05,887, 1492675745887230971, 0.252, 0.209, -0.043, -1.153, 1.87, 0.093
2017-04-20 10:09:05,889, 1492675745889259091, 0.235, 0.215, -0.064, -1.162, 1.837, 0.077
2017-04-20 10:09:05,891, 1492675745891225397, 0.212, 0.196, -0.061, -1.162, 1.773, 0.114
2017-04-20 10:09:05,893, 1492675745893272837, 0.21, 0.199, -0.068, -1.152, 1.744, 0.101
2017-04-20 10:09:05,895, 1492675745895322397, 0.203, 0.193, -0.056, -1.127, 1.736, 0.109
2017-04-20 10:09:05,902, 1492675745897607566, 0.212, 0.184, -0.064, -1.101, 1.752, 0.109
2017-04-20 10:09:05,902, 1492675745899240915, 0.203, 0.178, -0.08, -1.083, 1.76, 0.093
2017-04-20 10:09:05,902, 1492675745901303401, 0.197, 0.161, -0.059, -1.06, 1.767, 0.041
2017-04-20 10:09:05,903, 1492675745903239096, 0.202, 0.184, -0.064, -1.047, 1.801, 0.065
2017-04-20 10:09:05,905, 1492675745905263661, 0.22, 0.178, -0.074, -1.046, 1.824, 0.093
2017-04-20 10:09:05,907, 1492675745907241594, 0.212, 0.164, -0.077, -1.052, 1.815, 0.101
2017-04-20 10:09:05,909, 1492675745909280559, 0.218, 0.168, -0.045, -1.058, 1.808, 0.093
2017-04-20 10:09:05,911, 1492675745911249002, 0.215, 0.184, -0.09, -1.064, 1.794, 0.125
2017-04-20 10:09:05,913, 1492675745913255683, 0.213, 0.196, -0.08, -1.065, 1.772, 0.125
2017-04-20 10:09:05,915, 1492675745915249390, 0.197, 0.179, -0.07, -1.046, 1.732, 0.125
2017-04-20 10:09:05,917, 1492675745917390019, 0.189, 0.163, -0.079, -1.016, 1.715, 0.138
2017-04-20 10:09:05,919, 1492675745919249364, 0.18, 0.156, -0.083, -0.985, 1.701, 0.158
2017-04-20 10:09:05,921, 1492675745921296111, 0.188, 0.15, -0.066, -0.941, 1.688, 0.146
2017-04-20 10:09:05,923, 1492675745923276954, 0.188, 0.146, -0.079, -0.905, 1.676, 0.089
2017-04-20 10:09:05,925, 1492675745925270783, 0.178, 0.133, -0.073, -0.881, 1.674, 0.117
2017-04-20 10:09:05,927, 1492675745927238108, 0.188, 0.135, -0.056, -0.884, 1.681, 0.154
2017-04-20 10:09:05,933, 1492675745933466490, 0.176, 0.132, -0.048, -0.899, 1.681, 0.125
2017-04-20 10:09:05,935, 1492675745935288519, 0.179, 0.138, -0.044, -0.921, 1.667, 0.141
2017-04-20 10:09:05,937, 1492675745937301667, 0.18, 0.141, -0.054, -0.907, 1.656, 0.15
2017-04-20 10:09:05,939, 1492675745939401395, 0.167, 0.141, -0.055, -0.882, 1.641, 0.13
2017-04-20 10:09:05,941, 1492675745941285524, 0.174, 0.15, -0.036, -0.855, 1.626, 0.138
2017-04-20 10:09:05,943, 1492675745943213333, 0.183, 0.15, -0.051, -0.834, 1.614, 0.138
2017-04-20 10:09:05,950, 1492675745950116792, 0.185, 0.159, -0.052, -0.763, 1.555, 0.141
2017-04-20 10:09:05,951, 1492675745951223234, 0.193, 0.154, -0.057, -0.757, 1.542, 0.166
2017-04-20 10:09:05,954, 1492675745954304908, 0.177, 0.132, -0.057, -0.752, 1.528, 0.133
2017-04-20 10:09:05,956, 1492675745956133760, 0.187, 0.134, -0.059, -0.75, 1.512, 0.138
2017-04-20 10:09:05,958, 1492675745958150784, 0.167, 0.132, -0.045, -0.748, 1.504, 0.15
2017-04-20 10:09:05,959, 1492675745959223870, 0.169, 0.115, -0.044, -0.738, 1.492, 0.158
2017-04-20 10:09:05,961, 1492675745961358434, 0.158, 0.109, -0.047, -0.725, 1.48, 0.146
2017-04-20 10:09:05,963, 1492675745963305198, 0.151, 0.108, -0.047, -0.713, 1.464, 0.162
2017-04-20 10:09:05,966, 1492675745965745866, 0.148, 0.105, -0.06, -0.695, 1.453, 0.158
2017-04-20 10:09:05,967, 1492675745967241231, 0.144, 0.1, -0.067, -0.683, 1.442, 0.146
2017-04-20 10:09:05,969, 1492675745969481738, 0.157, 0.096, -0.063, -0.667, 1.424, 0.154
2017-04-20 10:09:05,971, 1492675745971224734, 0.143, 0.098, -0.059, -0.658, 1.408, 0.179
2017-04-20 10:09:05,974, 1492675745974220919, 0.137, 0.094, -0.064, -0.643, 1.388, 0.15
2017-04-20 10:09:05,975, 1492675745975205892, 0.143, 0.097, -0.074, -0.63, 1.37, 0.158
2017-04-20 10:09:05,977, 1492675745977443151, 0.144, 0.102, -0.075, -0.613, 1.363, 0.179
2017-04-20 10:09:05,979, 1492675745979249917, 0.153, 0.12, -0.07, -0.595, 1.351, 0.198
2017-04-20 10:09:05,981, 1492675745981264080, 0.159, 0.112, -0.068, -0.582, 1.336, 0.187
2017-04-20 10:09:05,983, 1492675745983254646, 0.151, 0.114, -0.082, -0.557, 1.324, 0.195
2017-04-20 10:09:05,985, 1492675745985274484, 0.153, 0.117, -0.109, -0.531, 1.312, 0.174
2017-04-20 10:09:05,987, 1492675745987226407, 0.142, 0.11, -0.12, -0.497, 1.305, 0.174
2017-04-20 10:09:05,989, 1492675745989216320, 0.159, 0.129, -0.044, -0.475, 1.324, 0.187
2017-04-20 10:09:05,991, 1492675745991247278, 0.166, 0.123, -0.057, -0.513, 1.342, 0.187
2017-04-20 10:09:06,000, 1492675746000143384, 0.158, 0.135, -0.01, -0.597, 1.347, 0.166
2017-04-20 10:09:06,005, 1492675746005239876, 0.139, 0.109, -0.038, -0.647, 1.328, 0.13
2017-04-20 10:09:06,006, 1492675746006271146, 0.15, 0.118, -0.064, -0.621, 1.339, 0.13
2017-04-20 10:09:06,009, 1492675746009057389, 0.149, 0.109, -0.006, -0.569, 1.307, 0.141
2017-04-20 10:09:06,014, 1492675746014106246, 0.142, 0.094, -0.086, -0.456, 1.257, 0.187
2017-04-20 10:09:06,015, 1492675746015222780, 0.133, 0.088, -0.057, -0.43, 1.234, 0.179
2017-04-20 10:09:06,017, 1492675746017527072, 0.14, 0.074, -0.066, -0.414, 1.213, 0.19
2017-04-20 10:09:06,019, 1492675746019251311, 0.144, 0.071, -0.103, -0.407, 1.208, 0.223
2017-04-20 10:09:06,021, 1492675746021312435, 0.146, 0.088, -0.057, -0.425, 1.215, 0.239
2017-04-20 10:09:06,023, 1492675746023220558, 0.149, 0.09, -0.071, -0.445, 1.222, 0.203
2017-04-20 10:09:06,025, 1492675746025325455, 0.133, 0.082, -0.088, -0.442, 1.212, 0.166
2017-04-20 10:09:06,027, 1492675746027483913, 0.142, 0.091, -0.08, -0.45, 1.232, 0.19
2017-04-20 10:09:06,029, 1492675746029283272, 0.151, 0.104, -0.05, -0.479, 1.273, 0.203
2017-04-20 10:09:06,031, 1492675746031250649, 0.138, 0.085, -0.077, -0.477, 1.288, 0.15
2017-04-20 10:09:06,037, 1492675746036974438, 0.131, 0.105, -0.082, -0.455, 1.304, 0.133
2017-04-20 10:09:06,038, 1492675746038262682, 0.142, 0.102, -0.052, -0.403, 1.305, 0.133
2017-04-20 10:09:06,040, 1492675746040326871, 0.141, 0.097, -0.043, -0.369, 1.28, 0.146
2017-04-20 10:09:06,042, 1492675746042498080, 0.147, 0.1, -0.038, -0.356, 1.251, 0.146
2017-04-20 10:09:06,044, 1492675746044254830, 0.158, 0.097, -0.047, -0.349, 1.232, 0.182
2017-04-20 10:09:06,046, 1492675746046242386, 0.154, 0.09, -0.064, -0.354, 1.2, 0.182
2017-04-20 10:09:06,049, 1492675746048313654, 0.131, 0.077, -0.041, -0.364, 1.163, 0.219
2017-04-20 10:09:06,054, 1492675746054106100, 0.126, 0.076, -0.048, -0.39, 1.148, 0.239
2017-04-20 10:09:06,055, 1492675746055323233, 0.117, 0.08, -0.035, -0.39, 1.138, 0.227
2017-04-20 10:09:06,057, 1492675746057289503, 0.11, 0.069, -0.038, -0.389, 1.148, 0.239
2017-04-20 10:09:06,069, 1492675746069249557, 0.134, 0.082, -0.046, -0.402, 1.222, 0.158
2017-04-20 10:09:06,071, 1492675746071053696, 0.134, 0.097, -0.038, -0.418, 1.232, 0.138
2017-04-20 10:09:06,073, 1492675746073831387, 0.143, 0.104, -0.067, -0.413, 1.235, 0.114
2017-04-20 10:09:06,075, 1492675746075282065, 0.152, 0.095, -0.08, -0.399, 1.219, 0.097
2017-04-20 10:09:06,077, 1492675746077103727, 0.144, 0.092, -0.07, -0.389, 1.213, 0.114
2017-04-20 10:09:06,079, 1492675746079127344, 0.155, 0.098, -0.084, -0.364, 1.209, 0.166
2017-04-20 10:09:06,081, 1492675746081442774, 0.145, 0.09, -0.071, -0.35, 1.197, 0.158
2017-04-20 10:09:06,084, 1492675746084048665, 0.127, 0.089, -0.061, -0.352, 1.184, 0.154
2017-04-20 10:09:06,085, 1492675746085291807, 0.129, 0.092, -0.081, -0.342, 1.176, 0.187
2017-04-20 10:09:06,087, 1492675746087086298, 0.129, 0.088, -0.077, -0.348, 1.171, 0.207
2017-04-20 10:09:06,089, 1492675746089280615, 0.13, 0.09, -0.057, -0.382, 1.178, 0.203
2017-04-20 10:09:06,091, 1492675746091059090, 0.121, 0.09, -0.059, -0.396, 1.176, 0.195
2017-04-20 10:09:06,093, 1492675746093137764, 0.118, 0.086, -0.067, -0.422, 1.168, 0.219
2017-04-20 10:09:06,102, 1492675746100561094, 0.119, 0.09, -0.05, -0.454, 1.184, 0.203
2017-04-20 10:09:06,103, 1492675746103305778, 0.134, 0.092, -0.056, -0.415, 1.19, 0.195
2017-04-20 10:09:06,105, 1492675746105160969, 0.147, 0.088, -0.057, -0.404, 1.204, 0.182
2017-04-20 10:09:06,106, 1492675746106293508, 0.141, 0.082, -0.051, -0.386, 1.205, 0.19
2017-04-20 10:09:06,108, 1492675746108268638, 0.132, 0.097, -0.044, -0.375, 1.204, 0.179
2017-04-20 10:09:06,110, 1492675746110468347, 0.131, 0.083, -0.053, -0.369, 1.205, 0.158
2017-04-20 10:09:06,112, 1492675746112675151, 0.127, 0.086, -0.052, -0.36, 1.21, 0.146
2017-04-20 10:09:06,114, 1492675746114285573, 0.124, 0.085, -0.045, -0.352, 1.199, 0.141
2017-04-20 10:09:06,116, 1492675746116244818, 0.122, 0.068, -0.063, -0.339, 1.178, 0.13
2017-04-20 10:09:06,121, 1492675746121262784, 0.103, 0.073, -0.066, -0.287, 1.11, 0.174
2017-04-20 10:09:06,123, 1492675746123098467, 0.106, 0.05, -0.081, -0.26, 1.081, 0.19
2017-04-20 10:09:06,125, 1492675746125251924, 0.082, 0.06, -0.118, -0.222, 1.045, 0.207
2017-04-20 10:09:06,127, 1492675746127119005, 0.076, 0.057, -0.103, -0.192, 1.011, 0.26
2017-04-20 10:09:06,129, 1492675746129286403, 0.078, 0.044, -0.105, -0.161, 0.982, 0.26
2017-04-20 10:09:06,131, 1492675746131074342, 0.075, 0.048, -0.119, -0.135, 0.975, 0.276
2017-04-20 10:09:06,137, 1492675746137461722, 0.08, 0.051, -0.119, -0.126, 0.979, 0.263
2017-04-20 10:09:06,139, 1492675746139234437, 0.081, 0.045, -0.116, -0.177, 1.025, 0.203
2017-04-20 10:09:06,141, 1492675746141256995, 0.089, 0.056, -0.106, -0.192, 1.058, 0.179
2017-04-20 10:09:06,143, 1492675746143228719, 0.09, 0.058, -0.101, -0.208, 1.077, 0.154
2017-04-20 10:09:06,149, 1492675746149261725, 0.088, 0.036, -0.092, -0.19, 1.101, 0.141
2017-04-20 10:09:06,150, 1492675746150241377, 0.095, 0.046, -0.129, -0.177, 1.097, 0.154
2017-04-20 10:09:06,153, 1492675746153274063, 0.086, 0.048, -0.134, -0.161, 1.082, 0.179
2017-04-20 10:09:06,155, 1492675746155055250, 0.089, 0.038, -0.103, -0.162, 1.058, 0.187
2017-04-20 10:09:06,157, 1492675746157151530, 0.085, 0.031, -0.122, -0.162, 1.047, 0.223
2017-04-20 10:09:06,159, 1492675746159197301, 0.085, 0.048, -0.155, -0.152, 1.03, 0.252
2017-04-20 10:09:06,161, 1492675746161135530, 0.083, 0.044, -0.151, -0.141, 1.007, 0.268
2017-04-20 10:09:06,163, 1492675746163110323, 0.095, 0.055, -0.161, -0.132, 1.008, 0.26
2017-04-20 10:09:06,165, 1492675746165228492, 0.091, 0.063, -0.191, -0.136, 1.018, 0.276
2017-04-20 10:09:06,167, 1492675746167087920, 0.092, 0.067, -0.176, -0.151, 1.043, 0.279
2017-04-20 10:09:06,172, 1492675746172772371, 0.098, 0.075, -0.181, -0.166, 1.071, 0.271
2017-04-20 10:09:06,174, 1492675746174297923, 0.102, 0.07, -0.196, -0.135, 1.103, 0.231
2017-04-20 10:09:06,176, 1492675746176271500, 0.104, 0.057, -0.223, -0.126, 1.104, 0.215
2017-04-20 10:09:06,178, 1492675746178253338, 0.103, 0.048, -0.235, -0.11, 1.09, 0.235
2017-04-20 10:09:06,180, 1492675746180295194, 0.125, 0.063, -0.215, -0.101, 1.088, 0.255
2017-04-20 10:09:06,182, 1492675746182251186, 0.123, 0.052, -0.248, -0.094, 1.085, 0.26
2017-04-20 10:09:06,184, 1492675746184291535, 0.124, 0.055, -0.279, -0.09, 1.06, 0.255
2017-04-20 10:09:06,186, 1492675746186264393, 0.11, 0.042, -0.259, -0.067, 1.024, 0.255
2017-04-20 10:09:06,188, 1492675746188266551, 0.094, 0.043, -0.265, -0.055, 1.019, 0.26
2017-04-20 10:09:06,190, 1492675746190220168, 0.116, 0.039, -0.291, -0.025, 1.0, 0.255
2017-04-20 10:09:06,192, 1492675746192259112, 0.139, 0.052, -0.289, -0.014, 1.043, 0.231
2017-04-20 10:09:06,195, 1492675746195226124, 0.14, 0.073, -0.295, -0.014, 1.042, 0.26
2017-04-20 10:09:06,196, 1492675746196295979, 0.136, 0.071, -0.301, -0.034, 1.063, 0.243
2017-04-20 10:09:06,198, 1492675746198266557, 0.116, 0.059, -0.287, -0.039, 1.058, 0.227
2017-04-20 10:09:06,200, 1492675746200241318, 0.116, 0.085, -0.292, -0.065, 1.058, 0.154
2017-04-20 10:09:06,203, 1492675746203291772, 0.123, 0.099, -0.251, -0.108, 1.116, 0.101
2017-04-20 10:09:06,205, 1492675746205352692, 0.13, 0.105, -0.247, -0.161, 1.138, 0.077
2017-04-20 10:09:06,209, 1492675746209261459, 0.098, 0.109, -0.278, -0.259, 1.191, 0.093
2017-04-20 10:09:06,211, 1492675746211090800, 0.111, 0.13, -0.277, -0.282, 1.257, 0.141
2017-04-20 10:09:06,213, 1492675746213249387, 0.163, 0.133, -0.267, -0.321, 1.361, 0.15
2017-04-20 10:09:06,215, 1492675746215122175, 0.166, 0.131, -0.294, -0.36, 1.404, 0.101
2017-04-20 10:09:06,217, 1492675746217104696, 0.141, 0.119, -0.299, -0.327, 1.376, 0.081
2017-04-20 10:09:06,219, 1492675746219109915, 0.152, 0.146, -0.266, -0.292, 1.432, 0.114
2017-04-20 10:09:06,221, 1492675746221056003, 0.169, 0.151, -0.28, -0.294, 1.467, 0.125
2017-04-20 10:09:06,223, 1492675746223132097, 0.145, 0.138, -0.378, -0.313, 1.411, 0.154
2017-04-20 10:09:06,225, 1492675746225065630, 0.145, 0.107, -0.376, -0.292, 1.453, 0.138
2017-04-20 10:09:06,227, 1492675746227118788, 0.186, 0.142, -0.305, -0.336, 1.528, 0.207
2017-04-20 10:09:06,229, 1492675746229108500, 0.175, 0.168, -0.345, -0.446, 1.536, 0.203
2017-04-20 10:09:06,231, 1492675746231082025, 0.138, 0.124, -0.393, -0.397, 1.528, 0.146
2017-04-20 10:09:06,237, 1492675746236343245, 0.179, 0.165, -0.34, -0.351, 1.547, 0.138
2017-04-20 10:09:06,240, 1492675746240391714, 0.154, 0.118, -0.429, -0.416, 1.519, 0.138
2017-04-20 10:09:06,242, 1492675746242237925, 0.168, 0.158, -0.375, -0.347, 1.499, 0.117
2017-04-20 10:09:06,244, 1492675746244379667, 0.181, 0.157, -0.45, -0.356, 1.56, 0.13
2017-04-20 10:09:06,246, 1492675746246309101, 0.2, 0.14, -0.381, -0.399, 1.593, 0.15
2017-04-20 10:09:06,248, 1492675746248250858, 0.195, 0.152, -0.338, -0.383, 1.584, 0.203
2017-04-20 10:09:06,250, 1492675746250239283, 0.218, 0.172, -0.484, -0.362, 1.638, 0.223
2017-04-20 10:09:06,252, 1492675746252219304, 0.237, 0.198, -0.456, -0.43, 1.711, 0.227
2017-04-20 10:09:06,254, 1492675746254236900, 0.223, 0.184, -0.363, -0.505, 1.713, 0.235
2017-04-20 10:09:06,256, 1492675746256261861, 0.225, 0.16, -0.471, -0.571, 1.731, 0.271
2017-04-20 10:09:06,258, 1492675746258239537, 0.229, 0.182, -0.503, -0.605, 1.764, 0.373
2017-04-20 10:09:06,260, 1492675746260263589, 0.267, 0.219, -0.423, -0.626, 1.821, 0.304
2017-04-20 10:09:06,262, 1492675746262245180, 0.246, 0.212, -0.442, -0.639, 1.86, 0.195
2017-04-20 10:09:06,264, 1492675746264266668, 0.2, 0.193, -0.504, -0.639, 1.795, 0.263
2017-04-20 10:09:06,266, 1492675746266229455, 0.244, 0.235, -0.475, -0.676, 1.892, 0.279
2017-04-20 10:09:06,268, 1492675746268294349, 0.252, 0.204, -0.451, -0.723, 1.966, 0.231
2017-04-20 10:09:06,270, 1492675746270273382, 0.245, 0.212, -0.427, -0.809, 1.959, 0.195
2017-04-20 10:09:06,273, 1492675746272788286, 0.249, 0.24, -0.434, -0.868, 1.991, 0.252
2017-04-20 10:09:06,275, 1492675746275059304, 0.309, 0.259, -0.429, -0.935, 2.085, 0.231
2017-04-20 10:09:06,277, 1492675746276263197, 0.302, 0.249, -0.369, -1.019, 2.087, 0.187
2017-04-20 10:09:06,279, 1492675746279508891, 0.335, 0.261, -0.421, -1.097, 2.152, 0.247
2017-04-20 10:09:06,281, 1492675746281267977, 0.389, 0.274, -0.554, -1.091, 2.238, 0.292
2017-04-20 10:09:06,283, 1492675746283167228, 0.447, 0.295, -0.471, -1.075, 2.213, 0.349
2017-04-20 10:09:06,284, 1492675746284266145, 0.462, 0.334, -0.498, -1.155, 2.298, 0.284
2017-04-20 10:09:06,286, 1492675746286230462, 0.424, 0.291, -0.631, -1.147, 2.218, 0.309
2017-04-20 10:09:06,288, 1492675746288243397, 0.386, 0.288, -0.61, -1.132, 2.097, 0.442
2017-04-20 10:09:06,290, 1492675746290231087, 0.388, 0.31, -0.548, -1.155, 2.097, 0.406
2017-04-20 10:09:06,293, 1492675746292300367, 0.388, 0.313, -0.655, -1.14, 2.128, 0.39
2017-04-20 10:09:06,295, 1492675746295185638, 0.387, 0.32, -0.677, -1.26, 2.151, 0.49
2017-04-20 10:09:06,297, 1492675746297071023, 0.38, 0.319, -0.638, -1.332, 2.16, 0.628
2017-04-20 10:09:06,298, 1492675746298271122, 0.4, 0.373, -0.6, -1.47, 2.221, 0.824
2017-04-20 10:09:06,300, 1492675746300259354, 0.361, 0.329, -0.526, -1.627, 2.209, 0.909
2017-04-20 10:09:06,305, 1492675746305271948, 0.361, 0.361, -0.388, -2.338, 2.548, 1.25
2017-04-20 10:09:06,307, 1492675746307147603, 0.518, 0.474, -0.597, -2.488, 2.853, 1.14
2017-04-20 10:09:06,309, 1492675746309260603, 0.616, 0.516, -0.524, -2.494, 2.956, 0.796
2017-04-20 10:09:06,311, 1492675746311218874, 0.514, 0.505, -0.272, -2.348, 2.684, 0.722
2017-04-20 10:09:06,313, 1492675746313167660, 0.439, 0.425, -0.532, -2.2, 2.555, 0.99
2017-04-20 10:09:06,315, 1492675746315156676, 0.386, 0.348, -0.704, -2.115, 2.494, 1.173
2017-04-20 10:09:06,317, 1492675746317621353, 0.376, 0.416, -0.52, -2.085, 2.383, 1.023
2017-04-20 10:09:06,319, 1492675746319223538, 0.469, 0.408, -0.574, -2.056, 2.51, 0.864
2017-04-20 10:09:06,321, 1492675746321195577, 0.528, 0.391, -0.674, -2.11, 2.618, 0.986
2017-04-20 10:09:06,323, 1492675746323184686, 0.516, 0.421, -0.526, -2.281, 2.629, 1.124
2017-04-20 10:09:06,325, 1492675746325152460, 0.46, 0.397, -0.554, -2.328, 2.606, 1.035
2017-04-20 10:09:06,327, 1492675746327109073, 0.494, 0.423, -0.841, -2.317, 2.723, 0.872
2017-04-20 10:09:06,329, 1492675746329112742, 0.519, 0.479, -0.896, -2.213, 2.636, 0.921
2017-04-20 10:09:06,331, 1492675746331160230, 0.493, 0.483, -0.823, -2.108, 2.473, 1.018
2017-04-20 10:09:06,333, 1492675746333139994, 0.518, 0.469, -0.872, -2.133, 2.482, 1.08
2017-04-20 10:09:06,335, 1492675746335143047, 0.463, 0.434, -0.886, -1.979, 2.362, 1.039
2017-04-20 10:09:06,337, 1492675746337096708, 0.431, 0.44, -0.982, -1.727, 2.301, 0.921
2017-04-20 10:09:06,339, 1492675746339172766, 0.503, 0.469, -1.142, -1.647, 2.374, 0.958
2017-04-20 10:09:06,345, 1492675746344972740, 0.578, 0.47, -1.205, -1.704, 2.447, 1.056
2017-04-20 10:09:06,346, 1492675746346260551, 0.566, 0.483, -1.825, -1.478, 2.252, 0.666
2017-04-20 10:09:06,353, 1492675746353758897, 0.376, 0.346, -1.981, -1.348, 1.931, 0.677
2017-04-20 10:09:06,355, 1492675746355280239, 0.474, 0.36, -1.943, -1.422, 2.155, 0.86
2017-04-20 10:09:06,357, 1492675746357261389, 0.451, 0.326, -1.981, -1.42, 2.228, 0.888
2017-04-20 10:09:06,359, 1492675746359218275, 0.417, 0.344, -1.977, -1.442, 2.272, 0.812
2017-04-20 10:09:06,361, 1492675746361218045, 0.367, 0.336, -2.003, -1.464, 2.327, 0.812
2017-04-20 10:09:06,363, 1492675746363258813, 0.286, 0.301, -1.997, -1.446, 2.296, 0.807
2017-04-20 10:09:06,365, 1492675746365371204, 0.275, 0.318, -2.013, -1.542, 2.33, 0.82