2017-04-20 10:10:03,863, 1492675803863250513, 0.154, 0.181, -0.122, -1.399, 1.233, 0.179
2017-04-20 10:10:03,869, 1492675803868397734, 0.166, 0.169, -0.099, -1.342, 1.247, 0.203
2017-04-20 10:10:03,870, 1492675803870209472, 0.161, 0.161, -0.093, -1.316, 1.251, 0.179
2017-04-20 10:10:03,872, 1492675803872366180, 0.147, 0.166, -0.089, -1.29, 1.246, 0.162
2017-04-20 10:10:03,874, 1492675803874241778, 0.14, 0.15, -0.094, -1.261, 1.241, 0.166
2017-04-20 10:10:03,876, 1492675803876415428, 0.152, 0.155, -0.079, -1.221, 1.237, 0.174
2017-04-20 10:10:03,878, 1492675803878244630, 0.144, 0.147, -0.08, -1.216, 1.236, 0.179
2017-04-20 10:10:03,880, 1492675803880312512, 0.147, 0.167, -0.061, -1.218, 1.227, 0.162
2017-04-20 10:10:03,884, 1492675803884233767, 0.136, 0.161, -0.063, -1.241, 1.189, 0.19
2017-04-20 10:10:03,887, 1492675803887066330, 0.141, 0.17, -0.066, -1.255, 1.183, 0.203
2017-04-20 10:10:03,888, 1492675803888443852, 0.138, 0.159, -0.069, -1.284, 1.175, 0.198
2017-04-20 10:10:03,890, 1492675803890432969, 0.131, 0.172, -0.064, -1.292, 1.165, 0.195
2017-04-20 10:10:03,892, 1492675803892586335, 0.149, 0.166, -0.057, -1.3, 1.161, 0.203
2017-04-20 10:10:03,894, 1492675803894445482, 0.139, 0.154, -0.07, -1.298, 1.152, 0.203
2017-04-20 10:10:03,896, 1492675803896403057, 0.141, 0.162, -0.068, -1.306, 1.138, 0.203
2017-04-20 10:10:03,898, 1492675803898403424, 0.141, 0.162, -0.078, -1.322, 1.129, 0.182
2017-04-20 10:10:03,900, 1492675803900384720, 0.143, 0.157, -0.08, -1.33, 1.115, 0.215
2017-04-20 10:10:03,902, 1492675803902396945, 0.138, 0.167, -0.087, -1.344, 1.091, 0.211
2017-04-20 10:10:03,904, 1492675803904383269, 0.13, 0.155, -0.085, -1.359, 1.075, 0.198
2017-04-20 10:10:03,906, 1492675803906422715, 0.134, 0.16, -0.099, -1.362, 1.064, 0.195
2017-04-20 10:10:03,908, 1492675803908366527, 0.136, 0.174, -0.102, -1.375, 1.059, 0.19
2017-04-20 10:10:03,910, 1492675803910420055, 0.135, 0.161, -0.093, -1.387, 1.052, 0.182
2017-04-20 10:10:03,912, 1492675803912390549, 0.115, 0.173, -0.104, -1.392, 1.053, 0.187
2017-04-20 10:10:03,914, 1492675803914409364, 0.13, 0.192, -0.11, -1.399, 1.065, 0.179
2017-04-20 10:10:03,916, 1492675803916392613, 0.122, 0.175, -0.099, -1.424, 1.081, 0.162
2017-04-20 10:10:03,924, 1492675803919332601, 0.117, 0.176, -0.107, -1.451, 1.084, 0.162
2017-04-20 10:10:03,929, 1492675803928879535, 0.124, 0.209, -0.08, -1.629, 1.131, 0.187
2017-04-20 10:10:03,930, 1492675803930408751, 0.129, 0.204, -0.09, -1.635, 1.138, 0.166
2017-04-20 10:10:03,932, 1492675803932635121, 0.122, 0.195, -0.08, -1.642, 1.149, 0.163
2017-04-20 10:10:03,934, 1492675803934426641, 0.125, 0.201, -0.063, -1.645, 1.146, 0.179
2017-04-20 10:10:03,936, 1492675803936381909, 0.116, 0.186, -0.069, -1.637, 1.131, 0.171
2017-04-20 10:10:03,938, 1492675803938415474, 0.111, 0.183, -0.072, -1.626, 1.115, 0.15
2017-04-20 10:10:03,940, 1492675803940374352, 0.097, 0.169, -0.06, -1.594, 1.089, 0.138
2017-04-20 10:10:03,942, 1492675803942436402, 0.071, 0.156, -0.066, -1.564, 1.049, 0.133
2017-04-20 10:10:03,944, 1492675803944381370, 0.051, 0.145, -0.078, -1.502, 1.002, 0.13
2017-04-20 10:10:03,946, 1492675803946522869, 0.04, 0.112, -0.095, -1.423, 0.949, 0.141
2017-04-20 10:10:03,955, 1492675803954874431, -0.001, 0.067, -0.203, -1.011, 0.771, 0.284
2017-04-20 10:10:03,957, 1492675803957423523, -0.031, 0.055, -0.236, -0.908, 0.725, 0.26
2017-04-20 10:10:03,959, 1492675803959373449, -0.04, 0.049, -0.273, -0.817, 0.709, 0.284
2017-04-20 10:10:03,961, 1492675803961435740, -0.029, 0.054, -0.293, -0.759, 0.705, 0.276
2017-04-20 10:10:03,963, 1492675803963394806, -0.034, 0.038, -0.286, -0.699, 0.716, 0.271
2017-04-20 10:10:03,965, 1492675803965407896, -0.047, 0.039, -0.301, -0.637, 0.691, 0.271
2017-04-20 10:10:03,967, 1492675803967376219, -0.057, 0.03, -0.339, -0.562, 0.689, 0.271
2017-04-20 10:10:03,969, 1492675803969393544, -0.063, 0.02, -0.374, -0.455, 0.667, 0.268
2017-04-20 10:10:03,971, 1492675803971350296, -0.068, 0.025, -0.378, -0.378, 0.637, 0.263
2017-04-20 10:10:03,973, 1492675803973531882, -0.062, 0.0, -0.369, -0.331, 0.643, 0.288
2017-04-20 10:10:03,975, 1492675803975376684, -0.051, -0.007, -0.378, -0.291, 0.616, 0.325
2017-04-20 10:10:03,977, 1492675803977404685, -0.066, 0.004, -0.378, -0.267, 0.609, 0.328
2017-04-20 10:10:03,979, 1492675803979383123, -0.063, 0.014, -0.399, -0.254, 0.578, 0.333
2017-04-20 10:10:03,982, 1492675803982408866, -0.098, -0.019, -0.393, -0.265, 0.535, 0.345
2017-04-20 10:10:03,984, 1492675803984257033, -0.104, -0.009, -0.378, -0.263, 0.515, 0.353
2017-04-20 10:10:03,985, 1492675803985399095, -0.087, -0.011, -0.4, -0.25, 0.528, 0.345
2017-04-20 10:10:03,987, 1492675803987624166, -0.04, 0.009, -0.402, -0.233, 0.555, 0.353
2017-04-20 10:10:03,993, 1492675803992726757, -0.025, 0.017, -0.347, -0.275, 0.608, 0.309
2017-04-20 10:10:03,994, 1492675803994399039, 0.003, 0.062, -0.402, -0.353, 0.594, 0.309
2017-04-20 10:10:03,996, 1492675803996396835, -0.025, 0.013, -0.452, -0.384, 0.59, 0.36
2017-04-20 10:10:03,998, 1492675803998370969, 0.0, 0.06, -0.352, -0.508, 0.631, 0.393
2017-04-20 10:10:04,000, 1492675804000391852, 0.003, 0.073, -0.473, -0.532, 0.609, 0.381
2017-04-20 10:10:04,003, 1492675804002934840, 0.039, 0.063, -0.508, -0.526, 0.714, 0.292
2017-04-20 10:10:04,005, 1492675804005442671, -0.002, 0.072, -0.506, -0.476, 0.586, 0.353
2017-04-20 10:10:04,007, 1492675804007232322, -0.074, 0.039, -0.596, -0.449, 0.519, 0.358
2017-04-20 10:10:04,008, 1492675804008401980, -0.062, 0.019, -0.626, -0.384, 0.493, 0.357
2017-04-20 10:10:04,010, 1492675804010368556, -0.07, 0.046, -0.581, -0.296, 0.455, 0.256
2017-04-20 10:10:04,012, 1492675804012610750, -0.076, 0.042, -0.628, -0.237, 0.399, 0.288
2017-04-20 10:10:04,014, 1492675804014346112, -0.029, 0.061, -0.679, -0.131, 0.326, 0.409
2017-04-20 10:10:04,017, 1492675804017611270, 0.066, 0.117, -0.599, -0.138, 0.45, 0.328
2017-04-20 10:10:04,020, 1492675804019407773, 0.109, 0.154, -0.603, -0.225, 0.522, 0.296
2017-04-20 10:10:04,026, 1492675804022833109, 0.132, 0.142, -0.639, -0.361, 0.576, 0.3
2017-04-20 10:10:04,027, 1492675804024400652, 0.189, 0.202, -0.605, -0.568, 0.698, 0.357
2017-04-20 10:10:04,027, 1492675804026409780, 0.176, 0.215, -0.627, -0.639, 0.697, 0.284
2017-04-20 10:10:04,028, 1492675804028359040, 0.187, 0.223, -0.594, -0.76, 0.787, 0.309
2017-04-20 10:10:04,030, 1492675804030379524, 0.209, 0.223, -0.586, -0.774, 0.766, 0.357
2017-04-20 10:10:04,032, 1492675804032359321, 0.237, 0.26, -0.519, -0.789, 0.815, 0.36
2017-04-20 10:10:04,034, 1492675804034397235, 0.317, 0.306, -0.428, -0.915, 1.009, 0.247
2017-04-20 10:10:04,036, 1492675804036331180, 0.459, 0.328, -0.692, -1.068, 1.293, 0.171
2017-04-20 10:10:04,038, 1492675804038414074, 0.468, 0.282, -0.457, -1.308, 1.312, 0.264
2017-04-20 10:10:04,040, 1492675804040373397, 0.395, 0.403, -0.285, -1.723, 1.115, 0.373
2017-04-20 10:10:04,042, 1492675804042417072, 0.413, 0.368, -0.642, -2.043, 1.223, 0.503
2017-04-20 10:10:04,044, 1492675804044353230, 0.343, 0.411, -0.705, -2.343, 1.089, 0.617
2017-04-20 10:10:04,046, 1492675804046389240, 0.28, 0.467, -0.405, -2.485, 0.874, 0.893
2017-04-20 10:10:04,048, 1492675804048358415, 0.196, 0.404, -0.386, -2.569, 0.825, 1.026
2017-04-20 10:10:04,050, 1492675804050413150, 0.255, 0.434, -0.699, -2.717, 1.024, 1.23
2017-04-20 10:10:04,053, 1492675804052705856, 0.398, 0.484, -0.427, -2.851, 1.465, 1.234
2017-04-20 10:10:04,055, 1492675804055466993, 0.581, 0.589, -0.413, -2.991, 1.941, 1.421
2017-04-20 10:10:04,063, 1492675804063409824, 0.373, 0.505, -0.892, -3.192, 1.53, 0.877
2017-04-20 10:10:04,068, 1492675804068401770, 0.594, 0.638, -0.828, -3.271, 1.753, 0.978
2017-04-20 10:10:04,070, 1492675804070203497, 0.613, 0.544, -0.9, -3.321, 1.844, 0.913
2017-04-20 10:10:04,072, 1492675804072320625, 0.716, 0.594, -1.114, -3.223, 1.963, 1.25
2017-04-20 10:10:04,074, 1492675804074362390, 0.737, 0.685, -1.629, -2.892, 2.035, 1.234
2017-04-20 10:10:04,076, 1492675804076308733, 0.691, 0.684, -1.931, -2.289, 1.927, 0.702
2017-04-20 10:10:04,078, 1492675804078266823, 0.483, 0.521, -1.935, -1.855, 1.519, 0.523
2017-04-20 10:10:04,080, 1492675804080291212, 0.336, 0.434, -1.958, -1.788, 1.203, 0.458
2017-04-20 10:10:04,082, 1492675804082255918, 0.298, 0.422, -1.98, -1.614, 1.111, 0.832
2017-04-20 10:10:04,084, 1492675804084391171, 0.416, 0.458, -1.97, -1.67, 1.421, 0.905
2017-04-20 10:10:04,086, 1492675804086374813, 0.596, 0.478, -1.975, -1.881, 1.881, 1.234
2017-04-20 10:10:04,089, 1492675804089671959, 0.664, 0.503, -1.961, -1.982, 1.854, 0.511
2017-04-20 10:10:04,091, 1492675804091364302, 0.529, 0.496, -1.978, -2.039, 1.761, 0.856
2017-04-20 10:10:04,094, 1492675804093722753, 0.469, 0.422, -2.023, -2.01, 1.804, 1.023
2017-04-20 10:10:04,095, 1492675804095373591, 0.373, 0.39, -2.038, -2.043, 1.743, 0.852
2017-04-20 10:10:04,096, 1492675804096422107, 0.503, 0.392, -2.027, -2.09, 2.031, 0.511
2017-04-20 10:10:04,098, 1492675804098212078, 0.576, 0.371, -2.038, -2.105, 2.211, 0.52
2017-04-20 10:10:04,100, 1492675804100233325, 0.603, 0.346, -2.023, -2.179, 2.333, 0.796
2017-04-20 10:10:04,102, 1492675804102242178, 0.519, 0.343, -2.045, -2.289, 2.226, 0.934
2017-04-20 10:10:04,104, 1492675804104382728, 0.381, 0.36, -2.066, -2.392, 2.059, 0.766
2017-04-20 10:10:04,106, 1492675804106213009, 0.308, 0.369, -2.069, -2.394, 2.036, 0.832
2017-04-20 10:10:04,108, 1492675804108308022, 0.317, 0.41, -2.083, -2.472, 2.053, 1.083
2017-04-20 10:10:04,110, 1492675804110225965, 0.359, 0.436, -2.108, -2.553, 2.112, 1.059
2017-04-20 10:10:04,112, 1492675804112300111, 0.434, 0.409, -2.101, -2.499, 2.259, 0.888
2017-04-20 10:10:04,114, 1492675804114292838, 0.408, 0.381, -2.104, -2.515, 2.226, 0.999
2017-04-20 10:10:04,118, 1492675804116355453, 0.328, 0.385, -2.154, -2.596, 2.118, 0.97
2017-04-20 10:10:04,118, 1492675804118244004, 0.27, 0.41, -2.145, -2.645, 1.98, 0.82
2017-04-20 10:10:04,120, 1492675804120307533, 0.24, 0.441, -2.167, -2.72, 1.9, 0.734
2017-04-20 10:10:04,126, 1492675804125987817, 0.293, 0.431, -2.164, -2.711, 1.945, 0.758
2017-04-20 10:10:04,130, 1492675804130424058, 0.264, 0.452, -3.129, -4.058, 2.052, 0.763
2017-04-20 10:10:04,132, 1492675804132542235, 0.258, 0.519, -2.795, -3.48, 1.903, 0.58
2017-04-20 10:10:04,137, 1492675804137521992, 0.288, 0.316, -2.852, -3.055, 1.817, 0.645
2017-04-20 10:10:04,139, 1492675804139368207, 0.287, 0.306, -2.893, -2.937, 1.823, 0.498
2017-04-20 10:10:04,141, 1492675804141351807, 0.303, 0.381, -2.92, -3.098, 1.818, 0.56
2017-04-20 10:10:04,143, 1492675804143346304, 0.225, 0.564, -3.126, -3.145, 1.731, 0.641
2017-04-20 10:10:04,145, 1492675804145369007, 0.148, 0.617, -2.945, -2.963, 1.561, 0.601
2017-04-20 10:10:04,147, 1492675804147430592, 0.224, 0.539, -3.017, -3.03, 1.628, 0.677
2017-04-20 10:10:04,149, 1492675804149346542, 0.226, 0.394, -3.172, -3.126, 1.61, 0.62
2017-04-20 10:10:04,151, 1492675804151370054, 0.272, 0.365, -3.123, -3.079, 1.702, 0.641
2017-04-20 10:10:04,153, 1492675804153391555, 0.303, 0.414, -3.174, -3.103, 1.802, 0.694
2017-04-20 10:10:04,155, 1492675804155366038, 0.305, 0.456, -3.188, -3.151, 1.841, 0.564
2017-04-20 10:10:04,162, 1492675804162061705, 0.317, 0.475, -3.057, -3.137, 1.856, 0.628
2017-04-20 10:10:04,163, 1492675804163337497, 0.324, 0.383, -3.133, -3.084, 1.853, 0.722
2017-04-20 10:10:04,165, 1492675804165398877, 0.281, 0.394, -3.134, -3.046, 1.81, 0.763
2017-04-20 10:10:04,167, 1492675804167384770, 0.24, 0.405, -3.116, -2.974, 1.785, 0.824
2017-04-20 10:10:04,170, 1492675804170679542, 0.259, 0.412, -3.059, -2.887, 1.871, 0.775
2017-04-20 10:10:04,172, 1492675804172396730, 0.306, 0.373, -3.103, -2.791, 1.97, 0.75
2017-04-20 10:10:04,173, 1492675804173376579, 0.316, 0.319, -3.128, -2.762, 1.966, 0.731
2017-04-20 10:10:04,175, 1492675804175385078, 0.293, 0.31, -3.114, -2.766, 1.94, 0.734
2017-04-20 10:10:04,177, 1492675804177406314, 0.254, 0.339, -3.133, -2.758, 1.847, 0.702
2017-04-20 10:10:04,185, 1492675804185367957, 0.269, 0.232, -3.172, -2.316, 1.701, 0.637
2017-04-20 10:10:04,186, 1492675804186431989, 0.277, 0.232, -3.178, -2.261, 1.686, 0.628
2017-04-20 10:10:04,189, 1492675804189258199, 0.266, 0.25, -3.219, -2.174, 1.653, 0.658
2017-04-20 10:10:04,191, 1492675804191335636, 0.235, 0.297, -3.234, -2.077, 1.589, 0.645
2017-04-20 10:10:04,196, 1492675804193447174, 0.238, 0.336, -3.259, -1.984, 1.547, 0.658
2017-04-20 10:10:04,197, 1492675804195434628, 0.232, 0.298, -3.294, -1.932, 1.514, 0.698
2017-04-20 10:10:04,197, 1492675804197531788, 0.237, 0.291, -3.271, -1.88, 1.492, 0.677
2017-04-20 10:10:04,199, 1492675804199385874, 0.244, 0.29, -3.242, -1.824, 1.477, 0.669
2017-04-20 10:10:04,200, 1492675804200373628, 0.231, 0.31, -3.222, -1.838, 1.437, 0.666
2017-04-20 10:10:04,203, 1492675804203310135, 0.213, 0.339, -3.157, -1.904, 1.395, 0.645
2017-04-20 10:10:04,205, 1492675804205175501, 0.208, 0.335, -3.08, -1.985, 1.353, 0.633
2017-04-20 10:10:04,207, 1492675804207216205, 0.205, 0.331, -3.061, -2.099, 1.326, 0.62
2017-04-20 10:10:04,209, 1492675804209224616, 0.21, 0.303, -3.042, -2.27, 1.328, 0.596
2017-04-20 10:10:04,211, 1492675804211244977, 0.205, 0.321, -2.987, -2.447, 1.315, 0.609
2017-04-20 10:10:04,213, 1492675804213381368, 0.189, 0.329, -3.008, -2.612, 1.315, 0.625
2017-04-20 10:10:04,214, 1492675804214398056, 0.162, 0.348, -2.97, -2.754, 1.315, 0.645
2017-04-20 10:10:04,217, 1492675804217241425, 0.182, 0.363, -2.878, -2.847, 1.33, 0.653
2017-04-20 10:10:04,219, 1492675804219306093, 0.22, 0.399, -2.845, -2.974, 1.414, 0.702
2017-04-20 10:10:04,225, 1492675804225640272, 0.213, 0.378, -2.856, -3.089, 1.414, 0.706
2017-04-20 10:10:04,230, 1492675804230397004, 0.185, 0.437, -2.764, -3.099, 1.3, 0.674
2017-04-20 10:10:04,232, 1492675804232169649, 0.173, 0.425, -2.747, -3.054, 1.273, 0.698
2017-04-20 10:10:04,234, 1492675804234299545, 0.183, 0.41, -2.748, -3.075, 1.267, 0.702
2017-04-20 10:10:04,236, 1492675804236548845, 0.204, 0.406, -2.764, -3.08, 1.317, 0.649
2017-04-20 10:10:04,238, 1492675804238401691, 0.198, 0.398, -2.754, -3.051, 1.314, 0.674
2017-04-20 10:10:04,240, 1492675804240222390, 0.201, 0.398, -2.755, -3.026, 1.273, 0.69
2017-04-20 10:10:04,242, 1492675804242540033, 0.199, 0.404, -2.752, -3.006, 1.271, 0.653
2017-04-20 10:10:04,244, 1492675804244471041, 0.184, 0.398, -2.76, -2.957, 1.253, 0.653
2017-04-20 10:10:04,246, 1492675804246314500, 0.169, 0.38, -2.746, -2.867, 1.212, 0.677
2017-04-20 10:10:04,248, 1492675804248272666, 0.168, 0.383, -2.725, -2.782, 1.191, 0.637
2017-04-20 10:10:04,250, 1492675804250256980, 0.181, 0.407, -2.68, -2.712, 1.205, 0.658
2017-04-20 10:10:04,252, 1492675804252233033, 0.19, 0.395, -2.691, -2.676, 1.215, 0.658
2017-04-20 10:10:04,254, 1492675804254280527, 0.187, 0.405, -2.738, -2.577, 1.208, 0.669
2017-04-20 10:10:04,256, 1492675804256262036, 0.18, 0.386, -2.655, -2.456, 1.154, 0.661
2017-04-20 10:10:04,262, 1492675804261566458, 0.182, 0.374, -2.692, -2.394, 1.172, 0.698
2017-04-20 10:10:04,263, 1492675804263385793, 0.175, 0.332, -2.674, -2.258, 1.134, 0.71
2017-04-20 10:10:04,265, 1492675804265393563, 0.174, 0.315, -2.689, -2.233, 1.135, 0.714
2017-04-20 10:10:04,267, 1492675804267516554, 0.205, 0.296, -2.639, -2.232, 1.158, 0.718
2017-04-20 10:10:04,269, 1492675804269408717, 0.208, 0.279, -2.649, -2.234, 1.169, 0.706
2017-04-20 10:10:04,271, 1492675804271358650, 0.188, 0.27, -2.661, -2.214, 1.17, 0.702
2017-04-20 10:10:04,273, 1492675804273384871, 0.179, 0.275, -2.649, -2.197, 1.181, 0.702
2017-04-20 10:10:04,275, 1492675804275350240, 0.176, 0.28, -2.649, -2.198, 1.223, 0.698
2017-04-20 10:10:04,277, 1492675804277381750, 0.186, 0.285, -2.638, -2.182, 1.272, 0.674
2017-04-20 10:10:04,279, 1492675804279347994, 0.198, 0.288, -2.609, -2.157, 1.324, 0.677
2017-04-20 10:10:04,281, 1492675804281417562, 0.194, 0.302, -2.562, -2.161, 1.367, 0.702
2017-04-20 10:10:04,283, 1492675804283425576, 0.216, 0.31, -2.549, -2.168, 1.395, 0.702
2017-04-20 10:10:04,285, 1492675804285418870, 0.214, 0.314, -2.531, -2.172, 1.417, 0.71
2017-04-20 10:10:04,287, 1492675804287382449, 0.232, 0.32, -2.536, -2.193, 1.442, 0.739
2017-04-20 10:10:04,289, 1492675804289414317, 0.232, 0.327, -2.514, -2.211, 1.461, 0.734
2017-04-20 10:10:04,291, 1492675804291359630, 0.248, 0.322, -2.499, -2.196, 1.466, 0.755
2017-04-20 10:10:04,298, 1492675804297241632, 0.233, 0.302, -2.492, -2.172, 1.457, 0.771
2017-04-20 10:10:04,300, 1492675804300384818, 0.251, 0.31, -2.488, -2.184, 1.417, 0.727
2017-04-20 10:10:04,302, 1492675804302268543, 0.228, 0.301, -2.495, -2.201, 1.395, 0.706
2017-04-20 10:10:04,303, 1492675804303360101, 0.209, 0.308, -2.502, -2.216, 1.367, 0.685
2017-04-20 10:10:04,304, 1492675804304411507, 0.209, 0.306, -2.514, -2.224, 1.352, 0.694
2017-04-20 10:10:04,306, 1492675804306369581, 0.201, 0.319, -2.523, -2.244, 1.331, 0.682
2017-04-20 10:10:04,313, 1492675804313775008, 0.18, 0.346, -2.532, -2.344, 1.229, 0.702
2017-04-20 10:10:04,316, 1492675804316418658, 0.177, 0.342, -2.52, -2.383, 1.19, 0.682
2017-04-20 10:10:04,318, 1492675804318197173, 0.176, 0.35, -2.521, -2.4, 1.166, 0.674
2017-04-20 10:10:04,319, 1492675804319374052, 0.175, 0.355, -2.518, -2.417, 1.13, 0.685
2017-04-20 10:10:04,321, 1492675804321410907, 0.167, 0.359, -2.512, -2.436, 1.109, 0.674
2017-04-20 10:10:04,323, 1492675804323537223, 0.169, 0.36, -2.505, -2.449, 1.08, 0.669
2017-04-20 10:10:04,328, 1492675804328563228, 0.171, 0.361, -2.505, -2.446, 1.057, 0.661
2017-04-20 10:10:04,334, 1492675804334229004, 0.152, 0.361, -2.477, -2.449, 0.997, 0.661
2017-04-20 10:10:04,335, 1492675804335386639, 0.137, 0.366, -2.496, -2.457, 0.991, 0.653
2017-04-20 10:10:04,337, 1492675804337385042, 0.156, 0.366, -2.491, -2.472, 0.987, 0.666
2017-04-20 10:10:04,339, 1492675804339403890, 0.151, 0.377, -2.479, -2.494, 0.999, 0.69
2017-04-20 10:10:04,341, 1492675804341308669, 0.161, 0.363, -2.506, -2.513, 1.012, 0.685
2017-04-20 10:10:04,344, 1492675804344613575, 0.169, 0.376, -2.513, -2.523, 1.044, 0.694
2017-04-20 10:10:04,347, 1492675804346476848, 0.183, 0.377, -2.516, -2.55, 1.09, 0.699
2017-04-20 10:10:04,348, 1492675804348644054, 0.191, 0.378, -2.521, -2.543, 1.114, 0.698
2017-04-20 10:10:04,350, 1492675804350383147, 0.183, 0.36, -2.503, -2.518, 1.129, 0.682
2017-04-20 10:10:04,351, 1492675804351397737, 0.197, 0.362, -2.507, -2.494, 1.153, 0.706
2017-04-20 10:10:04,353, 1492675804353363286, 0.202, 0.38, -2.489, -2.482, 1.191, 0.71
2017-04-20 10:10:04,355, 1492675804355428433, 0.206, 0.373, -2.468, -2.446, 1.224, 0.69
2017-04-20 10:10:04,357, 1492675804357482358, 0.204, 0.355, -2.441, -2.386, 1.243, 0.698
2017-04-20 10:10:04,359, 1492675804359410395, 0.2, 0.352, -2.416, -2.32, 1.27, 0.726
2017-04-20 10:10:04,361, 1492675804361365795, 0.208, 0.345, -2.422, -2.262, 1.294, 0.71
2017-04-20 10:10:04,364, 1492675804363676864, 0.213, 0.328, -2.407, -2.218, 1.315, 0.71
2017-04-20 10:10:04,373, 1492675804373181273, 0.215, 0.324, -2.408, -2.103, 1.359, 0.718
2017-04-20 10:10:04,374, 1492675804374457799, 0.236, 0.327, -2.458, -2.109, 1.39, 0.755
2017-04-20 10:10:04,380, 1492675804380374684, 0.304, 0.367, -2.68, -2.29, 1.47, 0.824
2017-04-20 10:10:04,382, 1492675804382268501, 0.319, 0.387, -2.753, -2.248, 1.492, 0.82
2017-04-20 10:10:04,384, 1492675804384225069, 0.339, 0.405, -2.757, -2.215, 1.486, 0.82
2017-04-20 10:10:04,386, 1492675804386278938, 0.377, 0.393, -2.923, -2.231, 1.562, 0.86
2017-04-20 10:10:04,388, 1492675804388200816, 0.396, 0.387, -3.014, -2.258, 1.578, 0.836
2017-04-20 10:10:04,390, 1492675804390258524, 0.411, 0.407, -3.052, -2.287, 1.59, 0.872
2017-04-20 10:10:04,392, 1492675804392171437, 0.401, 0.408, -3.183, -2.363, 1.608, 0.88
2017-04-20 10:10:04,394, 1492675804394371940, 0.386, 0.4, -3.3, -2.458, 1.576, 0.84
2017-04-20 10:10:04,397, 1492675804396479513, 0.383, 0.4, -3.354, -2.516, 1.534, 0.888
2017-04-20 10:10:04,401, 1492675804401599267, 0.487, 0.466, -3.487, -2.686, 1.655, 0.783
2017-04-20 10:10:04,403, 1492675804403352434, 0.476, 0.451, -3.507, -2.714, 1.639, 0.767
2017-04-20 10:10:04,405, 1492675804405426337, 0.433, 0.431, -3.536, -2.764, 1.607, 0.747
2017-04-20 10:10:04,407, 1492675804407370633, 0.415, 0.41, -3.468, -2.835, 1.596, 0.723
2017-04-20 10:10:04,409, 1492675804409515059, 0.409, 0.431, -3.42, -3.0, 1.619, 0.714
2017-04-20 10:10:04,411, 1492675804411380764, 0.437, 0.478, -3.389, -3.254, 1.758, 0.714
2017-04-20 10:10:04,413, 1492675804413413101, 0.419, 0.477, -3.333, -3.424, 1.804, 0.734
2017-04-20 10:10:04,416, 1492675804416387140, 0.352, 0.464, -3.232, -3.645, 1.887, 0.755
2017-04-20 10:10:04,417, 1492675804417413098, 0.348, 0.454, -3.222, -3.758, 2.003, 0.755
2017-04-20 10:10:04,419, 1492675804419375954, 0.327, 0.452, -3.194, -3.806, 2.016, 0.771
2017-04-20 10:10:04,421, 1492675804421385893, 0.33, 0.471, -3.106, -3.826, 2.064, 0.832
2017-04-20 10:10:04,423, 1492675804423382074, 0.357, 0.509, -3.058, -3.79, 2.104, 0.848
2017-04-20 10:10:04,425, 1492675804425407457, 0.338, 0.518, -3.053, -3.766, 2.114, 0.804
2017-04-20 10:10:04,427, 1492675804427357619, 0.295, 0.499, -3.042, -3.697, 2.02, 0.869
2017-04-20 10:10:04,429, 1492675804429392711, 0.27, 0.474, -3.001, -3.559, 1.944, 0.885
2017-04-20 10:10:04,431, 1492675804431587371, 0.292, 0.469, -3.055, -3.53, 1.977, 0.783
2017-04-20 10:10:04,437, 1492675804437400780, 0.527, 0.576, -2.951, -2.687, 1.721, 1.181
2017-04-20 10:10:04,439, 1492675804439386300, 0.452, 0.465, -3.19, -2.609, 1.53, 0.962
2017-04-20 10:10:04,442, 1492675804442437933, 0.487, 0.477, -3.43, -2.444, 1.358, 0.791
2017-04-20 10:10:04,444, 1492675804444404968, 0.556, 0.653, -3.472, -2.386, 1.368, 0.929
2017-04-20 10:10:04,446, 1492675804446236125, 0.631, 0.722, -3.451, -2.277, 1.395, 1.007
2017-04-20 10:10:04,447, 1492675804447547041, 0.688, 0.728, -3.369, -2.036, 1.337, 0.945
2017-04-20 10:10:04,449, 1492675804449376606, 0.714, 0.653, -3.416, -1.889, 1.312, 0.824
2017-04-20 10:10:04,451, 1492675804451233576, 0.704, 0.556, -3.533, -1.688, 1.242, 0.783
2017-04-20 10:10:04,453, 1492675804453274980, 0.74, 0.558, -3.5, -1.478, 1.222, 0.958
2017-04-20 10:10:04,455, 1492675804455223889, 0.764, 0.654, -3.415, -1.335, 1.22, 1.148
2017-04-20 10:10:04,457, 1492675804457264425, 0.817, 0.729, -3.458, -1.387, 1.254, 1.291
2017-04-20 10:10:04,459, 1492675804459241617, 0.88, 0.742, -3.506, -1.433, 1.333, 1.38
2017-04-20 10:10:04,461, 1492675804461310338, 0.914, 0.713, -3.45, -1.437, 1.347, 1.324
2017-04-20 10:10:04,469, 1492675804465814819, 0.944, 0.719, -3.309, -1.316, 1.358, 1.454
2017-04-20 10:10:04,469, 1492675804467542468, 0.995, 0.744, -3.219, -1.338, 1.445, 1.408
2017-04-20 10:10:04,469, 1492675804469466657, 1.039, 0.738, -3.179, -1.346, 1.524, 1.352
2017-04-20 10:10:04,471, 1492675804471400792, 1.064, 0.734, -3.108, -1.396, 1.554, 1.307
2017-04-20 10:10:04,473, 1492675804473365538, 1.039, 0.739, -3.086, -1.426, 1.55, 1.356
2017-04-20 10:10:04,475, 1492675804475413843, 1.015, 0.764, -3.054, -1.429, 1.545, 1.388
2017-04-20 10:10:04,477, 1492675804477397513, 0.997, 0.757, -3.025, -1.386, 1.573, 1.538
2017-04-20 10:10:04,479, 1492675804479380475, 1.016, 0.747, -2.996, -1.325, 1.627, 1.592
2017-04-20 10:10:04,484, 1492675804484384547, 1.053, 0.719, -2.988, -1.091, 1.753, 1.595
2017-04-20 10:10:04,486, 1492675804486230196, 1.031, 0.715, -2.994, -1.055, 1.73, 1.603
2017-04-20 10:10:04,488, 1492675804488303224, 1.007, 0.718, -3.023, -1.016, 1.708, 1.567
2017-04-20 10:10:04,490, 1492675804490280096, 0.999, 0.725, -3.078, -0.977, 1.682, 1.522
2017-04-20 10:10:04,492, 1492675804492527331, 1.023, 0.736, -3.139, -0.951, 1.703, 1.473
2017-04-20 10:10:04,495, 1492675804495562679, 1.074, 0.711, -3.186, -0.817, 1.725, 1.384
2017-04-20 10:10:04,497, 1492675804497381256, 1.09, 0.696, -3.191, -0.711, 1.695, 1.4
2017-04-20 10:10:04,499, 1492675804499228530, 1.079, 0.718, -3.197, -0.613, 1.65, 1.445
2017-04-20 10:10:04,500, 1492675804500367197, 1.07, 0.73, -3.211, -0.537, 1.601, 1.478
2017-04-20 10:10:04,506, 1492675804506485438, 1.081, 0.718, -3.224, -0.481, 1.564, 1.429
2017-04-20 10:10:04,508, 1492675804508344307, 1.057, 0.736, -3.274, -0.404, 1.451, 1.311
2017-04-20 10:10:04,510, 1492675804510384476, 1.043, 0.753, -3.256, -0.413, 1.425, 1.242
2017-04-20 10:10:04,516, 1492675804516403682, 1.062, 0.755, -3.192, -0.677, 1.402, 1.205
2017-04-20 10:10:04,518, 1492675804518180092, 1.056, 0.752, -3.262, -0.794, 1.41, 1.173
2017-04-20 10:10:04,520, 1492675804520216912, 1.052, 0.783, -3.252, -0.966, 1.409, 1.238
2017-04-20 10:10:04,522, 1492675804522507211, 1.061, 0.814, -3.22, -1.125, 1.419, 1.299
2017-04-20 10:10:04,524, 1492675804524351307, 1.061, 0.824, -3.216, -1.253, 1.423, 1.25
2017-04-20 10:10:04,528, 1492675804526332966, 1.063, 0.829, -3.149, -1.346, 1.438, 1.242
2017-04-20 10:10:04,529, 1492675804528508547, 1.071, 0.813, -3.093, -1.414, 1.443, 1.21
2017-04-20 10:10:04,531, 1492675804531464987, 1.079, 0.833, -3.104, -1.486, 1.466, 1.189
2017-04-20 10:10:04,538, 1492675804538511337, 1.07, 0.854, -3.07, -1.569, 1.498, 1.238
2017-04-20 10:10:04,540, 1492675804540381931, 1.096, 0.863, -3.124, -1.609, 1.629, 1.327
2017-04-20 10:10:04,542, 1492675804542551534, 1.098, 0.853, -3.124, -1.573, 1.664, 1.352
2017-04-20 10:10:04,544, 1492675804544397600, 1.102, 0.846, -3.142, -1.511, 1.68, 1.376
2017-04-20 10:10:04,546, 1492675804546362134, 1.114, 0.837, -3.167, -1.447, 1.692, 1.365
2017-04-20 10:10:04,548, 1492675804548377874, 1.112, 0.834, -3.234, -1.375, 1.709, 1.356
2017-04-20 10:10:04,550, 1492675804550347093, 1.107, 0.831, -3.242, -1.289, 1.704, 1.36
2017-04-20 10:10:04,552, 1492675804552402412, 1.115, 0.842, -3.262, -1.191, 1.7, 1.343
2017-04-20 10:10:04,554, 1492675804554364115, 1.122, 0.836, -3.298, -1.09, 1.708, 1.327
2017-04-20 10:10:04,556, 1492675804556446225, 1.135, 0.83, -3.291, -0.974, 1.709, 1.319
2017-04-20 10:10:04,558, 1492675804558714800, 1.123, 0.821, -3.287, -0.863, 1.696, 1.319
2017-04-20 10:10:04,560, 1492675804560398182, 1.118, 0.8, -3.347, -0.777, 1.666, 1.307
2017-04-20 10:10:04,562, 1492675804562386677, 1.11, 0.792, -3.372, -0.725, 1.641, 1.319
2017-04-20 10:10:04,564, 1492675804564428084, 1.093, 0.786, -3.431, -0.698, 1.611, 1.34
2017-04-20 10:10:04,570, 1492675804569943396, 1.085, 0.771, -3.454, -0.694, 1.602, 1.376
2017-04-20 10:10:04,572, 1492675804572662429, 1.098, 0.742, -3.485, -0.744, 1.609, 1.332
2017-04-20 10:10:04,574, 1492675804574333955, 1.097, 0.737, -3.45, -0.795, 1.617, 1.316
2017-04-20 10:10:04,575, 1492675804575420592, 1.093, 0.742, -3.444, -0.84, 1.618, 1.311
2017-04-20 10:10:04,577, 1492675804577352809, 1.073, 0.729, -3.441, -0.893, 1.591, 1.324
2017-04-20 10:10:04,579, 1492675804579386052, 1.068, 0.729, -3.389, -0.901, 1.587, 1.319
2017-04-20 10:10:04,581, 1492675804581364396, 1.11, 0.754, -3.346, -0.938, 1.649, 1.356
2017-04-20 10:10:04,583, 1492675804583371669, 1.144, 0.765, -3.343, -0.987, 1.72, 1.4
2017-04-20 10:10:04,585, 1492675804585347466, 1.139, 0.746, -3.323, -0.96, 1.727, 1.408
2017-04-20 10:10:04,587, 1492675804587404028, 1.117, 0.754, -3.311, -0.911, 1.711, 1.405
2017-04-20 10:10:04,589, 1492675804589387860, 1.132, 0.766, -3.325, -0.902, 1.749, 1.449
2017-04-20 10:10:04,591, 1492675804591436082, 1.155, 0.776, -3.332, -0.879, 1.802, 1.4
2017-04-20 10:10:04,593, 1492675804593376278, 1.15, 0.764, -3.393, -0.847, 1.808, 1.299
2017-04-20 10:10:04,595, 1492675804595420094, 1.136, 0.776, -3.454, -0.818, 1.796, 1.278
2017-04-20 10:10:04,597, 1492675804597369670, 1.14, 0.784, -3.455, -0.774, 1.812, 1.303
2017-04-20 10:10:04,599, 1492675804599392853, 1.145, 0.79, -3.507, -0.704, 1.843, 1.238
2017-04-20 10:10:04,604, 1492675804604340575, 1.153, 0.767, -3.542, -0.662, 1.847, 1.213
2017-04-20 10:10:04,610, 1492675804610330574, 1.14, 0.806, -3.577, -0.665, 1.791, 1.194
2017-04-20 10:10:04,612, 1492675804612184041, 1.131, 0.793, -3.568, -0.711, 1.79, 1.132
2017-04-20 10:10:04,613, 1492675804613409559, 1.141, 0.79, -3.602, -0.782, 1.823, 1.092
2017-04-20 10:10:04,616, 1492675804616208322, 1.14, 0.795, -3.554, -0.854, 1.803, 1.047
2017-04-20 10:10:04,617, 1492675804617392988, 1.132, 0.825, -3.532, -0.914, 1.799, 1.047
2017-04-20 10:10:04,619, 1492675804619399916, 1.125, 0.827, -3.558, -0.996, 1.781, 1.007
2017-04-20 10:10:04,621, 1492675804621393337, 1.116, 0.829, -3.525, -1.082, 1.772, 0.978
2017-04-20 10:10:04,625, 1492675804625616560, 1.108, 0.829, -3.505, -1.199, 1.751, 0.942
2017-04-20 10:10:04,627, 1492675804627517104, 1.099, 0.837, -3.493, -1.279, 1.743, 0.954
2017-04-20 10:10:04,629, 1492675804629356020, 1.091, 0.845, -3.47, -1.33, 1.732, 0.97
2017-04-20 10:10:04,630, 1492675804630413732, 1.091, 0.85, -3.493, -1.375, 1.727, 0.966
2017-04-20 10:10:04,632, 1492675804632202233, 1.099, 0.844, -3.497, -1.399, 1.718, 0.974
2017-04-20 10:10:04,638, 1492675804638242269, 1.097, 0.846, -3.484, -1.411, 1.696, 0.926
2017-04-20 10:10:04,640, 1492675804640151943, 1.059, 0.823, -3.551, -1.392, 1.619, 0.88
2017-04-20 10:10:04,643, 1492675804643391152, 1.068, 0.811, -3.635, -1.32, 1.621, 0.856
2017-04-20 10:10:04,645, 1492675804645196234, 1.066, 0.819, -3.659, -1.293, 1.623, 0.86
2017-04-20 10:10:04,646, 1492675804646454177, 1.066, 0.797, -3.67, -1.252, 1.62, 0.864
2017-04-20 10:10:04,648, 1492675804648220602, 1.05, 0.803, -3.696, -1.215, 1.621, 0.872
2017-04-20 10:10:04,651, 1492675804651144099, 1.065, 0.802, -3.706, -1.153, 1.632, 0.913
2017-04-20 10:10:04,653, 1492675804653403478, 1.082, 0.815, -3.708, -1.022, 1.693, 0.974
2017-04-20 10:10:04,655, 1492675804655292424, 1.086, 0.816, -3.709, -0.985, 1.718, 0.994
2017-04-20 10:10:04,656, 1492675804656389867, 1.103, 0.813, -3.677, -0.944, 1.743, 1.043
2017-04-20 10:10:04,658, 1492675804658226578, 1.104, 0.805, -3.672, -0.921, 1.757, 1.056
2017-04-20 10:10:04,659, 1492675804659368452, 1.13, 0.81, -3.646, -0.889, 1.786, 1.075
2017-04-20 10:10:04,661, 1492675804661383196, 1.125, 0.803, -3.614, -0.863, 1.814, 1.096
2017-04-20 10:10:04,663, 1492675804663370051, 1.142, 0.802, -3.602, -0.848, 1.842, 1.124
2017-04-20 10:10:04,665, 1492675804665393557, 1.154, 0.79, -3.594, -0.853, 1.871, 1.164
2017-04-20 10:10:04,667, 1492675804667544419, 1.144, 0.79, -3.591, -0.848, 1.889, 1.189
2017-04-20 10:10:04,670, 1492675804669856944, 1.157, 0.792, -3.571, -0.84, 1.912, 1.242
2017-04-20 10:10:04,671, 1492675804671352089, 1.154, 0.794, -3.575, -0.836, 1.937, 1.25
2017-04-20 10:10:04,674, 1492675804674322370, 1.164, 0.783, -3.573, -0.847, 1.951, 1.267
2017-04-20 10:10:04,683, 1492675804682838826, 1.158, 0.773, -3.573, -0.869, 1.927, 1.235
2017-04-20 10:10:04,684, 1492675804684414751, 1.146, 0.762, -3.577, -0.879, 1.906, 1.242
2017-04-20 10:10:04,686, 1492675804686431960, 1.155, 0.764, -3.586, -0.884, 1.881, 1.226
2017-04-20 10:10:04,692, 1492675804692432968, 1.107, 0.751, -3.631, -0.879, 1.803, 1.181
2017-04-20 10:10:04,694, 1492675804694211885, 1.114, 0.747, -3.645, -0.88, 1.792, 1.153
2017-04-20 10:10:04,696, 1492675804696351393, 1.107, 0.748, -3.65, -0.882, 1.781, 1.137
2017-04-20 10:10:04,698, 1492675804698285493, 1.097, 0.752, -3.661, -0.867, 1.764, 1.1
2017-04-20 10:10:04,700, 1492675804700327620, 1.099, 0.76, -3.668, -0.855, 1.76, 1.096
2017-04-20 10:10:04,704, 1492675804704291813, 1.115, 0.766, -3.631, -0.856, 1.781, 1.088
2017-04-20 10:10:04,706, 1492675804705816073, 1.138, 0.805, -3.553, -0.897, 1.827, 1.092
2017-04-20 10:10:04,707, 1492675804707361907, 1.143, 0.816, -3.474, -0.958, 1.85, 1.088
2017-04-20 10:10:04,708, 1492675804708378067, 1.15, 0.831, -3.413, -1.012, 1.869, 1.1
2017-04-20 10:10:04,713, 1492675804713457670, 1.2, 0.882, -3.032, -1.389, 2.02, 1.072
2017-04-20 10:10:04,715, 1492675804715383620, 1.217, 0.896, -2.928, -1.5, 2.07, 1.083
2017-04-20 10:10:04,717, 1492675804717294083, 1.221, 0.928, -2.765, -1.726, 2.128, 1.043
2017-04-20 10:10:04,719, 1492675804719370052, 1.21, 0.947, -2.536, -1.961, 2.183, 1.023
2017-04-20 10:10:04,721, 1492675804721333661, 1.185, 0.951, -2.366, -2.243, 2.221, 1.015
2017-04-20 10:10:04,723, 1492675804723341878, 1.163, 0.935, -2.167, -2.592, 2.26, 0.958
2017-04-20 10:10:04,725, 1492675804725322879, 1.183, 1.012, -2.123, -2.86, 2.402, 0.958
2017-04-20 10:10:04,727, 1492675804727399139, 1.158, 1.009, -2.122, -2.923, 2.43, 1.083
2017-04-20 10:10:04,729, 1492675804729353316, 1.147, 1.014, -2.116, -3.036, 2.434, 1.137
2017-04-20 10:10:04,733, 1492675804732604348, 1.041, 0.953, -2.11, -2.986, 2.324, 1.019
2017-04-20 10:10:04,734, 1492675804734520703, 1.075, 0.966, -2.06, -3.048, 2.404, 1.137
2017-04-20 10:10:04,736, 1492675804736369829, 1.111, 0.982, -2.053, -3.052, 2.418, 1.156
2017-04-20 10:10:04,737, 1492675804737375323, 1.181, 0.996, -2.033, -3.068, 2.529, 1.327
2017-04-20 10:10:04,740, 1492675804740262943, 1.225, 1.003, -2.031, -3.022, 2.576, 1.397
2017-04-20 10:10:04,745, 1492675804745354333, 1.259, 0.911, -1.945, -2.764, 2.531, 1.64
2017-04-20 10:10:04,747, 1492675804747238282, 1.267, 0.931, -1.945, -2.778, 2.5, 1.656
2017-04-20 10:10:04,749, 1492675804749182775, 1.28, 1.01, -1.833, -2.73, 2.571, 1.6
2017-04-20 10:10:04,751, 1492675804751338138, 1.27, 1.177, 5.779, -3.377, 1.881, 2.327
2017-04-20 10:10:04,753, 1492675804753195975, 1.355, 0.608, 0.076, -3.596, 3.194, 0.799
2017-04-20 10:10:04,755, 1492675804755353988, 0.786, 0.474, -1.801, -2.323, 2.47, 0.333
2017-04-20 10:10:04,757, 1492675804757296642, 0.022, 0.004, -1.402, -2.581, 1.863, 1.506
2017-04-20 10:10:04,759, 1492675804759367771, -0.273, 0.039, -0.143, -5.213, 2.072, 1.299
2017-04-20 10:10:04,760, 1492675804760378706, -0.135, 0.617, 2.244, -6.297, 2.302, 0.661
2017-04-20 10:10:04,763, 1492675804763327503, 0.583, 0.683, 1.009, -6.606, 3.964, 0.58
2017-04-20 10:10:04,765, 1492675804765203070, 0.546, 0.947, -0.391, -7.111, 4.193, 1.51
2017-04-20 10:10:04,767, 1492675804767255821, 0.343, 0.551, 0.51, -6.97, 4.0, 1.202
2017-04-20 10:10:04,769, 1492675804769245427, 0.336, 0.533, 2.6, -6.152, 4.208, -0.154
2017-04-20 10:10:04,774, 1492675804774399536, 0.341, 0.611, 0.678, -4.225, 3.467, 1.064
2017-04-20 10:10:04,777, 1492675804777381016, 0.489, 0.462, 1.655, -4.438, 3.211, 0.556
2017-04-20 10:10:04,779, 1492675804779303521, 0.528, 0.362, 0.298, -4.665, 3.003, 0.215
2017-04-20 10:10:04,780, 1492675804780378145, 0.447, 0.552, 0.94, -4.122, 2.347, 0.909
2017-04-20 10:10:04,782, 1492675804782374494, 0.333, 0.622, 1.397, -3.706, 1.943, 1.072
2017-04-20 10:10:04,784, 1492675804784315470, 0.252, 0.459, 0.728, -3.133, 1.57, 0.406
2017-04-20 10:10:04,786, 1492675804786339426, 0.348, 0.132, 0.263, -2.566, 1.718, -0.11
2017-04-20 10:10:04,788, 1492675804788327009, 0.315, 0.061, 1.23, -2.219, 1.609, 0.284
2017-04-20 10:10:04,790, 1492675804790303585, 0.18, 0.056, 1.278, -1.914, 1.513, 0.69
2017-04-20 10:10:04,792, 1492675804792317548, 0.132, 0.04, 0.437, -1.627, 1.61, 0.272
2017-04-20 10:10:04,794, 1492675804794346716, 0.108, 0.159, 0.985, -1.722, 1.495, 0.271
2017-04-20 10:10:04,796, 1492675804796303400, 0.131, 0.116, 1.577, -2.119, 1.404, 0.56
2017-04-20 10:10:04,798, 1492675804798390057, 0.043, 0.022, 0.933, -2.578, 1.208, 0.641
2017-04-20 10:10:04,800, 1492675804800353029, -0.122, 0.141, 0.938, -2.641, 0.8, 0.691
2017-04-20 10:10:04,806, 1492675804806539588, -0.121, 0.305, 1.407, -2.52, 0.591, 0.75
2017-04-20 10:10:04,808, 1492675804808359556, 0.099, 0.202, 1.545, -2.087, 0.127, 0.852
2017-04-20 10:10:04,810, 1492675804810377276, 0.006, 0.25, 1.37, -1.663, -0.426, 0.95
2017-04-20 10:10:04,812, 1492675804812480576, -0.149, 0.287, 0.441, -0.606, -0.984, 0.198
2017-04-20 10:10:04,814, 1492675804814396825, -0.426, -0.258, 0.35, 0.135, -1.181, -0.552
2017-04-20 10:10:04,816, 1492675804816375145, -0.45, -0.021, 0.911, -0.247, -1.359, -0.8
2017-04-20 10:10:04,818, 1492675804818386424, -0.211, -0.209, 0.811, 0.267, -1.117, -0.179
2017-04-20 10:10:04,820, 1492675804820374720, 0.098, 0.008, 0.365, 0.508, -0.828, -0.378
2017-04-20 10:10:04,822, 1492675804822393551, 0.1, 0.026, 0.114, 0.386, -0.811, -0.313
2017-04-20 10:10:04,824, 1492675804824346437, 0.038, 0.065, 0.703, 0.568, -1.131, -0.252
2017-04-20 10:10:04,826, 1492675804826412725, -0.019, -0.169, -0.304, 1.106, -1.18, -0.203
2017-04-20 10:10:04,828, 1492675804828377198, 0.037, -0.146, -1.56, 1.031, -1.735, 0.877
2017-04-20 10:10:04,830, 1492675804830391449, -0.061, 0.042, 0.494, 1.54, -1.791, 0.3
2017-04-20 10:10:04,832, 1492675804832366128, -0.072, -0.066, 0.829, 2.358, -2.171, 0.398
2017-04-20 10:10:04,834, 1492675804834393061, -0.012, -0.279, -0.124, 2.74, -1.891, -0.154
2017-04-20 10:10:04,836, 1492675804836450363, -0.035, -0.306, -0.825, 2.455, -1.826, -0.455
2017-04-20 10:10:04,838, 1492675804838399211, -0.267, -0.151, 0.517, 2.213, -2.305, -0.105
2017-04-20 10:10:04,841, 1492675804841631825, -0.007, -0.054, 0.1, 1.544, -1.394, -0.146
2017-04-20 10:10:04,843, 1492675804843390016, -0.093, 0.013, -0.194, 0.201, -1.156, -0.171
2017-04-20 10:10:04,845, 1492675804844349911, -0.071, 0.066, 0.448, -0.98, -0.779, -0.159
2017-04-20 10:10:04,846, 1492675804846391423, -0.097, 0.169, 0.409, -1.602, -0.704, 0.268
2017-04-20 10:10:04,848, 1492675804848345670, -0.039, 0.112, -0.168, -1.857, -0.219, 0.279
2017-04-20 10:10:04,850, 1492675804850474176, 0.028, 0.299, 0.05, -2.174, 0.316, -0.511
2017-04-20 10:10:04,852, 1492675804852374810, 0.035, 0.374, 0.4, -2.526, 0.61, -0.406
2017-04-20 10:10:04,855, 1492675804855459076, 0.083, 0.21, -0.034, -2.308, 1.068, 0.049
2017-04-20 10:10:04,857, 1492675804857268355, 0.169, 0.256, 0.077, -2.252, 1.443, -0.037
2017-04-20 10:10:04,858, 1492675804858417346, 0.153, 0.401, 0.367, -2.29, 1.544, -0.105
2017-04-20 10:10:04,860, 1492675804860344802, 0.209, 0.339, 0.183, -2.087, 1.779, 0.158
2017-04-20 10:10:04,864, 1492675804862410895, 0.314, 0.326, -0.164, -1.915, 2.199, 0.523
2017-04-20 10:10:04,864, 1492675804864349651, 0.302, 0.362, 0.109, -1.909, 2.291, 0.179
2017-04-20 10:10:04,866, 1492675804866457622, 0.353, 0.255, 0.18, -1.666, 2.54, -0.288
2017-04-20 10:10:04,868, 1492675804868333828, 0.492, 0.23, -0.096, -1.543, 2.983, -0.114
2017-04-20 10:10:04,870, 1492675804870460638, 0.447, 0.227, 0.024, -1.442, 2.984, -0.069
2017-04-20 10:10:04,878, 1492675804878226640, 0.42, -0.011, 0.133, -0.412, 3.21, 0.317
2017-04-20 10:10:04,880, 1492675804880184225, 0.396, 0.002, 0.051, 0.076, 3.207, 0.117
2017-04-20 10:10:04,882, 1492675804882156852, 0.4, -0.024, -0.109, 0.476, 3.15, 0.125
2017-04-20 10:10:04,883, 1492675804883375007, 0.419, -0.047, 0.034, 0.882, 3.083, 0.13
2017-04-20 10:10:04,886, 1492675804886346044, 0.323, -0.075, -0.018, 1.085, 2.775, 0.089
2017-04-20 10:10:04,888, 1492675804888203830, 0.261, -0.104, -0.136, 1.104, 2.526, 0.182
2017-04-20 10:10:04,889, 1492675804889358672, 0.252, -0.119, -0.097, 1.143, 2.285, 0.357
2017-04-20 10:10:04,891, 1492675804891407632, 0.298, -0.027, 0.039, 0.872, 2.053, 0.345
2017-04-20 10:10:04,897, 1492675804897355850, 0.237, -0.007, 0.089, -0.1, 1.087, 0.028
2017-04-20 10:10:04,899, 1492675804899188985, 0.218, 0.034, 0.087, -0.296, 0.953, -0.037
2017-04-20 10:10:04,901, 1492675804901194232, 0.158, 0.055, -0.046, -0.542, 0.666, -0.216
2017-04-20 10:10:04,903, 1492675804903207658, 0.102, 0.076, 0.068, -0.74, 0.364, -0.113
2017-04-20 10:10:04,905, 1492675804905186188, 0.02, 0.097, 0.167, -0.925, -0.022, 0.109
2017-04-20 10:10:04,907, 1492675804907469352, -0.022, 0.086, 0.075, -0.902, -0.223, -0.008
2017-04-20 10:10:04,910, 1492675804909886311, -0.029, 0.146, 0.117, -0.85, -0.397, -0.113
2017-04-20 10:10:04,911, 1492675804911373586, -0.115, 0.139, 0.136, -0.751, -0.736, -0.078
2017-04-20 10:10:04,912, 1492675804912383715, -0.154, 0.116, 0.091, -0.658, -0.913, -0.081
2017-04-20 10:10:04,915, 1492675804915297144, -0.172, 0.108, 0.031, -0.604, -1.135, -0.122
2017-04-20 10:10:04,917, 1492675804917524573, -0.156, 0.091, 0.052, -0.577, -1.295, -0.077
2017-04-20 10:10:04,919, 1492675804919354235, -0.154, 0.06, 0.091, -0.484, -1.396, -0.029
2017-04-20 10:10:04,921, 1492675804921184902, -0.188, 0.068, 0.04, -0.429, -1.568, -0.024
2017-04-20 10:10:04,923, 1492675804923222438, -0.194, 0.031, -0.081, -0.327, -1.666, -0.081
2017-04-20 10:10:04,925, 1492675804925242030, -0.156, 0.006, -0.05, -0.111, -1.672, -0.121
2017-04-20 10:10:04,927, 1492675804927221291, -0.144, 0.035, -0.038, 0.027, -1.672, -0.151
2017-04-20 10:10:04,929, 1492675804929177226, -0.135, 0.01, -0.171, 0.229, -1.632, -0.13
2017-04-20 10:10:04,931, 1492675804931226659, -0.084, -0.015, -0.168, 0.43, -1.501, -0.045
2017-04-20 10:10:04,933, 1492675804933505237, -0.103, 0.015, -0.055, 0.458, -1.356, 0.02
2017-04-20 10:10:04,935, 1492675804935326133, -0.129, 0.01, -0.106, 0.46, -1.221, 0.061
2017-04-20 10:10:04,937, 1492675804937272447, -0.091, 0.028, -0.105, 0.372, -0.958, 0.073
2017-04-20 10:10:04,940, 1492675804940396218, -0.06, 0.096, 0.036, -0.179, -0.55, 0.024
2017-04-20 10:10:04,945, 1492675804944292725, -0.06, 0.105, 0.041, -0.395, -0.427, -0.045
2017-04-20 10:10:04,947, 1492675804947373839, -0.03, 0.171, 0.125, -1.339, 0.166, -0.069
2017-04-20 10:10:04,949, 1492675804949175671, -0.006, 0.17, 0.174, -1.507, 0.358, -0.069
2017-04-20 10:10:04,950, 1492675804950382685, 0.035, 0.205, 0.201, -1.653, 0.532, -0.005
2017-04-20 10:10:04,951, 1492675804951364596, 0.081, 0.204, 0.196, -1.687, 0.7, -0.013
2017-04-20 10:10:04,953, 1492675804953409521, 0.126, 0.145, 0.166, -1.561, 0.929, -0.089
2017-04-20 10:10:04,956, 1492675804956183766, 0.116, 0.152, 0.158, -1.358, 0.995, -0.061
2017-04-20 10:10:04,957, 1492675804957389137, 0.137, 0.135, 0.08, -1.039, 1.126, -0.005
2017-04-20 10:10:04,959, 1492675804959376486, 0.187, 0.069, -0.013, -0.638, 1.29, -0.037
2017-04-20 10:10:04,962, 1492675804962207284, 0.198, 0.053, 0.026, -0.284, 1.366, 0.036
2017-04-20 10:10:04,963, 1492675804963408212, 0.235, 0.01, -0.001, 0.085, 1.431, 0.098
2017-04-20 10:10:04,966, 1492675804966381489, 0.257, -0.063, -0.111, 0.455, 1.565, 0.077
2017-04-20 10:10:04,967, 1492675804967368112, 0.257, -0.068, -0.073, 0.64, 1.597, 0.114
2017-04-20 10:10:04,969, 1492675804969406402, 0.257, -0.091, -0.078, 0.841, 1.628, 0.077
2017-04-20 10:10:04,971, 1492675804971353218, 0.263, -0.129, -0.174, 1.009, 1.726, 0.085
2017-04-20 10:10:04,976, 1492675804973611498, 0.266, -0.118, -0.141, 1.03, 1.749, 0.109
2017-04-20 10:10:04,977, 1492675804977502359, 0.219, -0.171, -0.146, 1.048, 1.727, 0.122
2017-04-20 10:10:04,979, 1492675804979347107, 0.241, -0.152, -0.133, 1.083, 1.728, 0.179
2017-04-20 10:10:04,981, 1492675804981232466, 0.219, -0.086, -0.06, 0.994, 1.699, 0.15
2017-04-20 10:10:04,982, 1492675804982368664, 0.197, -0.102, -0.138, 0.936, 1.605, 0.114
2017-04-20 10:10:04,984, 1492675804984354164, 0.161, -0.111, -0.161, 0.849, 1.525, 0.13
2017-04-20 10:10:04,986, 1492675804986363603, 0.154, -0.065, -0.08, 0.592, 1.382, 0.187
2017-04-20 10:10:04,988, 1492675804988179212, 0.129, -0.041, -0.104, 0.427, 1.231, 0.093
2017-04-20 10:10:04,997, 1492675804997532909, 0.009, 0.118, -0.286, -0.823, 0.106, -0.005
2017-04-20 10:10:04,999, 1492675804999311153, 0.003, 0.155, -0.248, -0.96, -0.014, 0.012
2017-04-20 10:10:05,001, 1492675805001396920, 0.013, 0.186, -0.295, -1.129, -0.161, -0.078
2017-04-20 10:10:05,003, 1492675805003336514, -0.041, 0.159, -0.412, -1.279, -0.452, -0.159
2017-04-20 10:10:05,009, 1492675805009421786, -0.117, 0.198, -0.622, -1.266, -1.031, -0.175
2017-04-20 10:10:05,011, 1492675805011241755, -0.11, 0.197, -0.579, -1.188, -1.056, -0.135
2017-04-20 10:10:05,015, 1492675805014228171, -0.087, 0.202, -0.574, -1.079, -1.112, -0.057
2017-04-20 10:10:05,017, 1492675805017279179, -0.169, 0.135, -0.699, -0.895, -1.311, -0.126
2017-04-20 10:10:05,018, 1492675805018369640, -0.173, 0.125, -0.613, -0.74, -1.336, -0.061
2017-04-20 10:10:05,019, 1492675805019358636, -0.154, 0.122, -0.587, -0.683, -1.31, -0.021
2017-04-20 10:10:05,021, 1492675805021344037, -0.159, 0.127, -0.596, -0.638, -1.277, -0.045
2017-04-20 10:10:05,023, 1492675805023265237, -0.164, 0.077, -0.618, -0.493, -1.232, -0.118
2017-04-20 10:10:05,025, 1492675805025301995, -0.178, 0.002, -0.624, -0.3, -1.23, -0.061
2017-04-20 10:10:05,030, 1492675805030302711, -0.103, -0.012, -0.576, 0.279, -0.882, -0.086
2017-04-20 10:10:05,031, 1492675805031390332, -0.111, -0.045, -0.577, 0.481, -0.841, -0.016
2017-04-20 10:10:05,033, 1492675805033345429, -0.13, -0.097, -0.583, 0.679, -0.787, 0.101
2017-04-20 10:10:05,035, 1492675805035356043, -0.089, -0.083, -0.538, 0.842, -0.627, 0.085
2017-04-20 10:10:05,041, 1492675805041368027, -0.084, -0.112, -0.536, 0.917, -0.332, 0.105
2017-04-20 10:10:05,043, 1492675805043271505, -0.075, -0.112, -0.544, 0.868, -0.251, 0.081
2017-04-20 10:10:05,047, 1492675805047217645, -0.027, -0.089, -0.508, 0.761, -0.068, 0.024
2017-04-20 10:10:05,049, 1492675805049392896, 0.021, -0.082, -0.54, 0.501, 0.169, 0.069
2017-04-20 10:10:05,051, 1492675805051388935, 0.013, -0.056, -0.576, 0.378, 0.242, 0.049
2017-04-20 10:10:05,053, 1492675805053745503, 0.065, -0.02, -0.583, 0.206, 0.412, 0.02
2017-04-20 10:10:05,055, 1492675805055369402, 0.052, -0.04, -0.643, 0.044, 0.515, 0.036
2017-04-20 10:10:05,057, 1492675805057469269, 0.027, -0.028, -0.672, -0.006, 0.509, 0.008
2017-04-20 10:10:05,059, 1492675805059283272, 0.045, 0.002, -0.682, -0.07, 0.588, 0.024
2017-04-20 10:10:05,065, 1492675805065414449, 0.103, 0.069, -0.68, -0.448, 0.791, 0.077
2017-04-20 10:10:05,067, 1492675805067469080, 0.097, 0.083, -0.682, -0.532, 0.805, 0.073
2017-04-20 10:10:05,069, 1492675805069345169, 0.101, 0.099, -0.651, -0.68, 0.83, 0.02
2017-04-20 10:10:05,071, 1492675805071323026, 0.088, 0.126, -0.616, -0.825, 0.815, -0.033
2017-04-20 10:10:05,073, 1492675805073296425, 0.086, 0.123, -0.596, -0.942, 0.798, -0.008
2017-04-20 10:10:05,075, 1492675805075266729, 0.103, 0.113, -0.541, -1.038, 0.815, -0.016
2017-04-20 10:10:05,081, 1492675805081518138, 0.118, 0.139, -0.439, -1.069, 0.81, -0.041
2017-04-20 10:10:05,083, 1492675805083368914, 0.044, 0.122, -0.344, -0.797, 0.597, 0.008
2017-04-20 10:10:05,085, 1492675805085398355, 0.05, 0.1, -0.295, -0.651, 0.543, -0.013
2017-04-20 10:10:05,087, 1492675805087487694, 0.027, 0.064, -0.261, -0.465, 0.449, 0.012
2017-04-20 10:10:05,089, 1492675805089386946, 0.009, 0.055, -0.22, -0.304, 0.332, 0.041
2017-04-20 10:10:05,091, 1492675805091299387, -0.007, 0.04, -0.193, -0.111, 0.209, 0.024
2017-04-20 10:10:05,093, 1492675805093403304, -0.028, 0.028, -0.195, 0.061, 0.085, 0.033
2017-04-20 10:10:05,095, 1492675805095362791, -0.055, -0.016, -0.194, 0.22, -0.086, 0.041
2017-04-20 10:10:05,097, 1492675805097393312, -0.057, -0.033, -0.176, 0.333, -0.193, 0.057
2017-04-20 10:10:05,099, 1492675805099320714, -0.045, -0.053, -0.166, 0.443, -0.307, 0.016
2017-04-20 10:10:05,101, 1492675805101401104, -0.052, -0.063, -0.171, 0.557, -0.449, 0.0
2017-04-20 10:10:05,103, 1492675805103328389, -0.093, -0.08, -0.168, 0.655, -0.603, -0.008
2017-04-20 10:10:05,105, 1492675805105430327, -0.1, -0.09, -0.196, 0.725, -0.743, 0.0
2017-04-20 10:10:05,107, 1492675805107359076, -0.102, -0.095, -0.199, 0.763, -0.845, 0.003
2017-04-20 10:10:05,109, 1492675805109404521, -0.099, -0.088, -0.188, 0.76, -0.933, 0.003
2017-04-20 10:10:05,111, 1492675805111361535, -0.116, -0.089, -0.208, 0.716, -1.03, 0.016
2017-04-20 10:10:05,113, 1492675805113696488, -0.124, -0.067, -0.217, 0.632, -1.092, 0.016
2017-04-20 10:10:05,115, 1492675805115380446, -0.116, -0.062, -0.2, 0.493, -1.104, 0.0
2017-04-20 10:10:05,117, 1492675805117714754, -0.125, -0.032, -0.172, 0.351, -1.097, -0.021
2017-04-20 10:10:05,119, 1492675805119367889, -0.131, -0.016, -0.175, 0.172, -1.069, -0.032
2017-04-20 10:10:05,121, 1492675805121420168, -0.129, -0.002, -0.163, 0.012, -1.036, -0.045
2017-04-20 10:10:05,123, 1492675805123320712, -0.127, 0.011, -0.131, -0.157, -0.962, -0.061
2017-04-20 10:10:05,125, 1492675805125401546, -0.117, 0.021, -0.113, -0.293, -0.872, -0.049
2017-04-20 10:10:05,127, 1492675805127358223, -0.097, 0.043, -0.105, -0.386, -0.763, -0.049
2017-04-20 10:10:05,129, 1492675805129410126, -0.094, 0.038, -0.09, -0.418, -0.658, -0.041
2017-04-20 10:10:05,131, 1492675805131349848, -0.082, 0.059, -0.088, -0.413, -0.532, -0.041
2017-04-20 10:10:05,133, 1492675805133522340, -0.059, 0.057, -0.082, -0.375, -0.424, -0.024
2017-04-20 10:10:05,137, 1492675805137376608, -0.037, 0.036, -0.084, -0.232, -0.168, 0.003
2017-04-20 10:10:05,139, 1492675805139194926, -0.02, 0.041, -0.091, -0.18, -0.096, 0.02
2017-04-20 10:10:05,144, 1492675805144270591, 0.011, 0.024, -0.097, -0.029, 0.178, 0.028
2017-04-20 10:10:05,145, 1492675805145412107, 0.032, 0.02, -0.092, -0.004, 0.272, 0.036
2017-04-20 10:10:05,147, 1492675805147466234, 0.047, 0.024, -0.086, 0.003, 0.376, 0.028
2017-04-20 10:10:05,150, 1492675805149862116, 0.055, 0.019, -0.07, -0.003, 0.466, 0.016
2017-04-20 10:10:05,151, 1492675805151365065, 0.064, 0.02, -0.051, -0.017, 0.537, 0.036
2017-04-20 10:10:05,153, 1492675805153386049, 0.061, 0.027, -0.05, -0.046, 0.592, 0.028
2017-04-20 10:10:05,155, 1492675805155384330, 0.076, 0.024, -0.043, -0.096, 0.654, 0.024
2017-04-20 10:10:05,157, 1492675805157466655, 0.089, 0.017, -0.027, -0.142, 0.698, 0.024
2017-04-20 10:10:05,159, 1492675805159346837, 0.076, 0.025, -0.021, -0.187, 0.717, 0.033
2017-04-20 10:10:05,161, 1492675805161392930, 0.08, 0.036, 0.01, -0.24, 0.73, 0.033
2017-04-20 10:10:05,165, 1492675805164311015, 0.076, 0.027, 0.006, -0.277, 0.717, 0.033
2017-04-20 10:10:05,166, 1492675805165370452, 0.065, 0.037, -0.01, -0.295, 0.691, 0.024
2017-04-20 10:10:05,167, 1492675805167481435, 0.06, 0.029, -0.012, -0.31, 0.646, 0.012
2017-04-20 10:10:05,169, 1492675805169375127, 0.06, 0.037, -0.002, -0.293, 0.587, 0.016
2017-04-20 10:10:05,171, 1492675805171335725, 0.052, 0.022, -0.023, -0.25, 0.511, 0.004
2017-04-20 10:10:05,177, 1492675805177389833, 0.044, -0.003, -0.01, -0.001, 0.232, -0.013
2017-04-20 10:10:05,179, 1492675805179160171, 0.027, -0.012, -0.047, 0.055, 0.171, -0.008
2017-04-20 10:10:05,182, 1492675805181973493, 0.007, -0.04, -0.088, 0.182, 0.035, 0.008
2017-04-20 10:10:05,183, 1492675805183342100, 0.02, -0.027, -0.038, 0.308, -0.028, 0.016
2017-04-20 10:10:05,185, 1492675805185380443, 0.013, -0.029, -0.05, 0.378, -0.085, 0.012
2017-04-20 10:10:05,187, 1492675805187675522, -0.011, -0.064, -0.116, 0.463, -0.21, -0.029
2017-04-20 10:10:05,189, 1492675805189476161, -0.05, -0.066, -0.083, 0.514, -0.311, 0.036
2017-04-20 10:10:05,191, 1492675805191257277, -0.028, -0.039, -0.07, 0.52, -0.317, 0.036
2017-04-20 10:10:05,193, 1492675805193298065, -0.028, -0.041, -0.07, 0.486, -0.333, -0.008
2017-04-20 10:10:05,195, 1492675805195232568, -0.047, -0.026, -0.057, 0.41, -0.398, 0.02
2017-04-20 10:10:05,197, 1492675805197285266, -0.077, -0.03, -0.041, 0.318, -0.464, 0.049
2017-04-20 10:10:05,199, 1492675805199208960, -0.089, -0.003, -0.043, 0.194, -0.474, -0.008
2017-04-20 10:10:05,201, 1492675805201260486, -0.083, 0.027, -0.028, 0.027, -0.463, -0.0