2017-04-20 10:10:59,499, 1492675859499560322, -0.116, -0.046, -0.06, 0.265, -0.485, 0.114
2017-04-20 10:10:59,501, 1492675859501670322, -0.128, -0.038, -0.019, 0.27, -0.532, 0.15
2017-04-20 10:10:59,503, 1492675859503578846, -0.132, -0.064, -0.087, 0.259, -0.568, 0.203
2017-04-20 10:10:59,505, 1492675859505542689, -0.139, -0.047, -0.119, 0.247, -0.602, 0.239
2017-04-20 10:10:59,508, 1492675859507950981, -0.145, -0.045, -0.076, 0.233, -0.632, 0.244
2017-04-20 10:10:59,509, 1492675859509511889, -0.143, -0.047, -0.095, 0.201, -0.647, 0.252
2017-04-20 10:10:59,511, 1492675859511522594, -0.127, -0.062, -0.117, 0.17, -0.637, 0.268
2017-04-20 10:10:59,513, 1492675859513540341, -0.122, -0.052, -0.096, 0.137, -0.627, 0.26
2017-04-20 10:10:59,515, 1492675859515592502, -0.139, -0.041, -0.096, 0.1, -0.618, 0.211
2017-04-20 10:10:59,525, 1492675859525630528, -0.139, -0.038, -0.117, 0.057, -0.6, 0.171
2017-04-20 10:10:59,527, 1492675859527496781, -0.114, -0.014, -0.06, -0.014, -0.437, 0.004
2017-04-20 10:10:59,529, 1492675859529505353, -0.099, -0.012, -0.034, 0.003, -0.42, 0.012
2017-04-20 10:10:59,531, 1492675859531495221, -0.097, -0.009, -0.067, 0.022, -0.407, 0.028
2017-04-20 10:10:59,533, 1492675859533467962, -0.082, -0.021, -0.073, 0.035, -0.401, 0.053
2017-04-20 10:10:59,535, 1492675859535513634, -0.094, -0.013, -0.031, 0.048, -0.406, 0.09
2017-04-20 10:10:59,537, 1492675859537547434, -0.105, -0.036, -0.067, 0.054, -0.423, 0.077
2017-04-20 10:10:59,539, 1492675859539511280, -0.106, -0.036, -0.08, 0.037, -0.431, 0.138
2017-04-20 10:10:59,541, 1492675859541497015, -0.118, -0.04, -0.064, 0.022, -0.426, 0.154
2017-04-20 10:10:59,543, 1492675859543489510, -0.115, -0.032, -0.04, 0.007, -0.436, 0.179
2017-04-20 10:10:59,545, 1492675859545475414, -0.118, -0.034, -0.062, 0.004, -0.433, 0.154
2017-04-20 10:10:59,547, 1492675859547518176, -0.111, -0.023, -0.093, 0.017, -0.436, 0.101
2017-04-20 10:10:59,549, 1492675859549508475, -0.118, -0.002, -0.065, 0.056, -0.449, 0.101
2017-04-20 10:10:59,558, 1492675859557520665, -0.112, -0.024, -0.077, 0.126, -0.459, 0.093
2017-04-20 10:10:59,558, 1492675859558532073, -0.114, -0.039, -0.099, 0.228, -0.518, 0.158
2017-04-20 10:10:59,561, 1492675859561395473, -0.1, -0.046, -0.088, 0.229, -0.521, 0.163
2017-04-20 10:10:59,563, 1492675859563405028, -0.1, -0.052, -0.079, 0.227, -0.52, 0.15
2017-04-20 10:10:59,565, 1492675859565488475, -0.112, -0.064, -0.064, 0.237, -0.525, 0.155
2017-04-20 10:10:59,567, 1492675859567436552, -0.121, -0.062, -0.092, 0.272, -0.529, 0.15
2017-04-20 10:10:59,569, 1492675859569472871, -0.129, -0.069, -0.081, 0.312, -0.515, 0.138
2017-04-20 10:10:59,571, 1492675859571402974, -0.129, -0.083, -0.082, 0.35, -0.519, 0.13
2017-04-20 10:10:59,573, 1492675859573414133, -0.151, -0.087, -0.091, 0.388, -0.529, 0.146
2017-04-20 10:10:59,574, 1492675859574484671, -0.159, -0.099, -0.107, 0.422, -0.546, 0.174
2017-04-20 10:10:59,577, 1492675859577441924, -0.185, -0.105, -0.087, 0.467, -0.588, 0.163
2017-04-20 10:10:59,579, 1492675859579408088, -0.21, -0.123, -0.088, 0.531, -0.65, 0.163
2017-04-20 10:10:59,582, 1492675859581946337, -0.203, -0.121, -0.131, 0.607, -0.675, 0.19
2017-04-20 10:10:59,583, 1492675859583552415, -0.225, -0.145, -0.149, 0.708, -0.744, 0.154
2017-04-20 10:10:59,585, 1492675859585412071, -0.24, -0.144, -0.159, 0.765, -0.816, 0.191
2017-04-20 10:10:59,588, 1492675859587647426, -0.268, -0.16, -0.189, 0.843, -0.921, 0.276
2017-04-20 10:10:59,592, 1492675859592430552, -0.298, -0.197, -0.227, 0.922, -1.036, 0.32
2017-04-20 10:10:59,593, 1492675859593539653, -0.295, -0.197, -0.247, 1.1, -1.246, 0.39
2017-04-20 10:10:59,595, 1492675859595531686, -0.296, -0.191, -0.267, 1.119, -1.324, 0.43
2017-04-20 10:10:59,597, 1492675859597543682, -0.319, -0.193, -0.271, 1.101, -1.388, 0.434
2017-04-20 10:10:59,599, 1492675859599539980, -0.328, -0.183, -0.288, 1.045, -1.434, 0.377
2017-04-20 10:10:59,602, 1492675859602417433, -0.326, -0.184, -0.291, 0.974, -1.451, 0.284
2017-04-20 10:10:59,605, 1492675859605298130, -0.318, -0.163, -0.312, 0.888, -1.422, 0.235
2017-04-20 10:10:59,606, 1492675859606533854, -0.304, -0.149, -0.308, 0.769, -1.399, 0.15
2017-04-20 10:10:59,607, 1492675859607551894, -0.282, -0.138, -0.282, 0.698, -1.341, 0.11
2017-04-20 10:10:59,609, 1492675859609538991, -0.279, -0.135, -0.249, 0.588, -1.298, 0.025
2017-04-20 10:10:59,611, 1492675859611592275, -0.305, -0.144, -0.29, 0.504, -1.31, -0.061
2017-04-20 10:10:59,614, 1492675859614569629, -0.319, -0.13, -0.308, 0.447, -1.28, -0.105
2017-04-20 10:10:59,616, 1492675859616369720, -0.31, -0.121, -0.296, 0.41, -1.226, -0.113
2017-04-20 10:10:59,617, 1492675859617540604, -0.322, -0.131, -0.26, 0.384, -1.243, -0.094
2017-04-20 10:10:59,620, 1492675859620406138, -0.303, -0.143, -0.26, 0.392, -1.234, 0.057
2017-04-20 10:10:59,625, 1492675859625552818, -0.374, -0.167, -0.326, 0.66, -1.355, 0.174
2017-04-20 10:10:59,627, 1492675859627576777, -0.363, -0.175, -0.345, 0.746, -1.346, 0.268
2017-04-20 10:10:59,629, 1492675859629419079, -0.328, -0.181, -0.334, 0.841, -1.324, 0.345
2017-04-20 10:10:59,631, 1492675859631450173, -0.344, -0.195, -0.367, 0.945, -1.387, 0.442
2017-04-20 10:10:59,633, 1492675859633414591, -0.32, -0.202, -0.398, 1.041, -1.303, 0.361
2017-04-20 10:10:59,635, 1492675859635541034, -0.386, -0.217, -0.386, 1.168, -1.456, 0.406
2017-04-20 10:10:59,637, 1492675859637404880, -0.367, -0.19, -0.367, 1.19, -1.397, 0.507
2017-04-20 10:10:59,639, 1492675859639432919, -0.299, -0.178, -0.425, 1.239, -1.274, 0.382
2017-04-20 10:10:59,641, 1492675859641441682, -0.299, -0.194, -0.388, 1.192, -1.169, 0.312
2017-04-20 10:10:59,643, 1492675859643691764, -0.322, -0.211, -0.283, 1.094, -1.153, 0.32
2017-04-20 10:10:59,646, 1492675859646029796, -0.319, -0.163, -0.364, 0.948, -1.045, 0.398
2017-04-20 10:10:59,648, 1492675859648094377, -0.339, -0.171, -0.503, 0.861, -0.93, 0.325
2017-04-20 10:10:59,649, 1492675859649543635, -0.366, -0.126, -0.31, 0.803, -0.913, 0.293
2017-04-20 10:10:59,651, 1492675859651443682, -0.394, -0.174, -0.251, 0.758, -0.958, 0.406
2017-04-20 10:10:59,658, 1492675859658229167, -0.242, -0.091, -0.298, 1.168, -0.949, 0.422
2017-04-20 10:10:59,659, 1492675859659602797, -0.182, -0.096, -0.28, 1.106, -0.816, 0.625
2017-04-20 10:10:59,661, 1492675859661541768, -0.21, -0.095, -0.415, 0.958, -0.92, 0.666
2017-04-20 10:10:59,663, 1492675859663554906, -0.235, -0.132, -0.437, 0.956, -0.855, 0.507
2017-04-20 10:10:59,665, 1492675859665572268, -0.263, -0.088, -0.359, 1.024, -0.876, 0.374
2017-04-20 10:10:59,667, 1492675859667514658, -0.244, -0.041, -0.346, 1.123, -0.848, 0.426
2017-04-20 10:10:59,673, 1492675859673579258, -0.06, -0.075, -0.131, 1.274, -0.418, 0.442
2017-04-20 10:10:59,675, 1492675859675459861, -0.029, -0.049, -0.182, 1.262, -0.33, 0.345
2017-04-20 10:10:59,677, 1492675859677816112, -0.092, -0.032, -0.446, 1.015, -0.258, 0.382
2017-04-20 10:10:59,679, 1492675859679568590, -0.197, -0.09, -0.34, 0.854, -0.286, 0.239
2017-04-20 10:10:59,681, 1492675859681420730, -0.247, -0.088, -0.172, 0.875, -0.402, 0.301
2017-04-20 10:10:59,683, 1492675859683506651, -0.139, -0.077, -0.291, 0.974, -0.244, 0.26
2017-04-20 10:10:59,694, 1492675859694044746, 0.021, -0.004, -0.111, 0.922, 0.009, 0.374
2017-04-20 10:10:59,695, 1492675859695525580, -0.1, 0.003, -0.232, 1.11, -0.222, 0.284
2017-04-20 10:10:59,697, 1492675859697562714, 0.101, 0.042, -0.198, 1.129, -0.019, 0.325
2017-04-20 10:10:59,699, 1492675859699576304, 0.296, 0.079, -0.267, 0.841, 0.303, 0.442
2017-04-20 10:10:59,701, 1492675859701544244, 0.228, 0.06, -0.178, 0.523, 0.339, 0.503
2017-04-20 10:10:59,703, 1492675859703537600, 0.014, 0.084, -0.199, 0.438, 0.12, 0.336
2017-04-20 10:10:59,705, 1492675859705611538, -0.103, 0.108, -0.426, 0.404, -0.002, 0.414
2017-04-20 10:10:59,707, 1492675859707847394, -0.001, 0.103, -0.412, 0.369, 0.108, 0.572
2017-04-20 10:10:59,709, 1492675859709506804, 0.24, 0.136, -0.087, 0.257, 0.487, 0.406
2017-04-20 10:10:59,711, 1492675859711554993, 0.345, 0.114, -0.051, 0.164, 0.668, 0.341
2017-04-20 10:10:59,713, 1492675859713525986, 0.343, 0.143, -0.194, 0.001, 0.834, 0.341
2017-04-20 10:10:59,715, 1492675859715569909, 0.08, 0.16, -0.177, -0.062, 0.531, 0.418
2017-04-20 10:10:59,717, 1492675859717538297, -0.082, 0.134, -0.242, -0.06, 0.35, 0.386
2017-04-20 10:10:59,719, 1492675859719581286, 0.013, 0.107, -0.417, -0.018, 0.459, 0.35
2017-04-20 10:10:59,721, 1492675859721547066, 0.274, 0.18, -0.274, 0.015, 0.676, 0.39
2017-04-20 10:10:59,723, 1492675859723574090, 0.494, 0.283, 0.08, -0.228, 1.083, 0.345
2017-04-20 10:10:59,725, 1492675859725731045, 0.46, 0.283, -0.037, -0.588, 1.075, 0.531
2017-04-20 10:10:59,728, 1492675859727560657, 0.301, 0.262, -0.278, -0.819, 0.998, 0.58
2017-04-20 10:10:59,729, 1492675859729536646, 0.044, 0.22, -0.163, -0.962, 0.73, 0.487
2017-04-20 10:10:59,731, 1492675859731538764, 0.069, 0.295, -0.072, -0.997, 0.655, 0.455
2017-04-20 10:10:59,733, 1492675859733512143, 0.285, 0.281, -0.227, -0.943, 0.955, 0.382
2017-04-20 10:10:59,735, 1492675859735572768, 0.504, 0.299, -0.134, -0.898, 1.216, 0.431
2017-04-20 10:10:59,737, 1492675859737521070, 0.502, 0.334, 0.16, -1.031, 1.293, 0.447
2017-04-20 10:10:59,739, 1492675859739568960, 0.365, 0.32, -0.033, -1.184, 1.243, 0.353
2017-04-20 10:10:59,745, 1492675859745527542, 0.265, 0.333, 0.031, -1.605, 1.288, 0.26
2017-04-20 10:10:59,746, 1492675859746540871, 0.313, 0.287, -0.145, -1.617, 1.33, 0.276
2017-04-20 10:10:59,753, 1492675859753568367, 0.377, 0.359, -0.138, -1.475, 1.457, 0.223
2017-04-20 10:10:59,755, 1492675859755399295, 0.414, 0.37, -0.274, -1.504, 1.529, 0.15
2017-04-20 10:10:59,761, 1492675859760884378, 0.4, 0.341, -0.126, -1.612, 1.563, 0.304
2017-04-20 10:10:59,762, 1492675859762549634, 0.391, 0.347, -0.308, -1.807, 1.658, 0.223
2017-04-20 10:10:59,765, 1492675859765167439, 0.357, 0.366, -0.177, -1.859, 1.626, 0.223
2017-04-20 10:10:59,766, 1492675859766555383, 0.38, 0.393, -0.212, -1.916, 1.729, 0.215
2017-04-20 10:10:59,769, 1492675859769487626, 0.416, 0.393, -0.28, -2.014, 1.76, 0.198
2017-04-20 10:10:59,770, 1492675859770547120, 0.442, 0.419, -0.094, -2.123, 1.814, 0.276
2017-04-20 10:10:59,772, 1492675859772536902, 0.451, 0.426, -0.041, -2.163, 1.852, 0.296
2017-04-20 10:10:59,774, 1492675859774529547, 0.428, 0.423, -0.173, -2.182, 1.896, 0.15
2017-04-20 10:10:59,776, 1492675859776529935, 0.418, 0.438, -0.153, -2.266, 1.956, 0.114
2017-04-20 10:10:59,778, 1492675859778562490, 0.417, 0.435, -0.063, -2.348, 1.973, 0.126
2017-04-20 10:10:59,780, 1492675859780538167, 0.437, 0.424, -0.134, -2.464, 2.067, 0.117
2017-04-20 10:10:59,782, 1492675859782557398, 0.462, 0.399, -0.154, -2.596, 2.202, 0.093
2017-04-20 10:10:59,784, 1492675859784524936, 0.432, 0.419, -0.1, -2.611, 2.182, 0.146
2017-04-20 10:10:59,786, 1492675859786543779, 0.405, 0.423, -0.112, -2.62, 2.182, 0.146
2017-04-20 10:10:59,788, 1492675859788512058, 0.403, 0.41, -0.2, -2.611, 2.288, 0.069
2017-04-20 10:10:59,790, 1492675859790582249, 0.395, 0.383, -0.192, -2.562, 2.302, 0.044
2017-04-20 10:10:59,795, 1492675859795742485, 0.382, 0.355, -0.147, -2.558, 2.359, 0.052
2017-04-20 10:10:59,797, 1492675859797552088, 0.31, 0.365, -0.24, -2.595, 2.33, 0.069
2017-04-20 10:10:59,799, 1492675859799537229, 0.31, 0.362, -0.203, -2.673, 2.366, 0.065
2017-04-20 10:10:59,801, 1492675859801576681, 0.31, 0.362, -0.227, -2.756, 2.387, 0.073
2017-04-20 10:10:59,803, 1492675859803525873, 0.299, 0.377, -0.254, -2.795, 2.361, 0.114
2017-04-20 10:10:59,805, 1492675859805582943, 0.308, 0.377, -0.236, -2.801, 2.337, 0.093
2017-04-20 10:10:59,807, 1492675859807526363, 0.319, 0.387, -0.24, -2.771, 2.329, 0.077
2017-04-20 10:10:59,809, 1492675859809569546, 0.331, 0.404, -0.284, -2.759, 2.303, 0.044
2017-04-20 10:10:59,811, 1492675859811545623, 0.338, 0.403, -0.263, -2.773, 2.288, 0.041
2017-04-20 10:10:59,813, 1492675859813572173, 0.328, 0.396, -0.248, -2.78, 2.241, 0.077
2017-04-20 10:10:59,815, 1492675859815537403, 0.33, 0.381, -0.251, -2.783, 2.211, 0.093
2017-04-20 10:10:59,817, 1492675859817557317, 0.304, 0.379, -0.266, -2.764, 2.145, 0.052
2017-04-20 10:10:59,819, 1492675859819570841, 0.299, 0.373, -0.247, -2.756, 2.099, 0.041
2017-04-20 10:10:59,821, 1492675859821571917, 0.296, 0.374, -0.227, -2.75, 2.098, 0.082
2017-04-20 10:10:59,823, 1492675859823481258, 0.299, 0.374, -0.232, -2.786, 2.113, 0.069
2017-04-20 10:10:59,825, 1492675859825600133, 0.295, 0.365, -0.2, -2.833, 2.124, 0.052
2017-04-20 10:10:59,827, 1492675859827514145, 0.277, 0.375, -0.169, -2.874, 2.113, 0.057
2017-04-20 10:10:59,833, 1492675859832951563, 0.274, 0.368, -0.179, -2.898, 2.116, 0.077
2017-04-20 10:10:59,834, 1492675859834500747, 0.253, 0.375, -0.158, -2.976, 2.06, 0.049
2017-04-20 10:10:59,836, 1492675859836709684, 0.252, 0.378, -0.162, -2.985, 2.036, 0.093
2017-04-20 10:10:59,841, 1492675859841520544, 0.251, 0.388, -0.154, -2.927, 1.98, 0.082
2017-04-20 10:10:59,843, 1492675859843404102, 0.246, 0.383, -0.161, -2.909, 1.972, 0.114
2017-04-20 10:10:59,849, 1492675859849519074, 0.223, 0.363, -0.141, -2.848, 1.907, 0.101
2017-04-20 10:10:59,850, 1492675859850575733, 0.214, 0.362, -0.143, -2.846, 1.892, 0.077
2017-04-20 10:10:59,853, 1492675859853355613, 0.206, 0.357, -0.123, -2.837, 1.857, 0.093
2017-04-20 10:10:59,855, 1492675859855431088, 0.198, 0.338, -0.153, -2.811, 1.843, 0.114
2017-04-20 10:10:59,857, 1492675859857363735, 0.193, 0.319, -0.153, -2.75, 1.827, 0.101
2017-04-20 10:10:59,859, 1492675859859594576, 0.174, 0.323, -0.151, -2.642, 1.82, 0.093
2017-04-20 10:10:59,864, 1492675859864392714, 0.172, 0.307, -0.153, -2.535, 1.834, 0.097
2017-04-20 10:10:59,865, 1492675859865579605, 0.184, 0.276, -0.108, -2.314, 1.855, 0.118
2017-04-20 10:10:59,868, 1492675859868512424, 0.181, 0.261, -0.154, -2.199, 1.827, 0.101
2017-04-20 10:10:59,869, 1492675859869550973, 0.183, 0.257, -0.148, -2.135, 1.803, 0.101
2017-04-20 10:10:59,871, 1492675859871498555, 0.168, 0.242, -0.126, -2.077, 1.745, 0.134
2017-04-20 10:10:59,873, 1492675859873682163, 0.183, 0.241, -0.137, -2.049, 1.712, 0.114
2017-04-20 10:10:59,875, 1492675859875592304, 0.179, 0.248, -0.147, -2.015, 1.682, 0.141
2017-04-20 10:10:59,877, 1492675859877589652, 0.195, 0.257, -0.112, -1.993, 1.645, 0.146
2017-04-20 10:10:59,879, 1492675859879510630, 0.187, 0.249, -0.112, -1.953, 1.621, 0.125
2017-04-20 10:10:59,881, 1492675859881581563, 0.185, 0.243, -0.111, -1.912, 1.608, 0.11
2017-04-20 10:10:59,883, 1492675859883520539, 0.176, 0.24, -0.096, -1.87, 1.593, 0.134
2017-04-20 10:10:59,885, 1492675859885704854, 0.182, 0.232, -0.139, -1.814, 1.594, 0.138
2017-04-20 10:10:59,887, 1492675859887519152, 0.19, 0.221, -0.102, -1.755, 1.595, 0.13
2017-04-20 10:10:59,889, 1492675859889574397, 0.199, 0.237, -0.003, -1.742, 1.625, 0.117
2017-04-20 10:10:59,891, 1492675859891546420, 0.196, 0.223, -0.074, -1.785, 1.636, 0.15
2017-04-20 10:10:59,894, 1492675859894577256, 0.157, 0.204, -0.094, -1.789, 1.563, 0.142
2017-04-20 10:10:59,902, 1492675859902220290, 0.155, 0.232, 0.014, -1.802, 1.532, 0.154
2017-04-20 10:10:59,903, 1492675859903546197, 0.127, 0.21, -0.013, -1.789, 1.456, 0.13
2017-04-20 10:10:59,905, 1492675859905531189, 0.149, 0.208, -0.134, -1.705, 1.495, 0.13
2017-04-20 10:10:59,907, 1492675859907574967, 0.166, 0.189, -0.068, -1.596, 1.498, 0.142
2017-04-20 10:10:59,913, 1492675859913506487, 0.162, 0.172, -0.136, -1.358, 1.503, 0.15
2017-04-20 10:10:59,918, 1492675859918509831, 0.166, 0.164, -0.149, -1.356, 1.442, 0.141
2017-04-20 10:10:59,919, 1492675859919547457, 0.165, 0.172, -0.148, -1.372, 1.422, 0.203
2017-04-20 10:10:59,922, 1492675859922371669, 0.169, 0.176, -0.099, -1.396, 1.391, 0.215
2017-04-20 10:10:59,928, 1492675859924552611, 0.158, 0.175, -0.158, -1.403, 1.357, 0.15
2017-04-20 10:10:59,929, 1492675859926470273, 0.14, 0.179, -0.144, -1.387, 1.325, 0.187
2017-04-20 10:10:59,929, 1492675859928610705, 0.153, 0.197, -0.11, -1.386, 1.313, 0.223
2017-04-20 10:10:59,932, 1492675859931743401, 0.144, 0.183, -0.109, -1.387, 1.328, 0.207
2017-04-20 10:10:59,933, 1492675859933734565, 0.142, 0.205, -0.083, -1.385, 1.305, 0.182
2017-04-20 10:10:59,935, 1492675859935572688, 0.139, 0.199, -0.081, -1.389, 1.299, 0.211
2017-04-20 10:10:59,937, 1492675859937352441, 0.142, 0.2, -0.078, -1.409, 1.312, 0.199
2017-04-20 10:10:59,938, 1492675859938542041, 0.146, 0.201, -0.081, -1.433, 1.285, 0.187
2017-04-20 10:10:59,939, 1492675859939536039, 0.144, 0.198, -0.048, -1.449, 1.261, 0.199
2017-04-20 10:10:59,945, 1492675859945593976, 0.141, 0.197, -0.056, -1.485, 1.218, 0.207
2017-04-20 10:10:59,947, 1492675859947348197, 0.141, 0.183, -0.033, -1.499, 1.219, 0.195
2017-04-20 10:10:59,953, 1492675859953582942, 0.123, 0.172, -0.063, -1.433, 1.206, 0.174
2017-04-20 10:10:59,955, 1492675859955428839, 0.111, 0.154, -0.072, -1.411, 1.195, 0.166
2017-04-20 10:10:59,957, 1492675859957490214, 0.121, 0.167, -0.068, -1.392, 1.191, 0.215
2017-04-20 10:10:59,959, 1492675859959516812, 0.125, 0.173, -0.063, -1.38, 1.196, 0.235
2017-04-20 10:10:59,961, 1492675859961459520, 0.135, 0.172, -0.077, -1.364, 1.185, 0.215
2017-04-20 10:10:59,970, 1492675859970021978, 0.126, 0.17, -0.094, -1.266, 1.172, 0.203
2017-04-20 10:10:59,971, 1492675859971560716, 0.14, 0.16, -0.092, -1.149, 1.189, 0.212
2017-04-20 10:10:59,973, 1492675859973521727, 0.15, 0.153, -0.092, -1.109, 1.201, 0.187
2017-04-20 10:10:59,975, 1492675859975562202, 0.134, 0.159, -0.132, -1.079, 1.215, 0.182
2017-04-20 10:10:59,977, 1492675859977543350, 0.14, 0.14, -0.101, -1.065, 1.221, 0.182
2017-04-20 10:10:59,979, 1492675859979845454, 0.145, 0.149, -0.094, -1.053, 1.235, 0.198
2017-04-20 10:10:59,981, 1492675859981628039, 0.143, 0.141, -0.081, -1.045, 1.253, 0.179
2017-04-20 10:10:59,983, 1492675859983588235, 0.153, 0.135, -0.077, -1.048, 1.256, 0.195
2017-04-20 10:10:59,985, 1492675859985509696, 0.148, 0.133, -0.067, -1.046, 1.257, 0.179
2017-04-20 10:10:59,987, 1492675859987589373, 0.132, 0.145, -0.078, -1.038, 1.258, 0.171
2017-04-20 10:10:59,989, 1492675859989542222, 0.137, 0.14, -0.054, -1.039, 1.257, 0.195
2017-04-20 10:10:59,991, 1492675859991542962, 0.138, 0.141, -0.071, -1.043, 1.254, 0.19
2017-04-20 10:10:59,993, 1492675859993545631, 0.137, 0.149, -0.06, -1.045, 1.252, 0.187
2017-04-20 10:10:59,995, 1492675859995567679, 0.143, 0.158, -0.056, -1.052, 1.243, 0.203
2017-04-20 10:10:59,997, 1492675859997657491, 0.14, 0.145, -0.064, -1.053, 1.252, 0.187
2017-04-20 10:10:59,999, 1492675859999571304, 0.141, 0.153, -0.052, -1.059, 1.251, 0.207
2017-04-20 10:11:00,005, 1492675860005521379, 0.15, 0.144, -0.051, -1.057, 1.219, 0.212
2017-04-20 10:11:00,006, 1492675860006536116, 0.153, 0.142, -0.073, -1.053, 1.204, 0.198
2017-04-20 10:11:00,009, 1492675860009348306, 0.136, 0.142, -0.054, -1.045, 1.18, 0.212
2017-04-20 10:11:00,011, 1492675860011444116, 0.134, 0.133, -0.067, -1.029, 1.163, 0.207
2017-04-20 10:11:00,013, 1492675860013405463, 0.142, 0.139, -0.072, -1.012, 1.14, 0.207
2017-04-20 10:11:00,015, 1492675860015580657, 0.138, 0.126, -0.076, -1.008, 1.129, 0.203
2017-04-20 10:11:00,017, 1492675860017573558, 0.134, 0.138, -0.084, -1.002, 1.123, 0.211
2017-04-20 10:11:00,019, 1492675860019573305, 0.127, 0.139, -0.086, -1.012, 1.108, 0.198
2017-04-20 10:11:00,021, 1492675860021360860, 0.135, 0.135, -0.071, -1.028, 1.102, 0.203
2017-04-20 10:11:00,023, 1492675860023394156, 0.121, 0.151, -0.087, -1.043, 1.09, 0.207
2017-04-20 10:11:00,025, 1492675860025370880, 0.111, 0.16, -0.091, -1.058, 1.086, 0.223
2017-04-20 10:11:00,027, 1492675860027425073, 0.116, 0.153, -0.105, -1.063, 1.09, 0.211
2017-04-20 10:11:00,029, 1492675860029550749, 0.112, 0.159, -0.083, -1.071, 1.096, 0.207
2017-04-20 10:11:00,030, 1492675860030555584, 0.124, 0.161, -0.083, -1.093, 1.106, 0.198
2017-04-20 10:11:00,036, 1492675860036374672, 0.114, 0.149, -0.102, -1.108, 1.109, 0.198
2017-04-20 10:11:00,037, 1492675860037568652, 0.124, 0.164, -0.078, -1.157, 1.116, 0.195
2017-04-20 10:11:00,039, 1492675860039525276, 0.13, 0.163, -0.083, -1.179, 1.136, 0.198
2017-04-20 10:11:00,041, 1492675860041745797, 0.124, 0.164, -0.067, -1.2, 1.128, 0.199
2017-04-20 10:11:00,045, 1492675860044630295, 0.125, 0.16, -0.07, -1.216, 1.148, 0.207
2017-04-20 10:11:00,046, 1492675860046596537, 0.142, 0.169, -0.085, -1.235, 1.161, 0.195
2017-04-20 10:11:00,048, 1492675860048434218, 0.144, 0.173, -0.055, -1.25, 1.164, 0.207
2017-04-20 10:11:00,049, 1492675860049584781, 0.142, 0.177, -0.063, -1.266, 1.155, 0.207
2017-04-20 10:11:00,051, 1492675860051536305, 0.128, 0.177, -0.057, -1.276, 1.148, 0.195
2017-04-20 10:11:00,053, 1492675860053508281, 0.131, 0.174, -0.061, -1.291, 1.148, 0.198
2017-04-20 10:11:00,055, 1492675860055526845, 0.112, 0.159, -0.041, -1.296, 1.127, 0.19
2017-04-20 10:11:00,057, 1492675860057582041, 0.096, 0.147, -0.046, -1.284, 1.104, 0.187
2017-04-20 10:11:00,059, 1492675860059658295, 0.083, 0.136, -0.056, -1.246, 1.087, 0.179
2017-04-20 10:11:00,061, 1492675860061603200, 0.069, 0.126, -0.065, -1.19, 1.058, 0.171
2017-04-20 10:11:00,068, 1492675860068561196, 0.016, 0.051, -0.112, -0.894, 0.959, 0.219
2017-04-20 10:11:00,070, 1492675860070413319, 0.03, 0.054, -0.139, -0.807, 0.955, 0.248
2017-04-20 10:11:00,072, 1492675860072535972, 0.006, 0.034, -0.183, -0.71, 0.919, 0.243
2017-04-20 10:11:00,075, 1492675860074893722, 0.0, 0.017, -0.198, -0.62, 0.88, 0.223
2017-04-20 10:11:00,077, 1492675860076920256, -0.026, 0.021, -0.248, -0.524, 0.827, 0.235
2017-04-20 10:11:00,078, 1492675860078563812, -0.014, 0.023, -0.261, -0.428, 0.796, 0.272
2017-04-20 10:11:00,080, 1492675860080528873, -0.026, 0.015, -0.278, -0.36, 0.785, 0.264
2017-04-20 10:11:00,083, 1492675860082892038, -0.026, 0.017, -0.293, -0.283, 0.765, 0.26
2017-04-20 10:11:00,084, 1492675860084533306, -0.032, 0.003, -0.31, -0.209, 0.721, 0.309
2017-04-20 10:11:00,089, 1492675860089562345, -0.054, -0.003, -0.378, -0.023, 0.666, 0.293
2017-04-20 10:11:00,091, 1492675860091397263, -0.057, 0.0, -0.35, -0.003, 0.643, 0.309
2017-04-20 10:11:00,093, 1492675860093412843, -0.078, -0.028, -0.362, 0.002, 0.626, 0.32
2017-04-20 10:11:00,095, 1492675860095382360, -0.069, -0.026, -0.388, -0.012, 0.64, 0.304
2017-04-20 10:11:00,101, 1492675860101116037, -0.063, -0.018, -0.382, -0.005, 0.627, 0.328
2017-04-20 10:11:00,103, 1492675860102569667, -0.085, -0.027, -0.389, -0.078, 0.603, 0.296
2017-04-20 10:11:00,106, 1492675860106447641, -0.068, -0.032, -0.388, -0.03, 0.588, 0.312
2017-04-20 10:11:00,107, 1492675860107601941, -0.005, 0.004, -0.307, -0.04, 0.624, 0.28
2017-04-20 10:11:00,109, 1492675860109575499, -0.01, 0.009, -0.307, -0.071, 0.635, 0.255
2017-04-20 10:11:00,111, 1492675860111382361, -0.016, -0.011, -0.415, -0.086, 0.595, 0.227
2017-04-20 10:11:00,112, 1492675860112543489, -0.006, 0.002, -0.408, -0.13, 0.635, 0.268
2017-04-20 10:11:00,114, 1492675860114494256, -0.006, 0.013, -0.374, -0.137, 0.6, 0.328
2017-04-20 10:11:00,116, 1492675860116561952, -0.012, 0.02, -0.42, -0.189, 0.606, 0.336
2017-04-20 10:11:00,118, 1492675860118535903, 0.02, 0.045, -0.427, -0.293, 0.708, 0.333
2017-04-20 10:11:00,120, 1492675860120550917, 0.007, 0.029, -0.477, -0.285, 0.678, 0.256
2017-04-20 10:11:00,122, 1492675860122486204, -0.005, 0.041, -0.474, -0.265, 0.7, 0.304
2017-04-20 10:11:00,124, 1492675860124568132, -0.026, 0.038, -0.578, -0.232, 0.655, 0.3
2017-04-20 10:11:00,126, 1492675860126529959, -0.068, 0.008, -0.567, -0.166, 0.555, 0.312
2017-04-20 10:11:00,128, 1492675860128564199, -0.066, 0.016, -0.535, -0.075, 0.553, 0.236
2017-04-20 10:11:00,130, 1492675860130525113, -0.066, 0.013, -0.643, 0.035, 0.477, 0.239
2017-04-20 10:11:00,133, 1492675860132852227, -0.066, 0.016, -0.63, 0.133, 0.429, 0.361
2017-04-20 10:11:00,134, 1492675860134558930, 0.021, 0.047, -0.582, 0.175, 0.511, 0.296
2017-04-20 10:11:00,136, 1492675860136570119, 0.075, 0.085, -0.597, 0.18, 0.519, 0.268
2017-04-20 10:11:00,140, 1492675860138865305, 0.126, 0.126, -0.615, 0.059, 0.637, 0.248
2017-04-20 10:11:00,140, 1492675860140555022, 0.121, 0.11, -0.648, -0.06, 0.65, 0.353
2017-04-20 10:11:00,142, 1492675860142554295, 0.154, 0.141, -0.641, -0.184, 0.679, 0.442
2017-04-20 10:11:00,144, 1492675860144603421, 0.2, 0.186, -0.645, -0.386, 0.82, 0.328
2017-04-20 10:11:00,146, 1492675860146548764, 0.216, 0.206, -0.582, -0.496, 0.851, 0.381
2017-04-20 10:11:00,148, 1492675860148564328, 0.225, 0.209, -0.574, -0.667, 0.899, 0.431
2017-04-20 10:11:00,150, 1492675860150528620, 0.224, 0.222, -0.503, -0.754, 0.901, 0.487
2017-04-20 10:11:00,152, 1492675860152591499, 0.332, 0.292, -0.425, -0.91, 1.02, 0.454
2017-04-20 10:11:00,156, 1492675860156520849, 0.367, 0.309, -0.354, -1.333, 1.249, 0.442
2017-04-20 10:11:00,157, 1492675860157524608, 0.419, 0.363, -0.493, -1.545, 1.413, 0.447
2017-04-20 10:11:00,158, 1492675860158508395, 0.376, 0.346, -0.494, -1.622, 1.352, 0.572
2017-04-20 10:11:00,160, 1492675860160588988, 0.342, 0.34, -0.251, -1.843, 1.285, 0.865
2017-04-20 10:11:00,162, 1492675860162544589, 0.255, 0.343, -0.324, -2.249, 1.317, 0.934
2017-04-20 10:11:00,164, 1492675860164819343, 0.239, 0.282, -0.509, -2.533, 1.438, 1.116
2017-04-20 10:11:00,166, 1492675860166551374, 0.244, 0.353, -0.218, -2.683, 1.514, 1.307
2017-04-20 10:11:00,168, 1492675860168597487, 0.438, 0.484, -0.402, -2.732, 1.884, 1.335
2017-04-20 10:11:00,175, 1492675860175726753, 0.695, 0.564, -0.686, -2.569, 2.257, 0.845
2017-04-20 10:11:00,177, 1492675860177552620, 0.492, 0.483, -0.825, -2.331, 1.676, 1.112
2017-04-20 10:11:00,180, 1492675860179951494, 0.509, 0.541, -0.666, -2.425, 1.698, 0.885
2017-04-20 10:11:00,181, 1492675860181605390, 0.553, 0.531, -0.582, -2.54, 1.823, 0.702
2017-04-20 10:11:00,183, 1492675860183512873, 0.558, 0.5, -0.772, -2.583, 1.844, 0.896
2017-04-20 10:11:00,185, 1492675860185572790, 0.63, 0.556, -0.788, -2.73, 1.972, 1.132
2017-04-20 10:11:00,188, 1492675860187538748, 0.656, 0.576, -0.819, -2.773, 2.09, 1.023
2017-04-20 10:11:00,189, 1492675860189559339, 0.647, 0.568, -0.978, -2.741, 2.043, 1.226
2017-04-20 10:11:00,191, 1492675860191504722, 0.575, 0.62, -1.213, -2.527, 1.789, 1.372
2017-04-20 10:11:00,193, 1492675860193705684, 0.659, 0.668, -1.541, -2.421, 2.025, 1.161
2017-04-20 10:11:00,195, 1492675860195543716, 0.633, 0.633, -1.936, -2.148, 1.878, 0.702
2017-04-20 10:11:00,197, 1492675860197586271, 0.462, 0.505, -1.94, -1.736, 1.557, 0.438
2017-04-20 10:11:00,199, 1492675860199519721, 0.342, 0.455, -1.966, -1.677, 1.28, 0.507
2017-04-20 10:11:00,205, 1492675860201635796, 0.296, 0.45, -1.997, -1.561, 1.216, 0.815
2017-04-20 10:11:00,205, 1492675860203864730, 0.424, 0.452, -1.98, -1.546, 1.562, 0.888
2017-04-20 10:11:00,205, 1492675860205564032, 0.686, 0.41, -1.972, -1.633, 2.175, 1.197
2017-04-20 10:11:00,207, 1492675860207512243, 0.799, 0.443, -1.95, -1.801, 2.308, 0.601
2017-04-20 10:11:00,209, 1492675860209550664, 0.683, 0.453, -1.994, -1.807, 2.031, 0.612
2017-04-20 10:11:00,213, 1492675860212532424, 0.445, 0.405, -2.018, -1.958, 1.87, 1.015
2017-04-20 10:11:00,213, 1492675860213543949, 0.339, 0.413, -2.038, -1.982, 1.746, 0.828
2017-04-20 10:11:00,215, 1492675860215548359, 0.385, 0.382, -2.051, -1.951, 1.875, 0.507
2017-04-20 10:11:00,217, 1492675860217566643, 0.523, 0.354, -2.029, -1.916, 2.203, 0.507
2017-04-20 10:11:00,219, 1492675860219515239, 0.594, 0.321, -2.015, -1.901, 2.394, 0.848
2017-04-20 10:11:00,221, 1492675860221506144, 0.577, 0.294, -2.019, -1.976, 2.388, 0.734
2017-04-20 10:11:00,223, 1492675860223534830, 0.402, 0.325, -2.062, -2.081, 2.192, 0.613
2017-04-20 10:11:00,225, 1492675860225575294, 0.286, 0.391, -2.072, -2.225, 2.11, 0.735
2017-04-20 10:11:00,227, 1492675860227524550, 0.262, 0.45, -2.084, -2.394, 2.122, 0.913
2017-04-20 10:11:00,229, 1492675860229551194, 0.334, 0.486, -2.09, -2.506, 2.245, 0.804
2017-04-20 10:11:00,231, 1492675860231513749, 0.423, 0.414, -2.089, -2.385, 2.39, 0.751
2017-04-20 10:11:00,237, 1492675860236325235, 0.438, 0.325, -2.085, -2.271, 2.44, 0.954
2017-04-20 10:11:00,238, 1492675860238570291, 0.281, 0.359, -2.162, -2.447, 2.133, 0.75
2017-04-20 10:11:00,240, 1492675860240553571, 0.287, 0.428, -2.173, -2.543, 2.098, 0.763
2017-04-20 10:11:00,242, 1492675860242501517, 0.337, 0.39, -2.161, -2.478, 2.151, 0.669
2017-04-20 10:11:00,244, 1492675860244563103, 0.359, 0.378, -2.182, -2.432, 2.17, 0.601
2017-04-20 10:11:00,246, 1492675860246522981, 0.355, 0.317, -2.162, -2.301, 2.203, 0.593
2017-04-20 10:11:00,248, 1492675860248551819, 0.322, 0.04, -2.773, -2.609, 2.29, 0.564
2017-04-20 10:11:00,250, 1492675860250487357, 0.24, 0.379, -2.979, -3.711, 2.223, 0.649
2017-04-20 10:11:00,252, 1492675860252586383, 0.248, 0.494, -2.753, -3.141, 2.103, 0.511
2017-04-20 10:11:00,254, 1492675860254511059, 0.21, 0.567, -2.513, -2.701, 1.994, 0.467
2017-04-20 10:11:00,256, 1492675860256578436, 0.289, 0.481, -2.603, -2.828, 2.026, 0.561
2017-04-20 10:11:00,258, 1492675860258490470, 0.295, 0.316, -2.892, -2.654, 1.993, 0.585
2017-04-20 10:11:00,260, 1492675860260584390, 0.284, 0.286, -2.969, -2.26, 1.989, 0.552
2017-04-20 10:11:00,262, 1492675860262547631, 0.271, 0.431, -2.769, -2.35, 1.87, 0.669
2017-04-20 10:11:00,264, 1492675860264581513, 0.195, 0.468, -2.933, -2.38, 1.782, 0.609
2017-04-20 10:11:00,266, 1492675860266785092, 0.24, 0.441, -3.065, -2.346, 1.863, 0.642
2017-04-20 10:11:00,269, 1492675860269677329, 0.281, 0.336, -3.006, -2.592, 1.809, 0.714
2017-04-20 10:11:00,271, 1492675860271523765, 0.284, 0.29, -3.168, -2.683, 1.924, 0.62
2017-04-20 10:11:00,273, 1492675860273368281, 0.326, 0.296, -3.197, -2.648, 2.001, 0.702
2017-04-20 10:11:00,274, 1492675860274528243, 0.33, 0.364, -3.116, -2.693, 2.052, 0.69
2017-04-20 10:11:00,276, 1492675860276907045, 0.352, 0.383, -3.134, -2.742, 2.145, 0.593
2017-04-20 10:11:00,278, 1492675860278520494, 0.351, 0.386, -3.062, -2.722, 2.121, 0.642
2017-04-20 10:11:00,280, 1492675860280592353, 0.344, 0.373, -3.025, -2.65, 2.112, 0.699
2017-04-20 10:11:00,282, 1492675860282821625, 0.374, 0.346, -3.145, -2.591, 2.182, 0.699
2017-04-20 10:11:00,284, 1492675860284591147, 0.323, 0.37, -3.046, -2.531, 2.088, 0.699
2017-04-20 10:11:00,286, 1492675860286516552, 0.262, 0.352, -3.013, -2.445, 2.007, 0.767
2017-04-20 10:11:00,288, 1492675860288585671, 0.249, 0.382, -3.009, -2.413, 2.013, 0.808
2017-04-20 10:11:00,290, 1492675860290535705, 0.29, 0.382, -2.97, -2.369, 2.086, 0.775
2017-04-20 10:11:00,292, 1492675860292531792, 0.329, 0.327, -3.039, -2.331, 2.19, 0.75
2017-04-20 10:11:00,294, 1492675860294531811, 0.322, 0.278, -2.991, -2.351, 2.152, 0.772
2017-04-20 10:11:00,296, 1492675860296539094, 0.307, 0.262, -2.992, -2.418, 2.085, 0.735
2017-04-20 10:11:00,299, 1492675860298713850, 0.274, 0.262, -3.037, -2.43, 2.014, 0.678
2017-04-20 10:11:00,300, 1492675860300538950, 0.261, 0.279, -3.08, -2.371, 1.916, 0.633
2017-04-20 10:11:00,302, 1492675860302477265, 0.25, 0.262, -3.09, -2.265, 1.845, 0.637
2017-04-20 10:11:00,306, 1492675860305615340, 0.258, 0.232, -3.13, -2.152, 1.795, 0.62
2017-04-20 10:11:00,308, 1492675860307476850, 0.278, 0.197, -3.15, -1.919, 1.782, 0.617
2017-04-20 10:11:00,308, 1492675860308635419, 0.261, 0.234, -3.168, -1.769, 1.763, 0.642
2017-04-20 10:11:00,310, 1492675860310500385, 0.244, 0.255, -3.182, -1.689, 1.728, 0.645
2017-04-20 10:11:00,313, 1492675860312538853, 0.233, 0.279, -3.202, -1.585, 1.687, 0.658
2017-04-20 10:11:00,314, 1492675860314494807, 0.228, 0.291, -3.195, -1.506, 1.666, 0.669
2017-04-20 10:11:00,316, 1492675860316547274, 0.243, 0.274, -3.212, -1.491, 1.652, 0.674
2017-04-20 10:11:00,318, 1492675860318503430, 0.242, 0.275, -3.201, -1.491, 1.616, 0.621
2017-04-20 10:11:00,320, 1492675860320543105, 0.228, 0.28, -3.152, -1.49, 1.566, 0.588
2017-04-20 10:11:00,322, 1492675860322496877, 0.208, 0.287, -3.092, -1.572, 1.508, 0.629
2017-04-20 10:11:00,329, 1492675860329559626, 0.226, 0.26, -2.925, -2.004, 1.484, 0.596
2017-04-20 10:11:00,331, 1492675860331501670, 0.221, 0.261, -2.907, -2.098, 1.486, 0.605
2017-04-20 10:11:00,333, 1492675860333491126, 0.188, 0.276, -2.916, -2.25, 1.482, 0.58
2017-04-20 10:11:00,335, 1492675860335403337, 0.185, 0.284, -2.894, -2.331, 1.492, 0.625
2017-04-20 10:11:00,337, 1492675860337439544, 0.223, 0.356, -2.802, -2.437, 1.577, 0.637
2017-04-20 10:11:00,342, 1492675860342518702, 0.195, 0.348, -2.723, -2.543, 1.563, 0.669
2017-04-20 10:11:00,344, 1492675860344568948, 0.208, 0.375, -2.7, -2.603, 1.562, 0.669
2017-04-20 10:11:00,346, 1492675860346361798, 0.23, 0.41, -2.719, -2.706, 1.6, 0.661
2017-04-20 10:11:00,348, 1492675860348415237, 0.217, 0.409, -2.648, -2.721, 1.565, 0.658
2017-04-20 10:11:00,350, 1492675860350385185, 0.206, 0.386, -2.665, -2.696, 1.508, 0.661
2017-04-20 10:11:00,352, 1492675860352396239, 0.199, 0.364, -2.669, -2.727, 1.491, 0.674
2017-04-20 10:11:00,354, 1492675860354376423, 0.237, 0.346, -2.657, -2.712, 1.533, 0.653
2017-04-20 10:11:00,356, 1492675860356424152, 0.25, 0.339, -2.651, -2.668, 1.553, 0.637
2017-04-20 10:11:00,358, 1492675860358363555, 0.228, 0.338, -2.647, -2.622, 1.523, 0.645
2017-04-20 10:11:00,360, 1492675860360410269, 0.226, 0.342, -2.633, -2.582, 1.491, 0.628
2017-04-20 10:11:00,362, 1492675860362384403, 0.216, 0.332, -2.66, -2.555, 1.487, 0.649
2017-04-20 10:11:00,364, 1492675860364396043, 0.2, 0.323, -2.662, -2.508, 1.459, 0.661
2017-04-20 10:11:00,366, 1492675860366358518, 0.176, 0.325, -2.684, -2.402, 1.421, 0.658
2017-04-20 10:11:00,368, 1492675860368375848, 0.203, 0.336, -2.667, -2.259, 1.432, 0.65
2017-04-20 10:11:00,370, 1492675860370412780, 0.207, 0.355, -2.643, -2.114, 1.439, 0.653
2017-04-20 10:11:00,373, 1492675860372554651, 0.194, 0.345, -2.669, -1.967, 1.419, 0.653
2017-04-20 10:11:00,378, 1492675860378501764, 0.216, 0.302, -2.649, -1.75, 1.39, 0.653
2017-04-20 10:11:00,379, 1492675860379573937, 0.205, 0.298, -2.638, -1.74, 1.368, 0.661
2017-04-20 10:11:00,382, 1492675860382310540, 0.196, 0.267, -2.619, -1.726, 1.328, 0.691
2017-04-20 10:11:00,384, 1492675860384388974, 0.189, 0.248, -2.613, -1.717, 1.331, 0.678
2017-04-20 10:11:00,386, 1492675860386336707, 0.215, 0.239, -2.592, -1.729, 1.347, 0.677
2017-04-20 10:11:00,388, 1492675860388400190, 0.217, 0.22, -2.551, -1.738, 1.373, 0.702
2017-04-20 10:11:00,390, 1492675860390337688, 0.2, 0.229, -2.555, -1.727, 1.385, 0.702
2017-04-20 10:11:00,392, 1492675860392411311, 0.201, 0.229, -2.544, -1.723, 1.406, 0.694
2017-04-20 10:11:00,394, 1492675860394492951, 0.189, 0.243, -2.553, -1.742, 1.43, 0.707
2017-04-20 10:11:00,396, 1492675860396578654, 0.185, 0.236, -2.55, -1.75, 1.446, 0.699
2017-04-20 10:11:00,398, 1492675860398372347, 0.187, 0.246, -2.537, -1.752, 1.475, 0.694
2017-04-20 10:11:00,400, 1492675860400399221, 0.204, 0.26, -2.502, -1.793, 1.524, 0.702
2017-04-20 10:11:00,402, 1492675860402357844, 0.212, 0.267, -2.476, -1.84, 1.567, 0.699
2017-04-20 10:11:00,408, 1492675860404443949, 0.236, 0.269, -2.444, -1.874, 1.608, 0.686
2017-04-20 10:11:00,413, 1492675860413108445, 0.27, 0.27, -2.43, -1.973, 1.647, 0.723
2017-04-20 10:11:00,415, 1492675860415556080, 0.269, 0.282, -2.39, -1.907, 1.615, 0.727
2017-04-20 10:11:00,417, 1492675860417384540, 0.265, 0.286, -2.396, -1.899, 1.612, 0.722
2017-04-20 10:11:00,419, 1492675860419122005, 0.247, 0.281, -2.392, -1.88, 1.594, 0.726
2017-04-20 10:11:00,420, 1492675860420608925, 0.237, 0.289, -2.397, -1.87, 1.57, 0.682
2017-04-20 10:11:00,422, 1492675860422553440, 0.202, 0.283, -2.405, -1.894, 1.537, 0.674
2017-04-20 10:11:00,424, 1492675860424541076, 0.205, 0.293, -2.424, -1.933, 1.523, 0.674
2017-04-20 10:11:00,426, 1492675860426535700, 0.203, 0.304, -2.438, -1.968, 1.495, 0.642
2017-04-20 10:11:00,428, 1492675860428538598, 0.191, 0.31, -2.451, -1.999, 1.475, 0.658
2017-04-20 10:11:00,430, 1492675860430543660, 0.186, 0.308, -2.463, -2.029, 1.449, 0.645
2017-04-20 10:11:00,433, 1492675860433458552, 0.184, 0.306, -2.459, -2.045, 1.42, 0.658
2017-04-20 10:11:00,435, 1492675860435529206, 0.191, 0.31, -2.427, -2.048, 1.386, 0.658
2017-04-20 10:11:00,436, 1492675860436777051, 0.196, 0.297, -2.449, -2.053, 1.353, 0.661
2017-04-20 10:11:00,442, 1492675860442073868, 0.184, 0.288, -2.443, -2.098, 1.278, 0.649
2017-04-20 10:11:00,446, 1492675860446600372, 0.186, 0.312, -2.418, -2.114, 1.247, 0.661
2017-04-20 10:11:00,448, 1492675860448543131, 0.176, 0.304, -2.397, -2.089, 1.226, 0.649
2017-04-20 10:11:00,450, 1492675860450517612, 0.168, 0.309, -2.391, -2.073, 1.222, 0.629
2017-04-20 10:11:00,452, 1492675860452553238, 0.167, 0.315, -2.403, -2.061, 1.215, 0.633
2017-04-20 10:11:00,454, 1492675860454524463, 0.171, 0.312, -2.401, -2.065, 1.214, 0.645
2017-04-20 10:11:00,456, 1492675860456557805, 0.172, 0.324, -2.409, -2.093, 1.212, 0.666
2017-04-20 10:11:00,458, 1492675860458504360, 0.18, 0.319, -2.424, -2.125, 1.228, 0.674
2017-04-20 10:11:00,460, 1492675860460572341, 0.177, 0.32, -2.427, -2.14, 1.248, 0.698
2017-04-20 10:11:00,462, 1492675860462572100, 0.179, 0.317, -2.442, -2.155, 1.276, 0.674
2017-04-20 10:11:00,464, 1492675860464625119, 0.207, 0.319, -2.443, -2.162, 1.322, 0.69
2017-04-20 10:11:00,466, 1492675860466536732, 0.226, 0.319, -2.434, -2.17, 1.366, 0.694
2017-04-20 10:11:00,469, 1492675860469628275, 0.222, 0.317, -2.435, -2.152, 1.401, 0.702
2017-04-20 10:11:00,471, 1492675860471428837, 0.222, 0.304, -2.437, -2.138, 1.413, 0.686
2017-04-20 10:11:00,477, 1492675860472653497, 0.225, 0.319, -2.423, -2.122, 1.435, 0.694
2017-04-20 10:11:00,478, 1492675860478532584, 0.235, 0.316, -2.369, -2.007, 1.51, 0.694
2017-04-20 10:11:00,480, 1492675860480418607, 0.231, 0.316, -2.358, -1.958, 1.537, 0.715
2017-04-20 10:11:00,482, 1492675860482441263, 0.249, 0.316, -2.342, -1.923, 1.571, 0.714
2017-04-20 10:11:00,489, 1492675860489526364, 0.307, 0.319, -2.42, -1.967, 1.686, 0.759
2017-04-20 10:11:00,491, 1492675860491330390, 0.308, 0.318, -2.475, -2.036, 1.702, 0.743
2017-04-20 10:11:00,493, 1492675860493472153, 0.325, 0.349, -2.63, -2.032, 1.737, 0.758
2017-04-20 10:11:00,495, 1492675860495366709, 0.349, 0.361, -2.662, -2.003, 1.746, 0.775
2017-04-20 10:11:00,497, 1492675860497397995, 0.379, 0.359, -2.795, -1.995, 1.806, 0.804
2017-04-20 10:11:00,499, 1492675860499509117, 0.412, 0.349, -2.933, -1.982, 1.834, 0.815
2017-04-20 10:11:00,501, 1492675860501816436, 0.419, 0.372, -3.0, -1.983, 1.861, 0.812
2017-04-20 10:11:00,504, 1492675860504525999, 0.405, 0.361, -3.23, -2.022, 1.819, 0.848
2017-04-20 10:11:00,506, 1492675860506359833, 0.395, 0.362, -3.29, -2.037, 1.786, 0.84
2017-04-20 10:11:00,508, 1492675860507534531, 0.414, 0.374, -3.343, -2.068, 1.774, 0.864
2017-04-20 10:11:00,509, 1492675860509413492, 0.433, 0.376, -3.39, -2.093, 1.786, 0.865
2017-04-20 10:11:00,514, 1492675860513718080, 0.465, 0.394, -3.463, -2.129, 1.799, 0.821
2017-04-20 10:11:00,515, 1492675860515583035, 0.467, 0.394, -3.52, -2.251, 1.77, 0.747
2017-04-20 10:11:00,517, 1492675860517559600, 0.453, 0.376, -3.527, -2.318, 1.77, 0.742
2017-04-20 10:11:00,521, 1492675860521561063, 0.439, 0.391, -3.447, -2.59, 1.814, 0.691
2017-04-20 10:11:00,523, 1492675860523353192, 0.429, 0.388, -3.413, -2.704, 1.836, 0.71
2017-04-20 10:11:00,524, 1492675860524504136, 0.408, 0.392, -3.309, -2.874, 1.9, 0.723
2017-04-20 10:11:00,525, 1492675860525524847, 0.379, 0.387, -3.271, -2.951, 1.911, 0.727
2017-04-20 10:11:00,527, 1492675860527551936, 0.376, 0.382, -3.237, -3.042, 1.977, 0.759
2017-04-20 10:11:00,529, 1492675860529527854, 0.344, 0.4, -3.223, -3.156, 2.035, 0.735
2017-04-20 10:11:00,531, 1492675860531537663, 0.352, 0.424, -3.146, -3.246, 2.164, 0.763
2017-04-20 10:11:00,534, 1492675860533897251, 0.379, 0.44, -3.086, -3.305, 2.24, 0.791
2017-04-20 10:11:00,535, 1492675860535670110, 0.36, 0.44, -3.086, -3.323, 2.295, 0.791
2017-04-20 10:11:00,537, 1492675860537537075, 0.347, 0.454, -3.008, -3.305, 2.281, 0.84
2017-04-20 10:11:00,539, 1492675860539686685, 0.303, 0.46, -2.987, -3.214, 2.213, 0.848
2017-04-20 10:11:00,541, 1492675860541520869, 0.311, 0.441, -2.999, -3.148, 2.244, 0.832
2017-04-20 10:11:00,543, 1492675860543538758, 0.464, 0.514, -3.41, -3.099, 2.475, 0.909
2017-04-20 10:11:00,549, 1492675860546304028, 0.462, 0.563, -3.263, -2.752, 2.216, 1.129
2017-04-20 10:11:00,551, 1492675860547586809, 0.572, 0.581, -2.838, -2.364, 2.11, 1.206
2017-04-20 10:11:00,551, 1492675860549574696, 0.503, 0.45, -2.953, -2.221, 1.88, 1.108
2017-04-20 10:11:00,551, 1492675860551557915, 0.466, 0.378, -3.329, -2.098, 1.656, 0.829
2017-04-20 10:11:00,553, 1492675860553504916, 0.507, 0.45, -3.37, -2.03, 1.629, 0.877
2017-04-20 10:11:00,555, 1492675860555531791, 0.598, 0.623, -3.4, -1.996, 1.663, 1.023
2017-04-20 10:11:00,557, 1492675860557532778, 0.683, 0.679, -3.327, -1.844, 1.656, 1.068
2017-04-20 10:11:00,561, 1492675860561594102, 0.716, 0.512, -3.456, -1.309, 1.415, 0.735
2017-04-20 10:11:00,563, 1492675860563375846, 0.714, 0.494, -3.488, -1.163, 1.346, 0.804
2017-04-20 10:11:00,564, 1492675860564572681, 0.721, 0.552, -3.392, -1.011, 1.275, 1.01
2017-04-20 10:11:00,566, 1492675860566589362, 0.738, 0.635, -3.383, -0.959, 1.293, 1.133
2017-04-20 10:11:00,568, 1492675860568451349, 0.821, 0.691, -3.486, -0.997, 1.397, 1.275
2017-04-20 10:11:00,569, 1492675860569512527, 0.887, 0.694, -3.531, -1.055, 1.471, 1.319
2017-04-20 10:11:00,571, 1492675860571542187, 0.918, 0.665, -3.504, -1.074, 1.474, 1.303
2017-04-20 10:11:00,573, 1492675860573553209, 0.925, 0.639, -3.486, -1.03, 1.469, 1.376
2017-04-20 10:11:00,575, 1492675860575544386, 0.917, 0.661, -3.438, -0.971, 1.412, 1.47
2017-04-20 10:11:00,579, 1492675860578722719, 0.958, 0.694, -3.313, -0.943, 1.455, 1.503
2017-04-20 10:11:00,580, 1492675860580663944, 1.024, 0.698, -3.181, -1.024, 1.572, 1.389
2017-04-20 10:11:00,582, 1492675860582685138, 1.044, 0.683, -3.149, -1.055, 1.598, 1.3
2017-04-20 10:11:00,584, 1492675860584578692, 1.055, 0.703, -3.106, -1.071, 1.625, 1.316
2017-04-20 10:11:00,586, 1492675860586375859, 1.027, 0.721, -3.052, -1.083, 1.619, 1.376
2017-04-20 10:11:00,587, 1492675860587496607, 0.991, 0.732, -3.036, -1.055, 1.626, 1.506
2017-04-20 10:11:00,589, 1492675860589526334, 0.994, 0.737, -2.998, -1.006, 1.642, 1.563
2017-04-20 10:11:00,591, 1492675860591557631, 1.007, 0.725, -2.92, -0.934, 1.708, 1.576
2017-04-20 10:11:00,593, 1492675860593511385, 1.041, 0.693, -2.906, -0.862, 1.774, 1.604
2017-04-20 10:11:00,595, 1492675860595542015, 1.055, 0.689, -2.921, -0.817, 1.815, 1.633
2017-04-20 10:11:00,597, 1492675860597682496, 1.033, 0.692, -2.946, -0.775, 1.807, 1.625
2017-04-20 10:11:00,599, 1492675860599552277, 1.011, 0.705, -2.994, -0.754, 1.792, 1.628
2017-04-20 10:11:00,601, 1492675860601537676, 0.998, 0.711, -3.051, -0.732, 1.785, 1.587
2017-04-20 10:11:00,603, 1492675860603564878, 1.032, 0.695, -3.082, -0.694, 1.818, 1.522
2017-04-20 10:11:00,605, 1492675860605541068, 1.08, 0.686, -3.115, -0.635, 1.869, 1.449
2017-04-20 10:11:00,607, 1492675860607872788, 1.103, 0.683, -3.151, -0.55, 1.903, 1.446
2017-04-20 10:11:00,609, 1492675860609525189, 1.105, 0.677, -3.158, -0.438, 1.874, 1.446
2017-04-20 10:11:00,611, 1492675860611514768, 1.107, 0.689, -3.155, -0.326, 1.815, 1.495
2017-04-20 10:11:00,617, 1492675860617675957, 1.087, 0.694, -3.175, -0.229, 1.758, 1.502
2017-04-20 10:11:00,619, 1492675860619542415, 1.081, 0.677, -3.248, -0.079, 1.65, 1.405
2017-04-20 10:11:00,621, 1492675860621517757, 1.078, 0.697, -3.23, -0.064, 1.623, 1.34
2017-04-20 10:11:00,623, 1492675860623499104, 1.06, 0.706, -3.243, -0.071, 1.596, 1.275
2017-04-20 10:11:00,625, 1492675860625513468, 1.068, 0.733, -3.244, -0.115, 1.594, 1.238
2017-04-20 10:11:00,627, 1492675860627538073, 1.08, 0.729, -3.233, -0.192, 1.588, 1.222
2017-04-20 10:11:00,629, 1492675860629503838, 1.061, 0.717, -3.141, -0.314, 1.571, 1.186
2017-04-20 10:11:00,631, 1492675860631547988, 1.057, 0.726, -3.276, -0.452, 1.567, 1.255
2017-04-20 10:11:00,633, 1492675860633520530, 1.04, 0.74, -3.252, -0.616, 1.549, 1.254
2017-04-20 10:11:00,635, 1492675860635539958, 1.078, 0.766, -3.223, -0.767, 1.606, 1.319
2017-04-20 10:11:00,637, 1492675860637536096, 1.081, 0.771, -3.191, -0.877, 1.602, 1.316
2017-04-20 10:11:00,639, 1492675860639550857, 1.103, 0.787, -3.141, -0.957, 1.648, 1.262
2017-04-20 10:11:00,643, 1492675860643607817, 1.092, 0.775, -3.075, -1.093, 1.648, 1.222
2017-04-20 10:11:00,646, 1492675860645562197, 1.092, 0.778, -3.047, -1.116, 1.652, 1.262
2017-04-20 10:11:00,647, 1492675860647807834, 1.089, 0.8, -3.043, -1.153, 1.678, 1.283
2017-04-20 10:11:00,649, 1492675860649548866, 1.108, 0.806, -3.108, -1.177, 1.747, 1.336
2017-04-20 10:11:00,651, 1492675860651530808, 1.114, 0.806, -3.107, -1.163, 1.781, 1.373
2017-04-20 10:11:00,653, 1492675860653631413, 1.121, 0.787, -3.118, -1.144, 1.809, 1.401
2017-04-20 10:11:00,655, 1492675860655629543, 1.113, 0.79, -3.16, -1.101, 1.834, 1.421
2017-04-20 10:11:00,657, 1492675860657585415, 1.124, 0.794, -3.154, -1.049, 1.845, 1.437
2017-04-20 10:11:00,659, 1492675860659485111, 1.127, 0.785, -3.178, -0.977, 1.843, 1.397
2017-04-20 10:11:00,661, 1492675860661547438, 1.125, 0.793, -3.231, -0.916, 1.857, 1.365
2017-04-20 10:11:00,668, 1492675860663784793, 1.135, 0.79, -3.265, -0.838, 1.866, 1.356
2017-04-20 10:11:00,669, 1492675860669533504, 1.14, 0.774, -3.296, -0.515, 1.862, 1.324
2017-04-20 10:11:00,670, 1492675860670502479, 1.154, 0.78, -3.319, -0.475, 1.856, 1.324
2017-04-20 10:11:00,673, 1492675860673374571, 1.146, 0.766, -3.333, -0.411, 1.836, 1.34
2017-04-20 10:11:00,675, 1492675860675329820, 1.129, 0.761, -3.371, -0.372, 1.805, 1.368
2017-04-20 10:11:00,680, 1492675860678047574, 1.119, 0.757, -3.402, -0.357, 1.777, 1.36
2017-04-20 10:11:00,680, 1492675860679525380, 1.115, 0.741, -3.43, -0.36, 1.767, 1.368
2017-04-20 10:11:00,685, 1492675860685571862, 1.129, 0.727, -3.408, -0.47, 1.785, 1.294
2017-04-20 10:11:00,687, 1492675860687339471, 1.123, 0.728, -3.385, -0.513, 1.779, 1.303
2017-04-20 10:11:00,689, 1492675860689581192, 1.097, 0.719, -3.4, -0.586, 1.734, 1.286
2017-04-20 10:11:00,691, 1492675860691421180, 1.092, 0.7, -3.342, -0.595, 1.714, 1.294
2017-04-20 10:11:00,693, 1492675860693386505, 1.13, 0.721, -3.303, -0.622, 1.756, 1.332
2017-04-20 10:11:00,695, 1492675860695401884, 1.154, 0.739, -3.315, -0.669, 1.828, 1.405
2017-04-20 10:11:00,697, 1492675860697518746, 1.154, 0.718, -3.325, -0.655, 1.834, 1.416
2017-04-20 10:11:00,705, 1492675860705511968, 1.151, 0.717, -3.434, -0.512, 1.898, 1.324
2017-04-20 10:11:00,707, 1492675860707340524, 1.141, 0.723, -3.475, -0.491, 1.895, 1.327
2017-04-20 10:11:00,709, 1492675860709364957, 1.158, 0.742, -3.491, -0.441, 1.904, 1.332
2017-04-20 10:11:00,711, 1492675860711490225, 1.164, 0.749, -3.504, -0.354, 1.946, 1.303
2017-04-20 10:11:00,714, 1492675860713903049, 1.166, 0.725, -3.55, -0.293, 1.953, 1.286
2017-04-20 10:11:00,715, 1492675860715553734, 1.184, 0.714, -3.553, -0.249, 1.946, 1.279
2017-04-20 10:11:00,718, 1492675860717330714, 1.164, 0.73, -3.518, -0.236, 1.943, 1.275
2017-04-20 10:11:00,719, 1492675860719562626, 1.173, 0.751, -3.613, -0.249, 1.962, 1.324
2017-04-20 10:11:00,721, 1492675860721372586, 1.156, 0.74, -3.612, -0.274, 1.946, 1.294
2017-04-20 10:11:00,723, 1492675860723404464, 1.165, 0.754, -3.535, -0.295, 1.965, 1.279
2017-04-20 10:11:00,725, 1492675860725356369, 1.165, 0.762, -3.523, -0.323, 1.965, 1.227
2017-04-20 10:11:00,726, 1492675860726532400, 1.153, 0.734, -3.517, -0.379, 1.966, 1.157