2017-04-20 10:11:06,449, 1492675866448726045, 0.046, 0.048, -0.002, -0.382, 0.456, 0.02
2017-04-20 10:11:06,450, 1492675866450490126, 0.045, 0.036, 0.011, -0.203, 0.468, 0.02
2017-04-20 10:11:06,452, 1492675866452401726, 0.039, 0.025, 0.009, -0.106, 0.455, 0.041
2017-04-20 10:11:06,454, 1492675866454450445, 0.043, 0.008, 0.006, -0.008, 0.426, 0.028
2017-04-20 10:11:06,457, 1492675866456693409, 0.028, 0.002, 0.007, 0.095, 0.388, 0.025
2017-04-20 10:11:06,459, 1492675866458593522, 0.02, -0.018, 0.001, 0.193, 0.326, 0.033
2017-04-20 10:11:06,460, 1492675866460682073, 0.016, -0.034, -0.02, 0.274, 0.252, 0.028
2017-04-20 10:11:06,465, 1492675866465495818, -0.003, -0.05, -0.031, 0.384, 0.049, 0.02
2017-04-20 10:11:06,467, 1492675866467338567, 0.0, -0.041, -0.039, 0.388, -0.002, 0.012
2017-04-20 10:11:06,469, 1492675866469426768, 0.002, -0.036, -0.042, 0.363, -0.078, 0.012
2017-04-20 10:11:06,471, 1492675866471357212, -0.016, -0.029, -0.033, 0.309, -0.148, -0.005
2017-04-20 10:11:06,473, 1492675866473394818, -0.011, -0.013, -0.019, 0.241, -0.222, -0.004
2017-04-20 10:11:06,475, 1492675866475425168, -0.023, -0.014, -0.02, 0.141, -0.284, -0.02
2017-04-20 10:11:06,477, 1492675866477387464, -0.032, 0.009, -0.015, 0.052, -0.321, -0.021
2017-04-20 10:11:06,479, 1492675866479450659, -0.041, 0.013, 0.006, -0.046, -0.356, -0.024
2017-04-20 10:11:06,487, 1492675866486320682, -0.05, 0.031, 0.01, -0.121, -0.384, -0.028
2017-04-20 10:11:06,488, 1492675866488446221, -0.058, 0.053, 0.014, -0.299, -0.429, -0.028
2017-04-20 10:11:06,490, 1492675866490292849, -0.058, 0.06, 0.032, -0.305, -0.419, -0.008
2017-04-20 10:11:06,491, 1492675866491415086, -0.053, 0.057, 0.014, -0.3, -0.409, -0.021
2017-04-20 10:11:06,493, 1492675866493472639, -0.058, 0.06, 0.004, -0.282, -0.404, -0.016
2017-04-20 10:11:06,495, 1492675866495433048, -0.053, 0.05, -0.017, -0.242, -0.378, -0.024
2017-04-20 10:11:06,497, 1492675866497487283, -0.046, 0.043, -0.019, -0.206, -0.334, -0.016
2017-04-20 10:11:06,499, 1492675866499392099, -0.035, 0.045, -0.012, -0.176, -0.302, -0.005
2017-04-20 10:11:06,501, 1492675866501465740, -0.032, 0.03, -0.036, -0.135, -0.253, -0.008
2017-04-20 10:11:06,503, 1492675866503447736, -0.031, 0.028, -0.029, -0.095, -0.207, -0.004
2017-04-20 10:11:06,509, 1492675866509485566, -0.012, 0.037, -0.06, -0.024, -0.029, 0.004
2017-04-20 10:11:06,511, 1492675866511257850, 0.014, 0.004, -0.062, -0.02, 0.009, 0.0
2017-04-20 10:11:06,524, 1492675866517007291, 0.017, 0.018, -0.085, -0.01, 0.083, 0.003
2017-04-20 10:11:06,525, 1492675866525435137, 0.119, 0.046, -0.277, -0.152, 0.507, 0.017
2017-04-20 10:11:06,526, 1492675866526507257, 0.124, 0.067, -0.305, -0.187, 0.547, -0.004
2017-04-20 10:11:06,529, 1492675866529468640, 0.149, 0.069, -0.31, -0.255, 0.606, -0.005
2017-04-20 10:11:06,531, 1492675866531293163, 0.131, 0.068, -0.349, -0.306, 0.635, 0.033
2017-04-20 10:11:06,533, 1492675866533262809, 0.133, 0.073, -0.392, -0.345, 0.663, 0.028
2017-04-20 10:11:06,535, 1492675866535310945, 0.13, 0.083, -0.381, -0.383, 0.693, 0.017
2017-04-20 10:11:06,537, 1492675866537290397, 0.116, 0.081, -0.414, -0.375, 0.68, 0.008
2017-04-20 10:11:06,539, 1492675866539450406, 0.138, 0.088, -0.443, -0.357, 0.673, 0.033
2017-04-20 10:11:06,541, 1492675866541220832, 0.162, 0.096, -0.42, -0.364, 0.704, 0.028
2017-04-20 10:11:06,543, 1492675866543323128, 0.152, 0.096, -0.446, -0.351, 0.671, 0.0
2017-04-20 10:11:06,545, 1492675866545305142, 0.149, 0.102, -0.46, -0.369, 0.651, 0.012
2017-04-20 10:11:06,547, 1492675866547359962, 0.157, 0.111, -0.473, -0.385, 0.611, 0.016
2017-04-20 10:11:06,549, 1492675866549460115, 0.164, 0.121, -0.455, -0.445, 0.622, 0.008
2017-04-20 10:11:06,551, 1492675866551339813, 0.162, 0.11, -0.486, -0.506, 0.619, -0.016
2017-04-20 10:11:06,556, 1492675866553412590, 0.132, 0.098, -0.492, -0.551, 0.576, 0.017
2017-04-20 10:11:06,560, 1492675866560535964, 0.156, 0.13, -0.515, -0.486, 0.565, 0.02
2017-04-20 10:11:06,562, 1492675866562396330, 0.177, 0.14, -0.519, -0.484, 0.589, 0.012
2017-04-20 10:11:06,564, 1492675866564573995, 0.152, 0.114, -0.585, -0.49, 0.57, 0.008
2017-04-20 10:11:06,566, 1492675866566438857, 0.143, 0.124, -0.553, -0.508, 0.561, 0.024
2017-04-20 10:11:06,568, 1492675866568469917, 0.146, 0.135, -0.544, -0.524, 0.572, 0.053
2017-04-20 10:11:06,570, 1492675866570432696, 0.14, 0.131, -0.577, -0.53, 0.57, 0.02
2017-04-20 10:11:06,572, 1492675866572457656, 0.13, 0.125, -0.569, -0.538, 0.557, 0.025
2017-04-20 10:11:06,574, 1492675866574416338, 0.131, 0.116, -0.521, -0.524, 0.547, 0.036
2017-04-20 10:11:06,576, 1492675866576742539, 0.131, 0.112, -0.585, -0.485, 0.515, -0.008
2017-04-20 10:11:06,578, 1492675866578445161, 0.125, 0.112, -0.595, -0.438, 0.487, -0.097
2017-04-20 10:11:06,580, 1492675866580447778, 0.123, 0.099, -0.537, -0.342, 0.384, 0.0
2017-04-20 10:11:06,584, 1492675866582413142, 0.175, 0.107, -0.541, -0.329, 0.487, 0.028
2017-04-20 10:11:06,589, 1492675866586532050, 0.203, 0.132, -0.659, -0.316, 0.48, -0.041
2017-04-20 10:11:06,589, 1492675866588593511, 0.202, 0.119, -0.554, -0.443, 0.54, 0.028
2017-04-20 10:11:06,590, 1492675866590401065, 0.148, 0.118, -0.66, -0.52, 0.527, 0.008
2017-04-20 10:11:06,591, 1492675866591429028, 0.13, 0.104, -0.636, -0.591, 0.57, -0.069
2017-04-20 10:11:06,592, 1492675866592458899, 0.123, 0.111, -0.573, -0.592, 0.588, -0.069
2017-04-20 10:11:06,594, 1492675866594411933, 0.131, 0.108, -0.524, -0.601, 0.63, -0.04
2017-04-20 10:11:06,596, 1492675866596442803, 0.132, 0.095, -0.555, -0.539, 0.637, 0.004
2017-04-20 10:11:06,601, 1492675866601408023, 0.2, 0.111, -0.358, -0.369, 0.855, 0.065
2017-04-20 10:11:06,602, 1492675866602453833, 0.222, 0.11, -0.443, -0.327, 0.84, 0.028
2017-04-20 10:11:06,605, 1492675866605235616, 0.172, 0.086, -0.428, -0.371, 0.898, 0.036
2017-04-20 10:11:06,606, 1492675866606456706, 0.141, 0.071, -0.407, -0.365, 0.84, 0.028
2017-04-20 10:11:06,609, 1492675866609243772, 0.079, 0.056, -0.405, -0.341, 0.856, 0.041
2017-04-20 10:11:06,611, 1492675866611255086, 0.126, 0.042, -0.463, -0.245, 0.83, -0.016
2017-04-20 10:11:06,612, 1492675866612454084, 0.132, 0.049, -0.358, -0.131, 0.869, 0.028
2017-04-20 10:11:06,615, 1492675866615293628, 0.197, 0.074, -0.285, -0.059, 0.825, 0.093
2017-04-20 10:11:06,624, 1492675866620139313, 0.239, 0.077, -0.237, -0.048, 0.957, 0.057
2017-04-20 10:11:06,625, 1492675866625478831, -0.044, 0.021, -0.213, -0.17, 0.482, -0.029
2017-04-20 10:11:06,627, 1492675866627248333, -0.025, 0.015, -0.168, -0.101, 0.412, 0.004
2017-04-20 10:11:06,629, 1492675866629388428, 0.149, 0.057, -0.098, -0.036, 0.497, 0.13
2017-04-20 10:11:06,631, 1492675866631397983, 0.234, 0.075, -0.118, -0.042, 0.511, 0.033
2017-04-20 10:11:06,636, 1492675866636424738, -0.106, 0.013, -0.262, -0.14, -0.095, 0.02
2017-04-20 10:11:06,637, 1492675866637428556, -0.138, 0.03, -0.256, -0.112, -0.219, -0.008
2017-04-20 10:11:06,640, 1492675866640390696, -0.095, 0.043, -0.191, -0.053, -0.337, -0.086
2017-04-20 10:11:06,645, 1492675866645412170, 0.094, 0.03, -0.074, -0.21, -0.257, -0.053
2017-04-20 10:11:06,647, 1492675866647258167, -0.039, -0.019, -0.155, -0.204, -0.468, -0.053
2017-04-20 10:11:06,649, 1492675866649236845, -0.209, -0.027, -0.28, -0.076, -0.729, -0.053
2017-04-20 10:11:06,651, 1492675866651280573, -0.264, -0.017, -0.277, 0.123, -0.856, -0.004
2017-04-20 10:11:06,657, 1492675866656860499, -0.078, 0.034, -0.185, 0.303, -0.756, -0.024
2017-04-20 10:11:06,658, 1492675866658484610, 0.006, -0.031, -0.098, -0.013, -0.497, 0.004
2017-04-20 10:11:06,660, 1492675866660580629, -0.282, -0.059, -0.22, 0.026, -0.844, -0.061
2017-04-20 10:11:06,662, 1492675866662449496, -0.384, -0.062, -0.261, 0.111, -0.995, -0.012
2017-04-20 10:11:06,664, 1492675866664422247, -0.176, 0.043, -0.159, 0.163, -0.734, -0.069
2017-04-20 10:11:06,666, 1492675866666458200, 0.095, 0.083, 0.071, 0.115, -0.363, -0.02
2017-04-20 10:11:06,673, 1492675866673429068, -0.385, -0.041, -0.254, 0.226, -0.89, -0.024
2017-04-20 10:11:06,675, 1492675866675293355, -0.337, 0.046, -0.232, 0.315, -0.851, -0.078
2017-04-20 10:11:06,677, 1492675866677282442, -0.017, 0.079, -0.044, 0.324, -0.393, -0.048
2017-04-20 10:11:06,678, 1492675866678459049, 0.256, 0.03, 0.124, 0.111, -0.013, -0.069
2017-04-20 10:11:06,681, 1492675866681292336, 0.166, -0.045, 0.116, -0.116, -0.05, 0.024
2017-04-20 10:11:06,683, 1492675866683293605, -0.155, -0.099, -0.115, -0.034, -0.475, -0.012
2017-04-20 10:11:06,685, 1492675866685289594, -0.414, -0.054, -0.262, 0.214, -0.794, -0.02
2017-04-20 10:11:06,693, 1492675866689670749, -0.241, 0.11, -0.129, 0.296, -0.631, 0.0
2017-04-20 10:11:06,693, 1492675866691458174, 0.282, -0.048, 0.097, -0.118, 0.244, -0.028
2017-04-20 10:11:06,693, 1492675866693514643, 0.073, -0.085, -0.029, -0.158, -0.063, 0.017
2017-04-20 10:11:06,695, 1492675866695568948, -0.255, -0.064, -0.209, 0.075, -0.425, 0.012
2017-04-20 10:11:06,697, 1492675866697445952, -0.303, 0.067, -0.283, 0.276, -0.555, 0.0
2017-04-20 10:11:06,699, 1492675866699449772, -0.004, 0.112, -0.038, 0.147, -0.043, -0.097
2017-04-20 10:11:06,701, 1492675866701436946, 0.234, -0.006, 0.148, -0.077, 0.34, -0.016
2017-04-20 10:11:06,703, 1492675866703437294, 0.15, -0.125, 0.084, -0.256, 0.28, 0.044
2017-04-20 10:11:06,705, 1492675866705461436, -0.14, -0.115, -0.093, -0.125, -0.057, 0.017
2017-04-20 10:11:06,707, 1492675866707419392, -0.335, 0.002, -0.26, 0.296, -0.449, 0.008
2017-04-20 10:11:06,709, 1492675866709448812, -0.126, 0.139, -0.125, 0.388, -0.114, -0.081
2017-04-20 10:11:06,711, 1492675866711404084, 0.2, 0.058, 0.074, 0.244, 0.329, -0.086
2017-04-20 10:11:06,713, 1492675866713693349, 0.222, -0.146, 0.065, 0.097, 0.348, 0.024
2017-04-20 10:11:06,715, 1492675866715430158, -0.075, -0.176, -0.065, 0.165, -0.026, 0.106
2017-04-20 10:11:06,717, 1492675866717441604, -0.281, -0.078, -0.164, 0.509, -0.5, 0.138
2017-04-20 10:11:06,719, 1492675866719454450, -0.168, 0.073, -0.123, 0.732, -0.302, -0.016
2017-04-20 10:11:06,721, 1492675866721460242, 0.12, 0.09, 0.009, 0.588, 0.049, -0.097
2017-04-20 10:11:06,725, 1492675866725506688, -0.099, -0.277, -0.004, 0.345, -0.238, 0.069
2017-04-20 10:11:06,727, 1492675866727316919, -0.234, -0.184, -0.139, 0.568, -0.589, 0.077
2017-04-20 10:11:06,728, 1492675866728411431, -0.208, 0.03, -0.189, 0.842, -0.605, -0.069
2017-04-20 10:11:06,729, 1492675866729473664, -0.118, 0.106, -0.146, 0.899, -0.446, -0.159
2017-04-20 10:11:06,731, 1492675866731435681, 0.052, 0.108, -0.073, 0.807, -0.253, -0.179
2017-04-20 10:11:06,733, 1492675866733459003, 0.124, -0.057, 0.11, 0.426, -0.127, 0.049
2017-04-20 10:11:06,735, 1492675866735489869, -0.035, -0.24, -0.001, 0.194, -0.323, 0.044
2017-04-20 10:11:06,737, 1492675866737463645, -0.262, -0.16, -0.205, 0.3, -0.768, 0.174
2017-04-20 10:11:06,739, 1492675866739546852, -0.218, 0.107, -0.094, 0.357, -0.708, 0.065
2017-04-20 10:11:06,741, 1492675866741459071, -0.023, 0.207, 0.134, 0.186, -0.416, -0.159
2017-04-20 10:11:06,743, 1492675866743449179, 0.038, 0.0, 0.222, -0.292, -0.21, -0.102
2017-04-20 10:11:06,745, 1492675866745475887, -0.105, -0.175, 0.11, -0.556, -0.448, 0.0
2017-04-20 10:11:06,747, 1492675866747429387, -0.404, -0.148, 0.118, -0.446, -0.923, 0.065
2017-04-20 10:11:06,749, 1492675866749475072, -0.322, 0.11, 0.15, -0.227, -0.907, -0.086
2017-04-20 10:11:06,751, 1492675866751428449, -0.066, 0.233, 0.187, -0.116, -0.584, -0.215
2017-04-20 10:11:06,761, 1492675866759266591, -0.291, -0.25, 0.281, -0.327, -0.904, 0.09
2017-04-20 10:11:06,762, 1492675866761320353, -0.219, 0.122, 0.239, 0.634, -1.143, -0.183
2017-04-20 10:11:06,762, 1492675866762499816, 0.012, 0.037, 0.444, 0.601, -0.852, -0.195
2017-04-20 10:11:06,764, 1492675866764523596, -0.063, -0.253, 0.501, 0.509, -1.003, 0.065
2017-04-20 10:11:06,767, 1492675866767284658, -0.327, -0.37, 0.281, 0.722, -1.425, 0.106
2017-04-20 10:11:06,769, 1492675866769633796, -0.573, -0.198, 0.125, 1.325, -1.927, 0.053
2017-04-20 10:11:06,771, 1492675866771457370, -0.418, -0.052, 0.219, 1.649, -1.825, -0.045
2017-04-20 10:11:06,773, 1492675866773225266, -0.212, -0.132, 0.332, 1.605, -1.545, -0.078
2017-04-20 10:11:06,774, 1492675866774445582, -0.024, -0.267, 0.592, 1.443, -1.37, 0.061
2017-04-20 10:11:06,777, 1492675866777229066, -0.181, -0.383, 0.497, 1.426, -1.569, 0.041
2017-04-20 10:11:06,778, 1492675866778411966, -0.494, -0.312, 0.193, 1.532, -1.962, 0.057
2017-04-20 10:11:06,781, 1492675866781240113, -0.639, -0.172, 0.12, 1.647, -2.259, 0.024
2017-04-20 10:11:06,782, 1492675866782452970, -0.49, -0.155, 0.364, 1.66, -2.146, 0.012
2017-04-20 10:11:06,785, 1492675866785270498, -0.219, -0.245, 0.574, 1.359, -1.759, 0.025
2017-04-20 10:11:06,794, 1492675866794377116, -0.596, -0.19, 0.229, 0.739, -2.216, -0.077
2017-04-20 10:11:06,795, 1492675866795389993, -0.428, -0.252, 0.493, 0.722, -2.099, -0.045
2017-04-20 10:11:06,798, 1492675866798284021, -0.269, -0.224, 0.695, 0.805, -2.012, -0.061
2017-04-20 10:11:06,800, 1492675866800228100, -0.253, -0.153, 0.503, 0.983, -2.025, -0.094
2017-04-20 10:11:06,802, 1492675866802306462, -0.41, -0.095, 0.366, 1.067, -2.321, -0.024
2017-04-20 10:11:06,804, 1492675866804240278, -0.553, -0.142, 0.369, 0.925, -2.426, 0.044
2017-04-20 10:11:06,806, 1492675866806522728, -0.523, -0.207, 0.346, 0.794, -2.327, 0.017
2017-04-20 10:11:06,808, 1492675866808481827, -0.402, -0.201, 0.362, 0.708, -2.301, 0.065
2017-04-20 10:11:06,810, 1492675866810324848, -0.307, -0.132, 0.515, 0.669, -2.104, -0.081
2017-04-20 10:11:06,812, 1492675866812251975, -0.345, -0.105, 0.476, 0.695, -2.138, -0.17
2017-04-20 10:11:06,814, 1492675866814216737, -0.496, -0.154, 0.314, 0.687, -2.396, -0.121
2017-04-20 10:11:06,816, 1492675866816232971, -0.543, -0.202, 0.373, 0.69, -2.423, 0.033
2017-04-20 10:11:06,817, 1492675866817440438, -0.408, -0.187, 0.471, 0.698, -2.231, 0.049
2017-04-20 10:11:06,819, 1492675866819445208, -0.293, -0.13, 0.435, 0.775, -2.07, -0.048
2017-04-20 10:11:06,824, 1492675866822501577, -0.321, -0.135, 0.436, 0.861, -2.031, -0.024
2017-04-20 10:11:06,830, 1492675866828337467, -0.445, -0.206, 0.477, 0.941, -2.185, -0.012
2017-04-20 10:11:06,830, 1492675866830310071, -0.365, -0.21, 0.348, 1.248, -1.962, -0.032
2017-04-20 10:11:06,834, 1492675866834304704, -0.304, -0.203, 0.407, 1.337, -1.835, 0.004
2017-04-20 10:11:06,842, 1492675866842334423, -0.253, -0.231, 0.196, 1.535, -1.644, -0.02
2017-04-20 10:11:06,843, 1492675866843419666, -0.247, -0.259, 0.123, 1.468, -1.573, -0.024
2017-04-20 10:11:06,845, 1492675866845455912, -0.303, -0.25, 0.163, 1.338, -1.585, 0.049
2017-04-20 10:11:06,847, 1492675866847439584, -0.331, -0.205, 0.17, 1.275, -1.59, 0.033
2017-04-20 10:11:06,850, 1492675866850379064, -0.292, -0.176, 0.056, 1.18, -1.478, 0.024
2017-04-20 10:11:06,851, 1492675866851403355, -0.226, -0.177, 0.046, 1.046, -1.323, -0.033
2017-04-20 10:11:06,853, 1492675866853509682, -0.225, -0.176, 0.158, 0.925, -1.261, -0.033
2017-04-20 10:11:06,862, 1492675866856559648, -0.219, -0.147, 0.182, 0.771, -1.21, -0.024
2017-04-20 10:11:06,862, 1492675866862274800, -0.221, -0.107, 0.076, 0.655, -1.119, -0.056
2017-04-20 10:11:06,863, 1492675866863400462, -0.184, -0.1, 0.137, 0.311, -0.921, 0.028
2017-04-20 10:11:06,865, 1492675866865435431, -0.147, -0.077, 0.08, 0.271, -0.8, -0.024
2017-04-20 10:11:06,867, 1492675866867413979, -0.127, -0.037, 0.058, 0.243, -0.746, -0.077
2017-04-20 10:11:06,869, 1492675866869486663, -0.165, -0.034, 0.104, 0.246, -0.757, -0.053
2017-04-20 10:11:06,871, 1492675866871418530, -0.168, -0.035, 0.099, 0.215, -0.745, -0.045
2017-04-20 10:11:06,874, 1492675866874444513, -0.122, -0.033, 0.047, 0.157, -0.623, -0.008
2017-04-20 10:11:06,876, 1492675866876183591, -0.12, -0.033, 0.046, 0.162, -0.588, -0.008
2017-04-20 10:11:06,881, 1492675866881453793, -0.151, -0.045, 0.014, 0.183, -0.548, -0.029
2017-04-20 10:11:06,883, 1492675866883235058, -0.142, -0.047, 0.011, 0.207, -0.522, -0.02
2017-04-20 10:11:06,885, 1492675866885337977, -0.127, -0.057, 0.027, 0.24, -0.516, -0.028
2017-04-20 10:11:06,892, 1492675866887484430, -0.127, -0.046, 0.062, 0.296, -0.516, -0.037
2017-04-20 10:11:06,895, 1492675866895532118, -0.133, -0.077, 0.018, 0.486, -0.627, -0.004
2017-04-20 10:11:06,898, 1492675866897443626, -0.134, -0.092, -0.013, 0.541, -0.663, 0.02
2017-04-20 10:11:06,900, 1492675866900351908, -0.127, -0.082, -0.077, 0.517, -0.714, 0.309
2017-04-20 10:11:06,901, 1492675866901424492, -0.166, -0.113, -0.046, 0.554, -0.777, 0.361
2017-04-20 10:11:06,903, 1492675866903363735, -0.155, -0.12, -0.013, 0.558, -0.776, 0.32
2017-04-20 10:11:06,905, 1492675866905383831, -0.153, -0.093, -0.044, 0.523, -0.746, 0.272
2017-04-20 10:11:06,907, 1492675866907411459, -0.146, -0.125, -0.1, 0.549, -0.699, 0.312
2017-04-20 10:11:06,909, 1492675866909425126, -0.163, -0.094, -0.045, 0.51, -0.682, 0.317
2017-04-20 10:11:06,911, 1492675866911375580, -0.189, -0.09, -0.02, 0.486, -0.672, 0.256
2017-04-20 10:11:06,913, 1492675866913362148, -0.159, -0.082, -0.043, 0.48, -0.605, 0.231
2017-04-20 10:11:06,915, 1492675866915452744, -0.138, -0.078, -0.049, 0.475, -0.547, 0.134
2017-04-20 10:11:06,917, 1492675866917455402, -0.15, -0.077, -0.006, 0.463, -0.537, 0.053
2017-04-20 10:11:06,921, 1492675866921486057, -0.122, -0.052, -0.064, 0.385, -0.513, 0.13
2017-04-20 10:11:06,923, 1492675866923323192, -0.118, -0.039, -0.043, 0.372, -0.51, 0.13
2017-04-20 10:11:06,924, 1492675866924489149, -0.112, -0.053, -0.03, 0.349, -0.514, 0.069
2017-04-20 10:11:06,926, 1492675866926394646, -0.115, -0.056, -0.024, 0.324, -0.522, 0.077
2017-04-20 10:11:06,927, 1492675866927434989, -0.115, -0.058, -0.038, 0.288, -0.536, 0.101
2017-04-20 10:11:06,929, 1492675866929433134, -0.116, -0.051, -0.058, 0.279, -0.547, 0.138
2017-04-20 10:11:06,931, 1492675866931533503, -0.106, -0.044, -0.06, 0.263, -0.548, 0.126
2017-04-20 10:11:06,933, 1492675866933404852, -0.12, -0.029, -0.06, 0.256, -0.552, 0.122
2017-04-20 10:11:06,935, 1492675866935414541, -0.104, -0.041, -0.112, 0.25, -0.548, 0.141
2017-04-20 10:11:06,937, 1492675866937364078, -0.114, -0.025, -0.088, 0.256, -0.51, 0.182
2017-04-20 10:11:06,939, 1492675866939377092, -0.11, -0.012, -0.013, 0.24, -0.499, 0.166
2017-04-20 10:11:06,941, 1492675866941370232, -0.132, -0.02, -0.08, 0.197, -0.506, 0.138
2017-04-20 10:11:06,943, 1492675866943437154, -0.15, -0.029, -0.117, 0.177, -0.498, 0.174
2017-04-20 10:11:06,945, 1492675866945384086, -0.137, -0.012, -0.008, 0.131, -0.483, 0.146
2017-04-20 10:11:06,947, 1492675866947762828, -0.13, 0.005, 0.033, 0.081, -0.456, 0.093
2017-04-20 10:11:06,949, 1492675866949426151, -0.118, -0.041, -0.117, 0.065, -0.441, 0.122
2017-04-20 10:11:06,951, 1492675866951443692, -0.143, -0.043, -0.084, 0.077, -0.485, 0.138
2017-04-20 10:11:06,953, 1492675866953435497, -0.138, -0.021, 0.017, 0.097, -0.512, 0.154
2017-04-20 10:11:06,955, 1492675866955397457, -0.091, -0.037, -0.057, 0.165, -0.461, 0.191
2017-04-20 10:11:06,957, 1492675866957407392, -0.091, -0.06, -0.16, 0.227, -0.461, 0.207
2017-04-20 10:11:06,959, 1492675866959469401, -0.118, -0.08, -0.039, 0.298, -0.523, 0.191
2017-04-20 10:11:06,961, 1492675866961476531, -0.131, -0.079, -0.035, 0.367, -0.516, 0.146
2017-04-20 10:11:06,963, 1492675866963450213, -0.101, -0.082, -0.15, 0.408, -0.461, 0.141
2017-04-20 10:11:06,965, 1492675866965435437, -0.092, -0.08, -0.148, 0.439, -0.447, 0.11
2017-04-20 10:11:06,967, 1492675866967440834, -0.102, -0.085, -0.028, 0.451, -0.46, 0.105
2017-04-20 10:11:06,969, 1492675866969399812, -0.101, -0.083, -0.067, 0.465, -0.436, 0.093
2017-04-20 10:11:06,971, 1492675866971419848, -0.09, -0.073, -0.154, 0.48, -0.41, 0.093
2017-04-20 10:11:06,973, 1492675866973387976, -0.11, -0.064, -0.104, 0.481, -0.409, 0.074
2017-04-20 10:11:06,975, 1492675866975403821, -0.108, -0.058, -0.003, 0.461, -0.426, 0.097
2017-04-20 10:11:06,977, 1492675866977379448, -0.11, -0.065, -0.059, 0.429, -0.414, 0.142
2017-04-20 10:11:06,979, 1492675866979428721, -0.097, -0.055, -0.105, 0.404, -0.399, 0.162
2017-04-20 10:11:06,981, 1492675866981375310, -0.106, -0.049, -0.031, 0.376, -0.425, 0.09
2017-04-20 10:11:06,983, 1492675866983433643, -0.125, -0.042, -0.002, 0.341, -0.459, 0.033
2017-04-20 10:11:06,985, 1492675866985400946, -0.093, -0.045, -0.079, 0.309, -0.434, 0.082
2017-04-20 10:11:06,987, 1492675866987407379, -0.098, -0.038, -0.06, 0.274, -0.44, 0.122
2017-04-20 10:11:06,989, 1492675866989426348, -0.115, -0.039, 0.014, 0.233, -0.506, 0.114
2017-04-20 10:11:06,991, 1492675866991431602, -0.124, -0.037, -0.049, 0.229, -0.532, 0.122
2017-04-20 10:11:06,997, 1492675866997567061, -0.113, -0.034, -0.095, 0.224, -0.534, 0.187
2017-04-20 10:11:06,999, 1492675866999478605, -0.142, -0.043, -0.097, 0.191, -0.596, 0.223
2017-04-20 10:11:07,001, 1492675867001432985, -0.135, -0.036, -0.112, 0.173, -0.596, 0.228
2017-04-20 10:11:07,003, 1492675867003454746, -0.152, -0.04, -0.076, 0.138, -0.613, 0.195
2017-04-20 10:11:07,005, 1492675867005435713, -0.143, -0.047, -0.071, 0.109, -0.606, 0.187
2017-04-20 10:11:07,007, 1492675867007461931, -0.134, -0.032, -0.125, 0.07, -0.572, 0.195
2017-04-20 10:11:07,009, 1492675867009476016, -0.114, -0.03, -0.096, 0.022, -0.567, 0.155
2017-04-20 10:11:07,011, 1492675867011487805, -0.139, -0.027, -0.088, -0.006, -0.572, 0.117
2017-04-20 10:11:07,013, 1492675867013423434, -0.118, -0.024, -0.113, -0.031, -0.545, 0.125
2017-04-20 10:11:07,017, 1492675867017459888, -0.104, -0.016, -0.046, -0.034, -0.476, 0.085
2017-04-20 10:11:07,019, 1492675867019252328, -0.102, -0.001, -0.061, -0.017, -0.463, 0.065
2017-04-20 10:11:07,020, 1492675867020459780, -0.111, -0.018, -0.094, 0.005, -0.441, 0.057
2017-04-20 10:11:07,022, 1492675867022234298, -0.091, -0.027, -0.086, 0.016, -0.43, 0.057
2017-04-20 10:11:07,023, 1492675867023461801, -0.087, -0.005, -0.058, 0.026, -0.4, 0.044
2017-04-20 10:11:07,025, 1492675867025425552, -0.085, -0.013, -0.038, 0.035, -0.396, 0.044
2017-04-20 10:11:07,027, 1492675867027467698, -0.101, -0.018, -0.057, 0.045, -0.39, 0.049
2017-04-20 10:11:07,033, 1492675867032353695, -0.11, -0.027, -0.063, 0.06, -0.382, 0.074
2017-04-20 10:11:07,033, 1492675867033454461, -0.108, -0.025, -0.058, 0.101, -0.406, 0.11
2017-04-20 10:11:07,036, 1492675867036433307, -0.108, -0.042, -0.066, 0.128, -0.411, 0.138
2017-04-20 10:11:07,037, 1492675867037444484, -0.106, -0.038, -0.046, 0.153, -0.43, 0.125
2017-04-20 10:11:07,040, 1492675867040245842, -0.12, -0.045, -0.04, 0.184, -0.439, 0.13
2017-04-20 10:11:07,042, 1492675867042307202, -0.115, -0.05, -0.09, 0.229, -0.46, 0.125
2017-04-20 10:11:07,044, 1492675867044420661, -0.121, -0.039, -0.06, 0.273, -0.489, 0.15
2017-04-20 10:11:07,046, 1492675867046266391, -0.102, -0.047, -0.052, 0.289, -0.507, 0.146
2017-04-20 10:11:07,048, 1492675867048395117, -0.1, -0.056, -0.085, 0.32, -0.516, 0.166
2017-04-20 10:11:07,049, 1492675867049589277, -0.113, -0.062, -0.077, 0.331, -0.529, 0.191
2017-04-20 10:11:07,051, 1492675867051550650, -0.122, -0.057, -0.069, 0.34, -0.553, 0.195
2017-04-20 10:11:07,053, 1492675867053458991, -0.116, -0.059, -0.064, 0.35, -0.552, 0.174
2017-04-20 10:11:07,056, 1492675867056234793, -0.119, -0.059, -0.086, 0.366, -0.536, 0.187
2017-04-20 10:11:07,058, 1492675867058422638, -0.121, -0.063, -0.08, 0.381, -0.539, 0.174
2017-04-20 10:11:07,060, 1492675867060212359, -0.128, -0.077, -0.05, 0.403, -0.545, 0.187
2017-04-20 10:11:07,061, 1492675867061447157, -0.134, -0.084, -0.075, 0.425, -0.548, 0.179
2017-04-20 10:11:07,065, 1492675867064410281, -0.158, -0.102, -0.094, 0.464, -0.547, 0.195
2017-04-20 10:11:07,066, 1492675867066323793, -0.154, -0.106, -0.08, 0.479, -0.547, 0.174
2017-04-20 10:11:07,068, 1492675867068334853, -0.169, -0.127, -0.077, 0.512, -0.57, 0.166
2017-04-20 10:11:07,070, 1492675867070534192, -0.203, -0.138, -0.101, 0.597, -0.641, 0.158
2017-04-20 10:11:07,073, 1492675867073757715, -0.216, -0.135, -0.123, 0.687, -0.667, 0.171
2017-04-20 10:11:07,075, 1492675867075513641, -0.201, -0.151, -0.125, 0.844, -0.713, 0.098
2017-04-20 10:11:07,077, 1492675867077391049, -0.23, -0.179, -0.173, 0.914, -0.797, 0.125
2017-04-20 10:11:07,078, 1492675867078429499, -0.243, -0.194, -0.183, 0.955, -0.889, 0.211
2017-04-20 10:11:07,080, 1492675867079897079, -0.27, -0.207, -0.202, 0.984, -0.959, 0.223
2017-04-20 10:11:07,082, 1492675867082374525, -0.301, -0.21, -0.237, 1.054, -1.077, 0.255
2017-04-20 10:11:07,083, 1492675867083408201, -0.293, -0.212, -0.249, 1.104, -1.146, 0.301
2017-04-20 10:11:07,085, 1492675867085444655, -0.287, -0.196, -0.245, 1.135, -1.231, 0.349
2017-04-20 10:11:07,087, 1492675867087400036, -0.298, -0.203, -0.245, 1.138, -1.33, 0.398
2017-04-20 10:11:07,090, 1492675867090424352, -0.319, -0.203, -0.298, 1.08, -1.418, 0.386
2017-04-20 10:11:07,091, 1492675867091419379, -0.332, -0.188, -0.322, 1.047, -1.486, 0.345
2017-04-20 10:11:07,094, 1492675867094251601, -0.336, -0.17, -0.296, 0.974, -1.491, 0.279
2017-04-20 10:11:07,100, 1492675867100251264, -0.292, -0.156, -0.292, 0.857, -1.43, 0.207
2017-04-20 10:11:07,102, 1492675867102367610, -0.317, -0.128, -0.252, 0.506, -1.437, -0.005
2017-04-20 10:11:07,103, 1492675867103430447, -0.306, -0.1, -0.28, 0.423, -1.368, -0.11
2017-04-20 10:11:07,105, 1492675867105449125, -0.284, -0.11, -0.315, 0.333, -1.304, -0.146
2017-04-20 10:11:07,107, 1492675867107418363, -0.325, -0.117, -0.278, 0.24, -1.348, -0.013
2017-04-20 10:11:07,109, 1492675867109448503, -0.334, -0.126, -0.246, 0.202, -1.354, 0.097
2017-04-20 10:11:07,111, 1492675867111410825, -0.326, -0.124, -0.311, 0.273, -1.293, 0.003
2017-04-20 10:11:07,115, 1492675867115532980, -0.326, -0.108, -0.291, 0.411, -1.299, 0.118
2017-04-20 10:11:07,117, 1492675867117307645, -0.351, -0.164, -0.319, 0.552, -1.332, 0.207
2017-04-20 10:11:07,118, 1492675867118416219, -0.368, -0.167, -0.35, 0.678, -1.382, 0.28
2017-04-20 10:11:07,120, 1492675867120223930, -0.358, -0.16, -0.337, 0.74, -1.341, 0.304
2017-04-20 10:11:07,122, 1492675867122307508, -0.358, -0.184, -0.329, 0.886, -1.336, 0.406
2017-04-20 10:11:07,123, 1492675867123413284, -0.347, -0.196, -0.385, 0.998, -1.352, 0.442
2017-04-20 10:11:07,125, 1492675867125462889, -0.355, -0.205, -0.416, 1.077, -1.335, 0.366
2017-04-20 10:11:07,127, 1492675867127407458, -0.385, -0.215, -0.358, 1.171, -1.42, 0.466
2017-04-20 10:11:07,132, 1492675867132125217, -0.309, -0.208, -0.359, 1.194, -1.28, 0.475
2017-04-20 10:11:07,138, 1492675867138326070, -0.32, -0.184, -0.455, 0.988, -0.934, 0.276
2017-04-20 10:11:07,139, 1492675867139457220, -0.296, -0.193, -0.458, 0.953, -0.851, 0.28
2017-04-20 10:11:07,141, 1492675867141406218, -0.363, -0.176, -0.315, 0.912, -0.944, 0.35
2017-04-20 10:11:07,143, 1492675867143452455, -0.4, -0.188, -0.333, 0.943, -0.975, 0.431
2017-04-20 10:11:07,145, 1492675867145418166, -0.357, -0.163, -0.431, 1.094, -0.929, 0.409
2017-04-20 10:11:07,147, 1492675867147437959, -0.31, -0.148, -0.416, 1.196, -0.959, 0.523
2017-04-20 10:11:07,149, 1492675867149424990, -0.231, -0.111, -0.213, 1.166, -0.87, 0.585
2017-04-20 10:11:07,151, 1492675867151458468, -0.205, -0.084, -0.288, 1.126, -0.904, 0.552
2017-04-20 10:11:07,154, 1492675867154381833, -0.205, -0.097, -0.467, 0.976, -0.822, 0.56
2017-04-20 10:11:07,155, 1492675867155472914, -0.222, -0.084, -0.41, 0.99, -0.853, 0.58
2017-04-20 10:11:07,157, 1492675867157411546, -0.273, -0.099, -0.347, 1.02, -0.889, 0.45
2017-04-20 10:11:07,159, 1492675867159444517, -0.235, -0.065, -0.413, 1.102, -0.813, 0.471
2017-04-20 10:11:07,162, 1492675867162255384, -0.199, -0.135, -0.499, 1.222, -0.771, 0.52
2017-04-20 10:11:07,169, 1492675867168208031, -0.034, -0.05, -0.143, 1.327, -0.345, 0.406
2017-04-20 10:11:07,169, 1492675867169805871, -0.115, -0.094, -0.435, 0.993, -0.211, 0.358
2017-04-20 10:11:07,171, 1492675867171435138, -0.219, -0.116, -0.271, 0.879, -0.287, 0.337
2017-04-20 10:11:07,173, 1492675867173425880, -0.24, -0.059, -0.198, 0.999, -0.417, 0.26
2017-04-20 10:11:07,175, 1492675867175451457, -0.063, -0.053, -0.384, 1.084, -0.154, 0.248
2017-04-20 10:11:07,178, 1492675867178233476, 0.106, -0.054, -0.304, 1.047, 0.059, 0.495
2017-04-20 10:11:07,179, 1492675867179477488, 0.076, -0.043, -0.068, 0.977, -0.032, 0.474
2017-04-20 10:11:07,181, 1492675867181394993, 0.011, 0.004, -0.094, 0.927, 0.011, 0.409
2017-04-20 10:11:07,183, 1492675867183456744, -0.096, -0.002, -0.449, 0.952, -0.118, 0.361
2017-04-20 10:11:07,185, 1492675867185401588, -0.148, 0.002, -0.454, 1.021, -0.205, 0.309
2017-04-20 10:11:07,187, 1492675867187425735, -0.095, 0.013, -0.235, 1.167, -0.258, 0.288
2017-04-20 10:11:07,189, 1492675867189411712, 0.177, 0.017, -0.188, 1.135, 0.076, 0.39
2017-04-20 10:11:07,196, 1492675867196462813, -0.068, 0.102, -0.253, 0.395, 0.056, 0.28
2017-04-20 10:11:07,205, 1492675867205104231, -0.138, 0.095, -0.463, 0.365, -0.022, 0.487
2017-04-20 10:11:07,206, 1492675867206481019, 0.218, 0.151, -0.195, -0.077, 0.755, 0.439
2017-04-20 10:11:07,208, 1492675867208530588, -0.053, 0.139, -0.19, -0.091, 0.384, 0.418
2017-04-20 10:11:07,210, 1492675867210405182, -0.046, 0.113, -0.36, -0.044, 0.39, 0.398
2017-04-20 10:11:07,212, 1492675867212402953, 0.14, 0.145, -0.387, 0.026, 0.56, 0.418
2017-04-20 10:11:07,214, 1492675867214459636, 0.457, 0.241, -0.027, -0.049, 0.938, 0.414
2017-04-20 10:11:07,216, 1492675867216429745, 0.523, 0.306, 0.105, -0.325, 1.098, 0.382
2017-04-20 10:11:07,218, 1492675867218432402, 0.412, 0.301, -0.159, -0.668, 1.075, 0.605
2017-04-20 10:11:07,220, 1492675867220382686, 0.154, 0.232, -0.277, -0.891, 0.837, 0.531
2017-04-20 10:11:07,222, 1492675867222453159, 0.017, 0.256, -0.106, -0.985, 0.631, 0.507
2017-04-20 10:11:07,224, 1492675867224489959, 0.164, 0.294, -0.163, -1.03, 0.797, 0.434
2017-04-20 10:11:07,226, 1492675867226448266, 0.405, 0.29, -0.267, -0.911, 1.07, 0.439
2017-04-20 10:11:07,228, 1492675867228424747, 0.534, 0.32, 0.037, -1.01, 1.33, 0.458
2017-04-20 10:11:07,230, 1492675867230445745, 0.456, 0.347, 0.117, -1.109, 1.25, 0.422
2017-04-20 10:11:07,235, 1492675867234940153, 0.325, 0.315, -0.207, -1.247, 1.284, 0.358
2017-04-20 10:11:07,236, 1492675867236708751, 0.231, 0.348, 0.028, -1.558, 1.246, 0.382
2017-04-20 10:11:07,238, 1492675867238395893, 0.296, 0.323, -0.05, -1.57, 1.31, 0.288
2017-04-20 10:11:07,239, 1492675867239461092, 0.299, 0.242, -0.246, -1.608, 1.35, 0.304
2017-04-20 10:11:07,241, 1492675867241378101, 0.301, 0.263, -0.258, -1.585, 1.279, 0.369
2017-04-20 10:11:07,242, 1492675867242444256, 0.288, 0.289, -0.028, -1.511, 1.274, 0.353
2017-04-20 10:11:07,245, 1492675867245115199, 0.351, 0.333, -0.013, -1.415, 1.374, 0.35
2017-04-20 10:11:07,246, 1492675867246436770, 0.422, 0.379, -0.253, -1.452, 1.508, 0.166
2017-04-20 10:11:07,249, 1492675867248417178, 0.42, 0.367, -0.176, -1.555, 1.555, 0.309
2017-04-20 10:11:07,250, 1492675867250427300, 0.423, 0.342, -0.07, -1.625, 1.552, 0.422
2017-04-20 10:11:07,252, 1492675867252417587, 0.423, 0.369, -0.25, -1.737, 1.7, 0.288
2017-04-20 10:11:07,254, 1492675867254461177, 0.406, 0.364, -0.303, -1.812, 1.648, 0.244
2017-04-20 10:11:07,256, 1492675867256391909, 0.364, 0.375, -0.192, -1.856, 1.647, 0.174
2017-04-20 10:11:07,258, 1492675867258441455, 0.389, 0.395, -0.173, -1.944, 1.766, 0.26
2017-04-20 10:11:07,260, 1492675867260445439, 0.404, 0.38, -0.293, -2.047, 1.74, 0.207
2017-04-20 10:11:07,262, 1492675867262439620, 0.438, 0.402, -0.099, -2.138, 1.858, 0.301
2017-04-20 10:11:07,264, 1492675867264433747, 0.42, 0.425, -0.075, -2.131, 1.812, 0.271
2017-04-20 10:11:07,270, 1492675867270595778, 0.409, 0.413, -0.058, -2.355, 1.984, 0.13
2017-04-20 10:11:07,273, 1492675867273518735, 0.468, 0.414, -0.096, -2.516, 2.121, 0.174
2017-04-20 10:11:07,275, 1492675867275425382, 0.445, 0.42, -0.146, -2.621, 2.166, 0.122
2017-04-20 10:11:07,277, 1492675867277222693, 0.435, 0.426, -0.07, -2.651, 2.194, 0.13
2017-04-20 10:11:07,278, 1492675867278434616, 0.414, 0.428, -0.131, -2.656, 2.223, 0.089
2017-04-20 10:11:07,280, 1492675867280407421, 0.403, 0.403, -0.22, -2.631, 2.255, 0.081
2017-04-20 10:11:07,282, 1492675867282431490, 0.402, 0.377, -0.211, -2.577, 2.277, 0.052
2017-04-20 10:11:07,285, 1492675867285046441, 0.391, 0.357, -0.134, -2.511, 2.327, 0.033
2017-04-20 10:11:07,286, 1492675867286434653, 0.374, 0.349, -0.201, -2.49, 2.355, 0.06
2017-04-20 10:11:07,289, 1492675867288691345, 0.353, 0.358, -0.239, -2.513, 2.352, 0.041
2017-04-20 10:11:07,290, 1492675867290428525, 0.291, 0.349, -0.207, -2.571, 2.334, 0.057
2017-04-20 10:11:07,292, 1492675867292415440, 0.295, 0.346, -0.222, -2.65, 2.344, 0.065
2017-04-20 10:11:07,294, 1492675867294434038, 0.304, 0.363, -0.245, -2.714, 2.38, 0.077
2017-04-20 10:11:07,296, 1492675867296402978, 0.311, 0.375, -0.254, -2.753, 2.345, 0.109
2017-04-20 10:11:07,301, 1492675867301516387, 0.321, 0.386, -0.272, -2.745, 2.3, 0.073
2017-04-20 10:11:07,303, 1492675867303433140, 0.331, 0.402, -0.26, -2.738, 2.275, 0.077
2017-04-20 10:11:07,309, 1492675867309436183, 0.315, 0.375, -0.248, -2.699, 2.151, 0.089
2017-04-20 10:11:07,311, 1492675867311424041, 0.303, 0.368, -0.263, -2.69, 2.113, 0.081
2017-04-20 10:11:07,313, 1492675867313577216, 0.286, 0.367, -0.237, -2.668, 2.085, 0.085
2017-04-20 10:11:07,315, 1492675867315384711, 0.29, 0.374, -0.224, -2.688, 2.075, 0.065
2017-04-20 10:11:07,317, 1492675867317360891, 0.289, 0.371, -0.205, -2.745, 2.103, 0.085
2017-04-20 10:11:07,319, 1492675867319271005, 0.298, 0.371, -0.171, -2.818, 2.115, 0.077
2017-04-20 10:11:07,321, 1492675867321285481, 0.28, 0.374, -0.172, -2.879, 2.124, 0.065
2017-04-20 10:11:07,323, 1492675867323256192, 0.267, 0.374, -0.18, -2.921, 2.114, 0.052
2017-04-20 10:11:07,325, 1492675867325312015, 0.251, 0.37, -0.17, -2.947, 2.085, 0.052
2017-04-20 10:11:07,327, 1492675867327273859, 0.236, 0.386, -0.182, -2.968, 2.057, 0.065
2017-04-20 10:11:07,329, 1492675867329334500, 0.237, 0.378, -0.17, -2.98, 2.035, 0.089
2017-04-20 10:11:07,331, 1492675867331385110, 0.253, 0.389, -0.157, -2.955, 2.014, 0.098
2017-04-20 10:11:07,333, 1492675867333287756, 0.257, 0.392, -0.158, -2.912, 2.003, 0.122
2017-04-20 10:11:07,335, 1492675867335292716, 0.264, 0.391, -0.163, -2.866, 1.984, 0.11
2017-04-20 10:11:07,341, 1492675867337500490, 0.243, 0.376, -0.15, -2.821, 1.954, 0.101
2017-04-20 10:11:07,341, 1492675867339296755, 0.243, 0.359, -0.134, -2.803, 1.924, 0.093
2017-04-20 10:11:07,341, 1492675867341333251, 0.236, 0.352, -0.146, -2.787, 1.901, 0.097
2017-04-20 10:11:07,343, 1492675867343304026, 0.229, 0.361, -0.144, -2.785, 1.884, 0.085
2017-04-20 10:11:07,345, 1492675867345328045, 0.221, 0.351, -0.124, -2.78, 1.857, 0.105
2017-04-20 10:11:07,347, 1492675867347331862, 0.199, 0.325, -0.131, -2.756, 1.826, 0.101
2017-04-20 10:11:07,349, 1492675867349324007, 0.177, 0.32, -0.137, -2.71, 1.805, 0.089
2017-04-20 10:11:07,351, 1492675867351275948, 0.171, 0.325, -0.142, -2.633, 1.777, 0.093
2017-04-20 10:11:07,354, 1492675867353616430, 0.169, 0.304, -0.153, -2.536, 1.775, 0.098
2017-04-20 10:11:07,355, 1492675867355410574, 0.181, 0.298, -0.145, -2.417, 1.796, 0.114
2017-04-20 10:11:07,357, 1492675867357355551, 0.165, 0.293, -0.142, -2.313, 1.807, 0.093
2017-04-20 10:11:07,359, 1492675867359411649, 0.177, 0.266, -0.118, -2.194, 1.816, 0.114
2017-04-20 10:11:07,361, 1492675867361437853, 0.171, 0.264, -0.141, -2.095, 1.797, 0.109
2017-04-20 10:11:07,363, 1492675867363425474, 0.17, 0.247, -0.138, -2.004, 1.756, 0.109
2017-04-20 10:11:07,367, 1492675867367474462, 0.185, 0.228, -0.144, -1.942, 1.681, 0.133
2017-04-20 10:11:07,374, 1492675867373942287, 0.181, 0.244, -0.119, -1.937, 1.665, 0.122
2017-04-20 10:11:07,375, 1492675867375515434, 0.188, 0.228, -0.094, -1.867, 1.584, 0.106
2017-04-20 10:11:07,380, 1492675867380460645, 0.17, 0.228, -0.067, -1.742, 1.574, 0.114
2017-04-20 10:11:07,382, 1492675867382336009, 0.185, 0.247, -0.005, -1.736, 1.607, 0.114
2017-04-20 10:11:07,387, 1492675867387351249, 0.134, 0.222, -0.006, -1.779, 1.519, 0.15
2017-04-20 10:11:07,388, 1492675867388460465, 0.159, 0.234, 0.011, -1.808, 1.52, 0.142
2017-04-20 10:11:07,390, 1492675867390414608, 0.178, 0.236, -0.093, -1.871, 1.542, 0.11
2017-04-20 10:11:07,393, 1492675867393502469, 0.157, 0.216, -0.051, -1.901, 1.494, 0.097
2017-04-20 10:11:07,395, 1492675867395321911, 0.121, 0.214, 0.018, -1.862, 1.422, 0.134
2017-04-20 10:11:07,397, 1492675867397318585, 0.134, 0.2, -0.103, -1.802, 1.442, 0.142
2017-04-20 10:11:07,398, 1492675867398371535, 0.162, 0.215, -0.131, -1.695, 1.471, 0.133
2017-04-20 10:11:07,404, 1492675867400600440, 0.148, 0.193, -0.03, -1.583, 1.47, 0.13
2017-04-20 10:11:07,405, 1492675867403222181, 0.142, 0.157, -0.091, -1.451, 1.469, 0.126
2017-04-20 10:11:07,408, 1492675867408312165, 0.163, 0.158, -0.16, -1.331, 1.513, 0.106
2017-04-20 10:11:07,409, 1492675867409403836, 0.168, 0.127, -0.134, -1.257, 1.478, 0.13
2017-04-20 10:11:07,411, 1492675867411396355, 0.185, 0.15, -0.151, -1.29, 1.447, 0.182
2017-04-20 10:11:07,413, 1492675867413413063, 0.177, 0.176, -0.099, -1.351, 1.401, 0.179
2017-04-20 10:11:07,415, 1492675867415441911, 0.177, 0.179, -0.151, -1.399, 1.369, 0.154
2017-04-20 10:11:07,418, 1492675867418263857, 0.15, 0.183, -0.151, -1.411, 1.307, 0.187
2017-04-20 10:11:07,420, 1492675867420267734, 0.154, 0.188, -0.108, -1.407, 1.285, 0.22
2017-04-20 10:11:07,421, 1492675867421419308, 0.158, 0.192, -0.128, -1.394, 1.294, 0.198
2017-04-20 10:11:07,423, 1492675867423406081, 0.148, 0.196, -0.133, -1.371, 1.284, 0.166
2017-04-20 10:11:07,425, 1492675867425429395, 0.142, 0.201, -0.072, -1.357, 1.279, 0.207
2017-04-20 10:11:07,427, 1492675867427450512, 0.15, 0.217, -0.077, -1.35, 1.293, 0.19
2017-04-20 10:11:07,429, 1492675867429410270, 0.142, 0.205, -0.077, -1.37, 1.295, 0.187
2017-04-20 10:11:07,431, 1492675867431428465, 0.135, 0.21, -0.065, -1.406, 1.258, 0.207
2017-04-20 10:11:07,438, 1492675867437923083, 0.139, 0.192, -0.062, -1.44, 1.224, 0.211
2017-04-20 10:11:07,439, 1492675867439519182, 0.139, 0.18, -0.036, -1.494, 1.205, 0.191
2017-04-20 10:11:07,441, 1492675867441419399, 0.139, 0.165, -0.039, -1.468, 1.211, 0.199
2017-04-20 10:11:07,443, 1492675867443456242, 0.145, 0.16, -0.051, -1.431, 1.218, 0.179
2017-04-20 10:11:07,445, 1492675867445454328, 0.141, 0.174, -0.061, -1.392, 1.213, 0.171
2017-04-20 10:11:07,447, 1492675867447453429, 0.132, 0.155, -0.083, -1.363, 1.21, 0.187
2017-04-20 10:11:07,449, 1492675867449397370, 0.133, 0.157, -0.087, -1.337, 1.199, 0.203
2017-04-20 10:11:07,451, 1492675867451447703, 0.119, 0.16, -0.064, -1.329, 1.195, 0.223
2017-04-20 10:11:07,453, 1492675867453429781, 0.132, 0.181, -0.079, -1.318, 1.194, 0.223
2017-04-20 10:11:07,455, 1492675867455464674, 0.127, 0.173, -0.096, -1.301, 1.175, 0.239
2017-04-20 10:11:07,457, 1492675867457602365, 0.13, 0.181, -0.093, -1.275, 1.163, 0.212
2017-04-20 10:11:07,459, 1492675867459467726, 0.13, 0.164, -0.088, -1.22, 1.167, 0.22
2017-04-20 10:11:07,461, 1492675867461401074, 0.136, 0.179, -0.117, -1.172, 1.174, 0.207
2017-04-20 10:11:07,463, 1492675867463436764, 0.132, 0.165, -0.108, -1.112, 1.18, 0.203
2017-04-20 10:11:07,465, 1492675867465419378, 0.141, 0.154, -0.107, -1.069, 1.199, 0.182
2017-04-20 10:11:07,469, 1492675867467660610, 0.142, 0.155, -0.104, -1.032, 1.219, 0.195
2017-04-20 10:11:07,475, 1492675867475023199, 0.146, 0.135, -0.077, -1.017, 1.275, 0.162
2017-04-20 10:11:07,477, 1492675867477708153, 0.15, 0.142, -0.058, -1.037, 1.28, 0.179
2017-04-20 10:11:07,479, 1492675867479428613, 0.147, 0.138, -0.063, -1.037, 1.274, 0.174
2017-04-20 10:11:07,481, 1492675867481278121, 0.149, 0.138, -0.055, -1.037, 1.267, 0.171
2017-04-20 10:11:07,482, 1492675867482446711, 0.136, 0.147, -0.054, -1.023, 1.258, 0.166
2017-04-20 10:11:07,484, 1492675867484447296, 0.132, 0.148, -0.057, -1.015, 1.247, 0.179
2017-04-20 10:11:07,486, 1492675867486417626, 0.128, 0.153, -0.056, -0.999, 1.242, 0.195
2017-04-20 10:11:07,488, 1492675867488437453, 0.13, 0.153, -0.047, -1.002, 1.246, 0.203
2017-04-20 10:11:07,490, 1492675867490402096, 0.132, 0.14, -0.05, -1.013, 1.242, 0.223
2017-04-20 10:11:07,492, 1492675867492451465, 0.131, 0.147, -0.052, -1.021, 1.243, 0.195
2017-04-20 10:11:07,494, 1492675867494440063, 0.149, 0.146, -0.056, -1.027, 1.229, 0.207
2017-04-20 10:11:07,496, 1492675867496625173, 0.146, 0.148, -0.06, -1.028, 1.219, 0.215
2017-04-20 10:11:07,498, 1492675867498538748, 0.153, 0.137, -0.061, -1.03, 1.204, 0.207
2017-04-20 10:11:07,500, 1492675867500590624, 0.151, 0.134, -0.064, -1.028, 1.187, 0.211
2017-04-20 10:11:07,506, 1492675867506572606, 0.151, 0.124, -0.06, -0.98, 1.129, 0.182
2017-04-20 10:11:07,508, 1492675867508423640, 0.132, 0.114, -0.065, -0.968, 1.117, 0.182
2017-04-20 10:11:07,510, 1492675867510430357, 0.123, 0.129, -0.079, -0.957, 1.109, 0.191
2017-04-20 10:11:07,513, 1492675867513571755, 0.134, 0.137, -0.091, -0.954, 1.099, 0.191
2017-04-20 10:11:07,515, 1492675867515390939, 0.123, 0.143, -0.106, -0.987, 1.094, 0.198
2017-04-20 10:11:07,516, 1492675867516444995, 0.112, 0.148, -0.094, -0.999, 1.085, 0.195
2017-04-20 10:11:07,518, 1492675867518445650, 0.119, 0.153, -0.09, -1.01, 1.081, 0.199
2017-04-20 10:11:07,520, 1492675867520458274, 0.126, 0.165, -0.092, -1.036, 1.099, 0.203
2017-04-20 10:11:07,523, 1492675867522846710, 0.119, 0.152, -0.09, -1.067, 1.103, 0.187
2017-04-20 10:11:07,524, 1492675867524434126, 0.109, 0.157, -0.083, -1.093, 1.1, 0.182
2017-04-20 10:11:07,526, 1492675867526433784, 0.114, 0.155, -0.076, -1.111, 1.109, 0.191
2017-04-20 10:11:07,529, 1492675867529008432, 0.132, 0.156, -0.072, -1.139, 1.122, 0.179
2017-04-20 10:11:07,533, 1492675867533249874, 0.113, 0.155, -0.067, -1.183, 1.137, 0.195
2017-04-20 10:11:07,534, 1492675867534455497, 0.126, 0.167, -0.063, -1.191, 1.147, 0.203
2017-04-20 10:11:07,537, 1492675867537357985, 0.133, 0.159, -0.063, -1.205, 1.158, 0.182
2017-04-20 10:11:07,538, 1492675867538455858, 0.142, 0.171, -0.074, -1.218, 1.156, 0.195
2017-04-20 10:11:07,540, 1492675867540522933, 0.141, 0.18, -0.083, -1.228, 1.162, 0.19
2017-04-20 10:11:07,547, 1492675867547383238, 0.118, 0.161, -0.047, -1.279, 1.144, 0.174
2017-04-20 10:11:07,548, 1492675867548401830, 0.104, 0.148, -0.049, -1.27, 1.116, 0.166
2017-04-20 10:11:07,551, 1492675867551258264, 0.08, 0.131, -0.047, -1.244, 1.091, 0.174
2017-04-20 10:11:07,553, 1492675867553229187, 0.072, 0.137, -0.051, -1.201, 1.076, 0.166
2017-04-20 10:11:07,555, 1492675867555368835, 0.047, 0.107, -0.06, -1.138, 1.046, 0.158
2017-04-20 10:11:07,558, 1492675867558308620, 0.042, 0.077, -0.069, -1.054, 1.011, 0.158
2017-04-20 10:11:07,560, 1492675867560361805, 0.017, 0.056, -0.122, -0.877, 0.968, 0.211
2017-04-20 10:11:07,561, 1492675867561425428, 0.011, 0.049, -0.144, -0.761, 0.949, 0.264
2017-04-20 10:11:07,563, 1492675867563364919, 0.0, 0.05, -0.157, -0.708, 0.925, 0.244
2017-04-20 10:11:07,565, 1492675867565373589, 0.008, 0.029, -0.182, -0.625, 0.912, 0.215
2017-04-20 10:11:07,567, 1492675867567256425, -0.008, 0.03, -0.211, -0.553, 0.866, 0.195
2017-04-20 10:11:07,569, 1492675867569227769, -0.027, 0.018, -0.236, -0.466, 0.819, 0.268
2017-04-20 10:11:07,573, 1492675867573468142, -0.03, 0.008, -0.3, -0.258, 0.755, 0.243
2017-04-20 10:11:07,575, 1492675867575233737, -0.022, 0.006, -0.313, -0.224, 0.756, 0.247
2017-04-20 10:11:07,578, 1492675867577786139, -0.039, 0.01, -0.319, -0.139, 0.705, 0.304
2017-04-20 10:11:07,579, 1492675867579412064, -0.048, -0.001, -0.342, -0.051, 0.675, 0.304
2017-04-20 10:11:07,581, 1492675867581345505, -0.061, 0.004, -0.378, 0.001, 0.659, 0.26
2017-04-20 10:11:07,583, 1492675867583313057, -0.06, -0.014, -0.364, 0.045, 0.658, 0.288
2017-04-20 10:11:07,585, 1492675867585375603, -0.06, -0.023, -0.358, 0.061, 0.655, 0.296
2017-04-20 10:11:07,587, 1492675867587363867, -0.073, -0.024, -0.399, 0.059, 0.652, 0.296
2017-04-20 10:11:07,589, 1492675867589349811, -0.041, -0.013, -0.374, 0.042, 0.667, 0.3
2017-04-20 10:11:07,591, 1492675867591400549, -0.034, -0.003, -0.359, -0.023, 0.693, 0.293
2017-04-20 10:11:07,593, 1492675867593328128, -0.076, -0.033, -0.375, -0.051, 0.643, 0.293
2017-04-20 10:11:07,595, 1492675867595486438, -0.103, -0.027, -0.396, -0.051, 0.603, 0.28
2017-04-20 10:11:07,597, 1492675867597356920, -0.057, -0.019, -0.375, -0.047, 0.643, 0.293
2017-04-20 10:11:07,599, 1492675867599325903, -0.022, -0.015, -0.354, -0.037, 0.646, 0.268
2017-04-20 10:11:07,601, 1492675867601339105, -0.033, -0.01, -0.332, -0.036, 0.588, 0.271
2017-04-20 10:11:07,603, 1492675867603521289, 0.011, 0.003, -0.382, -0.061, 0.639, 0.26
2017-04-20 10:11:07,605, 1492675867605425579, -0.01, 0.014, -0.411, -0.09, 0.624, 0.243
2017-04-20 10:11:07,607, 1492675867607379689, -0.041, 0.016, -0.37, -0.105, 0.572, 0.333
2017-04-20 10:11:07,612, 1492675867609526112, 0.014, 0.032, -0.414, -0.209, 0.7, 0.312
2017-04-20 10:11:07,613, 1492675867611391163, 0.021, 0.011, -0.45, -0.256, 0.693, 0.337
2017-04-20 10:11:07,613, 1492675867613443637, 0.031, 0.027, -0.46, -0.274, 0.738, 0.244
2017-04-20 10:11:07,615, 1492675867615319161, -0.005, 0.035, -0.496, -0.219, 0.68, 0.296
2017-04-20 10:11:07,617, 1492675867617312767, -0.038, 0.035, -0.554, -0.204, 0.656, 0.312
2017-04-20 10:11:07,619, 1492675867619316578, -0.061, 0.005, -0.582, -0.142, 0.592, 0.272
2017-04-20 10:11:07,621, 1492675867621419675, -0.066, 0.005, -0.561, -0.045, 0.547, 0.187
2017-04-20 10:11:07,623, 1492675867623275987, -0.058, 0.012, -0.627, 0.045, 0.493, 0.236
2017-04-20 10:11:07,625, 1492675867625355479, -0.056, 0.018, -0.628, 0.148, 0.421, 0.385
2017-04-20 10:11:07,627, 1492675867627345427, 0.023, 0.065, -0.622, 0.214, 0.482, 0.288
2017-04-20 10:11:07,629, 1492675867629488871, 0.092, 0.115, -0.607, 0.197, 0.573, 0.243
2017-04-20 10:11:07,631, 1492675867631321064, 0.134, 0.117, -0.618, 0.063, 0.639, 0.26
2017-04-20 10:11:07,633, 1492675867633347682, 0.129, 0.121, -0.665, -0.021, 0.607, 0.381
2017-04-20 10:11:07,635, 1492675867635432365, 0.162, 0.146, -0.642, -0.229, 0.741, 0.393
2017-04-20 10:11:07,638, 1492675867638528506, 0.182, 0.191, -0.643, -0.384, 0.769, 0.349
2017-04-20 10:11:07,641, 1492675867640377400, 0.244, 0.232, -0.57, -0.649, 0.896, 0.422
2017-04-20 10:11:07,644, 1492675867644416676, 0.235, 0.232, -0.552, -0.788, 0.865, 0.491
2017-04-20 10:11:07,650, 1492675867650482246, 0.337, 0.326, -0.337, -1.046, 1.085, 0.431
2017-04-20 10:11:07,652, 1492675867652472480, 0.366, 0.338, -0.272, -1.731, 1.364, 0.739
2017-04-20 10:11:07,654, 1492675867654367842, 0.289, 0.367, -0.272, -2.097, 1.278, 1.007
2017-04-20 10:11:07,656, 1492675867656425577, 0.226, 0.288, -0.519, -2.439, 1.382, 1.023
2017-04-20 10:11:07,658, 1492675867658380703, 0.228, 0.333, -0.325, -2.648, 1.487, 1.267
2017-04-20 10:11:07,660, 1492675867660425060, 0.354, 0.438, -0.282, -2.755, 1.743, 1.441
2017-04-20 10:11:07,665, 1492675867665446839, 0.613, 0.528, -0.25, -2.376, 1.956, 0.69
2017-04-20 10:11:07,667, 1492675867667296068, 0.592, 0.489, -0.352, -2.304, 1.894, 0.918
2017-04-20 10:11:07,669, 1492675867669340295, 0.534, 0.486, -0.784, -2.325, 1.739, 1.133
2017-04-20 10:11:07,671, 1492675867671308045, 0.486, 0.531, -0.716, -2.409, 1.707, 0.913
2017-04-20 10:11:07,677, 1492675867676329215, 0.52, 0.534, -0.521, -2.488, 1.778, 0.759
2017-04-20 10:11:07,684, 1492675867684390367, 0.592, 0.637, -1.315, -2.485, 1.892, 1.327
2017-04-20 10:11:07,686, 1492675867686222943, 0.68, 0.68, -1.78, -2.298, 1.994, 1.056
2017-04-20 10:11:07,688, 1492675867688264142, 0.571, 0.591, -1.906, -1.942, 1.762, 0.556
2017-04-20 10:11:07,690, 1492675867690411899, 0.373, 0.461, -1.952, -1.664, 1.41, 0.418
2017-04-20 10:11:07,691, 1492675867691435564, 0.32, 0.46, -1.971, -1.609, 1.239, 0.593
2017-04-20 10:11:07,693, 1492675867693401747, 0.31, 0.454, -1.989, -1.523, 1.276, 0.845
2017-04-20 10:11:07,696, 1492675867696282958, 0.48, 0.428, -1.97, -1.537, 1.755, 1.149
2017-04-20 10:11:07,698, 1492675867698254844, 0.699, 0.424, -1.97, -1.727, 2.211, 1.019
2017-04-20 10:11:07,700, 1492675867700294480, 0.766, 0.426, -1.944, -1.76, 2.179, 0.454
2017-04-20 10:11:07,702, 1492675867702377105, 0.657, 0.451, -1.995, -1.868, 2.015, 0.821
2017-04-20 10:11:07,704, 1492675867704303492, 0.519, 0.425, -1.997, -1.921, 1.943, 1.035
2017-04-20 10:11:07,706, 1492675867706391617, 0.333, 0.408, -2.035, -1.972, 1.746, 0.791
2017-04-20 10:11:07,714, 1492675867713304614, 0.467, 0.374, -2.034, -1.935, 2.065, 0.418
2017-04-20 10:11:07,716, 1492675867716426917, 0.344, 0.353, -2.064, -2.172, 2.153, 0.649
2017-04-20 10:11:07,718, 1492675867718269573, 0.264, 0.41, -2.089, -2.266, 2.101, 0.783
2017-04-20 10:11:07,719, 1492675867719452123, 0.234, 0.454, -2.087, -2.411, 2.059, 0.902
2017-04-20 10:11:07,721, 1492675867721447419, 0.311, 0.471, -2.096, -2.464, 2.161, 0.829
2017-04-20 10:11:07,723, 1492675867723385379, 0.441, 0.424, -2.105, -2.374, 2.411, 0.755
2017-04-20 10:11:07,725, 1492675867725341477, 0.458, 0.335, -2.102, -2.285, 2.447, 0.905
2017-04-20 10:11:07,727, 1492675867727314500, 0.368, 0.299, -2.142, -2.291, 2.279, 0.975
2017-04-20 10:11:07,729, 1492675867729355093, 0.295, 0.311, -2.169, -2.321, 2.14, 0.815
2017-04-20 10:11:07,732, 1492675867732346642, 0.262, 0.388, -2.151, -2.467, 2.059, 0.735
2017-04-20 10:11:07,735, 1492675867735461646, 0.331, 0.414, -2.164, -2.515, 2.125, 0.686
2017-04-20 10:11:07,737, 1492675867737265565, 0.343, 0.356, -2.17, -2.415, 2.109, 0.605
2017-04-20 10:11:07,738, 1492675867738427344, 0.345, 0.292, -2.177, -2.303, 2.19, 0.597
2017-04-20 10:11:07,739, 1492675867739556834, 0.339, 0.255, -2.206, -2.233, 2.238, 0.633
2017-04-20 10:11:07,744, 1492675867744455690, 0.347, 0.107, -2.926, -3.002, 2.361, 0.601
2017-04-20 10:11:07,751, 1492675867746461828, 0.229, 0.593, -2.466, -2.82, 2.007, 0.512
2017-04-20 10:11:07,751, 1492675867748415920, 0.268, 0.5, -2.521, -2.827, 2.066, 0.512
2017-04-20 10:11:07,751, 1492675867750600264, 0.299, 0.353, -2.745, -2.807, 1.989, 0.628
2017-04-20 10:11:07,752, 1492675867752431811, 0.265, 0.301, -2.994, -2.347, 1.961, 0.515
2017-04-20 10:11:07,754, 1492675867754398005, 0.273, 0.376, -2.805, -2.296, 1.904, 0.658
2017-04-20 10:11:07,756, 1492675867756376796, 0.225, 0.47, -2.842, -2.407, 1.79, 0.678
2017-04-20 10:11:07,758, 1492675867758312729, 0.238, 0.45, -3.065, -2.332, 1.825, 0.596
2017-04-20 10:11:07,760, 1492675867760357022, 0.266, 0.41, -2.997, -2.418, 1.789, 0.758
2017-04-20 10:11:07,762, 1492675867762332912, 0.247, 0.313, -3.053, -2.608, 1.776, 0.698
2017-04-20 10:11:07,764, 1492675867764343367, 0.285, 0.316, -3.209, -2.639, 1.899, 0.625
2017-04-20 10:11:07,769, 1492675867769415810, 0.344, 0.365, -3.115, -2.715, 2.125, 0.569
2017-04-20 10:11:07,770, 1492675867770439935, 0.344, 0.374, -3.061, -2.684, 2.112, 0.601
2017-04-20 10:11:07,773, 1492675867773268256, 0.358, 0.372, -3.045, -2.616, 2.104, 0.678
2017-04-20 10:11:07,775, 1492675867775273691, 0.38, 0.358, -3.161, -2.568, 2.169, 0.691
2017-04-20 10:11:07,777, 1492675867777270405, 0.303, 0.362, -3.054, -2.504, 2.047, 0.669
2017-04-20 10:11:07,779, 1492675867779268527, 0.258, 0.362, -3.01, -2.42, 1.975, 0.731
2017-04-20 10:11:07,783, 1492675867783413431, 0.31, 0.365, -2.994, -2.309, 2.127, 0.788
2017-04-20 10:11:07,785, 1492675867785218905, 0.332, 0.322, -2.977, -2.264, 2.153, 0.759
2017-04-20 10:11:07,787, 1492675867787262314, 0.316, 0.269, -2.97, -2.277, 2.101, 0.788
2017-04-20 10:11:07,789, 1492675867789279654, 0.308, 0.253, -3.011, -2.359, 2.057, 0.747
2017-04-20 10:11:07,791, 1492675867791246074, 0.269, 0.274, -3.03, -2.363, 1.954, 0.686
2017-04-20 10:11:07,793, 1492675867793290562, 0.248, 0.28, -3.088, -2.294, 1.876, 0.633
2017-04-20 10:11:07,795, 1492675867795461449, 0.242, 0.258, -3.131, -2.189, 1.829, 0.633
2017-04-20 10:11:07,797, 1492675867797278748, 0.258, 0.232, -3.135, -2.077, 1.774, 0.617
2017-04-20 10:11:07,799, 1492675867799249993, 0.268, 0.193, -3.153, -1.911, 1.764, 0.605
2017-04-20 10:11:07,801, 1492675867801301388, 0.276, 0.218, -3.157, -1.77, 1.739, 0.637
2017-04-20 10:11:07,803, 1492675867803284745, 0.258, 0.259, -3.175, -1.634, 1.688, 0.661
2017-04-20 10:11:07,805, 1492675867805292770, 0.231, 0.285, -3.21, -1.526, 1.647, 0.658
2017-04-20 10:11:07,809, 1492675867809400691, 0.236, 0.26, -3.19, -1.433, 1.578, 0.669
2017-04-20 10:11:07,811, 1492675867811555529, 0.243, 0.263, -3.176, -1.423, 1.563, 0.645
2017-04-20 10:11:07,813, 1492675867813400697, 0.224, 0.269, -3.132, -1.453, 1.526, 0.625
2017-04-20 10:11:07,815, 1492675867815409446, 0.217, 0.287, -3.078, -1.568, 1.488, 0.633
2017-04-20 10:11:07,817, 1492675867817456385, 0.218, 0.28, -2.977, -1.672, 1.468, 0.605
2017-04-20 10:11:07,819, 1492675867819460986, 0.232, 0.267, -2.936, -1.814, 1.472, 0.597
2017-04-20 10:11:07,821, 1492675867821530387, 0.217, 0.255, -2.909, -1.936, 1.477, 0.597
2017-04-20 10:11:07,823, 1492675867823382291, 0.224, 0.266, -2.906, -2.08, 1.462, 0.584
2017-04-20 10:11:07,825, 1492675867825409822, 0.202, 0.28, -2.894, -2.22, 1.476, 0.569
2017-04-20 10:11:07,827, 1492675867827451801, 0.185, 0.294, -2.867, -2.319, 1.466, 0.604
2017-04-20 10:11:07,829, 1492675867829416095, 0.216, 0.361, -2.78, -2.458, 1.554, 0.625
2017-04-20 10:11:07,833, 1492675867833462002, 0.192, 0.344, -2.701, -2.571, 1.559, 0.661
2017-04-20 10:11:07,835, 1492675867835410056, 0.185, 0.357, -2.675, -2.569, 1.535, 0.685
2017-04-20 10:11:07,836, 1492675867836421292, 0.208, 0.385, -2.684, -2.65, 1.556, 0.674
2017-04-20 10:11:07,838, 1492675867837988160, 0.221, 0.396, -2.697, -2.708, 1.575, 0.645
2017-04-20 10:11:07,839, 1492675867839468353, 0.226, 0.406, -2.659, -2.738, 1.557, 0.645
2017-04-20 10:11:07,841, 1492675867841393584, 0.208, 0.396, -2.641, -2.694, 1.499, 0.642
2017-04-20 10:11:07,843, 1492675867843408672, 0.186, 0.381, -2.646, -2.69, 1.449, 0.666
2017-04-20 10:11:07,846, 1492675867846425905, 0.232, 0.358, -2.64, -2.703, 1.498, 0.617
2017-04-20 10:11:07,848, 1492675867848490191, 0.233, 0.336, -2.633, -2.662, 1.523, 0.613
2017-04-20 10:11:07,853, 1492675867851091881, 0.223, 0.34, -2.617, -2.606, 1.482, 0.645
2017-04-20 10:11:07,853, 1492675867853536292, 0.22, 0.338, -2.639, -2.583, 1.471, 0.621
2017-04-20 10:11:07,855, 1492675867855373052, 0.218, 0.33, -2.673, -2.557, 1.459, 0.645
2017-04-20 10:11:07,856, 1492675867856422828, 0.198, 0.329, -2.676, -2.488, 1.425, 0.669
2017-04-20 10:11:07,857, 1492675867857411417, 0.183, 0.332, -2.695, -2.406, 1.412, 0.666
2017-04-20 10:11:07,859, 1492675867859430938, 0.192, 0.331, -2.68, -2.322, 1.401, 0.658
2017-04-20 10:11:07,861, 1492675867861404505, 0.203, 0.344, -2.65, -2.167, 1.411, 0.674
2017-04-20 10:11:07,863, 1492675867863400349, 0.193, 0.347, -2.646, -2.0, 1.415, 0.653
2017-04-20 10:11:07,865, 1492675867865410309, 0.197, 0.329, -2.639, -1.873, 1.39, 0.645
2017-04-20 10:11:07,867, 1492675867867465371, 0.188, 0.314, -2.616, -1.785, 1.369, 0.674
2017-04-20 10:11:07,870, 1492675867870522736, 0.204, 0.299, -2.624, -1.73, 1.369, 0.65
2017-04-20 10:11:07,872, 1492675867872453574, 0.199, 0.301, -2.619, -1.698, 1.344, 0.658
2017-04-20 10:11:07,874, 1492675867874333823, 0.186, 0.257, -2.619, -1.683, 1.32, 0.674
2017-04-20 10:11:07,875, 1492675867875443396, 0.201, 0.245, -2.608, -1.675, 1.321, 0.686
2017-04-20 10:11:07,877, 1492675867877404500, 0.194, 0.227, -2.586, -1.678, 1.336, 0.674
2017-04-20 10:11:07,879, 1492675867879479040, 0.208, 0.216, -2.569, -1.698, 1.359, 0.694
2017-04-20 10:11:07,885, 1492675867884315765, 0.204, 0.219, -2.564, -1.698, 1.364, 0.699
2017-04-20 10:11:07,889, 1492675867889440921, 0.2, 0.254, -2.533, -1.711, 1.453, 0.69
2017-04-20 10:11:07,891, 1492675867891219779, 0.194, 0.241, -2.52, -1.726, 1.48, 0.682
2017-04-20 10:11:07,893, 1492675867893337660, 0.208, 0.258, -2.479, -1.778, 1.526, 0.682
2017-04-20 10:11:07,895, 1492675867895315198, 0.222, 0.261, -2.458, -1.807, 1.569, 0.68