2017-04-20 10:09:07,973, 1492675747972222219, 0.022, -0.009, -0.02, 0.087, 0.104, -0.008
2017-04-20 10:09:07,974, 1492675747974265248, 0.009, -0.015, -0.011, 0.089, 0.081, 0.0
2017-04-20 10:09:07,976, 1492675747976228679, 0.003, -0.004, -0.009, 0.087, 0.057, -0.005
2017-04-20 10:09:07,981, 1492675747981076307, 0.0, -0.002, -0.009, 0.053, 0.007, -0.008
2017-04-20 10:09:07,982, 1492675747982231736, -0.001, -0.003, -0.006, 0.041, -0.015, 0.008
2017-04-20 10:09:07,984, 1492675747984256585, -0.014, 0.01, 0.003, 0.03, -0.037, 0.003
2017-04-20 10:09:07,986, 1492675747986246695, -0.02, 0.003, -0.006, 0.017, -0.065, -0.013
2017-04-20 10:09:07,988, 1492675747988369020, -0.017, 0.008, -0.006, 0.005, -0.084, -0.008
2017-04-20 10:09:07,990, 1492675747990208069, -0.034, 0.016, -0.005, -0.013, -0.099, -0.008
2017-04-20 10:09:07,993, 1492675747993764519, -0.031, 0.021, 0.004, -0.03, -0.114, -0.013
2017-04-20 10:09:07,998, 1492675747998057949, -0.019, 0.021, 0.009, -0.085, -0.144, 0.008
2017-04-20 10:09:07,999, 1492675747999224498, -0.026, 0.023, 0.005, -0.107, -0.15, -0.016
2017-04-20 10:09:08,001, 1492675748001224246, -0.013, 0.037, -0.014, -0.135, -0.152, -0.024
2017-04-20 10:09:08,003, 1492675748003240186, -0.023, 0.037, -0.007, -0.16, -0.156, -0.016
2017-04-20 10:09:08,006, 1492675748006586714, -0.021, 0.036, 0.011, -0.187, -0.148, -0.013
2017-04-20 10:09:08,008, 1492675748008260459, -0.018, 0.032, 0.008, -0.204, -0.14, -0.021
2017-04-20 10:09:08,012, 1492675748010084885, -0.025, 0.044, 0.014, -0.207, -0.136, 0.0
2017-04-20 10:09:08,013, 1492675748011251305, -0.022, 0.033, 0.016, -0.214, -0.13, -0.008
2017-04-20 10:09:08,013, 1492675748013236847, -0.023, 0.033, 0.001, -0.211, -0.119, -0.008
2017-04-20 10:09:08,019, 1492675748019232983, -0.019, 0.031, 0.011, -0.188, -0.101, -0.013
2017-04-20 10:09:08,021, 1492675748021212947, -0.023, 0.031, -0.006, -0.12, -0.082, -0.021
2017-04-20 10:09:08,023, 1492675748023229776, -0.01, 0.024, -0.005, -0.084, -0.071, 0.003
2017-04-20 10:09:08,025, 1492675748025262122, -0.012, 0.019, -0.006, -0.039, -0.06, 0.003
2017-04-20 10:09:08,027, 1492675748027257945, -0.011, 0.007, -0.015, -0.003, -0.05, -0.005
2017-04-20 10:09:08,029, 1492675748029208895, -0.011, 0.008, -0.013, 0.039, -0.039, -0.005
2017-04-20 10:09:08,031, 1492675748031256850, -0.001, -0.01, -0.017, 0.077, -0.026, 0.0
2017-04-20 10:09:08,033, 1492675748033227438, -0.005, -0.01, -0.023, 0.11, -0.01, 0.008
2017-04-20 10:09:08,035, 1492675748035223087, 0.008, 0.002, -0.032, 0.13, 0.002, -0.005
2017-04-20 10:09:08,037, 1492675748037596834, -0.001, -0.006, -0.019, 0.133, 0.02, 0.012
2017-04-20 10:09:08,039, 1492675748039226476, 0.006, -0.012, -0.026, 0.13, 0.047, 0.008
2017-04-20 10:09:08,041, 1492675748041652592, 0.008, -0.001, -0.017, 0.118, 0.064, -0.005
2017-04-20 10:09:08,043, 1492675748043291735, 0.014, -0.015, -0.009, 0.089, 0.083, 0.008
2017-04-20 10:09:08,045, 1492675748045246063, 0.015, -0.01, -0.005, 0.059, 0.098, 0.016
2017-04-20 10:09:08,051, 1492675748050764217, 0.007, 0.004, -0.001, 0.019, 0.128, 0.016
2017-04-20 10:09:08,052, 1492675748052214863, 0.028, 0.017, -0.003, -0.074, 0.164, 0.012
2017-04-20 10:09:08,054, 1492675748054247931, 0.028, 0.028, -0.006, -0.111, 0.172, 0.012
2017-04-20 10:09:08,056, 1492675748056218883, 0.027, 0.028, -0.018, -0.141, 0.188, 0.0
2017-04-20 10:09:08,058, 1492675748058223259, 0.031, 0.038, -0.043, -0.175, 0.211, -0.008
2017-04-20 10:09:08,060, 1492675748060201487, 0.044, 0.047, -0.057, -0.208, 0.217, 0.0
2017-04-20 10:09:08,062, 1492675748062455032, 0.049, 0.05, -0.079, -0.242, 0.233, 0.012
2017-04-20 10:09:08,070, 1492675748070101141, 0.037, 0.062, -0.117, -0.341, 0.254, 0.003
2017-04-20 10:09:08,071, 1492675748071256582, 0.035, 0.053, -0.124, -0.344, 0.256, -0.013
2017-04-20 10:09:08,082, 1492675748078094317, 0.037, 0.056, -0.15, -0.316, 0.236, -0.005
2017-04-20 10:09:08,082, 1492675748079248157, 0.027, 0.061, -0.149, -0.292, 0.218, 0.008
2017-04-20 10:09:08,085, 1492675748085004130, 0.05, 0.064, -0.142, -0.269, 0.206, 0.012
2017-04-20 10:09:08,086, 1492675748086255732, 0.04, 0.033, -0.142, -0.215, 0.15, -0.005
2017-04-20 10:09:08,088, 1492675748088196542, 0.025, 0.042, -0.145, -0.187, 0.12, 0.0
2017-04-20 10:09:08,090, 1492675748090265289, 0.024, 0.022, -0.145, -0.142, 0.081, 0.008
2017-04-20 10:09:08,092, 1492675748092217171, 0.007, 0.036, -0.152, -0.083, 0.033, 0.012
2017-04-20 10:09:08,094, 1492675748094251773, 0.01, 0.019, -0.147, -0.029, -0.006, -0.005
2017-04-20 10:09:08,097, 1492675748097121508, 0.009, 0.027, -0.132, 0.042, -0.049, 0.012
2017-04-20 10:09:08,098, 1492675748098243598, 0.019, 0.017, -0.118, 0.077, -0.062, 0.003
2017-04-20 10:09:08,100, 1492675748100230077, 0.013, 0.013, -0.133, 0.112, -0.109, -0.005
2017-04-20 10:09:08,102, 1492675748102255233, -0.003, 0.004, -0.134, 0.136, -0.16, 0.008
2017-04-20 10:09:08,104, 1492675748104403089, -0.004, -0.011, -0.122, 0.152, -0.21, 0.02
2017-04-20 10:09:08,106, 1492675748106237666, 0.005, 0.009, -0.128, 0.152, -0.212, 0.008
2017-04-20 10:09:08,108, 1492675748108222741, -0.002, -0.003, -0.128, 0.137, -0.219, -0.029
2017-04-20 10:09:08,111, 1492675748111137612, -0.004, 0.01, -0.09, 0.094, -0.232, -0.005
2017-04-20 10:09:08,112, 1492675748112261745, -0.006, -0.013, -0.12, 0.055, -0.229, -0.013
2017-04-20 10:09:08,118, 1492675748118194662, -0.015, 0.03, -0.121, -0.009, -0.209, -0.021
2017-04-20 10:09:08,120, 1492675748120324687, 0.0, 0.027, -0.151, -0.05, -0.161, -0.013
2017-04-20 10:09:08,122, 1492675748122596094, 0.015, 0.037, -0.16, -0.094, -0.123, -0.029
2017-04-20 10:09:08,124, 1492675748124208727, 0.008, 0.048, -0.133, -0.14, -0.097, 0.016
2017-04-20 10:09:08,126, 1492675748126184854, 0.009, 0.046, -0.155, -0.172, -0.059, 0.016
2017-04-20 10:09:08,128, 1492675748128221448, 0.015, 0.057, -0.164, -0.236, 0.002, 0.016
2017-04-20 10:09:08,130, 1492675748130120769, 0.026, 0.053, -0.142, -0.297, 0.05, -0.013
2017-04-20 10:09:08,132, 1492675748132112117, 0.049, 0.06, -0.165, -0.355, 0.121, -0.008
2017-04-20 10:09:08,134, 1492675748134162214, 0.044, 0.071, -0.172, -0.414, 0.201, -0.029
2017-04-20 10:09:08,136, 1492675748136133201, 0.039, 0.075, -0.164, -0.45, 0.235, -0.024
2017-04-20 10:09:08,138, 1492675748138235205, 0.053, 0.086, -0.168, -0.48, 0.305, -0.008
2017-04-20 10:09:08,140, 1492675748140174141, 0.047, 0.076, -0.171, -0.476, 0.335, 0.012
2017-04-20 10:09:08,142, 1492675748142203108, 0.058, 0.073, -0.154, -0.466, 0.398, 0.02
2017-04-20 10:09:08,144, 1492675748144227807, 0.062, 0.074, -0.154, -0.406, 0.449, 0.02
2017-04-20 10:09:08,146, 1492675748146286698, 0.067, 0.069, -0.162, -0.324, 0.469, 0.02
2017-04-20 10:09:08,148, 1492675748148124277, 0.081, 0.058, -0.157, -0.264, 0.509, 0.0
2017-04-20 10:09:08,150, 1492675748150299250, 0.081, 0.062, -0.183, -0.168, 0.493, 0.003
2017-04-20 10:09:08,152, 1492675748152103281, 0.063, 0.04, -0.179, -0.111, 0.48, 0.02
2017-04-20 10:09:08,154, 1492675748154230396, 0.077, 0.033, -0.172, -0.042, 0.498, 0.036
2017-04-20 10:09:08,156, 1492675748156328613, 0.088, 0.012, -0.154, -0.003, 0.479, 0.036
2017-04-20 10:09:08,158, 1492675748158353135, 0.088, 0.02, -0.162, 0.031, 0.469, 0.016
2017-04-20 10:09:08,160, 1492675748160131683, 0.088, 0.017, -0.193, 0.09, 0.414, 0.02
2017-04-20 10:09:08,162, 1492675748162153456, 0.077, 0.01, -0.171, 0.106, 0.408, 0.008
2017-04-20 10:09:08,164, 1492675748164209269, 0.061, -0.011, -0.177, 0.151, 0.314, 0.0
2017-04-20 10:09:08,166, 1492675748166140049, 0.059, -0.003, -0.145, 0.178, 0.275, 0.033
2017-04-20 10:09:08,168, 1492675748168117207, 0.078, -0.006, -0.15, 0.201, 0.266, 0.033
2017-04-20 10:09:08,170, 1492675748170117658, 0.072, -0.005, -0.172, 0.202, 0.227, 0.028
2017-04-20 10:09:08,172, 1492675748172122194, 0.089, 0.022, -0.141, 0.147, 0.219, 0.012
2017-04-20 10:09:08,177, 1492675748177501331, 0.009, 0.02, -0.171, -0.065, 0.109, 0.003
2017-04-20 10:09:08,179, 1492675748179224288, 0.05, 0.043, -0.146, -0.163, 0.179, -0.008
2017-04-20 10:09:08,184, 1492675748184565157, 0.053, 0.049, -0.161, -0.255, 0.186, -0.029
2017-04-20 10:09:08,186, 1492675748186211303, 0.016, 0.048, -0.167, -0.394, 0.133, 0.003
2017-04-20 10:09:08,188, 1492675748188220278, 0.002, 0.08, -0.177, -0.389, 0.101, -0.016
2017-04-20 10:09:08,190, 1492675748190302652, 0.017, 0.085, -0.138, -0.367, 0.107, -0.024
2017-04-20 10:09:08,192, 1492675748192268735, 0.014, 0.059, -0.186, -0.329, 0.05, -0.008
2017-04-20 10:09:08,194, 1492675748194213700, 0.013, 0.068, -0.174, -0.307, 0.028, 0.008
2017-04-20 10:09:08,196, 1492675748196250369, 0.004, 0.062, -0.141, -0.263, -0.006, -0.021
2017-04-20 10:09:08,198, 1492675748198270891, 0.002, 0.053, -0.195, -0.19, -0.085, 0.008
2017-04-20 10:09:08,206, 1492675748206055705, 0.045, 0.041, -0.167, -0.043, -0.142, -0.024
2017-04-20 10:09:08,208, 1492675748208030064, 0.05, 0.035, -0.183, -0.051, -0.132, -0.029
2017-04-20 10:09:08,209, 1492675748209249346, 0.022, 0.046, -0.127, -0.079, -0.178, -0.013
2017-04-20 10:09:08,211, 1492675748211181758, -0.009, 0.039, -0.117, -0.126, -0.117, -0.005
2017-04-20 10:09:08,213, 1492675748213259521, -0.005, 0.036, -0.251, -0.136, -0.107, -0.069
2017-04-20 10:09:08,215, 1492675748215202424, 0.022, 0.051, -0.123, -0.212, -0.003, 0.012
2017-04-20 10:09:08,218, 1492675748218143390, 0.033, 0.046, -0.071, -0.234, 0.04, -0.005
2017-04-20 10:09:08,219, 1492675748219215730, 0.017, 0.039, -0.2, -0.222, 0.098, -0.008
2017-04-20 10:09:08,221, 1492675748221352677, 0.019, 0.043, -0.159, -0.237, 0.142, -0.013
2017-04-20 10:09:08,223, 1492675748223217283, -0.001, 0.048, -0.071, -0.198, 0.143, 0.024
2017-04-20 10:09:08,225, 1492675748225227605, 0.023, 0.05, -0.147, -0.185, 0.226, -0.008
2017-04-20 10:09:08,227, 1492675748227216549, 0.01, 0.018, -0.144, -0.169, 0.213, -0.037
2017-04-20 10:09:08,229, 1492675748229269195, -0.006, 0.012, -0.036, -0.112, 0.125, 0.052
2017-04-20 10:09:08,238, 1492675748238074796, 0.053, 0.001, -0.037, -0.097, 0.25, 0.036
2017-04-20 10:09:08,239, 1492675748239258184, 0.005, 0.0, -0.121, -0.062, 0.226, -0.037
2017-04-20 10:09:08,241, 1492675748241175484, 0.021, -0.009, -0.058, 0.023, 0.198, -0.045
2017-04-20 10:09:08,243, 1492675748243216546, 0.035, 0.013, -0.035, 0.088, 0.242, -0.008
2017-04-20 10:09:08,248, 1492675748248696569, 0.046, -0.02, -0.073, 0.152, 0.203, 0.033
2017-04-20 10:09:08,250, 1492675748250247761, 0.003, -0.023, -0.045, 0.328, 0.109, 0.057
2017-04-20 10:09:08,252, 1492675748252583457, -0.036, -0.02, -0.077, 0.404, -0.041, 0.016
2017-04-20 10:09:08,254, 1492675748254238773, -0.04, -0.033, -0.098, 0.449, -0.115, 0.02
2017-04-20 10:09:08,256, 1492675748256314053, 0.024, -0.016, -0.012, 0.374, -0.074, 0.0
2017-04-20 10:09:08,258, 1492675748258250186, 0.035, -0.02, 0.002, 0.274, -0.132, 0.041
2017-04-20 10:09:08,260, 1492675748260210569, 0.018, -0.014, -0.052, 0.153, -0.165, -0.033
2017-04-20 10:09:08,262, 1492675748262225295, 0.001, 0.004, -0.045, 0.026, -0.213, -0.016
2017-04-20 10:09:08,264, 1492675748264222335, -0.072, -0.002, -0.043, -0.089, -0.288, -0.065
2017-04-20 10:09:08,266, 1492675748266263033, -0.061, 0.013, -0.055, -0.199, -0.262, -0.078
2017-04-20 10:09:08,268, 1492675748268195567, -0.057, 0.021, -0.059, -0.221, -0.287, -0.045
2017-04-20 10:09:08,270, 1492675748270233327, -0.044, 0.024, -0.022, -0.222, -0.278, -0.021
2017-04-20 10:09:08,272, 1492675748272187585, -0.067, 0.035, -0.016, -0.156, -0.332, -0.021
2017-04-20 10:09:08,274, 1492675748274233878, -0.112, 0.012, -0.023, -0.047, -0.414, 0.003
2017-04-20 10:09:08,276, 1492675748276196468, -0.123, 0.024, -0.077, 0.048, -0.504, 0.003
2017-04-20 10:09:08,278, 1492675748278246989, -0.113, 0.025, -0.031, 0.094, -0.551, 0.036
2017-04-20 10:09:08,280, 1492675748280180989, -0.053, 0.014, 0.009, 0.092, -0.479, -0.049
2017-04-20 10:09:08,282, 1492675748282215106, -0.029, 0.031, -0.071, 0.056, -0.515, -0.045
2017-04-20 10:09:08,284, 1492675748284262513, -0.05, 0.011, 0.003, -0.075, -0.501, 0.008
2017-04-20 10:09:08,290, 1492675748290120189, -0.071, 0.003, -0.022, -0.127, -0.602, -0.061
2017-04-20 10:09:08,291, 1492675748291216168, -0.072, -0.005, -0.04, -0.136, -0.507, -0.053
2017-04-20 10:09:08,293, 1492675748293255557, -0.025, 0.013, -0.069, -0.073, -0.424, -0.097
2017-04-20 10:09:08,295, 1492675748295197100, -0.046, -0.007, -0.04, 0.081, -0.431, 0.003
2017-04-20 10:09:08,297, 1492675748297216226, -0.081, -0.016, -0.055, 0.232, -0.447, -0.024
2017-04-20 10:09:08,299, 1492675748299207455, -0.09, 0.004, -0.074, 0.373, -0.426, 0.041
2017-04-20 10:09:08,301, 1492675748301248049, -0.051, 0.0, -0.022, 0.441, -0.352, 0.057
2017-04-20 10:09:08,304, 1492675748304197036, -0.025, -0.016, 0.007, 0.355, -0.224, 0.008
2017-04-20 10:09:08,305, 1492675748305246649, -0.011, -0.007, 0.0, 0.229, -0.196, 0.065
2017-04-20 10:09:08,307, 1492675748307214514, -0.036, -0.027, -0.011, 0.091, -0.147, -0.013
2017-04-20 10:09:08,309, 1492675748309361474, -0.055, -0.004, 0.012, -0.064, -0.067, -0.041
2017-04-20 10:09:08,311, 1492675748311218297, -0.064, 0.006, -0.018, -0.142, -0.097, -0.041
2017-04-20 10:09:08,313, 1492675748313235795, -0.043, -0.024, -0.004, -0.176, 0.043, -0.061
2017-04-20 10:09:08,315, 1492675748315241169, -0.029, -0.025, -0.022, -0.117, -0.007, -0.021
2017-04-20 10:09:08,317, 1492675748317471512, -0.025, -0.019, 0.017, 0.015, 0.044, 0.016
2017-04-20 10:09:08,319, 1492675748319203353, -0.021, -0.025, -0.032, 0.232, 0.02, -0.041
2017-04-20 10:09:08,325, 1492675748324847858, -0.049, -0.008, -0.03, 0.399, -0.073, 0.069
2017-04-20 10:09:08,330, 1492675748330095829, -0.01, -0.038, -0.015, 0.254, -0.057, -0.005
2017-04-20 10:09:08,331, 1492675748331260712, 0.003, -0.013, -0.047, 0.103, -0.1, -0.005
2017-04-20 10:09:08,333, 1492675748333201628, -0.062, -0.011, -0.036, -0.061, -0.134, -0.021
2017-04-20 10:09:08,335, 1492675748335245677, -0.027, -0.012, -0.047, -0.146, -0.087, -0.069
2017-04-20 10:09:08,337, 1492675748337183538, -0.043, 0.007, -0.055, -0.143, -0.165, -0.049
2017-04-20 10:09:08,339, 1492675748339231267, -0.035, 0.003, 0.003, -0.096, -0.119, -0.061
2017-04-20 10:09:08,341, 1492675748341214723, -0.045, -0.019, -0.037, 0.039, -0.225, -0.073
2017-04-20 10:09:08,343, 1492675748343285741, -0.074, -0.02, -0.023, 0.163, -0.316, 0.024
2017-04-20 10:09:08,345, 1492675748345215329, -0.043, -0.003, -0.006, 0.282, -0.279, -0.008
2017-04-20 10:09:08,347, 1492675748347239126, -0.046, -0.003, 0.001, 0.314, -0.302, 0.028
2017-04-20 10:09:08,354, 1492675748352604218, -0.073, -0.007, -0.004, 0.276, -0.371, 0.028
2017-04-20 10:09:08,355, 1492675748355261802, -0.103, -0.015, -0.026, 0.071, -0.414, -0.045
2017-04-20 10:09:08,357, 1492675748357104925, -0.096, -0.005, -0.042, 0.056, -0.471, -0.061
2017-04-20 10:09:08,358, 1492675748358249152, -0.092, -0.016, -0.047, 0.026, -0.477, -0.041
2017-04-20 10:09:08,360, 1492675748360220379, -0.066, -0.01, -0.033, 0.016, -0.515, -0.008
2017-04-20 10:09:08,362, 1492675748362254234, -0.109, -0.021, -0.02, 0.086, -0.597, -0.029
2017-04-20 10:09:08,364, 1492675748364204865, -0.098, -0.028, -0.038, 0.178, -0.633, -0.053
2017-04-20 10:09:08,366, 1492675748366214225, -0.075, 0.001, -0.03, 0.265, -0.67, 0.0
2017-04-20 10:09:08,368, 1492675748368218219, -0.068, 0.0, 0.005, 0.275, -0.631, -0.053
2017-04-20 10:09:08,370, 1492675748370241420, -0.057, -0.011, 0.017, 0.211, -0.577, -0.041
2017-04-20 10:09:08,372, 1492675748372222589, -0.105, -0.013, -0.062, 0.156, -0.665, -0.013
2017-04-20 10:09:08,374, 1492675748374250150, -0.11, -0.007, -0.026, 0.042, -0.555, 0.003
2017-04-20 10:09:08,382, 1492675748382055400, -0.102, -0.014, -0.007, -0.136, -0.463, -0.033
2017-04-20 10:09:08,383, 1492675748383219307, -0.11, -0.02, -0.013, -0.035, -0.473, -0.053
2017-04-20 10:09:08,385, 1492675748385204865, -0.104, 0.022, -0.038, 0.088, -0.469, -0.073
2017-04-20 10:09:08,387, 1492675748387465052, -0.062, -0.001, 0.011, 0.166, -0.414, -0.008
2017-04-20 10:09:08,394, 1492675748394042366, -0.06, -0.037, 0.017, 0.232, -0.409, 0.033
2017-04-20 10:09:08,395, 1492675748395241458, -0.092, -0.029, -0.038, 0.342, -0.327, 0.008
2017-04-20 10:09:08,397, 1492675748397202751, -0.059, -0.026, -0.069, 0.36, -0.31, -0.037
2017-04-20 10:09:08,399, 1492675748399269177, -0.089, -0.052, -0.032, 0.383, -0.308, -0.045
2017-04-20 10:09:08,401, 1492675748401184634, -0.067, -0.08, -0.016, 0.399, -0.271, 0.02
2017-04-20 10:09:08,403, 1492675748403211956, -0.075, -0.057, -0.045, 0.475, -0.346, 0.024
2017-04-20 10:09:08,405, 1492675748405227265, -0.082, -0.061, -0.016, 0.541, -0.351, 0.052
2017-04-20 10:09:08,407, 1492675748407250734, -0.044, -0.044, 0.008, 0.566, -0.317, 0.036
2017-04-20 10:09:08,409, 1492675748409217971, -0.024, -0.046, 0.005, 0.521, -0.308, 0.0
2017-04-20 10:09:08,411, 1492675748411237685, -0.032, -0.065, -0.02, 0.413, -0.282, -0.021
2017-04-20 10:09:08,413, 1492675748413204712, -0.048, -0.043, -0.008, 0.289, -0.278, -0.041
2017-04-20 10:09:08,418, 1492675748418053090, -0.096, -0.027, -0.046, 0.058, -0.261, -0.049
2017-04-20 10:09:08,419, 1492675748419205496, -0.083, -0.03, -0.046, 0.007, -0.261, -0.013
2017-04-20 10:09:08,425, 1492675748424774669, -0.071, -0.037, -0.016, 0.019, -0.3, 0.016
2017-04-20 10:09:08,426, 1492675748426222671, -0.099, -0.015, -0.042, 0.277, -0.376, -0.037
2017-04-20 10:09:08,428, 1492675748428225632, -0.083, -0.019, 0.01, 0.363, -0.44, -0.013
2017-04-20 10:09:08,430, 1492675748430196410, -0.059, -0.012, -0.001, 0.351, -0.441, -0.005
2017-04-20 10:09:08,433, 1492675748432464205, -0.06, -0.04, -0.038, 0.294, -0.459, 0.036
2017-04-20 10:09:08,434, 1492675748434230237, -0.076, -0.015, -0.03, 0.222, -0.531, 0.028
2017-04-20 10:09:08,436, 1492675748436263958, -0.101, -0.007, -0.005, 0.104, -0.556, -0.029
2017-04-20 10:09:08,438, 1492675748438189828, -0.109, -0.017, -0.058, 0.035, -0.582, -0.069
2017-04-20 10:09:08,440, 1492675748440226302, -0.116, -0.025, -0.082, 0.007, -0.599, -0.061
2017-04-20 10:09:08,442, 1492675748442447552, -0.08, -0.024, -0.014, 0.013, -0.601, -0.053
2017-04-20 10:09:08,444, 1492675748444253803, -0.107, -0.033, -0.043, 0.125, -0.643, -0.081
2017-04-20 10:09:08,446, 1492675748446216746, -0.104, -0.023, -0.085, 0.251, -0.661, -0.013
2017-04-20 10:09:08,448, 1492675748448219533, -0.096, -0.004, -0.037, 0.355, -0.719, 0.041
2017-04-20 10:09:08,450, 1492675748450187446, -0.092, -0.021, 0.004, 0.37, -0.651, 0.044
2017-04-20 10:09:08,452, 1492675748452254190, -0.072, -0.019, -0.075, 0.349, -0.646, -0.016
2017-04-20 10:09:08,454, 1492675748454224793, -0.095, -0.013, -0.078, 0.255, -0.631, -0.005
2017-04-20 10:09:08,456, 1492675748456236130, -0.099, -0.015, -0.004, 0.104, -0.537, -0.029
2017-04-20 10:09:08,462, 1492675748462142076, -0.117, -0.011, -0.059, -0.112, -0.511, -0.045
2017-04-20 10:09:08,464, 1492675748464248161, -0.126, -0.021, -0.042, -0.059, -0.545, -0.045
2017-04-20 10:09:08,466, 1492675748466017183, -0.109, -0.035, -0.048, 0.025, -0.48, -0.073
2017-04-20 10:09:08,467, 1492675748467234841, -0.11, -0.023, -0.046, 0.192, -0.554, -0.016
2017-04-20 10:09:08,469, 1492675748469177693, -0.084, -0.025, 0.02, 0.323, -0.536, 0.033
2017-04-20 10:09:08,472, 1492675748472035121, -0.057, -0.042, -0.005, 0.388, -0.463, -0.024
2017-04-20 10:09:08,473, 1492675748473663576, -0.09, -0.053, -0.063, 0.45, -0.534, -0.005
2017-04-20 10:09:08,475, 1492675748475261163, -0.107, -0.039, -0.03, 0.443, -0.532, 0.041
2017-04-20 10:09:08,477, 1492675748477529215, -0.108, -0.056, -0.029, 0.4, -0.5, -0.049
2017-04-20 10:09:08,479, 1492675748479225642, -0.112, -0.063, -0.072, 0.376, -0.49, -0.024
2017-04-20 10:09:08,481, 1492675748481193122, -0.103, -0.051, -0.043, 0.37, -0.522, -0.016
2017-04-20 10:09:08,484, 1492675748484057512, -0.116, -0.051, -0.023, 0.39, -0.54, -0.005
2017-04-20 10:09:08,485, 1492675748485184645, -0.11, -0.091, -0.04, 0.451, -0.563, -0.008
2017-04-20 10:09:08,488, 1492675748488087998, -0.099, -0.04, -0.052, 0.559, -0.645, 0.036
2017-04-20 10:09:08,489, 1492675748489196916, -0.055, -0.042, 0.02, 0.572, -0.58, 0.041
2017-04-20 10:09:08,491, 1492675748491382657, -0.022, -0.075, 0.051, 0.51, -0.483, 0.003
2017-04-20 10:09:08,494, 1492675748494015105, -0.082, -0.055, -0.027, 0.465, -0.638, -0.029
2017-04-20 10:09:08,496, 1492675748496148678, -0.108, -0.058, -0.031, 0.345, -0.542, -0.024
2017-04-20 10:09:08,498, 1492675748498103765, -0.103, -0.042, -0.01, 0.25, -0.466, -0.037
2017-04-20 10:09:08,500, 1492675748500110639, -0.136, -0.052, -0.013, 0.213, -0.563, -0.105
2017-04-20 10:09:08,502, 1492675748502094673, -0.112, -0.054, -0.012, 0.208, -0.464, -0.024
2017-04-20 10:09:08,504, 1492675748504113986, -0.101, -0.066, -0.036, 0.264, -0.473, 0.003
2017-04-20 10:09:08,510, 1492675748510056609, -0.079, -0.037, 0.034, 0.492, -0.52, 0.024
2017-04-20 10:09:08,511, 1492675748511221298, -0.059, -0.039, 0.022, 0.437, -0.511, 0.02
2017-04-20 10:09:08,513, 1492675748513222831, -0.124, -0.056, 0.009, 0.369, -0.606, -0.008
2017-04-20 10:09:08,515, 1492675748515226428, -0.153, -0.074, 0.029, 0.248, -0.581, 0.033
2017-04-20 10:09:08,517, 1492675748517219394, -0.141, -0.035, -0.019, 0.184, -0.619, 0.0
2017-04-20 10:09:08,519, 1492675748519294529, -0.143, -0.027, -0.024, 0.124, -0.622, -0.053
2017-04-20 10:09:08,521, 1492675748521212674, -0.139, -0.052, 0.014, 0.136, -0.632, -0.061
2017-04-20 10:09:08,523, 1492675748523217524, -0.16, -0.062, 0.033, 0.207, -0.733, -0.037
2017-04-20 10:09:08,526, 1492675748525665287, -0.142, -0.038, 0.0, 0.316, -0.78, -0.024
2017-04-20 10:09:08,527, 1492675748527209900, -0.14, -0.038, 0.022, 0.427, -0.833, -0.033
2017-04-20 10:09:08,534, 1492675748534020783, -0.134, -0.062, 0.077, 0.354, -0.882, -0.016
2017-04-20 10:09:08,535, 1492675748535225635, -0.157, -0.054, 0.067, 0.273, -0.937, -0.081
2017-04-20 10:09:08,537, 1492675748537189996, -0.192, -0.045, 0.084, 0.166, -0.916, -0.041
2017-04-20 10:09:08,539, 1492675748539239035, -0.21, -0.069, 0.064, 0.14, -0.959, -0.057
2017-04-20 10:09:08,541, 1492675748541190456, -0.19, -0.061, 0.047, 0.151, -0.96, -0.061
2017-04-20 10:09:08,543, 1492675748543242674, -0.166, -0.064, 0.1, 0.238, -0.897, -0.005
2017-04-20 10:09:08,545, 1492675748545218224, -0.18, -0.072, 0.131, 0.401, -0.994, -0.021
2017-04-20 10:09:08,547, 1492675748547237116, -0.204, -0.089, 0.105, 0.578, -1.033, -0.024
2017-04-20 10:09:08,549, 1492675748549188298, -0.213, -0.108, 0.057, 0.762, -1.077, -0.021
2017-04-20 10:09:08,551, 1492675748551226393, -0.196, -0.102, 0.082, 0.866, -1.112, -0.008
2017-04-20 10:09:08,561, 1492675748556514707, -0.176, -0.106, 0.138, 0.87, -1.049, 0.012
2017-04-20 10:09:08,561, 1492675748558299499, -0.193, -0.124, 0.065, 0.712, -1.112, -0.029
2017-04-20 10:09:08,561, 1492675748560218318, -0.208, -0.113, 0.08, 0.63, -1.091, -0.016
2017-04-20 10:09:08,562, 1492675748562508334, -0.225, -0.126, 0.075, 0.598, -1.135, -0.016
2017-04-20 10:09:08,570, 1492675748570054982, -0.205, -0.133, 0.037, 0.801, -1.122, 0.044
2017-04-20 10:09:08,571, 1492675748571235793, -0.212, -0.114, 0.051, 0.899, -1.132, 0.044
2017-04-20 10:09:08,573, 1492675748573209468, -0.219, -0.125, 0.041, 0.969, -1.196, 0.016
2017-04-20 10:09:08,575, 1492675748575223864, -0.206, -0.116, 0.068, 0.925, -1.145, -0.008
2017-04-20 10:09:08,577, 1492675748577562927, -0.176, -0.124, 0.082, 0.84, -1.133, 0.008
2017-04-20 10:09:08,579, 1492675748579254948, -0.188, -0.084, 0.078, 0.646, -1.097, -0.041
2017-04-20 10:09:08,581, 1492675748581289233, -0.203, -0.091, 0.063, 0.464, -1.113, -0.086
2017-04-20 10:09:08,583, 1492675748583247651, -0.192, -0.061, 0.056, 0.267, -1.045, -0.005
2017-04-20 10:09:08,585, 1492675748585226782, -0.194, -0.069, 0.097, 0.086, -0.987, -0.037
2017-04-20 10:09:08,587, 1492675748587513637, -0.183, -0.063, 0.124, -0.017, -0.955, -0.024
2017-04-20 10:09:08,594, 1492675748592821856, -0.18, -0.056, 0.077, 0.008, -0.907, -0.061
2017-04-20 10:09:08,598, 1492675748598121418, -0.198, -0.06, 0.076, 0.416, -0.871, 0.012
2017-04-20 10:09:08,599, 1492675748599379444, -0.18, -0.059, 0.075, 0.459, -0.831, 0.012
2017-04-20 10:09:08,601, 1492675748601238649, -0.205, -0.062, 0.096, 0.503, -0.891, -0.033
2017-04-20 10:09:08,603, 1492675748603182625, -0.221, -0.068, 0.09, 0.503, -0.975, 0.008
2017-04-20 10:09:08,605, 1492675748605242939, -0.178, -0.071, 0.1, 0.455, -0.922, 0.003
2017-04-20 10:09:08,608, 1492675748608020054, -0.158, -0.089, 0.115, 0.389, -0.945, -0.049
2017-04-20 10:09:08,609, 1492675748609241950, -0.168, -0.082, 0.143, 0.342, -0.995, -0.045
2017-04-20 10:09:08,611, 1492675748611201729, -0.194, -0.101, 0.117, 0.362, -1.012, -0.065
2017-04-20 10:09:08,613, 1492675748613254048, -0.215, -0.114, 0.068, 0.444, -1.079, -0.024
2017-04-20 10:09:08,628, 1492675748624568188, -0.192, -0.141, 0.052, 1.0, -1.016, -0.013
2017-04-20 10:09:08,630, 1492675748630253985, -0.193, -0.15, 0.078, 0.968, -1.0, 0.089
2017-04-20 10:09:08,632, 1492675748632032073, -0.181, -0.138, 0.089, 0.861, -1.006, 0.033
2017-04-20 10:09:08,634, 1492675748634094710, -0.215, -0.136, 0.094, 0.749, -1.047, -0.021
2017-04-20 10:09:08,636, 1492675748636081407, -0.222, -0.146, 0.079, 0.66, -1.076, -0.005
2017-04-20 10:09:08,638, 1492675748638140420, -0.214, -0.113, 0.063, 0.578, -1.093, -0.057
2017-04-20 10:09:08,640, 1492675748640114567, -0.213, -0.108, 0.097, 0.551, -1.078, -0.041
2017-04-20 10:09:08,642, 1492675748642118457, -0.228, -0.124, 0.12, 0.577, -1.172, -0.033
2017-04-20 10:09:08,644, 1492675748644107754, -0.244, -0.11, 0.07, 0.615, -1.236, 0.008
2017-04-20 10:09:08,646, 1492675748646127384, -0.244, -0.11, 0.073, 0.686, -1.293, -0.013
2017-04-20 10:09:08,648, 1492675748648156987, -0.232, -0.107, 0.103, 0.726, -1.32, -0.008
2017-04-20 10:09:08,650, 1492675748650123812, -0.219, -0.085, 0.102, 0.725, -1.337, 0.016
2017-04-20 10:09:08,652, 1492675748652107711, -0.209, -0.081, 0.092, 0.68, -1.362, -0.029
2017-04-20 10:09:08,654, 1492675748654223573, -0.226, -0.07, 0.086, 0.553, -1.37, -0.069
2017-04-20 10:09:08,656, 1492675748656206790, -0.238, -0.071, 0.083, 0.376, -1.391, -0.041
2017-04-20 10:09:08,658, 1492675748658141055, -0.228, -0.078, 0.09, 0.302, -1.39, -0.057
2017-04-20 10:09:08,661, 1492675748660198759, -0.224, -0.067, 0.1, 0.183, -1.352, -0.057
2017-04-20 10:09:08,666, 1492675748666658225, -0.219, -0.059, 0.076, 0.21, -1.233, -0.078
2017-04-20 10:09:08,668, 1492675748668196761, -0.233, -0.086, 0.072, 0.38, -1.201, -0.033
2017-04-20 10:09:08,670, 1492675748670232602, -0.235, -0.087, 0.054, 0.522, -1.153, -0.021
2017-04-20 10:09:08,672, 1492675748672598240, -0.207, -0.075, 0.041, 0.646, -1.103, 0.012
2017-04-20 10:09:08,674, 1492675748674232791, -0.195, -0.082, 0.015, 0.738, -1.077, 0.036
2017-04-20 10:09:08,676, 1492675748676192928, -0.181, -0.099, 0.035, 0.778, -1.052, 0.036
2017-04-20 10:09:08,678, 1492675748678244741, -0.187, -0.108, 0.026, 0.77, -1.029, 0.003
2017-04-20 10:09:08,680, 1492675748680214075, -0.174, -0.1, -0.01, 0.719, -0.965, -0.021
2017-04-20 10:09:08,690, 1492675748690085803, -0.147, -0.103, -0.003, 0.508, -0.782, -0.024
2017-04-20 10:09:08,691, 1492675748691190240, -0.141, -0.102, 0.009, 0.551, -0.768, -0.016
2017-04-20 10:09:08,696, 1492675748694549324, -0.141, -0.098, -0.012, 0.615, -0.712, -0.008
2017-04-20 10:09:08,696, 1492675748696230916, -0.131, -0.091, -0.01, 0.675, -0.656, -0.005
2017-04-20 10:09:08,698, 1492675748698080538, -0.139, -0.093, -0.007, 0.693, -0.642, 0.024
2017-04-20 10:09:08,700, 1492675748700037104, -0.138, -0.084, 0.006, 0.691, -0.622, 0.003
2017-04-20 10:09:08,706, 1492675748706142550, -0.136, -0.078, 0.006, 0.484, -0.594, 0.003
2017-04-20 10:09:08,707, 1492675748707222823, -0.124, -0.085, 0.016, 0.401, -0.608, 0.012
2017-04-20 10:09:08,709, 1492675748709216856, -0.131, -0.077, 0.012, 0.334, -0.6, -0.024
2017-04-20 10:09:08,711, 1492675748711254457, -0.118, -0.058, 0.005, 0.305, -0.622, -0.016
2017-04-20 10:09:08,714, 1492675748714039113, -0.116, -0.054, -0.005, 0.313, -0.656, -0.029
2017-04-20 10:09:08,716, 1492675748716005299, -0.126, -0.059, -0.001, 0.347, -0.679, -0.049
2017-04-20 10:09:08,717, 1492675748717491392, -0.123, -0.054, -0.023, 0.398, -0.703, -0.037
2017-04-20 10:09:08,719, 1492675748719191153, -0.138, -0.051, -0.037, 0.444, -0.724, -0.021
2017-04-20 10:09:08,723, 1492675748723127473, -0.141, -0.068, -0.022, 0.485, -0.763, -0.005
2017-04-20 10:09:08,724, 1492675748724195272, -0.158, -0.07, -0.043, 0.475, -0.81, 0.093
2017-04-20 10:09:08,732, 1492675748729879082, -0.162, -0.052, -0.059, 0.445, -0.815, 0.133
2017-04-20 10:09:08,734, 1492675748734215857, -0.151, -0.049, -0.067, 0.203, -0.811, 0.06
2017-04-20 10:09:08,736, 1492675748736102936, -0.175, -0.038, -0.067, 0.193, -0.802, 0.052
2017-04-20 10:09:08,738, 1492675748738073662, -0.166, -0.05, -0.052, 0.188, -0.779, 0.065
2017-04-20 10:09:08,745, 1492675748745225540, -0.15, -0.035, -0.056, 0.286, -0.711, 0.057
2017-04-20 10:09:08,747, 1492675748747037706, -0.138, -0.052, -0.053, 0.304, -0.696, 0.049
2017-04-20 10:09:08,749, 1492675748749135988, -0.132, -0.049, -0.052, 0.33, -0.677, 0.028
2017-04-20 10:09:08,751, 1492675748751216226, -0.13, -0.046, -0.048, 0.34, -0.659, 0.008
2017-04-20 10:09:08,753, 1492675748753213106, -0.122, -0.059, -0.034, 0.334, -0.643, 0.012
2017-04-20 10:09:08,758, 1492675748758133621, -0.112, -0.058, -0.046, 0.33, -0.609, 0.003
2017-04-20 10:09:08,764, 1492675748764751204, -0.108, -0.052, -0.041, 0.338, -0.593, 0.012
2017-04-20 10:09:08,766, 1492675748766211889, -0.105, -0.057, -0.061, 0.399, -0.553, -0.008
2017-04-20 10:09:08,768, 1492675748768361425, -0.103, -0.057, -0.034, 0.414, -0.553, 0.008
2017-04-20 10:09:08,770, 1492675748770203990, -0.118, -0.055, -0.06, 0.406, -0.563, 0.024
2017-04-20 10:09:08,772, 1492675748772228627, -0.128, -0.068, -0.067, 0.404, -0.567, 0.041
2017-04-20 10:09:08,774, 1492675748774208192, -0.113, -0.056, -0.01, 0.385, -0.557, 0.06
2017-04-20 10:09:08,776, 1492675748776251301, -0.118, -0.049, 0.001, 0.368, -0.564, 0.06
2017-04-20 10:09:08,778, 1492675748778196175, -0.112, -0.054, -0.081, 0.354, -0.582, 0.089
2017-04-20 10:09:08,780, 1492675748780219001, -0.139, -0.065, -0.059, 0.356, -0.61, 0.085
2017-04-20 10:09:08,782, 1492675748782426347, -0.142, -0.056, -0.001, 0.378, -0.634, 0.105
2017-04-20 10:09:08,784, 1492675748784244510, -0.11, -0.057, -0.047, 0.402, -0.584, 0.114
2017-04-20 10:09:08,786, 1492675748786207283, -0.118, -0.065, -0.102, 0.432, -0.596, 0.13
2017-04-20 10:09:08,788, 1492675748788213548, -0.141, -0.067, -0.055, 0.465, -0.648, 0.117
2017-04-20 10:09:08,793, 1492675748793221769, -0.125, -0.059, -0.133, 0.522, -0.623, 0.109
2017-04-20 10:09:08,795, 1492675748795043403, -0.126, -0.063, -0.093, 0.52, -0.617, 0.105
2017-04-20 10:09:08,798, 1492675748797739120, -0.132, -0.075, -0.032, 0.497, -0.64, 0.117
2017-04-20 10:09:08,799, 1492675748799284177, -0.132, -0.067, -0.109, 0.455, -0.64, 0.101
2017-04-20 10:09:08,801, 1492675748801121166, -0.116, -0.064, -0.114, 0.439, -0.629, 0.093
2017-04-20 10:09:08,803, 1492675748803103411, -0.117, -0.052, -0.066, 0.414, -0.618, 0.06
2017-04-20 10:09:08,805, 1492675748805058747, -0.116, -0.058, -0.034, 0.371, -0.614, 0.052
2017-04-20 10:09:08,807, 1492675748807062270, -0.121, -0.055, -0.081, 0.349, -0.597, 0.073
2017-04-20 10:09:08,809, 1492675748809618907, -0.129, -0.048, -0.072, 0.338, -0.608, 0.057
2017-04-20 10:09:08,811, 1492675748811239830, -0.133, -0.051, -0.032, 0.335, -0.613, 0.008
2017-04-20 10:09:08,813, 1492675748813081683, -0.117, -0.043, -0.039, 0.34, -0.603, 0.003
2017-04-20 10:09:08,816, 1492675748815971607, -0.099, -0.055, -0.072, 0.345, -0.58, 0.049
2017-04-20 10:09:08,817, 1492675748817606646, -0.117, -0.048, -0.03, 0.347, -0.597, 0.036
2017-04-20 10:09:08,819, 1492675748819220616, -0.138, -0.05, -0.027, 0.354, -0.608, 0.024
2017-04-20 10:09:08,821, 1492675748821076998, -0.125, -0.038, -0.057, 0.355, -0.603, 0.012
2017-04-20 10:09:08,823, 1492675748823142270, -0.116, -0.051, -0.067, 0.349, -0.593, 0.06
2017-04-20 10:09:08,825, 1492675748825082724, -0.12, -0.057, -0.046, 0.335, -0.606, 0.028
2017-04-20 10:09:08,833, 1492675748833047587, -0.132, -0.055, -0.07, 0.335, -0.614, 0.069
2017-04-20 10:09:08,838, 1492675748838216272, -0.125, -0.052, -0.084, 0.291, -0.624, 0.065
2017-04-20 10:09:08,840, 1492675748840062619, -0.134, -0.043, -0.087, 0.291, -0.632, 0.057
2017-04-20 10:09:08,842, 1492675748842687538, -0.137, -0.044, -0.083, 0.285, -0.633, 0.065
2017-04-20 10:09:08,844, 1492675748844242018, -0.127, -0.041, -0.079, 0.274, -0.616, 0.085
2017-04-20 10:09:08,846, 1492675748846064431, -0.128, -0.042, -0.077, 0.263, -0.606, 0.06
2017-04-20 10:09:08,848, 1492675748848152272, -0.135, -0.034, -0.069, 0.264, -0.616, 0.06
2017-04-20 10:09:08,850, 1492675748850109664, -0.123, -0.031, -0.066, 0.263, -0.626, 0.044
2017-04-20 10:09:08,852, 1492675748852104655, -0.118, -0.038, -0.067, 0.253, -0.617, 0.049
2017-04-20 10:09:08,857, 1492675748857210588, -0.122, -0.037, -0.06, 0.27, -0.61, 0.044
2017-04-20 10:09:08,858, 1492675748858206091, -0.12, -0.041, -0.049, 0.279, -0.614, 0.041
2017-04-20 10:09:08,861, 1492675748861047981, -0.122, -0.044, -0.069, 0.296, -0.617, 0.028
2017-04-20 10:09:08,863, 1492675748863091660, -0.137, -0.045, -0.055, 0.316, -0.619, 0.028
2017-04-20 10:09:08,866, 1492675748866042563, -0.131, -0.055, -0.048, 0.333, -0.617, 0.06
2017-04-20 10:09:08,868, 1492675748868470506, -0.129, -0.054, -0.062, 0.349, -0.629, 0.073
2017-04-20 10:09:08,870, 1492675748870209199, -0.127, -0.055, -0.065, 0.353, -0.642, 0.077
2017-04-20 10:09:08,872, 1492675748872642240, -0.139, -0.062, -0.054, 0.345, -0.653, 0.073
2017-04-20 10:09:08,874, 1492675748874268624, -0.125, -0.036, -0.056, 0.342, -0.659, 0.077
2017-04-20 10:09:08,876, 1492675748876109243, -0.123, -0.064, -0.064, 0.341, -0.663, 0.073
2017-04-20 10:09:08,877, 1492675748877189462, -0.14, -0.059, -0.057, 0.353, -0.668, 0.097
2017-04-20 10:09:08,879, 1492675748879212433, -0.139, -0.052, -0.067, 0.365, -0.674, 0.073
2017-04-20 10:09:08,884, 1492675748884179929, -0.142, -0.068, -0.096, 0.44, -0.686, 0.06
2017-04-20 10:09:08,886, 1492675748886100817, -0.161, -0.075, -0.083, 0.464, -0.696, 0.06
2017-04-20 10:09:08,888, 1492675748888109217, -0.165, -0.088, -0.084, 0.501, -0.726, 0.049
2017-04-20 10:09:08,890, 1492675748890062015, -0.185, -0.089, -0.11, 0.539, -0.761, 0.057
2017-04-20 10:09:08,892, 1492675748892031402, -0.171, -0.104, -0.097, 0.575, -0.796, 0.041
2017-04-20 10:09:08,894, 1492675748894053468, -0.185, -0.098, -0.094, 0.618, -0.841, 0.044
2017-04-20 10:09:08,896, 1492675748896040177, -0.186, -0.099, -0.116, 0.654, -0.872, 0.049
2017-04-20 10:09:08,898, 1492675748898140918, -0.178, -0.115, -0.097, 0.679, -0.907, 0.069
2017-04-20 10:09:08,904, 1492675748903783134, -0.212, -0.116, -0.123, 0.74, -1.058, -0.013
2017-04-20 10:09:08,905, 1492675748905400827, -0.203, -0.121, -0.118, 0.75, -1.093, -0.008
2017-04-20 10:09:08,908, 1492675748907920271, -0.199, -0.111, -0.111, 0.74, -1.128, -0.016
2017-04-20 10:09:08,909, 1492675748909188845, -0.182, -0.111, -0.107, 0.712, -1.179, -0.008
2017-04-20 10:09:08,911, 1492675748911193688, -0.201, -0.104, -0.118, 0.686, -1.215, 0.02
2017-04-20 10:09:08,913, 1492675748913743542, -0.225, -0.1, -0.126, 0.646, -1.251, 0.036
2017-04-20 10:09:08,915, 1492675748915206687, -0.223, -0.09, -0.118, 0.596, -1.259, 0.024
2017-04-20 10:09:08,917, 1492675748917226917, -0.214, -0.094, -0.113, 0.528, -1.247, -0.005
2017-04-20 10:09:08,919, 1492675748919211230, -0.198, -0.087, -0.123, 0.468, -1.219, -0.024
2017-04-20 10:09:08,921, 1492675748921240736, -0.199, -0.071, -0.108, 0.395, -1.187, -0.041
2017-04-20 10:09:08,923, 1492675748923208340, -0.195, -0.061, -0.117, 0.315, -1.162, -0.057
2017-04-20 10:09:08,925, 1492675748925261707, -0.209, -0.065, -0.132, 0.251, -1.137, -0.053
2017-04-20 10:09:08,928, 1492675748928178342, -0.2, -0.045, -0.124, 0.195, -1.078, -0.005
2017-04-20 10:09:08,934, 1492675748934003615, -0.184, -0.036, -0.113, 0.145, -0.989, -0.016
2017-04-20 10:09:08,937, 1492675748935250588, -0.18, -0.029, -0.129, 0.126, -0.833, -0.053
2017-04-20 10:09:08,938, 1492675748938424132, -0.182, -0.047, -0.14, 0.152, -0.772, -0.037
2017-04-20 10:09:08,940, 1492675748940204762, -0.167, -0.041, -0.131, 0.187, -0.731, -0.016
2017-04-20 10:09:08,942, 1492675748942077866, -0.146, -0.051, -0.114, 0.225, -0.665, 0.033
2017-04-20 10:09:08,944, 1492675748944198385, -0.118, -0.058, -0.123, 0.294, -0.61, 0.008
2017-04-20 10:09:08,945, 1492675748945219058, -0.114, -0.047, -0.141, 0.333, -0.565, 0.003
2017-04-20 10:09:08,947, 1492675748947207201, -0.132, -0.074, -0.139, 0.38, -0.516, -0.016
2017-04-20 10:09:08,949, 1492675748949224463, -0.141, -0.086, -0.135, 0.443, -0.522, -0.029
2017-04-20 10:09:08,951, 1492675748951216729, -0.132, -0.092, -0.136, 0.487, -0.469, -0.033
2017-04-20 10:09:08,954, 1492675748954248111, -0.131, -0.114, -0.126, 0.567, -0.459, 0.012
2017-04-20 10:09:08,956, 1492675748956074789, -0.136, -0.107, -0.117, 0.639, -0.473, 0.028
2017-04-20 10:09:08,957, 1492675748957261874, -0.127, -0.106, -0.133, 0.687, -0.434, 0.065
2017-04-20 10:09:08,959, 1492675748959191549, -0.115, -0.126, -0.113, 0.755, -0.449, 0.052
2017-04-20 10:09:08,961, 1492675748961251161, -0.133, -0.123, -0.127, 0.791, -0.475, -0.005
2017-04-20 10:09:08,968, 1492675748968223339, -0.144, -0.129, -0.093, 0.847, -0.607, 0.0
2017-04-20 10:09:08,970, 1492675748970130117, -0.132, -0.14, -0.121, 0.847, -0.686, 0.02
2017-04-20 10:09:08,972, 1492675748972534997, -0.179, -0.159, -0.127, 0.805, -0.815, 0.085
2017-04-20 10:09:08,974, 1492675748974242621, -0.199, -0.115, -0.126, 0.69, -0.895, 0.446
2017-04-20 10:09:08,976, 1492675748976023082, -0.206, -0.119, -0.172, 0.684, -0.974, 0.564
2017-04-20 10:09:08,978, 1492675748978198464, -0.203, -0.101, -0.182, 0.659, -0.988, 0.539
2017-04-20 10:09:08,980, 1492675748980102296, -0.215, -0.08, -0.16, 0.624, -0.983, 0.523
2017-04-20 10:09:08,982, 1492675748982104429, -0.233, -0.093, -0.16, 0.655, -1.004, 0.58
2017-04-20 10:09:08,984, 1492675748984050642, -0.266, -0.097, -0.182, 0.704, -1.0, 0.556
2017-04-20 10:09:08,986, 1492675748986123721, -0.246, -0.078, -0.2, 0.701, -0.927, 0.471
2017-04-20 10:09:08,988, 1492675748988075565, -0.21, -0.073, -0.167, 0.689, -0.832, 0.345
2017-04-20 10:09:08,990, 1492675748990090838, -0.229, -0.059, -0.152, 0.62, -0.803, 0.288
2017-04-20 10:09:08,992, 1492675748992058619, -0.209, -0.041, -0.14, 0.495, -0.71, 0.353
2017-04-20 10:09:08,995, 1492675748995106471, -0.152, -0.041, -0.177, 0.354, -0.567, 0.223
2017-04-20 10:09:08,996, 1492675748996220750, -0.143, -0.015, -0.186, 0.264, -0.532, 0.187
2017-04-20 10:09:08,998, 1492675748998100242, -0.146, -0.021, -0.169, 0.233, -0.472, 0.203
2017-04-20 10:09:09,000, 1492675749000137657, -0.146, -0.048, -0.191, 0.218, -0.472, 0.235
2017-04-20 10:09:09,002, 1492675749002589520, -0.135, -0.03, -0.222, 0.195, -0.413, 0.182
2017-04-20 10:09:09,004, 1492675749004270280, -0.069, -0.02, -0.205, 0.238, -0.244, 0.141
2017-04-20 10:09:09,006, 1492675749006630593, -0.052, -0.012, -0.159, 0.269, -0.221, 0.105
2017-04-20 10:09:09,008, 1492675749008217058, -0.049, -0.014, -0.208, 0.238, -0.114, 0.15
2017-04-20 10:09:09,010, 1492675749010250644, -0.072, -0.037, -0.236, 0.255, -0.099, 0.141
2017-04-20 10:09:09,012, 1492675749012030673, -0.125, -0.032, -0.2, 0.278, -0.14, 0.141
2017-04-20 10:09:09,014, 1492675749014088469, -0.112, -0.02, -0.18, 0.279, -0.084, 0.154
2017-04-20 10:09:09,016, 1492675749016030795, -0.092, -0.015, -0.206, 0.292, -0.043, 0.279
2017-04-20 10:09:09,018, 1492675749018262103, -0.079, -0.026, -0.201, 0.249, -0.068, 0.345
2017-04-20 10:09:09,020, 1492675749020020028, -0.139, -0.032, -0.16, 0.266, -0.152, 0.345
2017-04-20 10:09:09,022, 1492675749022082070, -0.172, -0.043, -0.179, 0.297, -0.254, 0.462
2017-04-20 10:09:09,024, 1492675749024086925, -0.153, -0.028, -0.265, 0.306, -0.268, 0.536
2017-04-20 10:09:09,026, 1492675749026084269, -0.078, -0.025, -0.236, 0.276, -0.238, 0.572
2017-04-20 10:09:09,028, 1492675749028064928, -0.09, -0.036, -0.14, 0.21, -0.3, 0.536
2017-04-20 10:09:09,030, 1492675749030089244, -0.099, -0.034, -0.231, 0.142, -0.289, 0.617
2017-04-20 10:09:09,032, 1492675749032087480, -0.091, -0.01, -0.363, 0.092, -0.21, 0.588
2017-04-20 10:09:09,034, 1492675749034238434, -0.102, 0.02, -0.219, 0.07, -0.186, 0.482
2017-04-20 10:09:09,036, 1492675749036053877, -0.093, 0.019, -0.213, 0.019, -0.052, 0.466
2017-04-20 10:09:09,038, 1492675749038205040, -0.031, -0.017, -0.333, 0.054, 0.08, 0.503
2017-04-20 10:09:09,040, 1492675749040228218, -0.04, 0.022, -0.277, 0.067, 0.174, 0.446
2017-04-20 10:09:09,042, 1492675749042517971, -0.072, 0.03, -0.208, 0.118, 0.15, 0.434
2017-04-20 10:09:09,044, 1492675749044196084, -0.06, 0.043, -0.319, 0.072, 0.234, 0.385
2017-04-20 10:09:09,046, 1492675749046088663, -0.054, 0.032, -0.366, -0.029, 0.265, 0.446
2017-04-20 10:09:09,048, 1492675749048071410, -0.085, 0.017, -0.249, -0.143, 0.181, 0.503
2017-04-20 10:09:09,050, 1492675749050108318, -0.069, 0.058, -0.189, -0.235, 0.205, 0.523
2017-04-20 10:09:09,052, 1492675749052079415, -0.032, 0.071, -0.33, -0.266, 0.21, 0.52
2017-04-20 10:09:09,054, 1492675749054053286, -0.01, 0.078, -0.272, -0.347, 0.258, 0.596
2017-04-20 10:09:09,056, 1492675749056073646, -0.007, 0.091, -0.137, -0.398, 0.181, 0.601
2017-04-20 10:09:09,058, 1492675749058252543, -0.006, 0.075, -0.239, -0.479, 0.298, 0.539
2017-04-20 10:09:09,060, 1492675749060057360, -0.016, 0.05, -0.328, -0.466, 0.261, 0.552
2017-04-20 10:09:09,062, 1492675749062102308, -0.005, 0.071, -0.215, -0.483, 0.366, 0.552
2017-04-20 10:09:09,064, 1492675749064038583, 0.03, 0.086, -0.165, -0.455, 0.445, 0.482
2017-04-20 10:09:09,072, 1492675749070357847, 0.0, 0.077, -0.229, -0.531, 0.521, 0.52
2017-04-20 10:09:09,073, 1492675749073754109, -0.025, 0.08, -0.335, -0.554, 0.522, 0.462
2017-04-20 10:09:09,075, 1492675749075173523, 0.023, 0.111, -0.302, -0.657, 0.576, 0.482
2017-04-20 10:09:09,076, 1492675749076190138, 0.039, 0.11, -0.252, -0.717, 0.565, 0.495
2017-04-20 10:09:09,078, 1492675749078221521, 0.054, 0.128, -0.223, -0.788, 0.657, 0.52
2017-04-20 10:09:09,080, 1492675749080168964, 0.076, 0.154, -0.34, -0.864, 0.69, 0.426
2017-04-20 10:09:09,082, 1492675749082706835, 0.07, 0.159, -0.29, -0.977, 0.786, 0.471
2017-04-20 10:09:09,084, 1492675749084178161, 0.074, 0.193, -0.285, -1.028, 0.858, 0.373
2017-04-20 10:09:09,086, 1492675749086233681, 0.094, 0.181, -0.333, -1.033, 0.947, 0.309
2017-04-20 10:09:09,088, 1492675749088194218, 0.107, 0.16, -0.293, -1.03, 1.026, 0.381
2017-04-20 10:09:09,090, 1492675749090235519, 0.113, 0.174, -0.282, -1.016, 1.022, 0.398
2017-04-20 10:09:09,092, 1492675749092123318, 0.127, 0.157, -0.345, -0.985, 1.065, 0.325
2017-04-20 10:09:09,094, 1492675749094227539, 0.123, 0.143, -0.289, -0.979, 1.061, 0.32
2017-04-20 10:09:09,096, 1492675749096193304, 0.086, 0.149, -0.309, -0.95, 0.958, 0.341
2017-04-20 10:09:09,098, 1492675749098226352, 0.124, 0.127, -0.343, -0.949, 1.033, 0.43
2017-04-20 10:09:09,100, 1492675749100209608, 0.184, 0.141, -0.322, -0.953, 1.075, 0.401
2017-04-20 10:09:09,102, 1492675749102489500, 0.152, 0.139, -0.265, -1.003, 1.065, 0.369
2017-04-20 10:09:09,104, 1492675749104192844, 0.135, 0.13, -0.3, -1.066, 1.153, 0.414
2017-04-20 10:09:09,106, 1492675749106276069, 0.123, 0.131, -0.363, -1.044, 1.15, 0.373
2017-04-20 10:09:09,108, 1492675749108213158, 0.088, 0.148, -0.341, -1.096, 1.226, 0.32
2017-04-20 10:09:09,110, 1492675749110238621, 0.087, 0.149, -0.393, -1.064, 1.248, 0.401
2017-04-20 10:09:09,112, 1492675749112179962, 0.132, 0.157, -0.371, -1.067, 1.367, 0.365
2017-04-20 10:09:09,114, 1492675749114217078, 0.128, 0.175, -0.357, -1.062, 1.322, 0.393
2017-04-20 10:09:09,116, 1492675749116213242, 0.14, 0.189, -0.346, -1.097, 1.388, 0.373
2017-04-20 10:09:09,118, 1492675749118217536, 0.118, 0.219, -0.341, -1.1, 1.28, 0.398
2017-04-20 10:09:09,120, 1492675749120342090, 0.135, 0.244, -0.331, -1.176, 1.279, 0.442
2017-04-20 10:09:09,122, 1492675749122573416, 0.246, 0.254, -0.34, -1.253, 1.395, 0.36
2017-04-20 10:09:09,124, 1492675749124202666, 0.241, 0.263, -0.298, -1.299, 1.343, 0.385
2017-04-20 10:09:09,126, 1492675749126253086, 0.258, 0.243, -0.261, -1.431, 1.496, 0.373
2017-04-20 10:09:09,128, 1492675749128174594, 0.232, 0.224, -0.33, -1.407, 1.4, 0.328
2017-04-20 10:09:09,130, 1492675749130399249, 0.205, 0.208, -0.305, -1.404, 1.524, 0.268
2017-04-20 10:09:09,132, 1492675749132174404, 0.231, 0.2, -0.335, -1.327, 1.553, 0.207
2017-04-20 10:09:09,134, 1492675749134266032, 0.24, 0.176, -0.352, -1.261, 1.542, 0.276
2017-04-20 10:09:09,141, 1492675749141819347, 0.266, 0.165, -0.339, -1.173, 1.567, 0.304
2017-04-20 10:09:09,143, 1492675749143589038, 0.256, 0.232, -0.324, -1.412, 1.583, 0.309
2017-04-20 10:09:09,146, 1492675749146212571, 0.219, 0.24, -0.272, -1.674, 1.563, 0.401
2017-04-20 10:09:09,148, 1492675749148071386, 0.237, 0.257, -0.294, -1.742, 1.606, 0.398
2017-04-20 10:09:09,149, 1492675749149195273, 0.251, 0.25, -0.329, -1.794, 1.704, 0.401
2017-04-20 10:09:09,151, 1492675749151209543, 0.269, 0.266, -0.327, -1.799, 1.746, 0.353
2017-04-20 10:09:09,153, 1492675749153193469, 0.223, 0.264, -0.292, -1.752, 1.757, 0.271
2017-04-20 10:09:09,155, 1492675749155220964, 0.228, 0.238, -0.315, -1.702, 1.792, 0.296
2017-04-20 10:09:09,157, 1492675749157195780, 0.253, 0.24, -0.41, -1.584, 1.759, 0.32
2017-04-20 10:09:09,159, 1492675749159221160, 0.272, 0.239, -0.327, -1.506, 1.806, 0.292
2017-04-20 10:09:09,161, 1492675749161179098, 0.262, 0.24, -0.327, -1.39, 1.685, 0.304
2017-04-20 10:09:09,163, 1492675749163219978, 0.282, 0.244, -0.387, -1.374, 1.662, 0.325
2017-04-20 10:09:09,165, 1492675749165206062, 0.313, 0.254, -0.319, -1.422, 1.675, 0.414
2017-04-20 10:09:09,167, 1492675749167209237, 0.271, 0.266, -0.192, -1.466, 1.567, 0.398
2017-04-20 10:09:09,169, 1492675749169164198, 0.266, 0.29, -0.235, -1.551, 1.632, 0.26
2017-04-20 10:09:09,171, 1492675749171222812, 0.246, 0.283, -0.314, -1.5, 1.638, 0.203
2017-04-20 10:09:09,174, 1492675749173780344, 0.24, 0.281, -0.167, -1.556, 1.796, 0.187
2017-04-20 10:09:09,176, 1492675749176094113, 0.22, 0.245, -0.174, -1.56, 1.86, 0.255
2017-04-20 10:09:09,178, 1492675749178244010, 0.241, 0.211, -0.228, -1.556, 2.026, 0.247
2017-04-20 10:09:09,180, 1492675749180051578, 0.243, 0.253, -0.149, -1.562, 2.042, 0.174
2017-04-20 10:09:09,181, 1492675749181221441, 0.211, 0.284, -0.064, -1.55, 2.065, 0.085
2017-04-20 10:09:09,183, 1492675749183204827, 0.206, 0.261, -0.153, -1.484, 2.003, 0.223
2017-04-20 10:09:09,185, 1492675749185385047, 0.178, 0.218, -0.163, -1.482, 1.941, 0.276
2017-04-20 10:09:09,187, 1492675749187225099, 0.171, 0.182, -0.09, -1.453, 1.812, 0.268
2017-04-20 10:09:09,189, 1492675749189209519, 0.212, 0.206, -0.112, -1.442, 1.798, 0.276
2017-04-20 10:09:09,191, 1492675749191183949, 0.207, 0.197, -0.196, -1.404, 1.759, 0.296
2017-04-20 10:09:09,193, 1492675749193317893, 0.215, 0.214, -0.12, -1.403, 1.704, 0.336
2017-04-20 10:09:09,195, 1492675749195225172, 0.262, 0.24, -0.084, -1.422, 1.805, 0.133
2017-04-20 10:09:09,197, 1492675749197217014, 0.271, 0.212, -0.143, -1.402, 1.855, 0.122
2017-04-20 10:09:09,199, 1492675749199209513, 0.282, 0.211, -0.152, -1.392, 1.898, 0.093
2017-04-20 10:09:09,201, 1492675749201250938, 0.268, 0.228, -0.093, -1.322, 1.929, 0.089
2017-04-20 10:09:09,203, 1492675749203234070, 0.292, 0.26, -0.138, -1.316, 1.999, 0.101
2017-04-20 10:09:09,207, 1492675749207843211, 0.298, 0.25, -0.211, -1.308, 2.065, 0.117
2017-04-20 10:09:09,209, 1492675749209227110, 0.242, 0.245, -0.106, -1.356, 2.012, 0.117
2017-04-20 10:09:09,211, 1492675749211175435, 0.239, 0.243, -0.208, -1.332, 2.027, 0.146
2017-04-20 10:09:09,213, 1492675749213195317, 0.239, 0.252, -0.18, -1.327, 1.979, 0.171
2017-04-20 10:09:09,215, 1492675749215200018, 0.226, 0.238, -0.11, -1.339, 1.94, 0.179
2017-04-20 10:09:09,217, 1492675749217569733, 0.223, 0.211, -0.163, -1.4, 1.903, 0.125
2017-04-20 10:09:09,219, 1492675749219206211, 0.199, 0.215, -0.145, -1.429, 1.836, 0.187
2017-04-20 10:09:09,221, 1492675749221211741, 0.202, 0.223, -0.072, -1.421, 1.842, 0.15
2017-04-20 10:09:09,223, 1492675749223201393, 0.226, 0.235, -0.095, -1.402, 1.889, 0.06
2017-04-20 10:09:09,225, 1492675749225244560, 0.227, 0.214, -0.098, -1.363, 1.846, 0.041
2017-04-20 10:09:09,227, 1492675749227185406, 0.25, 0.209, -0.018, -1.329, 1.903, 0.069
2017-04-20 10:09:09,229, 1492675749229234821, 0.275, 0.216, -0.061, -1.307, 1.934, 0.06
2017-04-20 10:09:09,231, 1492675749231229586, 0.23, 0.19, -0.084, -1.25, 1.845, 0.057
2017-04-20 10:09:09,233, 1492675749233243018, 0.233, 0.21, -0.047, -1.205, 1.855, 0.085
2017-04-20 10:09:09,235, 1492675749235176069, 0.307, 0.239, -0.073, -1.22, 1.945, 0.097
2017-04-20 10:09:09,237, 1492675749237210905, 0.278, 0.207, -0.097, -1.28, 1.902, 0.041
2017-04-20 10:09:09,239, 1492675749239215156, 0.236, 0.203, -0.014, -1.356, 1.86, 0.052
2017-04-20 10:09:09,241, 1492675749241249780, 0.246, 0.219, -0.056, -1.399, 1.882, 0.065
2017-04-20 10:09:09,248, 1492675749248208688, 0.237, 0.215, -0.048, -1.557, 1.921, 0.085
2017-04-20 10:09:09,250, 1492675749250060617, 0.238, 0.226, -0.111, -1.543, 1.94, 0.093
2017-04-20 10:09:09,252, 1492675749252068230, 0.237, 0.241, -0.063, -1.472, 1.921, 0.085
2017-04-20 10:09:09,254, 1492675749254074189, 0.223, 0.257, -0.052, -1.392, 1.903, 0.052
2017-04-20 10:09:09,256, 1492675749256050457, 0.216, 0.21, -0.105, -1.328, 1.866, 0.069
2017-04-20 10:09:09,262, 1492675749262112009, 0.216, 0.191, -0.122, -1.224, 1.759, 0.101
2017-04-20 10:09:09,263, 1492675749263165076, 0.206, 0.189, -0.109, -1.246, 1.713, 0.101
2017-04-20 10:09:09,265, 1492675749265717420, 0.211, 0.197, -0.047, -1.337, 1.715, 0.125
2017-04-20 10:09:09,267, 1492675749267183225, 0.233, 0.209, -0.084, -1.42, 1.744, 0.125
2017-04-20 10:09:09,269, 1492675749269241578, 0.241, 0.216, -0.077, -1.475, 1.805, 0.097
2017-04-20 10:09:09,271, 1492675749271243175, 0.239, 0.22, -0.009, -1.486, 1.834, 0.049
2017-04-20 10:09:09,278, 1492675749278386617, 0.249, 0.23, -0.03, -1.472, 1.893, 0.073
2017-04-20 10:09:09,280, 1492675749280204435, 0.225, 0.205, -0.009, -1.31, 1.921, 0.049
2017-04-20 10:09:09,282, 1492675749282238103, 0.227, 0.21, -0.03, -1.228, 1.884, 0.041
2017-04-20 10:09:09,284, 1492675749284189222, 0.238, 0.219, -0.028, -1.186, 1.847, 0.065
2017-04-20 10:09:09,286, 1492675749286228977, 0.238, 0.188, -0.013, -1.182, 1.806, 0.109
2017-04-20 10:09:09,288, 1492675749288196385, 0.213, 0.168, -0.049, -1.189, 1.735, 0.174
2017-04-20 10:09:09,290, 1492675749290219005, 0.209, 0.174, -0.04, -1.208, 1.698, 0.171
2017-04-20 10:09:09,292, 1492675749292196150, 0.2, 0.19, -0.053, -1.203, 1.69, 0.158
2017-04-20 10:09:09,294, 1492675749294215899, 0.208, 0.186, -0.071, -1.194, 1.705, 0.133
2017-04-20 10:09:09,296, 1492675749296224338, 0.189, 0.172, -0.08, -1.169, 1.71, 0.133
2017-04-20 10:09:09,298, 1492675749298216423, 0.208, 0.16, -0.043, -1.143, 1.752, 0.138
2017-04-20 10:09:09,300, 1492675749300214638, 0.226, 0.178, -0.058, -1.111, 1.808, 0.085
2017-04-20 10:09:09,302, 1492675749302248503, 0.222, 0.164, -0.062, -1.068, 1.823, 0.049
2017-04-20 10:09:09,304, 1492675749304206380, 0.2, 0.181, -0.053, -1.041, 1.811, 0.093
2017-04-20 10:09:09,306, 1492675749306251386, 0.205, 0.177, -0.07, -1.031, 1.798, 0.125
2017-04-20 10:09:09,308, 1492675749308230789, 0.226, 0.184, -0.068, -1.058, 1.796, 0.174
2017-04-20 10:09:09,313, 1492675749313584941, 0.216, 0.193, -0.057, -1.073, 1.761, 0.166
2017-04-20 10:09:09,315, 1492675749315199812, 0.184, 0.173, -0.082, -1.016, 1.643, 0.182
2017-04-20 10:09:09,317, 1492675749317220296, 0.178, 0.162, -0.071, -0.976, 1.619, 0.19
2017-04-20 10:09:09,319, 1492675749319182986, 0.186, 0.132, -0.063, -0.936, 1.622, 0.174
2017-04-20 10:09:09,321, 1492675749321180275, 0.181, 0.115, -0.07, -0.901, 1.628, 0.171
2017-04-20 10:09:09,323, 1492675749323181773, 0.175, 0.123, -0.068, -0.894, 1.652, 0.154
2017-04-20 10:09:09,325, 1492675749325209837, 0.17, 0.121, -0.054, -0.902, 1.672, 0.154
2017-04-20 10:09:09,327, 1492675749327186542, 0.155, 0.104, -0.027, -0.923, 1.682, 0.138
2017-04-20 10:09:09,329, 1492675749329241107, 0.167, 0.125, -0.034, -0.942, 1.688, 0.117
2017-04-20 10:09:09,331, 1492675749331188037, 0.168, 0.131, -0.044, -0.946, 1.685, 0.133
2017-04-20 10:09:09,333, 1492675749333245533, 0.181, 0.125, -0.03, -0.937, 1.675, 0.166
2017-04-20 10:09:09,335, 1492675749335621814, 0.168, 0.14, -0.049, -0.926, 1.633, 0.158
2017-04-20 10:09:09,337, 1492675749337245082, 0.163, 0.142, -0.049, -0.907, 1.604, 0.166
2017-04-20 10:09:09,339, 1492675749339205211, 0.165, 0.149, -0.062, -0.873, 1.575, 0.19
2017-04-20 10:09:09,341, 1492675749341270273, 0.174, 0.155, -0.064, -0.843, 1.554, 0.198
2017-04-20 10:09:09,343, 1492675749343200599, 0.169, 0.162, -0.059, -0.805, 1.523, 0.187
2017-04-20 10:09:09,346, 1492675749345518804, 0.178, 0.155, -0.066, -0.789, 1.51, 0.182
2017-04-20 10:09:09,347, 1492675749347702964, 0.179, 0.158, -0.067, -0.771, 1.5, 0.187
2017-04-20 10:09:09,349, 1492675749349330513, 0.165, 0.16, -0.058, -0.773, 1.492, 0.171
2017-04-20 10:09:09,351, 1492675749351184301, 0.172, 0.152, -0.06, -0.777, 1.493, 0.174
2017-04-20 10:09:09,354, 1492675749353208815, 0.175, 0.149, -0.069, -0.791, 1.5, 0.19
2017-04-20 10:09:09,355, 1492675749355197922, 0.149, 0.13, -0.055, -0.796, 1.508, 0.179
2017-04-20 10:09:09,357, 1492675749357433383, 0.167, 0.13, -0.05, -0.79, 1.504, 0.15
2017-04-20 10:09:09,359, 1492675749359226197, 0.167, 0.119, -0.058, -0.784, 1.499, 0.122
2017-04-20 10:09:09,361, 1492675749361216081, 0.163, 0.102, -0.06, -0.786, 1.488, 0.117
2017-04-20 10:09:09,363, 1492675749363206122, 0.146, 0.104, -0.059, -0.785, 1.465, 0.13
2017-04-20 10:09:09,365, 1492675749365222459, 0.154, 0.095, -0.063, -0.786, 1.448, 0.125
2017-04-20 10:09:09,367, 1492675749367446190, 0.151, 0.105, -0.076, -0.779, 1.428, 0.174
2017-04-20 10:09:09,369, 1492675749369437350, 0.151, 0.115, -0.069, -0.76, 1.395, 0.195
2017-04-20 10:09:09,371, 1492675749371204700, 0.14, 0.12, -0.08, -0.739, 1.364, 0.211
2017-04-20 10:09:09,373, 1492675749373208294, 0.141, 0.11, -0.082, -0.713, 1.332, 0.211
2017-04-20 10:09:09,375, 1492675749375208556, 0.152, 0.122, -0.093, -0.676, 1.3, 0.215
2017-04-20 10:09:09,380, 1492675749380730337, 0.136, 0.127, -0.081, -0.64, 1.28, 0.207
2017-04-20 10:09:09,382, 1492675749382213569, 0.147, 0.104, -0.125, -0.578, 1.251, 0.227
2017-04-20 10:09:09,384, 1492675749384235916, 0.148, 0.123, -0.074, -0.562, 1.253, 0.215
2017-04-20 10:09:09,386, 1492675749386220972, 0.159, 0.124, -0.033, -0.589, 1.277, 0.231
2017-04-20 10:09:09,393, 1492675749393688555, 0.148, 0.139, -0.018, -0.643, 1.307, 0.19
2017-04-20 10:09:09,395, 1492675749395203324, 0.177, 0.127, -0.063, -0.668, 1.347, 0.171
2017-04-20 10:09:09,397, 1492675749397230000, 0.138, 0.102, -0.017, -0.675, 1.314, 0.141
2017-04-20 10:09:09,399, 1492675749399178170, 0.128, 0.114, 0.016, -0.662, 1.286, 0.141
2017-04-20 10:09:09,406, 1492675749406148213, 0.144, 0.104, 0.003, -0.578, 1.253, 0.138
2017-04-20 10:09:09,407, 1492675749407195805, 0.137, 0.091, -0.044, -0.538, 1.234, 0.166
2017-04-20 10:09:09,410, 1492675749410048130, 0.152, 0.093, -0.095, -0.494, 1.219, 0.211
2017-04-20 10:09:09,411, 1492675749411175300, 0.139, 0.098, -0.056, -0.46, 1.193, 0.203
2017-04-20 10:09:09,416, 1492675749416369791, 0.126, 0.083, -0.063, -0.431, 1.178, 0.19
2017-04-20 10:09:09,418, 1492675749418179415, 0.148, 0.082, -0.08, -0.416, 1.198, 0.247
2017-04-20 10:09:09,420, 1492675749420228089, 0.14, 0.089, -0.076, -0.43, 1.203, 0.203
2017-04-20 10:09:09,422, 1492675749422225848, 0.13, 0.077, -0.09, -0.44, 1.216, 0.174
2017-04-20 10:09:09,424, 1492675749424208379, 0.145, 0.088, -0.077, -0.486, 1.243, 0.195
2017-04-20 10:09:09,426, 1492675749426241435, 0.144, 0.085, -0.067, -0.512, 1.28, 0.179
2017-04-20 10:09:09,428, 1492675749428227741, 0.142, 0.1, -0.074, -0.51, 1.305, 0.133
2017-04-20 10:09:09,430, 1492675749430179969, 0.137, 0.089, -0.073, -0.507, 1.3, 0.146
2017-04-20 10:09:09,432, 1492675749432214449, 0.133, 0.121, -0.066, -0.483, 1.313, 0.146
2017-04-20 10:09:09,434, 1492675749434213123, 0.161, 0.107, -0.06, -0.449, 1.312, 0.133
2017-04-20 10:09:09,446, 1492675749445242404, 0.146, 0.1, -0.06, -0.356, 1.221, 0.154
2017-04-20 10:09:09,450, 1492675749450246473, 0.126, 0.072, -0.048, -0.412, 1.113, 0.239
2017-04-20 10:09:09,452, 1492675749452083605, 0.122, 0.075, -0.042, -0.421, 1.106, 0.26
2017-04-20 10:09:09,454, 1492675749454176929, 0.121, 0.091, -0.057, -0.432, 1.128, 0.219
2017-04-20 10:09:09,456, 1492675749456226765, 0.125, 0.094, -0.053, -0.44, 1.144, 0.203
2017-04-20 10:09:09,458, 1492675749458165887, 0.121, 0.091, -0.024, -0.446, 1.16, 0.19
2017-04-20 10:09:09,460, 1492675749460140541, 0.123, 0.082, -0.034, -0.442, 1.184, 0.166
2017-04-20 10:09:09,462, 1492675749462115345, 0.135, 0.09, -0.045, -0.442, 1.2, 0.141
2017-04-20 10:09:09,464, 1492675749464145162, 0.128, 0.093, -0.044, -0.44, 1.214, 0.122
2017-04-20 10:09:09,466, 1492675749466179250, 0.144, 0.094, -0.048, -0.45, 1.213, 0.122
2017-04-20 10:09:09,468, 1492675749468165860, 0.159, 0.109, -0.076, -0.454, 1.209, 0.089
2017-04-20 10:09:09,470, 1492675749470093907, 0.141, 0.107, -0.068, -0.466, 1.205, 0.093
2017-04-20 10:09:09,472, 1492675749472139463, 0.157, 0.108, -0.06, -0.475, 1.195, 0.109
2017-04-20 10:09:09,474, 1492675749474118474, 0.157, 0.116, -0.084, -0.465, 1.181, 0.154
2017-04-20 10:09:09,479, 1492675749478296577, 0.143, 0.095, -0.076, -0.456, 1.161, 0.138
2017-04-20 10:09:09,481, 1492675749481036531, 0.129, 0.094, -0.085, -0.428, 1.128, 0.171
2017-04-20 10:09:09,487, 1492675749486897453, 0.13, 0.098, -0.071, -0.424, 1.118, 0.195
2017-04-20 10:09:09,488, 1492675749488225441, 0.119, 0.086, -0.072, -0.491, 1.126, 0.239
2017-04-20 10:09:09,490, 1492675749490223519, 0.115, 0.108, -0.05, -0.515, 1.142, 0.207
2017-04-20 10:09:09,492, 1492675749492202333, 0.127, 0.108, -0.047, -0.537, 1.163, 0.207
2017-04-20 10:09:09,494, 1492675749494207661, 0.138, 0.097, -0.048, -0.553, 1.173, 0.211
2017-04-20 10:09:09,496, 1492675749496180462, 0.135, 0.105, -0.044, -0.547, 1.189, 0.182
2017-04-20 10:09:09,498, 1492675749498219793, 0.14, 0.094, -0.043, -0.53, 1.208, 0.179
2017-04-20 10:09:09,500, 1492675749500189120, 0.144, 0.111, -0.06, -0.486, 1.218, 0.158
2017-04-20 10:09:09,502, 1492675749502239278, 0.152, 0.102, -0.044, -0.451, 1.219, 0.146
2017-04-20 10:09:09,504, 1492675749504208578, 0.151, 0.097, -0.049, -0.422, 1.221, 0.133
2017-04-20 10:09:09,506, 1492675749506219347, 0.148, 0.092, -0.059, -0.404, 1.219, 0.141
2017-04-20 10:09:09,509, 1492675749509740662, 0.144, 0.086, -0.05, -0.386, 1.213, 0.13
2017-04-20 10:09:09,519, 1492675749519226408, 0.098, 0.055, -0.081, -0.306, 1.055, 0.195
2017-04-20 10:09:09,521, 1492675749521013238, 0.094, 0.053, -0.087, -0.293, 1.034, 0.227
2017-04-20 10:09:09,523, 1492675749523136815, 0.072, 0.053, -0.099, -0.249, 0.995, 0.252
2017-04-20 10:09:09,525, 1492675749525097250, 0.059, 0.039, -0.107, -0.209, 0.981, 0.255
2017-04-20 10:09:09,530, 1492675749530091404, 0.06, 0.046, -0.098, -0.122, 0.952, 0.263
2017-04-20 10:09:09,531, 1492675749531181927, 0.064, 0.047, -0.119, -0.121, 0.963, 0.243
2017-04-20 10:09:09,534, 1492675749534213733, 0.08, 0.043, -0.127, -0.137, 0.979, 0.223
2017-04-20 10:09:09,536, 1492675749535980606, 0.079, 0.057, -0.112, -0.155, 0.996, 0.215
2017-04-20 10:09:09,537, 1492675749537204960, 0.076, 0.052, -0.115, -0.177, 1.017, 0.19
2017-04-20 10:09:09,540, 1492675749540113578, 0.089, 0.054, -0.11, -0.193, 1.042, 0.166
2017-04-20 10:09:09,541, 1492675749541214635, 0.09, 0.045, -0.099, -0.207, 1.066, 0.146
2017-04-20 10:09:09,544, 1492675749544172094, 0.094, 0.042, -0.101, -0.205, 1.087, 0.138
2017-04-20 10:09:09,549, 1492675749548822577, 0.089, 0.051, -0.103, -0.207, 1.093, 0.125
2017-04-20 10:09:09,551, 1492675749551393998, 0.086, 0.041, -0.113, -0.189, 1.082, 0.171
2017-04-20 10:09:09,553, 1492675749553251422, 0.095, 0.055, -0.131, -0.177, 1.065, 0.179
2017-04-20 10:09:09,555, 1492675749555127402, 0.084, 0.044, -0.124, -0.177, 1.033, 0.195
2017-04-20 10:09:09,556, 1492675749556253999, 0.088, 0.049, -0.13, -0.185, 1.038, 0.247
2017-04-20 10:09:09,558, 1492675749558195882, 0.099, 0.048, -0.14, -0.198, 1.033, 0.271
2017-04-20 10:09:09,560, 1492675749560235627, 0.082, 0.063, -0.154, -0.221, 1.01, 0.268
2017-04-20 10:09:09,562, 1492675749562175447, 0.075, 0.062, -0.144, -0.237, 0.997, 0.279
2017-04-20 10:09:09,564, 1492675749564231642, 0.082, 0.065, -0.178, -0.247, 0.994, 0.288
2017-04-20 10:09:09,566, 1492675749566203226, 0.099, 0.072, -0.195, -0.269, 1.028, 0.276
2017-04-20 10:09:09,568, 1492675749568218833, 0.108, 0.07, -0.158, -0.277, 1.032, 0.268
2017-04-20 10:09:09,570, 1492675749570194239, 0.088, 0.054, -0.168, -0.275, 1.033, 0.271
2017-04-20 10:09:09,572, 1492675749572213365, 0.096, 0.064, -0.21, -0.243, 1.032, 0.239
2017-04-20 10:09:09,574, 1492675749574176683, 0.097, 0.067, -0.201, -0.217, 1.041, 0.263
2017-04-20 10:09:09,576, 1492675749576246392, 0.111, 0.065, -0.223, -0.185, 1.05, 0.239
2017-04-20 10:09:09,583, 1492675749583286521, 0.109, 0.057, -0.244, -0.178, 1.02, 0.263
2017-04-20 10:09:09,585, 1492675749585480052, 0.1, 0.057, -0.274, -0.162, 0.98, 0.268
2017-04-20 10:09:09,587, 1492675749587203050, 0.11, 0.063, -0.268, -0.153, 1.002, 0.255
2017-04-20 10:09:09,589, 1492675749589179824, 0.101, 0.055, -0.263, -0.147, 0.977, 0.255
2017-04-20 10:09:09,591, 1492675749591174474, 0.124, 0.068, -0.293, -0.152, 0.99, 0.279
2017-04-20 10:09:09,593, 1492675749593174463, 0.11, 0.059, -0.294, -0.154, 0.993, 0.26
2017-04-20 10:09:09,595, 1492675749595149321, 0.096, 0.081, -0.306, -0.135, 0.964, 0.255
2017-04-20 10:09:09,598, 1492675749597925053, 0.115, 0.077, -0.298, -0.131, 1.012, 0.263
2017-04-20 10:09:09,599, 1492675749599197617, 0.138, 0.076, -0.302, -0.105, 1.033, 0.252
2017-04-20 10:09:09,601, 1492675749601169377, 0.137, 0.092, -0.281, -0.113, 1.078, 0.203
2017-04-20 10:09:09,603, 1492675749603193629, 0.133, 0.099, -0.276, -0.13, 1.088, 0.138
2017-04-20 10:09:09,606, 1492675749605205651, 0.105, 0.095, -0.247, -0.176, 1.072, 0.13
2017-04-20 10:09:09,607, 1492675749607139960, 0.098, 0.116, -0.263, -0.212, 1.087, 0.069
2017-04-20 10:09:09,609, 1492675749609210108, 0.106, 0.114, -0.27, -0.249, 1.134, 0.069
2017-04-20 10:09:09,611, 1492675749611195827, 0.141, 0.138, -0.264, -0.302, 1.242, 0.097
2017-04-20 10:09:09,622, 1492675749622663789, 0.142, 0.126, -0.247, -0.321, 1.285, 0.141
2017-04-20 10:09:09,624, 1492675749624190264, 0.163, 0.125, -0.359, -0.316, 1.464, 0.171
2017-04-20 10:09:09,626, 1492675749626180862, 0.154, 0.137, -0.372, -0.306, 1.466, 0.146
2017-04-20 10:09:09,633, 1492675749633178319, 0.185, 0.142, -0.352, -0.386, 1.596, 0.122
2017-04-20 10:09:09,635, 1492675749635016332, 0.195, 0.168, -0.327, -0.366, 1.593, 0.101
2017-04-20 10:09:09,637, 1492675749637046631, 0.163, 0.118, -0.363, -0.383, 1.557, 0.13
2017-04-20 10:09:09,639, 1492675749639056846, 0.153, 0.101, -0.413, -0.413, 1.551, 0.158
2017-04-20 10:09:09,641, 1492675749641026659, 0.144, 0.14, -0.353, -0.382, 1.501, 0.158
2017-04-20 10:09:09,643, 1492675749643024079, 0.142, 0.159, -0.388, -0.32, 1.471, 0.089
2017-04-20 10:09:09,653, 1492675749648523258, 0.19, 0.155, -0.453, -0.319, 1.549, 0.138
2017-04-20 10:09:09,654, 1492675749654224463, 0.197, 0.169, -0.404, -0.493, 1.622, 0.268
2017-04-20 10:09:09,657, 1492675749656988333, 0.228, 0.193, -0.457, -0.6, 1.74, 0.271
2017-04-20 10:09:09,659, 1492675749659057185, 0.241, 0.204, -0.47, -0.663, 1.762, 0.325
2017-04-20 10:09:09,666, 1492675749666052932, 0.222, 0.229, -0.495, -0.801, 1.854, 0.263
2017-04-20 10:09:09,667, 1492675749667297176, 0.275, 0.226, -0.412, -0.857, 1.967, 0.26
2017-04-20 10:09:09,669, 1492675749669179792, 0.24, 0.208, -0.431, -0.88, 1.931, 0.211
2017-04-20 10:09:09,671, 1492675749671221470, 0.259, 0.247, -0.446, -0.928, 1.953, 0.252
2017-04-20 10:09:09,673, 1492675749673187222, 0.292, 0.264, -0.425, -0.94, 2.021, 0.279
2017-04-20 10:09:09,675, 1492675749675234121, 0.289, 0.253, -0.415, -0.989, 2.03, 0.174
2017-04-20 10:09:09,677, 1492675749677711855, 0.29, 0.248, -0.318, -1.088, 2.061, 0.255
2017-04-20 10:09:09,679, 1492675749679201067, 0.32, 0.258, -0.468, -1.136, 2.1, 0.219
2017-04-20 10:09:09,681, 1492675749681193824, 0.405, 0.295, -0.549, -1.135, 2.223, 0.263
2017-04-20 10:09:09,683, 1492675749683205988, 0.446, 0.312, -0.465, -1.172, 2.22, 0.268
2017-04-20 10:09:09,689, 1492675749689747349, 0.429, 0.315, -0.54, -1.226, 2.219, 0.279
2017-04-20 10:09:09,691, 1492675749691223921, 0.393, 0.337, -0.587, -1.224, 2.091, 0.333
2017-04-20 10:09:09,693, 1492675749693193913, 0.4, 0.32, -0.729, -1.215, 2.119, 0.32
2017-04-20 10:09:09,695, 1492675749695224593, 0.371, 0.322, -0.693, -1.249, 2.088, 0.434
2017-04-20 10:09:09,697, 1492675749697349662, 0.391, 0.342, -0.629, -1.307, 2.119, 0.604
2017-04-20 10:09:09,699, 1492675749699224548, 0.433, 0.369, -0.632, -1.489, 2.267, 0.617
2017-04-20 10:09:09,701, 1492675749701208500, 0.335, 0.331, -0.497, -1.664, 2.121, 0.954
2017-04-20 10:09:09,703, 1492675749703361157, 0.256, 0.322, -0.43, -2.018, 2.198, 0.95
2017-04-20 10:09:09,705, 1492675749705328657, 0.305, 0.342, -0.474, -2.296, 2.394, 1.21
2017-04-20 10:09:09,707, 1492675749707562044, 0.456, 0.418, -0.469, -2.483, 2.709, 1.299
2017-04-20 10:09:09,709, 1492675749709190158, 0.545, 0.487, -0.515, -2.609, 2.9, 1.088
2017-04-20 10:09:09,711, 1492675749711219769, 0.536, 0.511, -0.433, -2.495, 2.791, 0.747
2017-04-20 10:09:09,720, 1492675749716620975, 0.473, 0.467, -0.389, -2.311, 2.63, 0.796
2017-04-20 10:09:09,720, 1492675749718260749, 0.385, 0.377, -0.524, -2.207, 2.444, 0.966
2017-04-20 10:09:09,720, 1492675749720210823, 0.437, 0.381, -0.519, -2.089, 2.475, 0.84
2017-04-20 10:09:09,722, 1492675749722195788, 0.525, 0.427, -0.617, -2.174, 2.648, 0.982
2017-04-20 10:09:09,724, 1492675749724198636, 0.493, 0.426, -0.629, -2.285, 2.574, 1.186
2017-04-20 10:09:09,726, 1492675749726231871, 0.485, 0.437, -0.673, -2.353, 2.677, 0.99
2017-04-20 10:09:09,728, 1492675749728194121, 0.52, 0.442, -0.92, -2.241, 2.666, 0.962
2017-04-20 10:09:09,730, 1492675749730549423, 0.506, 0.474, -0.885, -2.071, 2.539, 1.023
2017-04-20 10:09:09,732, 1492675749732587271, 0.543, 0.474, -0.822, -2.072, 2.574, 1.056
2017-04-20 10:09:09,734, 1492675749734209847, 0.498, 0.418, -0.904, -1.983, 2.439, 1.067
2017-04-20 10:09:09,736, 1492675749736165914, 0.487, 0.428, -0.926, -1.852, 2.399, 0.937
2017-04-20 10:09:09,738, 1492675749738214885, 0.481, 0.445, -1.088, -1.701, 2.36, 0.913
2017-04-20 10:09:09,740, 1492675749740223869, 0.532, 0.468, -1.192, -1.691, 2.358, 1.015
2017-04-20 10:09:09,742, 1492675749742230458, 0.6, 0.47, -1.281, -1.774, 2.46, 1.007
2017-04-20 10:09:09,744, 1492675749744177845, 0.676, 0.485, -1.605, -1.717, 2.526, 0.905
2017-04-20 10:09:09,746, 1492675749746215774, 0.586, 0.479, -1.786, -1.481, 2.287, 0.649
2017-04-20 10:09:09,748, 1492675749748188428, 0.503, 0.426, -1.86, -1.42, 2.136, 0.592
2017-04-20 10:09:09,750, 1492675749750218820, 0.445, 0.378, -1.959, -1.531, 2.052, 0.682
2017-04-20 10:09:09,752, 1492675749752204442, 0.411, 0.372, -1.972, -1.442, 1.948, 0.568
2017-04-20 10:09:09,755, 1492675749755074268, 0.426, 0.379, -1.998, -1.443, 2.046, 0.75
2017-04-20 10:09:09,756, 1492675749756218344, 0.457, 0.378, -1.979, -1.529, 2.167, 0.954
2017-04-20 10:09:09,758, 1492675749758212460, 0.406, 0.331, -1.974, -1.44, 2.186, 0.864
2017-04-20 10:09:09,760, 1492675749760172489, 0.408, 0.328, -1.987, -1.493, 2.326, 0.779
2017-04-20 10:09:09,765, 1492675749765246277, 0.3, 0.33, -2.001, -1.619, 2.318, 0.796
2017-04-20 10:09:09,767, 1492675749767113690, 0.317, 0.349, -2.002, -1.683, 2.381, 0.771
2017-04-20 10:09:09,769, 1492675749769480773, 0.294, 0.326, -2.02, -1.66, 2.336, 0.75
2017-04-20 10:09:09,771, 1492675749771193689, 0.246, 0.291, -2.04, -1.697, 2.31, 0.804
2017-04-20 10:09:09,773, 1492675749773230858, 0.222, 0.296, -2.013, -1.68, 2.226, 0.86
2017-04-20 10:09:09,775, 1492675749775172395, 0.238, 0.284, -2.065, -1.625, 2.288, 0.796
2017-04-20 10:09:09,777, 1492675749777162595, 0.32, 0.303, -2.041, -1.65, 2.362, 0.832
2017-04-20 10:09:09,782, 1492675749782065619, 0.457, 0.289, -2.021, -1.62, 2.475, 1.161
2017-04-20 10:09:09,783, 1492675749783215539, 0.483, 0.331, -1.989, -1.705, 2.41, 1.132
2017-04-20 10:09:09,788, 1492675749788425348, 0.465, 0.344, -2.003, -1.725, 2.334, 0.872
2017-04-20 10:09:09,790, 1492675749790216258, 0.393, 0.379, -2.035, -1.626, 2.097, 0.978
2017-04-20 10:09:09,792, 1492675749792177941, 0.475, 0.311, -2.022, -1.464, 2.159, 0.828
2017-04-20 10:09:09,794, 1492675749794219652, 0.467, 0.309, -2.037, -1.436, 2.096, 0.755
2017-04-20 10:09:09,801, 1492675749801143781, 0.196, 0.261, -2.065, -1.462, 1.618, 0.726
2017-04-20 10:09:09,802, 1492675749802195399, 0.153, 0.265, -2.082, -1.532, 1.613, 0.796
2017-04-20 10:09:09,804, 1492675749804371752, 0.175, 0.292, -2.071, -1.617, 1.735, 0.856
2017-04-20 10:09:09,807, 1492675749807047173, 0.256, 0.307, -2.082, -1.675, 1.992, 0.869
2017-04-20 10:09:09,810, 1492675749810002329, 0.328, 0.28, -2.077, -1.612, 2.261, 0.75
2017-04-20 10:09:09,814, 1492675749814084338, 0.33, 0.27, -2.107, -1.578, 2.31, 0.788
2017-04-20 10:09:09,815, 1492675749815175648, 0.344, 0.308, -2.117, -1.626, 2.243, 0.763
2017-04-20 10:09:09,817, 1492675749817539488, 0.332, 0.35, -2.114, -1.679, 2.117, 0.755
2017-04-20 10:09:09,819, 1492675749819223321, 0.323, 0.31, -2.12, -1.6, 2.026, 0.877
2017-04-20 10:09:09,825, 1492675749824794886, 0.299, 0.281, -2.121, -1.5, 1.938, 0.909
2017-04-20 10:09:09,826, 1492675749826178702, 0.337, 0.207, -2.11, -1.257, 2.066, 0.934
2017-04-20 10:09:09,828, 1492675749828277793, 0.339, 0.191, -2.119, -1.208, 2.078, 0.913
2017-04-20 10:09:09,830, 1492675749830191818, 0.307, 0.21, -2.121, -1.3, 2.085, 0.864
2017-04-20 10:09:09,832, 1492675749832211216, 0.263, 0.239, -2.121, -1.362, 2.069, 0.848
2017-04-20 10:09:09,834, 1492675749834180303, 0.255, 0.226, -2.117, -1.373, 2.115, 0.799
2017-04-20 10:09:09,836, 1492675749836222940, 0.243, 0.262, -2.122, -1.492, 2.163, 0.758
2017-04-20 10:09:09,838, 1492675749838195192, 0.265, 0.239, -2.126, -1.483, 2.25, 0.747
2017-04-20 10:09:09,840, 1492675749840205494, 0.291, 0.228, -2.144, -1.491, 2.335, 0.755
2017-04-20 10:09:09,842, 1492675749842183053, 0.302, 0.249, -2.14, -1.497, 2.362, 0.775
2017-04-20 10:09:09,844, 1492675749844214450, 0.315, 0.253, -2.167, -1.436, 2.35, 0.807
2017-04-20 10:09:09,846, 1492675749846182251, 0.317, 0.256, -2.147, -1.414, 2.3, 0.885
2017-04-20 10:09:09,848, 1492675749848177938, 0.334, 0.27, -2.151, -1.401, 2.284, 0.966
2017-04-20 10:09:09,853, 1492675749852939557, 0.358, 0.253, -2.146, -1.341, 2.248, 0.986
2017-04-20 10:09:09,855, 1492675749854463242, 0.356, 0.225, -2.144, -1.226, 2.104, 0.937
2017-04-20 10:09:09,857, 1492675749857090030, 0.317, 0.229, -2.143, -1.191, 1.962, 0.893
2017-04-20 10:09:09,858, 1492675749858235209, 0.259, 0.225, -2.143, -1.185, 1.857, 0.885
2017-04-20 10:09:09,860, 1492675749860190437, 0.234, 0.214, -2.17, -1.147, 1.792, 0.856
2017-04-20 10:09:09,862, 1492675749862172604, 0.23, 0.189, -2.165, -1.104, 1.779, 0.832
2017-04-20 10:09:09,864, 1492675749864180088, 0.225, 0.175, -2.138, -1.063, 1.799, 0.791
2017-04-20 10:09:09,866, 1492675749866234810, 0.22, 0.159, -2.154, -1.072, 1.815, 0.718
2017-04-20 10:09:09,868, 1492675749868632286, 0.217, 0.161, -2.159, -1.086, 1.846, 0.706
2017-04-20 10:09:09,870, 1492675749870233398, 0.209, 0.193, -2.16, -1.143, 1.86, 0.69
2017-04-20 10:09:09,872, 1492675749872177634, 0.205, 0.219, -2.157, -1.192, 1.851, 0.677
2017-04-20 10:09:09,874, 1492675749874227446, 0.204, 0.218, -2.142, -1.218, 1.824, 0.702
2017-04-20 10:09:09,876, 1492675749876182087, 0.221, 0.22, -2.128, -1.217, 1.798, 0.739
2017-04-20 10:09:09,878, 1492675749878227882, 0.244, 0.195, -2.116, -1.179, 1.803, 0.742
2017-04-20 10:09:09,880, 1492675749880157607, 0.253, 0.197, -2.116, -1.172, 1.802, 0.739
2017-04-20 10:09:09,882, 1492675749882220013, 0.259, 0.227, -2.119, -1.205, 1.788, 0.783
2017-04-20 10:09:09,884, 1492675749884179243, 0.258, 0.238, -2.108, -1.223, 1.806, 0.807
2017-04-20 10:09:09,886, 1492675749886235559, 0.259, 0.232, -2.112, -1.243, 1.799, 0.804
2017-04-20 10:09:09,888, 1492675749888225003, 0.257, 0.242, -2.126, -1.251, 1.809, 0.815
2017-04-20 10:09:09,894, 1492675749894203450, 0.242, 0.206, -2.145, -1.232, 1.805, 0.836
2017-04-20 10:09:09,896, 1492675749896008666, 0.248, 0.231, -2.135, -1.229, 1.793, 0.807
2017-04-20 10:09:09,898, 1492675749898081152, 0.241, 0.231, -2.117, -1.245, 1.792, 0.812
2017-04-20 10:09:09,900, 1492675749900198200, 0.223, 0.248, -2.104, -1.269, 1.769, 0.796
2017-04-20 10:09:09,902, 1492675749902132682, 0.231, 0.247, -2.111, -1.272, 1.752, 0.783
2017-04-20 10:09:09,904, 1492675749904188678, 0.232, 0.232, -2.103, -1.254, 1.758, 0.766
2017-04-20 10:09:09,906, 1492675749906223141, 0.243, 0.228, -2.107, -1.245, 1.758, 0.766
2017-04-20 10:09:09,908, 1492675749908594301, 0.248, 0.228, -2.109, -1.239, 1.736, 0.783
2017-04-20 10:09:09,910, 1492675749910209050, 0.237, 0.239, -2.108, -1.236, 1.712, 0.796
2017-04-20 10:09:09,912, 1492675749912178338, 0.23, 0.227, -2.104, -1.233, 1.697, 0.808
2017-04-20 10:09:09,914, 1492675749914187552, 0.228, 0.234, -2.098, -1.207, 1.682, 0.815
2017-04-20 10:09:09,916, 1492675749916042259, 0.23, 0.231, -2.116, -1.196, 1.654, 0.824
2017-04-20 10:09:09,918, 1492675749918092147, 0.226, 0.226, -2.105, -1.183, 1.634, 0.844
2017-04-20 10:09:09,920, 1492675749920036331, 0.215, 0.215, -2.111, -1.147, 1.601, 0.84
2017-04-20 10:09:09,925, 1492675749922316765, 0.229, 0.208, -2.117, -1.113, 1.583, 0.832
2017-04-20 10:09:09,925, 1492675749924227235, 0.223, 0.215, -2.124, -1.137, 1.58, 0.84
2017-04-20 10:09:09,929, 1492675749929209908, 0.171, 0.167, -2.128, -1.016, 1.457, 0.836
2017-04-20 10:09:09,931, 1492675749931118949, 0.197, 0.187, -2.128, -1.046, 1.478, 0.836
2017-04-20 10:09:09,933, 1492675749933112674, 0.21, 0.203, -2.15, -1.051, 1.507, 0.804
2017-04-20 10:09:09,935, 1492675749935055421, 0.2, 0.193, -2.128, -0.99, 1.479, 0.796
2017-04-20 10:09:09,937, 1492675749937098819, 0.171, 0.175, -2.121, -0.955, 1.457, 0.828
2017-04-20 10:09:09,939, 1492675749939163366, 0.199, 0.18, -2.114, -0.967, 1.483, 0.82
2017-04-20 10:09:09,941, 1492675749941197992, 0.219, 0.173, -2.106, -0.932, 1.503, 0.796
2017-04-20 10:09:09,943, 1492675749943091932, 0.209, 0.181, -2.095, -0.925, 1.501, 0.82
2017-04-20 10:09:09,945, 1492675749945097545, 0.205, 0.186, -2.116, -0.928, 1.479, 0.824
2017-04-20 10:09:09,947, 1492675749947073968, 0.214, 0.196, -2.102, -0.937, 1.521, 0.799
2017-04-20 10:09:09,949, 1492675749949124747, 0.226, 0.197, -2.102, -0.928, 1.535, 0.82
2017-04-20 10:09:09,951, 1492675749951135468, 0.212, 0.195, -2.106, -0.9, 1.544, 0.82
2017-04-20 10:09:09,953, 1492675749953772686, 0.222, 0.189, -2.12, -0.909, 1.577, 0.807
2017-04-20 10:09:09,955, 1492675749955193161, 0.245, 0.19, -2.102, -0.926, 1.648, 0.804
2017-04-20 10:09:09,959, 1492675749959316277, 0.221, 0.198, -2.097, -0.967, 1.64, 0.783
2017-04-20 10:09:09,961, 1492675749961849167, 0.218, 0.194, -2.1, -0.976, 1.65, 0.799
2017-04-20 10:09:09,963, 1492675749963227217, 0.24, 0.201, -2.105, -0.999, 1.693, 0.815
2017-04-20 10:09:09,965, 1492675749965170733, 0.245, 0.206, -2.103, -1.017, 1.697, 0.82
2017-04-20 10:09:09,967, 1492675749967225315, 0.245, 0.211, -2.089, -1.01, 1.681, 0.856
2017-04-20 10:09:09,969, 1492675749969164000, 0.244, 0.209, -2.088, -0.993, 1.662, 0.864
2017-04-20 10:09:09,971, 1492675749971232926, 0.244, 0.197, -2.105, -0.98, 1.637, 0.869
2017-04-20 10:09:09,973, 1492675749973176288, 0.232, 0.188, -2.103, -0.96, 1.59, 0.893