2017-04-20 10:10:14,651, 1492675814651212937, 1.1, 0.819, -3.536, -1.056, 1.732, 1.067
2017-04-20 10:10:14,653, 1492675814653225280, 1.091, 0.816, -3.497, -1.096, 1.717, 1.035
2017-04-20 10:10:14,655, 1492675814655222899, 1.074, 0.81, -3.51, -1.151, 1.697, 1.023
2017-04-20 10:10:14,657, 1492675814657256073, 1.086, 0.818, -3.49, -1.2, 1.696, 1.018
2017-04-20 10:10:14,659, 1492675814659359099, 1.079, 0.827, -3.492, -1.264, 1.68, 1.007
2017-04-20 10:10:14,661, 1492675814661245734, 1.077, 0.825, -3.523, -1.312, 1.681, 1.01
2017-04-20 10:10:14,663, 1492675814663247964, 1.087, 0.838, -3.507, -1.33, 1.673, 1.026
2017-04-20 10:10:14,665, 1492675814665245454, 1.076, 0.81, -3.539, -1.324, 1.658, 1.01
2017-04-20 10:10:14,667, 1492675814667203637, 1.078, 0.805, -3.553, -1.312, 1.639, 0.999
2017-04-20 10:10:14,669, 1492675814669258862, 1.078, 0.8, -3.567, -1.299, 1.628, 0.99
2017-04-20 10:10:14,676, 1492675814676651951, 1.068, 0.812, -3.613, -1.285, 1.626, 1.015
2017-04-20 10:10:14,682, 1492675814682197216, 1.06, 0.789, -3.664, -1.05, 1.664, 1.043
2017-04-20 10:10:14,684, 1492675814684043349, 1.086, 0.793, -3.676, -1.001, 1.694, 1.075
2017-04-20 10:10:14,686, 1492675814686246184, 1.096, 0.794, -3.664, -0.953, 1.733, 1.121
2017-04-20 10:10:14,688, 1492675814688042345, 1.106, 0.789, -3.665, -0.908, 1.762, 1.137
2017-04-20 10:10:14,690, 1492675814690096332, 1.131, 0.788, -3.644, -0.862, 1.791, 1.156
2017-04-20 10:10:14,692, 1492675814692058117, 1.134, 0.785, -3.619, -0.834, 1.819, 1.205
2017-04-20 10:10:14,694, 1492675814694066664, 1.141, 0.788, -3.597, -0.82, 1.839, 1.23
2017-04-20 10:10:14,696, 1492675814696014517, 1.143, 0.788, -3.608, -0.809, 1.87, 1.238
2017-04-20 10:10:14,698, 1492675814698091844, 1.162, 0.791, -3.618, -0.817, 1.897, 1.262
2017-04-20 10:10:14,700, 1492675814700091393, 1.165, 0.781, -3.606, -0.813, 1.909, 1.286
2017-04-20 10:10:14,702, 1492675814702069939, 1.165, 0.777, -3.594, -0.805, 1.919, 1.291
2017-04-20 10:10:14,710, 1492675814710236626, 1.164, 0.78, -3.604, -0.861, 1.9, 1.258
2017-04-20 10:10:14,712, 1492675814712077844, 1.148, 0.783, -3.595, -0.866, 1.884, 1.254
2017-04-20 10:10:14,714, 1492675814714209906, 1.129, 0.77, -3.599, -0.871, 1.853, 1.238
2017-04-20 10:10:14,716, 1492675814716112384, 1.121, 0.755, -3.596, -0.879, 1.837, 1.226
2017-04-20 10:10:14,718, 1492675814718133025, 1.124, 0.757, -3.591, -0.892, 1.81, 1.213
2017-04-20 10:10:14,720, 1492675814720124262, 1.116, 0.755, -3.621, -0.911, 1.79, 1.202
2017-04-20 10:10:14,722, 1492675814722396942, 1.088, 0.752, -3.627, -0.926, 1.774, 1.161
2017-04-20 10:10:14,724, 1492675814724251212, 1.091, 0.753, -3.652, -0.933, 1.739, 1.108
2017-04-20 10:10:14,726, 1492675814726186307, 1.084, 0.757, -3.656, -0.937, 1.726, 1.092
2017-04-20 10:10:14,728, 1492675814728124104, 1.083, 0.753, -3.674, -0.933, 1.718, 1.083
2017-04-20 10:10:14,730, 1492675814730102537, 1.086, 0.761, -3.675, -0.925, 1.705, 1.047
2017-04-20 10:10:14,732, 1492675814732101548, 1.084, 0.757, -3.684, -0.916, 1.706, 1.035
2017-04-20 10:10:14,734, 1492675814734228549, 1.098, 0.765, -3.693, -0.909, 1.711, 1.023
2017-04-20 10:10:14,736, 1492675814736419882, 1.093, 0.781, -3.675, -0.894, 1.726, 1.026
2017-04-20 10:10:14,738, 1492675814738229534, 1.11, 0.802, -3.643, -0.911, 1.744, 1.031
2017-04-20 10:10:14,740, 1492675814740287279, 1.115, 0.812, -3.593, -0.958, 1.764, 1.035
2017-04-20 10:10:14,742, 1492675814742702337, 1.12, 0.817, -3.527, -1.02, 1.788, 1.031
2017-04-20 10:10:14,744, 1492675814744246790, 1.159, 0.851, -3.381, -1.174, 1.861, 1.011
2017-04-20 10:10:14,746, 1492675814746055520, 1.167, 0.867, -3.316, -1.254, 1.893, 1.007
2017-04-20 10:10:14,754, 1492675814754230868, 1.204, 0.955, -2.615, -2.005, 2.129, 0.999
2017-04-20 10:10:14,756, 1492675814756014949, 1.205, 0.959, -2.429, -2.239, 2.201, 0.995
2017-04-20 10:10:14,758, 1492675814758146146, 1.169, 0.944, -2.231, -2.532, 2.221, 0.999
2017-04-20 10:10:14,760, 1492675814760118920, 1.193, 0.996, -2.147, -2.871, 2.348, 0.999
2017-04-20 10:10:14,765, 1492675814765252874, 1.137, 0.992, -2.099, -3.084, 2.405, 1.194
2017-04-20 10:10:14,767, 1492675814767043110, 1.051, 0.971, -2.096, -3.033, 2.226, 1.283
2017-04-20 10:10:14,773, 1492675814772361735, 1.057, 0.936, -2.051, -2.985, 2.328, 1.164
2017-04-20 10:10:14,774, 1492675814774284153, 1.209, 0.979, -2.02, -3.002, 2.525, 1.47
2017-04-20 10:10:14,777, 1492675814777277315, 1.243, 0.97, -1.992, -2.915, 2.536, 1.551
2017-04-20 10:10:14,779, 1492675814779074862, 1.246, 0.937, -1.988, -2.801, 2.538, 1.592
2017-04-20 10:10:14,780, 1492675814780240640, 1.248, 0.899, -1.956, -2.687, 2.493, 1.632
2017-04-20 10:10:14,782, 1492675814782217356, 1.259, 0.897, -1.938, -2.678, 2.48, 1.714
2017-04-20 10:10:14,784, 1492675814784238303, 1.281, 0.926, -1.948, -2.676, 2.485, 1.722
2017-04-20 10:10:14,786, 1492675814786304806, 1.153, 1.642, 4.905, -2.713, 2.164, 1.38
2017-04-20 10:10:14,788, 1492675814788230603, 1.595, 0.956, 3.548, -3.377, 3.031, 1.9
2017-04-20 10:10:14,790, 1492675814790228604, 0.896, 0.685, -1.868, -2.789, 2.752, 0.304
2017-04-20 10:10:14,792, 1492675814792218771, 0.299, 0.031, -1.39, -1.827, 1.927, 1.343
2017-04-20 10:10:14,795, 1492675814795081884, -0.208, -0.093, -0.695, -4.046, 2.095, 1.636
2017-04-20 10:10:14,797, 1492675814797285134, -0.043, 0.522, 2.775, -6.106, 2.459, 0.637
2017-04-20 10:10:14,799, 1492675814799075262, 0.536, 0.624, 1.062, -6.347, 3.87, 0.482
2017-04-20 10:10:14,800, 1492675814800249886, 0.606, 0.866, -0.399, -6.962, 4.25, 1.401
2017-04-20 10:10:14,802, 1492675814802583062, 0.368, 0.654, 0.091, -7.12, 3.877, 1.567
2017-04-20 10:10:14,804, 1492675814804244557, 0.269, 0.49, 2.495, -6.305, 4.081, 0.166
2017-04-20 10:10:14,809, 1492675814808764201, 0.369, 0.52, 1.474, -5.675, 4.257, -0.203
2017-04-20 10:10:14,811, 1492675814810868668, 0.376, 0.596, 1.345, -4.189, 3.452, 1.156
2017-04-20 10:10:14,813, 1492675814813148360, 0.522, 0.361, 1.162, -4.565, 3.304, 0.284
2017-04-20 10:10:14,814, 1492675814814235201, 0.536, 0.364, 0.293, -4.698, 3.066, 0.228
2017-04-20 10:10:14,816, 1492675814816218270, 0.473, 0.536, 0.923, -4.252, 2.511, 0.869
2017-04-20 10:10:14,818, 1492675814818301050, 0.283, 0.605, 1.382, -3.592, 1.852, 0.909
2017-04-20 10:10:14,820, 1492675814820216338, 0.241, 0.371, 0.306, -3.042, 1.607, 0.171
2017-04-20 10:10:14,822, 1492675814822236387, 0.345, 0.093, 0.518, -2.557, 1.722, 0.028
2017-04-20 10:10:14,824, 1492675814824196886, 0.291, 0.077, 1.448, -2.263, 1.527, 0.536
2017-04-20 10:10:14,830, 1492675814830035459, 0.118, 0.222, 0.99, -1.785, 1.425, 0.301
2017-04-20 10:10:14,831, 1492675814831202460, 0.13, 0.146, 1.488, -2.11, 1.358, 0.515
2017-04-20 10:10:14,833, 1492675814833226375, 0.094, 0.035, 1.014, -2.54, 1.276, 0.601
2017-04-20 10:10:14,835, 1492675814835335543, -0.095, 0.114, 0.896, -2.703, 0.821, 0.641
2017-04-20 10:10:14,842, 1492675814840318518, -0.131, 0.298, 1.373, -2.573, 0.547, 0.779
2017-04-20 10:10:14,844, 1492675814844208084, 0.109, 0.223, 1.609, -2.219, 0.152, 0.848
2017-04-20 10:10:14,845, 1492675814845237534, 0.01, 0.272, 1.446, -1.878, -0.357, 0.954
2017-04-20 10:10:14,846, 1492675814846204110, -0.028, 0.323, 1.105, -1.556, -0.645, 0.918
2017-04-20 10:10:14,848, 1492675814848235307, -0.122, 0.337, 0.634, -0.885, -0.941, 0.382
2017-04-20 10:10:14,850, 1492675814850212896, -0.473, -0.238, 0.325, 0.122, -1.359, -0.394
2017-04-20 10:10:14,852, 1492675814852233794, -0.488, -0.075, 0.926, -0.246, -1.443, -0.817
2017-04-20 10:10:14,854, 1492675814854160132, -0.213, -0.213, 0.841, 0.294, -1.172, -0.235
2017-04-20 10:10:14,856, 1492675814856250013, 0.081, -0.02, 0.429, 0.628, -0.915, -0.492
2017-04-20 10:10:14,858, 1492675814858201565, 0.084, 0.031, 0.093, 0.511, -0.9, -0.362
2017-04-20 10:10:14,860, 1492675814860237656, -0.017, 0.015, 0.624, 0.701, -1.276, -0.289
2017-04-20 10:10:14,862, 1492675814862212200, -0.076, -0.126, -0.014, 1.321, -1.483, -0.013
2017-04-20 10:10:14,864, 1492675814864239847, 0.103, 0.01, -1.116, 1.042, -1.511, 0.905
2017-04-20 10:10:14,866, 1492675814866237920, -0.08, -0.058, 0.272, 1.615, -1.839, 0.568
2017-04-20 10:10:14,874, 1492675814874262722, -0.273, -0.169, 0.356, 2.31, -2.344, -0.135
2017-04-20 10:10:14,876, 1492675814876131504, -0.04, 0.01, 0.245, 1.671, -1.596, -0.122
2017-04-20 10:10:14,878, 1492675814878178617, -0.006, 0.033, -0.305, 0.939, -1.328, 0.016
2017-04-20 10:10:14,883, 1492675814883224950, -0.09, 0.135, 0.124, -1.815, -0.569, 0.596
2017-04-20 10:10:14,885, 1492675814885056365, -0.048, 0.141, -0.167, -1.937, -0.145, 0.089
2017-04-20 10:10:14,887, 1492675814887089199, 0.032, 0.379, 0.216, -2.386, 0.45, -0.573
2017-04-20 10:10:14,889, 1492675814889058820, 0.068, 0.337, 0.311, -2.674, 0.748, -0.354
2017-04-20 10:10:14,891, 1492675814891067692, 0.067, 0.196, 0.064, -2.432, 0.98, 0.012
2017-04-20 10:10:14,893, 1492675814893068924, 0.165, 0.254, 0.071, -2.265, 1.416, -0.013
2017-04-20 10:10:14,895, 1492675814895044981, 0.201, 0.413, 0.314, -2.392, 1.715, -0.207
2017-04-20 10:10:14,897, 1492675814897099624, 0.255, 0.322, 0.009, -2.089, 1.983, 0.284
2017-04-20 10:10:14,899, 1492675814899212872, 0.297, 0.354, -0.064, -1.99, 2.31, 0.471
2017-04-20 10:10:14,901, 1492675814901092773, 0.322, 0.325, 0.162, -1.897, 2.48, -0.008
2017-04-20 10:10:14,903, 1492675814903075688, 0.433, 0.244, 0.098, -1.665, 2.856, -0.333
2017-04-20 10:10:14,909, 1492675814909776688, 0.521, 0.25, -0.095, -1.546, 3.169, -0.045
2017-04-20 10:10:14,911, 1492675814911192642, 0.473, 0.083, 0.02, -0.905, 3.392, 0.328
2017-04-20 10:10:14,914, 1492675814914228575, 0.421, -0.034, 0.124, -0.317, 3.334, 0.357
2017-04-20 10:10:14,916, 1492675814916119977, 0.376, -0.004, 0.045, 0.113, 3.315, 0.158
2017-04-20 10:10:14,918, 1492675814918091565, 0.409, -0.033, -0.066, 0.487, 3.254, 0.11
2017-04-20 10:10:14,919, 1492675814919187514, 0.413, -0.051, 0.008, 0.9, 3.154, 0.155
2017-04-20 10:10:14,921, 1492675814921236938, 0.4, -0.059, 0.064, 1.117, 3.034, 0.13
2017-04-20 10:10:14,923, 1492675814923229230, 0.311, -0.098, -0.098, 1.112, 2.661, 0.105
2017-04-20 10:10:14,925, 1492675814925238519, 0.26, -0.119, -0.092, 1.141, 2.352, 0.293
2017-04-20 10:10:14,927, 1492675814927203060, 0.302, -0.058, 0.009, 0.936, 2.112, 0.386
2017-04-20 10:10:14,929, 1492675814929235613, 0.27, -0.031, -0.069, 0.607, 1.793, 0.179
2017-04-20 10:10:14,931, 1492675814931210030, 0.257, -0.067, -0.072, 0.366, 1.474, -0.032
2017-04-20 10:10:14,933, 1492675814933239574, 0.252, -0.009, 0.076, 0.042, 1.125, 0.025
2017-04-20 10:10:14,935, 1492675814935211292, 0.198, 0.048, 0.009, -0.326, 0.829, -0.069
2017-04-20 10:10:14,937, 1492675814937230862, 0.138, 0.039, -0.05, -0.528, 0.548, -0.243
2017-04-20 10:10:14,939, 1492675814939201689, 0.081, 0.08, 0.11, -0.74, 0.158, -0.061
2017-04-20 10:10:14,941, 1492675814941241286, 0.018, 0.104, 0.148, -0.897, -0.162, 0.09
2017-04-20 10:10:14,943, 1492675814943178936, -0.009, 0.115, 0.078, -0.891, -0.334, -0.061
2017-04-20 10:10:14,945, 1492675814945295016, -0.06, 0.148, 0.123, -0.879, -0.567, -0.13
2017-04-20 10:10:14,947, 1492675814947486945, -0.139, 0.127, 0.145, -0.797, -0.887, -0.045
2017-04-20 10:10:14,949, 1492675814949242783, -0.166, 0.111, 0.065, -0.66, -1.091, -0.089
2017-04-20 10:10:14,951, 1492675814951232407, -0.151, 0.128, 0.029, -0.658, -1.215, -0.159
2017-04-20 10:10:14,953, 1492675814953253403, -0.152, 0.091, 0.067, -0.591, -1.37, -0.081
2017-04-20 10:10:14,955, 1492675814955157866, -0.189, 0.043, 0.07, -0.483, -1.527, 0.008
2017-04-20 10:10:14,957, 1492675814957238259, -0.198, 0.071, -0.008, -0.407, -1.667, -0.029
2017-04-20 10:10:14,959, 1492675814959208898, -0.179, 0.047, -0.091, -0.263, -1.673, -0.121
2017-04-20 10:10:14,961, 1492675814961303311, -0.178, 0.013, -0.031, -0.068, -1.712, -0.122
2017-04-20 10:10:14,963, 1492675814963303241, -0.17, 0.004, -0.049, 0.095, -1.742, -0.073
2017-04-20 10:10:14,965, 1492675814965209036, -0.118, 0.003, -0.156, 0.298, -1.603, -0.134
2017-04-20 10:10:14,967, 1492675814967208158, -0.079, -0.008, -0.137, 0.446, -1.448, -0.053
2017-04-20 10:10:14,969, 1492675814969293267, -0.125, 0.014, -0.071, 0.45, -1.353, 0.069
2017-04-20 10:10:14,971, 1492675814971222824, -0.129, 0.015, -0.087, 0.458, -1.182, 0.085
2017-04-20 10:10:14,973, 1492675814973200512, -0.098, 0.041, -0.083, 0.299, -0.91, 0.044
2017-04-20 10:10:14,975, 1492675814975194027, -0.079, 0.089, 0.028, -0.045, -0.655, 0.036
2017-04-20 10:10:14,978, 1492675814978300831, -0.055, 0.089, 0.04, -0.34, -0.502, 0.004
2017-04-20 10:10:14,980, 1492675814980145019, -0.031, 0.131, 0.109, -0.784, -0.169, -0.045
2017-04-20 10:10:14,981, 1492675814981231111, -0.035, 0.178, 0.115, -1.151, 0.037, -0.105
2017-04-20 10:10:14,983, 1492675814983205054, -0.047, 0.16, 0.116, -1.342, 0.175, -0.094
2017-04-20 10:10:14,985, 1492675814985363023, 0.0, 0.156, 0.187, -1.529, 0.376, -0.005
2017-04-20 10:10:14,987, 1492675814987191378, 0.078, 0.199, 0.185, -1.677, 0.673, -0.016
2017-04-20 10:10:14,989, 1492675814989237108, 0.12, 0.159, 0.148, -1.573, 0.869, -0.094
2017-04-20 10:10:14,991, 1492675814991218598, 0.131, 0.154, 0.195, -1.387, 0.98, -0.041
2017-04-20 10:10:14,993, 1492675814993256295, 0.142, 0.138, 0.109, -1.134, 1.138, -0.008
2017-04-20 10:10:14,995, 1492675814995245390, 0.153, 0.072, -0.029, -0.758, 1.252, -0.045
2017-04-20 10:10:14,997, 1492675814997225168, 0.204, 0.06, 0.047, -0.408, 1.38, -0.005
2017-04-20 10:10:14,999, 1492675814999179561, 0.244, 0.029, 0.012, -0.06, 1.511, 0.077
2017-04-20 10:10:15,002, 1492675815001852234, 0.261, -0.045, -0.12, 0.3, 1.601, 0.057
2017-04-20 10:10:15,003, 1492675815003224268, 0.259, -0.058, -0.085, 0.545, 1.637, 0.109
2017-04-20 10:10:15,005, 1492675815005213464, 0.251, -0.092, -0.057, 0.77, 1.7, 0.125
2017-04-20 10:10:15,007, 1492675815007213923, 0.279, -0.128, -0.188, 0.97, 1.763, 0.098
2017-04-20 10:10:15,013, 1492675815013705649, 0.271, -0.122, -0.163, 1.03, 1.819, 0.109
2017-04-20 10:10:15,015, 1492675815015188318, 0.228, -0.142, -0.121, 1.13, 1.774, 0.15
2017-04-20 10:10:15,017, 1492675815017238390, 0.205, -0.111, -0.087, 1.076, 1.719, 0.133
2017-04-20 10:10:15,019, 1492675815019212326, 0.194, -0.11, -0.152, 0.987, 1.607, 0.146
2017-04-20 10:10:15,021, 1492675815021240725, 0.154, -0.072, -0.112, 0.799, 1.473, 0.162
2017-04-20 10:10:15,023, 1492675815023211179, 0.122, -0.056, -0.107, 0.562, 1.253, 0.109
2017-04-20 10:10:15,025, 1492675815025426298, 0.094, -0.045, -0.192, 0.336, 1.048, 0.085
2017-04-20 10:10:15,027, 1492675815027495366, 0.1, 0.027, -0.187, 0.041, 0.848, 0.073
2017-04-20 10:10:15,029, 1492675815029217997, 0.089, 0.054, -0.158, -0.248, 0.634, 0.041
2017-04-20 10:10:15,031, 1492675815031209749, 0.031, 0.054, -0.254, -0.552, 0.386, -0.024
2017-04-20 10:10:15,033, 1492675815033260925, 0.014, 0.11, -0.256, -0.816, 0.156, 0.02
2017-04-20 10:10:15,035, 1492675815035201202, 0.029, 0.172, -0.249, -1.054, -0.026, -0.078
2017-04-20 10:10:15,037, 1492675815037246125, -0.024, 0.175, -0.319, -1.232, -0.279, -0.121
2017-04-20 10:10:15,039, 1492675815039206477, -0.055, 0.184, -0.418, -1.381, -0.536, -0.094
2017-04-20 10:10:15,041, 1492675815041263768, -0.064, 0.21, -0.406, -1.459, -0.66, -0.097
2017-04-20 10:10:15,044, 1492675815043779777, -0.111, 0.209, -0.514, -1.443, -0.89, -0.138
2017-04-20 10:10:15,046, 1492675815046307369, -0.157, 0.199, -0.618, -1.341, -1.11, -0.134
2017-04-20 10:10:15,048, 1492675815048128480, -0.11, 0.216, -0.578, -1.196, -1.114, -0.081
2017-04-20 10:10:15,049, 1492675815049221626, -0.083, 0.207, -0.59, -1.126, -1.17, -0.114
2017-04-20 10:10:15,051, 1492675815051213178, -0.124, 0.176, -0.653, -1.033, -1.277, -0.126
2017-04-20 10:10:15,053, 1492675815053228884, -0.167, 0.137, -0.681, -0.893, -1.401, -0.065
2017-04-20 10:10:15,055, 1492675815055195164, -0.169, 0.13, -0.609, -0.736, -1.399, -0.024
2017-04-20 10:10:15,057, 1492675815057470262, -0.139, 0.118, -0.605, -0.618, -1.334, -0.089
2017-04-20 10:10:15,062, 1492675815062062895, -0.167, -0.019, -0.61, -0.152, -1.251, 0.012
2017-04-20 10:10:15,063, 1492675815063233765, -0.137, -0.011, -0.588, 0.059, -1.125, -0.028
2017-04-20 10:10:15,065, 1492675815065329356, -0.095, -0.021, -0.566, 0.32, -0.928, -0.057
2017-04-20 10:10:15,067, 1492675815067240105, -0.119, -0.049, -0.609, 0.578, -0.908, -0.005
2017-04-20 10:10:15,069, 1492675815069182551, -0.14, -0.098, -0.596, 0.766, -0.837, 0.097
2017-04-20 10:10:15,071, 1492675815071240927, -0.106, -0.09, -0.534, 0.924, -0.64, 0.073
2017-04-20 10:10:15,073, 1492675815073188956, -0.052, -0.087, -0.5, 0.957, -0.488, 0.049
2017-04-20 10:10:15,075, 1492675815075245239, -0.068, -0.108, -0.504, 0.973, -0.386, 0.065
2017-04-20 10:10:15,081, 1492675815080876397, -0.085, -0.128, -0.527, 0.943, -0.331, 0.093
2017-04-20 10:10:15,083, 1492675815082712889, 0.016, -0.073, -0.48, 0.712, 0.092, 0.049
2017-04-20 10:10:15,084, 1492675815084191818, 0.048, -0.066, -0.517, 0.493, 0.261, 0.052
2017-04-20 10:10:15,086, 1492675815086221509, 0.037, -0.071, -0.576, 0.363, 0.325, 0.077
2017-04-20 10:10:15,088, 1492675815088205420, 0.045, -0.051, -0.572, 0.192, 0.445, 0.044
2017-04-20 10:10:15,090, 1492675815090406975, 0.04, -0.022, -0.607, 0.071, 0.544, 0.024
2017-04-20 10:10:15,092, 1492675815092186118, 0.033, -0.015, -0.663, -0.001, 0.569, 0.003
2017-04-20 10:10:15,094, 1492675815094253567, 0.075, 0.015, -0.682, -0.076, 0.669, 0.041
2017-04-20 10:10:15,096, 1492675815096215007, 0.114, 0.052, -0.668, -0.187, 0.804, 0.052
2017-04-20 10:10:15,098, 1492675815098234529, 0.098, 0.043, -0.691, -0.296, 0.835, 0.024
2017-04-20 10:10:15,100, 1492675815100208088, 0.077, 0.062, -0.712, -0.388, 0.798, 0.06
2017-04-20 10:10:15,102, 1492675815102228908, 0.082, 0.084, -0.687, -0.519, 0.824, 0.09
2017-04-20 10:10:15,104, 1492675815104193650, 0.102, 0.116, -0.655, -0.646, 0.855, 0.0
2017-04-20 10:10:15,106, 1492675815106256159, 0.118, 0.121, -0.631, -0.799, 0.86, -0.049
2017-04-20 10:10:15,108, 1492675815108187114, 0.113, 0.121, -0.588, -0.936, 0.828, 0.02
2017-04-20 10:10:15,110, 1492675815110247401, 0.114, 0.113, -0.538, -1.033, 0.826, -0.008
2017-04-20 10:10:15,112, 1492675815112599460, 0.123, 0.138, -0.479, -1.073, 0.794, -0.057
2017-04-20 10:10:15,115, 1492675815115149523, 0.077, 0.133, -0.433, -1.038, 0.713, -0.021
2017-04-20 10:10:15,117, 1492675815117039184, 0.062, 0.109, -0.414, -0.956, 0.654, 0.0
2017-04-20 10:10:15,118, 1492675815118214323, 0.058, 0.098, -0.34, -0.844, 0.601, 0.012
2017-04-20 10:10:15,120, 1492675815120194175, 0.059, 0.111, -0.289, -0.677, 0.545, -0.008
2017-04-20 10:10:15,122, 1492675815122299155, 0.027, 0.083, -0.269, -0.475, 0.46, 0.033
2017-04-20 10:10:15,124, 1492675815124224083, 0.003, 0.049, -0.228, -0.285, 0.319, 0.02
2017-04-20 10:10:15,126, 1492675815126235885, -0.013, 0.031, -0.193, -0.116, 0.201, 0.024
2017-04-20 10:10:15,128, 1492675815128212186, -0.034, 0.017, -0.211, 0.046, 0.094, 0.041
2017-04-20 10:10:15,130, 1492675815130219095, -0.048, -0.014, -0.202, 0.192, -0.048, 0.036
2017-04-20 10:10:15,132, 1492675815132170606, -0.055, -0.034, -0.162, 0.325, -0.194, 0.036
2017-04-20 10:10:15,134, 1492675815134241316, -0.054, -0.043, -0.16, 0.442, -0.311, 0.025
2017-04-20 10:10:15,136, 1492675815136232775, -0.067, -0.072, -0.171, 0.552, -0.45, -0.004
2017-04-20 10:10:15,138, 1492675815138235738, -0.088, -0.081, -0.166, 0.644, -0.609, -0.008
2017-04-20 10:10:15,140, 1492675815140212301, -0.101, -0.081, -0.191, 0.726, -0.763, 0.0
2017-04-20 10:10:15,142, 1492675815142248559, -0.104, -0.098, -0.215, 0.766, -0.863, 0.016
2017-04-20 10:10:15,144, 1492675815144198374, -0.094, -0.093, -0.202, 0.767, -0.955, 0.008
2017-04-20 10:10:15,150, 1492675815150128267, -0.119, -0.062, -0.215, 0.567, -1.152, 0.008
2017-04-20 10:10:15,151, 1492675815151210530, -0.123, -0.037, -0.201, 0.428, -1.151, -0.016
2017-04-20 10:10:15,154, 1492675815154407117, -0.131, -0.028, -0.17, 0.224, -1.137, -0.053
2017-04-20 10:10:15,156, 1492675815156192586, -0.127, -0.01, -0.168, 0.03, -1.086, -0.029
2017-04-20 10:10:15,157, 1492675815157456426, -0.123, -0.002, -0.147, -0.123, -1.024, -0.057
2017-04-20 10:10:15,159, 1492675815159197474, -0.115, 0.032, -0.119, -0.274, -0.952, -0.065
2017-04-20 10:10:15,161, 1492675815161230373, -0.109, 0.035, -0.112, -0.388, -0.842, -0.057
2017-04-20 10:10:15,170, 1492675815170043167, -0.063, 0.054, -0.094, -0.343, -0.356, -0.021
2017-04-20 10:10:15,171, 1492675815171247793, -0.063, 0.054, -0.085, -0.276, -0.254, -0.005
2017-04-20 10:10:15,173, 1492675815173201005, -0.042, 0.038, -0.084, -0.184, -0.125, 0.0
2017-04-20 10:10:15,175, 1492675815175235886, -0.02, 0.024, -0.087, -0.099, 0.008, 0.02
2017-04-20 10:10:15,177, 1492675815177508930, -0.01, 0.018, -0.065, -0.035, 0.115, 0.028
2017-04-20 10:10:15,179, 1492675815179229196, 0.02, 0.026, -0.08, 0.016, 0.22, 0.036
2017-04-20 10:10:15,181, 1492675815181223936, 0.023, 0.017, -0.094, 0.042, 0.33, 0.024
2017-04-20 10:10:15,183, 1492675815183229136, 0.051, 0.01, -0.063, 0.046, 0.426, 0.044
2017-04-20 10:10:15,188, 1492675815188211276, 0.069, 0.017, -0.054, -0.007, 0.619, 0.041
2017-04-20 10:10:15,190, 1492675815190031437, 0.069, 0.006, -0.05, -0.031, 0.655, 0.044
2017-04-20 10:10:15,192, 1492675815192064417, 0.086, 0.031, -0.034, -0.081, 0.711, 0.033
2017-04-20 10:10:15,194, 1492675815194099938, 0.082, 0.027, -0.032, -0.136, 0.737, 0.025
2017-04-20 10:10:15,196, 1492675815196211447, 0.083, 0.033, -0.028, -0.188, 0.761, 0.041
2017-04-20 10:10:15,202, 1492675815202277008, 0.074, 0.033, -0.004, -0.329, 0.698, 0.025
2017-04-20 10:10:15,204, 1492675815204051189, 0.072, 0.035, -0.004, -0.348, 0.66, 0.017
2017-04-20 10:10:15,206, 1492675815206135640, 0.063, 0.041, -0.006, -0.338, 0.589, 0.012
2017-04-20 10:10:15,208, 1492675815208117362, 0.058, 0.025, -0.027, -0.3, 0.508, -0.008
2017-04-20 10:10:15,210, 1492675815210122741, 0.044, 0.011, -0.021, -0.222, 0.415, 0.003
2017-04-20 10:10:15,212, 1492675815212123728, 0.038, 0.031, -0.005, -0.114, 0.311, -0.008
2017-04-20 10:10:15,214, 1492675815214150058, 0.04, 0.012, -0.012, -0.03, 0.203, -0.016
2017-04-20 10:10:15,219, 1492675815219235319, 0.019, -0.018, -0.027, 0.285, -0.051, 0.033
2017-04-20 10:10:15,221, 1492675815221046797, 0.012, -0.032, -0.039, 0.356, -0.1, -0.005
2017-04-20 10:10:15,223, 1492675815223068023, -0.033, -0.052, -0.103, 0.459, -0.244, -0.037
2017-04-20 10:10:15,225, 1492675815225111775, -0.052, -0.071, -0.094, 0.519, -0.338, 0.044
2017-04-20 10:10:15,227, 1492675815227087887, -0.034, -0.047, -0.076, 0.539, -0.357, 0.024
2017-04-20 10:10:15,229, 1492675815229093784, -0.032, -0.047, -0.055, 0.517, -0.384, -0.021
2017-04-20 10:10:15,231, 1492675815231071643, -0.047, -0.037, -0.049, 0.456, -0.445, 0.016
2017-04-20 10:10:15,233, 1492675815233120116, -0.086, -0.038, -0.033, 0.362, -0.511, 0.057
2017-04-20 10:10:15,235, 1492675815235136972, -0.076, -0.016, -0.033, 0.245, -0.521, -0.008
2017-04-20 10:10:15,237, 1492675815237152114, -0.072, 0.01, -0.006, 0.09, -0.515, -0.029
2017-04-20 10:10:15,239, 1492675815239080874, -0.074, 0.031, 0.015, -0.06, -0.524, 0.0
2017-04-20 10:10:15,241, 1492675815241481417, -0.074, 0.039, 0.024, -0.227, -0.519, 0.004
2017-04-20 10:10:15,246, 1492675815246098541, -0.082, 0.094, 0.031, -0.571, -0.492, -0.033
2017-04-20 10:10:15,247, 1492675815247254001, -0.068, 0.11, 0.016, -0.669, -0.476, -0.024
2017-04-20 10:10:15,253, 1492675815252872341, -0.067, 0.106, 0.056, -0.747, -0.439, -0.045
2017-04-20 10:10:15,255, 1492675815255253233, -0.069, 0.101, 0.005, -0.715, -0.369, -0.053
2017-04-20 10:10:15,257, 1492675815257056040, -0.047, 0.1, 0.008, -0.672, -0.335, -0.045
2017-04-20 10:10:15,258, 1492675815258255722, -0.032, 0.092, 0.006, -0.581, -0.27, -0.037
2017-04-20 10:10:15,260, 1492675815260215051, -0.016, 0.062, -0.001, -0.47, -0.24, -0.016
2017-04-20 10:10:15,262, 1492675815262212132, -0.031, 0.04, -0.019, -0.322, -0.208, -0.024
2017-04-20 10:10:15,264, 1492675815264204635, -0.031, 0.034, -0.041, -0.16, -0.166, -0.013
2017-04-20 10:10:15,267, 1492675815267494964, -0.012, 0.006, -0.056, 0.026, -0.09, -0.021
2017-04-20 10:10:15,269, 1492675815269311807, 0.003, -0.035, -0.053, 0.216, -0.007, -0.008
2017-04-20 10:10:15,271, 1492675815271153399, 0.011, -0.042, -0.036, 0.334, 0.035, 0.012
2017-04-20 10:10:15,273, 1492675815273813068, 0.015, -0.056, -0.051, 0.458, 0.088, 0.028
2017-04-20 10:10:15,275, 1492675815275411126, 0.009, -0.076, -0.043, 0.624, 0.149, 0.025
2017-04-20 10:10:15,277, 1492675815277205403, 0.015, -0.083, -0.043, 0.697, 0.193, 0.033
2017-04-20 10:10:15,279, 1492675815279232302, 0.043, -0.085, -0.041, 0.762, 0.273, 0.069
2017-04-20 10:10:15,281, 1492675815281066836, 0.073, -0.087, -0.023, 0.771, 0.337, 0.052
2017-04-20 10:10:15,282, 1492675815282262422, 0.066, -0.08, -0.026, 0.739, 0.387, 0.028
2017-04-20 10:10:15,284, 1492675815284232448, 0.05, -0.083, -0.034, 0.663, 0.415, 0.049
2017-04-20 10:10:15,288, 1492675815288244893, 0.067, -0.04, 0.009, 0.407, 0.483, 0.036
2017-04-20 10:10:15,290, 1492675815290134137, 0.059, -0.028, 0.02, 0.268, 0.51, 0.028
2017-04-20 10:10:15,291, 1492675815291240413, 0.061, -0.013, 0.035, 0.101, 0.531, 0.024
2017-04-20 10:10:15,292, 1492675815292213949, 0.055, -0.002, 0.048, 0.0, 0.529, 0.041
2017-04-20 10:10:15,294, 1492675815294242995, 0.04, -0.003, 0.047, -0.133, 0.515, 0.024
2017-04-20 10:10:15,296, 1492675815296378820, 0.025, 0.039, 0.043, -0.293, 0.489, 0.0
2017-04-20 10:10:15,299, 1492675815299367926, 0.017, 0.072, 0.049, -0.459, 0.431, 0.033
2017-04-20 10:10:15,301, 1492675815301210313, 0.016, 0.069, 0.041, -0.548, 0.38, 0.008
2017-04-20 10:10:15,302, 1492675815302256869, 0.015, 0.078, 0.029, -0.603, 0.325, -0.008
2017-04-20 10:10:15,304, 1492675815304194214, 0.012, 0.088, 0.01, -0.642, 0.247, 0.003
2017-04-20 10:10:15,306, 1492675815306239426, -0.008, 0.095, -0.006, -0.647, 0.149, -0.021
2017-04-20 10:10:15,308, 1492675815308230711, -0.008, 0.107, -0.031, -0.631, 0.052, -0.033
2017-04-20 10:10:15,310, 1492675815310226792, -0.005, 0.096, -0.049, -0.613, -0.042, -0.033
2017-04-20 10:10:15,312, 1492675815312504162, 0.005, 0.074, -0.038, -0.571, -0.132, -0.037
2017-04-20 10:10:15,314, 1492675815314252973, -0.004, 0.076, -0.054, -0.496, -0.214, -0.045
2017-04-20 10:10:15,316, 1492675815316182592, -0.022, 0.066, -0.057, -0.413, -0.289, -0.028
2017-04-20 10:10:15,318, 1492675815318226546, -0.038, 0.053, -0.052, -0.313, -0.357, -0.029
2017-04-20 10:10:15,321, 1492675815320242667, -0.052, 0.036, -0.043, -0.206, -0.409, -0.024
2017-04-20 10:10:15,323, 1492675815323266667, -0.048, 0.017, -0.032, -0.039, -0.466, -0.024
2017-04-20 10:10:15,325, 1492675815325166118, -0.071, 0.015, -0.02, 0.026, -0.484, -0.024
2017-04-20 10:10:15,326, 1492675815326221486, -0.066, 0.005, -0.02, 0.11, -0.499, -0.013
2017-04-20 10:10:15,328, 1492675815328214943, -0.067, -0.012, -0.013, 0.184, -0.508, 0.008
2017-04-20 10:10:15,330, 1492675815330513736, -0.079, -0.017, -0.003, 0.26, -0.502, 0.033
2017-04-20 10:10:15,332, 1492675815332196677, -0.074, -0.04, 0.013, 0.305, -0.494, 0.012
2017-04-20 10:10:15,334, 1492675815334239331, -0.069, -0.031, 0.013, 0.351, -0.474, -0.005
2017-04-20 10:10:15,336, 1492675815336183872, -0.06, -0.048, 0.033, 0.375, -0.455, 0.008
2017-04-20 10:10:15,338, 1492675815338245867, -0.066, -0.042, 0.022, 0.379, -0.425, 0.003
2017-04-20 10:10:15,340, 1492675815340180849, -0.063, -0.034, 0.035, 0.375, -0.394, 0.004
2017-04-20 10:10:15,342, 1492675815342246890, -0.052, -0.038, 0.026, 0.36, -0.351, 0.016
2017-04-20 10:10:15,344, 1492675815344209844, -0.034, -0.032, 0.019, 0.328, -0.302, -0.008
2017-04-20 10:10:15,347, 1492675815347113113, -0.035, -0.017, 0.009, 0.276, -0.253, -0.005
2017-04-20 10:10:15,348, 1492675815348205325, -0.021, -0.011, -0.013, 0.219, -0.208, 0.008
2017-04-20 10:10:15,350, 1492675815350246671, -0.014, 0.0, -0.015, 0.146, -0.149, 0.0
2017-04-20 10:10:15,354, 1492675815353690799, -0.016, 0.005, -0.014, 0.056, -0.085, -0.013
2017-04-20 10:10:15,355, 1492675815355269727, -0.005, 0.028, -0.011, -0.087, 0.003, 0.003
2017-04-20 10:10:15,357, 1492675815357051978, 0.003, 0.036, -0.017, -0.168, 0.042, -0.005
2017-04-20 10:10:15,358, 1492675815358230468, 0.008, 0.036, -0.021, -0.248, 0.106, -0.008
2017-04-20 10:10:15,360, 1492675815360202863, 0.02, 0.051, -0.027, -0.33, 0.171, 0.008
2017-04-20 10:10:15,362, 1492675815362464268, 0.048, 0.055, -0.002, -0.405, 0.227, 0.012
2017-04-20 10:10:15,364, 1492675815364191781, 0.035, 0.064, -0.026, -0.45, 0.294, -0.013
2017-04-20 10:10:15,366, 1492675815366244314, 0.039, 0.063, -0.027, -0.486, 0.344, -0.029
2017-04-20 10:10:15,368, 1492675815368185240, 0.049, 0.064, -0.006, -0.49, 0.379, 0.0
2017-04-20 10:10:15,370, 1492675815370272173, 0.037, 0.069, -0.011, -0.475, 0.42, 0.003
2017-04-20 10:10:15,372, 1492675815372242528, 0.055, 0.056, -0.023, -0.44, 0.452, 0.016
2017-04-20 10:10:15,374, 1492675815374212546, 0.043, 0.054, 0.008, -0.384, 0.465, 0.008
2017-04-20 10:10:15,378, 1492675815376240335, 0.04, 0.045, -0.004, -0.304, 0.468, 0.016
2017-04-20 10:10:15,378, 1492675815378228591, 0.047, 0.041, -0.01, -0.217, 0.456, 0.003
2017-04-20 10:10:15,381, 1492675815381048516, 0.037, 0.023, 0.005, -0.107, 0.421, 0.016
2017-04-20 10:10:15,382, 1492675815382396731, 0.026, 0.007, -0.007, -0.025, 0.4, 0.028
2017-04-20 10:10:15,384, 1492675815384195473, 0.028, 0.007, -0.011, 0.065, 0.357, 0.02
2017-04-20 10:10:15,388, 1492675815388306531, 0.013, -0.017, -0.033, 0.223, 0.219, 0.016
2017-04-20 10:10:15,390, 1492675815390524585, 0.008, -0.043, -0.031, 0.271, 0.165, 0.016
2017-04-20 10:10:15,392, 1492675815392574862, -0.007, -0.026, -0.017, 0.333, 0.054, 0.02
2017-04-20 10:10:15,394, 1492675815394338148, -0.012, -0.031, -0.02, 0.359, -0.007, 0.02
2017-04-20 10:10:15,396, 1492675815396156618, -0.003, -0.037, -0.037, 0.356, -0.071, 0.008
2017-04-20 10:10:15,398, 1492675815398188835, -0.011, -0.027, -0.03, 0.338, -0.159, 0.003
2017-04-20 10:10:15,400, 1492675815400053425, -0.026, -0.024, -0.023, 0.293, -0.227, 0.012
2017-04-20 10:10:15,401, 1492675815401259028, -0.015, -0.015, -0.034, 0.229, -0.284, 0.0
2017-04-20 10:10:15,403, 1492675815403212860, -0.028, -0.011, -0.029, 0.184, -0.314, 0.0
2017-04-20 10:10:15,405, 1492675815404234038, -0.027, -0.009, -0.006, 0.1, -0.358, -0.029
2017-04-20 10:10:15,406, 1492675815406228887, -0.037, 0.006, 0.003, 0.025, -0.388, -0.012
2017-04-20 10:10:15,408, 1492675815408217268, -0.053, 0.009, 0.001, -0.065, -0.418, -0.029
2017-04-20 10:10:15,410, 1492675815410233060, -0.053, 0.025, 0.008, -0.151, -0.439, -0.049
2017-04-20 10:10:15,418, 1492675815418054043, -0.057, 0.044, 0.014, -0.296, -0.425, -0.037
2017-04-20 10:10:15,419, 1492675815419247816, -0.06, 0.044, 0.019, -0.296, -0.422, -0.013
2017-04-20 10:10:15,421, 1492675815421219239, -0.065, 0.048, 0.003, -0.274, -0.393, -0.024
2017-04-20 10:10:15,423, 1492675815423253349, -0.049, 0.057, -0.003, -0.235, -0.357, -0.032
2017-04-20 10:10:15,425, 1492675815425197811, -0.046, 0.05, -0.001, -0.206, -0.319, -0.008
2017-04-20 10:10:15,427, 1492675815427223341, -0.037, 0.041, -0.041, -0.167, -0.269, -0.005
2017-04-20 10:10:15,429, 1492675815429214525, -0.02, 0.042, -0.052, -0.128, -0.222, -0.004
2017-04-20 10:10:15,431, 1492675815431794076, -0.015, 0.034, -0.061, -0.108, -0.161, 0.008
2017-04-20 10:10:15,433, 1492675815433248552, 0.009, 0.029, -0.094, -0.082, -0.083, -0.021
2017-04-20 10:10:15,435, 1492675815435316893, 0.022, 0.035, -0.129, -0.073, 0.003, -0.005
2017-04-20 10:10:15,437, 1492675815437230614, 0.033, 0.034, -0.163, -0.075, 0.087, -0.016
2017-04-20 10:10:15,439, 1492675815439244034, 0.056, 0.042, -0.197, -0.082, 0.182, 0.0
2017-04-20 10:10:15,441, 1492675815441202890, 0.053, 0.032, -0.232, -0.098, 0.249, 0.012
2017-04-20 10:10:15,444, 1492675815444226452, 0.074, 0.051, -0.251, -0.123, 0.333, 0.024
2017-04-20 10:10:15,446, 1492675815446036265, 0.09, 0.06, -0.277, -0.146, 0.429, 0.041
2017-04-20 10:10:15,447, 1492675815447249254, 0.114, 0.065, -0.308, -0.185, 0.502, 0.003
2017-04-20 10:10:15,449, 1492675815449180845, 0.127, 0.077, -0.308, -0.236, 0.563, 0.012
2017-04-20 10:10:15,451, 1492675815451244147, 0.13, 0.068, -0.361, -0.281, 0.62, 0.008
2017-04-20 10:10:15,453, 1492675815453203384, 0.143, 0.078, -0.387, -0.328, 0.67, 0.012
2017-04-20 10:10:15,455, 1492675815455257940, 0.14, 0.086, -0.396, -0.373, 0.711, 0.028
2017-04-20 10:10:15,462, 1492675815462636174, 0.122, 0.081, -0.434, -0.384, 0.703, 0.017
2017-04-20 10:10:15,464, 1492675815464243949, 0.176, 0.103, -0.464, -0.337, 0.721, -0.005
2017-04-20 10:10:15,467, 1492675815467174174, 0.189, 0.097, -0.48, -0.372, 0.689, 0.012
2017-04-20 10:10:15,469, 1492675815469268688, 0.17, 0.101, -0.453, -0.432, 0.698, 0.02
2017-04-20 10:10:15,471, 1492675815471081502, 0.17, 0.119, -0.486, -0.485, 0.672, 0.0
2017-04-20 10:10:15,472, 1492675815472231237, 0.163, 0.12, -0.501, -0.559, 0.685, 0.0
2017-04-20 10:10:15,474, 1492675815474194423, 0.161, 0.114, -0.469, -0.592, 0.668, 0.028
2017-04-20 10:10:15,476, 1492675815476413957, 0.162, 0.117, -0.473, -0.624, 0.685, 0.0
2017-04-20 10:10:15,478, 1492675815478203034, 0.156, 0.116, -0.534, -0.6, 0.665, -0.005
2017-04-20 10:10:15,480, 1492675815480230098, 0.156, 0.129, -0.512, -0.571, 0.695, -0.005
2017-04-20 10:10:15,482, 1492675815482430614, 0.187, 0.139, -0.5, -0.562, 0.728, -0.008
2017-04-20 10:10:15,485, 1492675815484730175, 0.176, 0.127, -0.548, -0.562, 0.728, 0.008
2017-04-20 10:10:15,491, 1492675815491059483, 0.156, 0.125, -0.566, -0.489, 0.699, 0.028
2017-04-20 10:10:15,492, 1492675815492613345, 0.128, 0.117, -0.593, -0.438, 0.645, -0.013
2017-04-20 10:10:15,495, 1492675815495114781, 0.131, 0.094, -0.544, -0.375, 0.619, 0.061
2017-04-20 10:10:15,496, 1492675815496257494, 0.149, 0.088, -0.605, -0.312, 0.548, 0.024
2017-04-20 10:10:15,499, 1492675815499216393, 0.129, 0.079, -0.608, -0.221, 0.523, -0.024
2017-04-20 10:10:15,500, 1492675815500224778, 0.142, 0.088, -0.589, -0.13, 0.408, 0.028
2017-04-20 10:10:15,502, 1492675815502214068, 0.158, 0.093, -0.567, -0.088, 0.417, 0.057
2017-04-20 10:10:15,504, 1492675815504234824, 0.21, 0.103, -0.644, -0.111, 0.484, -0.078
2017-04-20 10:10:15,507, 1492675815507208024, 0.201, 0.114, -0.615, -0.186, 0.414, -0.016
2017-04-20 10:10:15,509, 1492675815509213504, 0.197, 0.121, -0.555, -0.403, 0.5, -0.037
2017-04-20 10:10:15,510, 1492675815510188730, 0.158, 0.111, -0.636, -0.542, 0.5, -0.029
2017-04-20 10:10:15,512, 1492675815512221118, 0.127, 0.114, -0.61, -0.682, 0.503, -0.041
2017-04-20 10:10:15,514, 1492675815514173876, 0.101, 0.115, -0.536, -0.778, 0.532, -0.016
2017-04-20 10:10:15,516, 1492675815516225660, 0.106, 0.125, -0.536, -0.744, 0.541, 0.036
2017-04-20 10:10:15,519, 1492675815519196081, 0.09, 0.119, -0.543, -0.668, 0.552, -0.094
2017-04-20 10:10:15,521, 1492675815521045777, 0.159, 0.137, -0.39, -0.6, 0.618, 0.024
2017-04-20 10:10:15,523, 1492675815523016463, 0.206, 0.14, -0.361, -0.541, 0.703, 0.024
2017-04-20 10:10:15,524, 1492675815524241638, 0.201, 0.13, -0.416, -0.542, 0.76, -0.008
2017-04-20 10:10:15,527, 1492675815527025926, 0.143, 0.1, -0.405, -0.561, 0.701, 0.024
2017-04-20 10:10:15,529, 1492675815529268050, 0.096, 0.08, -0.386, -0.568, 0.722, 0.024
2017-04-20 10:10:15,531, 1492675815531064438, 0.052, 0.055, -0.471, -0.461, 0.619, 0.033
2017-04-20 10:10:15,533, 1492675815533238549, 0.113, 0.07, -0.406, -0.316, 0.689, -0.024
2017-04-20 10:10:15,535, 1492675815535009224, 0.147, 0.076, -0.327, -0.145, 0.635, -0.021
2017-04-20 10:10:15,536, 1492675815536246011, 0.217, 0.075, -0.232, -0.075, 0.747, 0.073
2017-04-20 10:10:15,539, 1492675815539157588, 0.266, 0.06, -0.236, -0.066, 0.832, -0.032
2017-04-20 10:10:15,546, 1492675815546179505, -0.051, -0.019, -0.269, -0.031, 0.45, 0.008
2017-04-20 10:10:15,548, 1492675815548141394, -0.042, -0.009, -0.178, 0.092, 0.37, 0.012
2017-04-20 10:10:15,550, 1492675815550045622, 0.101, 0.028, -0.108, 0.183, 0.477, 0.105
2017-04-20 10:10:15,552, 1492675815552048614, 0.222, 0.057, -0.093, 0.223, 0.542, 0.069
2017-04-20 10:10:15,557, 1492675815554073063, 0.21, 0.041, -0.102, 0.118, 0.495, -0.028
2017-04-20 10:10:15,557, 1492675815556097845, 0.034, 0.006, -0.188, 0.016, 0.243, 0.016
2017-04-20 10:10:15,561, 1492675815561429636, -0.136, -0.023, -0.291, -0.003, -0.065, 0.024
2017-04-20 10:10:15,563, 1492675815563211518, 0.086, 0.047, -0.026, 0.004, -0.069, 0.02
2017-04-20 10:10:15,565, 1492675815565227819, 0.193, 0.054, -0.019, -0.132, -0.004, -0.021
2017-04-20 10:10:15,567, 1492675815567183604, 0.083, 0.032, -0.091, -0.254, -0.195, -0.021
2017-04-20 10:10:15,569, 1492675815569215402, -0.134, -0.023, -0.223, -0.239, -0.495, -0.081
2017-04-20 10:10:15,571, 1492675815571219763, -0.261, -0.023, -0.342, -0.055, -0.747, -0.028
2017-04-20 10:10:15,573, 1492675815573239086, -0.182, 0.057, -0.281, 0.132, -0.784, -0.037
2017-04-20 10:10:15,575, 1492675815575185681, 0.075, 0.086, -0.054, 0.191, -0.462, -0.004
2017-04-20 10:10:15,577, 1492675815577222500, 0.219, 0.066, 0.014, 0.053, -0.283, 0.016
2017-04-20 10:10:15,579, 1492675815579167363, 0.103, 0.022, -0.065, -0.164, -0.337, 0.003
2017-04-20 10:10:15,581, 1492675815581219981, -0.184, -0.053, -0.183, -0.194, -0.682, -0.057
2017-04-20 10:10:15,583, 1492675815583204197, -0.4, -0.034, -0.257, -0.068, -0.924, -0.061
2017-04-20 10:10:15,585, 1492675815585291881, -0.263, 0.071, -0.235, 0.009, -0.781, -0.061
2017-04-20 10:10:15,587, 1492675815587573489, 0.052, 0.095, 0.04, 0.013, -0.386, -0.013
2017-04-20 10:10:15,589, 1492675815589240295, 0.214, 0.037, 0.17, -0.138, -0.108, -0.016
2017-04-20 10:10:15,591, 1492675815591175038, 0.089, -0.054, 0.01, -0.206, -0.221, 0.02
2017-04-20 10:10:15,593, 1492675815593284757, -0.223, -0.063, -0.177, 0.0, -0.624, 0.028
2017-04-20 10:10:15,595, 1492675815595234274, -0.419, -0.01, -0.258, 0.315, -0.913, -0.057
2017-04-20 10:10:15,597, 1492675815597265937, -0.2, 0.075, -0.141, 0.394, -0.608, -0.037
2017-04-20 10:10:15,599, 1492675815599319026, 0.15, 0.071, 0.033, 0.321, -0.141, -0.053
2017-04-20 10:10:15,601, 1492675815601215944, 0.259, -0.038, 0.188, 0.086, 0.057, 0.003
2017-04-20 10:10:15,603, 1492675815603217713, 0.021, -0.102, 0.013, 0.017, -0.243, 0.028
2017-04-20 10:10:15,605, 1492675815605239108, -0.309, -0.092, -0.215, 0.223, -0.639, 0.004
2017-04-20 10:10:15,607, 1492675815607200296, -0.385, 0.022, -0.197, 0.395, -0.848, -0.008
2017-04-20 10:10:15,609, 1492675815609233693, -0.093, 0.079, -0.033, 0.33, -0.386, -0.053
2017-04-20 10:10:15,611, 1492675815611211989, 0.232, 0.017, 0.051, 0.128, 0.062, -0.045
2017-04-20 10:10:15,613, 1492675815613237766, 0.234, -0.081, 0.07, -0.119, 0.083, 0.02
2017-04-20 10:10:15,615, 1492675815615202018, -0.02, -0.067, -0.058, -0.092, -0.169, 0.016
2017-04-20 10:10:15,617, 1492675815617243302, -0.306, -0.005, -0.28, 0.197, -0.598, -0.008
2017-04-20 10:10:15,619, 1492675815619234901, -0.208, 0.109, -0.224, 0.221, -0.415, -0.053
2017-04-20 10:10:15,629, 1492675815624216282, 0.069, 0.074, 0.009, 0.079, -0.018, -0.037
2017-04-20 10:10:15,630, 1492675815626188549, -0.053, -0.124, -0.067, -0.177, 0.006, 0.003
2017-04-20 10:10:15,630, 1492675815628122786, -0.293, -0.021, -0.222, 0.251, -0.485, -0.013
2017-04-20 10:10:15,634, 1492675815634092279, 0.189, -0.102, 0.032, 0.17, 0.244, 0.02
2017-04-20 10:10:15,635, 1492675815635222385, 0.061, -0.182, -0.015, 0.123, 0.045, 0.041
2017-04-20 10:10:15,637, 1492675815637196279, -0.193, -0.102, -0.126, 0.411, -0.398, 0.166
2017-04-20 10:10:15,639, 1492675815639221916, -0.174, 0.041, -0.132, 0.684, -0.334, -0.033
2017-04-20 10:10:15,641, 1492675815641217126, 0.005, 0.084, -0.023, 0.629, -0.123, -0.138
2017-04-20 10:10:15,644, 1492675815644210163, 0.094, -0.13, 0.087, 0.314, 0.033, 0.0
2017-04-20 10:10:15,645, 1492675815645211500, -0.004, -0.251, 0.018, 0.282, -0.144, -0.008
2017-04-20 10:10:15,647, 1492675815647239354, -0.191, -0.158, -0.079, 0.452, -0.497, 0.003
2017-04-20 10:10:15,649, 1492675815649204962, -0.155, 0.06, -0.134, 0.726, -0.501, -0.077
2017-04-20 10:10:15,651, 1492675815651248887, 0.007, 0.097, -0.093, 0.76, -0.27, -0.102
2017-04-20 10:10:15,653, 1492675815653197881, 0.079, -0.029, 0.092, 0.422, -0.146, 0.069
2017-04-20 10:10:15,655, 1492675815655213732, -0.007, -0.182, 0.023, 0.19, -0.272, 0.073
2017-04-20 10:10:15,657, 1492675815657189390, -0.193, -0.17, -0.173, 0.25, -0.572, 0.162
2017-04-20 10:10:15,659, 1492675815659233890, -0.207, 0.058, -0.075, 0.331, -0.616, 0.049
2017-04-20 10:10:15,666, 1492675815666390001, -0.164, -0.181, 0.124, -0.551, -0.464, -0.033
2017-04-20 10:10:15,668, 1492675815668218005, -0.365, -0.127, 0.121, -0.443, -0.838, 0.028
2017-04-20 10:10:15,674, 1492675815674120867, 0.004, 0.06, 0.373, -0.292, -0.422, -0.081
2017-04-20 10:10:15,682, 1492675815682087247, -0.199, 0.09, 0.298, 0.652, -1.079, -0.183
2017-04-20 10:10:15,683, 1492675815683183652, -0.031, -0.014, 0.446, 0.631, -0.929, -0.061
2017-04-20 10:10:15,685, 1492675815685249255, -0.103, -0.253, 0.442, 0.55, -1.096, 0.114
2017-04-20 10:10:15,687, 1492675815687188610, -0.345, -0.34, 0.265, 0.778, -1.447, 0.097
2017-04-20 10:10:15,689, 1492675815689243885, -0.519, -0.208, 0.162, 1.231, -1.828, -0.008
2017-04-20 10:10:15,691, 1492675815691431499, -0.411, -0.082, 0.218, 1.613, -1.814, -0.105
2017-04-20 10:10:15,697, 1492675815697554493, -0.228, -0.178, 0.406, 1.617, -1.54, -0.121
2017-04-20 10:10:15,699, 1492675815699183564, -0.468, -0.306, 0.288, 1.495, -1.939, 0.114
2017-04-20 10:10:15,701, 1492675815701733267, -0.604, -0.171, 0.151, 1.626, -2.241, 0.057
2017-04-20 10:10:15,708, 1492675815708237786, -0.166, -0.274, 0.573, 1.048, -1.688, 0.057
2017-04-20 10:10:15,710, 1492675815710248966, -0.355, -0.202, 0.488, 0.935, -1.961, -0.024
2017-04-20 10:10:15,712, 1492675815712069144, -0.588, -0.145, 0.365, 0.844, -2.213, -0.11
2017-04-20 10:10:15,714, 1492675815714142413, -0.629, -0.166, 0.257, 0.782, -2.298, -0.065
2017-04-20 10:10:15,716, 1492675815716120732, -0.463, -0.233, 0.403, 0.73, -2.148, -0.004
2017-04-20 10:10:15,718, 1492675815718231919, -0.333, -0.232, 0.597, 0.763, -2.099, -0.033
2017-04-20 10:10:15,720, 1492675815720028949, -0.238, -0.16, 0.574, 0.884, -1.997, -0.037
2017-04-20 10:10:15,722, 1492675815722148779, -0.352, -0.112, 0.409, 1.017, -2.228, -0.049
2017-04-20 10:10:15,724, 1492675815724206819, -0.522, -0.118, 0.359, 0.921, -2.422, 0.003
2017-04-20 10:10:15,726, 1492675815726222321, -0.528, -0.212, 0.32, 0.773, -2.337, -0.016
2017-04-20 10:10:15,733, 1492675815733364413, -0.439, -0.2, 0.364, 0.683, -2.31, 0.008
2017-04-20 10:10:15,735, 1492675815735229860, -0.511, -0.199, 0.356, 0.614, -2.352, -0.024
2017-04-20 10:10:15,737, 1492675815737208573, -0.528, -0.191, 0.433, 0.647, -2.422, -0.005
2017-04-20 10:10:15,739, 1492675815739237550, -0.385, -0.137, 0.439, 0.721, -2.236, -0.029
2017-04-20 10:10:15,741, 1492675815741191155, -0.289, -0.139, 0.411, 0.769, -1.982, -0.135
2017-04-20 10:10:15,743, 1492675815743230132, -0.356, -0.162, 0.474, 0.857, -2.109, -0.146
2017-04-20 10:10:15,745, 1492675815745181153, -0.452, -0.201, 0.5, 0.922, -2.178, -0.016
2017-04-20 10:10:15,747, 1492675815747441545, -0.463, -0.237, 0.32, 1.01, -2.121, -0.081
2017-04-20 10:10:15,749, 1492675815749203855, -0.402, -0.203, 0.292, 1.114, -1.996, 0.008
2017-04-20 10:10:15,751, 1492675815751232787, -0.357, -0.186, 0.395, 1.273, -1.959, 0.057
2017-04-20 10:10:15,753, 1492675815753174304, -0.311, -0.214, 0.419, 1.408, -1.85, 0.069
2017-04-20 10:10:15,755, 1492675815755275079, -0.312, -0.26, 0.228, 1.488, -1.818, 0.057
2017-04-20 10:10:15,762, 1492675815762334611, -0.297, -0.239, 0.189, 1.677, -1.692, -0.037
2017-04-20 10:10:15,765, 1492675815764553222, -0.245, -0.272, 0.139, 1.555, -1.519, 0.036
2017-04-20 10:10:15,767, 1492675815767104365, -0.308, -0.27, 0.199, 1.382, -1.522, 0.02
2017-04-20 10:10:15,768, 1492675815768216475, -0.339, -0.237, 0.113, 1.322, -1.565, -0.013
2017-04-20 10:10:15,770, 1492675815770295971, -0.323, -0.204, 0.063, 1.259, -1.492, 0.033
2017-04-20 10:10:15,772, 1492675815772257791, -0.229, -0.165, 0.05, 1.124, -1.323, 0.012
2017-04-20 10:10:15,774, 1492675815774198940, -0.182, -0.162, 0.154, 0.984, -1.197, -0.016
2017-04-20 10:10:15,776, 1492675815776190839, -0.206, -0.176, 0.176, 0.838, -1.193, -0.029
2017-04-20 10:10:15,778, 1492675815778220149, -0.226, -0.13, 0.076, 0.689, -1.143, -0.005
2017-04-20 10:10:15,780, 1492675815780243120, -0.238, -0.102, 0.017, 0.558, -1.096, -0.016
2017-04-20 10:10:15,782, 1492675815782188983, -0.22, -0.076, 0.067, 0.412, -1.017, -0.029
2017-04-20 10:10:15,784, 1492675815784210750, -0.174, -0.076, 0.139, 0.287, -0.897, -0.013
2017-04-20 10:10:15,786, 1492675815786306279, -0.138, -0.057, 0.136, 0.182, -0.794, 0.012
2017-04-20 10:10:15,788, 1492675815788234633, -0.14, -0.027, 0.061, 0.11, -0.739, -0.053
2017-04-20 10:10:15,790, 1492675815790200961, -0.168, -0.024, 0.054, 0.085, -0.755, -0.078
2017-04-20 10:10:15,796, 1492675815793372017, -0.18, -0.021, 0.113, 0.066, -0.766, -0.065
2017-04-20 10:10:15,797, 1492675815795315179, -0.141, -0.021, 0.073, 0.02, -0.626, -0.045
2017-04-20 10:10:15,798, 1492675815798568790, -0.112, -0.024, 0.049, 0.055, -0.568, -0.013
2017-04-20 10:10:15,801, 1492675815800236711, -0.152, -0.011, 0.073, 0.133, -0.608, -0.013
2017-04-20 10:10:15,803, 1492675815803094313, -0.16, -0.022, 0.018, 0.203, -0.578, -0.013
2017-04-20 10:10:15,805, 1492675815805218102, -0.125, -0.045, -0.013, 0.275, -0.54, -0.013
2017-04-20 10:10:15,807, 1492675815807078746, -0.135, -0.056, 0.038, 0.333, -0.549, -0.021
2017-04-20 10:10:15,808, 1492675815808204132, -0.132, -0.056, 0.063, 0.4, -0.578, -0.029
2017-04-20 10:10:15,810, 1492675815810231181, -0.139, -0.075, -0.004, 0.455, -0.606, -0.016
2017-04-20 10:10:15,812, 1492675815812693614, -0.136, -0.078, -0.045, 0.511, -0.629, 0.024
2017-04-20 10:10:15,814, 1492675815814233769, -0.118, -0.088, -0.023, 0.556, -0.658, -0.008
2017-04-20 10:10:15,816, 1492675815816229638, -0.124, -0.097, 0.008, 0.591, -0.687, 0.008
2017-04-20 10:10:15,818, 1492675815818202904, -0.128, -0.12, -0.042, 0.609, -0.738, 0.101
2017-04-20 10:10:15,820, 1492675815820230284, -0.131, -0.077, -0.078, 0.531, -0.771, 0.325
2017-04-20 10:10:15,822, 1492675815822247606, -0.164, -0.123, -0.043, 0.545, -0.816, 0.369
2017-04-20 10:10:15,824, 1492675815824199588, -0.163, -0.102, -0.005, 0.504, -0.796, 0.292
2017-04-20 10:10:15,826, 1492675815826231268, -0.153, -0.101, -0.048, 0.459, -0.742, 0.284
2017-04-20 10:10:15,828, 1492675815828225987, -0.156, -0.112, -0.099, 0.468, -0.686, 0.292
2017-04-20 10:10:15,832, 1492675815830309186, -0.178, -0.077, -0.035, 0.439, -0.685, 0.243
2017-04-20 10:10:15,833, 1492675815832218551, -0.18, -0.076, -0.033, 0.45, -0.654, 0.182
2017-04-20 10:10:15,837, 1492675815837270984, -0.141, -0.068, -0.024, 0.472, -0.539, 0.044
2017-04-20 10:10:15,839, 1492675815839135139, -0.14, -0.077, -0.008, 0.47, -0.534, -0.024
2017-04-20 10:10:15,841, 1492675815841150121, -0.134, -0.075, -0.029, 0.433, -0.538, 0.02
2017-04-20 10:10:15,843, 1492675815843133685, -0.121, -0.054, -0.051, 0.365, -0.54, 0.097
2017-04-20 10:10:15,845, 1492675815845131740, -0.121, -0.057, -0.062, 0.318, -0.55, 0.093
2017-04-20 10:10:15,847, 1492675815847111347, -0.103, -0.038, -0.046, 0.253, -0.564, 0.089
2017-04-20 10:10:15,849, 1492675815849147750, -0.099, -0.04, -0.058, 0.208, -0.585, 0.101
2017-04-20 10:10:15,851, 1492675815851140723, -0.108, -0.038, -0.064, 0.196, -0.588, 0.133
2017-04-20 10:10:15,853, 1492675815853173560, -0.115, -0.02, -0.053, 0.194, -0.59, 0.105
2017-04-20 10:10:15,855, 1492675815855190641, -0.129, -0.025, -0.066, 0.203, -0.578, 0.081
2017-04-20 10:10:15,857, 1492675815857243658, -0.117, -0.03, -0.096, 0.219, -0.529, 0.097
2017-04-20 10:10:15,859, 1492675815859157918, -0.102, -0.019, -0.066, 0.208, -0.493, 0.154
2017-04-20 10:10:15,861, 1492675815861186610, -0.114, -0.004, -0.021, 0.173, -0.486, 0.125
2017-04-20 10:10:15,863, 1492675815863187406, -0.139, -0.008, -0.091, 0.107, -0.498, 0.122
2017-04-20 10:10:15,870, 1492675815869771600, -0.149, -0.031, -0.094, 0.072, -0.499, 0.114
2017-04-20 10:10:15,871, 1492675815871195906, -0.137, -0.026, -0.125, -0.028, -0.505, 0.158
2017-04-20 10:10:15,873, 1492675815873235515, -0.157, -0.036, -0.051, 0.01, -0.567, 0.227
2017-04-20 10:10:15,875, 1492675815875225416, -0.141, -0.033, -0.006, 0.079, -0.566, 0.239
2017-04-20 10:10:15,877, 1492675815877223220, -0.079, -0.055, -0.128, 0.17, -0.502, 0.243
2017-04-20 10:10:15,879, 1492675815879192877, -0.094, -0.063, -0.133, 0.226, -0.508, 0.235
2017-04-20 10:10:15,881, 1492675815881250833, -0.131, -0.077, -0.031, 0.274, -0.554, 0.223
2017-04-20 10:10:15,883, 1492675815883369561, -0.137, -0.073, -0.059, 0.327, -0.531, 0.15
2017-04-20 10:10:15,885, 1492675815885601920, -0.1, -0.054, -0.154, 0.358, -0.457, 0.101
2017-04-20 10:10:15,887, 1492675815887207355, -0.097, -0.063, -0.104, 0.373, -0.438, 0.077
2017-04-20 10:10:15,889, 1492675815889217658, -0.11, -0.087, -0.012, 0.397, -0.439, 0.098
2017-04-20 10:10:15,891, 1492675815891256558, -0.106, -0.064, -0.072, 0.435, -0.413, 0.093
2017-04-20 10:10:15,893, 1492675815893240567, -0.095, -0.061, -0.124, 0.454, -0.39, 0.093
2017-04-20 10:10:15,895, 1492675815895200681, -0.097, -0.062, -0.066, 0.456, -0.399, 0.089
2017-04-20 10:10:15,897, 1492675815897601994, -0.094, -0.057, -0.002, 0.437, -0.415, 0.125
2017-04-20 10:10:15,899, 1492675815899190013, -0.091, -0.069, -0.078, 0.408, -0.397, 0.179
2017-04-20 10:10:15,904, 1492675815904431714, -0.085, -0.059, -0.085, 0.369, -0.395, 0.179
2017-04-20 10:10:15,906, 1492675815906186076, -0.106, -0.03, -0.053, 0.336, -0.399, 0.122
2017-04-20 10:10:15,908, 1492675815908249963, -0.085, -0.054, -0.06, 0.333, -0.365, 0.122
2017-04-20 10:10:15,910, 1492675815910192041, -0.117, -0.043, -0.023, 0.322, -0.386, 0.036
2017-04-20 10:10:15,912, 1492675815912572787, -0.116, -0.039, -0.012, 0.329, -0.423, 0.024
2017-04-20 10:10:15,914, 1492675815914200537, -0.126, -0.038, -0.083, 0.324, -0.431, 0.077
2017-04-20 10:10:15,916, 1492675815916244372, -0.116, -0.04, -0.057, 0.295, -0.469, 0.109
2017-04-20 10:10:15,919, 1492675815919218438, -0.127, -0.048, -0.057, 0.281, -0.522, 0.146
2017-04-20 10:10:15,920, 1492675815920252508, -0.128, -0.051, -0.1, 0.268, -0.568, 0.215
2017-04-20 10:10:15,922, 1492675815922494979, -0.134, -0.052, -0.113, 0.259, -0.592, 0.252
2017-04-20 10:10:15,924, 1492675815924216352, -0.137, -0.047, -0.086, 0.24, -0.619, 0.247
2017-04-20 10:10:15,926, 1492675815926212223, -0.134, -0.057, -0.094, 0.222, -0.634, 0.26
2017-04-20 10:10:15,928, 1492675815928203269, -0.137, -0.054, -0.119, 0.194, -0.629, 0.268
2017-04-20 10:10:15,930, 1492675815930223835, -0.133, -0.05, -0.092, 0.172, -0.624, 0.276
2017-04-20 10:10:15,938, 1492675815938290094, -0.132, -0.019, -0.064, -0.013, -0.503, 0.138
2017-04-20 10:10:15,940, 1492675815940088410, -0.12, -0.019, -0.062, -0.034, -0.475, 0.081
2017-04-20 10:10:15,942, 1492675815942212936, -0.114, -0.015, -0.084, -0.043, -0.433, 0.02
2017-04-20 10:10:15,944, 1492675815944183448, -0.109, -0.011, -0.065, -0.046, -0.411, 0.0
2017-04-20 10:10:15,946, 1492675815946218905, -0.101, -0.004, -0.049, -0.05, -0.395, -0.013
2017-04-20 10:10:15,948, 1492675815948144561, -0.086, 0.001, -0.046, -0.041, -0.371, 0.008
2017-04-20 10:10:15,950, 1492675815950145910, -0.082, -0.008, -0.061, -0.023, -0.371, 0.052
2017-04-20 10:10:15,952, 1492675815952127595, -0.097, -0.01, -0.036, -0.014, -0.386, 0.065
2017-04-20 10:10:15,954, 1492675815954167219, -0.109, -0.018, -0.055, 0.001, -0.407, 0.081
2017-04-20 10:10:15,956, 1492675815956151616, -0.113, -0.03, -0.084, 0.0, -0.423, 0.125
2017-04-20 10:10:15,959, 1492675815959190494, -0.11, -0.024, -0.054, -0.025, -0.433, 0.195
2017-04-20 10:10:15,960, 1492675815960209183, -0.112, -0.019, -0.054, -0.029, -0.439, 0.187
2017-04-20 10:10:15,962, 1492675815962325883, -0.112, -0.024, -0.082, -0.036, -0.439, 0.171
2017-04-20 10:10:15,964, 1492675815964192949, -0.122, -0.031, -0.087, -0.044, -0.453, 0.141
2017-04-20 10:10:15,968, 1492675815968147467, -0.128, -0.017, -0.075, -0.017, -0.471, 0.138
2017-04-20 10:10:15,975, 1492675815975123541, -0.128, -0.026, -0.077, 0.147, -0.506, 0.15
2017-04-20 10:10:15,976, 1492675815976418816, -0.122, -0.035, -0.089, 0.171, -0.51, 0.174
2017-04-20 10:10:15,979, 1492675815979221756, -0.105, -0.032, -0.065, 0.184, -0.505, 0.138
2017-04-20 10:10:15,981, 1492675815981042646, -0.122, -0.051, -0.07, 0.192, -0.513, 0.138
2017-04-20 10:10:15,986, 1492675815986104281, -0.125, -0.08, -0.074, 0.261, -0.511, 0.125
2017-04-20 10:10:15,987, 1492675815987234711, -0.122, -0.075, -0.07, 0.303, -0.518, 0.109
2017-04-20 10:10:15,989, 1492675815989197474, -0.145, -0.083, -0.09, 0.353, -0.531, 0.125
2017-04-20 10:10:15,991, 1492675815991211601, -0.167, -0.107, -0.094, 0.4, -0.562, 0.146
2017-04-20 10:10:15,993, 1492675815993200976, -0.198, -0.113, -0.107, 0.454, -0.605, 0.162
2017-04-20 10:10:15,995, 1492675815995392124, -0.206, -0.125, -0.115, 0.53, -0.667, 0.154
2017-04-20 10:10:16,005, 1492675816004344498, -0.209, -0.121, -0.146, 0.607, -0.688, 0.198
2017-04-20 10:10:16,006, 1492675816006298945, -0.306, -0.197, -0.231, 0.937, -1.099, 0.309
2017-04-20 10:10:16,008, 1492675816008211091, -0.306, -0.193, -0.236, 1.0, -1.138, 0.328
2017-04-20 10:10:16,010, 1492675816010186816, -0.278, -0.177, -0.229, 1.057, -1.192, 0.365
2017-04-20 10:10:16,012, 1492675816012636017, -0.299, -0.182, -0.263, 1.101, -1.3, 0.39
2017-04-20 10:10:16,014, 1492675816014262575, -0.308, -0.203, -0.288, 1.072, -1.365, 0.36
2017-04-20 10:10:16,016, 1492675816016186974, -0.322, -0.182, -0.275, 1.028, -1.417, 0.333
2017-04-20 10:10:16,022, 1492675816022101002, -0.302, -0.148, -0.289, 0.794, -1.433, 0.162
2017-04-20 10:10:16,024, 1492675816024070955, -0.285, -0.139, -0.263, 0.683, -1.374, 0.073
2017-04-20 10:10:16,028, 1492675816028234531, -0.326, -0.148, -0.304, 0.519, -1.381, -0.057
2017-04-20 10:10:16,030, 1492675816029992571, -0.325, -0.137, -0.293, 0.506, -1.361, -0.078
2017-04-20 10:10:16,032, 1492675816032078981, -0.286, -0.12, -0.284, 0.474, -1.231, -0.102
2017-04-20 10:10:16,034, 1492675816034067429, -0.286, -0.121, -0.293, 0.453, -1.21, -0.078
2017-04-20 10:10:16,039, 1492675816039243354, -0.343, -0.148, -0.313, 0.52, -1.249, 0.109
2017-04-20 10:10:16,041, 1492675816041026458, -0.354, -0.152, -0.328, 0.571, -1.297, 0.146
2017-04-20 10:10:16,043, 1492675816043232838, -0.349, -0.162, -0.317, 0.68, -1.303, 0.203
2017-04-20 10:10:16,045, 1492675816045084793, -0.331, -0.174, -0.316, 0.758, -1.289, 0.263
2017-04-20 10:10:16,047, 1492675816047136899, -0.358, -0.2, -0.355, 0.828, -1.348, 0.409
2017-04-20 10:10:16,049, 1492675816049071351, -0.336, -0.196, -0.391, 0.946, -1.319, 0.406
2017-04-20 10:10:16,051, 1492675816051283442, -0.387, -0.207, -0.379, 1.095, -1.38, 0.361
2017-04-20 10:10:16,053, 1492675816053068853, -0.389, -0.207, -0.376, 1.17, -1.426, 0.45
2017-04-20 10:10:16,055, 1492675816055096438, -0.314, -0.18, -0.399, 1.239, -1.297, 0.393
2017-04-20 10:10:16,057, 1492675816057075408, -0.294, -0.194, -0.415, 1.227, -1.186, 0.349
2017-04-20 10:10:16,059, 1492675816059259217, -0.309, -0.213, -0.377, 1.161, -1.209, 0.365
2017-04-20 10:10:16,061, 1492675816061111749, -0.306, -0.183, -0.307, 1.018, -1.088, 0.422
2017-04-20 10:10:16,063, 1492675816063212458, -0.322, -0.152, -0.459, 0.896, -0.98, 0.401
2017-04-20 10:10:16,065, 1492675816065082504, -0.332, -0.137, -0.475, 0.825, -0.947, 0.158
2017-04-20 10:10:16,068, 1492675816067261501, -0.383, -0.166, -0.283, 0.688, -0.942, 0.325
2017-04-20 10:10:16,072, 1492675816072560060, -0.371, -0.196, -0.351, 0.744, -1.018, 0.547
2017-04-20 10:10:16,074, 1492675816074237346, -0.274, -0.097, -0.31, 1.096, -0.986, 0.385
2017-04-20 10:10:16,076, 1492675816076207071, -0.193, -0.096, -0.253, 1.07, -0.874, 0.661
2017-04-20 10:10:16,079, 1492675816079102189, -0.191, -0.086, -0.419, 0.939, -0.892, 0.649
2017-04-20 10:10:16,081, 1492675816081098474, -0.232, -0.089, -0.445, 0.933, -0.865, 0.431
2017-04-20 10:10:16,082, 1492675816082214519, -0.266, -0.07, -0.34, 0.961, -0.867, 0.52
2017-04-20 10:10:16,084, 1492675816084193064, -0.258, -0.057, -0.346, 1.078, -0.897, 0.487
2017-04-20 10:10:16,086, 1492675816086205940, -0.235, -0.139, -0.476, 1.16, -0.745, 0.466
2017-04-20 10:10:16,088, 1492675816088175185, -0.166, -0.142, -0.389, 1.269, -0.717, 0.462
2017-04-20 10:10:16,090, 1492675816090161297, -0.045, -0.092, -0.164, 1.282, -0.445, 0.438
2017-04-20 10:10:16,092, 1492675816092469477, -0.04, -0.044, -0.185, 1.196, -0.3, 0.381
2017-04-20 10:10:16,094, 1492675816094204980, -0.103, -0.054, -0.453, 0.951, -0.259, 0.341
2017-04-20 10:10:16,096, 1492675816096212273, -0.202, -0.097, -0.339, 0.854, -0.29, 0.207
2017-04-20 10:10:16,098, 1492675816098178868, -0.243, -0.057, -0.159, 0.884, -0.419, 0.3
2017-04-20 10:10:16,100, 1492675816100223706, -0.088, -0.013, -0.333, 0.967, -0.207, 0.296
2017-04-20 10:10:16,102, 1492675816102487465, 0.084, -0.057, -0.411, 1.009, -0.007, 0.381
2017-04-20 10:10:16,108, 1492675816108337871, 0.072, -0.03, -0.123, 1.013, -0.013, 0.43
2017-04-20 10:10:16,110, 1492675816110223055, -0.126, -0.011, -0.457, 0.971, -0.142, 0.377
2017-04-20 10:10:16,112, 1492675816112190391, -0.109, -0.011, -0.244, 1.038, -0.222, 0.381
2017-04-20 10:10:16,114, 1492675816114213812, 0.063, 0.059, -0.157, 1.095, -0.087, 0.357
2017-04-20 10:10:16,116, 1492675816116171020, 0.27, 0.06, -0.28, 0.909, 0.265, 0.401
2017-04-20 10:10:16,118, 1492675816118219847, 0.218, 0.071, -0.239, 0.6, 0.238, 0.511
2017-04-20 10:10:16,120, 1492675816120158463, 0.03, 0.072, -0.124, 0.476, 0.1, 0.422
2017-04-20 10:10:16,122, 1492675816122195017, -0.087, 0.086, -0.353, 0.447, -0.008, 0.385
2017-04-20 10:10:16,124, 1492675816124196818, -0.038, 0.087, -0.473, 0.444, 0.023, 0.503
2017-04-20 10:10:16,126, 1492675816126247038, 0.182, 0.124, -0.146, 0.358, 0.413, 0.438
2017-04-20 10:10:16,132, 1492675816132156171, 0.112, 0.157, -0.187, 0.006, 0.56, 0.426
2017-04-20 10:10:16,134, 1492675816134215544, -0.041, 0.123, -0.192, -0.019, 0.392, 0.398
2017-04-20 10:10:16,135, 1492675816135209722, -0.01, 0.115, -0.368, -0.011, 0.422, 0.377
2017-04-20 10:10:16,140, 1492675816140310079, 0.179, 0.164, -0.352, 0.029, 0.608, 0.373
2017-04-20 10:10:16,142, 1492675816142147703, 0.457, 0.312, 0.047, -0.425, 1.043, 0.401
2017-04-20 10:10:16,144, 1492675816144203111, 0.353, 0.269, -0.251, -0.765, 1.029, 0.564
2017-04-20 10:10:16,146, 1492675816146231723, 0.133, 0.22, -0.216, -0.912, 0.802, 0.52
2017-04-20 10:10:16,148, 1492675816148194959, 0.086, 0.3, -0.079, -0.964, 0.685, 0.414
2017-04-20 10:10:16,150, 1492675816150270127, 0.255, 0.281, -0.227, -0.952, 0.885, 0.333
2017-04-20 10:10:16,152, 1492675816152324839, 0.452, 0.281, -0.223, -0.909, 1.163, 0.414
2017-04-20 10:10:16,154, 1492675816154168131, 0.49, 0.322, 0.1, -1.034, 1.278, 0.45
2017-04-20 10:10:16,156, 1492675816156194446, 0.41, 0.333, 0.053, -1.159, 1.223, 0.385
2017-04-20 10:10:16,159, 1492675816159194645, 0.275, 0.33, -0.257, -1.409, 1.223, 0.409
2017-04-20 10:10:16,160, 1492675816160203860, 0.238, 0.352, -0.047, -1.549, 1.156, 0.398
2017-04-20 10:10:16,162, 1492675816162157341, 0.249, 0.364, 0.051, -1.618, 1.182, 0.3
2017-04-20 10:10:16,164, 1492675816164195899, 0.311, 0.299, -0.165, -1.667, 1.29, 0.231
2017-04-20 10:10:16,166, 1492675816166183069, 0.285, 0.268, -0.247, -1.659, 1.23, 0.32
2017-04-20 10:10:16,168, 1492675816168235330, 0.317, 0.336, 0.021, -1.549, 1.256, 0.345
2017-04-20 10:10:16,173, 1492675816172819075, 0.364, 0.351, -0.097, -1.502, 1.365, 0.231
2017-04-20 10:10:16,175, 1492675816175157155, 0.394, 0.361, -0.081, -1.696, 1.452, 0.377
2017-04-20 10:10:16,177, 1492675816177362912, 0.429, 0.381, -0.242, -1.809, 1.645, 0.271
2017-04-20 10:10:16,179, 1492675816179249210, 0.41, 0.377, -0.326, -1.903, 1.628, 0.219
2017-04-20 10:10:16,181, 1492675816181054417, 0.368, 0.399, -0.21, -1.963, 1.595, 0.162
2017-04-20 10:10:16,182, 1492675816182236207, 0.382, 0.397, -0.129, -2.023, 1.675, 0.248
2017-04-20 10:10:16,184, 1492675816184189119, 0.412, 0.406, -0.288, -2.132, 1.708, 0.187
2017-04-20 10:10:16,186, 1492675816186297158, 0.419, 0.427, -0.202, -2.197, 1.736, 0.223
2017-04-20 10:10:16,194, 1492675816194042353, 0.433, 0.462, -0.1, -2.399, 1.927, 0.138
2017-04-20 10:10:16,195, 1492675816195247397, 0.393, 0.411, -0.07, -2.492, 1.921, 0.146
2017-04-20 10:10:16,197, 1492675816197190801, 0.432, 0.419, -0.197, -2.603, 2.048, 0.138
2017-04-20 10:10:16,199, 1492675816199208298, 0.465, 0.424, -0.165, -2.703, 2.118, 0.085
2017-04-20 10:10:16,201, 1492675816201217471, 0.419, 0.417, -0.073, -2.745, 2.087, 0.174
2017-04-20 10:10:16,203, 1492675816203221719, 0.41, 0.42, -0.16, -2.78, 2.155, 0.162
2017-04-20 10:10:16,208, 1492675816208648950, 0.399, 0.413, -0.256, -2.769, 2.2, 0.097
2017-04-20 10:10:16,210, 1492675816210212587, 0.381, 0.377, -0.202, -2.76, 2.268, 0.093
2017-04-20 10:10:16,212, 1492675816212181536, 0.336, 0.382, -0.272, -2.796, 2.27, 0.085
2017-04-20 10:10:16,214, 1492675816214222718, 0.323, 0.386, -0.219, -2.842, 2.293, 0.073
2017-04-20 10:10:16,216, 1492675816216179418, 0.328, 0.401, -0.215, -2.911, 2.313, 0.081
2017-04-20 10:10:16,218, 1492675816218224241, 0.333, 0.397, -0.269, -2.98, 2.342, 0.106
2017-04-20 10:10:16,226, 1492675816226095682, 0.342, 0.415, -0.274, -2.958, 2.294, 0.077
2017-04-20 10:10:16,227, 1492675816227346170, 0.336, 0.43, -0.275, -2.956, 2.259, 0.065
2017-04-20 10:10:16,229, 1492675816229186379, 0.334, 0.397, -0.264, -2.95, 2.206, 0.077
2017-04-20 10:10:16,231, 1492675816231208150, 0.335, 0.392, -0.267, -2.935, 2.166, 0.081
2017-04-20 10:10:16,233, 1492675816233202396, 0.309, 0.397, -0.279, -2.918, 2.107, 0.065
2017-04-20 10:10:16,235, 1492675816235252170, 0.311, 0.397, -0.26, -2.934, 2.084, 0.02
2017-04-20 10:10:16,237, 1492675816237693987, 0.309, 0.388, -0.25, -2.944, 2.08, 0.069
2017-04-20 10:10:16,239, 1492675816239203274, 0.307, 0.394, -0.243, -2.98, 2.077, 0.06
2017-04-20 10:10:16,241, 1492675816241631565, 0.291, 0.39, -0.226, -3.019, 2.077, 0.06
2017-04-20 10:10:16,243, 1492675816243228470, 0.282, 0.394, -0.216, -3.05, 2.086, 0.044
2017-04-20 10:10:16,245, 1492675816245205560, 0.277, 0.388, -0.205, -3.073, 2.088, 0.044
2017-04-20 10:10:16,247, 1492675816247500215, 0.279, 0.387, -0.198, -3.113, 2.07, 0.044
2017-04-20 10:10:16,249, 1492675816249180289, 0.27, 0.394, -0.2, -3.16, 2.054, 0.02
2017-04-20 10:10:16,252, 1492675816252040619, 0.253, 0.404, -0.184, -3.197, 2.024, 0.069
2017-04-20 10:10:16,253, 1492675816253174201, 0.26, 0.406, -0.18, -3.222, 1.988, 0.085
2017-04-20 10:10:16,255, 1492675816255223671, 0.253, 0.425, -0.181, -3.207, 1.947, 0.101
2017-04-20 10:10:16,257, 1492675816257212602, 0.253, 0.426, -0.195, -3.184, 1.919, 0.105
2017-04-20 10:10:16,259, 1492675816259210745, 0.253, 0.41, -0.176, -3.153, 1.9, 0.09
2017-04-20 10:10:16,261, 1492675816261206205, 0.24, 0.391, -0.167, -3.119, 1.88, 0.093
2017-04-20 10:10:16,263, 1492675816263214859, 0.249, 0.396, -0.155, -3.088, 1.857, 0.073
2017-04-20 10:10:16,265, 1492675816265197867, 0.232, 0.398, -0.174, -3.064, 1.844, 0.077
2017-04-20 10:10:16,267, 1492675816267470839, 0.227, 0.377, -0.158, -3.066, 1.819, 0.065
2017-04-20 10:10:16,269, 1492675816269181662, 0.206, 0.373, -0.168, -3.066, 1.778, 0.041
2017-04-20 10:10:16,271, 1492675816271212186, 0.187, 0.353, -0.163, -3.052, 1.741, 0.065
2017-04-20 10:10:16,277, 1492675816273246389, 0.186, 0.344, -0.151, -3.033, 1.723, 0.065
2017-04-20 10:10:16,278, 1492675816275265411, 0.168, 0.351, -0.152, -3.0, 1.707, 0.041
2017-04-20 10:10:16,278, 1492675816277264724, 0.163, 0.338, -0.149, -2.955, 1.704, 0.041
2017-04-20 10:10:16,280, 1492675816280271551, 0.161, 0.341, -0.136, -2.847, 1.697, 0.09
2017-04-20 10:10:16,282, 1492675816282175564, 0.153, 0.344, -0.157, -2.781, 1.697, 0.097
2017-04-20 10:10:16,284, 1492675816284244479, 0.163, 0.326, -0.147, -2.668, 1.689, 0.081
2017-04-20 10:10:16,286, 1492675816286195146, 0.157, 0.311, -0.156, -2.556, 1.691, 0.097
2017-04-20 10:10:16,288, 1492675816288170090, 0.167, 0.309, -0.155, -2.461, 1.673, 0.089
2017-04-20 10:10:16,289, 1492675816289182650, 0.177, 0.298, -0.147, -2.397, 1.655, 0.073
2017-04-20 10:10:16,291, 1492675816291456345, 0.186, 0.295, -0.16, -2.33, 1.617, 0.101
2017-04-20 10:10:16,293, 1492675816293209030, 0.185, 0.284, -0.138, -2.294, 1.598, 0.109
2017-04-20 10:10:16,295, 1492675816295212502, 0.178, 0.299, -0.136, -2.254, 1.559, 0.114
2017-04-20 10:10:16,297, 1492675816297233005, 0.179, 0.285, -0.141, -2.216, 1.553, 0.081
2017-04-20 10:10:16,299, 1492675816299235214, 0.191, 0.271, -0.122, -2.168, 1.547, 0.085
2017-04-20 10:10:16,301, 1492675816301189974, 0.194, 0.258, -0.121, -2.117, 1.548, 0.093
2017-04-20 10:10:16,304, 1492675816304234846, 0.195, 0.239, -0.148, -2.035, 1.548, 0.089
2017-04-20 10:10:16,306, 1492675816306122028, 0.207, 0.26, -0.037, -1.978, 1.568, 0.106
2017-04-20 10:10:16,307, 1492675816307763124, 0.204, 0.257, -0.072, -2.015, 1.578, 0.085
2017-04-20 10:10:16,311, 1492675816311072977, 0.17, 0.218, -0.135, -2.051, 1.539, 0.073
2017-04-20 10:10:16,313, 1492675816313095411, 0.161, 0.258, 0.005, -2.109, 1.481, 0.13
2017-04-20 10:10:16,314, 1492675816314253470, 0.181, 0.271, -0.074, -2.175, 1.502, 0.109
2017-04-20 10:10:16,316, 1492675816316128307, 0.169, 0.261, -0.112, -2.213, 1.507, 0.097
2017-04-20 10:10:16,317, 1492675816317188430, 0.144, 0.239, -0.041, -2.224, 1.444, 0.093
2017-04-20 10:10:16,320, 1492675816320130253, 0.119, 0.252, 0.0, -2.178, 1.361, 0.125
2017-04-20 10:10:16,321, 1492675816321180774, 0.136, 0.257, -0.114, -2.129, 1.385, 0.146
2017-04-20 10:10:16,323, 1492675816323210915, 0.148, 0.237, -0.083, -2.046, 1.392, 0.125
2017-04-20 10:10:16,325, 1492675816325199532, 0.13, 0.233, -0.023, -1.948, 1.352, 0.15
2017-04-20 10:10:16,327, 1492675816327339854, 0.116, 0.204, -0.11, -1.854, 1.341, 0.158
2017-04-20 10:10:16,329, 1492675816329167220, 0.134, 0.22, -0.163, -1.764, 1.363, 0.158
2017-04-20 10:10:16,332, 1492675816332503096, 0.144, 0.213, -0.105, -1.707, 1.376, 0.141
2017-04-20 10:10:16,334, 1492675816334400241, 0.138, 0.168, -0.142, -1.656, 1.358, 0.15
2017-04-20 10:10:16,336, 1492675816336209919, 0.152, 0.185, -0.155, -1.639, 1.348, 0.163
2017-04-20 10:10:16,338, 1492675816338042017, 0.161, 0.202, -0.127, -1.636, 1.342, 0.207
2017-04-20 10:10:16,339, 1492675816339381547, 0.16, 0.206, -0.145, -1.649, 1.338, 0.174
2017-04-20 10:10:16,347, 1492675816344739356, 0.154, 0.193, -0.161, -1.655, 1.306, 0.133
2017-04-20 10:10:16,348, 1492675816348598493, 0.146, 0.208, -0.129, -1.693, 1.246, 0.19
2017-04-20 10:10:16,350, 1492675816350203147, 0.139, 0.228, -0.092, -1.704, 1.223, 0.171
2017-04-20 10:10:16,351, 1492675816351198555, 0.138, 0.229, -0.09, -1.707, 1.221, 0.211
2017-04-20 10:10:16,352, 1492675816352196566, 0.143, 0.238, -0.097, -1.717, 1.224, 0.219
2017-04-20 10:10:16,354, 1492675816354235807, 0.152, 0.229, -0.106, -1.74, 1.225, 0.211
2017-04-20 10:10:16,356, 1492675816356170499, 0.139, 0.233, -0.065, -1.771, 1.184, 0.195
2017-04-20 10:10:16,358, 1492675816358220549, 0.118, 0.224, -0.071, -1.789, 1.153, 0.219
2017-04-20 10:10:16,360, 1492675816360196729, 0.114, 0.226, -0.079, -1.793, 1.143, 0.227
2017-04-20 10:10:16,362, 1492675816362259714, 0.124, 0.226, -0.064, -1.815, 1.136, 0.215
2017-04-20 10:10:16,364, 1492675816364207622, 0.12, 0.205, -0.057, -1.826, 1.126, 0.207
2017-04-20 10:10:16,366, 1492675816366221337, 0.126, 0.209, -0.064, -1.819, 1.132, 0.203
2017-04-20 10:10:16,376, 1492675816374114363, 0.116, 0.18, -0.094, -1.755, 1.099, 0.231
2017-04-20 10:10:16,376, 1492675816376112659, 0.128, 0.199, -0.091, -1.709, 1.109, 0.227
2017-04-20 10:10:16,382, 1492675816382274924, 0.114, 0.19, -0.107, -1.59, 1.128, 0.207
2017-04-20 10:10:16,384, 1492675816384121367, 0.13, 0.182, -0.119, -1.57, 1.128, 0.19
2017-04-20 10:10:16,386, 1492675816386093622, 0.144, 0.195, -0.122, -1.542, 1.131, 0.215
2017-04-20 10:10:16,388, 1492675816388151239, 0.13, 0.19, -0.109, -1.518, 1.134, 0.203
2017-04-20 10:10:16,390, 1492675816390234198, 0.141, 0.196, -0.12, -1.485, 1.146, 0.187
2017-04-20 10:10:16,392, 1492675816392135436, 0.146, 0.188, -0.123, -1.465, 1.153, 0.182
2017-04-20 10:10:16,394, 1492675816394123681, 0.141, 0.178, -0.107, -1.44, 1.155, 0.19
2017-04-20 10:10:16,396, 1492675816396184393, 0.145, 0.175, -0.098, -1.406, 1.156, 0.174
2017-04-20 10:10:16,399, 1492675816399225132, 0.152, 0.158, -0.103, -1.372, 1.183, 0.166
2017-04-20 10:10:16,401, 1492675816401058606, 0.14, 0.168, -0.076, -1.362, 1.188, 0.166
2017-04-20 10:10:16,402, 1492675816402479012, 0.138, 0.163, -0.066, -1.352, 1.195, 0.174
2017-04-20 10:10:16,404, 1492675816404213605, 0.133, 0.161, -0.061, -1.354, 1.199, 0.154
2017-04-20 10:10:16,406, 1492675816406142476, 0.141, 0.169, -0.075, -1.357, 1.201, 0.154
2017-04-20 10:10:16,408, 1492675816408637285, 0.138, 0.172, -0.064, -1.372, 1.195, 0.166
2017-04-20 10:10:16,416, 1492675816414484942, 0.125, 0.173, -0.071, -1.385, 1.191, 0.171
2017-04-20 10:10:16,417, 1492675816417239161, 0.139, 0.166, -0.067, -1.378, 1.173, 0.174
2017-04-20 10:10:16,419, 1492675816419279918, 0.136, 0.189, -0.079, -1.363, 1.171, 0.174
2017-04-20 10:10:16,421, 1492675816421135607, 0.149, 0.177, -0.053, -1.348, 1.171, 0.195
2017-04-20 10:10:16,422, 1492675816422191121, 0.142, 0.158, -0.078, -1.346, 1.159, 0.19
2017-04-20 10:10:16,424, 1492675816424225112, 0.144, 0.158, -0.073, -1.342, 1.141, 0.198
2017-04-20 10:10:16,426, 1492675816426189934, 0.128, 0.156, -0.065, -1.336, 1.115, 0.187
2017-04-20 10:10:16,428, 1492675816428551005, 0.141, 0.155, -0.079, -1.316, 1.098, 0.195
2017-04-20 10:10:16,430, 1492675816430186747, 0.149, 0.153, -0.084, -1.31, 1.078, 0.195
2017-04-20 10:10:16,432, 1492675816432214481, 0.143, 0.16, -0.088, -1.296, 1.069, 0.171
2017-04-20 10:10:16,434, 1492675816434193164, 0.136, 0.151, -0.092, -1.287, 1.063, 0.174
2017-04-20 10:10:16,436, 1492675816436225948, 0.136, 0.158, -0.092, -1.277, 1.063, 0.174
2017-04-20 10:10:16,438, 1492675816438189725, 0.133, 0.157, -0.093, -1.271, 1.063, 0.162
2017-04-20 10:10:16,440, 1492675816440303796, 0.125, 0.166, -0.094, -1.264, 1.068, 0.146
2017-04-20 10:10:16,446, 1492675816445469695, 0.124, 0.161, -0.095, -1.275, 1.08, 0.158
2017-04-20 10:10:16,448, 1492675816448218004, 0.11, 0.154, -0.09, -1.359, 1.071, 0.166
2017-04-20 10:10:16,450, 1492675816450085426, 0.122, 0.165, -0.089, -1.386, 1.076, 0.166
2017-04-20 10:10:16,451, 1492675816451560636, 0.123, 0.179, -0.086, -1.412, 1.09, 0.171
2017-04-20 10:10:16,453, 1492675816453209207, 0.121, 0.167, -0.081, -1.431, 1.084, 0.166
2017-04-20 10:10:16,455, 1492675816455244256, 0.106, 0.174, -0.072, -1.438, 1.071, 0.179
2017-04-20 10:10:16,457, 1492675816457201531, 0.102, 0.175, -0.105, -1.441, 1.086, 0.166
2017-04-20 10:10:16,459, 1492675816459210076, 0.125, 0.183, -0.072, -1.453, 1.095, 0.166
2017-04-20 10:10:16,461, 1492675816461164718, 0.124, 0.19, -0.083, -1.467, 1.099, 0.162
2017-04-20 10:10:16,463, 1492675816463216072, 0.139, 0.184, -0.079, -1.49, 1.112, 0.174
2017-04-20 10:10:16,465, 1492675816465183973, 0.14, 0.187, -0.087, -1.514, 1.125, 0.166
2017-04-20 10:10:16,467, 1492675816467434434, 0.143, 0.2, -0.073, -1.535, 1.117, 0.179
2017-04-20 10:10:16,469, 1492675816469189987, 0.138, 0.19, -0.081, -1.56, 1.108, 0.191
2017-04-20 10:10:16,471, 1492675816471227554, 0.153, 0.204, -0.071, -1.577, 1.109, 0.179
2017-04-20 10:10:16,482, 1492675816482184540, 0.119, 0.185, -0.076, -1.578, 1.09, 0.15
2017-04-20 10:10:16,486, 1492675816486397375, 0.057, 0.119, -0.078, -1.453, 1.032, 0.117
2017-04-20 10:10:16,488, 1492675816488215464, 0.052, 0.106, -0.062, -1.404, 1.001, 0.141
2017-04-20 10:10:16,490, 1492675816490224331, 0.017, 0.087, -0.093, -1.32, 0.969, 0.134
2017-04-20 10:10:16,492, 1492675816492189281, 0.022, 0.074, -0.104, -1.21, 0.938, 0.158
2017-04-20 10:10:16,494, 1492675816494226730, 0.009, 0.084, -0.159, -1.074, 0.883, 0.231
2017-04-20 10:10:16,496, 1492675816496203264, 0.014, 0.069, -0.185, -0.956, 0.874, 0.276
2017-04-20 10:10:16,498, 1492675816498235854, -0.017, 0.048, -0.208, -0.839, 0.812, 0.243
2017-04-20 10:10:16,500, 1492675816500180035, -0.029, 0.044, -0.226, -0.737, 0.747, 0.239
2017-04-20 10:10:16,503, 1492675816503050723, -0.05, 0.035, -0.278, -0.63, 0.705, 0.312
2017-04-20 10:10:16,504, 1492675816504211520, -0.041, 0.044, -0.3, -0.526, 0.685, 0.328
2017-04-20 10:10:16,506, 1492675816506232114, -0.034, 0.057, -0.296, -0.495, 0.666, 0.3
2017-04-20 10:10:16,508, 1492675816508186755, -0.05, 0.028, -0.307, -0.451, 0.643, 0.317
2017-04-20 10:10:16,510, 1492675816510221333, -0.062, 0.023, -0.331, -0.411, 0.639, 0.328
2017-04-20 10:10:16,516, 1492675816512851864, -0.074, 0.021, -0.335, -0.372, 0.629, 0.333
2017-04-20 10:10:16,516, 1492675816514550011, -0.072, 0.034, -0.37, -0.356, 0.631, 0.32
2017-04-20 10:10:16,517, 1492675816516176342, -0.063, 0.009, -0.334, -0.366, 0.657, 0.3
2017-04-20 10:10:16,520, 1492675816520254029, -0.051, 0.007, -0.366, -0.374, 0.662, 0.32
2017-04-20 10:10:16,522, 1492675816522118564, -0.046, 0.009, -0.378, -0.365, 0.661, 0.32
2017-04-20 10:10:16,523, 1492675816523430018, -0.045, 0.008, -0.373, -0.388, 0.653, 0.309
2017-04-20 10:10:16,525, 1492675816525190885, -0.069, -0.003, -0.375, -0.389, 0.633, 0.304
2017-04-20 10:10:16,527, 1492675816527032911, -0.07, -0.013, -0.366, -0.395, 0.608, 0.304
2017-04-20 10:10:16,528, 1492675816528177136, -0.072, 0.0, -0.364, -0.38, 0.585, 0.341
2017-04-20 10:10:16,530, 1492675816530240670, -0.071, -0.019, -0.389, -0.376, 0.558, 0.328
2017-04-20 10:10:16,532, 1492675816532537248, -0.041, 0.013, -0.327, -0.354, 0.566, 0.292
2017-04-20 10:10:16,534, 1492675816534220264, -0.033, 0.032, -0.348, -0.359, 0.532, 0.325
2017-04-20 10:10:16,536, 1492675816536179584, -0.018, 0.034, -0.478, -0.387, 0.546, 0.341
2017-04-20 10:10:16,538, 1492675816538186344, -0.009, 0.026, -0.418, -0.479, 0.59, 0.393
2017-04-20 10:10:16,540, 1492675816540198973, -0.067, 0.041, -0.324, -0.499, 0.488, 0.438
2017-04-20 10:10:16,542, 1492675816542232777, -0.004, 0.075, -0.466, -0.493, 0.567, 0.353
2017-04-20 10:10:16,544, 1492675816544178337, 0.006, 0.054, -0.533, -0.486, 0.606, 0.333
2017-04-20 10:10:16,547, 1492675816547206421, -0.019, 0.037, -0.432, -0.487, 0.567, 0.406
2017-04-20 10:10:16,552, 1492675816552395116, -0.054, 0.032, -0.557, -0.422, 0.531, 0.39
2017-04-20 10:10:16,556, 1492675816556234478, -0.07, 0.016, -0.705, -0.131, 0.375, 0.345
2017-04-20 10:10:16,558, 1492675816558059329, -0.058, 0.019, -0.714, -0.057, 0.312, 0.365
2017-04-20 10:10:16,559, 1492675816559225344, 0.018, 0.085, -0.59, -0.032, 0.437, 0.377
2017-04-20 10:10:16,561, 1492675816561001327, 0.06, 0.116, -0.596, -0.035, 0.469, 0.336
2017-04-20 10:10:16,562, 1492675816562352022, 0.105, 0.13, -0.628, -0.092, 0.533, 0.276
2017-04-20 10:10:16,564, 1492675816564158126, 0.112, 0.164, -0.658, -0.198, 0.54, 0.3
2017-04-20 10:10:16,566, 1492675816566225721, 0.124, 0.161, -0.637, -0.324, 0.575, 0.398
2017-04-20 10:10:16,568, 1492675816568196956, 0.186, 0.184, -0.627, -0.452, 0.656, 0.43
2017-04-20 10:10:16,570, 1492675816570217739, 0.178, 0.212, -0.613, -0.595, 0.712, 0.341
2017-04-20 10:10:16,572, 1492675816572168207, 0.215, 0.248, -0.535, -0.727, 0.807, 0.353
2017-04-20 10:10:16,575, 1492675816575062931, 0.219, 0.228, -0.569, -0.846, 0.791, 0.434
2017-04-20 10:10:16,576, 1492675816576199860, 0.273, 0.287, -0.472, -0.916, 0.884, 0.401
2017-04-20 10:10:16,581, 1492675816580432019, 0.319, 0.301, -0.392, -1.041, 0.999, 0.345
2017-04-20 10:10:16,586, 1492675816586211691, 0.405, 0.331, -0.545, -2.05, 1.29, 0.547
2017-04-20 10:10:16,588, 1492675816588076481, 0.378, 0.384, -0.771, -2.257, 1.185, 0.686
2017-04-20 10:10:16,590, 1492675816590046250, 0.266, 0.438, -0.389, -2.469, 0.883, 1.1
2017-04-20 10:10:16,592, 1492675816592077411, 0.21, 0.359, -0.312, -2.643, 0.943, 1.072
2017-04-20 10:10:16,594, 1492675816594148953, 0.265, 0.375, -0.688, -2.775, 1.179, 1.189
2017-04-20 10:10:16,596, 1492675816596058982, 0.43, 0.499, -0.457, -2.854, 1.476, 1.336
2017-04-20 10:10:16,598, 1492675816598060994, 0.576, 0.573, -0.33, -2.996, 1.964, 1.307
2017-04-20 10:10:16,600, 1492675816600092310, 0.708, 0.593, -0.767, -2.919, 2.272, 1.352
2017-04-20 10:10:16,602, 1492675816602046357, 0.738, 0.709, -0.702, -2.857, 2.172, 1.181
2017-04-20 10:10:16,604, 1492675816604089522, 0.659, 0.665, -0.444, -2.871, 2.012, 0.856
2017-04-20 10:10:16,606, 1492675816606061247, 0.498, 0.508, -0.746, -2.936, 1.777, 0.604
2017-04-20 10:10:16,608, 1492675816608111707, 0.341, 0.52, -0.89, -2.951, 1.416, 0.954
2017-04-20 10:10:16,610, 1492675816610217413, 0.494, 0.614, -0.681, -2.99, 1.578, 1.189
2017-04-20 10:10:16,612, 1492675816612092942, 0.626, 0.636, -0.856, -3.077, 1.815, 0.921
2017-04-20 10:10:16,614, 1492675816614151493, 0.61, 0.529, -0.894, -3.182, 1.829, 0.901
2017-04-20 10:10:16,619, 1492675816619243871, 0.699, 0.767, -1.897, -2.498, 1.947, 0.832
2017-04-20 10:10:16,621, 1492675816621047791, 0.619, 0.641, -1.937, -2.12, 1.777, 0.487
2017-04-20 10:10:16,623, 1492675816623127466, 0.39, 0.502, -1.954, -1.878, 1.366, 0.434
2017-04-20 10:10:16,625, 1492675816625104170, 0.248, 0.434, -1.978, -1.692, 1.031, 0.677
2017-04-20 10:10:16,627, 1492675816627119018, 0.344, 0.445, -1.972, -1.638, 1.271, 0.999
2017-04-20 10:10:16,629, 1492675816629095316, 0.455, 0.43, -1.977, -1.677, 1.625, 1.108
2017-04-20 10:10:16,631, 1492675816631143141, 0.655, 0.507, -1.964, -2.036, 1.975, 1.1
2017-04-20 10:10:16,633, 1492675816633113284, 0.694, 0.515, -1.948, -2.022, 1.909, 0.564
2017-04-20 10:10:16,635, 1492675816635391876, 0.563, 0.526, -1.988, -2.151, 1.759, 0.747
2017-04-20 10:10:16,637, 1492675816637190285, 0.457, 0.425, -2.013, -2.139, 1.79, 1.032
2017-04-20 10:10:16,639, 1492675816639141947, 0.369, 0.382, -2.027, -2.066, 1.699, 0.942
2017-04-20 10:10:16,641, 1492675816641087153, 0.518, 0.399, -2.012, -2.14, 2.006, 0.479
2017-04-20 10:10:16,643, 1492675816643125689, 0.613, 0.325, -2.019, -2.125, 2.263, 0.658
2017-04-20 10:10:16,652, 1492675816648219710, 0.608, 0.317, -2.038, -2.309, 2.326, 0.896
2017-04-20 10:10:16,654, 1492675816654164578, 0.36, 0.435, -2.107, -2.583, 2.074, 0.978
2017-04-20 10:10:16,655, 1492675816655165931, 0.415, 0.413, -2.11, -2.525, 2.206, 0.877
2017-04-20 10:10:16,658, 1492675816658070596, 0.416, 0.381, -2.09, -2.518, 2.243, 0.97
2017-04-20 10:10:16,660, 1492675816660039294, 0.335, 0.373, -2.136, -2.553, 2.161, 0.966
2017-04-20 10:10:16,662, 1492675816662046533, 0.258, 0.403, -2.144, -2.62, 1.985, 0.84
2017-04-20 10:10:16,664, 1492675816663997393, 0.233, 0.451, -2.15, -2.721, 1.899, 0.747
2017-04-20 10:10:16,666, 1492675816666027371, 0.279, 0.429, -2.159, -2.7, 1.941, 0.747
2017-04-20 10:10:16,668, 1492675816667999852, 0.293, 0.39, -2.16, -2.634, 1.934, 0.726
2017-04-20 10:10:16,670, 1492675816670026022, 0.303, 0.362, -2.177, -2.572, 1.989, 0.694
2017-04-20 10:10:16,672, 1492675816672001844, 0.318, 0.121, -2.836, -3.064, 2.043, 0.669
2017-04-20 10:10:16,674, 1492675816674038452, 0.253, 0.382, -3.091, -4.217, 2.113, 0.755
2017-04-20 10:10:16,676, 1492675816676012690, 0.261, 0.507, -2.903, -3.606, 1.94, 0.604
2017-04-20 10:10:16,678, 1492675816678026450, 0.203, 0.573, -2.508, -2.945, 1.744, 0.515
2017-04-20 10:10:16,680, 1492675816680001736, 0.269, 0.495, -2.583, -3.078, 1.826, 0.604
2017-04-20 10:10:16,682, 1492675816682052442, 0.298, 0.294, -2.899, -3.04, 1.839, 0.609
2017-04-20 10:10:16,684, 1492675816684173642, 0.295, 0.345, -3.165, -2.844, 1.854, 0.547
2017-04-20 10:10:16,685, 1492675816685216458, 0.265, 0.475, -3.061, -2.848, 1.793, 0.641
2017-04-20 10:10:16,688, 1492675816688027507, 0.16, 0.591, -2.846, -2.811, 1.538, 0.596
2017-04-20 10:10:16,690, 1492675816690076273, 0.195, 0.537, -3.146, -2.777, 1.652, 0.62
2017-04-20 10:10:16,692, 1492675816692030145, 0.209, 0.432, -3.098, -2.917, 1.607, 0.658
2017-04-20 10:10:16,694, 1492675816694074257, 0.255, 0.36, -3.08, -3.011, 1.647, 0.674
2017-04-20 10:10:16,696, 1492675816696482778, 0.285, 0.356, -3.287, -3.053, 1.789, 0.669
2017-04-20 10:10:16,698, 1492675816698188877, 0.294, 0.438, -3.113, -3.106, 1.837, 0.637
2017-04-20 10:10:16,699, 1492675816699316382, 0.32, 0.474, -3.076, -3.139, 1.887, 0.649
2017-04-20 10:10:16,702, 1492675816702043598, 0.3, 0.397, -3.115, -3.159, 1.867, 0.637
2017-04-20 10:10:16,704, 1492675816704025601, 0.325, 0.395, -3.066, -3.183, 1.871, 0.698
2017-04-20 10:10:16,706, 1492675816706091799, 0.366, 0.379, -3.164, -3.145, 1.932, 0.758
2017-04-20 10:10:16,708, 1492675816708009712, 0.325, 0.388, -3.153, -3.114, 1.909, 0.731
2017-04-20 10:10:16,710, 1492675816710057077, 0.27, 0.417, -3.06, -3.03, 1.825, 0.804
2017-04-20 10:10:16,712, 1492675816711993577, 0.232, 0.419, -3.086, -2.956, 1.821, 0.82
2017-04-20 10:10:16,714, 1492675816714038753, 0.264, 0.414, -3.103, -2.901, 1.925, 0.779
2017-04-20 10:10:16,716, 1492675816716021789, 0.313, 0.38, -3.071, -2.791, 1.987, 0.739
2017-04-20 10:10:16,722, 1492675816722215409, 0.245, 0.349, -3.118, -2.76, 1.8, 0.674
2017-04-20 10:10:16,724, 1492675816724031940, 0.241, 0.35, -3.168, -2.699, 1.773, 0.645
2017-04-20 10:10:16,726, 1492675816726057898, 0.234, 0.306, -3.225, -2.619, 1.71, 0.666
2017-04-20 10:10:16,728, 1492675816728094445, 0.252, 0.272, -3.193, -2.517, 1.677, 0.637
2017-04-20 10:10:16,730, 1492675816730098766, 0.276, 0.24, -3.209, -2.398, 1.671, 0.645
2017-04-20 10:10:16,732, 1492675816732030137, 0.264, 0.246, -3.231, -2.277, 1.649, 0.633
2017-04-20 10:10:16,734, 1492675816734077651, 0.248, 0.29, -3.226, -2.139, 1.586, 0.649
2017-04-20 10:10:16,736, 1492675816736057002, 0.218, 0.303, -3.273, -2.028, 1.538, 0.637
2017-04-20 10:10:16,738, 1492675816738080989, 0.219, 0.322, -3.319, -1.951, 1.526, 0.653
2017-04-20 10:10:16,740, 1492675816740023209, 0.234, 0.307, -3.293, -1.889, 1.5, 0.666
2017-04-20 10:10:16,742, 1492675816742103238, 0.226, 0.301, -3.275, -1.845, 1.484, 0.653
2017-04-20 10:10:16,744, 1492675816744076843, 0.229, 0.323, -3.249, -1.818, 1.435, 0.633
2017-04-20 10:10:16,746, 1492675816746236212, 0.205, 0.34, -3.169, -1.868, 1.382, 0.625
2017-04-20 10:10:16,748, 1492675816748037901, 0.196, 0.335, -3.091, -1.938, 1.346, 0.628
2017-04-20 10:10:16,750, 1492675816750080818, 0.196, 0.33, -3.049, -2.033, 1.311, 0.612
2017-04-20 10:10:16,752, 1492675816752073187, 0.214, 0.312, -3.017, -2.184, 1.319, 0.604
2017-04-20 10:10:16,757, 1492675816757135707, 0.201, 0.324, -2.985, -2.407, 1.31, 0.628
2017-04-20 10:10:16,758, 1492675816758180599, 0.163, 0.338, -2.937, -2.796, 1.309, 0.658
2017-04-20 10:10:16,761, 1492675816761032043, 0.178, 0.344, -2.885, -2.898, 1.325, 0.674
2017-04-20 10:10:16,763, 1492675816763126627, 0.224, 0.389, -2.845, -3.011, 1.42, 0.707
2017-04-20 10:10:16,765, 1492675816765007115, 0.22, 0.391, -2.853, -3.118, 1.43, 0.682
2017-04-20 10:10:16,767, 1492675816766983468, 0.18, 0.378, -2.834, -3.107, 1.363, 0.678
2017-04-20 10:10:16,772, 1492675816772207499, 0.221, 0.447, -2.775, -3.188, 1.356, 0.69
2017-04-20 10:10:16,774, 1492675816774010051, 0.208, 0.437, -2.78, -3.16, 1.347, 0.694
2017-04-20 10:10:16,776, 1492675816776076507, 0.194, 0.412, -2.736, -3.08, 1.314, 0.734
2017-04-20 10:10:16,778, 1492675816778082946, 0.196, 0.413, -2.735, -3.079, 1.296, 0.731
2017-04-20 10:10:16,780, 1492675816780051353, 0.216, 0.393, -2.746, -3.077, 1.337, 0.677
2017-04-20 10:10:16,782, 1492675816782082051, 0.212, 0.394, -2.754, -3.031, 1.346, 0.674
2017-04-20 10:10:16,784, 1492675816784063856, 0.221, 0.382, -2.732, -2.989, 1.304, 0.706
2017-04-20 10:10:16,786, 1492675816786086366, 0.209, 0.388, -2.731, -2.949, 1.293, 0.661
2017-04-20 10:10:16,788, 1492675816788081602, 0.205, 0.378, -2.736, -2.899, 1.283, 0.666
2017-04-20 10:10:16,794, 1492675816794221176, 0.192, 0.397, -2.746, -2.626, 1.258, 0.674
2017-04-20 10:10:16,796, 1492675816796040141, 0.195, 0.399, -2.799, -2.52, 1.292, 0.669
2017-04-20 10:10:16,798, 1492675816798023770, 0.18, 0.389, -2.66, -2.381, 1.228, 0.666
2017-04-20 10:10:16,800, 1492675816800118175, 0.179, 0.354, -2.724, -2.277, 1.214, 0.702
2017-04-20 10:10:16,802, 1492675816802053572, 0.176, 0.343, -2.742, -2.214, 1.201, 0.686
2017-04-20 10:10:16,804, 1492675816804080872, 0.196, 0.356, -2.667, -2.155, 1.201, 0.731
2017-04-20 10:10:16,806, 1492675816806149563, 0.181, 0.321, -2.703, -2.14, 1.18, 0.69
2017-04-20 10:10:16,808, 1492675816808069772, 0.178, 0.312, -2.698, -2.135, 1.162, 0.71
2017-04-20 10:10:16,810, 1492675816810060212, 0.181, 0.281, -2.633, -2.136, 1.153, 0.747
2017-04-20 10:10:16,812, 1492675816812064457, 0.188, 0.262, -2.655, -2.168, 1.166, 0.734
2017-04-20 10:10:16,814, 1492675816814105261, 0.188, 0.257, -2.645, -2.164, 1.178, 0.718
2017-04-20 10:10:16,816, 1492675816816128361, 0.19, 0.262, -2.629, -2.16, 1.192, 0.731
2017-04-20 10:10:16,822, 1492675816822436680, 0.184, 0.28, -2.611, -2.172, 1.29, 0.707
2017-04-20 10:10:16,826, 1492675816824236509, 0.19, 0.288, -2.616, -2.177, 1.35, 0.718
2017-04-20 10:10:16,827, 1492675816827057977, 0.217, 0.313, -2.571, -2.19, 1.394, 0.706
2017-04-20 10:10:16,828, 1492675816828219580, 0.222, 0.316, -2.541, -2.22, 1.416, 0.743
2017-04-20 10:10:16,830, 1492675816830188354, 0.235, 0.326, -2.542, -2.238, 1.438, 0.755
2017-04-20 10:10:16,832, 1492675816832213210, 0.236, 0.319, -2.533, -2.248, 1.458, 0.731
2017-04-20 10:10:16,834, 1492675816834174670, 0.244, 0.328, -2.522, -2.252, 1.461, 0.747
2017-04-20 10:10:16,836, 1492675816836195668, 0.244, 0.312, -2.507, -2.244, 1.474, 0.7