2017-04-20 10:10:53,931, 1492675853931681342, 0.033, 0.058, -0.021, -0.45, 0.258, -0.021
2017-04-20 10:10:53,933, 1492675853933663336, 0.046, 0.058, -0.04, -0.484, 0.32, -0.004
2017-04-20 10:10:53,935, 1492675853935632352, 0.051, 0.064, -0.008, -0.482, 0.36, -0.012
2017-04-20 10:10:53,938, 1492675853937891591, 0.05, 0.056, -0.015, -0.466, 0.41, 0.004
2017-04-20 10:10:53,939, 1492675853939624079, 0.045, 0.063, -0.024, -0.424, 0.442, -0.008
2017-04-20 10:10:53,941, 1492675853941649385, 0.039, 0.043, -0.007, -0.372, 0.469, 0.012
2017-04-20 10:10:53,943, 1492675853943622709, 0.052, 0.052, -0.001, -0.304, 0.478, 0.028
2017-04-20 10:10:53,945, 1492675853945610247, 0.041, 0.036, -0.006, -0.223, 0.478, 0.008
2017-04-20 10:10:53,947, 1492675853947714708, 0.041, 0.015, 0.009, -0.136, 0.46, 0.017
2017-04-20 10:10:53,949, 1492675853949643098, 0.034, 0.012, -0.001, -0.04, 0.436, 0.033
2017-04-20 10:10:53,951, 1492675853951636519, 0.023, 0.006, -0.003, 0.055, 0.401, 0.041
2017-04-20 10:10:53,953, 1492675853953702510, 0.029, -0.015, -0.016, 0.141, 0.346, 0.02
2017-04-20 10:10:53,955, 1492675853955633988, 0.021, -0.029, -0.005, 0.218, 0.273, 0.033
2017-04-20 10:10:53,960, 1492675853960210528, 0.018, -0.03, -0.021, 0.292, 0.193, 0.036
2017-04-20 10:10:53,965, 1492675853965625301, -0.006, -0.029, -0.04, 0.32, -0.14, 0.003
2017-04-20 10:10:53,967, 1492675853967471027, -0.005, -0.021, -0.038, 0.281, -0.194, -0.008
2017-04-20 10:10:53,969, 1492675853969645679, -0.024, -0.016, -0.035, 0.199, -0.257, -0.008
2017-04-20 10:10:53,971, 1492675853971474831, -0.028, 0.007, -0.025, 0.126, -0.298, -0.012
2017-04-20 10:10:53,973, 1492675853973436736, -0.039, -0.002, -0.003, 0.026, -0.348, -0.024
2017-04-20 10:10:53,975, 1492675853975518711, -0.04, 0.016, 0.002, -0.065, -0.383, -0.012
2017-04-20 10:10:53,977, 1492675853977463718, -0.052, 0.021, 0.005, -0.151, -0.408, -0.021
2017-04-20 10:10:53,979, 1492675853979646750, -0.066, 0.034, 0.015, -0.221, -0.422, -0.024
2017-04-20 10:10:53,981, 1492675853981624821, -0.07, 0.045, 0.017, -0.268, -0.428, -0.041
2017-04-20 10:10:53,984, 1492675853983703402, -0.068, 0.04, 0.024, -0.301, -0.431, -0.037
2017-04-20 10:10:53,985, 1492675853985647082, -0.07, 0.046, 0.01, -0.315, -0.434, -0.024
2017-04-20 10:10:53,987, 1492675853987479919, -0.075, 0.053, 0.016, -0.305, -0.418, -0.016
2017-04-20 10:10:53,994, 1492675853994706079, -0.053, 0.048, -0.011, -0.27, -0.393, -0.033
2017-04-20 10:10:53,996, 1492675853996641103, -0.023, 0.047, -0.086, -0.128, -0.249, -0.008
2017-04-20 10:10:53,998, 1492675853998573931, -0.014, 0.037, -0.109, -0.099, -0.185, -0.004
2017-04-20 10:10:54,000, 1492675854000570432, 0.007, 0.044, -0.14, -0.078, -0.106, -0.004
2017-04-20 10:10:54,002, 1492675854002543336, 0.04, 0.045, -0.188, -0.076, -0.022, 0.0
2017-04-20 10:10:54,005, 1492675854005519208, 0.048, 0.042, -0.23, -0.094, 0.111, 0.016
2017-04-20 10:10:54,006, 1492675854006614467, 0.05, 0.042, -0.263, -0.107, 0.18, -0.005
2017-04-20 10:10:54,008, 1492675854008593361, 0.054, 0.043, -0.28, -0.13, 0.241, 0.02
2017-04-20 10:10:54,010, 1492675854010506535, 0.078, 0.053, -0.294, -0.167, 0.347, 0.004
2017-04-20 10:10:54,013, 1492675854012902325, 0.107, 0.062, -0.301, -0.221, 0.454, 0.017
2017-04-20 10:10:54,014, 1492675854014637711, 0.121, 0.071, -0.354, -0.269, 0.529, 0.008
2017-04-20 10:10:54,016, 1492675854016632028, 0.121, 0.073, -0.391, -0.318, 0.601, 0.008
2017-04-20 10:10:54,019, 1492675854018835845, 0.12, 0.091, -0.401, -0.368, 0.653, 0.003
2017-04-20 10:10:54,026, 1492675854026434505, 0.112, 0.071, -0.425, -0.4, 0.68, 0.028
2017-04-20 10:10:54,030, 1492675854030466803, 0.17, 0.1, -0.486, -0.378, 0.75, 0.016
2017-04-20 10:10:54,031, 1492675854031623954, 0.186, 0.105, -0.463, -0.418, 0.754, 0.025
2017-04-20 10:10:54,033, 1492675854033610285, 0.178, 0.112, -0.48, -0.469, 0.76, -0.013
2017-04-20 10:10:54,035, 1492675854035652650, 0.184, 0.11, -0.486, -0.533, 0.778, 0.0
2017-04-20 10:10:54,037, 1492675854037841513, 0.184, 0.105, -0.466, -0.586, 0.768, 0.028
2017-04-20 10:10:54,039, 1492675854039648743, 0.161, 0.111, -0.488, -0.603, 0.768, 0.008
2017-04-20 10:10:54,041, 1492675854041617056, 0.169, 0.118, -0.512, -0.589, 0.783, -0.016
2017-04-20 10:10:54,043, 1492675854043649687, 0.187, 0.142, -0.495, -0.576, 0.832, 0.008
2017-04-20 10:10:54,046, 1492675854046457335, 0.2, 0.141, -0.52, -0.586, 0.857, 0.012
2017-04-20 10:10:54,047, 1492675854047824039, 0.195, 0.119, -0.546, -0.587, 0.848, 0.02
2017-04-20 10:10:54,049, 1492675854049619129, 0.179, 0.108, -0.541, -0.57, 0.849, 0.028
2017-04-20 10:10:54,051, 1492675854051654295, 0.158, 0.124, -0.535, -0.518, 0.819, 0.041
2017-04-20 10:10:54,053, 1492675854053597015, 0.156, 0.109, -0.538, -0.469, 0.825, 0.025
2017-04-20 10:10:54,055, 1492675854055638647, 0.151, 0.102, -0.586, -0.389, 0.749, 0.016
2017-04-20 10:10:54,058, 1492675854057872717, 0.15, 0.098, -0.561, -0.342, 0.732, 0.052
2017-04-20 10:10:54,059, 1492675854059618823, 0.159, 0.081, -0.584, -0.248, 0.666, 0.003
2017-04-20 10:10:54,065, 1492675854065615207, 0.163, 0.092, -0.591, -0.028, 0.438, 0.044
2017-04-20 10:10:54,067, 1492675854067453739, 0.21, 0.096, -0.611, -0.038, 0.466, -0.004
2017-04-20 10:10:54,069, 1492675854069477185, 0.199, 0.105, -0.647, -0.108, 0.453, -0.016
2017-04-20 10:10:54,071, 1492675854071477925, 0.229, 0.12, -0.587, -0.26, 0.484, 0.06
2017-04-20 10:10:54,073, 1492675854073455357, 0.187, 0.132, -0.605, -0.439, 0.481, -0.016
2017-04-20 10:10:54,075, 1492675854075587078, 0.123, 0.107, -0.652, -0.629, 0.458, -0.048
2017-04-20 10:10:54,077, 1492675854077571509, 0.092, 0.113, -0.598, -0.766, 0.49, -0.086
2017-04-20 10:10:54,079, 1492675854079627967, 0.073, 0.124, -0.515, -0.814, 0.48, 0.008
2017-04-20 10:10:54,080, 1492675854080610794, 0.107, 0.133, -0.524, -0.808, 0.519, -0.032
2017-04-20 10:10:54,083, 1492675854083510138, 0.135, 0.132, -0.483, -0.713, 0.512, -0.005
2017-04-20 10:10:54,085, 1492675854085480830, 0.17, 0.159, -0.343, -0.663, 0.575, 0.085
2017-04-20 10:10:54,087, 1492675854087479513, 0.185, 0.148, -0.403, -0.651, 0.661, -0.016
2017-04-20 10:10:54,089, 1492675854089463492, 0.143, 0.121, -0.419, -0.69, 0.655, 0.003
2017-04-20 10:10:54,091, 1492675854091518233, 0.106, 0.118, -0.404, -0.696, 0.623, 0.008
2017-04-20 10:10:54,095, 1492675854095390229, 0.042, 0.086, -0.429, -0.615, 0.588, 0.003
2017-04-20 10:10:54,098, 1492675854098119880, 0.083, 0.06, -0.352, -0.259, 0.568, 0.017
2017-04-20 10:10:54,099, 1492675854099632036, 0.188, 0.072, -0.231, -0.127, 0.614, 0.089
2017-04-20 10:10:54,101, 1492675854101664980, 0.274, 0.078, -0.272, -0.061, 0.718, -0.029
2017-04-20 10:10:54,103, 1492675854103629087, 0.191, 0.051, -0.224, -0.052, 0.693, 0.0
2017-04-20 10:10:54,105, 1492675854105664714, 0.104, 0.021, -0.219, -0.076, 0.609, 0.061
2017-04-20 10:10:54,107, 1492675854107872325, -0.013, -0.009, -0.307, -0.011, 0.518, 0.024
2017-04-20 10:10:54,109, 1492675854109649291, -0.077, -0.028, -0.243, 0.1, 0.375, 0.02
2017-04-20 10:10:54,111, 1492675854111616542, 0.019, 0.004, -0.143, 0.269, 0.362, 0.049
2017-04-20 10:10:54,113, 1492675854113649883, 0.14, 0.011, -0.076, 0.338, 0.506, 0.142
2017-04-20 10:10:54,115, 1492675854115678958, 0.229, 0.031, -0.088, 0.301, 0.549, 0.033
2017-04-20 10:10:54,117, 1492675854117625634, 0.149, 0.03, -0.124, 0.179, 0.437, -0.004
2017-04-20 10:10:54,119, 1492675854119592440, -0.002, -0.022, -0.227, 0.086, 0.21, 0.02
2017-04-20 10:10:54,121, 1492675854121619652, -0.157, -0.029, -0.295, 0.072, -0.069, 0.028
2017-04-20 10:10:54,123, 1492675854123611719, -0.16, -0.014, -0.207, 0.073, -0.207, -0.061
2017-04-20 10:10:54,125, 1492675854125741699, 0.047, 0.04, -0.055, 0.06, -0.05, 0.024
2017-04-20 10:10:54,131, 1492675854130497819, 0.22, 0.062, -0.036, -0.025, 0.066, 0.024
2017-04-20 10:10:54,133, 1492675854132584558, -0.111, -0.04, -0.218, -0.253, -0.374, -0.053
2017-04-20 10:10:54,135, 1492675854134701683, -0.268, -0.017, -0.342, -0.031, -0.68, -0.021
2017-04-20 10:10:54,136, 1492675854136658359, -0.162, 0.059, -0.252, 0.169, -0.71, 0.0
2017-04-20 10:10:54,138, 1492675854138472234, 0.063, 0.076, -0.087, 0.206, -0.419, 0.003
2017-04-20 10:10:54,141, 1492675854141474909, 0.232, 0.068, 0.005, 0.08, -0.204, 0.008
2017-04-20 10:10:54,142, 1492675854142687491, 0.061, -0.004, -0.09, -0.203, -0.342, 0.008
2017-04-20 10:10:54,144, 1492675854144499717, -0.139, -0.039, -0.161, -0.219, -0.575, -0.064
2017-04-20 10:10:54,146, 1492675854146436948, -0.366, -0.03, -0.272, -0.129, -0.853, -0.073
2017-04-20 10:10:54,148, 1492675854148530479, -0.288, 0.052, -0.267, -0.055, -0.807, -0.064
2017-04-20 10:10:54,150, 1492675854150592111, 0.063, 0.103, 0.063, -0.086, -0.321, -0.024
2017-04-20 10:10:54,152, 1492675854152534359, 0.236, 0.058, 0.155, -0.23, -0.09, -0.037
2017-04-20 10:10:54,154, 1492675854154606373, 0.106, -0.037, 0.033, -0.343, -0.168, 0.025
2017-04-20 10:10:54,156, 1492675854156628568, -0.209, -0.049, -0.172, -0.142, -0.59, 0.016
2017-04-20 10:10:54,161, 1492675854161662252, 0.058, 0.09, 0.002, 0.293, -0.246, -0.073
2017-04-20 10:10:54,163, 1492675854163502318, 0.253, 0.047, 0.112, 0.166, 0.017, -0.081
2017-04-20 10:10:54,165, 1492675854165508024, 0.201, -0.042, 0.117, -0.045, 0.012, 0.024
2017-04-20 10:10:54,167, 1492675854167532327, -0.102, -0.111, -0.099, 0.04, -0.404, 0.041
2017-04-20 10:10:54,169, 1492675854169521400, -0.408, -0.069, -0.265, 0.32, -0.839, 0.012
2017-04-20 10:10:54,171, 1492675854171536398, -0.294, 0.07, -0.142, 0.392, -0.672, 0.0
2017-04-20 10:10:54,173, 1492675854173540309, 0.058, 0.062, -0.018, 0.309, -0.216, -0.024
2017-04-20 10:10:54,175, 1492675854175555012, 0.284, -0.03, 0.105, 0.058, 0.133, -0.016
2017-04-20 10:10:54,177, 1492675854177530543, 0.147, -0.101, 0.018, -0.085, -0.043, -0.008
2017-04-20 10:10:54,179, 1492675854179651768, -0.216, -0.066, -0.203, 0.109, -0.487, -0.024
2017-04-20 10:10:54,181, 1492675854181617096, -0.334, 0.024, -0.295, 0.3, -0.687, -0.021
2017-04-20 10:10:54,183, 1492675854183545112, -0.119, 0.126, -0.126, 0.25, -0.352, -0.077
2017-04-20 10:10:54,185, 1492675854185613494, 0.192, 0.0, 0.114, 0.01, 0.13, 0.012
2017-04-20 10:10:54,188, 1492675854187897114, 0.173, -0.1, 0.115, -0.201, 0.161, 0.012
2017-04-20 10:10:54,189, 1492675854189627636, -0.075, -0.122, -0.076, -0.132, -0.099, 0.012
2017-04-20 10:10:54,191, 1492675854191625519, -0.311, -0.029, -0.231, 0.246, -0.553, 0.017
2017-04-20 10:10:54,193, 1492675854193555261, -0.204, 0.1, -0.135, 0.417, -0.357, -0.061
2017-04-20 10:10:54,195, 1492675854195696594, 0.118, 0.091, -0.001, 0.321, 0.093, -0.138
2017-04-20 10:10:54,198, 1492675854197960719, 0.197, -0.11, 0.035, 0.144, 0.218, 0.003
2017-04-20 10:10:54,199, 1492675854199650288, -0.031, -0.197, 0.017, 0.143, -0.104, 0.114
2017-04-20 10:10:54,201, 1492675854201532354, -0.231, -0.103, -0.132, 0.438, -0.498, 0.138
2017-04-20 10:10:54,203, 1492675854203546195, -0.174, 0.048, -0.145, 0.702, -0.375, 0.0
2017-04-20 10:10:54,205, 1492675854205512591, 0.018, 0.099, -0.044, 0.668, -0.14, -0.105
2017-04-20 10:10:54,207, 1492675854207559247, 0.102, -0.114, 0.092, 0.391, 0.016, -0.024
2017-04-20 10:10:54,209, 1492675854209527721, -0.005, -0.254, 0.023, 0.351, -0.138, -0.005
2017-04-20 10:10:54,211, 1492675854211585969, -0.193, -0.157, -0.121, 0.551, -0.513, 0.016
2017-04-20 10:10:54,217, 1492675854217615451, 0.092, -0.077, 0.1, 0.375, -0.128, 0.061
2017-04-20 10:10:54,218, 1492675854218633758, 0.0, -0.177, 0.004, 0.219, -0.249, 0.074
2017-04-20 10:10:54,221, 1492675854221426013, -0.191, -0.173, -0.175, 0.229, -0.532, 0.15
2017-04-20 10:10:54,223, 1492675854223560009, -0.203, 0.076, -0.068, 0.293, -0.595, 0.06
2017-04-20 10:10:54,225, 1492675854225524389, -0.052, 0.193, 0.08, 0.14, -0.341, -0.162
2017-04-20 10:10:54,228, 1492675854228003105, 0.019, 0.02, 0.18, -0.32, -0.118, -0.086
2017-04-20 10:10:54,233, 1492675854232583206, -0.131, -0.157, 0.135, -0.621, -0.382, 0.025
2017-04-20 10:10:54,233, 1492675854233654448, -0.215, 0.167, 0.14, -0.253, -0.595, -0.151
2017-04-20 10:10:54,236, 1492675854236436155, -0.002, 0.187, 0.255, -0.238, -0.384, -0.15
2017-04-20 10:10:54,238, 1492675854238471482, -0.044, -0.04, 0.387, -0.397, -0.473, 0.028
2017-04-20 10:10:54,239, 1492675854239619759, -0.24, -0.214, 0.287, -0.312, -0.799, 0.081
2017-04-20 10:10:54,242, 1492675854242480498, -0.415, -0.139, 0.129, 0.118, -1.237, 0.025
2017-04-20 10:10:54,244, 1492675854244739194, -0.256, 0.082, 0.232, 0.591, -1.137, -0.159
2017-04-20 10:10:54,246, 1492675854246560050, -0.075, 0.048, 0.35, 0.675, -0.924, -0.232
2017-04-20 10:10:54,247, 1492675854247645099, -0.051, -0.135, 0.473, 0.574, -0.912, -0.028
2017-04-20 10:10:54,249, 1492675854249664813, -0.217, -0.33, 0.343, 0.65, -1.249, 0.077
2017-04-20 10:10:54,252, 1492675854252453177, -0.445, -0.299, 0.163, 1.008, -1.679, 0.093
2017-04-20 10:10:54,254, 1492675854254635285, -0.467, -0.102, 0.195, 1.478, -1.824, -0.053
2017-04-20 10:10:54,255, 1492675854255633631, -0.295, -0.11, 0.297, 1.614, -1.633, -0.037
2017-04-20 10:10:54,258, 1492675854258496915, -0.109, -0.215, 0.487, 1.522, -1.476, -0.053
2017-04-20 10:10:54,259, 1492675854259633572, -0.149, -0.368, 0.516, 1.408, -1.476, 0.074
2017-04-20 10:10:54,269, 1492675854269015411, -0.57, -0.16, 0.234, 1.648, -2.198, 0.041
2017-04-20 10:10:54,270, 1492675854270626610, -0.175, -0.296, 0.562, 1.146, -1.806, 0.0
2017-04-20 10:10:54,273, 1492675854273147361, -0.259, -0.254, 0.549, 0.998, -1.796, 0.012
2017-04-20 10:10:54,274, 1492675854274627228, -0.525, -0.158, 0.414, 0.889, -2.171, -0.061
2017-04-20 10:10:54,276, 1492675854276637416, -0.632, -0.158, 0.241, 0.842, -2.367, -0.081
2017-04-20 10:10:54,278, 1492675854278572007, -0.542, -0.237, 0.316, 0.819, -2.237, -0.061
2017-04-20 10:10:54,280, 1492675854280636321, -0.382, -0.245, 0.558, 0.814, -2.15, -0.005
2017-04-20 10:10:54,282, 1492675854282605009, -0.241, -0.168, 0.601, 0.951, -2.085, -0.032
2017-04-20 10:10:54,284, 1492675854284657170, -0.325, -0.11, 0.414, 1.096, -2.226, -0.085
2017-04-20 10:10:54,286, 1492675854286615869, -0.462, -0.123, 0.382, 1.017, -2.344, -0.013
2017-04-20 10:10:54,288, 1492675854288646322, -0.557, -0.16, 0.342, 0.871, -2.467, 0.049
2017-04-20 10:10:54,290, 1492675854290719427, -0.498, -0.21, 0.332, 0.741, -2.382, -0.013
2017-04-20 10:10:54,296, 1492675854296331122, -0.376, -0.17, 0.415, 0.623, -2.227, 0.041
2017-04-20 10:10:54,303, 1492675854303609987, -0.323, -0.124, 0.458, 0.658, -2.037, -0.012
2017-04-20 10:10:54,304, 1492675854304641579, -0.337, -0.123, 0.435, 0.752, -2.112, -0.078
2017-04-20 10:10:54,307, 1492675854307658573, -0.394, -0.176, 0.467, 0.834, -2.123, 0.02
2017-04-20 10:10:54,309, 1492675854309658527, -0.469, -0.228, 0.397, 0.959, -2.165, -0.081
2017-04-20 10:10:54,311, 1492675854311460161, -0.441, -0.21, 0.303, 1.078, -2.121, -0.135
2017-04-20 10:10:54,313, 1492675854313476560, -0.382, -0.202, 0.314, 1.201, -1.977, -0.065
2017-04-20 10:10:54,315, 1492675854315427229, -0.337, -0.203, 0.411, 1.348, -1.901, -0.008
2017-04-20 10:10:54,317, 1492675854317501229, -0.31, -0.235, 0.326, 1.422, -1.861, 0.052
2017-04-20 10:10:54,321, 1492675854321617889, -0.355, -0.253, 0.212, 1.591, -1.828, 0.077
2017-04-20 10:10:54,323, 1492675854322731127, -0.349, -0.229, 0.247, 1.623, -1.83, 0.049
2017-04-20 10:10:54,324, 1492675854324613632, -0.311, -0.234, 0.239, 1.614, -1.724, 0.036
2017-04-20 10:10:54,325, 1492675854325643329, -0.247, -0.258, 0.156, 1.584, -1.573, 0.0
2017-04-20 10:10:54,326, 1492675854326597097, -0.233, -0.259, 0.16, 1.538, -1.509, 0.028
2017-04-20 10:10:54,329, 1492675854329503516, -0.269, -0.265, 0.183, 1.441, -1.504, 0.041
2017-04-20 10:10:54,337, 1492675854336923083, -0.35, -0.246, 0.154, 1.368, -1.534, 0.028
2017-04-20 10:10:54,339, 1492675854338873751, -0.205, -0.177, 0.179, 0.936, -1.191, -0.02
2017-04-20 10:10:54,340, 1492675854340616814, -0.224, -0.149, 0.118, 0.785, -1.14, 0.004
2017-04-20 10:10:54,342, 1492675854342646031, -0.219, -0.118, 0.035, 0.645, -1.091, -0.028
2017-04-20 10:10:54,344, 1492675854344636342, -0.214, -0.077, 0.061, 0.493, -1.014, -0.053
2017-04-20 10:10:54,346, 1492675854346635890, -0.167, -0.077, 0.128, 0.344, -0.911, -0.016
2017-04-20 10:10:54,348, 1492675854348788014, -0.146, -0.066, 0.108, 0.238, -0.831, -0.02
2017-04-20 10:10:54,350, 1492675854350631122, -0.138, -0.057, 0.091, 0.146, -0.763, -0.024
2017-04-20 10:10:54,352, 1492675854352599539, -0.162, -0.024, 0.057, 0.117, -0.762, -0.064
2017-04-20 10:10:54,354, 1492675854354624499, -0.175, -0.016, 0.095, 0.111, -0.756, -0.065
2017-04-20 10:10:54,357, 1492675854356633156, -0.158, -0.018, 0.114, 0.071, -0.695, -0.037
2017-04-20 10:10:54,358, 1492675854358646906, -0.128, -0.031, 0.078, 0.045, -0.626, -0.016
2017-04-20 10:10:54,364, 1492675854364156707, -0.118, -0.025, 0.064, 0.078, -0.58, -0.024
2017-04-20 10:10:54,366, 1492675854366653751, -0.162, -0.05, 0.029, 0.203, -0.571, -0.013
2017-04-20 10:10:54,368, 1492675854368561570, -0.145, -0.055, 0.005, 0.249, -0.549, -0.028
2017-04-20 10:10:54,369, 1492675854369676143, -0.138, -0.066, 0.041, 0.305, -0.569, -0.012
2017-04-20 10:10:54,371, 1492675854371601958, -0.142, -0.055, 0.056, 0.369, -0.591, 0.016
2017-04-20 10:10:54,373, 1492675854373615304, -0.129, -0.053, -0.009, 0.432, -0.622, 0.02
2017-04-20 10:10:54,375, 1492675854375613802, -0.138, -0.076, -0.054, 0.489, -0.663, 0.008
2017-04-20 10:10:54,377, 1492675854377662003, -0.128, -0.086, -0.022, 0.531, -0.687, -0.013
2017-04-20 10:10:54,379, 1492675854379648971, -0.124, -0.098, 0.008, 0.583, -0.712, -0.008
2017-04-20 10:10:54,381, 1492675854381638249, -0.122, -0.112, -0.071, 0.593, -0.756, 0.081
2017-04-20 10:10:54,383, 1492675854383606218, -0.118, -0.087, -0.092, 0.525, -0.767, 0.288
2017-04-20 10:10:54,385, 1492675854385648021, -0.166, -0.106, -0.036, 0.539, -0.845, 0.381
2017-04-20 10:10:54,387, 1492675854387624430, -0.174, -0.104, -0.027, 0.503, -0.81, 0.288
2017-04-20 10:10:54,389, 1492675854389601975, -0.152, -0.097, -0.066, 0.467, -0.748, 0.271
2017-04-20 10:10:54,391, 1492675854391600622, -0.154, -0.105, -0.096, 0.476, -0.693, 0.296
2017-04-20 10:10:54,393, 1492675854393668204, -0.178, -0.073, -0.031, 0.44, -0.671, 0.263
2017-04-20 10:10:54,395, 1492675854395636580, -0.19, -0.085, -0.036, 0.44, -0.64, 0.215
2017-04-20 10:10:54,400, 1492675854397902719, -0.176, -0.068, -0.062, 0.446, -0.565, 0.195
2017-04-20 10:10:54,400, 1492675854399607486, -0.138, -0.062, -0.033, 0.45, -0.532, 0.11
2017-04-20 10:10:54,406, 1492675854406647664, -0.108, -0.048, -0.065, 0.385, -0.511, 0.101
2017-04-20 10:10:54,408, 1492675854408442994, -0.107, -0.056, -0.04, 0.364, -0.522, 0.069
2017-04-20 10:10:54,410, 1492675854410536006, -0.117, -0.053, -0.05, 0.333, -0.529, 0.065
2017-04-20 10:10:54,412, 1492675854412474285, -0.094, -0.046, -0.058, 0.296, -0.539, 0.101
2017-04-20 10:10:54,414, 1492675854414627195, -0.101, -0.048, -0.06, 0.278, -0.551, 0.097
2017-04-20 10:10:54,416, 1492675854416484427, -0.101, -0.023, -0.054, 0.259, -0.556, 0.077
2017-04-20 10:10:54,418, 1492675854418534635, -0.118, -0.028, -0.066, 0.244, -0.559, 0.09
2017-04-20 10:10:54,421, 1492675854421383664, -0.108, -0.031, -0.117, 0.239, -0.532, 0.114
2017-04-20 10:10:54,422, 1492675854422620412, -0.098, -0.018, -0.038, 0.21, -0.488, 0.089
2017-04-20 10:10:54,424, 1492675854424599495, -0.119, -0.009, 0.0, 0.171, -0.487, 0.101
2017-04-20 10:10:54,426, 1492675854426524843, -0.146, -0.022, -0.097, 0.122, -0.498, 0.106
2017-04-20 10:10:54,428, 1492675854428509552, -0.159, -0.015, -0.085, 0.087, -0.496, 0.098
2017-04-20 10:10:54,434, 1492675854434226195, -0.115, -0.029, -0.103, -0.045, -0.486, 0.11
2017-04-20 10:10:54,435, 1492675854435635561, -0.145, -0.035, -0.079, -0.02, -0.562, 0.203
2017-04-20 10:10:54,438, 1492675854438637732, -0.135, -0.041, 0.015, 0.037, -0.58, 0.227
2017-04-20 10:10:54,440, 1492675854440412877, -0.111, -0.051, -0.092, 0.103, -0.533, 0.243
2017-04-20 10:10:54,441, 1492675854441617660, -0.105, -0.061, -0.163, 0.156, -0.539, 0.231
2017-04-20 10:10:54,443, 1492675854443597677, -0.122, -0.073, -0.069, 0.202, -0.58, 0.239
2017-04-20 10:10:54,445, 1492675854445641024, -0.153, -0.073, -0.032, 0.274, -0.587, 0.187
2017-04-20 10:10:54,447, 1492675854447607576, -0.109, -0.07, -0.148, 0.327, -0.524, 0.13
2017-04-20 10:10:54,449, 1492675854449659693, -0.104, -0.071, -0.161, 0.364, -0.49, 0.105
2017-04-20 10:10:54,457, 1492675854457625375, -0.101, -0.053, -0.089, 0.434, -0.425, 0.101
2017-04-20 10:10:54,459, 1492675854458640205, -0.106, -0.054, -0.016, 0.414, -0.434, 0.109
2017-04-20 10:10:54,461, 1492675854461490736, -0.098, -0.049, -0.026, 0.368, -0.425, 0.114
2017-04-20 10:10:54,463, 1492675854463507173, -0.087, -0.059, -0.112, 0.333, -0.394, 0.158
2017-04-20 10:10:54,465, 1492675854465583280, -0.098, -0.057, -0.057, 0.299, -0.399, 0.171
2017-04-20 10:10:54,467, 1492675854467529583, -0.102, -0.048, 0.018, 0.264, -0.425, 0.126
2017-04-20 10:10:54,474, 1492675854471323840, -0.096, -0.048, -0.07, 0.274, -0.386, 0.146
2017-04-20 10:10:54,475, 1492675854472769070, -0.106, -0.045, 0.011, 0.31, -0.379, 0.06
2017-04-20 10:10:54,475, 1492675854475496741, -0.104, -0.043, -0.011, 0.332, -0.406, 0.0
2017-04-20 10:10:54,476, 1492675854476661818, -0.108, -0.044, -0.095, 0.352, -0.403, 0.024
2017-04-20 10:10:54,478, 1492675854478487488, -0.099, -0.043, -0.091, 0.35, -0.413, 0.052
2017-04-20 10:10:54,479, 1492675854479677556, -0.099, -0.047, -0.04, 0.335, -0.455, 0.105
2017-04-20 10:10:54,481, 1492675854481455048, -0.112, -0.054, -0.031, 0.334, -0.48, 0.093
2017-04-20 10:10:54,483, 1492675854483503499, -0.12, -0.058, -0.076, 0.328, -0.52, 0.126
2017-04-20 10:10:54,485, 1492675854485481471, -0.122, -0.064, -0.144, 0.32, -0.559, 0.182
2017-04-20 10:10:54,487, 1492675854487473997, -0.133, -0.061, -0.098, 0.311, -0.608, 0.215
2017-04-20 10:10:54,489, 1492675854489615781, -0.132, -0.053, -0.09, 0.301, -0.64, 0.239
2017-04-20 10:10:54,491, 1492675854491481157, -0.129, -0.065, -0.121, 0.278, -0.633, 0.252
2017-04-20 10:10:54,493, 1492675854493455077, -0.123, -0.056, -0.112, 0.249, -0.63, 0.268
2017-04-20 10:10:54,495, 1492675854495509539, -0.141, -0.048, -0.071, 0.218, -0.644, 0.231
2017-04-20 10:10:54,503, 1492675854503196240, -0.134, -0.059, -0.108, 0.182, -0.623, 0.207
2017-04-20 10:10:54,507, 1492675854507110632, -0.112, -0.018, -0.082, 0.015, -0.455, 0.052
2017-04-20 10:10:54,508, 1492675854508615508, -0.106, -0.009, -0.042, 0.007, -0.433, 0.003
2017-04-20 10:10:54,510, 1492675854510478834, -0.097, -0.011, -0.044, 0.007, -0.411, -0.012
2017-04-20 10:10:54,511, 1492675854511638746, -0.085, -0.016, -0.064, 0.013, -0.392, 0.004
2017-04-20 10:10:54,512, 1492675854512670337, -0.091, -0.012, -0.068, 0.017, -0.39, 0.041
2017-04-20 10:10:54,514, 1492675854514615093, -0.093, -0.013, -0.041, 0.02, -0.397, 0.057
2017-04-20 10:10:54,516, 1492675854516661689, -0.114, -0.016, -0.057, 0.025, -0.421, 0.074
2017-04-20 10:10:54,518, 1492675854518628133, -0.107, -0.036, -0.083, 0.023, -0.436, 0.114
2017-04-20 10:10:54,520, 1492675854520642099, -0.11, -0.023, -0.068, 0.003, -0.437, 0.155
2017-04-20 10:10:54,523, 1492675854523000373, -0.119, -0.017, -0.068, 0.001, -0.44, 0.158
2017-04-20 10:10:54,524, 1492675854524655290, -0.111, -0.014, -0.065, -0.007, -0.447, 0.155
2017-04-20 10:10:54,527, 1492675854527167485, -0.12, -0.013, -0.079, -0.02, -0.455, 0.134
2017-04-20 10:10:54,529, 1492675854528747418, -0.121, -0.021, -0.063, -0.024, -0.47, 0.126
2017-04-20 10:10:54,530, 1492675854530626167, -0.125, -0.013, -0.075, 0.001, -0.469, 0.117
2017-04-20 10:10:54,533, 1492675854533131436, -0.109, -0.004, -0.09, 0.022, -0.474, 0.114
2017-04-20 10:10:54,540, 1492675854538555848, -0.11, -0.035, -0.082, 0.077, -0.507, 0.122
2017-04-20 10:10:54,542, 1492675854541702004, -0.121, -0.04, -0.09, 0.101, -0.515, 0.13
2017-04-20 10:10:54,544, 1492675854543931921, -0.104, -0.042, -0.07, 0.14, -0.515, 0.097
2017-04-20 10:10:54,545, 1492675854545713457, -0.112, -0.053, -0.08, 0.167, -0.52, 0.101
2017-04-20 10:10:54,547, 1492675854547508250, -0.123, -0.05, -0.099, 0.209, -0.516, 0.106
2017-04-20 10:10:54,548, 1492675854548646277, -0.115, -0.056, -0.078, 0.24, -0.522, 0.101
2017-04-20 10:10:54,550, 1492675854550429684, -0.12, -0.057, -0.063, 0.268, -0.525, 0.114
2017-04-20 10:10:54,552, 1492675854552475218, -0.121, -0.061, -0.07, 0.296, -0.514, 0.109
2017-04-20 10:10:54,554, 1492675854554488711, -0.129, -0.075, -0.097, 0.31, -0.511, 0.13
2017-04-20 10:10:54,556, 1492675854556628827, -0.148, -0.074, -0.083, 0.32, -0.551, 0.15
2017-04-20 10:10:54,557, 1492675854557610475, -0.17, -0.073, -0.076, 0.337, -0.574, 0.162
2017-04-20 10:10:54,560, 1492675854560599514, -0.177, -0.091, -0.105, 0.381, -0.591, 0.171
2017-04-20 10:10:54,561, 1492675854561624592, -0.199, -0.108, -0.108, 0.434, -0.655, 0.166
2017-04-20 10:10:54,564, 1492675854564565409, -0.212, -0.124, -0.115, 0.525, -0.706, 0.203
2017-04-20 10:10:54,571, 1492675854570542887, -0.26, -0.151, -0.16, 0.774, -0.905, 0.272
2017-04-20 10:10:54,573, 1492675854571658335, -0.277, -0.179, -0.183, 0.846, -0.975, 0.301
2017-04-20 10:10:54,574, 1492675854574635741, -0.298, -0.191, -0.239, 0.96, -1.099, 0.312
2017-04-20 10:10:54,576, 1492675854576478819, -0.295, -0.198, -0.235, 1.017, -1.165, 0.317
2017-04-20 10:10:54,578, 1492675854577902097, -0.316, -0.202, -0.237, 1.088, -1.239, 0.361
2017-04-20 10:10:54,581, 1492675854580665073, -0.305, -0.19, -0.27, 1.124, -1.327, 0.386
2017-04-20 10:10:54,582, 1492675854582471573, -0.302, -0.201, -0.289, 1.104, -1.353, 0.374
2017-04-20 10:10:54,587, 1492675854587640567, -0.33, -0.19, -0.311, 0.951, -1.442, 0.244
2017-04-20 10:10:54,589, 1492675854589449113, -0.312, -0.173, -0.343, 0.906, -1.435, 0.182
2017-04-20 10:10:54,591, 1492675854591543437, -0.298, -0.159, -0.3, 0.826, -1.402, 0.122
2017-04-20 10:10:54,593, 1492675854593479118, -0.268, -0.149, -0.252, 0.723, -1.331, 0.105
2017-04-20 10:10:54,595, 1492675854595487801, -0.285, -0.159, -0.272, 0.627, -1.305, -0.021
2017-04-20 10:10:54,597, 1492675854597468021, -0.303, -0.161, -0.304, 0.571, -1.323, -0.064
2017-04-20 10:10:54,599, 1492675854599584182, -0.321, -0.144, -0.303, 0.535, -1.304, -0.105
2017-04-20 10:10:54,605, 1492675854604079304, -0.298, -0.13, -0.27, 0.487, -1.23, -0.094
2017-04-20 10:10:54,609, 1492675854609650899, -0.369, -0.157, -0.326, 0.635, -1.318, 0.114
2017-04-20 10:10:54,611, 1492675854611484338, -0.357, -0.167, -0.334, 0.73, -1.322, 0.223
2017-04-20 10:10:54,613, 1492675854613529672, -0.334, -0.192, -0.348, 0.825, -1.317, 0.336
2017-04-20 10:10:54,615, 1492675854615508091, -0.348, -0.203, -0.388, 0.933, -1.382, 0.442
2017-04-20 10:10:54,617, 1492675854617516482, -0.323, -0.193, -0.38, 1.043, -1.284, 0.381
2017-04-20 10:10:54,619, 1492675854619574333, -0.363, -0.196, -0.394, 1.171, -1.402, 0.426
2017-04-20 10:10:54,621, 1492675854621549822, -0.363, -0.19, -0.388, 1.199, -1.392, 0.507
2017-04-20 10:10:54,623, 1492675854623520474, -0.328, -0.191, -0.421, 1.215, -1.302, 0.414
2017-04-20 10:10:54,625, 1492675854625533717, -0.314, -0.203, -0.4, 1.165, -1.189, 0.373
2017-04-20 10:10:54,627, 1492675854627505058, -0.293, -0.173, -0.301, 1.1, -1.141, 0.309
2017-04-20 10:10:54,629, 1492675854629513229, -0.309, -0.154, -0.377, 0.973, -1.041, 0.317
2017-04-20 10:10:54,631, 1492675854631442069, -0.315, -0.152, -0.494, 0.897, -0.942, 0.317
2017-04-20 10:10:54,633, 1492675854633540265, -0.349, -0.146, -0.355, 0.83, -0.96, 0.284
2017-04-20 10:10:54,640, 1492675854640159401, -0.343, -0.194, -0.416, 0.883, -0.925, 0.462
2017-04-20 10:10:54,641, 1492675854641645235, -0.249, -0.102, -0.292, 1.105, -0.978, 0.495
2017-04-20 10:10:54,643, 1492675854643641525, -0.187, -0.12, -0.282, 1.032, -0.873, 0.649
2017-04-20 10:10:54,645, 1492675854645679323, -0.213, -0.091, -0.43, 0.941, -0.969, 0.609
2017-04-20 10:10:54,647, 1492675854647802378, -0.204, -0.087, -0.415, 0.964, -0.824, 0.458
2017-04-20 10:10:54,649, 1492675854649660172, -0.241, -0.081, -0.311, 1.013, -0.863, 0.422
2017-04-20 10:10:54,651, 1492675854651591856, -0.27, -0.08, -0.392, 1.103, -0.86, 0.43
2017-04-20 10:10:54,653, 1492675854653626127, -0.227, -0.173, -0.522, 1.201, -0.723, 0.463
2017-04-20 10:10:54,655, 1492675854655613375, -0.16, -0.132, -0.328, 1.323, -0.703, 0.495
2017-04-20 10:10:54,657, 1492675854657859849, -0.04, -0.079, -0.149, 1.351, -0.403, 0.45
2017-04-20 10:10:54,659, 1492675854659661885, -0.027, -0.046, -0.26, 1.236, -0.275, 0.349
2017-04-20 10:10:54,661, 1492675854661634417, -0.11, -0.065, -0.438, 0.991, -0.276, 0.382
2017-04-20 10:10:54,663, 1492675854663634607, -0.219, -0.102, -0.285, 0.896, -0.351, 0.255
2017-04-20 10:10:54,668, 1492675854668651364, -0.006, -0.026, -0.427, 1.018, -0.123, 0.279
2017-04-20 10:10:54,670, 1492675854670484802, 0.094, -0.03, -0.289, 1.024, -0.01, 0.447
2017-04-20 10:10:54,677, 1492675854676686091, 0.069, -0.022, -0.058, 0.994, -0.072, 0.438
2017-04-20 10:10:54,678, 1492675854678519252, -0.151, -0.007, -0.347, 0.988, -0.151, 0.312
2017-04-20 10:10:54,683, 1492675854683624854, 0.265, 0.056, -0.293, 0.894, 0.293, 0.458
2017-04-20 10:10:54,685, 1492675854685436655, 0.249, 0.053, -0.22, 0.705, 0.321, 0.523
2017-04-20 10:10:54,687, 1492675854687532635, 0.063, 0.088, -0.109, 0.487, 0.14, 0.39
2017-04-20 10:10:54,689, 1492675854689504181, -0.068, 0.082, -0.383, 0.442, 0.02, 0.279
2017-04-20 10:10:54,693, 1492675854693867837, 0.193, 0.132, -0.063, 0.313, 0.409, 0.377
2017-04-20 10:10:54,695, 1492675854695606071, 0.308, 0.103, -0.093, 0.293, 0.587, 0.304
2017-04-20 10:10:54,697, 1492675854697660900, 0.344, 0.124, -0.213, 0.179, 0.774, 0.276
2017-04-20 10:10:54,699, 1492675854699620346, 0.156, 0.143, -0.163, 0.1, 0.614, 0.341
2017-04-20 10:10:54,701, 1492675854701641645, -0.031, 0.109, -0.197, 0.086, 0.43, 0.28
2017-04-20 10:10:54,703, 1492675854703596674, -0.004, 0.087, -0.422, 0.107, 0.44, 0.317
2017-04-20 10:10:54,708, 1492675854708695021, 0.493, 0.295, 0.078, -0.262, 1.068, 0.361
2017-04-20 10:10:54,710, 1492675854710524357, 0.435, 0.255, -0.098, -0.523, 1.097, 0.442
2017-04-20 10:10:54,713, 1492675854712961815, 0.23, 0.247, -0.26, -0.81, 0.93, 0.568
2017-04-20 10:10:54,714, 1492675854714725165, 0.046, 0.26, -0.091, -0.892, 0.702, 0.556
2017-04-20 10:10:54,716, 1492675854716599492, 0.153, 0.289, -0.141, -0.923, 0.797, 0.357
2017-04-20 10:10:54,718, 1492675854718534297, 0.34, 0.269, -0.278, -0.881, 1.03, 0.361
2017-04-20 10:10:54,720, 1492675854720603596, 0.517, 0.308, -0.003, -0.927, 1.296, 0.475
2017-04-20 10:10:54,722, 1492675854722569690, 0.488, 0.356, 0.143, -0.986, 1.272, 0.491
2017-04-20 10:10:54,729, 1492675854729641545, 0.282, 0.339, 0.008, -1.545, 1.262, 0.296
2017-04-20 10:10:54,731, 1492675854731507008, 0.301, 0.292, -0.164, -1.598, 1.32, 0.296
2017-04-20 10:10:54,733, 1492675854733588937, 0.298, 0.251, -0.212, -1.587, 1.268, 0.353
2017-04-20 10:10:54,735, 1492675854735561094, 0.305, 0.317, 0.034, -1.528, 1.264, 0.366
2017-04-20 10:10:54,738, 1492675854738154197, 0.36, 0.354, -0.102, -1.45, 1.397, 0.296
2017-04-20 10:10:54,739, 1492675854739610531, 0.403, 0.37, -0.255, -1.519, 1.528, 0.199
2017-04-20 10:10:54,741, 1492675854741612767, 0.391, 0.346, -0.125, -1.607, 1.522, 0.358
2017-04-20 10:10:54,743, 1492675854743595219, 0.434, 0.333, -0.117, -1.634, 1.608, 0.361
2017-04-20 10:10:54,747, 1492675854747662086, 0.369, 0.368, -0.213, -1.827, 1.619, 0.191
2017-04-20 10:10:54,749, 1492675854749510452, 0.376, 0.372, -0.127, -1.871, 1.672, 0.231
2017-04-20 10:10:54,750, 1492675854750606489, 0.376, 0.403, -0.208, -1.952, 1.735, 0.248
2017-04-20 10:10:54,751, 1492675854751580543, 0.398, 0.388, -0.301, -2.014, 1.713, 0.228
2017-04-20 10:10:54,753, 1492675854753604074, 0.43, 0.395, -0.224, -2.082, 1.785, 0.231
2017-04-20 10:10:54,755, 1492675854755595185, 0.428, 0.413, -0.063, -2.133, 1.781, 0.272
2017-04-20 10:10:54,757, 1492675854757610103, 0.442, 0.435, -0.091, -2.179, 1.851, 0.252
2017-04-20 10:10:54,759, 1492675854759585632, 0.44, 0.429, -0.207, -2.195, 1.891, 0.117
2017-04-20 10:10:54,761, 1492675854761668477, 0.418, 0.437, -0.065, -2.292, 1.966, 0.133
2017-04-20 10:10:54,763, 1492675854763582308, 0.431, 0.406, -0.069, -2.394, 2.018, 0.122
2017-04-20 10:10:54,765, 1492675854765570805, 0.443, 0.405, -0.2, -2.472, 2.09, 0.097
2017-04-20 10:10:54,768, 1492675854767588026, 0.443, 0.4, -0.114, -2.547, 2.179, 0.126
2017-04-20 10:10:54,769, 1492675854769621750, 0.434, 0.412, -0.082, -2.568, 2.196, 0.142
2017-04-20 10:10:54,771, 1492675854771557286, 0.412, 0.407, -0.175, -2.595, 2.225, 0.117
2017-04-20 10:10:54,773, 1492675854773569502, 0.392, 0.387, -0.207, -2.58, 2.285, 0.077
2017-04-20 10:10:54,775, 1492675854775590899, 0.387, 0.364, -0.148, -2.531, 2.286, 0.06
2017-04-20 10:10:54,778, 1492675854777686944, 0.382, 0.376, -0.176, -2.541, 2.375, 0.065
2017-04-20 10:10:54,780, 1492675854780610886, 0.321, 0.362, -0.208, -2.611, 2.347, 0.069
2017-04-20 10:10:54,781, 1492675854781623436, 0.3, 0.341, -0.206, -2.642, 2.338, 0.077
2017-04-20 10:10:54,783, 1492675854783567481, 0.308, 0.357, -0.216, -2.663, 2.348, 0.077
2017-04-20 10:10:54,785, 1492675854785615510, 0.323, 0.371, -0.241, -2.723, 2.403, 0.069
2017-04-20 10:10:54,787, 1492675854787534764, 0.309, 0.373, -0.257, -2.765, 2.379, 0.077
2017-04-20 10:10:54,789, 1492675854789523305, 0.311, 0.368, -0.232, -2.771, 2.345, 0.118
2017-04-20 10:10:54,791, 1492675854791569977, 0.307, 0.374, -0.262, -2.735, 2.318, 0.093
2017-04-20 10:10:54,793, 1492675854793584612, 0.338, 0.396, -0.279, -2.705, 2.294, 0.089
2017-04-20 10:10:54,795, 1492675854795526515, 0.365, 0.402, -0.257, -2.723, 2.316, 0.073
2017-04-20 10:10:54,798, 1492675854797789245, 0.332, 0.385, -0.265, -2.721, 2.24, 0.073
2017-04-20 10:10:54,799, 1492675854799719923, 0.334, 0.38, -0.235, -2.738, 2.214, 0.073
2017-04-20 10:10:54,801, 1492675854801654230, 0.307, 0.366, -0.277, -2.744, 2.176, 0.06
2017-04-20 10:10:54,803, 1492675854803571455, 0.291, 0.375, -0.258, -2.76, 2.141, 0.044
2017-04-20 10:10:54,805, 1492675854805601739, 0.291, 0.372, -0.238, -2.781, 2.129, 0.065
2017-04-20 10:10:54,809, 1492675854808083930, 0.302, 0.373, -0.22, -2.812, 2.147, 0.085
2017-04-20 10:10:54,812, 1492675854812349708, 0.3, 0.377, -0.206, -2.863, 2.165, 0.061
2017-04-20 10:10:54,813, 1492675854813616805, 0.271, 0.365, -0.19, -2.919, 2.152, 0.053
2017-04-20 10:10:54,815, 1492675854815639572, 0.276, 0.375, -0.189, -2.923, 2.134, 0.057
2017-04-20 10:10:54,818, 1492675854817629926, 0.271, 0.374, -0.175, -2.959, 2.105, 0.057
2017-04-20 10:10:54,819, 1492675854819663643, 0.26, 0.379, -0.168, -2.986, 2.067, 0.089
2017-04-20 10:10:54,821, 1492675854821594944, 0.253, 0.394, -0.173, -2.975, 2.028, 0.109
2017-04-20 10:10:54,823, 1492675854823647197, 0.256, 0.402, -0.155, -2.95, 1.999, 0.117
2017-04-20 10:10:54,826, 1492675854826598293, 0.254, 0.389, -0.183, -2.921, 1.965, 0.101
2017-04-20 10:10:54,827, 1492675854827660224, 0.246, 0.391, -0.155, -2.907, 1.943, 0.114
2017-04-20 10:10:54,829, 1492675854829580592, 0.245, 0.37, -0.142, -2.877, 1.919, 0.106
2017-04-20 10:10:54,831, 1492675854831651004, 0.241, 0.381, -0.146, -2.857, 1.916, 0.101
2017-04-20 10:10:54,833, 1492675854833588987, 0.243, 0.375, -0.161, -2.862, 1.898, 0.085
2017-04-20 10:10:54,835, 1492675854835617881, 0.207, 0.362, -0.117, -2.862, 1.87, 0.097
2017-04-20 10:10:54,837, 1492675854837625813, 0.198, 0.343, -0.135, -2.857, 1.851, 0.089
2017-04-20 10:10:54,839, 1492675854839643096, 0.188, 0.334, -0.168, -2.823, 1.834, 0.077
2017-04-20 10:10:54,848, 1492675854845501720, 0.174, 0.336, -0.151, -2.775, 1.81, 0.097
2017-04-20 10:10:54,849, 1492675854847703702, 0.176, 0.307, -0.16, -2.531, 1.834, 0.101
2017-04-20 10:10:54,849, 1492675854849730305, 0.176, 0.295, -0.129, -2.418, 1.842, 0.097
2017-04-20 10:10:54,853, 1492675854853639596, 0.188, 0.267, -0.143, -2.183, 1.803, 0.114
2017-04-20 10:10:54,855, 1492675854855446790, 0.18, 0.27, -0.145, -2.124, 1.772, 0.11
2017-04-20 10:10:54,861, 1492675854861656975, 0.194, 0.249, -0.114, -2.003, 1.663, 0.141
2017-04-20 10:10:54,863, 1492675854863470202, 0.195, 0.262, -0.114, -1.972, 1.64, 0.114
2017-04-20 10:10:54,865, 1492675854865552085, 0.195, 0.233, -0.111, -1.942, 1.63, 0.11
2017-04-20 10:10:54,867, 1492675854867476581, 0.178, 0.246, -0.093, -1.899, 1.606, 0.118
2017-04-20 10:10:54,869, 1492675854869540562, 0.182, 0.23, -0.111, -1.858, 1.607, 0.122
2017-04-20 10:10:54,871, 1492675854871486635, 0.176, 0.212, -0.138, -1.805, 1.608, 0.114
2017-04-20 10:10:54,880, 1492675854880538396, 0.199, 0.239, -0.028, -1.77, 1.629, 0.114
2017-04-20 10:10:54,881, 1492675854881622205, 0.172, 0.226, -0.074, -1.881, 1.573, 0.114
2017-04-20 10:10:54,883, 1492675854883647493, 0.167, 0.21, -0.081, -1.903, 1.559, 0.081
2017-04-20 10:10:54,885, 1492675854885585783, 0.141, 0.203, 0.018, -1.878, 1.472, 0.122
2017-04-20 10:10:54,888, 1492675854888436229, 0.138, 0.218, -0.074, -1.807, 1.457, 0.122
2017-04-20 10:10:54,890, 1492675854890442037, 0.153, 0.215, -0.133, -1.702, 1.493, 0.13
2017-04-20 10:10:54,898, 1492675854897668308, 0.149, 0.176, -0.124, -1.357, 1.489, 0.13
2017-04-20 10:10:54,899, 1492675854899468305, 0.161, 0.175, -0.095, -1.333, 1.484, 0.142
2017-04-20 10:10:54,901, 1492675854901525270, 0.147, 0.156, -0.14, -1.308, 1.471, 0.125
2017-04-20 10:10:54,903, 1492675854903570845, 0.167, 0.162, -0.159, -1.321, 1.455, 0.15
2017-04-20 10:10:54,906, 1492675854905879760, 0.179, 0.168, -0.093, -1.346, 1.419, 0.174
2017-04-20 10:10:54,909, 1492675854909692916, 0.155, 0.172, -0.144, -1.384, 1.337, 0.182
2017-04-20 10:10:54,911, 1492675854911646498, 0.15, 0.171, -0.102, -1.388, 1.322, 0.22
2017-04-20 10:10:54,916, 1492675854913603459, 0.176, 0.188, -0.134, -1.399, 1.341, 0.211
2017-04-20 10:10:54,916, 1492675854915644797, 0.157, 0.196, -0.122, -1.409, 1.343, 0.179
2017-04-20 10:10:54,917, 1492675854917545735, 0.144, 0.2, -0.081, -1.419, 1.334, 0.187
2017-04-20 10:10:54,919, 1492675854919639126, 0.146, 0.208, -0.085, -1.421, 1.327, 0.203
2017-04-20 10:10:54,921, 1492675854921583658, 0.144, 0.19, -0.092, -1.441, 1.328, 0.198
2017-04-20 10:10:54,925, 1492675854925625057, 0.135, 0.196, -0.05, -1.477, 1.249, 0.215
2017-04-20 10:10:54,927, 1492675854927397499, 0.134, 0.183, -0.07, -1.487, 1.234, 0.223
2017-04-20 10:10:54,928, 1492675854928614940, 0.133, 0.192, -0.055, -1.493, 1.219, 0.207
2017-04-20 10:10:54,930, 1492675854930424912, 0.141, 0.194, -0.033, -1.503, 1.219, 0.212
2017-04-20 10:10:54,931, 1492675854931597532, 0.146, 0.184, -0.039, -1.509, 1.217, 0.199
2017-04-20 10:10:54,933, 1492675854933534811, 0.134, 0.175, -0.061, -1.5, 1.223, 0.207
2017-04-20 10:10:54,935, 1492675854935531940, 0.137, 0.171, -0.065, -1.484, 1.219, 0.174
2017-04-20 10:10:54,937, 1492675854937551425, 0.133, 0.164, -0.049, -1.463, 1.215, 0.198
2017-04-20 10:10:54,939, 1492675854939599010, 0.124, 0.157, -0.074, -1.441, 1.21, 0.203
2017-04-20 10:10:54,941, 1492675854941535494, 0.136, 0.165, -0.08, -1.42, 1.209, 0.223
2017-04-20 10:10:54,943, 1492675854943666918, 0.141, 0.182, -0.071, -1.407, 1.214, 0.223
2017-04-20 10:10:54,949, 1492675854949044633, 0.133, 0.173, -0.072, -1.39, 1.215, 0.231
2017-04-20 10:10:54,950, 1492675854950646463, 0.129, 0.173, -0.102, -1.298, 1.196, 0.215
2017-04-20 10:10:54,952, 1492675854952624767, 0.144, 0.17, -0.121, -1.261, 1.2, 0.215
2017-04-20 10:10:54,954, 1492675854954629415, 0.142, 0.178, -0.112, -1.219, 1.203, 0.215
2017-04-20 10:10:54,956, 1492675854956605861, 0.133, 0.161, -0.105, -1.179, 1.21, 0.203
2017-04-20 10:10:54,958, 1492675854958627147, 0.147, 0.155, -0.103, -1.144, 1.217, 0.207
2017-04-20 10:10:54,960, 1492675854960601975, 0.137, 0.157, -0.104, -1.111, 1.227, 0.203
2017-04-20 10:10:54,962, 1492675854962627280, 0.152, 0.139, -0.1, -1.083, 1.236, 0.195
2017-04-20 10:10:54,964, 1492675854964617453, 0.156, 0.145, -0.075, -1.058, 1.257, 0.179
2017-04-20 10:10:54,966, 1492675854966637314, 0.146, 0.145, -0.091, -1.058, 1.271, 0.171
2017-04-20 10:10:54,968, 1492675854968611221, 0.161, 0.136, -0.072, -1.07, 1.276, 0.174
2017-04-20 10:10:54,970, 1492675854970613750, 0.138, 0.133, -0.067, -1.069, 1.281, 0.191
2017-04-20 10:10:54,981, 1492675854981415005, 0.137, 0.147, -0.045, -1.078, 1.277, 0.191
2017-04-20 10:10:54,982, 1492675854982716894, 0.149, 0.153, -0.066, -1.075, 1.277, 0.198
2017-04-20 10:10:54,985, 1492675854985638293, 0.142, 0.153, -0.066, -1.075, 1.275, 0.198
2017-04-20 10:10:54,987, 1492675854987523106, 0.153, 0.147, -0.054, -1.076, 1.267, 0.215
2017-04-20 10:10:54,989, 1492675854989625013, 0.151, 0.155, -0.056, -1.063, 1.259, 0.211
2017-04-20 10:10:54,991, 1492675854991490422, 0.155, 0.144, -0.059, -1.051, 1.243, 0.207
2017-04-20 10:10:54,992, 1492675854992622032, 0.154, 0.141, -0.071, -1.038, 1.219, 0.198
2017-04-20 10:10:54,994, 1492675854994675013, 0.145, 0.129, -0.075, -1.024, 1.193, 0.195
2017-04-20 10:10:54,996, 1492675854996624527, 0.14, 0.131, -0.071, -1.006, 1.169, 0.207
2017-04-20 10:10:54,998, 1492675854998638757, 0.138, 0.127, -0.09, -0.998, 1.162, 0.195
2017-04-20 10:10:55,000, 1492675855000618103, 0.149, 0.132, -0.078, -0.994, 1.157, 0.191
2017-04-20 10:10:55,002, 1492675855002782689, 0.141, 0.144, -0.081, -1.001, 1.141, 0.187
2017-04-20 10:10:55,004, 1492675855004614876, 0.131, 0.145, -0.1, -1.017, 1.138, 0.203
2017-04-20 10:10:55,006, 1492675855006636500, 0.133, 0.132, -0.1, -1.038, 1.125, 0.199
2017-04-20 10:10:55,008, 1492675855008609664, 0.124, 0.147, -0.086, -1.055, 1.122, 0.215
2017-04-20 10:10:55,012, 1492675855012115848, 0.126, 0.159, -0.095, -1.075, 1.139, 0.212
2017-04-20 10:10:55,019, 1492675855019589866, 0.128, 0.159, -0.088, -1.105, 1.153, 0.198
2017-04-20 10:10:55,022, 1492675855021873116, 0.123, 0.168, -0.081, -1.211, 1.176, 0.174
2017-04-20 10:10:55,029, 1492675855029629641, 0.103, 0.144, -0.064, -1.283, 1.168, 0.166
2017-04-20 10:10:55,031, 1492675855031431386, 0.1, 0.131, -0.066, -1.272, 1.158, 0.158
2017-04-20 10:10:55,033, 1492675855033486337, 0.075, 0.13, -0.049, -1.236, 1.135, 0.163
2017-04-20 10:10:55,035, 1492675855035495814, 0.064, 0.118, -0.061, -1.196, 1.092, 0.146
2017-04-20 10:10:55,037, 1492675855037472634, 0.035, 0.094, -0.071, -1.145, 1.055, 0.154
2017-04-20 10:10:55,039, 1492675855039519391, 0.031, 0.092, -0.095, -1.067, 1.014, 0.182
2017-04-20 10:10:55,041, 1492675855041474018, 0.012, 0.087, -0.115, -0.98, 0.977, 0.223
2017-04-20 10:10:55,043, 1492675855043552203, 0.019, 0.078, -0.167, -0.897, 0.943, 0.271
2017-04-20 10:10:55,049, 1492675855048832522, 0.013, 0.055, -0.192, -0.815, 0.895, 0.317
2017-04-20 10:10:55,051, 1492675855050929905, -0.032, 0.042, -0.262, -0.656, 0.817, 0.284
2017-04-20 10:10:55,053, 1492675855053171455, -0.028, 0.043, -0.264, -0.598, 0.821, 0.276
2017-04-20 10:10:55,054, 1492675855054681293, -0.018, 0.041, -0.294, -0.535, 0.83, 0.284
2017-04-20 10:10:55,060, 1492675855060593915, -0.06, 0.008, -0.353, -0.279, 0.753, 0.244
2017-04-20 10:10:55,061, 1492675855061643738, -0.04, 0.008, -0.369, -0.218, 0.743, 0.264
2017-04-20 10:10:55,064, 1492675855064433783, -0.033, 0.0, -0.345, -0.187, 0.733, 0.288
2017-04-20 10:10:55,066, 1492675855066515838, -0.05, -0.017, -0.373, -0.176, 0.672, 0.309
2017-04-20 10:10:55,068, 1492675855068571707, -0.061, -0.018, -0.394, -0.158, 0.659, 0.325
2017-04-20 10:10:55,074, 1492675855073896451, -0.077, -0.02, -0.394, -0.062, 0.594, 0.35
2017-04-20 10:10:55,075, 1492675855075601781, -0.085, -0.023, -0.409, -0.044, 0.573, 0.353
2017-04-20 10:10:55,080, 1492675855080105893, -0.078, -0.029, -0.411, -0.02, 0.589, 0.349
2017-04-20 10:10:55,084, 1492675855084651888, -0.043, -0.005, -0.441, -0.045, 0.642, 0.211
2017-04-20 10:10:55,086, 1492675855086506199, -0.003, 0.025, -0.346, -0.079, 0.677, 0.255
2017-04-20 10:10:55,093, 1492675855092992413, -0.004, 0.03, -0.428, -0.283, 0.745, 0.32
2017-04-20 10:10:55,094, 1492675855094603084, -0.012, 0.017, -0.443, -0.243, 0.736, 0.317
2017-04-20 10:10:55,097, 1492675855097123184, 0.012, 0.063, -0.585, -0.157, 0.766, 0.223
2017-04-20 10:10:55,098, 1492675855098641414, -0.02, 0.025, -0.529, -0.108, 0.689, 0.288
2017-04-20 10:10:55,100, 1492675855100611770, -0.039, -0.004, -0.498, -0.034, 0.617, 0.284
2017-04-20 10:10:55,102, 1492675855102640371, -0.058, -0.012, -0.652, 0.046, 0.552, 0.223
2017-04-20 10:10:55,104, 1492675855104612211, -0.064, -0.002, -0.66, 0.141, 0.514, 0.309
2017-04-20 10:10:55,106, 1492675855106730783, 0.012, 0.064, -0.585, 0.218, 0.508, 0.333
2017-04-20 10:10:55,108, 1492675855108605020, 0.083, 0.082, -0.579, 0.17, 0.612, 0.268
2017-04-20 10:10:55,110, 1492675855110633118, 0.126, 0.128, -0.64, 0.019, 0.695, 0.243
2017-04-20 10:10:55,116, 1492675855116167475, 0.14, 0.119, -0.624, -0.104, 0.681, 0.353
2017-04-20 10:10:55,123, 1492675855123013117, 0.234, 0.202, -0.55, -0.741, 0.925, 0.471
2017-04-20 10:10:55,124, 1492675855124611194, 0.309, 0.288, -0.451, -0.856, 1.034, 0.414
2017-04-20 10:10:55,126, 1492675855126643627, 0.363, 0.314, -0.355, -0.999, 1.181, 0.386
2017-04-20 10:10:55,128, 1492675855128624737, 0.394, 0.305, -0.458, -1.213, 1.354, 0.333
2017-04-20 10:10:55,130, 1492675855130615911, 0.405, 0.313, -0.552, -1.362, 1.376, 0.487
2017-04-20 10:10:55,132, 1492675855132628337, 0.387, 0.338, -0.269, -1.677, 1.332, 0.642
2017-04-20 10:10:55,134, 1492675855134629457, 0.301, 0.282, -0.436, -2.014, 1.303, 0.918
2017-04-20 10:10:55,136, 1492675855136596677, 0.225, 0.29, -0.495, -2.296, 1.211, 1.035
2017-04-20 10:10:55,140, 1492675855140640130, 0.295, 0.383, -0.342, -2.619, 1.489, 1.332
2017-04-20 10:10:55,142, 1492675855142665849, 0.618, 0.597, -0.661, -2.678, 2.102, 0.95
2017-04-20 10:10:55,144, 1492675855144505863, 0.723, 0.574, -0.578, -2.659, 2.287, 0.824
2017-04-20 10:10:55,145, 1492675855145617644, 0.653, 0.573, -0.359, -2.423, 2.04, 0.75
2017-04-20 10:10:55,147, 1492675855147482651, 0.646, 0.542, -0.347, -2.362, 1.976, 0.775
2017-04-20 10:10:55,158, 1492675855158396591, 0.536, 0.537, -0.712, -2.371, 1.777, 1.076
2017-04-20 10:10:55,160, 1492675855160460558, 0.686, 0.621, -0.879, -3.03, 2.086, 1.129
2017-04-20 10:10:55,161, 1492675855161603388, 0.653, 0.606, -0.996, -2.975, 2.036, 1.416
2017-04-20 10:10:55,163, 1492675855163634958, 0.592, 0.632, -1.301, -2.658, 1.803, 1.356
2017-04-20 10:10:55,165, 1492675855165666641, 0.69, 0.674, -1.721, -2.465, 2.049, 1.048
2017-04-20 10:10:55,167, 1492675855167636433, 0.58, 0.563, -1.852, -1.998, 1.73, 0.588
2017-04-20 10:10:55,169, 1492675855169610014, 0.426, 0.45, -1.947, -1.706, 1.517, 0.458
2017-04-20 10:10:55,171, 1492675855171625045, 0.298, 0.427, -1.949, -1.634, 1.238, 0.568
2017-04-20 10:10:55,173, 1492675855173612505, 0.322, 0.442, -1.976, -1.567, 1.254, 0.856
2017-04-20 10:10:55,175, 1492675855175633350, 0.447, 0.451, -1.969, -1.618, 1.657, 1.043
2017-04-20 10:10:55,177, 1492675855177628549, 0.687, 0.429, -1.944, -1.811, 2.18, 1.214
2017-04-20 10:10:55,179, 1492675855179627818, 0.762, 0.456, -1.966, -1.833, 2.217, 0.446
2017-04-20 10:10:55,181, 1492675855181674847, 0.66, 0.476, -1.985, -1.877, 2.038, 0.71
2017-04-20 10:10:55,183, 1492675855183631077, 0.54, 0.433, -1.998, -1.934, 2.002, 1.047
2017-04-20 10:10:55,188, 1492675855187622637, 0.425, 0.399, -2.031, -1.986, 1.984, 0.45
2017-04-20 10:10:55,189, 1492675855189526251, 0.519, 0.376, -2.026, -1.986, 2.208, 0.434
2017-04-20 10:10:55,190, 1492675855190584785, 0.585, 0.326, -2.025, -1.931, 2.368, 0.824
2017-04-20 10:10:55,191, 1492675855191623551, 0.609, 0.315, -2.049, -1.936, 2.454, 0.877
2017-04-20 10:10:55,193, 1492675855193592327, 0.553, 0.299, -2.029, -1.998, 2.352, 0.739
2017-04-20 10:10:55,195, 1492675855195622685, 0.379, 0.331, -2.057, -2.091, 2.175, 0.637
2017-04-20 10:10:55,197, 1492675855197597386, 0.294, 0.364, -2.08, -2.172, 2.125, 0.808
2017-04-20 10:10:55,199, 1492675855199626255, 0.281, 0.43, -2.082, -2.316, 2.116, 0.962
2017-04-20 10:10:55,201, 1492675855201611960, 0.375, 0.47, -2.11, -2.443, 2.321, 0.783
2017-04-20 10:10:55,203, 1492675855203618578, 0.429, 0.39, -2.102, -2.286, 2.418, 0.767
2017-04-20 10:10:55,205, 1492675855205602510, 0.419, 0.327, -2.089, -2.207, 2.409, 0.929
2017-04-20 10:10:55,207, 1492675855207614168, 0.325, 0.285, -2.129, -2.218, 2.29, 0.905
2017-04-20 10:10:55,209, 1492675855209629656, 0.272, 0.324, -2.147, -2.299, 2.14, 0.731
2017-04-20 10:10:55,211, 1492675855211591248, 0.27, 0.414, -2.168, -2.472, 2.105, 0.731
2017-04-20 10:10:55,213, 1492675855213599926, 0.31, 0.4, -2.169, -2.441, 2.151, 0.734
2017-04-20 10:10:55,215, 1492675855215612448, 0.321, 0.372, -2.158, -2.382, 2.185, 0.633
2017-04-20 10:10:55,220, 1492675855219829640, 0.345, 0.338, -2.16, -2.326, 2.19, 0.613
2017-04-20 10:10:55,225, 1492675855225228592, 0.32, 0.319, -3.037, -3.563, 2.366, 0.621
2017-04-20 10:10:55,226, 1492675855226587123, 0.244, 0.499, -2.454, -2.612, 2.03, 0.463
2017-04-20 10:10:55,228, 1492675855228644943, 0.328, 0.38, -2.66, -2.726, 2.056, 0.645
2017-04-20 10:10:55,230, 1492675855230608119, 0.307, 0.292, -2.883, -2.553, 2.026, 0.536
2017-04-20 10:10:55,233, 1492675855233466629, 0.327, 0.3, -2.967, -2.337, 2.041, 0.56
2017-04-20 10:10:55,234, 1492675855234602052, 0.194, 0.503, -2.754, -2.439, 1.758, 0.677
2017-04-20 10:10:55,236, 1492675855236837464, 0.188, 0.508, -2.958, -2.434, 1.797, 0.585
2017-04-20 10:10:55,241, 1492675855241639777, 0.263, 0.309, -3.018, -2.635, 1.824, 0.677
2017-04-20 10:10:55,243, 1492675855243540001, 0.282, 0.289, -3.149, -2.656, 1.926, 0.661
2017-04-20 10:10:55,245, 1492675855245551541, 0.313, 0.329, -3.134, -2.649, 2.027, 0.674
2017-04-20 10:10:55,247, 1492675855247503990, 0.315, 0.404, -3.049, -2.72, 2.061, 0.617
2017-04-20 10:10:55,249, 1492675855249530011, 0.333, 0.394, -3.106, -2.79, 2.122, 0.621
2017-04-20 10:10:55,251, 1492675855251610043, 0.324, 0.382, -3.051, -2.796, 2.092, 0.677
2017-04-20 10:10:55,258, 1492675855257634612, 0.299, 0.372, -3.014, -2.584, 2.0, 0.75
2017-04-20 10:10:55,261, 1492675855260771905, 0.26, 0.38, -2.994, -2.523, 1.979, 0.796
2017-04-20 10:10:55,262, 1492675855262599760, 0.287, 0.38, -3.014, -2.458, 2.061, 0.771
2017-04-20 10:10:55,264, 1492675855264653766, 0.323, 0.319, -3.056, -2.386, 2.124, 0.739
2017-04-20 10:10:55,266, 1492675855266449770, 0.314, 0.286, -3.009, -2.389, 2.07, 0.788
2017-04-20 10:10:55,268, 1492675855268013750, 0.292, 0.278, -3.053, -2.448, 2.039, 0.735
2017-04-20 10:10:55,269, 1492675855269618134, 0.278, 0.287, -3.068, -2.46, 1.991, 0.698
2017-04-20 10:10:55,273, 1492675855273642884, 0.248, 0.27, -3.129, -2.256, 1.852, 0.641
2017-04-20 10:10:55,275, 1492675855275422641, 0.236, 0.25, -3.165, -2.189, 1.818, 0.642
2017-04-20 10:10:55,277, 1492675855276831118, 0.239, 0.211, -3.133, -2.073, 1.765, 0.642
2017-04-20 10:10:55,278, 1492675855278589491, 0.256, 0.208, -3.12, -1.964, 1.76, 0.629
2017-04-20 10:10:55,279, 1492675855279625514, 0.275, 0.216, -3.158, -1.848, 1.757, 0.645
2017-04-20 10:10:55,281, 1492675855281440664, 0.255, 0.227, -3.189, -1.773, 1.734, 0.649
2017-04-20 10:10:55,292, 1492675855288665491, 0.231, 0.284, -3.204, -1.513, 1.658, 0.661
2017-04-20 10:10:55,294, 1492675855294550610, 0.219, 0.29, -3.124, -1.524, 1.548, 0.633
2017-04-20 10:10:55,295, 1492675855295642582, 0.224, 0.283, -3.027, -1.591, 1.524, 0.633
2017-04-20 10:10:55,298, 1492675855298423933, 0.228, 0.258, -2.972, -1.691, 1.519, 0.613
2017-04-20 10:10:55,300, 1492675855300638894, 0.232, 0.254, -2.939, -1.887, 1.53, 0.62
2017-04-20 10:10:55,302, 1492675855302410092, 0.225, 0.265, -2.911, -1.983, 1.522, 0.621
2017-04-20 10:10:55,304, 1492675855304460327, 0.206, 0.265, -2.922, -2.148, 1.516, 0.628
2017-04-20 10:10:55,306, 1492675855306351354, 0.199, 0.268, -2.899, -2.28, 1.531, 0.62
2017-04-20 10:10:55,308, 1492675855308619489, 0.219, 0.313, -2.808, -2.375, 1.585, 0.682
2017-04-20 10:10:55,310, 1492675855310610218, 0.237, 0.352, -2.815, -2.519, 1.668, 0.669
2017-04-20 10:10:55,311, 1492675855311637891, 0.228, 0.336, -2.788, -2.561, 1.655, 0.666
2017-04-20 10:10:55,315, 1492675855314623582, 0.198, 0.33, -2.686, -2.542, 1.605, 0.707
2017-04-20 10:10:55,321, 1492675855316930407, 0.202, 0.356, -2.703, -2.589, 1.605, 0.702
2017-04-20 10:10:55,321, 1492675855318612911, 0.239, 0.397, -2.663, -2.712, 1.636, 0.658
2017-04-20 10:10:55,322, 1492675855320493237, 0.24, 0.401, -2.661, -2.682, 1.599, 0.633
2017-04-20 10:10:55,324, 1492675855324265676, 0.196, 0.376, -2.655, -2.645, 1.53, 0.674
2017-04-20 10:10:55,329, 1492675855329690030, 0.232, 0.337, -2.64, -2.582, 1.556, 0.658
2017-04-20 10:10:55,331, 1492675855331480654, 0.236, 0.345, -2.647, -2.567, 1.529, 0.653
2017-04-20 10:10:55,333, 1492675855333565457, 0.22, 0.345, -2.66, -2.561, 1.526, 0.637
2017-04-20 10:10:55,335, 1492675855335517326, 0.209, 0.328, -2.677, -2.535, 1.482, 0.666
2017-04-20 10:10:55,337, 1492675855337587310, 0.184, 0.324, -2.671, -2.452, 1.421, 0.669
2017-04-20 10:10:55,339, 1492675855339581524, 0.194, 0.336, -2.698, -2.319, 1.414, 0.666
2017-04-20 10:10:55,346, 1492675855346084979, 0.187, 0.322, -2.672, -1.903, 1.359, 0.653
2017-04-20 10:10:55,348, 1492675855347758749, 0.176, 0.318, -2.658, -1.842, 1.337, 0.677
2017-04-20 10:10:55,349, 1492675855349650566, 0.199, 0.314, -2.662, -1.816, 1.348, 0.669
2017-04-20 10:10:55,351, 1492675855351603135, 0.197, 0.297, -2.66, -1.803, 1.321, 0.666
2017-04-20 10:10:55,357, 1492675855357206530, 0.18, 0.28, -2.643, -1.787, 1.284, 0.682
2017-04-20 10:10:55,360, 1492675855360631973, 0.204, 0.231, -2.57, -1.818, 1.339, 0.702
2017-04-20 10:10:55,362, 1492675855362563910, 0.199, 0.242, -2.563, -1.829, 1.364, 0.706
2017-04-20 10:10:55,363, 1492675855363609869, 0.212, 0.241, -2.545, -1.845, 1.401, 0.702
2017-04-20 10:10:55,365, 1492675855365751199, 0.195, 0.257, -2.562, -1.853, 1.422, 0.685
2017-04-20 10:10:55,367, 1492675855367550053, 0.188, 0.26, -2.565, -1.869, 1.448, 0.69
2017-04-20 10:10:55,369, 1492675855369637047, 0.179, 0.265, -2.539, -1.863, 1.49, 0.699
2017-04-20 10:10:55,371, 1492675855371587261, 0.197, 0.277, -2.513, -1.881, 1.539, 0.702
2017-04-20 10:10:55,377, 1492675855377883709, 0.247, 0.287, -2.431, -1.932, 1.661, 0.722
2017-04-20 10:10:55,379, 1492675855379623360, 0.244, 0.28, -2.431, -1.952, 1.654, 0.715
2017-04-20 10:10:55,381, 1492675855381636504, 0.25, 0.284, -2.416, -1.941, 1.653, 0.739
2017-04-20 10:10:55,383, 1492675855383592775, 0.251, 0.267, -2.421, -1.928, 1.644, 0.739
2017-04-20 10:10:55,385, 1492675855385644845, 0.264, 0.276, -2.416, -1.917, 1.639, 0.763