2017-04-20 10:09:11,380, 1492675751380171948, 0.02, -0.015, -0.011, 0.074, 0.133, 0.0
2017-04-20 10:09:11,383, 1492675751383069997, 0.018, 0.0, -0.024, 0.076, 0.099, -0.008
2017-04-20 10:09:11,385, 1492675751385013097, 0.02, -0.003, -0.01, 0.074, 0.075, 0.016
2017-04-20 10:09:11,387, 1492675751387061626, 0.022, -0.01, -0.017, 0.064, 0.058, 0.003
2017-04-20 10:09:11,390, 1492675751390151433, 0.01, -0.008, 0.001, 0.055, 0.025, 0.008
2017-04-20 10:09:11,391, 1492675751391205961, -0.015, -0.007, -0.009, 0.041, 0.006, 0.012
2017-04-20 10:09:11,394, 1492675751394015103, -0.02, -0.003, -0.01, 0.03, -0.009, -0.008
2017-04-20 10:09:11,395, 1492675751395249372, -0.012, 0.011, 0.007, 0.011, -0.044, 0.0
2017-04-20 10:09:11,397, 1492675751397045768, -0.016, 0.008, -0.001, 0.005, -0.054, -0.008
2017-04-20 10:09:11,399, 1492675751399232845, -0.023, 0.013, 0.0, 0.001, -0.081, 0.003
2017-04-20 10:09:11,401, 1492675751401015060, -0.022, 0.006, -0.004, -0.014, -0.099, -0.005
2017-04-20 10:09:11,403, 1492675751403027399, -0.027, 0.013, 0.005, -0.023, -0.119, 0.012
2017-04-20 10:09:11,405, 1492675751405675342, -0.021, 0.026, 0.009, -0.035, -0.136, -0.012
2017-04-20 10:09:11,407, 1492675751407207622, -0.022, 0.017, 0.002, -0.063, -0.15, -0.021
2017-04-20 10:09:11,409, 1492675751409003364, -0.029, 0.025, -0.014, -0.078, -0.151, -0.008
2017-04-20 10:09:11,411, 1492675751411083437, -0.019, 0.024, -0.009, -0.106, -0.164, -0.013
2017-04-20 10:09:11,414, 1492675751414273368, -0.016, 0.032, -0.005, -0.138, -0.169, 0.003
2017-04-20 10:09:11,416, 1492675751416201636, -0.017, 0.035, 0.002, -0.181, -0.168, -0.016
2017-04-20 10:09:11,418, 1492675751418004788, -0.015, 0.042, 0.018, -0.206, -0.165, -0.008
2017-04-20 10:09:11,419, 1492675751419232119, -0.024, 0.04, 0.011, -0.22, -0.154, 0.008
2017-04-20 10:09:11,421, 1492675751421171043, -0.019, 0.04, 0.011, -0.223, -0.145, -0.008
2017-04-20 10:09:11,422, 1492675751422649459, -0.022, 0.039, 0.004, -0.232, -0.135, -0.016
2017-04-20 10:09:11,425, 1492675751425033155, -0.028, 0.037, 0.012, -0.217, -0.129, -0.021
2017-04-20 10:09:11,429, 1492675751429122754, -0.024, 0.036, -0.007, -0.161, -0.108, -0.013
2017-04-20 10:09:11,430, 1492675751430184965, -0.027, 0.04, -0.018, -0.13, -0.099, -0.013
2017-04-20 10:09:11,432, 1492675751432009882, -0.022, 0.033, -0.013, -0.104, -0.089, -0.013
2017-04-20 10:09:11,433, 1492675751433182721, -0.01, 0.017, -0.019, -0.066, -0.078, -0.005
2017-04-20 10:09:11,435, 1492675751435023588, -0.012, 0.007, -0.042, -0.039, -0.07, -0.016
2017-04-20 10:09:11,437, 1492675751437011361, -0.004, -0.001, -0.028, 0.003, -0.055, -0.013
2017-04-20 10:09:11,439, 1492675751439186318, 0.006, 0.007, -0.032, 0.047, -0.026, -0.008
2017-04-20 10:09:11,441, 1492675751441150264, 0.011, -0.002, -0.047, 0.081, -0.007, 0.0
2017-04-20 10:09:11,443, 1492675751443143365, 0.013, -0.003, -0.049, 0.091, 0.012, 0.008
2017-04-20 10:09:11,445, 1492675751445301738, 0.021, -0.006, -0.047, 0.1, 0.048, 0.003
2017-04-20 10:09:11,447, 1492675751447161959, 0.022, 0.005, -0.048, 0.09, 0.084, 0.003
2017-04-20 10:09:11,449, 1492675751449187911, 0.031, 0.005, -0.051, 0.07, 0.131, 0.008
2017-04-20 10:09:11,450, 1492675751450197932, 0.041, 0.001, -0.052, 0.044, 0.171, -0.005
2017-04-20 10:09:11,453, 1492675751453061556, 0.053, 0.016, -0.066, -0.003, 0.224, 0.012
2017-04-20 10:09:11,455, 1492675751455312662, 0.05, 0.024, -0.078, -0.063, 0.274, 0.0
2017-04-20 10:09:11,463, 1492675751462853882, 0.058, 0.039, -0.084, -0.279, 0.403, 0.003
2017-04-20 10:09:11,464, 1492675751464204653, 0.056, 0.046, -0.084, -0.312, 0.438, 0.0
2017-04-20 10:09:11,466, 1492675751466188991, 0.061, 0.054, -0.099, -0.324, 0.441, 0.008
2017-04-20 10:09:11,468, 1492675751468147825, 0.065, 0.063, -0.115, -0.326, 0.445, -0.005
2017-04-20 10:09:11,470, 1492675751470179048, 0.061, 0.058, -0.12, -0.316, 0.435, 0.0
2017-04-20 10:09:11,472, 1492675751472459392, 0.074, 0.059, -0.131, -0.299, 0.414, 0.016
2017-04-20 10:09:11,474, 1492675751474180443, 0.057, 0.06, -0.148, -0.282, 0.394, 0.003
2017-04-20 10:09:11,476, 1492675751476163825, 0.055, 0.06, -0.144, -0.262, 0.356, 0.012
2017-04-20 10:09:11,478, 1492675751478173223, 0.05, 0.059, -0.153, -0.248, 0.317, -0.005
2017-04-20 10:09:11,480, 1492675751480184189, 0.052, 0.05, -0.153, -0.23, 0.276, 0.008
2017-04-20 10:09:11,482, 1492675751482156497, 0.032, 0.042, -0.155, -0.201, 0.215, 0.003
2017-04-20 10:09:11,484, 1492675751484202106, 0.024, 0.028, -0.147, -0.157, 0.152, 0.003
2017-04-20 10:09:11,486, 1492675751486150915, 0.02, 0.034, -0.156, -0.105, 0.077, 0.012
2017-04-20 10:09:11,488, 1492675751488206253, 0.005, 0.032, -0.152, -0.046, 0.008, 0.008
2017-04-20 10:09:11,490, 1492675751490150295, 0.01, 0.039, -0.158, -0.003, -0.039, -0.005
2017-04-20 10:09:11,492, 1492675751492624887, 0.001, 0.022, -0.151, 0.031, -0.105, 0.02
2017-04-20 10:09:11,494, 1492675751494201256, -0.011, 0.012, -0.139, 0.046, -0.178, 0.008
2017-04-20 10:09:11,496, 1492675751496260945, -0.019, 0.011, -0.149, 0.076, -0.253, -0.021
2017-04-20 10:09:11,502, 1492675751502072352, -0.021, 0.02, -0.119, 0.039, -0.336, -0.016
2017-04-20 10:09:11,503, 1492675751503356109, -0.027, 0.001, -0.125, 0.001, -0.348, -0.013
2017-04-20 10:09:11,505, 1492675751505143359, -0.033, 0.003, -0.127, -0.029, -0.356, 0.0
2017-04-20 10:09:11,507, 1492675751507176665, -0.027, 0.025, -0.129, -0.045, -0.363, -0.045
2017-04-20 10:09:11,509, 1492675751509289128, -0.031, 0.029, -0.112, -0.052, -0.352, -0.016
2017-04-20 10:09:11,511, 1492675751511184434, -0.02, 0.029, -0.14, -0.062, -0.312, -0.037
2017-04-20 10:09:11,513, 1492675751513175795, -0.004, 0.046, -0.147, -0.094, -0.26, -0.033
2017-04-20 10:09:11,515, 1492675751515191311, 0.004, 0.046, -0.124, -0.135, -0.219, -0.041
2017-04-20 10:09:11,518, 1492675751518029652, 0.003, 0.032, -0.165, -0.174, -0.169, -0.013
2017-04-20 10:09:11,519, 1492675751519201502, -0.003, 0.04, -0.163, -0.211, -0.135, 0.017
2017-04-20 10:09:11,521, 1492675751521151502, 0.014, 0.057, -0.12, -0.248, -0.073, 0.02
2017-04-20 10:09:11,523, 1492675751523173386, 0.018, 0.069, -0.144, -0.262, 0.009, -0.016
2017-04-20 10:09:11,528, 1492675751528333268, 0.045, 0.052, -0.154, -0.294, 0.117, -0.008
2017-04-20 10:09:11,530, 1492675751530234064, 0.037, 0.048, -0.161, -0.304, 0.247, -0.013
2017-04-20 10:09:11,538, 1492675751538060862, 0.077, 0.045, -0.15, -0.232, 0.448, 0.02
2017-04-20 10:09:11,539, 1492675751539185303, 0.066, 0.034, -0.169, -0.19, 0.49, 0.016
2017-04-20 10:09:11,541, 1492675751541181681, 0.054, 0.031, -0.178, -0.126, 0.472, 0.0
2017-04-20 10:09:11,543, 1492675751543235197, 0.07, 0.035, -0.174, -0.076, 0.518, 0.0
2017-04-20 10:09:11,545, 1492675751545147772, 0.095, 0.041, -0.172, -0.045, 0.543, 0.012
2017-04-20 10:09:11,548, 1492675751548010449, 0.104, 0.023, -0.148, -0.04, 0.531, 0.044
2017-04-20 10:09:11,549, 1492675751549156002, 0.109, 0.019, -0.139, -0.032, 0.523, 0.036
2017-04-20 10:09:11,551, 1492675751551281407, 0.084, 0.017, -0.196, 0.014, 0.474, 0.028
2017-04-20 10:09:11,553, 1492675751553175167, 0.074, 0.024, -0.2, 0.039, 0.45, -0.013
2017-04-20 10:09:11,555, 1492675751555199975, 0.073, 0.02, -0.162, 0.053, 0.39, 0.003
2017-04-20 10:09:11,557, 1492675751557164818, 0.066, 0.002, -0.151, 0.044, 0.374, 0.012
2017-04-20 10:09:11,559, 1492675751559216180, 0.092, -0.01, -0.186, 0.058, 0.329, 0.02
2017-04-20 10:09:11,564, 1492675751564419139, 0.101, 0.022, -0.147, 0.043, 0.338, 0.041
2017-04-20 10:09:11,566, 1492675751566209287, 0.057, 0.028, -0.19, -0.076, 0.233, -0.005
2017-04-20 10:09:11,568, 1492675751568151017, 0.044, 0.023, -0.159, -0.173, 0.226, -0.008
2017-04-20 10:09:11,574, 1492675751574067022, 0.086, 0.084, -0.108, -0.328, 0.296, -0.029
2017-04-20 10:09:11,575, 1492675751575157879, 0.035, 0.049, -0.153, -0.355, 0.215, 0.024
2017-04-20 10:09:11,577, 1492675751577193409, 0.002, 0.045, -0.184, -0.366, 0.173, 0.036
2017-04-20 10:09:11,579, 1492675751579128972, 0.027, 0.061, -0.137, -0.349, 0.203, -0.008
2017-04-20 10:09:11,581, 1492675751581197044, 0.006, 0.075, -0.149, -0.298, 0.142, -0.049
2017-04-20 10:09:11,584, 1492675751584162042, 0.04, 0.064, -0.156, -0.263, 0.115, 0.016
2017-04-20 10:09:11,585, 1492675751585158664, 0.01, 0.031, -0.187, -0.227, 0.082, 0.016
2017-04-20 10:09:11,587, 1492675751587190425, -0.006, 0.038, -0.174, -0.162, -0.007, -0.008
2017-04-20 10:09:11,589, 1492675751589198029, 0.007, 0.05, -0.149, -0.105, -0.045, -0.008
2017-04-20 10:09:11,591, 1492675751591101957, -0.025, 0.039, -0.207, -0.003, -0.132, -0.008
2017-04-20 10:09:11,598, 1492675751598227802, -0.014, 0.032, -0.206, 0.032, -0.195, 0.0
2017-04-20 10:09:11,600, 1492675751600054594, 0.028, 0.01, -0.206, -0.028, -0.2, -0.021
2017-04-20 10:09:11,606, 1492675751606103405, -0.01, 0.042, -0.199, -0.18, -0.132, -0.037
2017-04-20 10:09:11,607, 1492675751607110741, 0.01, 0.041, -0.198, -0.23, -0.08, -0.057
2017-04-20 10:09:11,609, 1492675751609198397, 0.025, 0.058, -0.061, -0.273, -0.021, 0.02
2017-04-20 10:09:11,612, 1492675751612015245, 0.016, 0.043, -0.178, -0.244, 0.016, -0.021
2017-04-20 10:09:11,614, 1492675751614174951, 0.005, 0.041, -0.159, -0.224, 0.072, 0.012
2017-04-20 10:09:11,616, 1492675751616019376, -0.013, 0.046, -0.086, -0.207, 0.038, 0.016
2017-04-20 10:09:11,622, 1492675751622093689, 0.007, 0.025, -0.018, -0.137, 0.097, 0.044
2017-04-20 10:09:11,623, 1492675751623145746, 0.049, 0.054, -0.036, -0.111, 0.17, 0.02
2017-04-20 10:09:11,629, 1492675751629148424, 0.086, 0.041, -0.081, -0.112, 0.256, -0.033
2017-04-20 10:09:11,631, 1492675751631024483, 0.026, -0.007, -0.087, -0.085, 0.217, 0.012
2017-04-20 10:09:11,633, 1492675751633059586, 0.027, -0.004, -0.092, -0.008, 0.236, -0.037
2017-04-20 10:09:11,635, 1492675751635114062, 0.042, 0.017, -0.042, 0.087, 0.208, -0.024
2017-04-20 10:09:11,637, 1492675751637056089, 0.045, -0.009, -0.037, 0.126, 0.288, 0.033
2017-04-20 10:09:11,639, 1492675751639538781, 0.008, -0.044, -0.091, 0.208, 0.174, 0.024
2017-04-20 10:09:11,641, 1492675751641192974, -0.013, -0.024, -0.061, 0.279, 0.12, 0.028
2017-04-20 10:09:11,643, 1492675751643161576, -0.01, -0.014, -0.041, 0.338, 0.089, 0.036
2017-04-20 10:09:11,645, 1492675751645045874, -0.052, -0.024, -0.096, 0.399, -0.036, 0.02
2017-04-20 10:09:11,647, 1492675751647441490, 0.002, -0.03, -0.018, 0.365, -0.041, 0.012
2017-04-20 10:09:11,649, 1492675751649170810, 0.042, -0.017, 0.014, 0.289, -0.056, 0.041
2017-04-20 10:09:11,651, 1492675751650990177, 0.037, -0.031, -0.025, 0.168, -0.077, 0.003
2017-04-20 10:09:11,653, 1492675751653073059, 0.009, 0.002, -0.069, 0.041, -0.156, -0.033
2017-04-20 10:09:11,655, 1492675751655006709, -0.036, -0.001, -0.011, -0.052, -0.225, -0.033
2017-04-20 10:09:11,657, 1492675751657056678, -0.053, 0.003, -0.088, -0.132, -0.246, -0.089
2017-04-20 10:09:11,659, 1492675751659031760, -0.043, 0.021, -0.083, -0.175, -0.243, -0.049
2017-04-20 10:09:11,661, 1492675751661046578, -0.042, 0.009, -0.023, -0.162, -0.249, -0.041
2017-04-20 10:09:11,668, 1492675751668596478, -0.072, 0.011, -0.038, 0.003, -0.352, 0.003
2017-04-20 10:09:11,670, 1492675751670199677, -0.082, 0.004, -0.057, 0.148, -0.495, 0.033
2017-04-20 10:09:11,672, 1492675751672753433, -0.051, 0.021, 0.007, 0.132, -0.473, -0.016
2017-04-20 10:09:11,674, 1492675751674173789, -0.002, 0.027, 0.023, -0.014, -0.443, -0.016
2017-04-20 10:09:11,676, 1492675751676151833, -0.05, 0.009, -0.046, -0.106, -0.501, -0.033
2017-04-20 10:09:11,678, 1492675751678189425, -0.1, -0.002, -0.052, -0.193, -0.534, -0.045
2017-04-20 10:09:11,680, 1492675751680254992, -0.112, 0.019, -0.034, -0.246, -0.533, -0.081
2017-04-20 10:09:11,682, 1492675751682205140, -0.079, 0.023, -0.076, -0.192, -0.505, -0.105
2017-04-20 10:09:11,684, 1492675751684162217, -0.029, 0.02, -0.063, -0.137, -0.377, -0.057
2017-04-20 10:09:11,686, 1492675751686191414, -0.032, 0.0, -0.005, -0.03, -0.419, -0.029
2017-04-20 10:09:11,688, 1492675751688140321, -0.061, -0.011, -0.03, 0.121, -0.395, 0.008
2017-04-20 10:09:11,690, 1492675751690171427, -0.094, -0.018, -0.121, 0.297, -0.446, -0.024
2017-04-20 10:09:11,692, 1492675751692154881, -0.107, 0.016, -0.051, 0.413, -0.471, 0.057
2017-04-20 10:09:11,696, 1492675751696533499, -0.031, 0.002, 0.03, 0.396, -0.298, 0.008
2017-04-20 10:09:11,698, 1492675751698517870, -0.008, -0.024, 0.023, 0.12, -0.179, 0.02
2017-04-20 10:09:11,700, 1492675751700167270, -0.051, -0.02, 0.005, -0.049, -0.149, -0.024
2017-04-20 10:09:11,701, 1492675751701185286, -0.084, 0.005, -0.015, -0.113, -0.142, -0.033
2017-04-20 10:09:11,703, 1492675751703098729, -0.093, 0.007, -0.033, -0.162, -0.136, -0.037
2017-04-20 10:09:11,704, 1492675751704146267, -0.073, -0.016, -0.009, -0.187, -0.084, -0.045
2017-04-20 10:09:11,706, 1492675751706191679, -0.038, -0.019, -0.007, -0.164, -0.015, -0.049
2017-04-20 10:09:11,708, 1492675751708159547, -0.016, -0.018, 0.004, -0.052, -0.009, 0.02
2017-04-20 10:09:11,713, 1492675751713174372, -0.057, -0.036, -0.022, 0.44, -0.113, 0.041
2017-04-20 10:09:11,715, 1492675751714992508, -0.06, -0.006, -0.045, 0.575, -0.173, 0.044
2017-04-20 10:09:11,717, 1492675751717036148, 0.011, -0.031, 0.011, 0.571, -0.058, 0.033
2017-04-20 10:09:11,719, 1492675751719339853, 0.022, -0.028, -0.02, 0.471, -0.118, 0.069
2017-04-20 10:09:11,721, 1492675751721192259, -0.006, -0.028, -0.019, 0.299, -0.114, 0.0
2017-04-20 10:09:11,723, 1492675751722968459, -0.009, -0.034, -0.048, 0.167, -0.135, -0.037
2017-04-20 10:09:11,725, 1492675751725053204, -0.073, -0.034, -0.042, -0.008, -0.204, -0.008
2017-04-20 10:09:11,727, 1492675751727000867, -0.039, -0.026, -0.047, -0.124, -0.119, -0.073
2017-04-20 10:09:11,729, 1492675751729179469, -0.034, -0.004, -0.053, -0.152, -0.162, -0.057
2017-04-20 10:09:11,738, 1492675751738161873, -0.033, 0.007, 0.005, 0.363, -0.276, 0.024
2017-04-20 10:09:11,740, 1492675751740000739, -0.048, 0.009, 0.007, 0.347, -0.274, 0.012
2017-04-20 10:09:11,742, 1492675751742015776, -0.043, -0.012, -0.002, 0.263, -0.283, 0.044
2017-04-20 10:09:11,744, 1492675751744004783, -0.063, -0.026, -0.007, 0.165, -0.351, 0.016
2017-04-20 10:09:11,746, 1492675751745996596, -0.096, -0.031, -0.041, 0.06, -0.343, 0.0
2017-04-20 10:09:11,748, 1492675751748052381, -0.094, 0.0, -0.076, 0.025, -0.411, -0.078
2017-04-20 10:09:11,750, 1492675751749993478, -0.1, -0.003, -0.018, -0.011, -0.413, -0.045
2017-04-20 10:09:11,752, 1492675751752030008, -0.077, -0.022, -0.003, -0.021, -0.428, -0.013
2017-04-20 10:09:11,754, 1492675751754049643, -0.069, -0.025, -0.042, 0.061, -0.478, -0.049
2017-04-20 10:09:11,756, 1492675751756056869, -0.087, -0.026, -0.014, 0.187, -0.575, -0.041
2017-04-20 10:09:11,758, 1492675751758041792, -0.114, 0.001, -0.008, 0.308, -0.634, 0.028
2017-04-20 10:09:11,760, 1492675751760080631, -0.048, 0.016, -0.053, 0.375, -0.606, -0.024
2017-04-20 10:09:11,762, 1492675751762032798, -0.051, -0.005, 0.001, 0.28, -0.534, -0.024
2017-04-20 10:09:11,764, 1492675751764227770, -0.071, -0.023, 0.011, 0.138, -0.576, 0.0
2017-04-20 10:09:11,769, 1492675751768996116, -0.105, -0.017, -0.066, 0.044, -0.578, 0.012
2017-04-20 10:09:11,771, 1492675751771191412, -0.112, 0.017, -0.034, -0.222, -0.475, -0.073
2017-04-20 10:09:11,773, 1492675751773003938, -0.092, -0.013, -0.071, -0.218, -0.477, -0.024
2017-04-20 10:09:11,775, 1492675751775014831, -0.09, -0.028, -0.033, -0.174, -0.447, -0.049
2017-04-20 10:09:11,777, 1492675751776981728, -0.105, 0.005, 0.007, -0.026, -0.485, -0.053
2017-04-20 10:09:11,778, 1492675751778189951, -0.091, 0.012, -0.019, 0.134, -0.502, -0.037
2017-04-20 10:09:11,780, 1492675751780137574, -0.068, -0.006, -0.02, 0.24, -0.455, -0.029
2017-04-20 10:09:11,782, 1492675751782202552, -0.055, -0.024, 0.001, 0.269, -0.419, 0.003
2017-04-20 10:09:11,784, 1492675751784139257, -0.074, -0.039, -0.014, 0.295, -0.437, 0.024
2017-04-20 10:09:11,786, 1492675751786200107, -0.052, -0.045, -0.034, 0.298, -0.345, 0.012
2017-04-20 10:09:11,788, 1492675751788147892, -0.079, -0.018, -0.067, 0.337, -0.382, -0.013
2017-04-20 10:09:11,790, 1492675751790168490, -0.093, -0.052, -0.04, 0.343, -0.354, -0.013
2017-04-20 10:09:11,792, 1492675751792153493, -0.091, -0.072, -0.04, 0.388, -0.335, -0.013
2017-04-20 10:09:11,794, 1492675751794169141, -0.073, -0.062, -0.027, 0.434, -0.306, 0.012
2017-04-20 10:09:11,796, 1492675751796149569, -0.075, -0.067, -0.018, 0.548, -0.366, -0.013
2017-04-20 10:09:11,799, 1492675751799324196, -0.061, -0.056, -0.02, 0.645, -0.363, 0.02
2017-04-20 10:09:11,805, 1492675751804955166, -0.025, -0.046, 0.021, 0.618, -0.307, 0.028
2017-04-20 10:09:11,806, 1492675751806200425, -0.045, -0.038, -0.046, 0.305, -0.324, -0.008
2017-04-20 10:09:11,808, 1492675751808146598, -0.084, -0.032, 0.015, 0.124, -0.262, -0.053
2017-04-20 10:09:11,810, 1492675751810191419, -0.093, -0.029, -0.026, 0.029, -0.292, -0.049
2017-04-20 10:09:11,812, 1492675751812145461, -0.115, -0.027, -0.088, 0.0, -0.347, -0.033
2017-04-20 10:09:11,814, 1492675751814203747, -0.082, -0.052, -0.027, 0.015, -0.26, -0.016
2017-04-20 10:09:11,816, 1492675751816140437, -0.082, -0.017, -0.021, 0.134, -0.383, -0.053
2017-04-20 10:09:11,818, 1492675751818197151, -0.084, -0.008, -0.016, 0.255, -0.412, 0.008
2017-04-20 10:09:11,820, 1492675751820167692, -0.078, -0.024, -0.047, 0.35, -0.448, -0.008
2017-04-20 10:09:11,822, 1492675751822203642, -0.053, -0.01, 0.01, 0.329, -0.453, -0.013
2017-04-20 10:09:11,824, 1492675751824152256, -0.08, -0.01, 0.005, 0.28, -0.531, 0.008
2017-04-20 10:09:11,826, 1492675751826208248, -0.084, -0.028, -0.063, 0.184, -0.548, 0.0
2017-04-20 10:09:11,828, 1492675751828154449, -0.062, -0.001, -0.051, 0.056, -0.495, -0.033
2017-04-20 10:09:11,830, 1492675751830176811, -0.108, 0.003, -0.022, -0.021, -0.591, -0.081
2017-04-20 10:09:11,832, 1492675751832155152, -0.127, -0.025, -0.067, -0.05, -0.587, -0.049
2017-04-20 10:09:11,835, 1492675751835209109, -0.105, -0.023, -0.036, 0.026, -0.553, -0.049
2017-04-20 10:09:11,837, 1492675751837112069, -0.118, -0.021, -0.015, 0.151, -0.669, -0.073
2017-04-20 10:09:11,838, 1492675751838163465, -0.099, -0.016, -0.035, 0.29, -0.643, -0.024
2017-04-20 10:09:11,840, 1492675751840143056, -0.068, -0.012, -0.07, 0.394, -0.599, 0.036
2017-04-20 10:09:11,842, 1492675751842203349, -0.084, -0.017, -0.012, 0.443, -0.667, 0.036
2017-04-20 10:09:11,844, 1492675751844137717, -0.092, -0.012, -0.015, 0.378, -0.599, -0.008
2017-04-20 10:09:11,846, 1492675751846218524, -0.071, -0.021, -0.094, 0.288, -0.553, 0.041
2017-04-20 10:09:11,854, 1492675751854099311, -0.112, -0.027, -0.09, -0.146, -0.413, -0.041
2017-04-20 10:09:11,855, 1492675751855203351, -0.124, -0.036, -0.045, -0.112, -0.476, -0.057
2017-04-20 10:09:11,862, 1492675751862071176, -0.078, -0.033, -0.026, 0.334, -0.505, 0.041
2017-04-20 10:09:11,863, 1492675751863191839, -0.063, -0.026, 0.047, 0.398, -0.472, 0.003
2017-04-20 10:09:11,865, 1492675751865178039, -0.102, -0.048, -0.011, 0.477, -0.575, -0.008
2017-04-20 10:09:11,867, 1492675751867561189, -0.09, -0.047, -0.055, 0.448, -0.502, 0.012
2017-04-20 10:09:11,874, 1492675751874061062, -0.084, -0.039, -0.052, 0.387, -0.515, -0.033
2017-04-20 10:09:11,875, 1492675751875193413, -0.111, -0.071, -0.067, 0.344, -0.574, 0.024
2017-04-20 10:09:11,877, 1492675751877178032, -0.119, -0.07, 0.02, 0.422, -0.606, -0.005
2017-04-20 10:09:11,879, 1492675751879332983, -0.12, -0.065, -0.026, 0.551, -0.68, 0.016
2017-04-20 10:09:11,881, 1492675751881146711, -0.048, -0.052, -0.055, 0.609, -0.577, 0.057
2017-04-20 10:09:11,883, 1492675751883195914, -0.031, -0.062, 0.023, 0.587, -0.581, -0.024
2017-04-20 10:09:11,885, 1492675751885146707, -0.104, -0.085, 0.05, 0.5, -0.604, -0.024
2017-04-20 10:09:11,887, 1492675751887177574, -0.094, -0.061, -0.068, 0.439, -0.585, 0.0
2017-04-20 10:09:11,889, 1492675751889162610, -0.113, -0.037, -0.086, 0.326, -0.557, -0.053
2017-04-20 10:09:11,891, 1492675751891194101, -0.139, -0.067, 0.061, 0.186, -0.498, -0.081
2017-04-20 10:09:11,893, 1492675751893141348, -0.142, -0.058, -0.02, 0.212, -0.554, -0.021
2017-04-20 10:09:11,895, 1492675751895201825, -0.131, -0.068, -0.087, 0.244, -0.504, -0.013
2017-04-20 10:09:11,897, 1492675751897164114, -0.141, -0.053, -0.002, 0.323, -0.524, -0.053
2017-04-20 10:09:11,899, 1492675751899176026, -0.13, -0.039, 0.045, 0.457, -0.612, -0.041
2017-04-20 10:09:11,905, 1492675751903659345, -0.075, -0.011, -0.007, 0.501, -0.521, 0.016
2017-04-20 10:09:11,905, 1492675751905394534, -0.102, -0.06, 0.067, 0.389, -0.627, 0.016
2017-04-20 10:09:11,914, 1492675751914038668, -0.134, -0.028, 0.042, 0.081, -0.648, -0.069
2017-04-20 10:09:11,915, 1492675751915162029, -0.157, -0.059, 0.013, 0.125, -0.686, -0.057
2017-04-20 10:09:11,917, 1492675751917160929, -0.167, -0.051, 0.002, 0.219, -0.751, -0.013
2017-04-20 10:09:11,919, 1492675751919191406, -0.155, -0.021, 0.041, 0.374, -0.873, -0.033
2017-04-20 10:09:11,921, 1492675751921174833, -0.137, -0.038, 0.062, 0.426, -0.821, -0.032
2017-04-20 10:09:11,923, 1492675751923177303, -0.105, -0.062, 0.061, 0.408, -0.815, 0.0
2017-04-20 10:09:11,925, 1492675751925167103, -0.153, -0.046, 0.074, 0.394, -0.961, -0.033
2017-04-20 10:09:11,927, 1492675751927461574, -0.155, -0.053, 0.091, 0.285, -0.861, -0.053
2017-04-20 10:09:11,929, 1492675751929140195, -0.165, -0.048, 0.039, 0.233, -0.91, -0.081
2017-04-20 10:09:11,931, 1492675751931206745, -0.206, -0.053, 0.046, 0.178, -0.939, -0.041
2017-04-20 10:09:11,933, 1492675751933153974, -0.173, -0.067, 0.079, 0.18, -0.893, -0.005
2017-04-20 10:09:11,935, 1492675751935349635, -0.175, -0.077, 0.063, 0.268, -0.929, -0.016
2017-04-20 10:09:11,940, 1492675751940407685, -0.184, -0.08, 0.097, 0.428, -0.963, -0.021
2017-04-20 10:09:11,942, 1492675751942174125, -0.205, -0.113, 0.083, 0.81, -1.097, 0.0
2017-04-20 10:09:11,944, 1492675751944192166, -0.172, -0.114, 0.097, 0.89, -1.049, -0.024
2017-04-20 10:09:11,946, 1492675751946191921, -0.162, -0.102, 0.155, 0.911, -1.051, 0.003
2017-04-20 10:09:11,948, 1492675751948140202, -0.205, -0.134, 0.107, 0.871, -1.127, 0.041
2017-04-20 10:09:11,950, 1492675751950170471, -0.21, -0.109, 0.082, 0.771, -1.077, 0.041
2017-04-20 10:09:11,952, 1492675751952167672, -0.216, -0.133, 0.079, 0.679, -1.11, -0.053
2017-04-20 10:09:11,954, 1492675751954183729, -0.219, -0.135, 0.112, 0.619, -1.091, -0.024
2017-04-20 10:09:11,956, 1492675751956143504, -0.198, -0.134, 0.069, 0.586, -1.062, -0.069
2017-04-20 10:09:11,958, 1492675751958178275, -0.193, -0.128, 0.074, 0.625, -1.048, -0.005
2017-04-20 10:09:11,960, 1492675751960311116, -0.2, -0.125, 0.076, 0.69, -1.082, -0.061
2017-04-20 10:09:11,962, 1492675751962192712, -0.215, -0.12, 0.042, 0.78, -1.117, 0.065
2017-04-20 10:09:11,964, 1492675751964156915, -0.207, -0.13, 0.007, 0.879, -1.15, 0.073
2017-04-20 10:09:11,966, 1492675751966188305, -0.224, -0.12, 0.031, 0.939, -1.188, 0.044
2017-04-20 10:09:11,968, 1492675751968108184, -0.196, -0.1, 0.077, 0.918, -1.174, -0.008
2017-04-20 10:09:11,972, 1492675751970171082, -0.164, -0.097, 0.097, 0.79, -1.08, 0.016
2017-04-20 10:09:11,973, 1492675751973107778, -0.19, -0.103, 0.082, 0.607, -1.12, -0.081
2017-04-20 10:09:11,978, 1492675751978203965, -0.164, -0.031, 0.089, 0.012, -0.986, 0.02
2017-04-20 10:09:11,980, 1492675751980053187, -0.169, -0.044, 0.123, -0.05, -0.954, -0.045
2017-04-20 10:09:11,986, 1492675751986094488, -0.194, -0.021, 0.072, 0.174, -0.896, -0.097
2017-04-20 10:09:11,987, 1492675751987146944, -0.199, -0.026, 0.1, 0.287, -0.876, -0.114
2017-04-20 10:09:11,989, 1492675751989169900, -0.19, -0.053, 0.109, 0.399, -0.867, -0.021
2017-04-20 10:09:11,992, 1492675751991962192, -0.184, -0.065, 0.091, 0.465, -0.843, 0.02
2017-04-20 10:09:11,994, 1492675751994176222, -0.205, -0.083, 0.1, 0.524, -0.926, 0.044
2017-04-20 10:09:11,996, 1492675751996000314, -0.212, -0.061, 0.101, 0.552, -0.975, 0.033
2017-04-20 10:09:11,997, 1492675751997183818, -0.197, -0.078, 0.096, 0.528, -0.965, -0.008
2017-04-20 10:09:12,000, 1492675751999171479, -0.172, -0.086, 0.116, 0.464, -0.964, -0.078
2017-04-20 10:09:12,006, 1492675752006048533, -0.157, -0.099, 0.15, 0.396, -0.961, -0.086
2017-04-20 10:09:12,010, 1492675752010183844, -0.175, -0.12, 0.115, 0.759, -1.014, 0.0
2017-04-20 10:09:12,012, 1492675752012435075, -0.169, -0.144, 0.116, 0.881, -0.995, 0.02
2017-04-20 10:09:12,014, 1492675752014115149, -0.177, -0.16, 0.076, 1.016, -0.984, -0.021
2017-04-20 10:09:12,022, 1492675752022118760, -0.212, -0.157, 0.083, 0.976, -0.995, 0.093
2017-04-20 10:09:12,024, 1492675752024327471, -0.191, -0.143, 0.084, 0.854, -1.008, 0.069
2017-04-20 10:09:12,026, 1492675752026188010, -0.218, -0.128, 0.08, 0.731, -1.024, 0.012
2017-04-20 10:09:12,028, 1492675752027959732, -0.213, -0.121, 0.066, 0.64, -1.063, -0.016
2017-04-20 10:09:12,030, 1492675752030005572, -0.222, -0.113, 0.077, 0.553, -1.097, -0.089
2017-04-20 10:09:12,038, 1492675752038066189, -0.248, -0.103, 0.082, 0.645, -1.304, -0.008
2017-04-20 10:09:12,039, 1492675752039367642, -0.225, -0.094, 0.083, 0.689, -1.323, 0.0
2017-04-20 10:09:12,044, 1492675752044337692, -0.217, -0.106, 0.083, 0.69, -1.329, -0.013
2017-04-20 10:09:12,046, 1492675752046151876, -0.236, -0.084, 0.078, 0.586, -1.402, -0.057
2017-04-20 10:09:12,048, 1492675752048125816, -0.233, -0.078, 0.085, 0.471, -1.386, -0.033
2017-04-20 10:09:12,050, 1492675752050201331, -0.234, -0.073, 0.094, 0.34, -1.382, -0.041
2017-04-20 10:09:12,052, 1492675752052150270, -0.223, -0.077, 0.11, 0.227, -1.358, -0.024
2017-04-20 10:09:12,054, 1492675752054175052, -0.215, -0.078, 0.106, 0.172, -1.303, -0.029
2017-04-20 10:09:12,056, 1492675752056192717, -0.236, -0.062, 0.086, 0.187, -1.279, -0.049
2017-04-20 10:09:12,058, 1492675752058174015, -0.234, -0.064, 0.073, 0.27, -1.246, -0.089
2017-04-20 10:09:12,060, 1492675752060179754, -0.227, -0.073, 0.072, 0.374, -1.202, -0.073
2017-04-20 10:09:12,062, 1492675752062201124, -0.208, -0.084, 0.073, 0.508, -1.15, -0.016
2017-04-20 10:09:12,064, 1492675752064304283, -0.196, -0.085, 0.051, 0.616, -1.097, 0.008
2017-04-20 10:09:12,070, 1492675752070109453, -0.196, -0.109, 0.034, 0.766, -1.022, 0.036
2017-04-20 10:09:12,071, 1492675752071170999, -0.181, -0.113, -0.004, 0.734, -0.975, -0.029
2017-04-20 10:09:12,078, 1492675752078250078, -0.155, -0.107, 0.006, 0.549, -0.864, -0.061
2017-04-20 10:09:12,080, 1492675752080399124, -0.154, -0.105, -0.009, 0.52, -0.841, -0.024
2017-04-20 10:09:12,082, 1492675752082207281, -0.15, -0.1, -0.004, 0.538, -0.811, 0.012
2017-04-20 10:09:12,089, 1492675752089160640, -0.145, -0.089, 0.007, 0.693, -0.675, -0.013
2017-04-20 10:09:12,091, 1492675752091008858, -0.135, -0.091, 0.002, 0.69, -0.668, -0.029
2017-04-20 10:09:12,094, 1492675752093035486, -0.143, -0.102, -0.005, 0.661, -0.646, -0.024
2017-04-20 10:09:12,095, 1492675752095056103, -0.14, -0.088, -0.025, 0.593, -0.624, 0.0
2017-04-20 10:09:12,097, 1492675752096996740, -0.132, -0.075, -0.007, 0.512, -0.603, 0.028
2017-04-20 10:09:12,099, 1492675752099057206, -0.129, -0.068, 0.01, 0.425, -0.592, -0.005
2017-04-20 10:09:12,101, 1492675752100987697, -0.126, -0.07, 0.002, 0.349, -0.592, -0.024
2017-04-20 10:09:12,103, 1492675752103031955, -0.131, -0.063, -0.002, 0.303, -0.596, -0.029
2017-04-20 10:09:12,110, 1492675752109476680, -0.124, -0.044, -0.012, 0.351, -0.65, -0.021
2017-04-20 10:09:12,114, 1492675752113991855, -0.13, -0.058, -0.042, 0.43, -0.704, 0.0
2017-04-20 10:09:12,118, 1492675752118078610, -0.139, -0.057, -0.032, 0.455, -0.777, -0.013
2017-04-20 10:09:12,119, 1492675752119173196, -0.154, -0.053, -0.07, 0.4, -0.809, 0.036
2017-04-20 10:09:12,121, 1492675752121160253, -0.156, -0.051, -0.058, 0.313, -0.833, 0.182
2017-04-20 10:09:12,124, 1492675752124183994, -0.167, -0.046, -0.076, 0.253, -0.865, 0.166
2017-04-20 10:09:12,126, 1492675752125983283, -0.167, -0.033, -0.069, 0.203, -0.845, 0.114
2017-04-20 10:09:12,127, 1492675752127471802, -0.154, -0.046, -0.068, 0.191, -0.831, 0.101
2017-04-20 10:09:12,130, 1492675752129968494, -0.163, -0.048, -0.061, 0.199, -0.805, 0.105
2017-04-20 10:09:12,131, 1492675752131190250, -0.166, -0.044, -0.054, 0.217, -0.795, 0.085
2017-04-20 10:09:12,133, 1492675752133444622, -0.156, -0.049, -0.053, 0.264, -0.761, 0.069
2017-04-20 10:09:12,136, 1492675752135178026, -0.151, -0.041, -0.051, 0.313, -0.723, 0.049
2017-04-20 10:09:12,146, 1492675752146052447, -0.152, -0.055, -0.049, 0.353, -0.692, 0.02
2017-04-20 10:09:12,148, 1492675752148137109, -0.114, -0.061, -0.038, 0.371, -0.638, 0.008
2017-04-20 10:09:12,149, 1492675752149153203, -0.121, -0.065, -0.046, 0.37, -0.633, 0.016
2017-04-20 10:09:12,151, 1492675752151173373, -0.115, -0.063, -0.051, 0.384, -0.63, 0.016
2017-04-20 10:09:12,158, 1492675752158059947, -0.091, -0.064, -0.089, 0.455, -0.578, 0.024
2017-04-20 10:09:12,161, 1492675752161176260, -0.129, -0.055, -0.034, 0.452, -0.572, 0.003
2017-04-20 10:09:12,163, 1492675752162948965, -0.13, -0.061, -0.066, 0.44, -0.584, 0.028
2017-04-20 10:09:12,164, 1492675752164142663, -0.129, -0.069, -0.089, 0.429, -0.587, 0.003
2017-04-20 10:09:12,165, 1492675752165150382, -0.136, -0.063, -0.044, 0.41, -0.578, 0.016
2017-04-20 10:09:12,167, 1492675752167348052, -0.126, -0.052, 0.04, 0.363, -0.575, 0.012
2017-04-20 10:09:12,169, 1492675752169165381, -0.114, -0.046, -0.048, 0.33, -0.575, 0.024
2017-04-20 10:09:12,171, 1492675752171205125, -0.131, -0.068, -0.096, 0.322, -0.61, 0.069
2017-04-20 10:09:12,178, 1492675752176812247, -0.144, -0.051, -0.01, 0.331, -0.668, 0.06
2017-04-20 10:09:12,182, 1492675752182165284, -0.143, -0.075, -0.021, 0.426, -0.709, 0.13
2017-04-20 10:09:12,183, 1492675752183159108, -0.142, -0.058, -0.079, 0.441, -0.69, 0.097
2017-04-20 10:09:12,186, 1492675752186059803, -0.135, -0.057, -0.141, 0.434, -0.66, 0.109
2017-04-20 10:09:12,188, 1492675752188128944, -0.12, -0.073, -0.048, 0.416, -0.659, 0.105
2017-04-20 10:09:12,190, 1492675752190068919, -0.141, -0.047, -0.032, 0.398, -0.67, 0.117
2017-04-20 10:09:12,198, 1492675752198091789, -0.125, -0.051, -0.038, 0.324, -0.613, -0.016
2017-04-20 10:09:12,199, 1492675752199179535, -0.108, -0.049, -0.101, 0.315, -0.588, 0.012
2017-04-20 10:09:12,206, 1492675752206075309, -0.118, -0.051, -0.051, 0.324, -0.622, -0.049
2017-04-20 10:09:12,207, 1492675752207530771, -0.106, -0.042, -0.08, 0.325, -0.611, 0.02
2017-04-20 10:09:12,210, 1492675752210384103, -0.107, -0.057, -0.016, 0.33, -0.638, 0.036
2017-04-20 10:09:12,212, 1492675752212193745, -0.131, -0.049, -0.02, 0.36, -0.663, 0.008
2017-04-20 10:09:12,214, 1492675752214082426, -0.119, -0.053, -0.07, 0.364, -0.653, 0.028
2017-04-20 10:09:12,222, 1492675752222117037, -0.128, -0.06, -0.082, 0.368, -0.656, 0.065
2017-04-20 10:09:12,223, 1492675752223194233, -0.135, -0.061, -0.075, 0.366, -0.674, 0.06
2017-04-20 10:09:12,226, 1492675752226025742, -0.14, -0.06, -0.036, 0.368, -0.693, 0.081
2017-04-20 10:09:12,228, 1492675752227952093, -0.134, -0.056, -0.072, 0.378, -0.684, 0.097
2017-04-20 10:09:12,230, 1492675752230017617, -0.136, -0.053, -0.081, 0.375, -0.672, 0.109
2017-04-20 10:09:12,232, 1492675752231972722, -0.134, -0.06, -0.064, 0.371, -0.697, 0.089
2017-04-20 10:09:12,234, 1492675752234190167, -0.139, -0.056, -0.064, 0.371, -0.699, 0.069
2017-04-20 10:09:12,237, 1492675752237646005, -0.131, -0.06, -0.071, 0.368, -0.674, 0.097
2017-04-20 10:09:12,239, 1492675752239174381, -0.12, -0.051, -0.048, 0.349, -0.644, 0.041
2017-04-20 10:09:12,240, 1492675752240135028, -0.124, -0.06, -0.057, 0.335, -0.639, 0.016
2017-04-20 10:09:12,241, 1492675752241190766, -0.126, -0.051, -0.057, 0.334, -0.638, 0.012
2017-04-20 10:09:12,244, 1492675752244005695, -0.126, -0.053, -0.067, 0.316, -0.623, 0.012
2017-04-20 10:09:12,250, 1492675752249960983, -0.113, -0.046, -0.031, 0.304, -0.603, 0.0
2017-04-20 10:09:12,252, 1492675752252018308, -0.131, -0.061, -0.047, 0.301, -0.602, -0.005
2017-04-20 10:09:12,253, 1492675752253172158, -0.139, -0.044, -0.052, 0.321, -0.618, -0.024
2017-04-20 10:09:12,255, 1492675752255153554, -0.13, -0.049, -0.046, 0.345, -0.627, 0.016
2017-04-20 10:09:12,257, 1492675752257481675, -0.137, -0.06, -0.075, 0.368, -0.644, 0.033
2017-04-20 10:09:12,259, 1492675752259170571, -0.132, -0.063, -0.065, 0.398, -0.68, 0.036
2017-04-20 10:09:12,262, 1492675752262054054, -0.139, -0.068, -0.077, 0.416, -0.723, 0.049
2017-04-20 10:09:12,263, 1492675752263374940, -0.15, -0.071, -0.091, 0.423, -0.736, 0.06
2017-04-20 10:09:12,265, 1492675752265195650, -0.148, -0.075, -0.099, 0.43, -0.771, 0.081
2017-04-20 10:09:12,267, 1492675752267151726, -0.167, -0.077, -0.087, 0.445, -0.823, 0.097
2017-04-20 10:09:12,269, 1492675752269261936, -0.182, -0.094, -0.092, 0.469, -0.86, 0.097
2017-04-20 10:09:12,271, 1492675752271138424, -0.191, -0.089, -0.122, 0.511, -0.896, 0.097
2017-04-20 10:09:12,273, 1492675752273755117, -0.19, -0.093, -0.098, 0.552, -0.944, 0.081
2017-04-20 10:09:12,275, 1492675752275155291, -0.196, -0.089, -0.092, 0.592, -0.967, 0.077
2017-04-20 10:09:12,282, 1492675752282279887, -0.2, -0.098, -0.107, 0.641, -1.017, 0.041
2017-04-20 10:09:12,284, 1492675752284075600, -0.215, -0.107, -0.107, 0.671, -1.102, -0.065
2017-04-20 10:09:12,286, 1492675752286169588, -0.199, -0.11, -0.111, 0.664, -1.119, -0.078
2017-04-20 10:09:12,288, 1492675752288148682, -0.197, -0.12, -0.105, 0.645, -1.137, -0.045
2017-04-20 10:09:12,290, 1492675752290153345, -0.198, -0.114, -0.106, 0.627, -1.179, 0.0
2017-04-20 10:09:12,292, 1492675752292116981, -0.205, -0.109, -0.116, 0.608, -1.21, 0.06
2017-04-20 10:09:12,294, 1492675752294192046, -0.212, -0.098, -0.125, 0.599, -1.222, 0.065
2017-04-20 10:09:12,296, 1492675752296124699, -0.213, -0.098, -0.124, 0.584, -1.214, 0.0
2017-04-20 10:09:12,298, 1492675752298152969, -0.198, -0.094, -0.102, 0.567, -1.183, -0.033
2017-04-20 10:09:12,300, 1492675752300122771, -0.187, -0.089, -0.124, 0.538, -1.14, -0.065
2017-04-20 10:09:12,302, 1492675752302158027, -0.203, -0.083, -0.115, 0.483, -1.113, -0.045
2017-04-20 10:09:12,304, 1492675752304093954, -0.213, -0.084, -0.127, 0.427, -1.089, -0.049
2017-04-20 10:09:12,306, 1492675752306129731, -0.211, -0.076, -0.127, 0.371, -1.052, 0.003
2017-04-20 10:09:12,308, 1492675752308119604, -0.183, -0.052, -0.132, 0.316, -0.974, 0.024
2017-04-20 10:09:12,310, 1492675752310228263, -0.182, -0.052, -0.111, 0.275, -0.925, -0.016
2017-04-20 10:09:12,312, 1492675752312127747, -0.189, -0.053, -0.111, 0.249, -0.9, -0.033
2017-04-20 10:09:12,315, 1492675752315248461, -0.18, -0.058, -0.122, 0.232, -0.863, -0.053
2017-04-20 10:09:12,317, 1492675752317061444, -0.17, -0.044, -0.137, 0.227, -0.783, -0.065
2017-04-20 10:09:12,318, 1492675752318221481, -0.147, -0.042, -0.105, 0.219, -0.747, -0.021
2017-04-20 10:09:12,320, 1492675752320170708, -0.158, -0.035, -0.113, 0.223, -0.711, 0.008
2017-04-20 10:09:12,322, 1492675752322140605, -0.133, -0.063, -0.12, 0.224, -0.67, 0.044
2017-04-20 10:09:12,324, 1492675752324091003, -0.149, -0.045, -0.137, 0.258, -0.649, 0.012
2017-04-20 10:09:12,326, 1492675752326150996, -0.127, -0.052, -0.126, 0.287, -0.579, -0.029
2017-04-20 10:09:12,328, 1492675752328070931, -0.126, -0.053, -0.121, 0.331, -0.534, -0.037
2017-04-20 10:09:12,330, 1492675752330124912, -0.118, -0.07, -0.125, 0.355, -0.504, -0.049
2017-04-20 10:09:12,332, 1492675752332074413, -0.115, -0.08, -0.118, 0.385, -0.455, -0.024
2017-04-20 10:09:12,338, 1492675752338063853, -0.151, -0.1, -0.133, 0.557, -0.484, 0.052
2017-04-20 10:09:12,339, 1492675752339156995, -0.157, -0.117, -0.127, 0.641, -0.488, 0.049
2017-04-20 10:09:12,345, 1492675752344921941, -0.128, -0.108, -0.131, 0.703, -0.454, -0.016
2017-04-20 10:09:12,346, 1492675752346144598, -0.167, -0.134, -0.139, 0.821, -0.628, -0.008
2017-04-20 10:09:12,348, 1492675752348168543, -0.183, -0.131, -0.165, 0.845, -0.706, 0.036
2017-04-20 10:09:12,350, 1492675752350149657, -0.152, -0.131, -0.125, 0.861, -0.762, 0.0
2017-04-20 10:09:12,352, 1492675752352191031, -0.132, -0.13, -0.101, 0.84, -0.806, 0.069
2017-04-20 10:09:12,354, 1492675752354131326, -0.209, -0.15, -0.161, 0.778, -0.968, 0.328
2017-04-20 10:09:12,356, 1492675752356196144, -0.208, -0.132, -0.189, 0.714, -1.024, 0.56
2017-04-20 10:09:12,358, 1492675752358117569, -0.261, -0.105, -0.202, 0.718, -1.118, 0.592
2017-04-20 10:09:12,360, 1492675752360196703, -0.222, -0.09, -0.161, 0.662, -1.077, 0.515
2017-04-20 10:09:12,362, 1492675752362143572, -0.234, -0.08, -0.176, 0.655, -1.052, 0.539
2017-04-20 10:09:12,364, 1492675752364365210, -0.229, -0.083, -0.183, 0.661, -1.007, 0.547
2017-04-20 10:09:12,366, 1492675752366097097, -0.26, -0.074, -0.162, 0.65, -1.012, 0.49
2017-04-20 10:09:12,368, 1492675752368155304, -0.259, -0.076, -0.162, 0.602, -0.883, 0.32
2017-04-20 10:09:12,370, 1492675752370128651, -0.219, -0.059, -0.16, 0.542, -0.783, 0.227
2017-04-20 10:09:12,372, 1492675752372193386, -0.209, -0.04, -0.134, 0.375, -0.726, 0.268
2017-04-20 10:09:12,374, 1492675752374137278, -0.152, -0.033, -0.108, 0.22, -0.562, 0.333
2017-04-20 10:09:12,376, 1492675752376191470, -0.15, -0.02, -0.176, 0.129, -0.512, 0.247
2017-04-20 10:09:12,378, 1492675752378151716, -0.159, -0.018, -0.179, 0.077, -0.492, 0.171
2017-04-20 10:09:12,380, 1492675752380205172, -0.133, -0.018, -0.171, 0.056, -0.402, 0.203
2017-04-20 10:09:12,385, 1492675752385152125, -0.041, -0.011, -0.207, 0.137, -0.229, 0.133
2017-04-20 10:09:12,387, 1492675752387004051, -0.031, 0.018, -0.165, 0.159, -0.129, 0.114
2017-04-20 10:09:12,389, 1492675752389169611, -0.074, 0.006, -0.21, 0.196, -0.129, 0.117
2017-04-20 10:09:12,391, 1492675752391000927, -0.104, -0.019, -0.232, 0.208, -0.167, 0.142
2017-04-20 10:09:12,393, 1492675752393024243, -0.11, -0.025, -0.212, 0.255, -0.112, 0.097
2017-04-20 10:09:12,395, 1492675752395022504, -0.097, -0.01, -0.167, 0.283, -0.083, 0.125
2017-04-20 10:09:12,397, 1492675752397017001, -0.086, 0.004, -0.205, 0.302, -0.081, 0.26
2017-04-20 10:09:12,399, 1492675752399054069, -0.07, -0.032, -0.206, 0.28, -0.06, 0.304
2017-04-20 10:09:12,401, 1492675752400963442, -0.158, -0.045, -0.196, 0.279, -0.237, 0.357
2017-04-20 10:09:12,403, 1492675752403047523, -0.151, -0.042, -0.191, 0.296, -0.304, 0.462
2017-04-20 10:09:12,405, 1492675752404974538, -0.097, -0.026, -0.26, 0.275, -0.229, 0.487
2017-04-20 10:09:12,407, 1492675752407025410, -0.097, -0.04, -0.245, 0.251, -0.317, 0.52
2017-04-20 10:09:12,409, 1492675752409021651, -0.07, -0.034, -0.152, 0.167, -0.253, 0.539
2017-04-20 10:09:12,412, 1492675752412170117, -0.096, -0.005, -0.339, 0.069, -0.215, 0.564
2017-04-20 10:09:12,414, 1492675752414185780, -0.069, 0.022, -0.246, 0.052, -0.1, 0.471
2017-04-20 10:09:12,416, 1492675752416052564, -0.107, 0.028, -0.235, 0.077, -0.133, 0.49
2017-04-20 10:09:12,417, 1492675752417151435, -0.067, 0.011, -0.269, 0.04, 0.011, 0.479
2017-04-20 10:09:12,419, 1492675752419235947, -0.053, -0.004, -0.334, 0.07, 0.119, 0.434
2017-04-20 10:09:12,421, 1492675752421001527, -0.067, -0.01, -0.281, 0.119, 0.124, 0.466
2017-04-20 10:09:12,423, 1492675752423044483, -0.079, 0.036, -0.233, 0.112, 0.141, 0.409
2017-04-20 10:09:12,425, 1492675752424982708, -0.074, 0.038, -0.327, 0.063, 0.209, 0.377
2017-04-20 10:09:12,427, 1492675752427035880, -0.073, 0.02, -0.312, -0.038, 0.176, 0.503
2017-04-20 10:09:12,429, 1492675752429017759, -0.051, 0.047, -0.2, -0.157, 0.193, 0.547
2017-04-20 10:09:12,433, 1492675752433120351, -0.021, 0.057, -0.309, -0.257, 0.222, 0.503
2017-04-20 10:09:12,438, 1492675752438135609, 0.002, 0.067, -0.223, -0.427, 0.285, 0.511
2017-04-20 10:09:12,440, 1492675752439929289, -0.009, 0.047, -0.309, -0.438, 0.329, 0.564
2017-04-20 10:09:12,441, 1492675752441132636, 0.016, 0.069, -0.244, -0.427, 0.39, 0.515
2017-04-20 10:09:12,443, 1492675752443223017, 0.029, 0.093, -0.158, -0.412, 0.481, 0.49
2017-04-20 10:09:12,448, 1492675752448561048, 0.034, 0.054, -0.289, -0.41, 0.538, 0.393
2017-04-20 10:09:12,450, 1492675752450191367, -0.011, 0.072, -0.224, -0.429, 0.502, 0.482
2017-04-20 10:09:12,452, 1492675752452136848, 0.008, 0.096, -0.318, -0.472, 0.576, 0.466
2017-04-20 10:09:12,458, 1492675752458072455, 0.048, 0.107, -0.229, -0.703, 0.597, 0.434
2017-04-20 10:09:12,459, 1492675752459186643, 0.064, 0.148, -0.319, -0.822, 0.758, 0.43
2017-04-20 10:09:12,461, 1492675752461171440, 0.058, 0.158, -0.347, -0.875, 0.718, 0.422
2017-04-20 10:09:12,463, 1492675752463165192, 0.043, 0.168, -0.236, -0.939, 0.797, 0.43
2017-04-20 10:09:12,465, 1492675752465142540, 0.105, 0.178, -0.319, -0.98, 0.937, 0.325
2017-04-20 10:09:12,467, 1492675752467143877, 0.098, 0.163, -0.342, -0.974, 0.947, 0.353
2017-04-20 10:09:12,469, 1492675752469171925, 0.099, 0.165, -0.251, -1.008, 1.029, 0.406
2017-04-20 10:09:12,471, 1492675752471150548, 0.106, 0.167, -0.316, -0.972, 0.999, 0.333
2017-04-20 10:09:12,473, 1492675752473152751, 0.101, 0.159, -0.314, -0.96, 0.995, 0.304
2017-04-20 10:09:12,475, 1492675752475134287, 0.105, 0.156, -0.302, -0.972, 0.984, 0.349
2017-04-20 10:09:12,477, 1492675752477193812, 0.125, 0.128, -0.319, -0.953, 0.968, 0.409
2017-04-20 10:09:12,480, 1492675752480061442, 0.168, 0.144, -0.307, -1.009, 1.064, 0.369
2017-04-20 10:09:12,481, 1492675752481160121, 0.161, 0.147, -0.291, -1.069, 1.101, 0.353
2017-04-20 10:09:12,484, 1492675752484174594, 0.099, 0.149, -0.314, -1.096, 1.03, 0.369
2017-04-20 10:09:12,486, 1492675752486228458, 0.117, 0.151, -0.346, -1.114, 1.184, 0.333
2017-04-20 10:09:12,488, 1492675752488061962, 0.105, 0.142, -0.374, -1.096, 1.189, 0.3
2017-04-20 10:09:12,489, 1492675752489192253, 0.108, 0.166, -0.378, -1.093, 1.23, 0.393
2017-04-20 10:09:12,492, 1492675752492054344, 0.121, 0.138, -0.376, -1.087, 1.335, 0.349
2017-04-20 10:09:12,494, 1492675752494163291, 0.117, 0.177, -0.383, -1.07, 1.266, 0.414
2017-04-20 10:09:12,495, 1492675752495150354, 0.107, 0.193, -0.384, -1.08, 1.279, 0.357
2017-04-20 10:09:12,497, 1492675752497176483, 0.157, 0.22, -0.314, -1.114, 1.327, 0.39
2017-04-20 10:09:12,499, 1492675752499197111, 0.161, 0.257, -0.333, -1.191, 1.228, 0.446
2017-04-20 10:09:12,501, 1492675752501188678, 0.213, 0.249, -0.32, -1.307, 1.382, 0.373
2017-04-20 10:09:12,503, 1492675752503137259, 0.236, 0.25, -0.282, -1.367, 1.396, 0.39
2017-04-20 10:09:12,505, 1492675752505160077, 0.233, 0.264, -0.318, -1.42, 1.39, 0.341
2017-04-20 10:09:12,507, 1492675752507506262, 0.236, 0.233, -0.317, -1.46, 1.51, 0.309
2017-04-20 10:09:12,509, 1492675752509185050, 0.222, 0.208, -0.332, -1.401, 1.48, 0.271
2017-04-20 10:09:12,511, 1492675752511136838, 0.245, 0.197, -0.314, -1.34, 1.577, 0.215
2017-04-20 10:09:12,513, 1492675752513202705, 0.224, 0.171, -0.358, -1.261, 1.605, 0.271
2017-04-20 10:09:12,515, 1492675752515148086, 0.235, 0.159, -0.374, -1.15, 1.545, 0.32
2017-04-20 10:09:12,521, 1492675752521104617, 0.219, 0.178, -0.349, -1.124, 1.543, 0.263
2017-04-20 10:09:12,523, 1492675752523155542, 0.281, 0.225, -0.298, -1.38, 1.613, 0.381
2017-04-20 10:09:12,525, 1492675752525159864, 0.241, 0.24, -0.288, -1.538, 1.539, 0.373
2017-04-20 10:09:12,526, 1492675752526147730, 0.213, 0.245, -0.244, -1.674, 1.597, 0.406
2017-04-20 10:09:12,528, 1492675752528175541, 0.236, 0.285, -0.219, -1.7, 1.591, 0.406
2017-04-20 10:09:12,531, 1492675752531036664, 0.22, 0.309, -0.191, -1.684, 1.696, 0.288
2017-04-20 10:09:12,537, 1492675752537189597, 0.159, 0.181, -0.236, -1.121, 1.739, 0.373
2017-04-20 10:09:12,539, 1492675752538946819, 0.188, 0.167, -0.274, -0.984, 1.768, 0.328
2017-04-20 10:09:12,541, 1492675752541078132, 0.194, 0.181, -0.148, -0.974, 1.793, 0.141
2017-04-20 10:09:12,543, 1492675752543053118, 0.204, 0.197, -0.138, -0.939, 1.737, 0.179
2017-04-20 10:09:12,550, 1492675752550112379, 0.222, 0.202, -0.195, -1.409, 1.738, 0.247
2017-04-20 10:09:12,551, 1492675752551172594, 0.255, 0.231, -0.242, -1.47, 1.883, 0.353
2017-04-20 10:09:12,557, 1492675752556725503, 0.244, 0.255, -0.192, -1.479, 1.891, 0.235
2017-04-20 10:09:12,560, 1492675752560194193, 0.259, 0.259, -0.136, -1.266, 2.028, 0.171
2017-04-20 10:09:12,562, 1492675752562470345, 0.245, 0.268, -0.137, -1.218, 2.011, 0.13
2017-04-20 10:09:12,564, 1492675752564129764, 0.212, 0.224, -0.228, -1.158, 1.92, 0.198
2017-04-20 10:09:12,565, 1492675752565187294, 0.203, 0.225, -0.201, -1.226, 1.884, 0.239
2017-04-20 10:09:12,567, 1492675752566969395, 0.191, 0.219, -0.163, -1.266, 1.817, 0.312
2017-04-20 10:09:12,568, 1492675752568165851, 0.19, 0.246, -0.128, -1.327, 1.738, 0.369
2017-04-20 10:09:12,570, 1492675752570204946, 0.238, 0.258, -0.185, -1.399, 1.81, 0.309
2017-04-20 10:09:12,572, 1492675752572187335, 0.233, 0.242, -0.198, -1.406, 1.744, 0.32
2017-04-20 10:09:12,578, 1492675752578035109, 0.255, 0.209, -0.187, -1.345, 1.872, 0.117
2017-04-20 10:09:12,579, 1492675752579166107, 0.288, 0.226, -0.187, -1.298, 1.968, 0.049
2017-04-20 10:09:12,581, 1492675752581235999, 0.295, 0.224, -0.132, -1.183, 1.981, 0.101
2017-04-20 10:09:12,583, 1492675752583172343, 0.297, 0.244, -0.184, -1.137, 2.02, 0.133
2017-04-20 10:09:12,588, 1492675752588594737, 0.317, 0.228, -0.226, -1.167, 2.102, 0.154
2017-04-20 10:09:12,590, 1492675752590169590, 0.229, 0.229, -0.159, -1.197, 2.006, 0.077
2017-04-20 10:09:12,592, 1492675752592128157, 0.26, 0.252, -0.218, -1.208, 1.991, 0.162
2017-04-20 10:09:12,594, 1492675752594160318, 0.264, 0.263, -0.158, -1.287, 2.01, 0.207
2017-04-20 10:09:12,596, 1492675752596117613, 0.239, 0.227, -0.124, -1.345, 1.923, 0.203
2017-04-20 10:09:12,598, 1492675752598177181, 0.209, 0.216, -0.138, -1.401, 1.885, 0.174
2017-04-20 10:09:12,600, 1492675752600141670, 0.21, 0.231, -0.101, -1.413, 1.888, 0.187
2017-04-20 10:09:12,602, 1492675752602179518, 0.192, 0.231, -0.126, -1.375, 1.855, 0.122
2017-04-20 10:09:12,604, 1492675752604145000, 0.209, 0.222, -0.082, -1.361, 1.869, 0.073
2017-04-20 10:09:12,606, 1492675752606190762, 0.249, 0.218, -0.034, -1.337, 1.896, 0.077
2017-04-20 10:09:12,608, 1492675752608163065, 0.253, 0.224, -0.08, -1.298, 1.901, 0.101
2017-04-20 10:09:12,610, 1492675752610201812, 0.276, 0.211, -0.079, -1.269, 1.919, 0.069
2017-04-20 10:09:12,612, 1492675752612164345, 0.244, 0.204, -0.069, -1.207, 1.867, 0.036
2017-04-20 10:09:12,618, 1492675752618117751, 0.309, 0.235, -0.105, -1.16, 1.921, 0.069
2017-04-20 10:09:12,619, 1492675752619127667, 0.269, 0.198, -0.075, -1.206, 1.881, 0.089
2017-04-20 10:09:12,624, 1492675752624271353, 0.27, 0.241, -0.105, -1.202, 1.906, 0.081
2017-04-20 10:09:12,626, 1492675752626069680, 0.269, 0.24, -0.102, -1.23, 1.949, 0.044
2017-04-20 10:09:12,628, 1492675752628169537, 0.238, 0.225, -0.094, -1.275, 1.909, 0.052
2017-04-20 10:09:12,630, 1492675752630151936, 0.232, 0.215, -0.097, -1.309, 1.897, 0.093
2017-04-20 10:09:12,632, 1492675752632184606, 0.245, 0.227, -0.106, -1.304, 1.948, 0.122
2017-04-20 10:09:12,634, 1492675752634102985, 0.238, 0.234, -0.108, -1.274, 1.916, 0.089
2017-04-20 10:09:12,636, 1492675752636153594, 0.211, 0.223, -0.077, -1.248, 1.862, 0.077
2017-04-20 10:09:12,638, 1492675752638172909, 0.211, 0.194, -0.089, -1.219, 1.837, 0.101
2017-04-20 10:09:12,640, 1492675752640162389, 0.218, 0.207, -0.089, -1.207, 1.844, 0.109
2017-04-20 10:09:12,642, 1492675752642106524, 0.219, 0.19, -0.081, -1.216, 1.822, 0.089
2017-04-20 10:09:12,646, 1492675752646240403, 0.211, 0.197, -0.052, -1.259, 1.804, 0.085
2017-04-20 10:09:12,648, 1492675752648059771, 0.235, 0.207, -0.055, -1.271, 1.827, 0.097
2017-04-20 10:09:12,649, 1492675752649194075, 0.255, 0.202, -0.062, -1.3, 1.883, 0.085
2017-04-20 10:09:12,651, 1492675752650963293, 0.261, 0.202, -0.048, -1.3, 1.893, 0.069
2017-04-20 10:09:12,653, 1492675752652910246, 0.251, 0.199, -0.035, -1.26, 1.892, 0.085
2017-04-20 10:09:12,655, 1492675752655723733, 0.265, 0.218, -0.029, -1.197, 1.949, 0.065
2017-04-20 10:09:12,658, 1492675752658352452, 0.278, 0.201, -0.047, -1.148, 1.967, 0.085
2017-04-20 10:09:12,660, 1492675752660168964, 0.257, 0.192, -0.003, -1.086, 1.949, 0.049
2017-04-20 10:09:12,662, 1492675752662193821, 0.252, 0.183, -0.007, -1.062, 1.922, 0.06
2017-04-20 10:09:12,664, 1492675752664178286, 0.254, 0.205, -0.048, -1.045, 1.901, 0.052
2017-04-20 10:09:12,666, 1492675752666140894, 0.244, 0.195, -0.036, -1.057, 1.861, 0.077
2017-04-20 10:09:12,668, 1492675752668172103, 0.228, 0.183, -0.027, -1.064, 1.794, 0.138
2017-04-20 10:09:12,678, 1492675752678087076, 0.186, 0.16, -0.059, -0.982, 1.726, 0.097
2017-04-20 10:09:12,679, 1492675752679139949, 0.203, 0.172, -0.066, -0.967, 1.76, 0.093
2017-04-20 10:09:12,681, 1492675752681158749, 0.214, 0.16, -0.073, -0.947, 1.791, 0.101
2017-04-20 10:09:12,683, 1492675752683169867, 0.21, 0.173, -0.074, -0.945, 1.781, 0.109
2017-04-20 10:09:12,688, 1492675752688476233, 0.192, 0.163, -0.058, -0.98, 1.768, 0.146
2017-04-20 10:09:12,690, 1492675752690268639, 0.206, 0.167, -0.065, -1.082, 1.75, 0.141
2017-04-20 10:09:12,692, 1492675752692165621, 0.189, 0.176, -0.059, -1.075, 1.722, 0.138
2017-04-20 10:09:12,694, 1492675752694168285, 0.19, 0.171, -0.058, -1.062, 1.714, 0.182
2017-04-20 10:09:12,696, 1492675752696200390, 0.194, 0.155, -0.068, -1.026, 1.704, 0.174
2017-04-20 10:09:12,698, 1492675752698156220, 0.167, 0.145, -0.063, -0.967, 1.696, 0.141
2017-04-20 10:09:12,700, 1492675752700184283, 0.17, 0.13, -0.057, -0.91, 1.679, 0.117
2017-04-20 10:09:12,702, 1492675752702146637, 0.17, 0.136, -0.062, -0.882, 1.679, 0.141
2017-04-20 10:09:12,704, 1492675752704159188, 0.169, 0.141, -0.06, -0.89, 1.685, 0.125
2017-04-20 10:09:12,706, 1492675752706134911, 0.173, 0.138, -0.062, -0.91, 1.675, 0.133
2017-04-20 10:09:12,708, 1492675752708180445, 0.169, 0.131, -0.06, -0.926, 1.664, 0.141
2017-04-20 10:09:12,710, 1492675752710141657, 0.174, 0.137, -0.049, -0.938, 1.647, 0.166
2017-04-20 10:09:12,712, 1492675752712141392, 0.164, 0.154, -0.054, -0.933, 1.632, 0.141
2017-04-20 10:09:12,714, 1492675752714092379, 0.167, 0.15, -0.064, -0.911, 1.619, 0.154
2017-04-20 10:09:12,716, 1492675752716135562, 0.176, 0.149, -0.039, -0.891, 1.603, 0.182
2017-04-20 10:09:12,718, 1492675752718439492, 0.175, 0.15, -0.046, -0.85, 1.594, 0.166
2017-04-20 10:09:12,720, 1492675752720173115, 0.187, 0.153, -0.065, -0.814, 1.594, 0.146
2017-04-20 10:09:12,726, 1492675752725653720, 0.172, 0.151, -0.061, -0.778, 1.58, 0.154
2017-04-20 10:09:12,727, 1492675752727157219, 0.181, 0.153, -0.047, -0.758, 1.555, 0.154
2017-04-20 10:09:12,729, 1492675752729160008, 0.184, 0.147, -0.047, -0.767, 1.541, 0.162
2017-04-20 10:09:12,731, 1492675752731163549, 0.178, 0.135, -0.037, -0.769, 1.523, 0.154
2017-04-20 10:09:12,733, 1492675752733134784, 0.175, 0.125, -0.051, -0.768, 1.504, 0.133
2017-04-20 10:09:12,735, 1492675752735185481, 0.167, 0.139, -0.053, -0.747, 1.488, 0.146
2017-04-20 10:09:12,746, 1492675752746030863, 0.137, 0.088, -0.07, -0.582, 1.38, 0.19
2017-04-20 10:09:12,747, 1492675752747470177, 0.14, 0.092, -0.062, -0.576, 1.356, 0.207
2017-04-20 10:09:12,749, 1492675752749176104, 0.139, 0.097, -0.066, -0.576, 1.335, 0.187
2017-04-20 10:09:12,751, 1492675752751165403, 0.139, 0.101, -0.083, -0.57, 1.329, 0.215
2017-04-20 10:09:12,753, 1492675752753165839, 0.136, 0.106, -0.073, -0.557, 1.323, 0.227
2017-04-20 10:09:12,755, 1492675752755175433, 0.149, 0.107, -0.056, -0.541, 1.307, 0.19
2017-04-20 10:09:12,758, 1492675752757779729, 0.143, 0.109, -0.074, -0.515, 1.304, 0.187
2017-04-20 10:09:12,760, 1492675752760076623, 0.149, 0.104, -0.086, -0.493, 1.307, 0.182
2017-04-20 10:09:12,761, 1492675752761114941, 0.147, 0.105, -0.099, -0.469, 1.308, 0.162
2017-04-20 10:09:12,763, 1492675752763281689, 0.156, 0.097, -0.112, -0.446, 1.313, 0.174
2017-04-20 10:09:12,765, 1492675752765140336, 0.17, 0.119, -0.049, -0.434, 1.337, 0.154
2017-04-20 10:09:12,768, 1492675752768031355, 0.175, 0.133, -0.057, -0.48, 1.366, 0.171
2017-04-20 10:09:12,774, 1492675752774032719, 0.161, 0.136, 0.003, -0.53, 1.362, 0.146
2017-04-20 10:09:12,775, 1492675752775149750, 0.186, 0.125, -0.059, -0.562, 1.403, 0.146
2017-04-20 10:09:12,777, 1492675752777150498, 0.156, 0.099, -0.036, -0.592, 1.353, 0.146
2017-04-20 10:09:12,779, 1492675752779172196, 0.118, 0.093, 0.026, -0.592, 1.294, 0.15
2017-04-20 10:09:12,781, 1492675752781158817, 0.141, 0.113, -0.031, -0.591, 1.316, 0.138
2017-04-20 10:09:12,783, 1492675752783176576, 0.152, 0.111, -0.039, -0.561, 1.327, 0.158
2017-04-20 10:09:12,788, 1492675752785141318, 0.155, 0.099, 0.021, -0.533, 1.276, 0.15
2017-04-20 10:09:12,789, 1492675752787247871, 0.134, 0.077, -0.015, -0.507, 1.232, 0.162
2017-04-20 10:09:12,790, 1492675752790337353, 0.129, 0.088, -0.071, -0.47, 1.234, 0.198
2017-04-20 10:09:12,792, 1492675752792197459, 0.124, 0.097, -0.053, -0.43, 1.204, 0.179
2017-04-20 10:09:12,794, 1492675752794017061, 0.123, 0.078, -0.052, -0.416, 1.189, 0.195
2017-04-20 10:09:12,796, 1492675752796061904, 0.126, 0.072, -0.095, -0.401, 1.185, 0.231
2017-04-20 10:09:12,797, 1492675752797126910, 0.141, 0.08, -0.073, -0.41, 1.2, 0.252
2017-04-20 10:09:12,799, 1492675752799182967, 0.135, 0.096, -0.062, -0.425, 1.2, 0.174
2017-04-20 10:09:12,801, 1492675752801128395, 0.128, 0.082, -0.098, -0.418, 1.188, 0.162
2017-04-20 10:09:12,803, 1492675752803155659, 0.135, 0.085, -0.091, -0.428, 1.205, 0.171
2017-04-20 10:09:12,806, 1492675752805860023, 0.139, 0.094, -0.062, -0.462, 1.24, 0.166
2017-04-20 10:09:12,807, 1492675752807460589, 0.146, 0.09, -0.063, -0.467, 1.252, 0.125
2017-04-20 10:09:12,809, 1492675752809156032, 0.148, 0.107, -0.073, -0.445, 1.259, 0.117
2017-04-20 10:09:12,811, 1492675752811185404, 0.139, 0.116, -0.057, -0.423, 1.262, 0.133
2017-04-20 10:09:12,813, 1492675752813162077, 0.145, 0.106, -0.057, -0.417, 1.269, 0.122
2017-04-20 10:09:12,815, 1492675752815157253, 0.144, 0.095, -0.068, -0.389, 1.263, 0.117
2017-04-20 10:09:12,817, 1492675752817127850, 0.142, 0.093, -0.053, -0.365, 1.237, 0.13
2017-04-20 10:09:12,819, 1492675752819195453, 0.149, 0.106, -0.042, -0.354, 1.222, 0.154
2017-04-20 10:09:12,821, 1492675752821136321, 0.144, 0.089, -0.046, -0.352, 1.201, 0.162
2017-04-20 10:09:12,823, 1492675752823290275, 0.133, 0.082, -0.044, -0.365, 1.166, 0.174
2017-04-20 10:09:12,829, 1492675752829004111, 0.12, 0.073, -0.019, -0.384, 1.139, 0.227
2017-04-20 10:09:12,830, 1492675752830198994, 0.123, 0.073, -0.03, -0.405, 1.112, 0.223
2017-04-20 10:09:12,832, 1492675752832140689, 0.118, 0.064, -0.027, -0.406, 1.102, 0.26
2017-04-20 10:09:12,835, 1492675752835198122, 0.132, 0.078, -0.047, -0.404, 1.124, 0.231
2017-04-20 10:09:12,841, 1492675752841139303, 0.126, 0.09, -0.056, -0.386, 1.185, 0.166
2017-04-20 10:09:12,842, 1492675752842192825, 0.123, 0.087, -0.054, -0.394, 1.2, 0.138
2017-04-20 10:09:12,845, 1492675752844973597, 0.12, 0.095, -0.049, -0.405, 1.214, 0.114
2017-04-20 10:09:12,847, 1492675752847016735, 0.133, 0.092, -0.049, -0.408, 1.228, 0.122
2017-04-20 10:09:12,849, 1492675752849149727, 0.15, 0.098, -0.054, -0.404, 1.236, 0.101
2017-04-20 10:09:12,851, 1492675752850983902, 0.154, 0.103, -0.076, -0.403, 1.246, 0.093
2017-04-20 10:09:12,853, 1492675752852969871, 0.146, 0.093, -0.081, -0.392, 1.231, 0.093
2017-04-20 10:09:12,856, 1492675752856439072, 0.148, 0.089, -0.072, -0.37, 1.218, 0.146
2017-04-20 10:09:12,859, 1492675752858773833, 0.156, 0.088, -0.062, -0.338, 1.212, 0.138
2017-04-20 10:09:12,860, 1492675752860198360, 0.138, 0.095, -0.074, -0.322, 1.194, 0.15
2017-04-20 10:09:12,862, 1492675752862039315, 0.126, 0.086, -0.077, -0.308, 1.185, 0.166
2017-04-20 10:09:12,863, 1492675752863238066, 0.118, 0.082, -0.073, -0.304, 1.168, 0.195
2017-04-20 10:09:12,865, 1492675752865478054, 0.107, 0.078, -0.06, -0.304, 1.162, 0.198
2017-04-20 10:09:12,867, 1492675752867204228, 0.115, 0.076, -0.072, -0.326, 1.162, 0.215
2017-04-20 10:09:12,869, 1492675752869153253, 0.121, 0.082, -0.058, -0.348, 1.154, 0.227
2017-04-20 10:09:12,871, 1492675752871231119, 0.126, 0.084, -0.055, -0.369, 1.148, 0.223
2017-04-20 10:09:12,874, 1492675752873945087, 0.117, 0.083, -0.053, -0.382, 1.144, 0.235
2017-04-20 10:09:12,875, 1492675752875164054, 0.116, 0.079, -0.053, -0.396, 1.139, 0.255
2017-04-20 10:09:12,877, 1492675752876987441, 0.129, 0.081, -0.044, -0.394, 1.144, 0.231
2017-04-20 10:09:12,879, 1492675752879046627, 0.133, 0.085, -0.042, -0.374, 1.166, 0.215
2017-04-20 10:09:12,886, 1492675752886102770, 0.136, 0.088, -0.055, -0.332, 1.202, 0.162
2017-04-20 10:09:12,888, 1492675752887997267, 0.157, 0.093, -0.066, -0.34, 1.217, 0.141
2017-04-20 10:09:12,890, 1492675752889950218, 0.15, 0.089, -0.051, -0.355, 1.231, 0.138
2017-04-20 10:09:12,892, 1492675752892643824, 0.144, 0.086, -0.042, -0.379, 1.228, 0.146
2017-04-20 10:09:12,895, 1492675752895199898, 0.145, 0.095, -0.064, -0.39, 1.217, 0.13
2017-04-20 10:09:12,897, 1492675752897076924, 0.13, 0.088, -0.05, -0.394, 1.186, 0.133
2017-04-20 10:09:12,898, 1492675752898394874, 0.129, 0.078, -0.055, -0.382, 1.171, 0.166
2017-04-20 10:09:12,900, 1492675752900172587, 0.116, 0.074, -0.061, -0.364, 1.151, 0.182
2017-04-20 10:09:12,902, 1492675752901946676, 0.116, 0.064, -0.062, -0.34, 1.13, 0.179
2017-04-20 10:09:12,903, 1492675752903180727, 0.121, 0.062, -0.061, -0.319, 1.092, 0.207
2017-04-20 10:09:12,906, 1492675752906012305, 0.093, 0.058, -0.069, -0.287, 1.062, 0.231
2017-04-20 10:09:12,908, 1492675752908011905, 0.08, 0.048, -0.085, -0.248, 1.021, 0.235
2017-04-20 10:09:12,910, 1492675752909977206, 0.071, 0.047, -0.076, -0.221, 1.001, 0.26
2017-04-20 10:09:12,912, 1492675752911978527, 0.079, 0.046, -0.085, -0.201, 1.007, 0.263
2017-04-20 10:09:12,914, 1492675752913956121, 0.078, 0.037, -0.088, -0.182, 0.994, 0.252
2017-04-20 10:09:12,916, 1492675752915981635, 0.084, 0.042, -0.084, -0.168, 0.981, 0.243
2017-04-20 10:09:12,918, 1492675752917979125, 0.068, 0.043, -0.103, -0.158, 0.995, 0.223
2017-04-20 10:09:12,920, 1492675752919987866, 0.087, 0.047, -0.105, -0.157, 1.018, 0.198
2017-04-20 10:09:12,931, 1492675752930140330, 0.092, 0.053, -0.101, -0.17, 1.038, 0.187
2017-04-20 10:09:12,932, 1492675752932198088, 0.088, 0.06, -0.109, -0.177, 1.089, 0.146
2017-04-20 10:09:12,938, 1492675752938054978, 0.09, 0.044, -0.089, -0.155, 1.056, 0.187
2017-04-20 10:09:12,939, 1492675752939181952, 0.089, 0.058, -0.126, -0.157, 1.047, 0.187
2017-04-20 10:09:12,941, 1492675752941143177, 0.073, 0.038, -0.122, -0.162, 1.035, 0.211
2017-04-20 10:09:12,943, 1492675752943137334, 0.071, 0.04, -0.112, -0.167, 1.001, 0.235
2017-04-20 10:09:12,945, 1492675752945146825, 0.083, 0.037, -0.129, -0.161, 1.001, 0.247
2017-04-20 10:09:12,947, 1492675752947176689, 0.065, 0.046, -0.159, -0.143, 0.983, 0.276
2017-04-20 10:09:12,949, 1492675752949126204, 0.081, 0.044, -0.144, -0.136, 0.983, 0.276
2017-04-20 10:09:12,951, 1492675752951188754, 0.071, 0.044, -0.168, -0.111, 0.98, 0.26
2017-04-20 10:09:12,954, 1492675752954052294, 0.075, 0.048, -0.19, -0.1, 0.992, 0.26
2017-04-20 10:09:12,955, 1492675752955179743, 0.098, 0.053, -0.188, -0.1, 1.009, 0.284
2017-04-20 10:09:12,957, 1492675752957159714, 0.086, 0.056, -0.182, -0.1, 1.019, 0.26
2017-04-20 10:09:12,964, 1492675752964472553, 0.087, 0.047, -0.21, -0.095, 1.018, 0.247
2017-04-20 10:09:12,966, 1492675752966129408, 0.096, 0.046, -0.252, -0.091, 1.053, 0.255
2017-04-20 10:09:12,968, 1492675752968176891, 0.122, 0.05, -0.216, -0.081, 1.07, 0.252
2017-04-20 10:09:12,970, 1492675752970137094, 0.122, 0.062, -0.226, -0.07, 1.065, 0.268
2017-04-20 10:09:12,972, 1492675752972160275, 0.108, 0.045, -0.27, -0.061, 1.052, 0.243
2017-04-20 10:09:12,974, 1492675752974126039, 0.119, 0.037, -0.284, -0.036, 1.04, 0.239
2017-04-20 10:09:12,976, 1492675752976162125, 0.11, 0.038, -0.247, -0.015, 1.03, 0.239
2017-04-20 10:09:12,978, 1492675752978144213, 0.114, 0.049, -0.277, 0.004, 1.013, 0.26
2017-04-20 10:09:12,980, 1492675752980140393, 0.14, 0.063, -0.286, -0.011, 1.063, 0.215
2017-04-20 10:09:12,982, 1492675752982189361, 0.124, 0.052, -0.27, -0.011, 1.022, 0.26
2017-04-20 10:09:12,984, 1492675752984112562, 0.115, 0.069, -0.272, -0.035, 1.044, 0.247
2017-04-20 10:09:12,986, 1492675752986109060, 0.109, 0.067, -0.319, -0.023, 1.046, 0.198
2017-04-20 10:09:12,988, 1492675752988183778, 0.131, 0.087, -0.272, -0.038, 1.054, 0.179
2017-04-20 10:09:12,990, 1492675752990142126, 0.147, 0.099, -0.225, -0.068, 1.112, 0.114
2017-04-20 10:09:12,992, 1492675752992153888, 0.141, 0.103, -0.219, -0.113, 1.123, 0.06
2017-04-20 10:09:12,994, 1492675752994144643, 0.105, 0.093, -0.263, -0.177, 1.119, 0.052
2017-04-20 10:09:12,996, 1492675752996195177, 0.072, 0.082, -0.262, -0.202, 1.131, 0.133
2017-04-20 10:09:13,001, 1492675753001023097, 0.122, 0.13, -0.274, -0.231, 1.234, 0.141
2017-04-20 10:09:13,002, 1492675753002165820, 0.165, 0.14, -0.27, -0.341, 1.367, 0.125
2017-04-20 10:09:13,004, 1492675753004164836, 0.123, 0.11, -0.301, -0.325, 1.35, 0.138
2017-04-20 10:09:13,007, 1492675753006996809, 0.122, 0.132, -0.292, -0.282, 1.378, 0.114
2017-04-20 10:09:13,009, 1492675753009000598, 0.151, 0.146, -0.256, -0.276, 1.422, 0.109
2017-04-20 10:09:13,010, 1492675753010164621, 0.142, 0.136, -0.33, -0.302, 1.405, 0.15
2017-04-20 10:09:13,012, 1492675753012144133, 0.144, 0.112, -0.389, -0.297, 1.429, 0.141
2017-04-20 10:09:13,014, 1492675753014220040, 0.187, 0.117, -0.342, -0.343, 1.51, 0.158
2017-04-20 10:09:13,016, 1492675753016089763, 0.152, 0.143, -0.308, -0.412, 1.489, 0.211
2017-04-20 10:09:13,018, 1492675753018149182, 0.134, 0.137, -0.388, -0.36, 1.497, 0.125
2017-04-20 10:09:13,020, 1492675753020134303, 0.167, 0.163, -0.39, -0.328, 1.536, 0.089
2017-04-20 10:09:13,022, 1492675753022175331, 0.184, 0.144, -0.321, -0.335, 1.511, 0.117
2017-04-20 10:09:13,024, 1492675753024178980, 0.152, 0.108, -0.371, -0.373, 1.496, 0.146
2017-04-20 10:09:13,030, 1492675753030226897, 0.149, 0.161, -0.369, -0.302, 1.457, 0.105
2017-04-20 10:09:13,032, 1492675753032146033, 0.172, 0.153, -0.439, -0.311, 1.483, 0.133
2017-04-20 10:09:13,034, 1492675753034464200, 0.205, 0.159, -0.414, -0.371, 1.539, 0.215
2017-04-20 10:09:13,036, 1492675753036113998, 0.205, 0.153, -0.387, -0.352, 1.554, 0.182
2017-04-20 10:09:13,038, 1492675753038145569, 0.222, 0.192, -0.432, -0.356, 1.604, 0.179
2017-04-20 10:09:13,040, 1492675753040142468, 0.23, 0.196, -0.42, -0.458, 1.683, 0.219
2017-04-20 10:09:13,042, 1492675753042184767, 0.222, 0.186, -0.423, -0.545, 1.694, 0.252
2017-04-20 10:09:13,044, 1492675753044116432, 0.22, 0.178, -0.43, -0.639, 1.748, 0.279
2017-04-20 10:09:13,046, 1492675753046216237, 0.25, 0.192, -0.414, -0.719, 1.792, 0.341
2017-04-20 10:09:13,048, 1492675753048113483, 0.269, 0.222, -0.456, -0.735, 1.845, 0.3
2017-04-20 10:09:13,050, 1492675753050165397, 0.272, 0.22, -0.426, -0.765, 1.899, 0.276
2017-04-20 10:09:13,052, 1492675753052116869, 0.206, 0.205, -0.447, -0.757, 1.797, 0.279
2017-04-20 10:09:13,054, 1492675753054145284, 0.224, 0.216, -0.506, -0.764, 1.876, 0.223
2017-04-20 10:09:13,056, 1492675753056137053, 0.241, 0.205, -0.477, -0.792, 1.914, 0.255
2017-04-20 10:09:13,058, 1492675753058173752, 0.247, 0.215, -0.381, -0.821, 1.909, 0.235
2017-04-20 10:09:13,060, 1492675753060121398, 0.255, 0.219, -0.458, -0.857, 1.962, 0.195
2017-04-20 10:09:13,069, 1492675753069501765, 0.288, 0.237, -0.462, -0.848, 1.986, 0.26
2017-04-20 10:09:13,071, 1492675753071152749, 0.428, 0.307, -0.481, -1.086, 2.195, 0.369
2017-04-20 10:09:13,073, 1492675753073187473, 0.455, 0.315, -0.552, -1.172, 2.245, 0.284
2017-04-20 10:09:13,078, 1492675753078070385, 0.391, 0.325, -0.556, -1.152, 2.057, 0.446
2017-04-20 10:09:13,079, 1492675753079168153, 0.394, 0.318, -0.628, -1.145, 2.116, 0.442
2017-04-20 10:09:13,081, 1492675753081152642, 0.402, 0.316, -0.741, -1.222, 2.167, 0.438
2017-04-20 10:09:13,083, 1492675753083166739, 0.389, 0.318, -0.61, -1.322, 2.154, 0.625
2017-04-20 10:09:13,085, 1492675753085128455, 0.371, 0.334, -0.52, -1.416, 2.107, 0.937
2017-04-20 10:09:13,088, 1492675753087981437, 0.329, 0.302, -0.499, -1.773, 2.242, 0.856
2017-04-20 10:09:13,089, 1492675753089146230, 0.282, 0.326, -0.476, -2.08, 2.293, 1.116
2017-04-20 10:09:13,091, 1492675753091147298, 0.325, 0.351, -0.343, -2.292, 2.481, 1.267
2017-04-20 10:09:13,093, 1492675753093146762, 0.51, 0.459, -0.616, -2.462, 2.838, 1.197
2017-04-20 10:09:13,101, 1492675753101254256, 0.601, 0.49, -0.602, -2.478, 2.92, 0.848
2017-04-20 10:09:13,103, 1492675753103083713, 0.356, 0.361, -0.636, -2.115, 2.363, 1.067
2017-04-20 10:09:13,110, 1492675753110101516, 0.507, 0.405, -0.522, -2.306, 2.631, 1.096
2017-04-20 10:09:13,111, 1492675753111125011, 0.492, 0.412, -0.476, -2.394, 2.667, 1.007
2017-04-20 10:09:13,115, 1492675753115183731, 0.521, 0.466, -0.899, -2.361, 2.723, 0.86
2017-04-20 10:09:13,117, 1492675753116977436, 0.519, 0.496, -0.759, -2.279, 2.617, 0.97
2017-04-20 10:09:13,118, 1492675753118169310, 0.484, 0.465, -0.772, -2.23, 2.465, 1.056
2017-04-20 10:09:13,120, 1492675753119956637, 0.482, 0.459, -0.87, -2.244, 2.461, 1.088
2017-04-20 10:09:13,121, 1492675753121187565, 0.441, 0.446, -0.893, -2.118, 2.406, 1.043
2017-04-20 10:09:13,124, 1492675753124131197, 0.403, 0.45, -0.929, -1.782, 2.28, 0.954
2017-04-20 10:09:13,125, 1492675753125149290, 0.478, 0.456, -1.076, -1.706, 2.367, 0.909
2017-04-20 10:09:13,127, 1492675753127162748, 0.568, 0.449, -1.157, -1.723, 2.455, 0.982
2017-04-20 10:09:13,136, 1492675753132698094, 0.644, 0.471, -1.142, -1.769, 2.506, 1.059
2017-04-20 10:09:13,138, 1492675753138173444, 0.44, 0.363, -1.97, -1.513, 1.986, 0.649
2017-04-20 10:09:13,140, 1492675753139983836, 0.387, 0.338, -1.972, -1.427, 1.884, 0.568
2017-04-20 10:09:13,142, 1492675753142006480, 0.412, 0.314, -1.967, -1.302, 1.945, 0.739
2017-04-20 10:09:13,144, 1492675753144039640, 0.469, 0.35, -1.956, -1.401, 2.161, 0.896
2017-04-20 10:09:13,146, 1492675753146034847, 0.434, 0.357, -1.982, -1.447, 2.207, 0.788
2017-04-20 10:09:13,148, 1492675753148039779, 0.407, 0.351, -1.956, -1.447, 2.292, 0.714
2017-04-20 10:09:13,150, 1492675753150018249, 0.325, 0.334, -1.99, -1.449, 2.264, 0.828
2017-04-20 10:09:13,152, 1492675753152074310, 0.282, 0.318, -1.998, -1.499, 2.286, 0.824
2017-04-20 10:09:13,154, 1492675753154151951, 0.29, 0.331, -1.997, -1.592, 2.358, 0.722
2017-04-20 10:09:13,166, 1492675753164930377, 0.239, 0.288, -2.045, -1.674, 2.325, 0.796
2017-04-20 10:09:13,167, 1492675753167149542, 0.394, 0.279, -2.038, -1.582, 2.439, 0.929
2017-04-20 10:09:13,169, 1492675753169177158, 0.461, 0.291, -2.011, -1.609, 2.479, 1.08
2017-04-20 10:09:13,171, 1492675753170976786, 0.491, 0.309, -2.012, -1.652, 2.44, 1.156
2017-04-20 10:09:13,172, 1492675753172480209, 0.484, 0.332, -2.007, -1.679, 2.392, 0.937
2017-04-20 10:09:13,174, 1492675753174125202, 0.431, 0.364, -1.993, -1.704, 2.205, 0.82
2017-04-20 10:09:13,176, 1492675753176164177, 0.391, 0.366, -2.027, -1.649, 2.134, 0.885
2017-04-20 10:09:13,178, 1492675753178147781, 0.447, 0.369, -2.034, -1.566, 2.191, 0.893
2017-04-20 10:09:13,180, 1492675753180173415, 0.481, 0.311, -2.025, -1.44, 2.209, 0.726
2017-04-20 10:09:13,182, 1492675753182132681, 0.44, 0.286, -2.022, -1.345, 2.061, 0.763
2017-04-20 10:09:13,184, 1492675753184208712, 0.385, 0.234, -2.047, -1.201, 1.962, 0.796
2017-04-20 10:09:13,186, 1492675753186125617, 0.3, 0.231, -2.044, -1.3, 1.806, 0.791
2017-04-20 10:09:13,193, 1492675753193284550, 0.203, 0.282, -2.085, -1.672, 1.892, 0.852
2017-04-20 10:09:13,195, 1492675753195146387, 0.261, 0.275, -2.061, -1.663, 2.044, 0.848
2017-04-20 10:09:13,197, 1492675753197453912, 0.31, 0.223, -2.074, -1.562, 2.257, 0.755
2017-04-20 10:09:13,199, 1492675753199137344, 0.354, 0.238, -2.081, -1.575, 2.367, 0.775
2017-04-20 10:09:13,205, 1492675753205051575, 0.358, 0.263, -2.1, -1.601, 2.382, 0.771
2017-04-20 10:09:13,206, 1492675753206137359, 0.309, 0.342, -2.114, -1.665, 2.042, 0.799
2017-04-20 10:09:13,208, 1492675753208138022, 0.277, 0.289, -2.132, -1.542, 1.96, 0.896
2017-04-20 10:09:13,210, 1492675753210155827, 0.282, 0.27, -2.13, -1.473, 1.93, 0.869
2017-04-20 10:09:13,212, 1492675753212177505, 0.313, 0.237, -2.12, -1.353, 2.014, 0.942
2017-04-20 10:09:13,214, 1492675753214116619, 0.338, 0.219, -2.116, -1.253, 2.071, 0.954
2017-04-20 10:09:13,216, 1492675753216190726, 0.316, 0.216, -2.117, -1.219, 2.068, 0.877
2017-04-20 10:09:13,218, 1492675753218141934, 0.282, 0.218, -2.113, -1.299, 2.044, 0.864
2017-04-20 10:09:13,220, 1492675753220115913, 0.241, 0.237, -2.127, -1.356, 2.02, 0.836
2017-04-20 10:09:13,223, 1492675753222940126, 0.262, 0.228, -2.123, -1.371, 2.101, 0.771
2017-04-20 10:09:13,224, 1492675753224155189, 0.264, 0.248, -2.116, -1.498, 2.166, 0.718
2017-04-20 10:09:13,226, 1492675753226193284, 0.264, 0.229, -2.123, -1.481, 2.218, 0.734
2017-04-20 10:09:13,232, 1492675753232523858, 0.285, 0.224, -2.148, -1.503, 2.275, 0.763
2017-04-20 10:09:13,238, 1492675753234168529, 0.341, 0.265, -2.154, -1.438, 2.311, 0.864
2017-04-20 10:09:13,240, 1492675753239976511, 0.364, 0.26, -2.16, -1.361, 2.208, 0.958
2017-04-20 10:09:13,242, 1492675753241970342, 0.35, 0.249, -2.164, -1.308, 2.138, 0.942
2017-04-20 10:09:13,244, 1492675753244070985, 0.33, 0.244, -2.148, -1.263, 2.008, 0.888
2017-04-20 10:09:13,246, 1492675753245924318, 0.28, 0.246, -2.146, -1.248, 1.891, 0.877
2017-04-20 10:09:13,248, 1492675753248140835, 0.246, 0.232, -2.162, -1.213, 1.827, 0.877
2017-04-20 10:09:13,250, 1492675753250075986, 0.24, 0.199, -2.161, -1.142, 1.787, 0.84
2017-04-20 10:09:13,252, 1492675753252041378, 0.234, 0.164, -2.159, -1.091, 1.781, 0.783
2017-04-20 10:09:13,254, 1492675753253978591, 0.212, 0.156, -2.162, -1.08, 1.784, 0.747
2017-04-20 10:09:13,255, 1492675753255164057, 0.215, 0.17, -2.158, -1.11, 1.822, 0.734
2017-04-20 10:09:13,258, 1492675753257947576, 0.225, 0.176, -2.173, -1.151, 1.862, 0.685
2017-04-20 10:09:13,260, 1492675753259998928, 0.213, 0.204, -2.187, -1.196, 1.854, 0.677
2017-04-20 10:09:13,262, 1492675753261982359, 0.219, 0.203, -2.183, -1.208, 1.837, 0.702
2017-04-20 10:09:13,264, 1492675753263978723, 0.219, 0.204, -2.151, -1.213, 1.799, 0.75
2017-04-20 10:09:13,266, 1492675753265965270, 0.23, 0.204, -2.13, -1.178, 1.807, 0.755
2017-04-20 10:09:13,268, 1492675753268220812, 0.253, 0.21, -2.13, -1.153, 1.796, 0.742
2017-04-20 10:09:13,273, 1492675753273118689, 0.244, 0.215, -2.126, -1.188, 1.777, 0.775
2017-04-20 10:09:13,275, 1492675753274963318, 0.269, 0.236, -2.13, -1.212, 1.796, 0.807
2017-04-20 10:09:13,277, 1492675753276979177, 0.264, 0.229, -2.134, -1.223, 1.81, 0.828
2017-04-20 10:09:13,278, 1492675753278174859, 0.261, 0.205, -2.148, -1.214, 1.812, 0.836
2017-04-20 10:09:13,281, 1492675753280944352, 0.245, 0.214, -2.153, -1.219, 1.802, 0.836
2017-04-20 10:09:13,283, 1492675753283023262, 0.238, 0.225, -2.143, -1.233, 1.799, 0.84
2017-04-20 10:09:13,285, 1492675753284955716, 0.229, 0.219, -2.14, -1.234, 1.787, 0.815
2017-04-20 10:09:13,287, 1492675753287019712, 0.235, 0.221, -2.12, -1.243, 1.769, 0.807
2017-04-20 10:09:13,290, 1492675753290148315, 0.232, 0.224, -2.118, -1.255, 1.751, 0.779
2017-04-20 10:09:13,291, 1492675753291165062, 0.23, 0.231, -2.114, -1.247, 1.749, 0.775
2017-04-20 10:09:13,293, 1492675753293098623, 0.232, 0.233, -2.113, -1.244, 1.746, 0.766
2017-04-20 10:09:13,295, 1492675753295197161, 0.233, 0.241, -2.109, -1.243, 1.735, 0.783
2017-04-20 10:09:13,297, 1492675753296955023, 0.233, 0.241, -2.121, -1.248, 1.72, 0.791
2017-04-20 10:09:13,299, 1492675753299166909, 0.241, 0.25, -2.122, -1.233, 1.707, 0.804
2017-04-20 10:09:13,304, 1492675753304483057, 0.238, 0.24, -2.117, -1.223, 1.696, 0.815
2017-04-20 10:09:13,306, 1492675753306173147, 0.224, 0.231, -2.109, -1.213, 1.638, 0.832
2017-04-20 10:09:13,308, 1492675753308122696, 0.223, 0.218, -2.123, -1.183, 1.617, 0.828
2017-04-20 10:09:13,310, 1492675753310151200, 0.232, 0.207, -2.124, -1.152, 1.595, 0.815
2017-04-20 10:09:13,312, 1492675753312413614, 0.229, 0.223, -2.115, -1.183, 1.603, 0.852
2017-04-20 10:09:13,314, 1492675753314180719, 0.209, 0.202, -2.12, -1.166, 1.552, 0.828
2017-04-20 10:09:13,316, 1492675753316152111, 0.18, 0.171, -2.138, -1.086, 1.478, 0.832
2017-04-20 10:09:13,318, 1492675753318140197, 0.176, 0.188, -2.138, -1.075, 1.47, 0.824
2017-04-20 10:09:13,320, 1492675753320145690, 0.206, 0.199, -2.138, -1.102, 1.492, 0.832
2017-04-20 10:09:13,322, 1492675753322179867, 0.2, 0.203, -2.141, -1.05, 1.491, 0.804
2017-04-20 10:09:13,324, 1492675753324135287, 0.191, 0.174, -2.136, -0.998, 1.462, 0.804
2017-04-20 10:09:13,326, 1492675753326167096, 0.205, 0.182, -2.109, -1.002, 1.455, 0.824
2017-04-20 10:09:13,328, 1492675753328117551, 0.204, 0.183, -2.124, -0.98, 1.469, 0.796
2017-04-20 10:09:13,330, 1492675753330476775, 0.204, 0.188, -2.114, -0.96, 1.476, 0.775
2017-04-20 10:09:13,340, 1492675753340746581, 0.213, 0.197, -2.101, -0.951, 1.52, 0.788
2017-04-20 10:09:13,342, 1492675753342144465, 0.234, 0.185, -2.102, -0.935, 1.587, 0.788
2017-04-20 10:09:13,344, 1492675753344128478, 0.237, 0.204, -2.103, -0.959, 1.634, 0.796
2017-04-20 10:09:13,346, 1492675753346171081, 0.231, 0.199, -2.109, -0.98, 1.638, 0.8