2017-04-20 10:11:08,939, 1492675868939538380, 0.051, 0.048, -0.018, -0.43, 0.414, 0.004
2017-04-20 10:11:08,942, 1492675868941689369, 0.056, 0.037, -0.008, -0.374, 0.449, 0.0
2017-04-20 10:11:08,943, 1492675868943422073, 0.04, 0.047, -0.011, -0.293, 0.468, 0.008
2017-04-20 10:11:08,945, 1492675868945366686, 0.042, 0.031, 0.002, -0.217, 0.466, 0.02
2017-04-20 10:11:08,947, 1492675868947286747, 0.032, 0.023, 0.003, -0.131, 0.46, 0.02
2017-04-20 10:11:08,949, 1492675868949663171, 0.035, 0.01, 0.008, -0.051, 0.446, 0.033
2017-04-20 10:11:08,951, 1492675868951399801, 0.027, -0.002, -0.004, 0.045, 0.4, 0.028
2017-04-20 10:11:08,953, 1492675868953526359, 0.035, -0.006, 0.001, 0.115, 0.358, 0.024
2017-04-20 10:11:08,955, 1492675868955417704, 0.025, -0.025, -0.005, 0.196, 0.295, 0.017
2017-04-20 10:11:08,957, 1492675868957330215, 0.02, -0.028, -0.014, 0.249, 0.236, 0.036
2017-04-20 10:11:08,959, 1492675868959353770, 0.017, -0.034, -0.024, 0.304, 0.148, 0.028
2017-04-20 10:11:08,961, 1492675868961345613, 0.013, -0.026, -0.037, 0.343, 0.078, 0.012
2017-04-20 10:11:08,963, 1492675868963277158, 0.004, -0.029, -0.035, 0.348, 0.002, 0.025
2017-04-20 10:11:08,965, 1492675868965373236, -0.005, -0.036, -0.027, 0.333, -0.075, 0.025
2017-04-20 10:11:08,975, 1492675868972842406, -0.018, -0.006, -0.025, 0.197, -0.239, 0.0
2017-04-20 10:11:08,975, 1492675868974511351, -0.036, 0.011, -0.004, -0.011, -0.341, -0.037
2017-04-20 10:11:08,981, 1492675868976472256, -0.046, 0.023, 0.007, -0.1, -0.371, -0.012
2017-04-20 10:11:08,981, 1492675868978510114, -0.054, 0.02, 0.018, -0.177, -0.387, -0.024
2017-04-20 10:11:08,982, 1492675868980407638, -0.051, 0.031, 0.037, -0.239, -0.411, -0.037
2017-04-20 10:11:08,982, 1492675868982472438, -0.063, 0.047, 0.035, -0.27, -0.411, -0.04
2017-04-20 10:11:08,984, 1492675868984405308, -0.059, 0.045, 0.035, -0.288, -0.413, -0.032
2017-04-20 10:11:08,986, 1492675868986435137, -0.07, 0.045, 0.014, -0.288, -0.409, -0.032
2017-04-20 10:11:08,988, 1492675868988407429, -0.066, 0.044, 0.023, -0.27, -0.396, -0.012
2017-04-20 10:11:08,990, 1492675868990421455, -0.055, 0.038, 0.0, -0.24, -0.369, -0.016
2017-04-20 10:11:08,992, 1492675868992400434, -0.062, 0.049, -0.004, -0.2, -0.349, -0.02
2017-04-20 10:11:08,995, 1492675868994874002, -0.06, 0.032, -0.013, -0.16, -0.326, -0.024
2017-04-20 10:11:08,996, 1492675868996420335, -0.043, 0.033, -0.015, -0.12, -0.286, 0.004
2017-04-20 10:11:08,998, 1492675868998436440, -0.035, 0.034, -0.022, -0.094, -0.244, 0.0
2017-04-20 10:11:09,000, 1492675869000394772, -0.026, 0.021, -0.055, -0.07, -0.197, -0.013
2017-04-20 10:11:09,005, 1492675869005436870, -0.008, 0.024, -0.054, -0.042, -0.06, -0.008
2017-04-20 10:11:09,009, 1492675869009484372, 0.016, 0.03, -0.095, -0.036, 0.093, 0.012
2017-04-20 10:11:09,011, 1492675869011383124, 0.026, 0.028, -0.121, -0.043, 0.134, 0.017
2017-04-20 10:11:09,013, 1492675869013404173, 0.051, 0.026, -0.148, -0.056, 0.221, 0.02
2017-04-20 10:11:09,015, 1492675869015422473, 0.073, 0.031, -0.195, -0.084, 0.301, -0.004
2017-04-20 10:11:09,017, 1492675869017614802, 0.075, 0.039, -0.209, -0.112, 0.356, 0.025
2017-04-20 10:11:09,019, 1492675869019443766, 0.083, 0.036, -0.23, -0.142, 0.409, 0.036
2017-04-20 10:11:09,021, 1492675869021328132, 0.104, 0.049, -0.268, -0.178, 0.482, 0.0
2017-04-20 10:11:09,023, 1492675869023360223, 0.136, 0.063, -0.295, -0.222, 0.546, 0.008
2017-04-20 10:11:09,025, 1492675869025356835, 0.137, 0.076, -0.31, -0.263, 0.592, 0.012
2017-04-20 10:11:09,027, 1492675869027427057, 0.132, 0.065, -0.352, -0.309, 0.637, 0.003
2017-04-20 10:11:09,029, 1492675869029446806, 0.153, 0.081, -0.39, -0.353, 0.679, 0.012
2017-04-20 10:11:09,031, 1492675869031413628, 0.124, 0.082, -0.393, -0.374, 0.696, 0.003
2017-04-20 10:11:09,034, 1492675869033378671, 0.121, 0.069, -0.413, -0.37, 0.669, 0.028
2017-04-20 10:11:09,035, 1492675869035435641, 0.124, 0.074, -0.455, -0.328, 0.661, 0.028
2017-04-20 10:11:09,037, 1492675869037454103, 0.146, 0.098, -0.419, -0.315, 0.698, 0.02
2017-04-20 10:11:09,039, 1492675869039482047, 0.161, 0.089, -0.453, -0.295, 0.668, 0.02
2017-04-20 10:11:09,042, 1492675869041459252, 0.156, 0.089, -0.471, -0.307, 0.644, 0.041
2017-04-20 10:11:09,043, 1492675869043428686, 0.144, 0.086, -0.461, -0.344, 0.606, 0.024
2017-04-20 10:11:09,045, 1492675869045513151, 0.15, 0.094, -0.458, -0.375, 0.604, 0.012
2017-04-20 10:11:09,047, 1492675869047391155, 0.164, 0.106, -0.508, -0.424, 0.601, -0.008
2017-04-20 10:11:09,052, 1492675869052266952, 0.139, 0.106, -0.499, -0.555, 0.576, -0.004
2017-04-20 10:11:09,053, 1492675869053432897, 0.146, 0.116, -0.544, -0.555, 0.557, -0.021
2017-04-20 10:11:09,055, 1492675869055454796, 0.156, 0.137, -0.513, -0.556, 0.59, 0.0
2017-04-20 10:11:09,057, 1492675869057415240, 0.175, 0.147, -0.535, -0.572, 0.633, -0.012
2017-04-20 10:11:09,059, 1492675869059397791, 0.153, 0.124, -0.568, -0.584, 0.611, 0.012
2017-04-20 10:11:09,061, 1492675869061417217, 0.133, 0.127, -0.551, -0.601, 0.612, 0.017
2017-04-20 10:11:09,063, 1492675869063370070, 0.137, 0.127, -0.554, -0.584, 0.58, 0.033
2017-04-20 10:11:09,065, 1492675869065440270, 0.143, 0.144, -0.562, -0.577, 0.634, 0.012
2017-04-20 10:11:09,080, 1492675869076188880, 0.131, 0.1, -0.595, -0.435, 0.515, -0.048
2017-04-20 10:11:09,081, 1492675869081432214, 0.225, 0.131, -0.61, -0.307, 0.474, -0.012
2017-04-20 10:11:09,083, 1492675869083455748, 0.204, 0.115, -0.554, -0.443, 0.558, 0.008
2017-04-20 10:11:09,085, 1492675869085445245, 0.157, 0.1, -0.659, -0.516, 0.532, 0.004
2017-04-20 10:11:09,087, 1492675869087406389, 0.116, 0.102, -0.64, -0.551, 0.539, -0.024
2017-04-20 10:11:09,089, 1492675869089475844, 0.112, 0.093, -0.534, -0.559, 0.617, -0.037
2017-04-20 10:11:09,091, 1492675869091401665, 0.127, 0.092, -0.544, -0.477, 0.651, 0.033
2017-04-20 10:11:09,093, 1492675869093416750, 0.134, 0.089, -0.539, -0.413, 0.689, -0.053
2017-04-20 10:11:09,095, 1492675869095407828, 0.164, 0.089, -0.408, -0.314, 0.711, 0.065
2017-04-20 10:11:09,097, 1492675869097420293, 0.197, 0.11, -0.366, -0.294, 0.808, 0.061
2017-04-20 10:11:09,099, 1492675869099473183, 0.222, 0.111, -0.42, -0.318, 0.89, 0.016
2017-04-20 10:11:09,101, 1492675869101395518, 0.164, 0.076, -0.403, -0.415, 0.868, 0.02
2017-04-20 10:11:09,103, 1492675869103387186, 0.106, 0.053, -0.38, -0.465, 0.83, 0.033
2017-04-20 10:11:09,105, 1492675869105422407, 0.067, 0.025, -0.434, -0.39, 0.773, 0.033
2017-04-20 10:11:09,116, 1492675869116617470, 0.276, 0.079, -0.25, -0.12, 0.92, 0.0
2017-04-20 10:11:09,118, 1492675869118410554, 0.025, 0.029, -0.292, -0.215, 0.662, 0.0
2017-04-20 10:11:09,120, 1492675869120403284, -0.053, 0.021, -0.307, -0.157, 0.519, 0.025
2017-04-20 10:11:09,122, 1492675869122431149, -0.057, 0.008, -0.2, -0.075, 0.39, -0.008
2017-04-20 10:11:09,124, 1492675869124381667, 0.068, 0.037, -0.132, 0.029, 0.408, 0.057
2017-04-20 10:11:09,126, 1492675869126430347, 0.198, 0.062, -0.093, 0.056, 0.485, 0.093
2017-04-20 10:11:09,128, 1492675869128421097, 0.222, 0.079, -0.106, -0.019, 0.464, -0.008
2017-04-20 10:11:09,130, 1492675869130404604, 0.08, 0.053, -0.191, -0.142, 0.251, -0.032
2017-04-20 10:11:09,132, 1492675869132393765, -0.11, 0.015, -0.291, -0.187, -0.082, -0.008
2017-04-20 10:11:09,134, 1492675869134400167, -0.174, -0.024, -0.286, -0.177, -0.288, -0.04
2017-04-20 10:11:09,136, 1492675869136379574, -0.086, 0.045, -0.176, -0.113, -0.354, -0.057
2017-04-20 10:11:09,138, 1492675869138398576, 0.109, 0.057, -0.027, -0.105, -0.158, 0.004
2017-04-20 10:11:09,140, 1492675869140398925, 0.202, 0.066, 0.009, -0.179, -0.083, -0.024
2017-04-20 10:11:09,142, 1492675869142432825, 0.052, 0.022, -0.089, -0.264, -0.26, -0.028
2017-04-20 10:11:09,145, 1492675869145517536, -0.185, -0.039, -0.239, -0.189, -0.617, -0.077
2017-04-20 10:11:09,147, 1492675869147400964, -0.295, -0.014, -0.312, 0.143, -0.867, -0.032
2017-04-20 10:11:09,148, 1492675869148527672, -0.096, 0.044, -0.178, 0.308, -0.725, -0.02
2017-04-20 10:11:09,150, 1492675869150420522, 0.082, 0.068, -0.052, 0.333, -0.481, 0.004
2017-04-20 10:11:09,153, 1492675869153381662, 0.22, 0.048, 0.059, 0.183, -0.308, 0.028
2017-04-20 10:11:09,155, 1492675869155232883, -0.014, -0.036, -0.127, -0.068, -0.5, -0.016
2017-04-20 10:11:09,156, 1492675869156372283, -0.306, -0.074, -0.248, -0.03, -0.839, -0.053
2017-04-20 10:11:09,158, 1492675869158430846, -0.429, -0.073, -0.287, 0.055, -1.005, -0.016
2017-04-20 10:11:09,160, 1492675869160390372, -0.264, 0.039, -0.194, 0.159, -0.81, -0.048
2017-04-20 10:11:09,162, 1492675869162422599, 0.078, 0.077, 0.057, 0.153, -0.367, -0.048
2017-04-20 10:11:09,169, 1492675869169587395, -0.436, -0.069, -0.304, 0.29, -0.926, -0.012
2017-04-20 10:11:09,171, 1492675869171413631, -0.357, 0.048, -0.239, 0.406, -0.896, -0.056
2017-04-20 10:11:09,173, 1492675869173400009, 0.018, 0.111, -0.035, 0.413, -0.342, -0.053
2017-04-20 10:11:09,175, 1492675869175435330, 0.296, 0.033, 0.128, 0.17, 0.03, -0.069
2017-04-20 10:11:09,177, 1492675869177389505, 0.203, -0.068, 0.103, -0.074, 0.011, 0.028
2017-04-20 10:11:09,179, 1492675869179426979, -0.185, -0.113, -0.115, 0.023, -0.482, -0.004
2017-04-20 10:11:09,181, 1492675869181586117, -0.442, -0.029, -0.257, 0.267, -0.862, -0.004
2017-04-20 10:11:09,183, 1492675869183412419, -0.232, 0.102, -0.126, 0.279, -0.55, -0.016
2017-04-20 10:11:09,185, 1492675869185408964, 0.102, 0.08, 0.006, 0.154, -0.09, -0.048
2017-04-20 10:11:09,187, 1492675869187425916, 0.333, -0.021, 0.146, -0.142, 0.288, -0.012
2017-04-20 10:11:09,189, 1492675869189397228, 0.143, -0.085, 0.043, -0.244, 0.063, -0.012
2017-04-20 10:11:09,191, 1492675869191416465, -0.205, -0.058, -0.201, -0.042, -0.346, -0.032
2017-04-20 10:11:09,193, 1492675869193507901, -0.345, 0.044, -0.313, 0.224, -0.62, -0.008
2017-04-20 10:11:09,195, 1492675869195395807, -0.096, 0.136, -0.053, 0.169, -0.158, -0.077
2017-04-20 10:11:09,197, 1492675869197402733, 0.232, 0.019, 0.131, -0.049, 0.305, -0.016
2017-04-20 10:11:09,199, 1492675869199438592, 0.197, -0.099, 0.093, -0.256, 0.338, 0.036
2017-04-20 10:11:09,201, 1492675869201372282, -0.08, -0.14, -0.052, -0.159, 0.036, 0.02
2017-04-20 10:11:09,203, 1492675869203394495, -0.346, -0.011, -0.235, 0.277, -0.483, 0.041
2017-04-20 10:11:09,205, 1492675869205386256, -0.159, 0.131, -0.159, 0.443, -0.192, -0.073
2017-04-20 10:11:09,207, 1492675869207414163, 0.144, 0.099, -0.018, 0.328, 0.233, -0.126
2017-04-20 10:11:09,212, 1492675869212110786, 0.217, -0.127, 0.082, 0.123, 0.303, 0.049
2017-04-20 10:11:09,214, 1492675869214445449, -0.25, -0.017, -0.202, 0.603, -0.49, 0.098
2017-04-20 10:11:09,216, 1492675869216249483, -0.113, 0.118, -0.073, 0.688, -0.199, -0.077
2017-04-20 10:11:09,217, 1492675869217394270, 0.093, 0.068, 0.046, 0.53, 0.011, -0.085
2017-04-20 10:11:09,219, 1492675869219580858, 0.1, -0.16, 0.061, 0.312, 0.021, -0.033
2017-04-20 10:11:09,221, 1492675869221399775, -0.041, -0.259, 0.0, 0.302, -0.173, 0.012
2017-04-20 10:11:09,223, 1492675869223406902, -0.244, -0.119, -0.115, 0.614, -0.642, 0.017
2017-04-20 10:11:09,225, 1492675869225430324, -0.153, 0.07, -0.153, 0.86, -0.491, -0.138
2017-04-20 10:11:09,227, 1492675869227374096, 0.055, 0.101, -0.029, 0.761, -0.235, -0.134
2017-04-20 10:11:09,229, 1492675869229454649, 0.085, -0.07, 0.098, 0.383, -0.201, 0.053
2017-04-20 10:11:09,231, 1492675869231371616, -0.062, -0.237, -0.023, 0.164, -0.354, 0.077
2017-04-20 10:11:09,233, 1492675869233756567, -0.261, -0.121, -0.169, 0.291, -0.772, 0.134
2017-04-20 10:11:09,235, 1492675869235409592, -0.187, 0.118, -0.029, 0.295, -0.636, -0.005
2017-04-20 10:11:09,237, 1492675869237405391, -0.004, 0.19, 0.147, 0.119, -0.369, -0.162
2017-04-20 10:11:09,239, 1492675869239385979, 0.004, -0.022, 0.161, -0.33, -0.292, -0.122
2017-04-20 10:11:09,241, 1492675869241418652, -0.17, -0.207, 0.147, -0.57, -0.511, 0.025
2017-04-20 10:11:09,243, 1492675869243386089, -0.391, -0.114, 0.14, -0.39, -0.95, 0.041
2017-04-20 10:11:09,245, 1492675869245415696, -0.277, 0.121, 0.147, -0.166, -0.805, -0.089
2017-04-20 10:11:09,247, 1492675869247385964, -0.026, 0.212, 0.214, -0.089, -0.515, -0.215
2017-04-20 10:11:09,253, 1492675869253414989, -0.421, -0.183, 0.115, 0.078, -1.272, 0.074
2017-04-20 10:11:09,255, 1492675869255207846, -0.425, -0.08, 0.134, 0.353, -1.362, -0.037
2017-04-20 10:11:09,257, 1492675869257635447, -0.239, 0.084, 0.266, 0.666, -1.143, -0.178
2017-04-20 10:11:09,259, 1492675869259569232, -0.017, -0.025, 0.473, 0.603, -0.885, -0.114
2017-04-20 10:11:09,261, 1492675869261372355, -0.12, -0.264, 0.449, 0.585, -1.094, 0.061
2017-04-20 10:11:09,263, 1492675869263263756, -0.324, -0.356, 0.253, 0.762, -1.416, 0.089
2017-04-20 10:11:09,265, 1492675869265335313, -0.53, -0.219, 0.18, 1.182, -1.814, 0.044
2017-04-20 10:11:09,267, 1492675869267328254, -0.426, -0.072, 0.22, 1.587, -1.832, -0.053
2017-04-20 10:11:09,269, 1492675869269297940, -0.24, -0.153, 0.348, 1.583, -1.564, -0.085
2017-04-20 10:11:09,271, 1492675869271296645, -0.078, -0.281, 0.552, 1.409, -1.377, 0.101
2017-04-20 10:11:09,274, 1492675869273684557, -0.231, -0.383, 0.489, 1.389, -1.617, 0.0
2017-04-20 10:11:09,275, 1492675869275403557, -0.502, -0.278, 0.204, 1.505, -1.999, 0.069
2017-04-20 10:11:09,281, 1492675869281475424, -0.191, -0.283, 0.583, 1.148, -1.769, -0.04
2017-04-20 10:11:09,283, 1492675869283360547, -0.142, -0.29, 0.575, 1.045, -1.704, 0.06
2017-04-20 10:11:09,285, 1492675869285393062, -0.297, -0.223, 0.52, 0.875, -1.851, -0.048
2017-04-20 10:11:09,287, 1492675869287557219, -0.558, -0.134, 0.392, 0.786, -2.158, -0.053
2017-04-20 10:11:09,289, 1492675869289406080, -0.621, -0.166, 0.255, 0.773, -2.318, -0.097
2017-04-20 10:11:09,291, 1492675869291397012, -0.483, -0.237, 0.338, 0.754, -2.15, -0.029
2017-04-20 10:11:09,293, 1492675869293360965, -0.355, -0.241, 0.6, 0.8, -2.097, -0.032
2017-04-20 10:11:09,295, 1492675869295336032, -0.238, -0.165, 0.642, 0.92, -1.981, -0.064
2017-04-20 10:11:09,297, 1492675869297332953, -0.319, -0.109, 0.398, 1.078, -2.206, -0.069
2017-04-20 10:11:09,299, 1492675869299336173, -0.507, -0.145, 0.317, 1.018, -2.388, 0.044
2017-04-20 10:11:09,301, 1492675869301427227, -0.546, -0.181, 0.372, 0.879, -2.371, 0.008
2017-04-20 10:11:09,306, 1492675869306369939, -0.311, -0.129, 0.456, 0.686, -2.1, -0.118
2017-04-20 10:11:09,308, 1492675869308336467, -0.344, -0.096, 0.519, 0.677, -2.165, -0.154
2017-04-20 10:11:09,310, 1492675869310317072, -0.496, -0.165, 0.397, 0.644, -2.344, -0.089
2017-04-20 10:11:09,314, 1492675869312490685, -0.521, -0.208, 0.333, 0.648, -2.369, 0.036
2017-04-20 10:11:09,317, 1492675869317423779, -0.337, -0.128, 0.462, 0.87, -2.054, -0.073
2017-04-20 10:11:09,319, 1492675869319331256, -0.374, -0.18, 0.45, 0.92, -2.066, 0.012
2017-04-20 10:11:09,321, 1492675869321321636, -0.48, -0.239, 0.385, 1.029, -2.155, -0.069
2017-04-20 10:11:09,323, 1492675869323404619, -0.451, -0.224, 0.341, 1.151, -2.094, -0.13
2017-04-20 10:11:09,329, 1492675869329373849, -0.309, -0.239, 0.284, 1.421, -1.884, 0.081
2017-04-20 10:11:09,331, 1492675869331379693, -0.33, -0.246, 0.235, 1.462, -1.863, 0.057
2017-04-20 10:11:09,332, 1492675869332368960, -0.355, -0.256, 0.178, 1.55, -1.88, 0.049
2017-04-20 10:11:09,335, 1492675869335215850, -0.334, -0.234, 0.206, 1.585, -1.861, 0.049
2017-04-20 10:11:09,337, 1492675869337235099, -0.279, -0.225, 0.207, 1.568, -1.726, 0.017
2017-04-20 10:11:09,339, 1492675869339289443, -0.25, -0.246, 0.181, 1.499, -1.627, -0.024
2017-04-20 10:11:09,341, 1492675869341182708, -0.275, -0.249, 0.137, 1.395, -1.601, 0.003
2017-04-20 10:11:09,343, 1492675869343223559, -0.339, -0.233, 0.111, 1.307, -1.611, 0.033
2017-04-20 10:11:09,345, 1492675869345279861, -0.32, -0.197, 0.086, 1.223, -1.552, 0.049
2017-04-20 10:11:09,349, 1492675869349484024, -0.2, -0.179, 0.13, 0.886, -1.222, -0.028
2017-04-20 10:11:09,351, 1492675869351471419, -0.217, -0.168, 0.161, 0.793, -1.231, -0.04
2017-04-20 10:11:09,353, 1492675869353508212, -0.243, -0.113, 0.112, 0.643, -1.165, -0.04
2017-04-20 10:11:09,355, 1492675869355445577, -0.217, -0.091, 0.04, 0.497, -1.058, -0.048
2017-04-20 10:11:09,357, 1492675869357417213, -0.217, -0.085, 0.058, 0.354, -0.982, -0.033
2017-04-20 10:11:09,359, 1492675869359383831, -0.193, -0.075, 0.139, 0.243, -0.888, -0.005
2017-04-20 10:11:09,361, 1492675869361462376, -0.161, -0.068, 0.124, 0.195, -0.822, -0.004
2017-04-20 10:11:09,363, 1492675869363374773, -0.161, -0.027, 0.047, 0.157, -0.765, -0.048
2017-04-20 10:11:09,365, 1492675869365516184, -0.172, -0.029, 0.044, 0.173, -0.75, -0.077
2017-04-20 10:11:09,367, 1492675869367275929, -0.171, -0.036, 0.111, 0.197, -0.74, -0.073
2017-04-20 10:11:09,369, 1492675869369431123, -0.138, -0.041, 0.087, 0.191, -0.664, -0.061
2017-04-20 10:11:09,371, 1492675869371349336, -0.11, -0.041, 0.058, 0.203, -0.602, -0.016
2017-04-20 10:11:09,373, 1492675869373384419, -0.12, -0.044, 0.059, 0.24, -0.578, 0.025
2017-04-20 10:11:09,377, 1492675869377384137, -0.148, -0.047, 0.027, 0.293, -0.567, 0.0
2017-04-20 10:11:09,378, 1492675869378408433, -0.136, -0.04, 0.013, 0.304, -0.547, 0.004
2017-04-20 10:11:09,379, 1492675869379399112, -0.13, -0.067, -0.004, 0.305, -0.529, -0.012
2017-04-20 10:11:09,381, 1492675869381776737, -0.134, -0.068, 0.024, 0.324, -0.523, -0.004
2017-04-20 10:11:09,383, 1492675869383400143, -0.133, -0.054, 0.036, 0.378, -0.53, -0.045
2017-04-20 10:11:09,386, 1492675869386604247, -0.121, -0.065, 0.014, 0.4, -0.553, -0.024
2017-04-20 10:11:09,389, 1492675869389369286, -0.138, -0.078, -0.019, 0.463, -0.618, 0.0
2017-04-20 10:11:09,390, 1492675869390425387, -0.121, -0.08, -0.001, 0.489, -0.632, -0.013
2017-04-20 10:11:09,392, 1492675869392188147, -0.137, -0.09, 0.001, 0.519, -0.643, -0.005
2017-04-20 10:11:09,393, 1492675869393402555, -0.139, -0.112, -0.052, 0.545, -0.683, 0.041
2017-04-20 10:11:09,395, 1492675869395398998, -0.132, -0.1, -0.055, 0.516, -0.692, 0.182
2017-04-20 10:11:09,397, 1492675869397356408, -0.16, -0.1, -0.028, 0.518, -0.769, 0.341
2017-04-20 10:11:09,399, 1492675869399330758, -0.169, -0.12, -0.021, 0.54, -0.783, 0.317
2017-04-20 10:11:09,401, 1492675869401388122, -0.168, -0.082, -0.046, 0.506, -0.765, 0.268
2017-04-20 10:11:09,403, 1492675869403367870, -0.153, -0.111, -0.085, 0.53, -0.721, 0.293
2017-04-20 10:11:09,405, 1492675869405362959, -0.152, -0.098, -0.06, 0.506, -0.691, 0.3
2017-04-20 10:11:09,407, 1492675869407374912, -0.159, -0.094, -0.036, 0.469, -0.682, 0.272
2017-04-20 10:11:09,409, 1492675869409401716, -0.173, -0.088, -0.039, 0.47, -0.637, 0.215
2017-04-20 10:11:09,411, 1492675869411353035, -0.148, -0.076, -0.047, 0.475, -0.577, 0.141
2017-04-20 10:11:09,413, 1492675869413671641, -0.137, -0.074, -0.03, 0.47, -0.554, 0.073
2017-04-20 10:11:09,415, 1492675869415420741, -0.143, -0.077, -0.028, 0.445, -0.541, 0.077
2017-04-20 10:11:09,425, 1492675869425482787, -0.114, -0.055, -0.054, 0.279, -0.559, 0.101
2017-04-20 10:11:09,427, 1492675869427329465, -0.112, -0.046, -0.066, 0.255, -0.552, 0.13
2017-04-20 10:11:09,429, 1492675869429433101, -0.109, -0.031, -0.058, 0.218, -0.555, 0.11
2017-04-20 10:11:09,431, 1492675869431388901, -0.123, -0.026, -0.101, 0.208, -0.549, 0.122
2017-04-20 10:11:09,433, 1492675869433390023, -0.109, -0.027, -0.09, 0.193, -0.529, 0.13
2017-04-20 10:11:09,435, 1492675869435397517, -0.115, -0.011, 0.005, 0.157, -0.501, 0.15
2017-04-20 10:11:09,437, 1492675869437413116, -0.129, -0.004, -0.034, 0.115, -0.514, 0.15
2017-04-20 10:11:09,439, 1492675869439361761, -0.138, -0.01, -0.12, 0.09, -0.512, 0.154
2017-04-20 10:11:09,441, 1492675869441367634, -0.149, -0.01, -0.037, 0.062, -0.499, 0.146
2017-04-20 10:11:09,443, 1492675869443756986, -0.124, 0.004, 0.047, 0.03, -0.475, 0.118
2017-04-20 10:11:09,445, 1492675869445387644, -0.115, -0.015, -0.077, 0.023, -0.44, 0.122
2017-04-20 10:11:09,447, 1492675869447365884, -0.128, -0.049, -0.117, 0.057, -0.469, 0.114
2017-04-20 10:11:09,449, 1492675869449577988, -0.149, -0.033, 0.006, 0.113, -0.519, 0.138
2017-04-20 10:11:09,451, 1492675869451397091, -0.113, -0.037, -0.018, 0.179, -0.477, 0.182
2017-04-20 10:11:09,458, 1492675869458433269, -0.084, -0.053, -0.151, 0.245, -0.45, 0.182
2017-04-20 10:11:09,460, 1492675869460298838, -0.104, -0.081, -0.146, 0.433, -0.473, 0.122
2017-04-20 10:11:09,462, 1492675869462321993, -0.093, -0.088, -0.13, 0.474, -0.448, 0.09
2017-04-20 10:11:09,464, 1492675869464308078, -0.099, -0.096, -0.009, 0.501, -0.457, 0.085
2017-04-20 10:11:09,466, 1492675869466304253, -0.105, -0.075, -0.049, 0.532, -0.451, 0.106
2017-04-20 10:11:09,468, 1492675869468322702, -0.093, -0.074, -0.148, 0.56, -0.421, 0.106
2017-04-20 10:11:09,470, 1492675869470362915, -0.1, -0.075, -0.08, 0.568, -0.433, 0.089
2017-04-20 10:11:09,472, 1492675869472262997, -0.113, -0.055, 0.002, 0.538, -0.451, 0.106
2017-04-20 10:11:09,475, 1492675869475261394, -0.096, -0.066, -0.086, 0.476, -0.434, 0.166
2017-04-20 10:11:09,478, 1492675869477225474, -0.097, -0.059, -0.067, 0.399, -0.429, 0.195
2017-04-20 10:11:09,478, 1492675869478514642, -0.114, -0.043, 0.021, 0.348, -0.456, 0.093
2017-04-20 10:11:09,485, 1492675869484654393, -0.115, -0.045, -0.023, 0.31, -0.46, 0.061
2017-04-20 10:11:09,491, 1492675869491429983, -0.122, -0.024, -0.067, 0.193, -0.544, 0.191
2017-04-20 10:11:09,493, 1492675869493221133, -0.137, -0.043, -0.033, 0.187, -0.57, 0.203
2017-04-20 10:11:09,495, 1492675869495304527, -0.147, -0.035, -0.065, 0.176, -0.595, 0.207
2017-04-20 10:11:09,497, 1492675869497287586, -0.138, -0.059, -0.114, 0.17, -0.592, 0.231
2017-04-20 10:11:09,501, 1492675869501398132, -0.143, -0.038, -0.097, 0.091, -0.615, 0.166
2017-04-20 10:11:09,503, 1492675869503371904, -0.131, -0.054, -0.122, 0.068, -0.6, 0.171
2017-04-20 10:11:09,504, 1492675869504407109, -0.117, -0.041, -0.106, 0.031, -0.582, 0.166
2017-04-20 10:11:09,506, 1492675869506243887, -0.125, -0.038, -0.095, 0.012, -0.578, 0.158
2017-04-20 10:11:09,507, 1492675869507424330, -0.113, -0.027, -0.072, -0.014, -0.578, 0.114
2017-04-20 10:11:09,509, 1492675869509403448, -0.122, -0.019, -0.099, -0.034, -0.555, 0.106
2017-04-20 10:11:09,511, 1492675869511427575, -0.113, -0.023, -0.111, -0.044, -0.535, 0.118
2017-04-20 10:11:09,514, 1492675869513673220, -0.113, -0.021, -0.083, -0.052, -0.519, 0.106
2017-04-20 10:11:09,515, 1492675869515414248, -0.115, -0.015, -0.065, -0.031, -0.483, 0.06
2017-04-20 10:11:09,517, 1492675869517314733, -0.107, -0.006, -0.058, -0.005, -0.456, 0.053
2017-04-20 10:11:09,519, 1492675869519799431, -0.099, -0.014, -0.082, 0.011, -0.436, 0.041
2017-04-20 10:11:09,522, 1492675869521763525, -0.113, -0.013, -0.039, 0.026, -0.417, 0.02
2017-04-20 10:11:09,523, 1492675869523441148, -0.096, -0.003, -0.061, 0.034, -0.41, 0.049
2017-04-20 10:11:09,525, 1492675869525245057, -0.105, -0.02, -0.06, 0.044, -0.403, 0.077
2017-04-20 10:11:09,527, 1492675869527328602, -0.111, -0.026, -0.06, 0.058, -0.409, 0.065
2017-04-20 10:11:09,529, 1492675869529284688, -0.105, -0.024, -0.041, 0.07, -0.416, 0.105
2017-04-20 10:11:09,531, 1492675869531334136, -0.102, -0.028, -0.072, 0.082, -0.42, 0.105
2017-04-20 10:11:09,533, 1492675869533287183, -0.112, -0.035, -0.077, 0.106, -0.427, 0.114
2017-04-20 10:11:09,535, 1492675869535281792, -0.107, -0.035, -0.045, 0.137, -0.439, 0.101
2017-04-20 10:11:09,538, 1492675869538403381, -0.124, -0.049, -0.087, 0.211, -0.469, 0.093
2017-04-20 10:11:09,540, 1492675869540332987, -0.109, -0.052, -0.076, 0.233, -0.484, 0.142
2017-04-20 10:11:09,541, 1492675869541379123, -0.12, -0.037, -0.074, 0.256, -0.511, 0.114
2017-04-20 10:11:09,543, 1492675869543306092, -0.112, -0.033, -0.076, 0.265, -0.515, 0.138
2017-04-20 10:11:09,547, 1492675869547227395, -0.12, -0.043, -0.09, 0.279, -0.552, 0.179
2017-04-20 10:11:09,548, 1492675869548368821, -0.129, -0.048, -0.068, 0.281, -0.57, 0.187
2017-04-20 10:11:09,549, 1492675869549395366, -0.122, -0.038, -0.073, 0.29, -0.575, 0.195
2017-04-20 10:11:09,551, 1492675869551401537, -0.128, -0.052, -0.072, 0.296, -0.568, 0.19
2017-04-20 10:11:09,553, 1492675869553381054, -0.114, -0.045, -0.078, 0.319, -0.554, 0.215
2017-04-20 10:11:09,558, 1492675869555470638, -0.124, -0.063, -0.055, 0.345, -0.552, 0.199
2017-04-20 10:11:09,559, 1492675869557505133, -0.124, -0.068, -0.053, 0.364, -0.542, 0.179
2017-04-20 10:11:09,559, 1492675869559433050, -0.133, -0.066, -0.07, 0.389, -0.523, 0.199
2017-04-20 10:11:09,561, 1492675869561208825, -0.125, -0.074, -0.075, 0.399, -0.503, 0.191
2017-04-20 10:11:09,563, 1492675869563419054, -0.126, -0.075, -0.052, 0.407, -0.475, 0.179
2017-04-20 10:11:09,565, 1492675869565389719, -0.122, -0.07, -0.058, 0.41, -0.46, 0.191
2017-04-20 10:11:09,567, 1492675869567462952, -0.126, -0.075, -0.084, 0.426, -0.44, 0.158
2017-04-20 10:11:09,569, 1492675869569391217, -0.114, -0.082, -0.07, 0.451, -0.434, 0.11
2017-04-20 10:11:09,571, 1492675869571389784, -0.125, -0.085, -0.05, 0.482, -0.436, 0.093
2017-04-20 10:11:09,573, 1492675869573370864, -0.122, -0.097, -0.088, 0.506, -0.43, 0.093
2017-04-20 10:11:09,575, 1492675869575296007, -0.121, -0.09, -0.09, 0.521, -0.456, 0.077
2017-04-20 10:11:09,577, 1492675869577275618, -0.161, -0.11, -0.086, 0.547, -0.517, 0.077
2017-04-20 10:11:09,579, 1492675869579373044, -0.19, -0.126, -0.106, 0.582, -0.598, 0.085
2017-04-20 10:11:09,581, 1492675869581372882, -0.189, -0.129, -0.151, 0.623, -0.63, 0.13
2017-04-20 10:11:09,583, 1492675869583404433, -0.193, -0.14, -0.148, 0.677, -0.697, 0.13
2017-04-20 10:11:09,585, 1492675869585272616, -0.228, -0.147, -0.15, 0.718, -0.792, 0.166
2017-04-20 10:11:09,587, 1492675869587322752, -0.272, -0.162, -0.174, 0.773, -0.92, 0.276
2017-04-20 10:11:09,594, 1492675869594030229, -0.316, -0.19, -0.239, 0.887, -1.074, 0.333
2017-04-20 10:11:09,595, 1492675869595458941, -0.315, -0.188, -0.276, 1.121, -1.344, 0.431
2017-04-20 10:11:09,597, 1492675869597383229, -0.326, -0.195, -0.287, 1.119, -1.426, 0.43
2017-04-20 10:11:09,599, 1492675869599431992, -0.343, -0.19, -0.277, 1.089, -1.497, 0.393
2017-04-20 10:11:09,601, 1492675869601361103, -0.346, -0.19, -0.324, 1.017, -1.529, 0.333
2017-04-20 10:11:09,603, 1492675869603412683, -0.338, -0.181, -0.343, 0.946, -1.529, 0.325
2017-04-20 10:11:09,605, 1492675869605397098, -0.331, -0.176, -0.299, 0.866, -1.54, 0.248
2017-04-20 10:11:09,607, 1492675869607407171, -0.308, -0.155, -0.28, 0.77, -1.47, 0.171
2017-04-20 10:11:09,609, 1492675869609349637, -0.273, -0.162, -0.312, 0.683, -1.404, 0.093
2017-04-20 10:11:09,611, 1492675869611434140, -0.316, -0.158, -0.302, 0.634, -1.404, -0.02
2017-04-20 10:11:09,613, 1492675869613376337, -0.319, -0.155, -0.281, 0.598, -1.374, -0.105
2017-04-20 10:11:09,615, 1492675869615402623, -0.298, -0.137, -0.292, 0.545, -1.289, -0.053
2017-04-20 10:11:09,617, 1492675869617395375, -0.303, -0.129, -0.316, 0.485, -1.256, 0.057
2017-04-20 10:11:09,619, 1492675869619440210, -0.34, -0.164, -0.271, 0.516, -1.278, 0.069
2017-04-20 10:11:09,628, 1492675869628136818, -0.304, -0.138, -0.246, 0.562, -1.198, 0.098
2017-04-20 10:11:09,629, 1492675869629767810, -0.364, -0.187, -0.3, 0.843, -1.261, 0.333
2017-04-20 10:11:09,631, 1492675869631354843, -0.329, -0.179, -0.349, 0.933, -1.255, 0.385
2017-04-20 10:11:09,633, 1492675869633408892, -0.316, -0.189, -0.396, 1.008, -1.178, 0.349
2017-04-20 10:11:09,635, 1492675869635397581, -0.387, -0.216, -0.387, 1.123, -1.408, 0.454
2017-04-20 10:11:09,637, 1492675869637424173, -0.338, -0.183, -0.321, 1.143, -1.263, 0.466
2017-04-20 10:11:09,639, 1492675869639396283, -0.255, -0.164, -0.399, 1.156, -1.155, 0.463
2017-04-20 10:11:09,641, 1492675869641390827, -0.275, -0.183, -0.439, 1.129, -1.126, 0.349
2017-04-20 10:11:09,643, 1492675869643377982, -0.324, -0.174, -0.322, 1.072, -1.079, 0.32
2017-04-20 10:11:09,645, 1492675869645579257, -0.321, -0.166, -0.378, 1.041, -1.069, 0.333
2017-04-20 10:11:09,647, 1492675869647354572, -0.302, -0.173, -0.478, 0.968, -0.884, 0.328
2017-04-20 10:11:09,649, 1492675869649417950, -0.338, -0.16, -0.348, 0.923, -0.906, 0.374
2017-04-20 10:11:09,651, 1492675869651369723, -0.415, -0.173, -0.32, 0.954, -1.037, 0.434
2017-04-20 10:11:09,660, 1492675869660155189, -0.366, -0.189, -0.413, 1.049, -0.919, 0.446
2017-04-20 10:11:09,661, 1492675869661399268, -0.209, -0.135, -0.447, 1.141, -0.915, 0.547
2017-04-20 10:11:09,663, 1492675869663395647, -0.222, -0.117, -0.45, 1.12, -0.825, 0.552
2017-04-20 10:11:09,665, 1492675869665393754, -0.256, -0.105, -0.345, 1.199, -0.862, 0.503
2017-04-20 10:11:09,667, 1492675869667394030, -0.237, -0.105, -0.403, 1.296, -0.794, 0.401
2017-04-20 10:11:09,669, 1492675869669373048, -0.214, -0.165, -0.461, 1.346, -0.7, 0.462
2017-04-20 10:11:09,671, 1492675869671391504, -0.139, -0.145, -0.316, 1.502, -0.653, 0.548
2017-04-20 10:11:09,673, 1492675869673374973, -0.03, -0.08, -0.137, 1.511, -0.353, 0.479
2017-04-20 10:11:09,675, 1492675869675391842, -0.072, -0.062, -0.266, 1.392, -0.294, 0.345
2017-04-20 10:11:09,677, 1492675869677435747, -0.13, -0.096, -0.412, 1.189, -0.265, 0.353
2017-04-20 10:11:09,679, 1492675869679425185, -0.206, -0.091, -0.272, 1.091, -0.288, 0.358
2017-04-20 10:11:09,681, 1492675869681411199, -0.201, -0.053, -0.204, 1.161, -0.398, 0.328
2017-04-20 10:11:09,683, 1492675869683417282, -0.078, -0.063, -0.391, 1.204, -0.188, 0.264
2017-04-20 10:11:09,685, 1492675869685372994, 0.068, -0.062, -0.323, 1.187, -0.024, 0.544
2017-04-20 10:11:09,687, 1492675869687417167, 0.06, -0.034, -0.079, 1.102, -0.062, 0.483
2017-04-20 10:11:09,689, 1492675869689366047, 0.011, -0.004, -0.117, 0.983, 0.016, 0.458
2017-04-20 10:11:09,691, 1492675869691431258, -0.094, -0.01, -0.451, 0.956, -0.096, 0.393
2017-04-20 10:11:09,694, 1492675869694371139, -0.178, 0.001, -0.352, 1.03, -0.208, 0.301
2017-04-20 10:11:09,696, 1492675869696241757, -0.113, -0.001, -0.19, 1.118, -0.231, 0.276
2017-04-20 10:11:09,698, 1492675869698369859, 0.216, 0.057, -0.209, 0.993, 0.2, 0.358
2017-04-20 10:11:09,700, 1492675869700224257, 0.306, 0.083, -0.293, 0.751, 0.411, 0.466
2017-04-20 10:11:09,701, 1492675869701360341, 0.205, 0.038, -0.16, 0.486, 0.406, 0.495
2017-04-20 10:11:09,703, 1492675869703405266, 0.001, 0.087, -0.182, 0.37, 0.148, 0.328
2017-04-20 10:11:09,705, 1492675869705402534, -0.078, 0.095, -0.474, 0.349, 0.074, 0.466
2017-04-20 10:11:09,707, 1492675869707468698, 0.056, 0.104, -0.406, 0.303, 0.21, 0.536
2017-04-20 10:11:09,709, 1492675869709481757, 0.234, 0.141, -0.04, 0.197, 0.504, 0.36
2017-04-20 10:11:09,711, 1492675869711366455, 0.356, 0.128, -0.095, 0.095, 0.722, 0.268
2017-04-20 10:11:09,713, 1492675869713362379, 0.325, 0.132, -0.239, -0.064, 0.844, 0.345
2017-04-20 10:11:09,715, 1492675869715410284, 0.072, 0.138, -0.174, -0.123, 0.532, 0.409
2017-04-20 10:11:09,717, 1492675869717452541, -0.05, 0.14, -0.259, -0.089, 0.395, 0.309
2017-04-20 10:11:09,719, 1492675869719394325, 0.062, 0.118, -0.423, -0.035, 0.509, 0.35
2017-04-20 10:11:09,721, 1492675869721393248, 0.299, 0.196, -0.227, -0.044, 0.764, 0.426
2017-04-20 10:11:09,723, 1492675869723401955, 0.485, 0.279, 0.087, -0.257, 1.064, 0.353
2017-04-20 10:11:09,728, 1492675869727621461, 0.327, 0.272, -0.232, -0.788, 1.037, 0.577
2017-04-20 10:11:09,729, 1492675869729429667, 0.085, 0.25, -0.194, -0.921, 0.73, 0.539
2017-04-20 10:11:09,731, 1492675869731210034, 0.027, 0.279, -0.067, -0.969, 0.643, 0.482
2017-04-20 10:11:09,732, 1492675869732373197, 0.192, 0.283, -0.179, -0.984, 0.837, 0.398
2017-04-20 10:11:09,734, 1492675869734179841, 0.324, 0.295, -0.265, -0.913, 0.993, 0.369
2017-04-20 10:11:09,735, 1492675869735444493, 0.494, 0.3, -0.108, -0.896, 1.187, 0.45
2017-04-20 10:11:09,737, 1492675869737375723, 0.489, 0.344, 0.154, -0.973, 1.259, 0.49
2017-04-20 10:11:09,739, 1492675869739404850, 0.357, 0.34, -0.122, -1.107, 1.225, 0.349
2017-04-20 10:11:09,741, 1492675869741351731, 0.271, 0.31, -0.295, -1.26, 1.223, 0.381
2017-04-20 10:11:09,743, 1492675869743403468, 0.218, 0.333, -0.062, -1.436, 1.137, 0.446
2017-04-20 10:11:09,745, 1492675869745378397, 0.269, 0.325, -0.029, -1.502, 1.233, 0.317
2017-04-20 10:11:09,748, 1492675869748121058, 0.319, 0.258, -0.232, -1.554, 1.332, 0.28
2017-04-20 10:11:09,749, 1492675869749374333, 0.304, 0.284, -0.143, -1.532, 1.258, 0.361
2017-04-20 10:11:09,757, 1492675869756718500, 0.42, 0.361, -0.201, -1.499, 1.569, 0.256
2017-04-20 10:11:09,761, 1492675869761504125, 0.401, 0.354, -0.322, -1.724, 1.696, 0.256
2017-04-20 10:11:09,763, 1492675869763404932, 0.371, 0.346, -0.263, -1.769, 1.664, 0.22
2017-04-20 10:11:09,765, 1492675869765444271, 0.375, 0.345, -0.158, -1.791, 1.718, 0.207
2017-04-20 10:11:09,767, 1492675869767427977, 0.392, 0.39, -0.242, -1.871, 1.777, 0.22
2017-04-20 10:11:09,769, 1492675869769388457, 0.439, 0.4, -0.24, -1.998, 1.877, 0.22
2017-04-20 10:11:09,771, 1492675869771408550, 0.458, 0.392, -0.077, -2.052, 1.873, 0.272
2017-04-20 10:11:09,773, 1492675869773340343, 0.451, 0.42, -0.074, -2.101, 1.96, 0.263
2017-04-20 10:11:09,775, 1492675869775381858, 0.445, 0.42, -0.205, -2.127, 1.979, 0.146
2017-04-20 10:11:09,777, 1492675869777393831, 0.433, 0.431, -0.093, -2.206, 2.056, 0.138
2017-04-20 10:11:09,779, 1492675869779538268, 0.413, 0.398, -0.063, -2.304, 2.062, 0.133
2017-04-20 10:11:09,785, 1492675869785370578, 0.389, 0.392, -0.066, -2.498, 2.195, 0.155
2017-04-20 10:11:09,786, 1492675869786386021, 0.394, 0.411, -0.134, -2.497, 2.24, 0.118
2017-04-20 10:11:09,796, 1492675869792128621, 0.416, 0.381, -0.222, -2.482, 2.347, 0.077
2017-04-20 10:11:09,797, 1492675869793456820, 0.376, 0.339, -0.149, -2.438, 2.326, 0.085
2017-04-20 10:11:09,797, 1492675869795377173, 0.349, 0.352, -0.221, -2.48, 2.346, 0.098
2017-04-20 10:11:09,798, 1492675869797519991, 0.308, 0.347, -0.227, -2.535, 2.31, 0.065
2017-04-20 10:11:09,799, 1492675869799362404, 0.295, 0.345, -0.187, -2.602, 2.298, 0.093
2017-04-20 10:11:09,801, 1492675869801414777, 0.3, 0.36, -0.236, -2.66, 2.333, 0.09
2017-04-20 10:11:09,803, 1492675869803368477, 0.325, 0.369, -0.248, -2.693, 2.322, 0.125
2017-04-20 10:11:09,805, 1492675869805605810, 0.317, 0.388, -0.239, -2.721, 2.31, 0.101
2017-04-20 10:11:09,807, 1492675869807395129, 0.299, 0.362, -0.263, -2.694, 2.249, 0.077
2017-04-20 10:11:09,809, 1492675869809432969, 0.319, 0.388, -0.266, -2.693, 2.235, 0.106
2017-04-20 10:11:09,811, 1492675869811537083, 0.333, 0.401, -0.268, -2.713, 2.217, 0.097
2017-04-20 10:11:09,813, 1492675869813427695, 0.316, 0.376, -0.264, -2.739, 2.176, 0.093
2017-04-20 10:11:09,815, 1492675869815387197, 0.314, 0.375, -0.239, -2.753, 2.143, 0.09
2017-04-20 10:11:09,817, 1492675869817390231, 0.294, 0.378, -0.258, -2.733, 2.084, 0.093
2017-04-20 10:11:09,819, 1492675869819428473, 0.295, 0.379, -0.27, -2.744, 2.067, 0.073
2017-04-20 10:11:09,821, 1492675869821400275, 0.303, 0.379, -0.232, -2.769, 2.085, 0.114
2017-04-20 10:11:09,823, 1492675869823384772, 0.297, 0.378, -0.209, -2.832, 2.097, 0.085
2017-04-20 10:11:09,826, 1492675869826527922, 0.283, 0.377, -0.206, -2.876, 2.114, 0.093
2017-04-20 10:11:09,828, 1492675869828450517, 0.266, 0.392, -0.181, -2.924, 2.116, 0.069
2017-04-20 10:11:09,835, 1492675869834323140, 0.246, 0.385, -0.159, -3.007, 2.087, 0.082
2017-04-20 10:11:09,835, 1492675869835418355, 0.252, 0.403, -0.166, -3.02, 2.067, 0.117
2017-04-20 10:11:09,838, 1492675869838308687, 0.248, 0.396, -0.148, -3.026, 2.045, 0.118
2017-04-20 10:11:09,839, 1492675869839371097, 0.259, 0.403, -0.145, -2.995, 2.03, 0.109
2017-04-20 10:11:09,842, 1492675869842265982, 0.254, 0.397, -0.134, -2.964, 2.017, 0.101
2017-04-20 10:11:09,846, 1492675869846382833, 0.257, 0.366, -0.115, -2.891, 1.952, 0.118
2017-04-20 10:11:09,847, 1492675869847404046, 0.238, 0.373, -0.125, -2.867, 1.944, 0.114
2017-04-20 10:11:09,850, 1492675869850226288, 0.236, 0.361, -0.138, -2.827, 1.926, 0.093
2017-04-20 10:11:09,852, 1492675869852267976, 0.226, 0.354, -0.118, -2.801, 1.883, 0.101
2017-04-20 10:11:09,854, 1492675869854224808, 0.205, 0.34, -0.124, -2.755, 1.849, 0.118
2017-04-20 10:11:09,856, 1492675869856411722, 0.192, 0.317, -0.132, -2.678, 1.813, 0.098
2017-04-20 10:11:09,858, 1492675869858537276, 0.178, 0.316, -0.138, -2.617, 1.788, 0.098
2017-04-20 10:11:09,860, 1492675869860451181, 0.163, 0.315, -0.142, -2.513, 1.767, 0.11
2017-04-20 10:11:09,864, 1492675869864416775, 0.173, 0.282, -0.121, -2.307, 1.78, 0.138
2017-04-20 10:11:09,866, 1492675869866309223, 0.17, 0.27, -0.133, -2.225, 1.788, 0.122
2017-04-20 10:11:09,868, 1492675869868312361, 0.178, 0.273, -0.139, -2.11, 1.774, 0.117
2017-04-20 10:11:09,870, 1492675869870381888, 0.174, 0.262, -0.127, -2.003, 1.752, 0.126
2017-04-20 10:11:09,872, 1492675869872334436, 0.173, 0.239, -0.126, -1.922, 1.712, 0.118
2017-04-20 10:11:09,874, 1492675869874398923, 0.18, 0.236, -0.138, -1.866, 1.67, 0.117
2017-04-20 10:11:09,882, 1492675869882300002, 0.173, 0.212, -0.111, -1.746, 1.593, 0.118
2017-04-20 10:11:09,883, 1492675869883414609, 0.179, 0.216, -0.1, -1.723, 1.579, 0.122
2017-04-20 10:11:09,886, 1492675869885872747, 0.181, 0.213, -0.12, -1.707, 1.588, 0.122
2017-04-20 10:11:09,887, 1492675869887399345, 0.176, 0.199, -0.122, -1.679, 1.589, 0.114
2017-04-20 10:11:09,889, 1492675869889412253, 0.19, 0.231, 0.003, -1.67, 1.617, 0.114
2017-04-20 10:11:09,891, 1492675869891469956, 0.181, 0.227, -0.062, -1.728, 1.634, 0.109
2017-04-20 10:11:09,894, 1492675869894408074, 0.155, 0.199, -0.077, -1.772, 1.59, 0.117
2017-04-20 10:11:09,896, 1492675869896247451, 0.152, 0.216, 0.023, -1.789, 1.557, 0.122
2017-04-20 10:11:09,903, 1492675869903394969, 0.133, 0.219, 0.017, -1.823, 1.472, 0.122
2017-04-20 10:11:09,905, 1492675869905228275, 0.139, 0.218, -0.081, -1.769, 1.492, 0.114
2017-04-20 10:11:09,907, 1492675869907346911, 0.164, 0.202, -0.109, -1.659, 1.536, 0.138
2017-04-20 10:11:09,909, 1492675869909306057, 0.154, 0.198, -0.025, -1.563, 1.514, 0.15
2017-04-20 10:11:09,911, 1492675869911277875, 0.149, 0.176, -0.09, -1.452, 1.495, 0.101
2017-04-20 10:11:09,913, 1492675869913290358, 0.169, 0.163, -0.152, -1.375, 1.516, 0.13
2017-04-20 10:11:09,916, 1492675869915549765, 0.169, 0.185, -0.091, -1.34, 1.5, 0.138
2017-04-20 10:11:09,917, 1492675869917430022, 0.158, 0.15, -0.116, -1.334, 1.468, 0.142
2017-04-20 10:11:09,919, 1492675869919525414, 0.174, 0.148, -0.152, -1.358, 1.422, 0.171
2017-04-20 10:11:09,921, 1492675869921398492, 0.177, 0.175, -0.113, -1.377, 1.381, 0.207
2017-04-20 10:11:09,930, 1492675869929414665, 0.148, 0.188, -0.174, -1.405, 1.276, 0.187
2017-04-20 10:11:09,933, 1492675869932511222, 0.149, 0.194, -0.124, -1.381, 1.275, 0.182
2017-04-20 10:11:09,934, 1492675869934334975, 0.144, 0.21, -0.078, -1.375, 1.267, 0.199
2017-04-20 10:11:09,935, 1492675869935418976, 0.139, 0.207, -0.082, -1.388, 1.257, 0.228
2017-04-20 10:11:09,937, 1492675869937309059, 0.144, 0.209, -0.096, -1.403, 1.256, 0.227
2017-04-20 10:11:09,940, 1492675869939369306, 0.13, 0.196, -0.091, -1.435, 1.228, 0.219
2017-04-20 10:11:09,941, 1492675869941436848, 0.134, 0.196, -0.058, -1.457, 1.191, 0.212
2017-04-20 10:11:09,943, 1492675869943339947, 0.131, 0.186, -0.067, -1.468, 1.181, 0.231
2017-04-20 10:11:09,945, 1492675869945317250, 0.131, 0.192, -0.06, -1.457, 1.174, 0.215
2017-04-20 10:11:09,947, 1492675869947367009, 0.139, 0.192, -0.039, -1.44, 1.174, 0.203
2017-04-20 10:11:09,949, 1492675869949356464, 0.134, 0.162, -0.045, -1.414, 1.182, 0.199
2017-04-20 10:11:09,951, 1492675869951409257, 0.138, 0.157, -0.061, -1.372, 1.19, 0.174
2017-04-20 10:11:09,953, 1492675869953310530, 0.142, 0.164, -0.057, -1.356, 1.211, 0.179
2017-04-20 10:11:09,955, 1492675869955421817, 0.125, 0.157, -0.064, -1.342, 1.209, 0.199
2017-04-20 10:11:09,957, 1492675869957333548, 0.126, 0.148, -0.081, -1.34, 1.201, 0.198
2017-04-20 10:11:09,959, 1492675869959409346, 0.137, 0.17, -0.068, -1.34, 1.212, 0.22
2017-04-20 10:11:09,961, 1492675869961329350, 0.145, 0.163, -0.069, -1.34, 1.214, 0.219
2017-04-20 10:11:09,963, 1492675869963358527, 0.143, 0.177, -0.076, -1.315, 1.211, 0.22
2017-04-20 10:11:09,968, 1492675869968482878, 0.118, 0.178, -0.082, -1.29, 1.206, 0.211
2017-04-20 10:11:09,970, 1492675869970430949, 0.134, 0.163, -0.101, -1.145, 1.229, 0.195
2017-04-20 10:11:09,973, 1492675869972397036, 0.141, 0.162, -0.102, -1.083, 1.245, 0.198
2017-04-20 10:11:09,974, 1492675869974421872, 0.148, 0.144, -0.102, -1.033, 1.269, 0.182
2017-04-20 10:11:09,976, 1492675869976331415, 0.146, 0.137, -0.104, -1.001, 1.28, 0.166
2017-04-20 10:11:09,978, 1492675869978435677, 0.137, 0.136, -0.1, -0.981, 1.29, 0.195
2017-04-20 10:11:09,980, 1492675869980363351, 0.15, 0.127, -0.099, -0.972, 1.308, 0.199
2017-04-20 10:11:09,982, 1492675869982421601, 0.165, 0.139, -0.07, -0.962, 1.309, 0.171
2017-04-20 10:11:09,988, 1492675869988372093, 0.147, 0.129, -0.064, -0.924, 1.271, 0.179
2017-04-20 10:11:09,990, 1492675869990219539, 0.146, 0.125, -0.052, -0.921, 1.265, 0.174
2017-04-20 10:11:10,002, 1492675869992261715, 0.144, 0.143, -0.079, -0.906, 1.26, 0.191
2017-04-20 10:11:10,003, 1492675870003433347, 0.149, 0.152, -0.055, -0.961, 1.215, 0.22
2017-04-20 10:11:10,005, 1492675870005268462, 0.15, 0.141, -0.056, -0.961, 1.208, 0.223
2017-04-20 10:11:10,007, 1492675870007391384, 0.144, 0.147, -0.063, -0.956, 1.177, 0.22
2017-04-20 10:11:10,009, 1492675870009324323, 0.142, 0.133, -0.054, -0.946, 1.15, 0.228
2017-04-20 10:11:10,011, 1492675870011361682, 0.138, 0.123, -0.086, -0.927, 1.125, 0.203
2017-04-20 10:11:10,013, 1492675870013260158, 0.138, 0.119, -0.094, -0.91, 1.111, 0.215
2017-04-20 10:11:10,015, 1492675870015307388, 0.147, 0.122, -0.096, -0.908, 1.103, 0.203
2017-04-20 10:11:10,017, 1492675870017349790, 0.129, 0.127, -0.084, -0.921, 1.102, 0.215
2017-04-20 10:11:10,019, 1492675870019343525, 0.132, 0.135, -0.072, -0.946, 1.095, 0.22
2017-04-20 10:11:10,021, 1492675870021267746, 0.132, 0.143, -0.075, -0.993, 1.084, 0.223
2017-04-20 10:11:10,024, 1492675870024481306, 0.114, 0.15, -0.081, -1.041, 1.072, 0.215
2017-04-20 10:11:10,026, 1492675870026408077, 0.115, 0.14, -0.1, -1.095, 1.077, 0.212
2017-04-20 10:11:10,028, 1492675870028430048, 0.124, 0.162, -0.081, -1.119, 1.105, 0.219
2017-04-20 10:11:10,030, 1492675870030229685, 0.12, 0.171, -0.071, -1.148, 1.113, 0.187
2017-04-20 10:11:10,031, 1492675870031407449, 0.109, 0.168, -0.096, -1.159, 1.11, 0.174
2017-04-20 10:11:10,036, 1492675870036407129, 0.109, 0.171, -0.084, -1.194, 1.137, 0.19
2017-04-20 10:11:10,038, 1492675870038793555, 0.137, 0.17, -0.091, -1.235, 1.152, 0.166
2017-04-20 10:11:10,040, 1492675870040385191, 0.118, 0.162, -0.076, -1.255, 1.151, 0.187
2017-04-20 10:11:10,042, 1492675870042457174, 0.134, 0.167, -0.073, -1.269, 1.162, 0.212
2017-04-20 10:11:10,049, 1492675870049399591, 0.133, 0.16, -0.059, -1.286, 1.172, 0.195
2017-04-20 10:11:10,051, 1492675870051252529, 0.125, 0.17, -0.068, -1.276, 1.167, 0.19
2017-04-20 10:11:10,053, 1492675870053451591, 0.119, 0.156, -0.061, -1.261, 1.143, 0.171
2017-04-20 10:11:10,055, 1492675870055322268, 0.092, 0.148, -0.047, -1.237, 1.117, 0.155
2017-04-20 10:11:10,057, 1492675870057257606, 0.073, 0.132, -0.064, -1.193, 1.075, 0.163
2017-04-20 10:11:10,059, 1492675870059299903, 0.049, 0.118, -0.048, -1.133, 1.039, 0.171
2017-04-20 10:11:10,061, 1492675870061433688, 0.025, 0.093, -0.072, -1.05, 1.001, 0.195
2017-04-20 10:11:10,063, 1492675870063432755, 0.011, 0.067, -0.105, -0.918, 0.959, 0.195
2017-04-20 10:11:10,069, 1492675870065255580, 0.012, 0.059, -0.115, -0.837, 0.935, 0.203
2017-04-20 10:11:10,069, 1492675870067365223, 0.0, 0.034, -0.129, -0.73, 0.896, 0.236
2017-04-20 10:11:10,069, 1492675870069269723, -0.009, 0.025, -0.193, -0.649, 0.866, 0.284
2017-04-20 10:11:10,071, 1492675870071266410, -0.009, 0.02, -0.224, -0.574, 0.845, 0.292
2017-04-20 10:11:10,073, 1492675870073262187, -0.039, 0.016, -0.208, -0.494, 0.812, 0.248
2017-04-20 10:11:10,075, 1492675870075415962, -0.032, 0.02, -0.253, -0.365, 0.81, 0.243
2017-04-20 10:11:10,077, 1492675870077243088, -0.029, 0.004, -0.3, -0.289, 0.8, 0.243
2017-04-20 10:11:10,081, 1492675870081424682, -0.045, -0.027, -0.326, -0.082, 0.723, 0.288
2017-04-20 10:11:10,083, 1492675870083394621, -0.058, -0.012, -0.35, -0.027, 0.692, 0.279
2017-04-20 10:11:10,085, 1492675870085399185, -0.069, -0.016, -0.379, 0.032, 0.687, 0.276
2017-04-20 10:11:10,087, 1492675870087401991, -0.061, -0.006, -0.365, 0.087, 0.657, 0.325
2017-04-20 10:11:10,089, 1492675870089331610, -0.06, -0.019, -0.362, 0.102, 0.639, 0.328
2017-04-20 10:11:10,091, 1492675870091283055, -0.056, -0.033, -0.384, 0.091, 0.656, 0.304
2017-04-20 10:11:10,093, 1492675870093310409, -0.056, -0.022, -0.397, 0.096, 0.639, 0.317
2017-04-20 10:11:10,095, 1492675870095295536, -0.076, -0.029, -0.367, 0.075, 0.644, 0.304
2017-04-20 10:11:10,097, 1492675870097304056, -0.063, -0.024, -0.381, 0.062, 0.634, 0.32
2017-04-20 10:11:10,099, 1492675870099367097, -0.08, -0.031, -0.397, 0.045, 0.643, 0.304
2017-04-20 10:11:10,101, 1492675870101456997, -0.05, -0.032, -0.39, 0.016, 0.671, 0.312
2017-04-20 10:11:10,103, 1492675870103278687, -0.036, -0.023, -0.367, 0.033, 0.649, 0.304
2017-04-20 10:11:10,106, 1492675870106430194, -0.019, -0.007, -0.377, 0.01, 0.631, 0.248
2017-04-20 10:11:10,108, 1492675870108196124, 0.011, 0.019, -0.414, -0.051, 0.689, 0.219
2017-04-20 10:11:10,109, 1492675870109399098, 0.002, 0.021, -0.396, -0.111, 0.676, 0.263
2017-04-20 10:11:10,111, 1492675870111268665, -0.026, -0.005, -0.385, -0.119, 0.63, 0.309
2017-04-20 10:11:10,113, 1492675870113307416, 0.009, 0.034, -0.374, -0.178, 0.693, 0.353
2017-04-20 10:11:10,115, 1492675870115325520, 0.028, 0.035, -0.442, -0.279, 0.759, 0.328
2017-04-20 10:11:10,117, 1492675870117387881, 0.031, 0.025, -0.495, -0.238, 0.735, 0.26
2017-04-20 10:11:10,119, 1492675870119288021, -0.005, 0.043, -0.478, -0.203, 0.72, 0.268
2017-04-20 10:11:10,121, 1492675870121285578, -0.047, 0.029, -0.526, -0.176, 0.662, 0.304
2017-04-20 10:11:10,123, 1492675870123539797, -0.055, 0.013, -0.611, -0.1, 0.548, 0.325
2017-04-20 10:11:10,125, 1492675870125343513, -0.071, 0.006, -0.535, -0.031, 0.574, 0.179
2017-04-20 10:11:10,127, 1492675870127235905, -0.051, 0.018, -0.621, 0.062, 0.471, 0.271
2017-04-20 10:11:10,129, 1492675870129286289, -0.057, 0.024, -0.629, 0.133, 0.427, 0.353
2017-04-20 10:11:10,131, 1492675870131269374, 0.033, 0.067, -0.605, 0.156, 0.521, 0.32
2017-04-20 10:11:10,133, 1492675870133360048, 0.099, 0.108, -0.616, 0.135, 0.564, 0.252
2017-04-20 10:11:10,135, 1492675870135323489, 0.115, 0.133, -0.629, 0.024, 0.62, 0.268
2017-04-20 10:11:10,138, 1492675870138038392, 0.136, 0.111, -0.657, -0.084, 0.651, 0.358
2017-04-20 10:11:10,139, 1492675870139404962, 0.168, 0.163, -0.663, -0.264, 0.758, 0.361
2017-04-20 10:11:10,141, 1492675870141408497, 0.176, 0.19, -0.652, -0.36, 0.777, 0.312
2017-04-20 10:11:10,143, 1492675870143367630, 0.207, 0.202, -0.575, -0.472, 0.867, 0.353
2017-04-20 10:11:10,145, 1492675870145349240, 0.212, 0.206, -0.614, -0.566, 0.824, 0.426
2017-04-20 10:11:10,147, 1492675870147281082, 0.239, 0.229, -0.522, -0.676, 0.919, 0.431
2017-04-20 10:11:10,149, 1492675870149334210, 0.327, 0.293, -0.399, -0.87, 1.069, 0.401
2017-04-20 10:11:10,151, 1492675870151305746, 0.372, 0.315, -0.359, -1.059, 1.154, 0.414
2017-04-20 10:11:10,153, 1492675870153317931, 0.446, 0.347, -0.573, -1.342, 1.429, 0.325
2017-04-20 10:11:10,155, 1492675870155363573, 0.379, 0.313, -0.316, -1.57, 1.32, 0.661
2017-04-20 10:11:10,157, 1492675870157398498, 0.34, 0.407, -0.258, -1.961, 1.304, 0.853
2017-04-20 10:11:10,159, 1492675870159255094, 0.278, 0.3, -0.461, -2.239, 1.322, 0.95
2017-04-20 10:11:10,161, 1492675870161309462, 0.217, 0.316, -0.431, -2.557, 1.33, 1.145
2017-04-20 10:11:10,163, 1492675870163248334, 0.259, 0.383, -0.247, -2.676, 1.463, 1.433
2017-04-20 10:11:10,165, 1492675870165306345, 0.435, 0.44, -0.434, -2.732, 1.889, 1.308
2017-04-20 10:11:10,167, 1492675870167276423, 0.679, 0.565, -0.655, -2.66, 2.258, 0.853
2017-04-20 10:11:10,169, 1492675870169384674, 0.686, 0.587, -0.366, -2.49, 2.149, 0.718
2017-04-20 10:11:10,171, 1492675870171271649, 0.609, 0.516, -0.344, -2.357, 1.957, 0.848
2017-04-20 10:11:10,173, 1492675870173581265, 0.53, 0.499, -0.727, -2.361, 1.799, 1.1
2017-04-20 10:11:10,175, 1492675870175362149, 0.466, 0.546, -0.667, -2.482, 1.75, 1.007
2017-04-20 10:11:10,180, 1492675870180414258, 0.592, 0.553, -0.801, -2.735, 1.898, 0.986
2017-04-20 10:11:10,182, 1492675870182197782, 0.648, 0.542, -0.736, -2.819, 2.075, 1.084
2017-04-20 10:11:10,185, 1492675870185104746, 0.699, 0.587, -0.911, -2.828, 2.132, 1.243
2017-04-20 10:11:10,187, 1492675870186374671, 0.586, 0.586, -1.126, -2.554, 1.859, 1.465
2017-04-20 10:11:10,188, 1492675870188425509, 0.626, 0.615, -1.358, -2.395, 1.941, 1.332
2017-04-20 10:11:10,190, 1492675870190244318, 0.67, 0.651, -1.76, -2.216, 2.012, 1.097
2017-04-20 10:11:10,192, 1492675870192287252, 0.582, 0.544, -1.904, -1.852, 1.78, 0.609
2017-04-20 10:11:10,195, 1492675870195419037, 0.359, 0.455, -1.938, -1.658, 1.319, 0.52
2017-04-20 10:11:10,197, 1492675870197220423, 0.288, 0.454, -1.995, -1.545, 1.199, 0.779
2017-04-20 10:11:10,198, 1492675870198371383, 0.355, 0.457, -1.97, -1.517, 1.393, 0.902
2017-04-20 10:11:10,200, 1492675870200300648, 0.494, 0.436, -1.966, -1.543, 1.767, 1.186
2017-04-20 10:11:10,202, 1492675870202277507, 0.719, 0.422, -1.958, -1.721, 2.216, 1.019
2017-04-20 10:11:10,209, 1492675870209393297, 0.729, 0.417, -1.968, -1.663, 2.109, 0.43
2017-04-20 10:11:10,211, 1492675870211337931, 0.365, 0.382, -2.026, -1.898, 1.834, 0.52
2017-04-20 10:11:10,217, 1492675870217426439, 0.511, 0.287, -2.021, -1.96, 2.319, 0.722
2017-04-20 10:11:10,219, 1492675870219236737, 0.425, 0.304, -2.042, -2.024, 2.216, 0.629
2017-04-20 10:11:10,221, 1492675870221415926, 0.306, 0.365, -2.073, -2.186, 2.138, 0.71
2017-04-20 10:11:10,223, 1492675870223272792, 0.269, 0.425, -2.098, -2.345, 2.116, 0.926
2017-04-20 10:11:10,225, 1492675870225308270, 0.307, 0.469, -2.108, -2.492, 2.233, 0.86
2017-04-20 10:11:10,229, 1492675870229393926, 0.444, 0.324, -2.104, -2.283, 2.451, 0.97
2017-04-20 10:11:10,231, 1492675870231208895, 0.389, 0.293, -2.12, -2.277, 2.368, 1.007
2017-04-20 10:11:10,241, 1492675870236262228, 0.314, 0.3, -2.145, -2.292, 2.232, 0.865
2017-04-20 10:11:10,241, 1492675870238336697, 0.33, 0.408, -2.166, -2.507, 2.182, 0.71
2017-04-20 10:11:10,241, 1492675870239387173, 0.339, 0.378, -2.161, -2.465, 2.166, 0.649
2017-04-20 10:11:10,242, 1492675870242294603, 0.333, 0.334, -2.188, -2.367, 2.204, 0.601
2017-04-20 10:11:10,244, 1492675870244320275, 0.344, 0.164, -2.284, -2.327, 2.287, 0.678
2017-04-20 10:11:10,245, 1492675870245398760, 0.321, 0.315, -2.985, -3.517, 2.385, 0.612
2017-04-20 10:11:10,248, 1492675870248244831, 0.299, 0.46, -2.879, -3.445, 2.218, 0.588
2017-04-20 10:11:10,249, 1492675870249402195, 0.235, 0.589, -2.501, -2.822, 2.046, 0.544
2017-04-20 10:11:10,252, 1492675870252223354, 0.268, 0.497, -2.507, -2.828, 2.066, 0.577
2017-04-20 10:11:10,253, 1492675870253399554, 0.308, 0.37, -2.714, -2.797, 2.031, 0.666
2017-04-20 10:11:10,255, 1492675870255359937, 0.279, 0.301, -2.972, -2.482, 1.98, 0.552
2017-04-20 10:11:10,257, 1492675870257411917, 0.289, 0.368, -2.915, -2.369, 1.981, 0.653
2017-04-20 10:11:10,259, 1492675870259379125, 0.21, 0.49, -2.738, -2.429, 1.766, 0.723
2017-04-20 10:11:10,261, 1492675870261394728, 0.227, 0.48, -3.04, -2.366, 1.828, 0.645
2017-04-20 10:11:10,263, 1492675870263381820, 0.254, 0.407, -3.06, -2.419, 1.803, 0.727
2017-04-20 10:11:10,265, 1492675870265407420, 0.248, 0.33, -2.992, -2.561, 1.756, 0.71
2017-04-20 10:11:10,268, 1492675870267865287, 0.271, 0.31, -3.207, -2.601, 1.886, 0.677
2017-04-20 10:11:10,269, 1492675870269394233, 0.32, 0.321, -3.22, -2.547, 1.983, 0.661
2017-04-20 10:11:10,271, 1492675870271471900, 0.323, 0.362, -3.081, -2.601, 2.045, 0.58
2017-04-20 10:11:10,279, 1492675870278447210, 0.372, 0.343, -3.165, -2.584, 2.19, 0.685
2017-04-20 10:11:10,280, 1492675870280396201, 0.344, 0.35, -3.138, -2.562, 2.139, 0.669
2017-04-20 10:11:10,282, 1492675870282388511, 0.282, 0.347, -3.026, -2.489, 2.005, 0.71
2017-04-20 10:11:10,284, 1492675870284343390, 0.254, 0.358, -2.976, -2.402, 1.995, 0.796
2017-04-20 10:11:10,286, 1492675870286386204, 0.275, 0.373, -2.989, -2.342, 2.068, 0.78
2017-04-20 10:11:10,288, 1492675870288307675, 0.331, 0.346, -2.981, -2.273, 2.173, 0.788
2017-04-20 10:11:10,290, 1492675870290415841, 0.337, 0.288, -2.937, -2.234, 2.155, 0.775
2017-04-20 10:11:10,292, 1492675870292386330, 0.327, 0.266, -3.005, -2.298, 2.126, 0.772
2017-04-20 10:11:10,294, 1492675870294424886, 0.281, 0.255, -2.993, -2.348, 2.052, 0.727
2017-04-20 10:11:10,296, 1492675870296319458, 0.245, 0.295, -3.02, -2.314, 1.962, 0.674
2017-04-20 10:11:10,298, 1492675870298356253, 0.236, 0.281, -3.117, -2.224, 1.917, 0.625
2017-04-20 10:11:10,300, 1492675870300261857, 0.24, 0.241, -3.128, -2.107, 1.861, 0.629
2017-04-20 10:11:10,302, 1492675870302338672, 0.273, 0.203, -3.1, -1.973, 1.843, 0.625
2017-04-20 10:11:10,309, 1492675870308658543, 0.281, 0.19, -3.165, -1.815, 1.843, 0.609
2017-04-20 10:11:10,310, 1492675870310402553, 0.228, 0.278, -3.225, -1.447, 1.668, 0.674
2017-04-20 10:11:10,313, 1492675870313498934, 0.235, 0.247, -3.18, -1.418, 1.631, 0.686
2017-04-20 10:11:10,315, 1492675870315410467, 0.241, 0.254, -3.159, -1.403, 1.602, 0.69
2017-04-20 10:11:10,317, 1492675870317196307, 0.239, 0.264, -3.14, -1.428, 1.573, 0.669
2017-04-20 10:11:10,318, 1492675870318386761, 0.222, 0.273, -3.09, -1.501, 1.528, 0.645
2017-04-20 10:11:10,320, 1492675870320426816, 0.213, 0.279, -3.033, -1.596, 1.514, 0.661
2017-04-20 10:11:10,322, 1492675870322416372, 0.222, 0.267, -2.967, -1.71, 1.496, 0.653
2017-04-20 10:11:10,324, 1492675870324384766, 0.224, 0.261, -2.95, -1.836, 1.492, 0.617
2017-04-20 10:11:10,326, 1492675870326385187, 0.229, 0.27, -2.929, -2.006, 1.486, 0.629
2017-04-20 10:11:10,328, 1492675870328377106, 0.215, 0.276, -2.913, -2.163, 1.49, 0.609
2017-04-20 10:11:10,330, 1492675870330426108, 0.186, 0.279, -2.886, -2.29, 1.476, 0.617
2017-04-20 10:11:10,332, 1492675870332393701, 0.192, 0.315, -2.801, -2.368, 1.504, 0.653
2017-04-20 10:11:10,334, 1492675870334385957, 0.217, 0.357, -2.76, -2.478, 1.575, 0.677
2017-04-20 10:11:10,336, 1492675870336366588, 0.225, 0.353, -2.747, -2.576, 1.607, 0.677
2017-04-20 10:11:10,339, 1492675870339418597, 0.185, 0.352, -2.68, -2.574, 1.53, 0.718
2017-04-20 10:11:10,346, 1492675870345404258, 0.198, 0.363, -2.674, -2.618, 1.543, 0.702
2017-04-20 10:11:10,348, 1492675870348437234, 0.196, 0.373, -2.642, -2.694, 1.482, 0.682
2017-04-20 10:11:10,350, 1492675870350314766, 0.213, 0.35, -2.649, -2.708, 1.503, 0.666
2017-04-20 10:11:10,351, 1492675870351363316, 0.227, 0.354, -2.66, -2.694, 1.546, 0.628
2017-04-20 10:11:10,353, 1492675870353383472, 0.231, 0.343, -2.637, -2.674, 1.559, 0.645
2017-04-20 10:11:10,355, 1492675870355449861, 0.217, 0.343, -2.644, -2.622, 1.506, 0.658
2017-04-20 10:11:10,357, 1492675870357381648, 0.212, 0.34, -2.647, -2.601, 1.499, 0.666
2017-04-20 10:11:10,364, 1492675870364409600, 0.201, 0.341, -2.669, -2.292, 1.458, 0.691
2017-04-20 10:11:10,366, 1492675870366210894, 0.22, 0.364, -2.624, -2.186, 1.447, 0.69
2017-04-20 10:11:10,368, 1492675870368298184, 0.209, 0.343, -2.622, -2.04, 1.446, 0.682
2017-04-20 10:11:10,372, 1492675870370370457, 0.201, 0.322, -2.631, -1.912, 1.415, 0.678
2017-04-20 10:11:10,376, 1492675870376316878, 0.186, 0.31, -2.609, -1.811, 1.381, 0.682
2017-04-20 10:11:10,377, 1492675870377370567, 0.191, 0.284, -2.634, -1.705, 1.349, 0.69
2017-04-20 10:11:10,379, 1492675870379402602, 0.182, 0.237, -2.618, -1.689, 1.35, 0.702
2017-04-20 10:11:10,382, 1492675870382186824, 0.191, 0.232, -2.614, -1.686, 1.36, 0.71
2017-04-20 10:11:10,383, 1492675870383415533, 0.196, 0.226, -2.585, -1.678, 1.385, 0.715
2017-04-20 10:11:10,386, 1492675870386354398, 0.205, 0.213, -2.56, -1.668, 1.406, 0.735
2017-04-20 10:11:10,388, 1492675870388198900, 0.214, 0.23, -2.559, -1.667, 1.414, 0.726
2017-04-20 10:11:10,390, 1492675870390188471, 0.199, 0.227, -2.572, -1.67, 1.432, 0.735
2017-04-20 10:11:10,391, 1492675870391433545, 0.196, 0.231, -2.568, -1.68, 1.448, 0.731
2017-04-20 10:11:10,394, 1492675870394197849, 0.191, 0.243, -2.538, -1.679, 1.478, 0.731
2017-04-20 10:11:10,396, 1492675870396223642, 0.195, 0.246, -2.51, -1.697, 1.526, 0.718
2017-04-20 10:11:10,397, 1492675870397381171, 0.216, 0.26, -2.492, -1.738, 1.572, 0.707
2017-04-20 10:11:10,399, 1492675870399406798, 0.225, 0.261, -2.462, -1.773, 1.611, 0.71
2017-04-20 10:11:10,402, 1492675870402187970, 0.239, 0.261, -2.447, -1.82, 1.646, 0.714
2017-04-20 10:11:10,405, 1492675870405555480, 0.252, 0.263, -2.434, -1.917, 1.664, 0.742
2017-04-20 10:11:10,407, 1492675870407367029, 0.264, 0.268, -2.441, -1.927, 1.665, 0.775
2017-04-20 10:11:10,412, 1492675870412326048, 0.26, 0.257, -2.406, -1.902, 1.66, 0.796
2017-04-20 10:11:10,413, 1492675870413379898, 0.262, 0.266, -2.386, -1.852, 1.636, 0.755
2017-04-20 10:11:10,415, 1492675870415409669, 0.253, 0.271, -2.386, -1.84, 1.616, 0.734
2017-04-20 10:11:10,418, 1492675870418496254, 0.224, 0.294, -2.404, -1.855, 1.587, 0.706
2017-04-20 10:11:10,420, 1492675870420335038, 0.219, 0.286, -2.406, -1.896, 1.557, 0.694
2017-04-20 10:11:10,421, 1492675870421364709, 0.206, 0.304, -2.434, -1.935, 1.538, 0.666
2017-04-20 10:11:10,424, 1492675870424196801, 0.203, 0.303, -2.443, -1.96, 1.516, 0.642
2017-04-20 10:11:10,426, 1492675870426355017, 0.201, 0.304, -2.453, -1.985, 1.482, 0.65
2017-04-20 10:11:10,427, 1492675870427414534, 0.189, 0.307, -2.45, -2.011, 1.458, 0.661
2017-04-20 10:11:10,429, 1492675870429371865, 0.185, 0.291, -2.454, -2.033, 1.429, 0.674
2017-04-20 10:11:10,431, 1492675870431410943, 0.198, 0.318, -2.465, -2.036, 1.397, 0.666
2017-04-20 10:11:10,435, 1492675870435406176, 0.191, 0.303, -2.436, -2.057, 1.334, 0.682
2017-04-20 10:11:10,437, 1492675870437233857, 0.187, 0.309, -2.44, -2.077, 1.302, 0.674
2017-04-20 10:11:10,438, 1492675870438380793, 0.176, 0.303, -2.421, -2.097, 1.278, 0.691
2017-04-20 10:11:10,439, 1492675870439403320, 0.18, 0.308, -2.437, -2.105, 1.264, 0.682
2017-04-20 10:11:10,446, 1492675870446393923, 0.179, 0.314, -2.373, -2.065, 1.224, 0.666
2017-04-20 10:11:10,448, 1492675870448257474, 0.173, 0.32, -2.385, -2.052, 1.216, 0.658
2017-04-20 10:11:10,450, 1492675870450319631, 0.162, 0.313, -2.403, -2.053, 1.21, 0.658
2017-04-20 10:11:10,452, 1492675870452296391, 0.17, 0.311, -2.391, -2.073, 1.195, 0.661
2017-04-20 10:11:10,454, 1492675870454251003, 0.171, 0.313, -2.396, -2.103, 1.197, 0.691
2017-04-20 10:11:10,456, 1492675870456306072, 0.167, 0.322, -2.405, -2.125, 1.225, 0.694
2017-04-20 10:11:10,460, 1492675870460429209, 0.199, 0.318, -2.425, -2.142, 1.297, 0.71
2017-04-20 10:11:10,462, 1492675870462360652, 0.208, 0.317, -2.431, -2.144, 1.322, 0.715
2017-04-20 10:11:10,464, 1492675870464570301, 0.215, 0.316, -2.428, -2.14, 1.353, 0.71
2017-04-20 10:11:10,466, 1492675870466372960, 0.215, 0.311, -2.424, -2.121, 1.38, 0.718
2017-04-20 10:11:10,468, 1492675870468392036, 0.217, 0.323, -2.399, -2.095, 1.409, 0.707
2017-04-20 10:11:10,470, 1492675870470311368, 0.226, 0.315, -2.398, -2.069, 1.44, 0.694
2017-04-20 10:11:10,481, 1492675870476505652, 0.219, 0.309, -2.37, -1.986, 1.482, 0.722
2017-04-20 10:11:10,483, 1492675870483392958, 0.228, 0.275, -2.319, -1.787, 1.575, 0.751
2017-04-20 10:11:10,485, 1492675870485384108, 0.236, 0.262, -2.337, -1.771, 1.586, 0.735
2017-04-20 10:11:10,487, 1492675870487421154, 0.248, 0.273, -2.343, -1.767, 1.598, 0.739
2017-04-20 10:11:10,489, 1492675870489390476, 0.245, 0.284, -2.369, -1.777, 1.618, 0.747
2017-04-20 10:11:10,491, 1492675870491417342, 0.28, 0.298, -2.391, -1.805, 1.639, 0.772
2017-04-20 10:11:10,493, 1492675870493430313, 0.292, 0.306, -2.524, -1.844, 1.681, 0.751
2017-04-20 10:11:10,495, 1492675870495460158, 0.31, 0.307, -2.592, -1.803, 1.683, 0.78
2017-04-20 10:11:10,497, 1492675870497336147, 0.331, 0.345, -2.624, -1.768, 1.669, 0.82
2017-04-20 10:11:10,499, 1492675870499379810, 0.356, 0.333, -2.802, -1.766, 1.721, 0.84
2017-04-20 10:11:10,501, 1492675870501352191, 0.387, 0.341, -2.855, -1.783, 1.738, 0.848
2017-04-20 10:11:10,503, 1492675870503382412, 0.414, 0.362, -2.938, -1.807, 1.764, 0.888
2017-04-20 10:11:10,505, 1492675870505387866, 0.42, 0.35, -3.054, -1.879, 1.782, 0.864
2017-04-20 10:11:10,507, 1492675870507429925, 0.397, 0.343, -3.127, -1.961, 1.75, 0.865
2017-04-20 10:11:10,509, 1492675870509728087, 0.389, 0.347, -3.209, -2.048, 1.725, 0.877
2017-04-20 10:11:10,511, 1492675870511384558, 0.416, 0.362, -3.353, -2.144, 1.735, 0.864
2017-04-20 10:11:10,513, 1492675870513379589, 0.448, 0.383, -3.396, -2.191, 1.77, 0.848
2017-04-20 10:11:10,515, 1492675870515408128, 0.482, 0.402, -3.405, -2.243, 1.803, 0.815
2017-04-20 10:11:10,517, 1492675870517357901, 0.481, 0.415, -3.443, -2.29, 1.789, 0.771
2017-04-20 10:11:10,519, 1492675870519515477, 0.456, 0.398, -3.461, -2.35, 1.774, 0.726
2017-04-20 10:11:10,521, 1492675870521435121, 0.433, 0.391, -3.439, -2.417, 1.767, 0.715
2017-04-20 10:11:10,523, 1492675870523402085, 0.424, 0.402, -3.447, -2.494, 1.767, 0.734
2017-04-20 10:11:10,525, 1492675870525365744, 0.446, 0.417, -3.39, -2.667, 1.861, 0.685
2017-04-20 10:11:10,527, 1492675870527383676, 0.444, 0.424, -3.299, -2.873, 1.897, 0.702
2017-04-20 10:11:10,529, 1492675870529379073, 0.418, 0.412, -3.225, -3.057, 1.974, 0.747
2017-04-20 10:11:10,531, 1492675870531426071, 0.381, 0.418, -3.173, -3.181, 2.029, 0.763
2017-04-20 10:11:10,533, 1492675870533366598, 0.354, 0.436, -3.173, -3.297, 2.102, 0.718
2017-04-20 10:11:10,535, 1492675870535404009, 0.361, 0.438, -3.106, -3.4, 2.195, 0.766
2017-04-20 10:11:10,537, 1492675870537366034, 0.379, 0.46, -3.059, -3.446, 2.236, 0.799
2017-04-20 10:11:10,539, 1492675870539397786, 0.357, 0.447, -3.035, -3.45, 2.285, 0.812
2017-04-20 10:11:10,545, 1492675870544712698, 0.323, 0.459, -2.987, -3.363, 2.197, 0.824
2017-04-20 10:11:10,546, 1492675870546560312, 0.315, 0.443, -3.089, -3.106, 2.166, 0.808
2017-04-20 10:11:10,549, 1492675870549308749, 0.477, 0.547, -3.494, -2.905, 2.284, 1.067
2017-04-20 10:11:10,550, 1492675870550438188, 0.506, 0.613, -3.024, -2.501, 2.083, 1.137
2017-04-20 10:11:10,552, 1492675870552399524, 0.556, 0.557, -2.906, -2.262, 1.97, 1.21
2017-04-20 10:11:10,554, 1492675870554388830, 0.463, 0.409, -3.134, -2.103, 1.667, 1.007
2017-04-20 10:11:10,556, 1492675870556356233, 0.472, 0.365, -3.395, -1.987, 1.535, 0.783
2017-04-20 10:11:10,558, 1492675870558445742, 0.527, 0.477, -3.394, -1.952, 1.551, 0.918
2017-04-20 10:11:10,560, 1492675870560355536, 0.612, 0.63, -3.412, -1.885, 1.563, 1.056
2017-04-20 10:11:10,562, 1492675870562386234, 0.672, 0.671, -3.33, -1.636, 1.514, 1.039
2017-04-20 10:11:10,564, 1492675870564347781, 0.712, 0.594, -3.399, -1.384, 1.478, 0.893
2017-04-20 10:11:10,566, 1492675870566387326, 0.728, 0.489, -3.48, -1.183, 1.408, 0.829
2017-04-20 10:11:10,568, 1492675870568382992, 0.745, 0.494, -3.419, -0.998, 1.336, 1.023
2017-04-20 10:11:10,570, 1492675870570375929, 0.772, 0.592, -3.387, -0.884, 1.355, 1.23
2017-04-20 10:11:10,572, 1492675870572381035, 0.824, 0.681, -3.477, -0.92, 1.385, 1.34
2017-04-20 10:11:10,577, 1492675870576238678, 0.888, 0.691, -3.453, -0.971, 1.444, 1.482
2017-04-20 10:11:10,582, 1492675870582381275, 1.008, 0.687, -3.234, -0.851, 1.566, 1.47
2017-04-20 10:11:10,584, 1492675870584201307, 1.045, 0.696, -3.194, -0.885, 1.639, 1.413
2017-04-20 10:11:10,586, 1492675870586302136, 1.058, 0.684, -3.105, -0.936, 1.651, 1.376
2017-04-20 10:11:10,593, 1492675870593400351, 1.01, 0.705, -2.959, -0.98, 1.724, 1.624
2017-04-20 10:11:10,595, 1492675870595170097, 1.024, 0.687, -2.937, -0.948, 1.765, 1.641
2017-04-20 10:11:10,597, 1492675870597265908, 1.047, 0.668, -2.927, -0.858, 1.808, 1.636
2017-04-20 10:11:10,599, 1492675870599233603, 1.061, 0.677, -2.932, -0.795, 1.857, 1.628
2017-04-20 10:11:10,604, 1492675870604378231, 1.006, 0.693, -3.01, -0.697, 1.806, 1.535
2017-04-20 10:11:10,605, 1492675870605337856, 1.014, 0.699, -3.05, -0.684, 1.8, 1.519
2017-04-20 10:11:10,608, 1492675870608262203, 1.04, 0.69, -3.095, -0.648, 1.834, 1.462
2017-04-20 10:11:10,610, 1492675870610246504, 1.07, 0.681, -3.135, -0.565, 1.853, 1.397
2017-04-20 10:11:10,617, 1492675870616391736, 1.081, 0.667, -3.14, -0.458, 1.843, 1.409
2017-04-20 10:11:10,619, 1492675870619197396, 1.052, 0.659, -3.209, -0.201, 1.658, 1.441
2017-04-20 10:11:10,620, 1492675870620401731, 1.046, 0.666, -3.235, -0.186, 1.624, 1.397
2017-04-20 10:11:10,622, 1492675870622222734, 1.059, 0.674, -3.249, -0.177, 1.602, 1.376
2017-04-20 10:11:10,624, 1492675870624265033, 1.057, 0.692, -3.245, -0.16, 1.583, 1.316
2017-04-20 10:11:10,626, 1492675870626257168, 1.049, 0.709, -3.239, -0.163, 1.558, 1.258
2017-04-20 10:11:10,628, 1492675870628249962, 1.043, 0.73, -3.236, -0.192, 1.55, 1.21
2017-04-20 10:11:10,630, 1492675870630362916, 1.057, 0.743, -3.225, -0.272, 1.56, 1.149
2017-04-20 10:11:10,632, 1492675870632279899, 1.049, 0.716, -3.102, -0.359, 1.5, 1.222
2017-04-20 10:11:10,635, 1492675870635343406, 1.042, 0.713, -3.282, -0.601, 1.527, 1.214
2017-04-20 10:11:10,636, 1492675870636377621, 1.046, 0.756, -3.239, -0.738, 1.527, 1.291
2017-04-20 10:11:10,638, 1492675870638399731, 1.073, 0.765, -3.194, -0.835, 1.58, 1.349
2017-04-20 10:11:10,640, 1492675870640267166, 1.066, 0.779, -3.198, -0.956, 1.573, 1.348
2017-04-20 10:11:10,642, 1492675870642237555, 1.073, 0.789, -3.146, -1.051, 1.621, 1.316
2017-04-20 10:11:10,644, 1492675870644244875, 1.098, 0.768, -3.042, -1.102, 1.633, 1.308
2017-04-20 10:11:10,648, 1492675870648207202, 1.079, 0.772, -3.045, -1.16, 1.639, 1.258
2017-04-20 10:11:10,654, 1492675870654410637, 1.099, 0.794, -3.103, -1.257, 1.797, 1.405
2017-04-20 10:11:10,656, 1492675870656213916, 1.109, 0.807, -3.085, -1.228, 1.835, 1.429
2017-04-20 10:11:10,658, 1492675870658397928, 1.119, 0.786, -3.128, -1.164, 1.868, 1.481
2017-04-20 10:11:10,660, 1492675870660284401, 1.126, 0.788, -3.136, -1.101, 1.891, 1.487
2017-04-20 10:11:10,662, 1492675870662311170, 1.12, 0.794, -3.14, -1.022, 1.897, 1.446
2017-04-20 10:11:10,668, 1492675870668370917, 1.132, 0.789, -3.254, -0.733, 1.884, 1.368
2017-04-20 10:11:10,669, 1492675870669594333, 1.136, 0.772, -3.255, -0.652, 1.89, 1.401
2017-04-20 10:11:10,672, 1492675870672217223, 1.146, 0.769, -3.282, -0.529, 1.896, 1.388
2017-04-20 10:11:10,674, 1492675870674219376, 1.16, 0.75, -3.304, -0.43, 1.878, 1.389
2017-04-20 10:11:10,675, 1492675870675380082, 1.13, 0.73, -3.345, -0.359, 1.845, 1.401
2017-04-20 10:11:10,678, 1492675870678232459, 1.113, 0.737, -3.391, -0.312, 1.805, 1.425
2017-04-20 10:11:10,684, 1492675870680214474, 1.103, 0.727, -3.425, -0.288, 1.768, 1.438
2017-04-20 10:11:10,686, 1492675870686318802, 1.099, 0.687, -3.488, -0.302, 1.763, 1.372
2017-04-20 10:11:10,687, 1492675870687370293, 1.108, 0.692, -3.443, -0.324, 1.776, 1.352
2017-04-20 10:11:10,690, 1492675870690209529, 1.112, 0.705, -3.424, -0.389, 1.781, 1.352
2017-04-20 10:11:10,692, 1492675870692170296, 1.096, 0.705, -3.429, -0.471, 1.766, 1.34
2017-04-20 10:11:10,694, 1492675870694348212, 1.078, 0.672, -3.4, -0.515, 1.733, 1.344
2017-04-20 10:11:10,696, 1492675870696347945, 1.093, 0.697, -3.344, -0.538, 1.769, 1.385
2017-04-20 10:11:10,697, 1492675870697399027, 1.142, 0.716, -3.324, -0.591, 1.841, 1.438
2017-04-20 10:11:10,699, 1492675870699425880, 1.153, 0.707, -3.314, -0.622, 1.888, 1.479
2017-04-20 10:11:10,702, 1492675870702215212, 1.129, 0.687, -3.309, -0.592, 1.868, 1.457
2017-04-20 10:11:10,703, 1492675870703360122, 1.133, 0.696, -3.327, -0.578, 1.873, 1.466
2017-04-20 10:11:10,706, 1492675870706343676, 1.155, 0.718, -3.306, -0.578, 1.923, 1.474
2017-04-20 10:11:10,707, 1492675870707372940, 1.156, 0.729, -3.344, -0.548, 1.942, 1.368
2017-04-20 10:11:10,710, 1492675870710219288, 1.136, 0.724, -3.425, -0.521, 1.933, 1.319
2017-04-20 10:11:10,711, 1492675870711372746, 1.131, 0.734, -3.465, -0.482, 1.924, 1.319
2017-04-20 10:11:10,714, 1492675870714230100, 1.153, 0.746, -3.485, -0.418, 1.965, 1.308
2017-04-20 10:11:10,715, 1492675870715372404, 1.164, 0.743, -3.51, -0.369, 1.994, 1.294
2017-04-20 10:11:10,722, 1492675870722267135, 1.158, 0.729, -3.623, -0.376, 1.971, 1.279
2017-04-20 10:11:10,723, 1492675870723458459, 1.154, 0.765, -3.576, -0.4, 1.962, 1.319
2017-04-20 10:11:10,725, 1492675870725409534, 1.148, 0.756, -3.57, -0.404, 1.937, 1.295
2017-04-20 10:11:10,727, 1492675870727362254, 1.152, 0.739, -3.554, -0.418, 1.937, 1.186
2017-04-20 10:11:10,729, 1492675870729389936, 1.157, 0.736, -3.492, -0.467, 1.956, 1.14