2017-04-20 10:10:12,861, 1492675812860832150, 0.027, 0.067, -0.017, -0.479, 0.265, -0.013
2017-04-20 10:10:12,862, 1492675812862267391, 0.039, 0.07, -0.026, -0.485, 0.397, -0.005
2017-04-20 10:10:12,864, 1492675812864225006, 0.041, 0.06, -0.006, -0.444, 0.43, 0.008
2017-04-20 10:10:12,867, 1492675812867537357, 0.058, 0.056, -0.011, -0.348, 0.454, 0.012
2017-04-20 10:10:12,869, 1492675812869283056, 0.041, 0.043, -0.004, -0.273, 0.458, 0.012
2017-04-20 10:10:12,871, 1492675812871253268, 0.031, 0.03, 0.007, -0.175, 0.439, 0.028
2017-04-20 10:10:12,872, 1492675812872241205, 0.027, 0.026, -0.001, -0.093, 0.429, 0.02
2017-04-20 10:10:12,874, 1492675812874302134, 0.044, 0.023, -0.004, -0.005, 0.407, 0.028
2017-04-20 10:10:12,876, 1492675812876251997, 0.024, -0.005, -0.001, 0.095, 0.363, 0.025
2017-04-20 10:10:12,878, 1492675812878264889, 0.031, -0.021, 0.009, 0.183, 0.307, 0.024
2017-04-20 10:10:12,880, 1492675812880228838, -0.001, -0.031, -0.019, 0.262, 0.238, 0.036
2017-04-20 10:10:12,882, 1492675812882612539, 0.001, -0.026, -0.022, 0.333, 0.158, 0.028
2017-04-20 10:10:12,884, 1492675812884241337, -0.003, -0.029, -0.026, 0.366, 0.09, 0.017
2017-04-20 10:10:12,886, 1492675812886254727, 0.005, -0.03, -0.03, 0.377, 0.007, 0.02
2017-04-20 10:10:12,889, 1492675812888409853, 0.008, -0.033, -0.038, 0.365, -0.065, 0.012
2017-04-20 10:10:12,890, 1492675812890289781, -0.012, -0.035, -0.025, 0.325, -0.135, 0.003
2017-04-20 10:10:12,897, 1492675812892699906, -0.024, -0.018, -0.026, 0.265, -0.214, -0.005
2017-04-20 10:10:12,898, 1492675812894723568, -0.03, -0.013, -0.027, 0.189, -0.269, -0.021
2017-04-20 10:10:12,900, 1492675812900334168, -0.028, 0.009, 0.003, 0.042, -0.329, -0.008
2017-04-20 10:10:12,902, 1492675812902596719, -0.057, 0.03, 0.022, -0.166, -0.398, -0.021
2017-04-20 10:10:12,904, 1492675812904220230, -0.07, 0.044, 0.022, -0.25, -0.417, -0.024
2017-04-20 10:10:12,906, 1492675812906282301, -0.056, 0.035, 0.024, -0.287, -0.422, -0.033
2017-04-20 10:10:12,908, 1492675812908186241, -0.059, 0.054, 0.028, -0.315, -0.419, -0.024
2017-04-20 10:10:12,910, 1492675812910219859, -0.069, 0.05, 0.013, -0.323, -0.415, -0.021
2017-04-20 10:10:12,912, 1492675812912522630, -0.052, 0.05, 0.003, -0.307, -0.396, -0.008
2017-04-20 10:10:12,914, 1492675812914255592, -0.033, 0.047, -0.031, -0.274, -0.362, -0.033
2017-04-20 10:10:12,916, 1492675812916187767, -0.037, 0.064, -0.064, -0.237, -0.326, -0.029
2017-04-20 10:10:12,918, 1492675812918204916, -0.02, 0.045, -0.082, -0.2, -0.281, 0.0
2017-04-20 10:10:12,921, 1492675812921069775, 0.0, 0.046, -0.114, -0.171, -0.217, -0.008
2017-04-20 10:10:12,924, 1492675812923855569, 0.036, 0.06, -0.189, -0.144, -0.087, -0.013
2017-04-20 10:10:12,934, 1492675812934570193, 0.055, 0.054, -0.28, -0.155, 0.163, 0.003
2017-04-20 10:10:12,936, 1492675812936306613, 0.107, 0.068, -0.389, -0.269, 0.496, 0.012
2017-04-20 10:10:12,938, 1492675812938265980, 0.113, 0.074, -0.396, -0.322, 0.563, 0.016
2017-04-20 10:10:12,940, 1492675812940262275, 0.107, 0.077, -0.407, -0.358, 0.619, 0.02
2017-04-20 10:10:12,942, 1492675812942475477, 0.095, 0.075, -0.458, -0.36, 0.624, 0.02
2017-04-20 10:10:12,944, 1492675812944313158, 0.108, 0.08, -0.466, -0.357, 0.639, 0.041
2017-04-20 10:10:12,947, 1492675812947240037, 0.161, 0.104, -0.462, -0.338, 0.72, 0.024
2017-04-20 10:10:12,948, 1492675812948260363, 0.16, 0.114, -0.468, -0.348, 0.718, 0.004
2017-04-20 10:10:12,950, 1492675812950246793, 0.171, 0.093, -0.477, -0.374, 0.724, 0.012
2017-04-20 10:10:12,952, 1492675812952603763, 0.191, 0.107, -0.465, -0.413, 0.734, 0.028
2017-04-20 10:10:12,954, 1492675812954225454, 0.176, 0.116, -0.467, -0.48, 0.753, 0.0
2017-04-20 10:10:12,956, 1492675812956255615, 0.174, 0.107, -0.486, -0.56, 0.755, -0.013
2017-04-20 10:10:12,958, 1492675812958233186, 0.162, 0.107, -0.475, -0.605, 0.75, 0.024
2017-04-20 10:10:12,960, 1492675812960268034, 0.171, 0.113, -0.465, -0.637, 0.778, 0.041
2017-04-20 10:10:12,962, 1492675812962238938, 0.19, 0.124, -0.528, -0.632, 0.821, -0.013
2017-04-20 10:10:12,965, 1492675812964356188, 0.191, 0.134, -0.51, -0.623, 0.857, -0.005
2017-04-20 10:10:12,969, 1492675812968991456, 0.2, 0.137, -0.507, -0.613, 0.885, 0.008
2017-04-20 10:10:12,970, 1492675812970258152, 0.175, 0.122, -0.556, -0.563, 0.859, 0.024
2017-04-20 10:10:12,972, 1492675812972233112, 0.179, 0.141, -0.502, -0.524, 0.874, 0.052
2017-04-20 10:10:12,974, 1492675812974315637, 0.175, 0.109, -0.542, -0.481, 0.874, 0.024
2017-04-20 10:10:12,976, 1492675812976223536, 0.155, 0.092, -0.559, -0.395, 0.796, 0.036
2017-04-20 10:10:12,978, 1492675812978277205, 0.157, 0.093, -0.532, -0.327, 0.771, 0.049
2017-04-20 10:10:12,980, 1492675812980220450, 0.157, 0.08, -0.59, -0.217, 0.731, 0.036
2017-04-20 10:10:12,982, 1492675812982257938, 0.162, 0.074, -0.626, -0.114, 0.658, -0.008
2017-04-20 10:10:12,984, 1492675812984251654, 0.139, 0.062, -0.606, -0.008, 0.541, 0.016
2017-04-20 10:10:12,990, 1492675812990088784, 0.246, 0.103, -0.65, 0.013, 0.557, -0.033
2017-04-20 10:10:12,991, 1492675812991324164, 0.218, 0.107, -0.581, -0.12, 0.532, 0.004
2017-04-20 10:10:12,993, 1492675812993405337, 0.17, 0.103, -0.632, -0.345, 0.55, -0.024
2017-04-20 10:10:12,995, 1492675812995205365, 0.128, 0.104, -0.675, -0.51, 0.481, 0.0
2017-04-20 10:10:13,001, 1492675813001020516, 0.099, 0.119, -0.575, -0.673, 0.503, -0.037
2017-04-20 10:10:13,002, 1492675813002240506, 0.133, 0.131, -0.507, -0.777, 0.564, -0.097
2017-04-20 10:10:13,004, 1492675813004292731, 0.13, 0.153, -0.397, -0.751, 0.508, 0.025
2017-04-20 10:10:13,006, 1492675813006228809, 0.143, 0.159, -0.351, -0.79, 0.632, 0.008
2017-04-20 10:10:13,008, 1492675813008245443, 0.183, 0.166, -0.417, -0.827, 0.654, -0.029
2017-04-20 10:10:13,010, 1492675813010228573, 0.102, 0.148, -0.393, -0.869, 0.587, 0.012
2017-04-20 10:10:13,012, 1492675813012279050, 0.078, 0.108, -0.38, -0.869, 0.593, 0.024
2017-04-20 10:10:13,014, 1492675813014235106, 0.052, 0.09, -0.429, -0.723, 0.498, 0.033
2017-04-20 10:10:13,016, 1492675813016294842, 0.087, 0.11, -0.416, -0.559, 0.536, -0.061
2017-04-20 10:10:13,018, 1492675813018223210, 0.138, 0.108, -0.329, -0.308, 0.488, -0.041
2017-04-20 10:10:13,020, 1492675813020270642, 0.201, 0.104, -0.227, -0.17, 0.553, 0.065
2017-04-20 10:10:13,022, 1492675813022469495, 0.26, 0.085, -0.277, -0.137, 0.643, -0.045
2017-04-20 10:10:13,026, 1492675813024268179, 0.176, 0.048, -0.235, -0.128, 0.575, 0.024
2017-04-20 10:10:13,028, 1492675813028238753, -0.028, -0.004, -0.299, -0.039, 0.408, 0.044
2017-04-20 10:10:13,029, 1492675813029254929, -0.055, -0.019, -0.27, 0.091, 0.3, 0.02
2017-04-20 10:10:13,031, 1492675813031236599, -0.076, -0.036, -0.222, 0.183, 0.27, -0.008
2017-04-20 10:10:13,036, 1492675813032330967, 0.029, -0.018, -0.143, 0.335, 0.303, 0.041
2017-04-20 10:10:13,037, 1492675813035243387, 0.21, 0.021, -0.07, 0.399, 0.476, 0.101
2017-04-20 10:10:13,041, 1492675813041273411, -0.159, -0.058, -0.28, 0.204, -0.073, 0.06
2017-04-20 10:10:13,043, 1492675813043164210, -0.167, -0.035, -0.268, 0.203, -0.135, 0.052
2017-04-20 10:10:13,045, 1492675813045168535, -0.089, 0.001, -0.171, 0.205, -0.176, -0.053
2017-04-20 10:10:13,047, 1492675813047152169, 0.114, 0.029, -0.017, 0.165, 0.019, 0.012
2017-04-20 10:10:13,054, 1492675813054059059, -0.218, -0.047, -0.282, -0.117, -0.537, -0.065
2017-04-20 10:10:13,055, 1492675813055248022, -0.265, -0.005, -0.316, 0.025, -0.658, -0.008
2017-04-20 10:10:13,060, 1492675813060270407, 0.222, 0.109, 0.029, 0.115, -0.217, 0.0
2017-04-20 10:10:13,062, 1492675813062088150, 0.233, 0.064, -0.027, -0.097, -0.129, 0.024
2017-04-20 10:10:13,068, 1492675813065910134, -0.052, -0.024, -0.188, -0.275, -0.441, -0.037
2017-04-20 10:10:13,070, 1492675813070111165, -0.075, 0.09, -0.114, -0.102, -0.485, -0.069
2017-04-20 10:10:13,072, 1492675813072256867, 0.21, 0.08, 0.125, -0.219, -0.151, -0.048
2017-04-20 10:10:13,074, 1492675813074069059, 0.226, 0.022, 0.128, -0.382, -0.031, 0.024
2017-04-20 10:10:13,076, 1492675813076118081, -0.079, -0.068, -0.119, -0.333, -0.365, 0.033
2017-04-20 10:10:13,078, 1492675813078094216, -0.375, -0.056, -0.246, -0.043, -0.77, -0.021
2017-04-20 10:10:13,080, 1492675813080077951, -0.35, 0.084, -0.21, 0.208, -0.781, -0.089
2017-04-20 10:10:13,082, 1492675813082085521, -0.013, 0.112, -0.039, 0.285, -0.319, -0.037
2017-04-20 10:10:13,084, 1492675813084214640, 0.277, 0.028, 0.142, 0.07, 0.106, -0.045
2017-04-20 10:10:13,086, 1492675813086050862, 0.187, -0.057, 0.139, -0.099, 0.042, 0.02
2017-04-20 10:10:13,088, 1492675813088062179, -0.151, -0.099, -0.11, 0.037, -0.43, 0.044
2017-04-20 10:10:13,090, 1492675813090078475, -0.446, -0.072, -0.244, 0.322, -0.837, -0.013
2017-04-20 10:10:13,092, 1492675813092085059, -0.295, 0.069, -0.127, 0.416, -0.654, -0.016
2017-04-20 10:10:13,094, 1492675813094095947, 0.081, 0.052, 0.009, 0.323, -0.171, -0.037
2017-04-20 10:10:13,096, 1492675813096049774, 0.314, -0.043, 0.134, 0.054, 0.219, -0.021
2017-04-20 10:10:13,098, 1492675813098243276, 0.008, -0.103, -0.071, 0.007, -0.174, -0.005
2017-04-20 10:10:13,099, 1492675813099372248, -0.205, -0.093, -0.195, 0.149, -0.44, -0.029
2017-04-20 10:10:13,105, 1492675813104993550, -0.366, 0.008, -0.322, 0.422, -0.778, 0.003
2017-04-20 10:10:13,110, 1492675813110171548, -0.073, -0.137, -0.075, -0.112, -0.118, 0.016
2017-04-20 10:10:13,113, 1492675813112303637, -0.366, -0.027, -0.236, 0.337, -0.661, 0.0
2017-04-20 10:10:13,114, 1492675813114301057, -0.164, 0.141, -0.147, 0.439, -0.317, -0.078
2017-04-20 10:10:13,116, 1492675813116135522, 0.114, 0.089, -0.004, 0.313, 0.039, -0.097
2017-04-20 10:10:13,121, 1492675813121262828, -0.243, -0.148, -0.174, 0.347, -0.517, 0.125
2017-04-20 10:10:13,123, 1492675813123151109, -0.281, -0.009, -0.184, 0.589, -0.619, 0.044
2017-04-20 10:10:13,125, 1492675813125165003, -0.095, 0.125, -0.054, 0.692, -0.283, -0.121
2017-04-20 10:10:13,127, 1492675813127105533, 0.121, 0.014, 0.078, 0.459, 0.018, -0.085
2017-04-20 10:10:13,130, 1492675813130264756, -0.015, -0.252, 0.033, 0.254, -0.166, -0.008
2017-04-20 10:10:13,132, 1492675813132212423, -0.23, -0.183, -0.079, 0.479, -0.584, 0.033
2017-04-20 10:10:13,136, 1492675813136352325, -0.224, 0.035, -0.181, 0.799, -0.584, -0.097
2017-04-20 10:10:13,146, 1492675813146320946, -0.036, 0.21, 0.118, 0.198, -0.305, -0.195
2017-04-20 10:10:13,148, 1492675813148261803, 0.039, 0.014, 0.192, -0.254, -0.106, -0.086
2017-04-20 10:10:13,150, 1492675813150194360, -0.09, -0.165, 0.136, -0.561, -0.307, -0.029
2017-04-20 10:10:13,152, 1492675813152211476, -0.343, -0.174, 0.132, -0.48, -0.707, 0.02
2017-04-20 10:10:13,154, 1492675813154181251, -0.316, 0.078, 0.134, -0.229, -0.802, 0.016
2017-04-20 10:10:13,156, 1492675813156183490, -0.117, 0.233, 0.118, -0.071, -0.517, -0.118
2017-04-20 10:10:13,161, 1492675813161205856, -0.324, -0.222, 0.211, -0.168, -0.931, 0.036
2017-04-20 10:10:13,163, 1492675813163073386, -0.426, -0.17, 0.108, 0.114, -1.245, -0.008
2017-04-20 10:10:13,165, 1492675813165052173, -0.342, 0.075, 0.188, 0.524, -1.212, -0.146
2017-04-20 10:10:13,166, 1492675813166275501, -0.101, 0.085, 0.364, 0.64, -0.942, -0.167
2017-04-20 10:10:13,172, 1492675813172854332, -0.015, -0.126, 0.491, 0.505, -0.861, 0.057
2017-04-20 10:10:13,174, 1492675813174270369, -0.533, -0.146, 0.181, 1.322, -1.848, -0.037
2017-04-20 10:10:13,176, 1492675813176246936, -0.349, -0.069, 0.262, 1.606, -1.696, -0.085
2017-04-20 10:10:13,178, 1492675813178264535, -0.138, -0.182, 0.446, 1.542, -1.512, -0.102
2017-04-20 10:10:13,180, 1492675813180242317, -0.077, -0.354, 0.601, 1.38, -1.361, 0.093
2017-04-20 10:10:13,182, 1492675813182282524, -0.316, -0.367, 0.416, 1.411, -1.754, 0.11
2017-04-20 10:10:13,184, 1492675813184218919, -0.562, -0.228, 0.167, 1.56, -2.145, 0.082
2017-04-20 10:10:13,186, 1492675813186268961, -0.594, -0.15, 0.221, 1.666, -2.231, 0.028
2017-04-20 10:10:13,188, 1492675813188238301, -0.38, -0.185, 0.465, 1.578, -2.056, 0.0
2017-04-20 10:10:13,190, 1492675813190282495, -0.216, -0.289, 0.582, 1.288, -1.84, -0.012
2017-04-20 10:10:13,192, 1492675813192500817, -0.151, -0.307, 0.598, 1.079, -1.698, 0.069
2017-04-20 10:10:13,194, 1492675813194252793, -0.385, -0.197, 0.454, 0.971, -2.031, -0.037
2017-04-20 10:10:13,196, 1492675813196238579, -0.618, -0.112, 0.34, 0.915, -2.319, -0.11
2017-04-20 10:10:13,202, 1492675813202097895, -0.323, -0.23, 0.561, 0.835, -2.192, -0.037
2017-04-20 10:10:13,203, 1492675813203246674, -0.25, -0.199, 0.642, 0.924, -2.079, -0.04
2017-04-20 10:10:13,209, 1492675813208326256, -0.331, -0.127, 0.439, 1.049, -2.166, -0.021
2017-04-20 10:10:13,212, 1492675813212292975, -0.459, -0.204, 0.388, 0.67, -2.342, 0.003
2017-04-20 10:10:13,214, 1492675813214092914, -0.34, -0.159, 0.392, 0.596, -2.195, -0.02
2017-04-20 10:10:13,215, 1492675813215242619, -0.312, -0.098, 0.452, 0.579, -2.135, -0.126
2017-04-20 10:10:13,216, 1492675813216268048, -0.35, -0.088, 0.477, 0.555, -2.185, -0.069
2017-04-20 10:10:13,218, 1492675813218204972, -0.433, -0.109, 0.49, 0.532, -2.263, -0.024
2017-04-20 10:10:13,220, 1492675813220261303, -0.563, -0.18, 0.337, 0.534, -2.429, -0.033
2017-04-20 10:10:13,222, 1492675813222248273, -0.486, -0.176, 0.328, 0.592, -2.332, 0.049
2017-04-20 10:10:13,224, 1492675813224252840, -0.35, -0.132, 0.473, 0.643, -2.116, -0.065
2017-04-20 10:10:13,227, 1492675813227469313, -0.343, -0.134, 0.487, 0.841, -2.071, -0.11
2017-04-20 10:10:13,229, 1492675813229262389, -0.416, -0.212, 0.351, 0.965, -2.172, -0.085
2017-04-20 10:10:13,231, 1492675813231035957, -0.467, -0.222, 0.341, 1.029, -2.189, -0.056
2017-04-20 10:10:13,236, 1492675813232469013, -0.448, -0.203, 0.385, 1.126, -2.124, -0.021
2017-04-20 10:10:13,236, 1492675813234285688, -0.389, -0.199, 0.355, 1.24, -2.039, 0.012
2017-04-20 10:10:13,241, 1492675813240938501, -0.306, -0.207, 0.326, 1.349, -1.9, 0.041
2017-04-20 10:10:13,242, 1492675813242267793, -0.336, -0.256, 0.177, 1.644, -1.827, 0.003
2017-04-20 10:10:13,244, 1492675813244250040, -0.297, -0.241, 0.179, 1.644, -1.692, -0.021
2017-04-20 10:10:13,246, 1492675813246230151, -0.259, -0.242, 0.222, 1.595, -1.584, 0.02
2017-04-20 10:10:13,248, 1492675813248230180, -0.264, -0.262, 0.2, 1.522, -1.511, 0.028
2017-04-20 10:10:13,250, 1492675813250226960, -0.295, -0.261, 0.142, 1.421, -1.475, 0.0
2017-04-20 10:10:13,252, 1492675813252287155, -0.303, -0.213, 0.091, 1.32, -1.434, -0.016
2017-04-20 10:10:13,254, 1492675813254209505, -0.283, -0.177, 0.121, 1.226, -1.332, 0.02
2017-04-20 10:10:13,256, 1492675813256283547, -0.247, -0.174, 0.104, 1.11, -1.217, 0.016
2017-04-20 10:10:13,258, 1492675813258210674, -0.214, -0.184, 0.111, 0.969, -1.136, -0.013
2017-04-20 10:10:13,260, 1492675813260272700, -0.195, -0.161, 0.137, 0.837, -1.101, -0.008
2017-04-20 10:10:13,262, 1492675813262247203, -0.209, -0.115, 0.1, 0.709, -1.035, 0.008
2017-04-20 10:10:13,264, 1492675813264255523, -0.212, -0.105, 0.066, 0.576, -0.993, -0.029
2017-04-20 10:10:13,267, 1492675813267316565, -0.207, -0.1, 0.086, 0.389, -0.962, -0.012
2017-04-20 10:10:13,269, 1492675813269266736, -0.173, -0.075, 0.097, 0.288, -0.873, 0.033
2017-04-20 10:10:13,270, 1492675813270219709, -0.144, -0.044, 0.082, 0.232, -0.797, -0.004
2017-04-20 10:10:13,276, 1492675813276331155, -0.137, -0.029, 0.058, 0.187, -0.754, -0.073
2017-04-20 10:10:13,278, 1492675813278220642, -0.15, -0.032, 0.054, 0.057, -0.709, -0.053
2017-04-20 10:10:13,280, 1492675813280220372, -0.149, -0.024, 0.042, 0.037, -0.667, -0.057
2017-04-20 10:10:13,286, 1492675813286124202, -0.155, -0.018, 0.025, 0.082, -0.599, 0.0
2017-04-20 10:10:13,287, 1492675813287640026, -0.154, -0.031, 0.011, 0.128, -0.602, 0.0
2017-04-20 10:10:13,289, 1492675813289219825, -0.159, -0.032, 0.029, 0.195, -0.601, -0.008
2017-04-20 10:10:13,291, 1492675813291239278, -0.141, -0.036, 0.021, 0.278, -0.597, -0.057
2017-04-20 10:10:13,293, 1492675813293203901, -0.139, -0.044, 0.022, 0.358, -0.607, -0.045
2017-04-20 10:10:13,295, 1492675813295246947, -0.141, -0.057, -0.009, 0.417, -0.634, -0.008
2017-04-20 10:10:13,297, 1492675813297252232, -0.149, -0.077, -0.008, 0.482, -0.675, 0.008
2017-04-20 10:10:13,299, 1492675813299269221, -0.13, -0.087, 0.0, 0.546, -0.704, 0.0
2017-04-20 10:10:13,301, 1492675813301263926, -0.13, -0.103, -0.039, 0.598, -0.751, 0.036
2017-04-20 10:10:13,304, 1492675813304168179, -0.137, -0.101, -0.069, 0.553, -0.768, 0.239
2017-04-20 10:10:13,308, 1492675813308335592, -0.169, -0.107, -0.054, 0.544, -0.835, 0.414
2017-04-20 10:10:13,314, 1492675813314123332, -0.163, -0.091, -0.059, 0.46, -0.676, 0.263
2017-04-20 10:10:13,315, 1492675813315282385, -0.18, -0.089, -0.038, 0.439, -0.638, 0.198
2017-04-20 10:10:13,317, 1492675813317447235, -0.157, -0.071, -0.049, 0.431, -0.579, 0.187
2017-04-20 10:10:13,319, 1492675813319226147, -0.14, -0.07, -0.046, 0.44, -0.518, 0.093
2017-04-20 10:10:13,321, 1492675813321283290, -0.142, -0.059, -0.037, 0.449, -0.502, 0.012
2017-04-20 10:10:13,324, 1492675813324247336, -0.138, -0.084, -0.032, 0.433, -0.492, -0.005
2017-04-20 10:10:13,325, 1492675813325260724, -0.118, -0.059, -0.037, 0.383, -0.487, 0.061
2017-04-20 10:10:13,327, 1492675813327558146, -0.106, -0.042, -0.062, 0.34, -0.497, 0.093
2017-04-20 10:10:13,329, 1492675813329292601, -0.105, -0.042, -0.042, 0.289, -0.509, 0.097
2017-04-20 10:10:13,331, 1492675813331234461, -0.094, -0.042, -0.056, 0.212, -0.524, 0.093
2017-04-20 10:10:13,333, 1492675813333254822, -0.097, -0.041, -0.063, 0.173, -0.551, 0.101
2017-04-20 10:10:13,335, 1492675813335239846, -0.102, -0.034, -0.073, 0.152, -0.554, 0.109
2017-04-20 10:10:13,337, 1492675813337477686, -0.114, -0.021, -0.059, 0.133, -0.554, 0.11
2017-04-20 10:10:13,339, 1492675813339218042, -0.108, -0.017, -0.089, 0.138, -0.53, 0.093
2017-04-20 10:10:13,341, 1492675813341635241, -0.102, -0.025, -0.087, 0.139, -0.483, 0.122
2017-04-20 10:10:13,344, 1492675813344546102, -0.116, -0.001, -0.001, 0.109, -0.469, 0.077
2017-04-20 10:10:13,346, 1492675813346283288, -0.142, -0.011, -0.082, 0.091, -0.472, 0.052
2017-04-20 10:10:13,348, 1492675813348076548, -0.139, -0.015, -0.096, 0.091, -0.465, 0.057
2017-04-20 10:10:13,349, 1492675813349258909, -0.128, 0.001, 0.009, 0.049, -0.466, 0.02
2017-04-20 10:10:13,351, 1492675813351219249, -0.133, -0.002, 0.039, -0.002, -0.47, 0.049
2017-04-20 10:10:13,353, 1492675813353294000, -0.117, -0.022, -0.103, -0.042, -0.485, 0.122
2017-04-20 10:10:13,355, 1492675813355308883, -0.158, -0.038, -0.087, -0.04, -0.577, 0.19
2017-04-20 10:10:13,357, 1492675813357490047, -0.156, -0.039, 0.007, -0.025, -0.611, 0.235
2017-04-20 10:10:13,359, 1492675813359236733, -0.117, -0.027, -0.071, -0.006, -0.578, 0.263
2017-04-20 10:10:13,361, 1492675813361258674, -0.111, -0.049, -0.165, 0.032, -0.565, 0.236
2017-04-20 10:10:13,363, 1492675813363210008, -0.133, -0.064, -0.084, 0.079, -0.613, 0.243
2017-04-20 10:10:13,365, 1492675813365268676, -0.145, -0.049, -0.018, 0.155, -0.632, 0.235
2017-04-20 10:10:13,367, 1492675813367422677, -0.122, -0.043, -0.142, 0.24, -0.564, 0.154
2017-04-20 10:10:13,369, 1492675813369270879, -0.121, -0.064, -0.152, 0.313, -0.514, 0.101
2017-04-20 10:10:13,371, 1492675813371250937, -0.129, -0.063, -0.032, 0.356, -0.511, 0.098
2017-04-20 10:10:13,374, 1492675813373992137, -0.129, -0.058, -0.031, 0.383, -0.495, 0.093
2017-04-20 10:10:13,375, 1492675813375255382, -0.116, -0.049, -0.149, 0.386, -0.453, 0.114
2017-04-20 10:10:13,377, 1492675813377276090, -0.105, -0.062, -0.099, 0.363, -0.437, 0.109
2017-04-20 10:10:13,379, 1492675813379293651, -0.113, -0.037, 0.018, 0.314, -0.443, 0.098
2017-04-20 10:10:13,381, 1492675813381266430, -0.092, -0.042, -0.046, 0.257, -0.418, 0.114
2017-04-20 10:10:13,383, 1492675813383239871, -0.084, -0.046, -0.106, 0.238, -0.396, 0.142
2017-04-20 10:10:13,385, 1492675813385261940, -0.092, -0.054, -0.031, 0.211, -0.418, 0.146
2017-04-20 10:10:13,387, 1492675813387778493, -0.123, -0.038, 0.004, 0.213, -0.43, 0.158
2017-04-20 10:10:13,389, 1492675813389300878, -0.114, -0.053, -0.079, 0.243, -0.385, 0.191
2017-04-20 10:10:13,392, 1492675813392055956, -0.088, -0.045, -0.056, 0.269, -0.357, 0.211
2017-04-20 10:10:13,394, 1492675813394268149, -0.104, -0.026, 0.005, 0.309, -0.391, 0.138
2017-04-20 10:10:13,396, 1492675813396101229, -0.116, -0.029, -0.037, 0.361, -0.381, 0.114
2017-04-20 10:10:13,398, 1492675813398127613, -0.104, -0.048, -0.098, 0.415, -0.352, 0.06
2017-04-20 10:10:13,413, 1492675813413341673, -0.109, -0.057, -0.091, 0.333, -0.479, 0.15
2017-04-20 10:10:13,415, 1492675813415223883, -0.121, -0.067, -0.073, 0.345, -0.613, 0.223
2017-04-20 10:10:13,417, 1492675813417246700, -0.136, -0.065, -0.098, 0.334, -0.614, 0.22
2017-04-20 10:10:13,419, 1492675813419262614, -0.134, -0.063, -0.112, 0.308, -0.592, 0.252
2017-04-20 10:10:13,421, 1492675813421206129, -0.138, -0.052, -0.067, 0.262, -0.564, 0.22
2017-04-20 10:10:13,423, 1492675813423237297, -0.128, -0.047, -0.047, 0.192, -0.535, 0.158
2017-04-20 10:10:13,425, 1492675813425183625, -0.118, -0.048, -0.083, 0.123, -0.497, 0.146
2017-04-20 10:10:13,427, 1492675813427417177, -0.131, -0.029, -0.084, 0.062, -0.476, 0.138
2017-04-20 10:10:13,429, 1492675813429207059, -0.127, -0.015, -0.032, 0.017, -0.463, 0.073
2017-04-20 10:10:13,431, 1492675813431212243, -0.118, -0.025, -0.056, 0.0, -0.437, 0.049
2017-04-20 10:10:13,433, 1492675813433211572, -0.097, -0.017, -0.088, -0.003, -0.406, 0.033
2017-04-20 10:10:13,435, 1492675813435196290, -0.094, -0.013, -0.055, -0.013, -0.406, 0.033
2017-04-20 10:10:13,437, 1492675813437457177, -0.108, -0.004, -0.031, -0.019, -0.409, 0.069
2017-04-20 10:10:13,439, 1492675813439257869, -0.099, -0.016, -0.08, -0.033, -0.425, 0.13
2017-04-20 10:10:13,441, 1492675813441244741, -0.098, -0.015, -0.079, -0.048, -0.431, 0.154
2017-04-20 10:10:13,444, 1492675813443713807, -0.118, -0.008, -0.051, -0.045, -0.446, 0.15
2017-04-20 10:10:13,445, 1492675813445262110, -0.111, 0.005, -0.096, -0.06, -0.445, 0.146
2017-04-20 10:10:13,447, 1492675813447434165, -0.111, -0.006, -0.09, -0.077, -0.445, 0.146
2017-04-20 10:10:13,449, 1492675813449247790, -0.111, -0.02, -0.06, -0.096, -0.451, 0.125
2017-04-20 10:10:13,451, 1492675813451215948, -0.126, -0.014, -0.061, -0.115, -0.457, 0.093
2017-04-20 10:10:13,453, 1492675813453190650, -0.107, 0.006, -0.119, -0.115, -0.451, 0.097
2017-04-20 10:10:13,455, 1492675813455309900, -0.116, -0.014, -0.084, -0.114, -0.455, 0.105
2017-04-20 10:10:13,460, 1492675813460263288, -0.105, -0.022, -0.093, -0.08, -0.48, 0.117
2017-04-20 10:10:13,462, 1492675813462102776, -0.11, -0.007, -0.099, -0.059, -0.489, 0.105
2017-04-20 10:10:13,464, 1492675813464164183, -0.116, -0.011, -0.061, -0.019, -0.501, 0.085
2017-04-20 10:10:13,469, 1492675813468258302, -0.114, -0.044, -0.091, 0.067, -0.513, 0.089
2017-04-20 10:10:13,470, 1492675813470258815, -0.119, -0.041, -0.066, 0.096, -0.516, 0.093
2017-04-20 10:10:13,472, 1492675813472099161, -0.114, -0.04, -0.07, 0.132, -0.523, 0.105
2017-04-20 10:10:13,477, 1492675813476929900, -0.129, -0.049, -0.09, 0.169, -0.514, 0.118
2017-04-20 10:10:13,479, 1492675813479308260, -0.147, -0.071, -0.073, 0.256, -0.563, 0.154
2017-04-20 10:10:13,481, 1492675813481194526, -0.155, -0.063, -0.1, 0.285, -0.578, 0.179
2017-04-20 10:10:13,483, 1492675813483373194, -0.155, -0.077, -0.085, 0.33, -0.598, 0.182
2017-04-20 10:10:13,485, 1492675813485181523, -0.18, -0.092, -0.098, 0.388, -0.635, 0.182
2017-04-20 10:10:13,486, 1492675813486270139, -0.208, -0.105, -0.119, 0.458, -0.69, 0.195
2017-04-20 10:10:13,488, 1492675813488211601, -0.214, -0.132, -0.138, 0.544, -0.733, 0.211
2017-04-20 10:10:13,490, 1492675813490259420, -0.207, -0.124, -0.15, 0.633, -0.754, 0.223
2017-04-20 10:10:13,492, 1492675813492308319, -0.231, -0.141, -0.162, 0.701, -0.809, 0.203
2017-04-20 10:10:13,494, 1492675813494257737, -0.255, -0.155, -0.178, 0.765, -0.89, 0.284
2017-04-20 10:10:13,496, 1492675813496229468, -0.288, -0.17, -0.203, 0.83, -0.986, 0.317
2017-04-20 10:10:13,498, 1492675813498259574, -0.302, -0.198, -0.197, 0.917, -1.077, 0.32
2017-04-20 10:10:13,501, 1492675813501153201, -0.302, -0.187, -0.228, 1.013, -1.124, 0.341
2017-04-20 10:10:13,502, 1492675813502294098, -0.291, -0.198, -0.248, 1.079, -1.184, 0.369
2017-04-20 10:10:13,504, 1492675813504256006, -0.299, -0.204, -0.265, 1.119, -1.258, 0.369
2017-04-20 10:10:13,511, 1492675813511310379, -0.303, -0.183, -0.309, 1.069, -1.368, 0.203
2017-04-20 10:10:13,513, 1492675813513106586, -0.292, -0.185, -0.294, 0.997, -1.357, 0.166
2017-04-20 10:10:13,515, 1492675813515223453, -0.3, -0.174, -0.295, 0.893, -1.379, 0.125
2017-04-20 10:10:13,517, 1492675813517207471, -0.287, -0.171, -0.293, 0.79, -1.348, 0.101
2017-04-20 10:10:13,519, 1492675813519278042, -0.278, -0.163, -0.309, 0.683, -1.314, 0.052
2017-04-20 10:10:13,525, 1492675813525233906, -0.315, -0.14, -0.287, 0.543, -1.261, -0.016
2017-04-20 10:10:13,527, 1492675813527240419, -0.299, -0.15, -0.296, 0.517, -1.224, 0.003
2017-04-20 10:10:13,529, 1492675813529062769, -0.306, -0.151, -0.278, 0.523, -1.219, 0.052
2017-04-20 10:10:13,531, 1492675813531290482, -0.321, -0.143, -0.262, 0.573, -1.252, 0.15
2017-04-20 10:10:13,533, 1492675813533084823, -0.333, -0.142, -0.265, 0.601, -1.22, 0.166
2017-04-20 10:10:13,535, 1492675813535141139, -0.381, -0.172, -0.344, 0.683, -1.328, 0.203
2017-04-20 10:10:13,537, 1492675813537043515, -0.358, -0.159, -0.317, 0.751, -1.311, 0.263
2017-04-20 10:10:13,539, 1492675813539372384, -0.351, -0.181, -0.288, 0.831, -1.34, 0.406
2017-04-20 10:10:13,548, 1492675813545325129, -0.347, -0.178, -0.354, 0.907, -1.352, 0.442
2017-04-20 10:10:13,550, 1492675813550263669, -0.276, -0.202, -0.451, 1.057, -1.115, 0.328
2017-04-20 10:10:13,552, 1492675813552054544, -0.323, -0.205, -0.366, 0.997, -1.232, 0.349
2017-04-20 10:10:13,554, 1492675813554185613, -0.332, -0.167, -0.302, 0.819, -1.065, 0.49
2017-04-20 10:10:13,556, 1492675813556243093, -0.317, -0.146, -0.512, 0.765, -0.93, 0.271
2017-04-20 10:10:13,558, 1492675813558135528, -0.35, -0.139, -0.474, 0.707, -0.954, 0.215
2017-04-20 10:10:13,565, 1492675813565143327, -0.355, -0.145, -0.426, 0.877, -0.978, 0.439
2017-04-20 10:10:13,567, 1492675813567298871, -0.235, -0.083, -0.307, 1.02, -0.877, 0.361
2017-04-20 10:10:13,569, 1492675813569249425, -0.182, -0.073, -0.295, 0.965, -0.863, 0.568
2017-04-20 10:10:13,571, 1492675813571135114, -0.198, -0.077, -0.38, 0.852, -0.854, 0.628
2017-04-20 10:10:13,572, 1492675813572502008, -0.239, -0.105, -0.443, 0.867, -0.883, 0.482
2017-04-20 10:10:13,574, 1492675813574282937, -0.263, -0.102, -0.397, 0.933, -0.84, 0.409
2017-04-20 10:10:13,576, 1492675813576242612, -0.246, -0.064, -0.37, 1.057, -0.814, 0.406
2017-04-20 10:10:13,585, 1492675813584252587, -0.026, -0.041, -0.151, 1.123, -0.309, 0.336
2017-04-20 10:10:13,587, 1492675813587490078, -0.176, -0.053, -0.427, 0.896, -0.304, 0.26
2017-04-20 10:10:13,589, 1492675813589278814, -0.259, -0.095, -0.252, 0.875, -0.399, 0.252
2017-04-20 10:10:13,591, 1492675813591080273, -0.223, -0.06, -0.162, 0.921, -0.383, 0.292
2017-04-20 10:10:13,592, 1492675813592251411, -0.061, -0.058, -0.323, 0.969, -0.143, 0.296
2017-04-20 10:10:13,594, 1492675813594187108, 0.062, -0.039, -0.405, 0.993, -0.018, 0.398
2017-04-20 10:10:13,602, 1492675813602069527, -0.126, -0.026, -0.47, 0.879, -0.115, 0.374
2017-04-20 10:10:13,603, 1492675813603257621, -0.127, -0.008, -0.268, 0.947, -0.209, 0.385
2017-04-20 10:10:13,605, 1492675813605229252, 0.031, 0.049, -0.133, 1.07, -0.123, 0.385
2017-04-20 10:10:13,607, 1492675813607231477, 0.27, 0.068, -0.278, 0.93, 0.274, 0.369
2017-04-20 10:10:13,609, 1492675813609321718, 0.259, 0.086, -0.291, 0.661, 0.278, 0.495
2017-04-20 10:10:13,611, 1492675813611253679, 0.052, 0.074, -0.123, 0.459, 0.117, 0.442
2017-04-20 10:10:13,616, 1492675813616713631, -0.117, 0.05, -0.348, 0.469, -0.051, 0.422
2017-04-20 10:10:13,618, 1492675813618209877, 0.246, 0.135, -0.069, 0.41, 0.435, 0.385
2017-04-20 10:10:13,626, 1492675813626131053, -0.056, 0.119, -0.186, -0.026, 0.368, 0.369
2017-04-20 10:10:13,628, 1492675813628187247, -0.007, 0.126, -0.399, -0.003, 0.397, 0.381
2017-04-20 10:10:13,629, 1492675813629242708, 0.212, 0.173, -0.34, -0.007, 0.653, 0.418
2017-04-20 10:10:13,631, 1492675813631221398, 0.456, 0.251, 0.01, -0.143, 0.988, 0.357
2017-04-20 10:10:13,633, 1492675813633267388, 0.463, 0.287, 0.097, -0.446, 1.076, 0.393
2017-04-20 10:10:13,635, 1492675813635292099, 0.347, 0.273, -0.221, -0.74, 1.047, 0.584
2017-04-20 10:10:13,637, 1492675813637261606, 0.123, 0.222, -0.247, -0.884, 0.799, 0.503
2017-04-20 10:10:13,639, 1492675813639219888, 0.07, 0.281, -0.067, -0.952, 0.676, 0.434
2017-04-20 10:10:13,641, 1492675813641266672, 0.235, 0.289, -0.196, -0.953, 0.863, 0.365
2017-04-20 10:10:13,643, 1492675813643225330, 0.458, 0.277, -0.245, -0.884, 1.146, 0.446
2017-04-20 10:10:13,654, 1492675813654257419, 0.226, 0.35, 0.044, -1.642, 1.131, 0.296
2017-04-20 10:10:13,656, 1492675813656179140, 0.296, 0.288, -0.178, -1.689, 1.306, 0.223
2017-04-20 10:10:13,658, 1492675813658158589, 0.316, 0.291, -0.25, -1.704, 1.253, 0.309
2017-04-20 10:10:13,666, 1492675813666623351, 0.407, 0.379, -0.15, -1.745, 1.492, 0.309
2017-04-20 10:10:13,668, 1492675813668293211, 0.419, 0.392, -0.126, -1.796, 1.569, 0.35
2017-04-20 10:10:13,670, 1492675813670256594, 0.401, 0.37, -0.331, -1.928, 1.638, 0.198
2017-04-20 10:10:13,672, 1492675813672288153, 0.348, 0.375, -0.248, -2.0, 1.583, 0.171
2017-04-20 10:10:13,674, 1492675813674224016, 0.377, 0.391, -0.153, -2.031, 1.623, 0.236
2017-04-20 10:10:13,676, 1492675813676340544, 0.39, 0.423, -0.286, -2.146, 1.68, 0.162
2017-04-20 10:10:13,679, 1492675813679114074, 0.439, 0.439, -0.152, -2.255, 1.763, 0.231
2017-04-20 10:10:13,680, 1492675813680340142, 0.418, 0.428, -0.084, -2.271, 1.726, 0.243
2017-04-20 10:10:13,686, 1492675813685873918, 0.435, 0.452, -0.113, -2.295, 1.799, 0.231
2017-04-20 10:10:13,687, 1492675813687525430, 0.423, 0.432, -0.069, -2.513, 1.946, 0.174
2017-04-20 10:10:13,689, 1492675813689174253, 0.46, 0.444, -0.135, -2.65, 2.078, 0.114
2017-04-20 10:10:13,691, 1492675813691590340, 0.46, 0.429, -0.199, -2.739, 2.099, 0.13
2017-04-20 10:10:13,693, 1492675813693284092, 0.441, 0.441, -0.079, -2.816, 2.166, 0.138
2017-04-20 10:10:13,695, 1492675813695255497, 0.412, 0.425, -0.144, -2.829, 2.175, 0.134
2017-04-20 10:10:13,698, 1492675813698383591, 0.395, 0.423, -0.238, -2.832, 2.203, 0.105
2017-04-20 10:10:13,700, 1492675813700250447, 0.404, 0.384, -0.176, -2.804, 2.295, 0.036
2017-04-20 10:10:13,702, 1492675813702066079, 0.373, 0.382, -0.171, -2.782, 2.251, 0.081
2017-04-20 10:10:13,703, 1492675813703263187, 0.355, 0.373, -0.221, -2.833, 2.297, 0.077
2017-04-20 10:10:13,705, 1492675813705534544, 0.32, 0.386, -0.245, -2.837, 2.27, 0.073
2017-04-20 10:10:13,707, 1492675813707223727, 0.319, 0.395, -0.205, -2.893, 2.304, 0.077
2017-04-20 10:10:13,709, 1492675813709221918, 0.311, 0.391, -0.247, -2.928, 2.318, 0.073
2017-04-20 10:10:13,711, 1492675813711263281, 0.315, 0.396, -0.242, -2.946, 2.294, 0.085
2017-04-20 10:10:13,713, 1492675813713224222, 0.321, 0.396, -0.25, -2.958, 2.305, 0.093
2017-04-20 10:10:13,715, 1492675813715229663, 0.323, 0.389, -0.267, -2.95, 2.287, 0.093
2017-04-20 10:10:13,722, 1492675813722106280, 0.345, 0.408, -0.295, -2.919, 2.196, 0.085
2017-04-20 10:10:13,723, 1492675813723277618, 0.338, 0.397, -0.244, -2.935, 2.198, 0.049
2017-04-20 10:10:13,725, 1492675813725213364, 0.327, 0.394, -0.261, -2.939, 2.14, 0.024
2017-04-20 10:10:13,727, 1492675813727570426, 0.3, 0.379, -0.289, -2.942, 2.093, 0.036
2017-04-20 10:10:13,729, 1492675813729260683, 0.283, 0.392, -0.25, -2.922, 2.068, 0.077
2017-04-20 10:10:13,731, 1492675813731324988, 0.288, 0.404, -0.245, -2.941, 2.076, 0.052
2017-04-20 10:10:13,738, 1492675813738122919, 0.281, 0.396, -0.195, -3.077, 2.108, 0.077
2017-04-20 10:10:13,739, 1492675813739292064, 0.269, 0.4, -0.213, -3.118, 2.088, 0.036
2017-04-20 10:10:13,741, 1492675813741214798, 0.246, 0.403, -0.2, -3.16, 2.054, 0.016
2017-04-20 10:10:13,743, 1492675813743241965, 0.259, 0.421, -0.186, -3.195, 2.015, 0.06
2017-04-20 10:10:13,753, 1492675813748459407, 0.24, 0.409, -0.195, -3.205, 1.977, 0.081
2017-04-20 10:10:13,754, 1492675813754306529, 0.25, 0.401, -0.161, -3.123, 1.887, 0.065
2017-04-20 10:10:13,756, 1492675813756477202, 0.237, 0.398, -0.163, -3.112, 1.873, 0.077
2017-04-20 10:10:13,758, 1492675813758286892, 0.231, 0.383, -0.167, -3.136, 1.86, 0.065
2017-04-20 10:10:13,760, 1492675813760228229, 0.22, 0.392, -0.146, -3.143, 1.844, 0.057
2017-04-20 10:10:13,762, 1492675813762271193, 0.211, 0.378, -0.144, -3.136, 1.802, 0.069
2017-04-20 10:10:13,764, 1492675813764236324, 0.201, 0.363, -0.148, -3.118, 1.775, 0.06
2017-04-20 10:10:13,766, 1492675813766186332, 0.184, 0.357, -0.151, -3.088, 1.76, 0.052
2017-04-20 10:10:13,768, 1492675813768154990, 0.164, 0.338, -0.142, -3.043, 1.725, 0.041
2017-04-20 10:10:13,770, 1492675813770159054, 0.159, 0.339, -0.165, -2.973, 1.711, 0.049
2017-04-20 10:10:13,772, 1492675813772606749, 0.159, 0.351, -0.161, -2.891, 1.706, 0.09
2017-04-20 10:10:13,774, 1492675813774244015, 0.151, 0.339, -0.155, -2.797, 1.699, 0.089
2017-04-20 10:10:13,776, 1492675813776141739, 0.156, 0.328, -0.164, -2.7, 1.694, 0.082
2017-04-20 10:10:13,778, 1492675813778189686, 0.161, 0.317, -0.169, -2.573, 1.68, 0.089
2017-04-20 10:10:13,780, 1492675813780177908, 0.172, 0.322, -0.157, -2.463, 1.67, 0.101
2017-04-20 10:10:13,782, 1492675813782505734, 0.166, 0.303, -0.157, -2.385, 1.654, 0.073
2017-04-20 10:10:13,784, 1492675813784244889, 0.168, 0.284, -0.159, -2.315, 1.62, 0.109
2017-04-20 10:10:13,786, 1492675813786321374, 0.178, 0.285, -0.146, -2.266, 1.596, 0.13
2017-04-20 10:10:13,788, 1492675813788254676, 0.184, 0.284, -0.124, -2.216, 1.579, 0.114
2017-04-20 10:10:13,794, 1492675813794074321, 0.205, 0.239, -0.11, -2.086, 1.587, 0.089
2017-04-20 10:10:13,795, 1492675813795454761, 0.202, 0.229, -0.157, -2.056, 1.57, 0.074
2017-04-20 10:10:13,797, 1492675813797266834, 0.202, 0.244, -0.068, -2.017, 1.554, 0.109
2017-04-20 10:10:13,799, 1492675813799205619, 0.196, 0.267, -0.044, -2.068, 1.567, 0.097
2017-04-20 10:10:13,801, 1492675813801857211, 0.161, 0.225, -0.147, -2.126, 1.546, 0.109
2017-04-20 10:10:13,803, 1492675813803217644, 0.161, 0.242, -0.057, -2.132, 1.493, 0.114
2017-04-20 10:10:13,810, 1492675813810089086, 0.156, 0.245, -0.052, -2.21, 1.479, 0.114
2017-04-20 10:10:13,811, 1492675813811200873, 0.116, 0.245, 0.044, -2.168, 1.393, 0.142
2017-04-20 10:10:13,814, 1492675813814289745, 0.139, 0.254, -0.109, -2.096, 1.403, 0.125
2017-04-20 10:10:13,816, 1492675813816078687, 0.15, 0.258, -0.122, -2.034, 1.412, 0.125
2017-04-20 10:10:13,818, 1492675813818221930, 0.125, 0.23, -0.013, -1.952, 1.369, 0.15
2017-04-20 10:10:13,820, 1492675813820113703, 0.108, 0.193, -0.091, -1.871, 1.346, 0.15
2017-04-20 10:10:13,821, 1492675813821269511, 0.134, 0.2, -0.157, -1.79, 1.358, 0.155
2017-04-20 10:10:13,823, 1492675813823209809, 0.15, 0.203, -0.105, -1.718, 1.372, 0.155
2017-04-20 10:10:13,825, 1492675813825272047, 0.147, 0.191, -0.114, -1.652, 1.365, 0.114
2017-04-20 10:10:13,827, 1492675813827248707, 0.146, 0.171, -0.156, -1.61, 1.362, 0.122
2017-04-20 10:10:13,829, 1492675813829239752, 0.168, 0.19, -0.114, -1.589, 1.366, 0.207
2017-04-20 10:10:13,831, 1492675813831257965, 0.175, 0.191, -0.131, -1.596, 1.363, 0.182
2017-04-20 10:10:13,833, 1492675813833280021, 0.161, 0.183, -0.171, -1.601, 1.343, 0.141
2017-04-20 10:10:13,835, 1492675813835257346, 0.165, 0.197, -0.122, -1.615, 1.312, 0.171
2017-04-20 10:10:13,837, 1492675813837467897, 0.181, 0.204, -0.112, -1.646, 1.301, 0.211
2017-04-20 10:10:13,839, 1492675813839202782, 0.163, 0.206, -0.13, -1.681, 1.289, 0.195
2017-04-20 10:10:13,841, 1492675813841262554, 0.15, 0.219, -0.116, -1.707, 1.252, 0.179
2017-04-20 10:10:13,844, 1492675813844170427, 0.139, 0.229, -0.088, -1.716, 1.225, 0.19
2017-04-20 10:10:13,845, 1492675813845255135, 0.148, 0.228, -0.115, -1.732, 1.223, 0.203
2017-04-20 10:10:13,847, 1492675813847210652, 0.148, 0.231, -0.078, -1.758, 1.192, 0.207
2017-04-20 10:10:13,849, 1492675813849281514, 0.123, 0.225, -0.06, -1.774, 1.152, 0.211
2017-04-20 10:10:13,851, 1492675813851363113, 0.12, 0.237, -0.088, -1.778, 1.14, 0.223
2017-04-20 10:10:13,856, 1492675813856222088, 0.122, 0.219, -0.082, -1.785, 1.132, 0.207
2017-04-20 10:10:13,858, 1492675813858055189, 0.136, 0.205, -0.06, -1.822, 1.135, 0.195
2017-04-20 10:10:13,860, 1492675813860108807, 0.131, 0.198, -0.06, -1.827, 1.127, 0.207
2017-04-20 10:10:13,862, 1492675813862074799, 0.134, 0.2, -0.063, -1.832, 1.131, 0.195
2017-04-20 10:10:13,864, 1492675813864235259, 0.12, 0.199, -0.082, -1.818, 1.119, 0.215
2017-04-20 10:10:13,868, 1492675813868224285, 0.127, 0.188, -0.079, -1.739, 1.122, 0.231
2017-04-20 10:10:13,870, 1492675813870142427, 0.137, 0.206, -0.087, -1.71, 1.134, 0.215
2017-04-20 10:10:13,871, 1492675813871215125, 0.123, 0.196, -0.105, -1.672, 1.142, 0.207
2017-04-20 10:10:13,872, 1492675813872335736, 0.132, 0.206, -0.099, -1.653, 1.14, 0.211
2017-04-20 10:10:13,874, 1492675813874127454, 0.121, 0.201, -0.106, -1.641, 1.15, 0.198
2017-04-20 10:10:13,876, 1492675813876205613, 0.133, 0.192, -0.097, -1.616, 1.145, 0.212
2017-04-20 10:10:13,878, 1492675813878193005, 0.129, 0.195, -0.123, -1.589, 1.152, 0.203
2017-04-20 10:10:13,880, 1492675813880159662, 0.141, 0.204, -0.118, -1.567, 1.156, 0.195
2017-04-20 10:10:13,882, 1492675813882581521, 0.148, 0.198, -0.114, -1.529, 1.157, 0.182
2017-04-20 10:10:13,885, 1492675813884887823, 0.151, 0.185, -0.128, -1.487, 1.167, 0.174
2017-04-20 10:10:13,890, 1492675813890406918, 0.15, 0.188, -0.117, -1.422, 1.153, 0.187
2017-04-20 10:10:13,892, 1492675813892310195, 0.139, 0.153, -0.109, -1.358, 1.185, 0.138
2017-04-20 10:10:13,898, 1492675813898072971, 0.144, 0.169, -0.062, -1.367, 1.215, 0.166
2017-04-20 10:10:13,899, 1492675813899651273, 0.143, 0.166, -0.063, -1.384, 1.215, 0.166
2017-04-20 10:10:13,901, 1492675813901217626, 0.129, 0.177, -0.057, -1.39, 1.209, 0.162
2017-04-20 10:10:13,903, 1492675813903267731, 0.141, 0.171, -0.058, -1.387, 1.213, 0.203
2017-04-20 10:10:13,905, 1492675813905217833, 0.133, 0.183, -0.067, -1.385, 1.22, 0.203
2017-04-20 10:10:13,907, 1492675813907603875, 0.137, 0.175, -0.067, -1.386, 1.212, 0.203
2017-04-20 10:10:13,910, 1492675813910258323, 0.141, 0.174, -0.058, -1.367, 1.198, 0.195
2017-04-20 10:10:13,912, 1492675813912092605, 0.143, 0.171, -0.05, -1.356, 1.194, 0.198
2017-04-20 10:10:13,913, 1492675813913228688, 0.155, 0.167, -0.069, -1.341, 1.185, 0.187
2017-04-20 10:10:13,915, 1492675813915253506, 0.151, 0.148, -0.091, -1.331, 1.179, 0.19
2017-04-20 10:10:13,917, 1492675813917246832, 0.15, 0.17, -0.066, -1.322, 1.149, 0.182
2017-04-20 10:10:13,919, 1492675813919285290, 0.146, 0.162, -0.077, -1.302, 1.123, 0.19
2017-04-20 10:10:13,924, 1492675813924400685, 0.128, 0.147, -0.093, -1.285, 1.104, 0.171
2017-04-20 10:10:13,926, 1492675813926263930, 0.138, 0.148, -0.092, -1.252, 1.071, 0.174
2017-04-20 10:10:13,928, 1492675813928204010, 0.135, 0.155, -0.093, -1.236, 1.075, 0.171
2017-04-20 10:10:13,930, 1492675813930255412, 0.138, 0.15, -0.09, -1.248, 1.071, 0.174
2017-04-20 10:10:13,933, 1492675813932251805, 0.123, 0.146, -0.084, -1.27, 1.071, 0.171
2017-04-20 10:10:13,935, 1492675813935272563, 0.115, 0.15, -0.103, -1.284, 1.085, 0.174
2017-04-20 10:10:13,938, 1492675813938080055, 0.13, 0.166, -0.101, -1.306, 1.102, 0.166
2017-04-20 10:10:13,939, 1492675813939386802, 0.116, 0.164, -0.092, -1.347, 1.104, 0.158
2017-04-20 10:10:13,941, 1492675813941195776, 0.114, 0.166, -0.094, -1.368, 1.103, 0.166
2017-04-20 10:10:13,942, 1492675813942266611, 0.114, 0.176, -0.079, -1.386, 1.108, 0.179
2017-04-20 10:10:13,944, 1492675813944239345, 0.115, 0.179, -0.085, -1.395, 1.113, 0.174
2017-04-20 10:10:13,946, 1492675813946273273, 0.112, 0.178, -0.089, -1.42, 1.126, 0.154
2017-04-20 10:10:13,948, 1492675813948242028, 0.124, 0.177, -0.082, -1.433, 1.112, 0.155
2017-04-20 10:10:13,950, 1492675813950384535, 0.116, 0.183, -0.072, -1.456, 1.104, 0.166
2017-04-20 10:10:13,952, 1492675813952627667, 0.12, 0.192, -0.093, -1.485, 1.112, 0.174
2017-04-20 10:10:13,954, 1492675813954560517, 0.123, 0.194, -0.092, -1.507, 1.116, 0.187
2017-04-20 10:10:13,956, 1492675813956204817, 0.135, 0.198, -0.073, -1.529, 1.117, 0.179
2017-04-20 10:10:13,958, 1492675813958236880, 0.128, 0.185, -0.071, -1.555, 1.115, 0.171
2017-04-20 10:10:13,960, 1492675813960232496, 0.133, 0.188, -0.063, -1.58, 1.118, 0.166
2017-04-20 10:10:13,964, 1492675813963737983, 0.107, 0.183, -0.055, -1.59, 1.102, 0.154
2017-04-20 10:10:13,965, 1492675813965239312, 0.071, 0.152, -0.066, -1.564, 1.059, 0.13
2017-04-20 10:10:13,966, 1492675813966252994, 0.065, 0.131, -0.074, -1.544, 1.035, 0.133
2017-04-20 10:10:13,968, 1492675813968197792, 0.063, 0.123, -0.052, -1.52, 1.013, 0.141
2017-04-20 10:10:13,970, 1492675813970257615, 0.041, 0.121, -0.091, -1.457, 0.973, 0.141
2017-04-20 10:10:13,972, 1492675813972661140, 0.02, 0.103, -0.091, -1.363, 0.95, 0.179
2017-04-20 10:10:13,974, 1492675813974256267, 0.015, 0.095, -0.131, -1.255, 0.905, 0.223
2017-04-20 10:10:13,976, 1492675813976271419, 0.01, 0.082, -0.173, -1.16, 0.887, 0.3
2017-04-20 10:10:13,978, 1492675813978269159, 0.001, 0.069, -0.218, -1.076, 0.848, 0.264
2017-04-20 10:10:13,980, 1492675813980221441, -0.026, 0.071, -0.213, -0.999, 0.798, 0.26
2017-04-20 10:10:13,982, 1492675813982268087, -0.04, 0.044, -0.242, -0.922, 0.766, 0.284
2017-04-20 10:10:13,984, 1492675813984233422, -0.03, 0.056, -0.282, -0.82, 0.748, 0.317
2017-04-20 10:10:13,988, 1492675813987807500, -0.028, 0.061, -0.306, -0.7, 0.744, 0.268
2017-04-20 10:10:13,991, 1492675813989285131, -0.048, 0.029, -0.318, -0.603, 0.685, 0.293
2017-04-20 10:10:13,996, 1492675813996348195, -0.069, 0.018, -0.368, -0.362, 0.587, 0.357
2017-04-20 10:10:13,998, 1492675813998336523, -0.077, 0.006, -0.402, -0.322, 0.555, 0.377
2017-04-20 10:10:14,000, 1492675814000261985, -0.054, 0.013, -0.386, -0.318, 0.581, 0.377
2017-04-20 10:10:14,002, 1492675814002199207, -0.049, 0.023, -0.363, -0.308, 0.591, 0.353
2017-04-20 10:10:14,004, 1492675814004259680, -0.073, 0.024, -0.401, -0.328, 0.588, 0.333
2017-04-20 10:10:14,006, 1492675814006239547, -0.107, -0.011, -0.411, -0.322, 0.543, 0.345
2017-04-20 10:10:14,008, 1492675814008251623, -0.103, -0.001, -0.388, -0.293, 0.526, 0.349
2017-04-20 10:10:14,010, 1492675814010206731, -0.037, 0.018, -0.379, -0.293, 0.628, 0.345
2017-04-20 10:10:14,012, 1492675814012265796, -0.03, 0.012, -0.358, -0.308, 0.612, 0.271
2017-04-20 10:10:14,018, 1492675814018086723, -0.02, 0.021, -0.485, -0.354, 0.57, 0.357
2017-04-20 10:10:14,019, 1492675814019255515, -0.037, 0.031, -0.388, -0.43, 0.539, 0.434
2017-04-20 10:10:14,025, 1492675814022173099, -0.015, 0.038, -0.354, -0.478, 0.577, 0.398
2017-04-20 10:10:14,025, 1492675814025422633, 0.034, 0.057, -0.516, -0.47, 0.679, 0.345
2017-04-20 10:10:14,027, 1492675814027267004, 0.006, 0.047, -0.474, -0.438, 0.602, 0.357
2017-04-20 10:10:14,029, 1492675814029172264, -0.052, 0.042, -0.506, -0.419, 0.583, 0.417
2017-04-20 10:10:14,031, 1492675814031061064, -0.073, 0.013, -0.663, -0.415, 0.534, 0.349
2017-04-20 10:10:14,032, 1492675814032240141, -0.075, 0.016, -0.589, -0.314, 0.484, 0.377
2017-04-20 10:10:14,033, 1492675814033247388, -0.061, 0.045, -0.532, -0.267, 0.482, 0.293
2017-04-20 10:10:14,035, 1492675814035367004, -0.051, 0.033, -0.642, -0.18, 0.444, 0.312
2017-04-20 10:10:14,037, 1492675814037226297, -0.052, 0.023, -0.678, -0.126, 0.408, 0.401
2017-04-20 10:10:14,039, 1492675814039229915, 0.028, 0.079, -0.581, -0.094, 0.454, 0.373
2017-04-20 10:10:14,041, 1492675814041222185, 0.074, 0.098, -0.609, -0.078, 0.528, 0.325
2017-04-20 10:10:14,044, 1492675814044251190, 0.129, 0.133, -0.676, -0.241, 0.64, 0.317
2017-04-20 10:10:14,046, 1492675814046016838, 0.132, 0.164, -0.642, -0.296, 0.601, 0.422
2017-04-20 10:10:14,052, 1492675814052263711, 0.206, 0.22, -0.574, -0.653, 0.8, 0.365
2017-04-20 10:10:14,054, 1492675814054067107, 0.19, 0.203, -0.573, -0.693, 0.824, 0.39
2017-04-20 10:10:14,056, 1492675814056097824, 0.244, 0.231, -0.565, -0.698, 0.84, 0.414
2017-04-20 10:10:14,058, 1492675814058281297, 0.358, 0.321, -0.407, -0.828, 1.017, 0.333
2017-04-20 10:10:14,060, 1492675814060204683, 0.453, 0.331, -0.648, -1.035, 1.316, 0.195
2017-04-20 10:10:14,066, 1492675814066061590, 0.402, 0.362, -0.503, -1.955, 1.26, 0.552
2017-04-20 10:10:14,067, 1492675814067220430, 0.379, 0.361, -0.767, -2.223, 1.179, 0.633
2017-04-20 10:10:14,069, 1492675814069217414, 0.242, 0.436, -0.443, -2.479, 0.893, 1.018
2017-04-20 10:10:14,071, 1492675814071243587, 0.189, 0.361, -0.301, -2.621, 0.865, 1.088
2017-04-20 10:10:14,073, 1492675814073224482, 0.231, 0.383, -0.651, -2.775, 1.05, 1.161
2017-04-20 10:10:14,076, 1492675814076122212, 0.409, 0.519, -0.446, -2.879, 1.472, 1.319
2017-04-20 10:10:14,077, 1492675814077222595, 0.546, 0.599, -0.302, -3.077, 1.879, 1.267
2017-04-20 10:10:14,079, 1492675814079243764, 0.687, 0.619, -0.694, -3.05, 2.215, 1.368
2017-04-20 10:10:14,081, 1492675814081224264, 0.746, 0.732, -0.699, -3.038, 2.184, 1.21
2017-04-20 10:10:14,083, 1492675814083367891, 0.666, 0.699, -0.416, -3.075, 1.991, 0.824
2017-04-20 10:10:14,092, 1492675814092323955, 0.451, 0.61, -0.696, -3.245, 1.556, 1.194
2017-04-20 10:10:14,094, 1492675814094343034, 0.594, 0.534, -0.924, -3.311, 1.761, 0.929
2017-04-20 10:10:14,096, 1492675814096133529, 0.724, 0.608, -1.032, -3.257, 2.04, 1.262
2017-04-20 10:10:14,098, 1492675814098193858, 0.733, 0.711, -1.662, -2.944, 1.945, 1.213
2017-04-20 10:10:14,106, 1492675814106079914, 0.268, 0.432, -1.967, -1.667, 1.057, 0.791
2017-04-20 10:10:14,107, 1492675814107262818, 0.403, 0.47, -1.982, -1.721, 1.414, 0.962
2017-04-20 10:10:14,109, 1492675814109498115, 0.534, 0.459, -1.967, -1.829, 1.749, 1.242
2017-04-20 10:10:14,111, 1492675814111256689, 0.736, 0.543, -1.941, -2.117, 2.098, 0.942
2017-04-20 10:10:14,113, 1492675814113244892, 0.642, 0.511, -1.998, -2.059, 1.86, 0.572
2017-04-20 10:10:14,115, 1492675814115459826, 0.542, 0.492, -1.978, -2.129, 1.839, 0.828
2017-04-20 10:10:14,117, 1492675814117443927, 0.416, 0.408, -2.026, -2.049, 1.808, 1.068
2017-04-20 10:10:14,119, 1492675814119257380, 0.403, 0.411, -2.032, -2.087, 1.798, 0.804
2017-04-20 10:10:14,121, 1492675814121410312, 0.567, 0.387, -2.019, -2.142, 2.196, 0.462
2017-04-20 10:10:14,125, 1492675814124974998, 0.613, 0.32, -2.023, -2.156, 2.305, 0.832
2017-04-20 10:10:14,127, 1492675814127569641, 0.468, 0.34, -2.064, -2.348, 2.1, 0.896
2017-04-20 10:10:14,129, 1492675814129258958, 0.342, 0.384, -2.059, -2.388, 2.021, 0.718
2017-04-20 10:10:14,131, 1492675814131006124, 0.307, 0.395, -2.091, -2.427, 2.003, 0.885
2017-04-20 10:10:14,132, 1492675814132235113, 0.294, 0.409, -2.111, -2.491, 1.943, 1.092
2017-04-20 10:10:14,133, 1492675814133229291, 0.338, 0.432, -2.099, -2.529, 2.025, 1.035
2017-04-20 10:10:14,135, 1492675814135255404, 0.428, 0.418, -2.106, -2.499, 2.224, 0.856
2017-04-20 10:10:14,137, 1492675814137202571, 0.424, 0.396, -2.108, -2.49, 2.219, 0.918
2017-04-20 10:10:14,139, 1492675814139258421, 0.338, 0.382, -2.156, -2.517, 2.115, 0.97
2017-04-20 10:10:14,141, 1492675814141197505, 0.249, 0.379, -2.142, -2.533, 1.954, 0.86
2017-04-20 10:10:14,143, 1492675814143283685, 0.228, 0.424, -2.164, -2.648, 1.895, 0.685
2017-04-20 10:10:14,145, 1492675814145217059, 0.292, 0.424, -2.174, -2.7, 1.977, 0.758
2017-04-20 10:10:14,147, 1492675814147564736, 0.31, 0.406, -2.168, -2.671, 1.979, 0.755
2017-04-20 10:10:14,149, 1492675814149180836, 0.314, 0.362, -2.167, -2.582, 2.01, 0.69
2017-04-20 10:10:14,151, 1492675814151279483, 0.291, 0.12, -2.62, -2.85, 2.033, 0.674
2017-04-20 10:10:14,153, 1492675814153697584, 0.256, 0.33, -3.099, -4.114, 2.115, 0.755
2017-04-20 10:10:14,155, 1492675814155252369, 0.279, 0.497, -2.939, -3.663, 1.973, 0.658
2017-04-20 10:10:14,161, 1492675814161116814, 0.226, 0.592, -2.502, -3.007, 1.78, 0.547
2017-04-20 10:10:14,168, 1492675814163001925, 0.305, 0.29, -2.917, -2.963, 1.848, 0.564
2017-04-20 10:10:14,169, 1492675814168207998, 0.165, 0.598, -2.92, -2.923, 1.584, 0.592
2017-04-20 10:10:14,169, 1492675814169507431, 0.202, 0.579, -2.969, -2.884, 1.646, 0.62
2017-04-20 10:10:14,172, 1492675814172340511, 0.223, 0.468, -3.16, -3.038, 1.646, 0.702
2017-04-20 10:10:14,174, 1492675814174252236, 0.236, 0.369, -3.076, -3.083, 1.651, 0.612
2017-04-20 10:10:14,176, 1492675814176024815, 0.287, 0.363, -3.173, -3.101, 1.776, 0.682
2017-04-20 10:10:14,178, 1492675814178086373, 0.29, 0.438, -3.219, -3.168, 1.855, 0.661
2017-04-20 10:10:14,180, 1492675814180061359, 0.307, 0.472, -3.091, -3.193, 1.916, 0.609
2017-04-20 10:10:14,182, 1492675814182115918, 0.32, 0.429, -3.069, -3.206, 1.911, 0.642
2017-04-20 10:10:14,184, 1492675814184039278, 0.316, 0.415, -3.121, -3.26, 1.894, 0.698
2017-04-20 10:10:14,186, 1492675814186075162, 0.357, 0.383, -3.16, -3.201, 1.914, 0.758
2017-04-20 10:10:14,188, 1492675814188050687, 0.321, 0.387, -3.141, -3.145, 1.893, 0.731
2017-04-20 10:10:14,190, 1492675814190071725, 0.271, 0.419, -3.116, -3.087, 1.802, 0.751
2017-04-20 10:10:14,195, 1492675814195202177, 0.303, 0.402, -3.068, -2.83, 1.928, 0.718
2017-04-20 10:10:14,197, 1492675814197112427, 0.303, 0.355, -3.102, -2.759, 1.933, 0.714
2017-04-20 10:10:14,199, 1492675814199051056, 0.286, 0.312, -3.116, -2.751, 1.914, 0.731
2017-04-20 10:10:14,201, 1492675814201127294, 0.266, 0.318, -3.126, -2.792, 1.842, 0.723
2017-04-20 10:10:14,203, 1492675814203182250, 0.235, 0.346, -3.154, -2.754, 1.767, 0.645
2017-04-20 10:10:14,205, 1492675814205189032, 0.22, 0.346, -3.192, -2.654, 1.702, 0.658
2017-04-20 10:10:14,207, 1492675814207147139, 0.232, 0.308, -3.205, -2.582, 1.664, 0.666
2017-04-20 10:10:14,209, 1492675814209139171, 0.242, 0.259, -3.19, -2.462, 1.638, 0.62
2017-04-20 10:10:14,214, 1492675814214067104, 0.267, 0.27, -3.226, -2.17, 1.577, 0.682
2017-04-20 10:10:14,215, 1492675814215267328, 0.233, 0.311, -3.242, -2.044, 1.538, 0.65
2017-04-20 10:10:14,217, 1492675814217421880, 0.231, 0.318, -3.289, -1.969, 1.504, 0.666
2017-04-20 10:10:14,219, 1492675814219258452, 0.233, 0.313, -3.322, -1.924, 1.481, 0.682
2017-04-20 10:10:14,221, 1492675814221199471, 0.239, 0.308, -3.271, -1.874, 1.468, 0.658
2017-04-20 10:10:14,223, 1492675814223254908, 0.234, 0.307, -3.239, -1.828, 1.444, 0.621
2017-04-20 10:10:14,225, 1492675814225219442, 0.211, 0.326, -3.202, -1.858, 1.401, 0.637
2017-04-20 10:10:14,230, 1492675814229955914, 0.199, 0.332, -3.109, -1.914, 1.359, 0.625
2017-04-20 10:10:14,234, 1492675814234173845, 0.217, 0.316, -2.992, -2.325, 1.337, 0.625
2017-04-20 10:10:14,235, 1492675814235246300, 0.19, 0.326, -2.978, -2.488, 1.329, 0.625
2017-04-20 10:10:14,238, 1492675814238022787, 0.177, 0.313, -2.971, -2.658, 1.333, 0.653
2017-04-20 10:10:14,239, 1492675814239234419, 0.176, 0.328, -2.915, -2.787, 1.344, 0.674
2017-04-20 10:10:14,242, 1492675814242022106, 0.205, 0.367, -2.833, -2.873, 1.42, 0.69
2017-04-20 10:10:14,250, 1492675814250099201, 0.178, 0.412, -2.741, -3.026, 1.367, 0.686
2017-04-20 10:10:14,251, 1492675814251242296, 0.206, 0.435, -2.763, -3.116, 1.397, 0.677
2017-04-20 10:10:14,253, 1492675814253252055, 0.198, 0.441, -2.763, -3.097, 1.372, 0.674
2017-04-20 10:10:14,255, 1492675814255232246, 0.185, 0.423, -2.735, -3.044, 1.335, 0.702
2017-04-20 10:10:14,261, 1492675814260266736, 0.201, 0.407, -2.726, -3.064, 1.332, 0.702
2017-04-20 10:10:14,270, 1492675814270178884, 0.169, 0.372, -2.729, -2.862, 1.228, 0.669
2017-04-20 10:10:14,271, 1492675814271245591, 0.164, 0.366, -2.719, -2.78, 1.202, 0.653
2017-04-20 10:10:14,274, 1492675814274047994, 0.181, 0.387, -2.708, -2.712, 1.225, 0.637
2017-04-20 10:10:14,276, 1492675814276119629, 0.192, 0.417, -2.775, -2.633, 1.243, 0.661
2017-04-20 10:10:14,278, 1492675814278086575, 0.187, 0.404, -2.688, -2.495, 1.208, 0.653
2017-04-20 10:10:14,280, 1492675814280051960, 0.171, 0.37, -2.682, -2.398, 1.181, 0.686
2017-04-20 10:10:14,282, 1492675814282040001, 0.159, 0.355, -2.75, -2.339, 1.177, 0.669
2017-04-20 10:10:14,284, 1492675814284104481, 0.182, 0.364, -2.69, -2.294, 1.178, 0.702
2017-04-20 10:10:14,290, 1492675814290002809, 0.196, 0.308, -2.608, -2.264, 1.161, 0.715
2017-04-20 10:10:14,291, 1492675814291408462, 0.19, 0.286, -2.62, -2.285, 1.178, 0.71
2017-04-20 10:10:14,293, 1492675814293223491, 0.189, 0.272, -2.635, -2.291, 1.19, 0.694
2017-04-20 10:10:14,295, 1492675814295234850, 0.187, 0.269, -2.613, -2.274, 1.202, 0.686
2017-04-20 10:10:14,298, 1492675814297841422, 0.186, 0.288, -2.614, -2.281, 1.244, 0.702
2017-04-20 10:10:14,300, 1492675814300104947, 0.19, 0.296, -2.619, -2.287, 1.294, 0.686
2017-04-20 10:10:14,301, 1492675814301262545, 0.194, 0.292, -2.582, -2.263, 1.324, 0.69
2017-04-20 10:10:14,303, 1492675814303227652, 0.188, 0.292, -2.567, -2.259, 1.358, 0.714
2017-04-20 10:10:14,305, 1492675814305216770, 0.207, 0.32, -2.559, -2.263, 1.407, 0.698
2017-04-20 10:10:14,307, 1492675814307513216, 0.218, 0.324, -2.536, -2.26, 1.433, 0.702
2017-04-20 10:10:14,309, 1492675814309244682, 0.224, 0.322, -2.505, -2.259, 1.451, 0.726
2017-04-20 10:10:14,311, 1492675814311222405, 0.236, 0.322, -2.51, -2.254, 1.467, 0.722
2017-04-20 10:10:14,313, 1492675814313213562, 0.234, 0.326, -2.5, -2.248, 1.479, 0.714