2017-04-20 10:09:13,721, 1492675753721332246, 1.139, 0.693, -2.892, -0.245, 2.31, 1.218
2017-04-20 10:09:13,723, 1492675753723124385, 1.136, 0.701, -2.883, -0.283, 2.302, 1.23
2017-04-20 10:09:13,725, 1492675753725137512, 1.137, 0.713, -2.867, -0.313, 2.326, 1.213
2017-04-20 10:09:13,728, 1492675753727925815, 1.151, 0.723, -2.846, -0.339, 2.352, 1.222
2017-04-20 10:09:13,730, 1492675753729973511, 1.146, 0.73, -2.846, -0.342, 2.357, 1.246
2017-04-20 10:09:13,734, 1492675753734158719, 1.16, 0.721, -2.883, -0.315, 2.366, 1.278
2017-04-20 10:09:13,742, 1492675753742153922, 1.157, 0.673, -2.927, -0.184, 2.339, 1.254
2017-04-20 10:09:13,744, 1492675753744203743, 1.147, 0.674, -2.971, -0.091, 2.336, 1.234
2017-04-20 10:09:13,748, 1492675753747794338, 1.142, 0.665, -3.0, -0.013, 2.338, 1.234
2017-04-20 10:09:13,749, 1492675753749164386, 1.115, 0.644, -3.025, 0.074, 2.287, 1.169
2017-04-20 10:09:13,751, 1492675753751004324, 1.103, 0.634, -3.024, 0.097, 2.264, 1.177
2017-04-20 10:09:13,752, 1492675753752116813, 1.096, 0.633, -3.044, 0.136, 2.235, 1.194
2017-04-20 10:09:13,754, 1492675753754347566, 1.086, 0.637, -3.06, 0.162, 2.216, 1.202
2017-04-20 10:09:13,756, 1492675753756127169, 1.078, 0.648, -3.061, 0.162, 2.22, 1.202
2017-04-20 10:09:13,758, 1492675753758135628, 1.084, 0.651, -3.069, 0.16, 2.232, 1.205
2017-04-20 10:09:13,760, 1492675753760012065, 1.102, 0.64, -3.053, 0.156, 2.245, 1.226
2017-04-20 10:09:13,762, 1492675753762013928, 1.094, 0.632, -3.043, 0.129, 2.236, 1.197
2017-04-20 10:09:13,764, 1492675753763984271, 1.093, 0.626, -3.017, 0.087, 2.221, 1.181
2017-04-20 10:09:13,766, 1492675753766049905, 1.087, 0.643, -2.992, 0.037, 2.218, 1.173
2017-04-20 10:09:13,768, 1492675753768165591, 1.088, 0.665, -2.994, -0.001, 2.238, 1.169
2017-04-20 10:09:13,771, 1492675753770908482, 1.117, 0.647, -2.986, -0.05, 2.272, 1.156
2017-04-20 10:09:13,772, 1492675753772146768, 1.116, 0.66, -2.982, -0.078, 2.309, 1.164
2017-04-20 10:09:13,774, 1492675753774152932, 1.12, 0.661, -2.975, -0.088, 2.315, 1.156
2017-04-20 10:09:13,779, 1492675753779146320, 1.111, 0.678, -2.953, -0.147, 2.296, 1.132
2017-04-20 10:09:13,782, 1492675753782008684, 1.116, 0.692, -2.959, -0.158, 2.309, 1.133
2017-04-20 10:09:13,783, 1492675753783147154, 1.121, 0.696, -2.968, -0.164, 2.34, 1.129
2017-04-20 10:09:13,785, 1492675753785073596, 1.119, 0.691, -2.977, -0.167, 2.346, 1.112
2017-04-20 10:09:13,787, 1492675753786996840, 1.127, 0.697, -2.932, -0.174, 2.359, 1.108
2017-04-20 10:09:13,789, 1492675753789041925, 1.131, 0.693, -2.939, -0.184, 2.346, 1.1
2017-04-20 10:09:13,791, 1492675753791074021, 1.133, 0.702, -2.943, -0.188, 2.334, 1.104
2017-04-20 10:09:13,793, 1492675753793021513, 1.126, 0.706, -2.95, -0.188, 2.332, 1.092
2017-04-20 10:09:13,795, 1492675753794974029, 1.122, 0.696, -2.971, -0.175, 2.337, 1.088
2017-04-20 10:09:13,797, 1492675753797009424, 1.125, 0.689, -2.992, -0.153, 2.34, 1.092
2017-04-20 10:09:13,799, 1492675753799014199, 1.116, 0.678, -2.979, -0.127, 2.331, 1.092
2017-04-20 10:09:13,804, 1492675753804153072, 1.12, 0.673, -2.997, -0.091, 2.315, 1.092
2017-04-20 10:09:13,806, 1492675753805960258, 1.108, 0.683, -2.982, -0.091, 2.315, 1.096
2017-04-20 10:09:13,808, 1492675753808071211, 1.115, 0.685, -2.981, -0.091, 2.311, 1.104
2017-04-20 10:09:13,810, 1492675753810055704, 1.12, 0.682, -2.952, -0.109, 2.315, 1.108
2017-04-20 10:09:13,812, 1492675753812099465, 1.12, 0.683, -2.932, -0.141, 2.309, 1.12
2017-04-20 10:09:13,815, 1492675753814687471, 1.117, 0.681, -2.897, -0.194, 2.303, 1.12
2017-04-20 10:09:13,816, 1492675753816183537, 1.114, 0.683, -2.843, -0.321, 2.311, 1.12
2017-04-20 10:09:13,818, 1492675753817970323, 1.114, 0.7, -2.813, -0.371, 2.311, 1.12
2017-04-20 10:09:13,820, 1492675753820077547, 1.119, 0.706, -2.75, -0.502, 2.309, 1.112
2017-04-20 10:09:13,822, 1492675753822103944, 1.118, 0.707, -2.683, -0.633, 2.315, 1.116
2017-04-20 10:09:13,824, 1492675753824134076, 1.118, 0.724, -2.606, -0.807, 2.32, 1.12
2017-04-20 10:09:13,826, 1492675753826001495, 1.118, 0.734, -2.518, -0.969, 2.329, 1.129
2017-04-20 10:09:13,828, 1492675753828060193, 1.106, 0.746, -2.441, -1.14, 2.334, 1.112
2017-04-20 10:09:13,830, 1492675753830140151, 1.09, 0.748, -2.356, -1.317, 2.345, 1.14
2017-04-20 10:09:13,832, 1492675753832064848, 1.088, 0.781, -2.295, -1.463, 2.374, 1.156
2017-04-20 10:09:13,834, 1492675753833995753, 1.087, 0.765, -2.204, -1.604, 2.363, 1.137
2017-04-20 10:09:13,837, 1492675753836064224, 1.077, 0.796, -2.144, -1.769, 2.421, 1.164
2017-04-20 10:09:13,838, 1492675753838044469, 1.086, 0.797, -2.131, -1.791, 2.456, 1.213
2017-04-20 10:09:13,840, 1492675753840082357, 1.086, 0.799, -2.116, -1.819, 2.498, 1.213
2017-04-20 10:09:13,842, 1492675753842017384, 1.082, 0.807, -2.12, -1.819, 2.536, 1.189
2017-04-20 10:09:13,844, 1492675753844178721, 1.082, 0.787, -2.111, -1.774, 2.536, 1.23
2017-04-20 10:09:13,846, 1492675753846097833, 1.082, 0.792, -2.12, -1.745, 2.545, 1.222
2017-04-20 10:09:13,848, 1492675753848069097, 1.083, 0.789, -2.098, -1.756, 2.544, 1.234
2017-04-20 10:09:13,850, 1492675753850158725, 1.118, 0.78, -2.102, -1.725, 2.567, 1.262
2017-04-20 10:09:13,852, 1492675753852157291, 1.149, 0.776, -2.078, -1.709, 2.577, 1.303
2017-04-20 10:09:13,854, 1492675753854106809, 1.149, 0.773, -2.08, -1.671, 2.552, 1.291
2017-04-20 10:09:13,856, 1492675753856046657, 1.15, 0.773, -2.077, -1.629, 2.551, 1.319
2017-04-20 10:09:13,858, 1492675753858022756, 1.159, 0.777, -2.076, -1.613, 2.529, 1.368
2017-04-20 10:09:13,860, 1492675753860069793, 1.161, 0.773, -2.054, -1.606, 2.51, 1.372
2017-04-20 10:09:13,862, 1492675753862056412, 1.166, 0.79, -2.058, -1.577, 2.499, 1.356
2017-04-20 10:09:13,864, 1492675753864041380, 1.138, 0.778, -2.049, -1.549, 2.473, 1.343
2017-04-20 10:09:13,866, 1492675753865987461, 1.115, 0.759, -2.026, -1.491, 2.43, 1.416
2017-04-20 10:09:13,868, 1492675753868044358, 1.099, 0.76, -2.037, -1.485, 2.417, 1.319
2017-04-20 10:09:13,874, 1492675753874156823, 1.122, 0.812, -1.996, -1.657, 2.539, 1.299
2017-04-20 10:09:13,876, 1492675753875966061, 1.127, 0.806, -1.99, -1.677, 2.549, 1.27
2017-04-20 10:09:13,878, 1492675753877986161, 1.105, 0.767, -1.978, -1.654, 2.542, 1.234
2017-04-20 10:09:13,880, 1492675753880059597, 1.076, 0.753, -1.958, -1.663, 2.507, 1.242
2017-04-20 10:09:13,882, 1492675753882037907, 1.074, 0.747, -1.944, -1.665, 2.526, 1.242
2017-04-20 10:09:13,884, 1492675753884138861, 1.116, 0.931, -0.604, -0.537, 2.478, 1.27
2017-04-20 10:09:13,886, 1492675753886125125, 1.262, 0.955, 1.496, -1.028, 2.554, 1.676
2017-04-20 10:09:13,888, 1492675753888046241, 1.089, 0.321, -1.147, -1.657, 3.006, 1.145
2017-04-20 10:09:13,890, 1492675753889989691, 0.544, 0.318, -1.961, -1.528, 2.318, 0.954
2017-04-20 10:09:13,892, 1492675753892041190, 0.502, 0.169, -1.48, -2.016, 2.792, 0.896
2017-04-20 10:09:13,894, 1492675753894114079, 0.375, 0.63, 0.013, -3.188, 2.487, 0.596
2017-04-20 10:09:13,896, 1492675753895979590, 0.541, 0.608, -0.215, -3.148, 2.925, 0.929
2017-04-20 10:09:13,898, 1492675753897986630, 0.535, 0.414, -0.195, -3.392, 3.098, 1.153
2017-04-20 10:09:13,900, 1492675753900034869, 0.34, 0.354, 0.28, -3.765, 2.819, 1.36
2017-04-20 10:09:13,902, 1492675753902087608, 0.333, 0.192, 0.373, -3.591, 3.277, 0.69
2017-04-20 10:09:13,904, 1492675753904131095, 0.318, 0.481, 0.075, -3.619, 3.404, 0.775
2017-04-20 10:09:13,906, 1492675753906012713, 0.258, 0.5, 0.17, -3.77, 3.342, 0.942
2017-04-20 10:09:13,908, 1492675753908029015, 0.302, 0.451, 0.333, -3.968, 3.437, 0.896
2017-04-20 10:09:13,910, 1492675753909999649, 0.298, 0.45, 0.382, -4.206, 3.407, 1.137
2017-04-20 10:09:13,912, 1492675753912009148, 0.346, 0.448, 0.345, -4.175, 3.426, 0.986
2017-04-20 10:09:13,916, 1492675753916605251, 0.308, 0.48, 0.366, -3.71, 3.292, 0.86
2017-04-20 10:09:13,918, 1492675753918285537, 0.259, 0.307, 0.228, -3.09, 2.925, 0.864
2017-04-20 10:09:13,920, 1492675753920109532, 0.355, 0.232, 0.275, -2.879, 2.971, 0.901
2017-04-20 10:09:13,922, 1492675753922157092, 0.338, 0.225, 0.248, -2.822, 2.9, 0.799
2017-04-20 10:09:13,924, 1492675753924136729, 0.273, 0.266, 0.21, -2.676, 2.761, 0.69
2017-04-20 10:09:13,926, 1492675753926163592, 0.294, 0.297, 0.195, -2.593, 2.811, 0.645
2017-04-20 10:09:13,928, 1492675753928134342, 0.338, 0.269, 0.217, -2.661, 2.819, 0.755
2017-04-20 10:09:13,930, 1492675753930171072, 0.331, 0.212, 0.26, -2.771, 2.83, 0.714
2017-04-20 10:09:13,932, 1492675753932142993, 0.28, 0.276, 0.288, -2.727, 2.735, 0.75
2017-04-20 10:09:13,934, 1492675753934138224, 0.261, 0.335, 0.202, -2.662, 2.712, 0.766
2017-04-20 10:09:13,936, 1492675753936112760, 0.289, 0.301, 0.227, -2.666, 2.764, 0.69
2017-04-20 10:09:13,938, 1492675753938159855, 0.249, 0.302, 0.366, -2.661, 2.681, 0.588
2017-04-20 10:09:13,940, 1492675753940117188, 0.242, 0.28, 0.342, -2.579, 2.592, 0.633
2017-04-20 10:09:13,942, 1492675753942157213, 0.248, 0.285, 0.243, -2.455, 2.484, 0.771
2017-04-20 10:09:13,944, 1492675753944107167, 0.238, 0.28, 0.334, -2.372, 2.373, 0.69
2017-04-20 10:09:13,946, 1492675753946183590, 0.19, 0.272, 0.367, -2.294, 2.202, 0.531
2017-04-20 10:09:13,948, 1492675753948140746, 0.16, 0.225, 0.308, -2.195, 2.079, 0.552
2017-04-20 10:09:13,951, 1492675753951150040, 0.235, 0.232, 0.479, -1.968, 2.044, 0.592
2017-04-20 10:09:13,952, 1492675753952130326, 0.254, 0.199, 0.503, -1.873, 2.022, 0.487
2017-04-20 10:09:13,955, 1492675753955140248, 0.219, 0.11, 0.496, -1.681, 1.892, 0.325
2017-04-20 10:09:13,957, 1492675753957030716, 0.174, 0.087, 0.568, -1.573, 1.781, 0.39
2017-04-20 10:09:13,958, 1492675753958172522, 0.138, 0.094, 0.602, -1.454, 1.701, 0.454
2017-04-20 10:09:13,960, 1492675753960152468, 0.13, 0.075, 0.588, -1.421, 1.657, 0.406
2017-04-20 10:09:13,962, 1492675753962156806, 0.106, 0.069, 0.637, -1.466, 1.626, 0.328
2017-04-20 10:09:13,964, 1492675753964130840, 0.12, 0.097, 0.815, -1.518, 1.591, 0.417
2017-04-20 10:09:13,966, 1492675753966162254, 0.135, 0.128, 0.843, -1.52, 1.571, 0.507
2017-04-20 10:09:13,968, 1492675753968184665, 0.118, 0.136, 0.842, -1.508, 1.5, 0.466
2017-04-20 10:09:13,970, 1492675753970248621, 0.041, 0.128, 0.947, -1.47, 1.351, 0.409
2017-04-20 10:09:13,972, 1492675753972134932, -0.032, 0.107, 0.994, -1.388, 1.203, 0.495
2017-04-20 10:09:13,974, 1492675753974129257, -0.03, 0.113, 0.941, -1.247, 1.106, 0.568
2017-04-20 10:09:13,976, 1492675753976141580, -0.035, 0.107, 0.942, -1.077, 1.018, 0.564
2017-04-20 10:09:13,978, 1492675753978139182, -0.05, 0.046, 1.048, -0.871, 0.934, 0.564
2017-04-20 10:09:13,980, 1492675753980162588, -0.042, 0.033, 1.125, -0.712, 0.9, 0.714
2017-04-20 10:09:13,983, 1492675753982154412, -0.006, 0.003, 1.125, -0.648, 0.861, 0.804
2017-04-20 10:09:13,984, 1492675753984133354, 0.024, -0.008, 1.174, -0.548, 0.755, 0.739
2017-04-20 10:09:13,986, 1492675753986213412, 0.03, -0.019, 1.251, -0.463, 0.614, 0.747
2017-04-20 10:09:13,991, 1492675753991150326, -0.054, -0.062, 1.057, -0.073, -0.068, 0.661
2017-04-20 10:09:13,997, 1492675753997161692, -0.407, -0.397, 0.335, 0.887, -0.708, 0.093
2017-04-20 10:09:13,998, 1492675753998923318, -0.3, -0.274, 0.585, 0.609, -0.543, -0.024
2017-04-20 10:09:14,001, 1492675754001061439, -0.108, -0.156, 0.707, 0.662, -0.295, -0.273
2017-04-20 10:09:14,003, 1492675754003028438, 0.097, 0.002, 0.142, 0.627, -0.123, -0.633
2017-04-20 10:09:14,007, 1492675754005141913, 0.028, 0.022, -0.14, 0.439, -0.294, -0.045
2017-04-20 10:09:14,007, 1492675754007008922, -0.029, 0.113, 0.263, 0.219, -0.59, 0.604
2017-04-20 10:09:14,013, 1492675754013184829, 0.241, 0.403, 0.417, 0.325, -0.719, -0.227
2017-04-20 10:09:14,015, 1492675754014994167, 0.179, 0.329, 0.733, 0.32, -0.971, 0.312
2017-04-20 10:09:14,017, 1492675754017058804, 0.137, -0.038, -0.194, 0.33, -0.96, -0.398
2017-04-20 10:09:14,019, 1492675754019138615, 0.177, -0.004, -1.037, -0.125, -0.589, -0.743
2017-04-20 10:09:14,026, 1492675754026123948, 0.007, 0.179, -0.299, -1.462, -0.137, -0.191
2017-04-20 10:09:14,027, 1492675754027107046, 0.052, 0.189, 0.298, -1.904, 0.239, -0.146
2017-04-20 10:09:14,030, 1492675754029998765, -0.022, 0.23, 0.276, -1.959, 0.378, 0.568
2017-04-20 10:09:14,032, 1492675754031957961, -0.003, 0.172, -0.317, -1.824, 0.879, -0.057
2017-04-20 10:09:14,033, 1492675754033175143, 0.004, 0.341, 0.079, -1.848, 1.142, -0.37
2017-04-20 10:09:14,036, 1492675754035985478, 0.106, 0.306, 0.326, -1.712, 1.478, 0.044
2017-04-20 10:09:14,038, 1492675754037990406, 0.112, 0.175, -0.016, -1.591, 1.669, 0.182
2017-04-20 10:09:14,040, 1492675754039970326, 0.158, 0.177, 0.024, -1.394, 1.764, 0.077
2017-04-20 10:09:14,042, 1492675754042012981, 0.196, 0.264, 0.401, -1.358, 1.851, 0.012
2017-04-20 10:09:14,044, 1492675754044177166, 0.31, 0.184, -0.086, -1.127, 1.999, 0.36
2017-04-20 10:09:14,046, 1492675754045985280, 0.326, 0.18, -0.151, -1.024, 2.071, 0.138
2017-04-20 10:09:14,054, 1492675754054158083, 0.318, 0.058, 0.26, -0.266, 2.064, -0.024
2017-04-20 10:09:14,056, 1492675754056072718, 0.274, 0.015, 0.181, -0.14, 2.077, 0.012
2017-04-20 10:09:14,058, 1492675754058001206, 0.276, -0.033, -0.104, 0.097, 2.133, 0.3
2017-04-20 10:09:14,060, 1492675754060050243, 0.271, -0.015, 0.085, 0.306, 2.123, 0.279
2017-04-20 10:09:14,062, 1492675754062135111, 0.226, -0.026, 0.162, 0.468, 2.054, 0.065
2017-04-20 10:09:14,064, 1492675754064111511, 0.221, -0.066, -0.029, 0.626, 1.981, 0.065
2017-04-20 10:09:14,066, 1492675754066006200, 0.212, -0.045, -0.021, 0.65, 1.838, 0.138
2017-04-20 10:09:14,068, 1492675754068024336, 0.147, -0.033, 0.1, 0.618, 1.545, 0.097
2017-04-20 10:09:14,070, 1492675754069964428, 0.116, -0.068, -0.006, 0.522, 1.307, 0.052
2017-04-20 10:09:14,072, 1492675754072049034, 0.161, -0.074, -0.084, 0.372, 1.091, 0.19
2017-04-20 10:09:14,074, 1492675754074057072, 0.193, -0.045, -0.007, 0.234, 0.89, 0.158
2017-04-20 10:09:14,076, 1492675754076039213, 0.205, -0.014, -0.033, 0.101, 0.729, -0.065
2017-04-20 10:09:14,078, 1492675754078016945, 0.211, -0.005, -0.158, 0.022, 0.579, -0.154
2017-04-20 10:09:14,080, 1492675754080005464, 0.182, 0.0, -0.077, -0.042, 0.403, -0.073
2017-04-20 10:09:14,082, 1492675754082022313, 0.166, 0.04, -0.064, -0.125, 0.252, -0.078
2017-04-20 10:09:14,084, 1492675754084039166, 0.149, 0.059, -0.126, -0.218, 0.168, -0.094
2017-04-20 10:09:14,086, 1492675754085990808, 0.103, 0.072, 0.012, -0.263, 0.051, -0.005
2017-04-20 10:09:14,088, 1492675754088078754, 0.026, 0.112, 0.079, -0.428, -0.046, 0.077
2017-04-20 10:09:14,090, 1492675754090203028, -0.021, 0.124, -0.026, -0.632, -0.051, 0.003
2017-04-20 10:09:14,092, 1492675754092054933, -0.041, 0.125, 0.04, -0.773, -0.072, -0.008
2017-04-20 10:09:14,094, 1492675754094111180, -0.026, 0.176, 0.165, -0.99, -0.041, -0.021
2017-04-20 10:09:14,096, 1492675754096052025, -0.029, 0.207, 0.11, -1.197, -0.028, -0.061
2017-04-20 10:09:14,098, 1492675754097979875, -0.046, 0.201, 0.136, -1.344, -0.074, -0.094
2017-04-20 10:09:14,100, 1492675754100026188, -0.055, 0.185, 0.207, -1.467, -0.145, -0.013
2017-04-20 10:09:14,102, 1492675754102039726, -0.081, 0.165, 0.098, -1.465, -0.205, -0.053
2017-04-20 10:09:14,104, 1492675754104042824, -0.069, 0.152, 0.062, -1.344, -0.242, -0.114
2017-04-20 10:09:14,106, 1492675754106010218, -0.015, 0.179, 0.041, -1.116, -0.244, -0.078
2017-04-20 10:09:14,108, 1492675754108114378, 0.037, 0.132, 0.028, -0.789, -0.202, -0.102
2017-04-20 10:09:14,110, 1492675754110012254, 0.055, 0.103, -0.012, -0.498, -0.193, -0.11
2017-04-20 10:09:14,112, 1492675754112017503, 0.048, 0.087, -0.058, -0.225, -0.228, -0.053
2017-04-20 10:09:14,114, 1492675754113973606, 0.028, 0.066, -0.093, 0.062, -0.232, 0.024
2017-04-20 10:09:14,116, 1492675754116231141, 0.04, 0.065, -0.088, 0.185, -0.148, 0.028
2017-04-20 10:09:14,118, 1492675754117990319, 0.034, 0.069, -0.083, 0.175, -0.048, 0.049
2017-04-20 10:09:14,120, 1492675754120036069, 0.051, 0.049, -0.046, 0.126, 0.066, 0.052
2017-04-20 10:09:14,122, 1492675754122085397, 0.06, 0.074, -0.014, -0.106, 0.224, 0.024
2017-04-20 10:09:14,124, 1492675754124090131, 0.064, 0.071, -0.006, -0.329, 0.347, -0.041
2017-04-20 10:09:14,129, 1492675754129123142, 0.069, 0.089, 0.047, -0.84, 0.689, 0.0
2017-04-20 10:09:14,131, 1492675754131103520, 0.097, 0.079, 0.076, -0.867, 0.777, -0.021
2017-04-20 10:09:14,133, 1492675754132953506, 0.126, 0.077, 0.108, -0.867, 0.904, 0.012
2017-04-20 10:09:14,135, 1492675754135001411, 0.127, 0.078, 0.059, -0.792, 0.981, 0.024
2017-04-20 10:09:14,137, 1492675754136946004, 0.134, 0.06, 0.027, -0.584, 1.069, -0.02
2017-04-20 10:09:14,139, 1492675754138979842, 0.189, 0.056, 0.031, -0.359, 1.18, -0.016
2017-04-20 10:09:14,141, 1492675754140959066, 0.193, 0.027, -0.032, -0.114, 1.212, 0.0
2017-04-20 10:09:14,143, 1492675754143018623, 0.196, -0.003, -0.012, 0.175, 1.256, 0.02
2017-04-20 10:09:14,145, 1492675754144998154, 0.221, 0.007, -0.002, 0.324, 1.296, 0.093
2017-04-20 10:09:14,147, 1492675754147084895, 0.206, -0.044, -0.045, 0.443, 1.281, 0.097
2017-04-20 10:09:14,149, 1492675754149122741, 0.215, -0.055, -0.033, 0.513, 1.317, 0.069
2017-04-20 10:09:14,150, 1492675754150128775, 0.219, -0.043, 0.014, 0.507, 1.333, 0.101
2017-04-20 10:09:14,157, 1492675754153794897, 0.25, -0.044, -0.003, 0.469, 1.386, 0.041
2017-04-20 10:09:14,158, 1492675754155167743, 0.214, -0.037, 0.042, 0.382, 1.37, -0.005
2017-04-20 10:09:14,158, 1492675754158310908, 0.172, -0.033, 0.069, 0.309, 1.295, 0.06
2017-04-20 10:09:14,160, 1492675754160175079, 0.144, -0.04, 0.006, 0.222, 1.238, 0.073
2017-04-20 10:09:14,162, 1492675754161952910, 0.162, 0.002, 0.058, 0.146, 1.214, 0.077
2017-04-20 10:09:14,163, 1492675754163160095, 0.143, 0.04, 0.067, 0.055, 1.127, 0.085
2017-04-20 10:09:14,165, 1492675754165531684, 0.143, 0.035, 0.042, 0.019, 1.064, 0.069
2017-04-20 10:09:14,167, 1492675754167182322, 0.136, 0.067, 0.022, -0.188, 0.968, 0.06
2017-04-20 10:09:14,169, 1492675754168953675, 0.107, 0.075, 0.015, -0.375, 0.842, 0.024
2017-04-20 10:09:14,171, 1492675754170989837, 0.057, 0.097, 0.015, -0.546, 0.669, 0.0
2017-04-20 10:09:14,173, 1492675754173018372, 0.062, 0.132, 0.021, -0.782, 0.547, 0.008
2017-04-20 10:09:14,175, 1492675754175013947, 0.039, 0.177, 0.004, -1.007, 0.372, 0.016
2017-04-20 10:09:14,177, 1492675754177194994, 0.044, 0.18, 0.027, -1.191, 0.235, -0.053
2017-04-20 10:09:14,179, 1492675754179153786, 0.048, 0.209, 0.07, -1.372, 0.115, -0.053
2017-04-20 10:09:14,181, 1492675754180934893, 0.038, 0.224, 0.028, -1.474, -0.003, -0.094
2017-04-20 10:09:14,183, 1492675754182980879, 0.022, 0.208, -0.003, -1.501, -0.116, -0.162
2017-04-20 10:09:14,188, 1492675754188553957, 0.012, 0.201, 0.04, -1.471, -0.225, -0.143
2017-04-20 10:09:14,191, 1492675754190171794, -0.032, 0.143, 0.007, -1.051, -0.45, -0.078
2017-04-20 10:09:14,192, 1492675754192154753, -0.04, 0.118, -0.001, -0.819, -0.507, -0.024
2017-04-20 10:09:14,198, 1492675754198101868, -0.01, 0.062, -0.043, -0.017, -0.434, -0.029
2017-04-20 10:09:14,199, 1492675754199121089, -0.005, -0.001, -0.061, 0.212, -0.377, -0.021
2017-04-20 10:09:14,202, 1492675754201986932, -0.005, -0.004, -0.051, 0.377, -0.309, -0.013
2017-04-20 10:09:14,204, 1492675754204139399, -0.011, -0.042, -0.041, 0.486, -0.242, 0.016
2017-04-20 10:09:14,205, 1492675754205139608, -0.018, -0.065, -0.035, 0.559, -0.153, 0.044
2017-04-20 10:09:14,208, 1492675754207937892, 0.025, -0.062, 0.005, 0.607, -0.008, 0.065
2017-04-20 10:09:14,210, 1492675754209980166, 0.066, -0.033, 0.02, 0.576, 0.151, 0.036
2017-04-20 10:09:14,212, 1492675754212103708, 0.109, -0.043, 0.038, 0.541, 0.32, 0.012
2017-04-20 10:09:14,214, 1492675754214141291, 0.093, -0.04, 0.098, 0.382, 0.471, 0.016
2017-04-20 10:09:14,216, 1492675754216101012, 0.071, -0.022, 0.078, 0.257, 0.529, 0.012
2017-04-20 10:09:14,218, 1492675754218143310, 0.059, -0.031, 0.054, 0.15, 0.635, 0.02
2017-04-20 10:09:14,219, 1492675754219113911, 0.087, 0.001, 0.113, 0.024, 0.768, 0.053
2017-04-20 10:09:14,225, 1492675754224688417, 0.113, 0.026, 0.111, -0.091, 0.88, 0.081
2017-04-20 10:09:14,227, 1492675754227128773, 0.126, 0.055, 0.064, -0.377, 1.085, 0.036
2017-04-20 10:09:14,228, 1492675754228118228, 0.115, 0.053, 0.04, -0.405, 1.1, 0.024
2017-04-20 10:09:14,230, 1492675754230112401, 0.12, 0.064, 0.027, -0.447, 1.109, 0.008
2017-04-20 10:09:14,232, 1492675754232150913, 0.135, 0.102, 0.011, -0.511, 1.111, 0.024
2017-04-20 10:09:14,234, 1492675754234156267, 0.148, 0.078, 0.004, -0.543, 1.103, 0.041
2017-04-20 10:09:14,236, 1492675754236152597, 0.165, 0.092, 0.008, -0.588, 1.055, 0.044
2017-04-20 10:09:14,238, 1492675754238120706, 0.148, 0.1, -0.025, -0.629, 0.981, 0.02
2017-04-20 10:09:14,240, 1492675754240136591, 0.134, 0.096, -0.062, -0.609, 0.921, -0.021
2017-04-20 10:09:14,242, 1492675754242133299, 0.145, 0.094, -0.04, -0.607, 0.846, -0.024
2017-04-20 10:09:14,244, 1492675754244151575, 0.145, 0.092, -0.027, -0.617, 0.796, -0.033
2017-04-20 10:09:14,249, 1492675754249141132, 0.125, 0.077, -0.01, -0.542, 0.642, 0.024
2017-04-20 10:09:14,250, 1492675754250139713, 0.098, 0.066, -0.04, -0.492, 0.563, 0.003
2017-04-20 10:09:14,257, 1492675754257583494, 0.066, 0.055, -0.067, -0.373, 0.506, 0.0
2017-04-20 10:09:14,259, 1492675754259152371, 0.059, 0.03, -0.03, -0.112, 0.36, 0.016
2017-04-20 10:09:14,261, 1492675754261115971, 0.037, 0.032, 0.007, -0.097, 0.271, 0.003
2017-04-20 10:09:14,263, 1492675754263154584, 0.01, 0.032, 0.001, -0.048, 0.207, 0.041
2017-04-20 10:09:14,265, 1492675754265119574, 0.002, 0.025, -0.009, -0.033, 0.118, 0.033
2017-04-20 10:09:14,267, 1492675754267123455, -0.002, 0.045, 0.077, -0.075, 0.057, 0.041
2017-04-20 10:09:14,269, 1492675754269124524, 0.024, 0.039, 0.049, -0.109, 0.047, 0.0
2017-04-20 10:09:14,271, 1492675754271117550, 0.026, 0.03, 0.068, -0.157, 0.014, -0.045
2017-04-20 10:09:14,273, 1492675754273124718, 0.006, 0.054, 0.123, -0.252, -0.076, -0.037
2017-04-20 10:09:14,275, 1492675754275142958, -0.013, 0.033, 0.063, -0.269, -0.148, -0.065
2017-04-20 10:09:14,277, 1492675754277119664, -0.018, 0.029, 0.053, -0.277, -0.197, -0.029
2017-04-20 10:09:14,279, 1492675754279153856, -0.021, 0.042, 0.091, -0.266, -0.232, -0.013
2017-04-20 10:09:14,281, 1492675754281121787, -0.011, 0.031, 0.054, -0.182, -0.239, -0.037
2017-04-20 10:09:14,283, 1492675754283159842, -0.003, 0.029, 0.042, -0.125, -0.224, -0.013
2017-04-20 10:09:14,285, 1492675754285129890, -0.009, 0.028, 0.049, -0.092, -0.253, -0.013
2017-04-20 10:09:14,287, 1492675754287094043, -0.029, 0.012, 0.0, -0.017, -0.247, -0.033
2017-04-20 10:09:14,289, 1492675754289113748, -0.028, 0.016, -0.024, 0.022, -0.225, 0.0
2017-04-20 10:09:14,291, 1492675754291142346, -0.029, 0.036, -0.017, 0.027, -0.205, -0.008
2017-04-20 10:09:14,293, 1492675754293747214, -0.008, 0.005, -0.034, 0.015, -0.154, 0.024
2017-04-20 10:09:14,295, 1492675754295201130, 0.012, 0.032, -0.029, -0.038, -0.093, 0.024
2017-04-20 10:09:14,297, 1492675754297129428, 0.038, 0.049, 0.012, -0.144, -0.013, 0.028
2017-04-20 10:09:14,299, 1492675754299136134, 0.038, 0.028, -0.029, -0.237, 0.082, -0.065
2017-04-20 10:09:14,301, 1492675754301137255, 0.021, 0.032, -0.042, -0.311, 0.124, -0.041
2017-04-20 10:09:14,303, 1492675754303124117, 0.021, 0.057, -0.002, -0.366, 0.181, -0.024
2017-04-20 10:09:14,305, 1492675754305131894, 0.061, 0.058, -0.019, -0.377, 0.315, -0.021
2017-04-20 10:09:14,307, 1492675754307143403, 0.077, 0.061, 0.015, -0.378, 0.434, -0.037
2017-04-20 10:09:14,309, 1492675754309110063, 0.105, 0.065, 0.06, -0.4, 0.511, 0.02
2017-04-20 10:09:14,311, 1492675754311115712, 0.083, 0.029, 0.004, -0.38, 0.595, 0.008
2017-04-20 10:09:14,313, 1492675754313120523, 0.072, 0.062, -0.007, -0.328, 0.64, -0.005
2017-04-20 10:09:14,315, 1492675754315163524, 0.062, 0.058, 0.003, -0.293, 0.689, 0.008
2017-04-20 10:09:14,317, 1492675754317136623, 0.075, 0.043, -0.004, -0.221, 0.768, 0.041
2017-04-20 10:09:14,319, 1492675754319127102, 0.097, 0.043, -0.003, -0.177, 0.822, 0.057
2017-04-20 10:09:14,321, 1492675754321100497, 0.088, 0.047, 0.047, -0.171, 0.838, 0.077
2017-04-20 10:09:14,323, 1492675754323148192, 0.09, 0.012, -0.008, -0.115, 0.817, 0.052
2017-04-20 10:09:14,326, 1492675754325905361, 0.084, 0.021, -0.006, -0.096, 0.782, 0.049
2017-04-20 10:09:14,328, 1492675754328000013, 0.1, 0.049, 0.027, -0.111, 0.771, 0.024
2017-04-20 10:09:14,329, 1492675754329109585, 0.11, 0.032, -0.008, -0.146, 0.742, 0.003
2017-04-20 10:09:14,331, 1492675754331145998, 0.096, 0.011, 0.01, -0.175, 0.674, 0.016
2017-04-20 10:09:14,333, 1492675754333116512, 0.089, 0.026, 0.051, -0.199, 0.567, 0.024
2017-04-20 10:09:14,335, 1492675754335149163, 0.092, 0.033, 0.012, -0.186, 0.53, -0.021
2017-04-20 10:09:14,337, 1492675754337132567, 0.092, 0.036, 0.002, -0.157, 0.463, -0.021
2017-04-20 10:09:14,339, 1492675754339136606, 0.074, 0.036, 0.062, -0.159, 0.373, 0.003
2017-04-20 10:09:14,341, 1492675754341122354, 0.056, 0.007, 0.02, -0.138, 0.3, 0.008
2017-04-20 10:09:14,343, 1492675754343160541, 0.026, 0.002, -0.022, -0.096, 0.212, -0.037
2017-04-20 10:09:14,345, 1492675754345130623, 0.015, 0.03, 0.017, -0.058, 0.11, 0.008
2017-04-20 10:09:14,347, 1492675754347136171, 0.014, 0.03, 0.005, -0.023, 0.064, -0.008
2017-04-20 10:09:14,349, 1492675754349111468, 0.027, 0.011, -0.015, -0.024, 0.018, 0.012
2017-04-20 10:09:14,351, 1492675754351141098, 0.016, 0.024, 0.027, -0.063, -0.024, 0.012
2017-04-20 10:09:14,353, 1492675754353118132, -0.029, 0.013, -0.012, -0.079, -0.12, 0.003
2017-04-20 10:09:14,355, 1492675754355152662, -0.054, 0.01, -0.053, -0.09, -0.183, 0.016
2017-04-20 10:09:14,357, 1492675754357139762, -0.044, 0.046, -0.007, -0.104, -0.213, -0.021
2017-04-20 10:09:14,359, 1492675754359178634, -0.008, 0.045, -0.024, -0.125, -0.227, -0.029
2017-04-20 10:09:14,361, 1492675754361694148, 0.011, 0.02, -0.056, -0.178, -0.185, -0.057
2017-04-20 10:09:14,363, 1492675754363142483, -0.007, 0.02, 0.027, -0.201, -0.245, 0.008
2017-04-20 10:09:14,365, 1492675754365108821, -0.017, 0.033, -0.03, -0.229, -0.246, -0.057
2017-04-20 10:09:14,367, 1492675754367151428, -0.038, 0.027, -0.107, -0.182, -0.255, -0.033
2017-04-20 10:09:14,374, 1492675754374111026, 0.024, 0.029, -0.11, -0.089, -0.1, -0.005
2017-04-20 10:09:14,375, 1492675754375167283, 0.024, 0.037, -0.062, -0.104, -0.056, 0.016
2017-04-20 10:09:14,378, 1492675754377952477, -0.012, 0.04, -0.129, -0.097, -0.03, 0.008
2017-04-20 10:09:14,380, 1492675754379996408, -0.041, 0.014, -0.207, -0.08, -0.02, 0.0
2017-04-20 10:09:14,382, 1492675754381973660, -0.021, 0.04, -0.136, -0.111, 0.043, 0.02
2017-04-20 10:09:14,384, 1492675754384160816, 0.032, 0.057, -0.128, -0.16, 0.157, 0.0
2017-04-20 10:09:14,386, 1492675754385938111, 0.043, 0.046, -0.157, -0.209, 0.246, -0.013
2017-04-20 10:09:14,388, 1492675754387954431, 0.058, 0.039, -0.146, -0.307, 0.284, 0.02
2017-04-20 10:09:14,390, 1492675754389975163, 0.034, 0.046, -0.067, -0.357, 0.304, 0.012
2017-04-20 10:09:14,392, 1492675754391986292, 0.011, 0.052, -0.127, -0.39, 0.329, -0.016
2017-04-20 10:09:14,395, 1492675754395116651, 0.009, 0.049, -0.078, -0.394, 0.365, 0.008
2017-04-20 10:09:14,397, 1492675754397231937, 0.059, 0.066, -0.025, -0.391, 0.428, 0.028
2017-04-20 10:09:14,399, 1492675754398988957, 0.065, 0.048, -0.092, -0.377, 0.457, -0.005
2017-04-20 10:09:14,400, 1492675754400108142, 0.047, 0.036, -0.091, -0.32, 0.406, 0.003
2017-04-20 10:09:14,402, 1492675754402076415, 0.029, 0.037, -0.063, -0.279, 0.374, 0.041
2017-04-20 10:09:14,409, 1492675754409164658, 0.04, -0.005, -0.086, -0.047, 0.289, 0.033
2017-04-20 10:09:14,411, 1492675754410992199, 0.042, -0.019, -0.127, 0.024, 0.243, 0.016
2017-04-20 10:09:14,413, 1492675754413085799, 0.044, -0.024, -0.164, 0.145, 0.207, -0.024
2017-04-20 10:09:14,415, 1492675754415016379, 0.021, -0.005, -0.144, 0.247, 0.148, 0.0
2017-04-20 10:09:14,417, 1492675754417030536, 0.006, -0.046, -0.168, 0.322, 0.084, 0.036
2017-04-20 10:09:14,419, 1492675754419011264, 0.005, -0.057, -0.211, 0.391, 0.034, 0.016
2017-04-20 10:09:14,421, 1492675754421059981, -0.005, -0.04, -0.183, 0.444, -0.019, 0.012
2017-04-20 10:09:14,423, 1492675754423029688, -0.002, -0.049, -0.179, 0.478, -0.061, 0.028
2017-04-20 10:09:14,425, 1492675754425049509, 0.002, -0.061, -0.189, 0.484, -0.098, 0.036
2017-04-20 10:09:14,427, 1492675754427017729, -0.009, -0.037, -0.165, 0.437, -0.15, 0.012
2017-04-20 10:09:14,430, 1492675754430001674, -0.026, -0.019, -0.146, 0.352, -0.175, 0.02
2017-04-20 10:09:14,431, 1492675754431121801, -0.044, -0.012, -0.178, 0.177, -0.222, 0.016
2017-04-20 10:09:14,433, 1492675754433059236, -0.04, -0.011, -0.155, 0.103, -0.241, -0.005
2017-04-20 10:09:14,435, 1492675754434988857, -0.036, 0.019, -0.136, -0.031, -0.232, -0.008
2017-04-20 10:09:14,437, 1492675754437040372, -0.024, 0.029, -0.139, -0.167, -0.225, -0.021
2017-04-20 10:09:14,439, 1492675754438997837, -0.046, 0.027, -0.14, -0.29, -0.257, -0.029
2017-04-20 10:09:14,441, 1492675754441079116, -0.047, 0.044, -0.154, -0.359, -0.292, -0.024
2017-04-20 10:09:14,443, 1492675754443037373, -0.05, 0.065, -0.119, -0.41, -0.264, -0.016
2017-04-20 10:09:14,445, 1492675754445127476, -0.033, 0.089, -0.13, -0.443, -0.249, -0.024
2017-04-20 10:09:14,447, 1492675754447038542, -0.037, 0.075, -0.143, -0.464, -0.249, -0.037
2017-04-20 10:09:14,449, 1492675754449164201, -0.038, 0.071, -0.168, -0.489, -0.246, -0.005
2017-04-20 10:09:14,451, 1492675754450995671, -0.036, 0.089, -0.158, -0.49, -0.208, 0.0
2017-04-20 10:09:14,453, 1492675754453055301, -0.02, 0.094, -0.156, -0.488, -0.165, -0.053
2017-04-20 10:09:14,455, 1492675754455013043, -0.042, 0.066, -0.204, -0.465, -0.19, -0.045
2017-04-20 10:09:14,457, 1492675754457079833, -0.036, 0.07, -0.209, -0.439, -0.165, -0.005
2017-04-20 10:09:14,459, 1492675754459112615, -0.014, 0.067, -0.201, -0.386, -0.086, -0.024
2017-04-20 10:09:14,465, 1492675754465182319, 0.013, 0.025, -0.213, -0.169, 0.02, 0.008
2017-04-20 10:09:14,467, 1492675754467000061, 0.007, 0.027, -0.214, -0.115, 0.075, -0.021
2017-04-20 10:09:14,470, 1492675754469206205, 0.023, 0.024, -0.221, -0.05, 0.116, -0.008
2017-04-20 10:09:14,472, 1492675754472065728, 0.015, -0.002, -0.194, 0.015, 0.173, 0.033
2017-04-20 10:09:14,473, 1492675754473125509, 0.025, -0.014, -0.192, 0.052, 0.213, 0.041
2017-04-20 10:09:14,475, 1492675754475052974, 0.031, 0.002, -0.188, 0.084, 0.243, 0.02
2017-04-20 10:09:14,477, 1492675754477027900, 0.024, 0.005, -0.166, 0.103, 0.288, 0.028
2017-04-20 10:09:14,479, 1492675754479097015, 0.022, -0.012, -0.187, 0.132, 0.297, 0.033
2017-04-20 10:09:14,481, 1492675754481074288, 0.03, -0.018, -0.154, 0.126, 0.318, 0.033
2017-04-20 10:09:14,483, 1492675754483042643, 0.041, -0.018, -0.144, 0.121, 0.345, 0.012
2017-04-20 10:09:14,485, 1492675754485056757, 0.037, -0.007, -0.13, 0.12, 0.346, 0.02
2017-04-20 10:09:14,487, 1492675754487016238, 0.025, -0.019, -0.148, 0.104, 0.313, 0.024
2017-04-20 10:09:14,489, 1492675754489085824, 0.027, -0.017, -0.134, 0.095, 0.302, 0.033
2017-04-20 10:09:14,491, 1492675754491052541, 0.039, -0.007, -0.135, 0.087, 0.291, 0.003
2017-04-20 10:09:14,493, 1492675754493304885, 0.039, -0.011, -0.137, 0.091, 0.261, 0.003
2017-04-20 10:09:14,495, 1492675754495050987, 0.011, -0.015, -0.151, 0.101, 0.218, 0.003
2017-04-20 10:09:14,497, 1492675754497740745, 0.01, -0.014, -0.158, 0.107, 0.147, 0.008
2017-04-20 10:09:14,499, 1492675754499133670, 0.0, 0.003, -0.187, 0.095, 0.102, -0.005
2017-04-20 10:09:14,506, 1492675754506138214, -0.007, 0.013, -0.22, -0.006, -0.047, -0.005
2017-04-20 10:09:14,507, 1492675754507112066, -0.018, 0.011, -0.212, -0.039, -0.088, 0.0
2017-04-20 10:09:14,511, 1492675754510138090, -0.03, 0.017, -0.214, -0.073, -0.145, 0.016
2017-04-20 10:09:14,513, 1492675754513114307, -0.017, 0.031, -0.225, -0.114, -0.184, 0.003
2017-04-20 10:09:14,514, 1492675754514131349, -0.038, 0.026, -0.21, -0.135, -0.208, 0.0
2017-04-20 10:09:14,516, 1492675754516036584, -0.032, 0.034, -0.204, -0.14, -0.226, -0.013
2017-04-20 10:09:14,518, 1492675754518001707, -0.041, 0.042, -0.219, -0.152, -0.248, -0.013
2017-04-20 10:09:14,520, 1492675754519971359, -0.049, 0.04, -0.195, -0.18, -0.258, -0.024
2017-04-20 10:09:14,522, 1492675754522030795, -0.049, 0.05, -0.196, -0.212, -0.268, -0.021
2017-04-20 10:09:14,524, 1492675754524134531, -0.052, 0.04, -0.19, -0.246, -0.27, -0.016
2017-04-20 10:09:14,526, 1492675754525988077, -0.065, 0.047, -0.176, -0.268, -0.279, 0.012
2017-04-20 10:09:14,528, 1492675754527974044, -0.06, 0.052, -0.133, -0.288, -0.275, 0.024
2017-04-20 10:09:14,530, 1492675754530017067, -0.053, 0.037, -0.163, -0.299, -0.264, -0.016
2017-04-20 10:09:14,532, 1492675754532082463, -0.05, 0.042, -0.143, -0.292, -0.268, -0.016
2017-04-20 10:09:14,534, 1492675754534185861, -0.038, 0.039, -0.119, -0.268, -0.249, -0.029
2017-04-20 10:09:14,536, 1492675754535969449, -0.043, 0.048, -0.133, -0.246, -0.24, -0.024
2017-04-20 10:09:14,538, 1492675754538014876, -0.032, 0.034, -0.108, -0.212, -0.237, -0.013
2017-04-20 10:09:14,540, 1492675754539936504, -0.034, 0.028, -0.104, -0.163, -0.224, 0.0
2017-04-20 10:09:14,542, 1492675754541964329, -0.029, 0.019, -0.118, -0.105, -0.205, 0.003
2017-04-20 10:09:14,544, 1492675754543974116, -0.019, 0.017, -0.09, -0.049, -0.177, 0.0
2017-04-20 10:09:14,546, 1492675754546017872, -0.019, 0.017, -0.08, 0.01, -0.139, -0.016
2017-04-20 10:09:14,548, 1492675754548008814, -0.003, 0.0, -0.1, 0.054, -0.115, -0.024
2017-04-20 10:09:14,550, 1492675754550009787, -0.004, -0.005, -0.073, 0.09, -0.085, 0.003
2017-04-20 10:09:14,552, 1492675754552059725, 0.002, 0.004, -0.059, 0.11, -0.041, 0.003
2017-04-20 10:09:14,558, 1492675754558062438, 0.011, -0.014, -0.028, 0.142, 0.092, 0.012
2017-04-20 10:09:14,559, 1492675754559118547, 0.01, -0.007, -0.039, 0.146, 0.135, -0.008
2017-04-20 10:09:14,561, 1492675754561165106, 0.011, -0.009, -0.039, 0.141, 0.171, 0.0
2017-04-20 10:09:14,564, 1492675754564136941, 0.017, -0.02, -0.035, 0.136, 0.211, 0.02
2017-04-20 10:09:14,566, 1492675754566009970, 0.017, -0.005, -0.032, 0.126, 0.241, 0.012
2017-04-20 10:09:14,568, 1492675754568061280, 0.024, -0.014, -0.034, 0.101, 0.258, 0.028
2017-04-20 10:09:14,570, 1492675754569991655, 0.022, -0.01, -0.03, 0.081, 0.272, 0.036
2017-04-20 10:09:14,577, 1492675754577086286, 0.026, 0.015, -0.052, -0.023, 0.249, 0.012
2017-04-20 10:09:14,578, 1492675754578128225, 0.026, 0.015, -0.054, -0.051, 0.228, 0.016
2017-04-20 10:09:14,580, 1492675754580120526, 0.016, 0.0, -0.059, -0.078, 0.188, 0.008
2017-04-20 10:09:14,582, 1492675754582145336, 0.021, 0.004, -0.059, -0.102, 0.162, 0.02
2017-04-20 10:09:14,585, 1492675754584927755, 0.02, 0.026, -0.06, -0.115, 0.132, -0.005
2017-04-20 10:09:14,586, 1492675754586154420, 0.009, 0.031, -0.06, -0.131, 0.087, -0.008
2017-04-20 10:09:14,589, 1492675754588961388, -0.001, 0.023, -0.073, -0.152, 0.04, -0.016
2017-04-20 10:09:14,591, 1492675754590967271, -0.006, 0.028, -0.06, -0.155, -0.016, -0.008
2017-04-20 10:09:14,592, 1492675754592126393, -0.008, 0.035, -0.057, -0.157, -0.046, -0.016
2017-04-20 10:09:14,595, 1492675754595106841, -0.01, 0.043, -0.054, -0.162, -0.089, 0.0
2017-04-20 10:09:14,596, 1492675754596118410, -0.012, 0.027, -0.048, -0.17, -0.117, -0.005
2017-04-20 10:09:14,599, 1492675754599136971, -0.023, 0.028, -0.04, -0.172, -0.155, -0.008
2017-04-20 10:09:14,601, 1492675754601773565, -0.034, 0.038, -0.045, -0.171, -0.184, -0.016
2017-04-20 10:09:14,603, 1492675754603138975, -0.039, 0.044, -0.016, -0.169, -0.208, -0.021
2017-04-20 10:09:14,605, 1492675754604912156, -0.02, 0.039, -0.008, -0.176, -0.218, -0.008
2017-04-20 10:09:14,610, 1492675754610109859, -0.034, 0.04, 0.01, -0.176, -0.25, 0.0
2017-04-20 10:09:14,612, 1492675754611914466, -0.042, 0.034, 0.002, -0.162, -0.255, 0.012
2017-04-20 10:09:14,614, 1492675754613969487, -0.048, 0.037, 0.02, -0.138, -0.254, -0.008
2017-04-20 10:09:14,616, 1492675754615940320, -0.048, 0.02, 0.019, -0.109, -0.242, -0.024
2017-04-20 10:09:14,618, 1492675754617995306, -0.027, 0.024, 0.018, -0.076, -0.238, -0.029
2017-04-20 10:09:14,620, 1492675754619965735, -0.034, 0.016, 0.014, -0.035, -0.229, -0.021
2017-04-20 10:09:14,622, 1492675754621973763, -0.036, 0.005, 0.01, 0.012, -0.222, -0.008
2017-04-20 10:09:14,624, 1492675754624105479, -0.037, 0.006, 0.015, 0.048, -0.201, 0.003
2017-04-20 10:09:14,626, 1492675754626002527, -0.01, 0.002, 0.019, 0.076, -0.183, -0.013
2017-04-20 10:09:14,628, 1492675754627938443, -0.019, 0.003, 0.026, 0.096, -0.163, 0.0
2017-04-20 10:09:14,630, 1492675754630598503, -0.016, -0.028, -0.025, 0.11, -0.151, -0.005
2017-04-20 10:09:14,635, 1492675754635474722, -0.004, -0.016, 0.002, 0.156, -0.106, -0.005
2017-04-20 10:09:14,637, 1492675754637146577, -0.011, -0.038, -0.045, 0.202, -0.029, -0.008
2017-04-20 10:09:14,639, 1492675754639137175, -0.004, -0.032, -0.054, 0.21, -0.011, 0.028
2017-04-20 10:09:14,641, 1492675754641171729, 0.003, -0.019, -0.029, 0.212, 0.057, 0.012
2017-04-20 10:09:14,643, 1492675754643146544, -0.005, -0.009, -0.027, 0.199, 0.093, -0.005
2017-04-20 10:09:14,645, 1492675754645158511, -0.001, -0.018, -0.033, 0.161, 0.088, 0.016
2017-04-20 10:09:14,647, 1492675754647119464, -0.013, -0.014, -0.032, 0.121, 0.093, 0.044
2017-04-20 10:09:14,649, 1492675754649127867, 0.003, 0.017, -0.045, 0.055, 0.133, 0.008
2017-04-20 10:09:14,651, 1492675754651541941, 0.029, 0.031, -0.026, -0.014, 0.166, 0.008
2017-04-20 10:09:14,653, 1492675754653174336, 0.022, 0.025, -0.018, -0.097, 0.185, 0.003
2017-04-20 10:09:14,655, 1492675754655134388, 0.036, 0.039, -0.029, -0.199, 0.193, 0.003
2017-04-20 10:09:14,657, 1492675754657135123, 0.024, 0.044, -0.014, -0.31, 0.192, -0.021
2017-04-20 10:09:14,659, 1492675754659100736, 0.024, 0.063, -0.015, -0.388, 0.192, -0.029
2017-04-20 10:09:14,662, 1492675754661337569, 0.031, 0.063, 0.002, -0.451, 0.203, -0.029
2017-04-20 10:09:14,664, 1492675754664161140, 0.031, 0.065, 0.037, -0.506, 0.21, -0.021
2017-04-20 10:09:14,669, 1492675754665976289, 0.01, 0.059, 0.034, -0.496, 0.195, -0.024
2017-04-20 10:09:14,670, 1492675754667149146, -0.003, 0.06, 0.038, -0.455, 0.149, 0.0
2017-04-20 10:09:14,671, 1492675754670590620, -0.01, 0.05, 0.042, -0.35, 0.127, -0.005
2017-04-20 10:09:14,672, 1492675754672136507, -0.002, 0.049, 0.039, -0.274, 0.112, 0.003
2017-04-20 10:09:14,673, 1492675754673150868, 0.009, 0.033, 0.023, -0.205, 0.083, 0.008
2017-04-20 10:09:14,675, 1492675754675109039, -0.005, 0.022, 0.016, -0.13, 0.049, 0.003
2017-04-20 10:09:14,677, 1492675754677152136, -0.018, 0.006, 0.006, -0.014, -0.005, 0.008
2017-04-20 10:09:14,679, 1492675754679106409, -0.011, -0.001, -0.006, 0.091, -0.06, -0.013
2017-04-20 10:09:14,681, 1492675754681143527, -0.007, -0.011, -0.03, 0.187, -0.092, -0.005
2017-04-20 10:09:14,683, 1492675754683145982, 0.0, -0.019, -0.033, 0.26, -0.121, 0.016
2017-04-20 10:09:14,685, 1492675754685161448, 0.009, -0.03, -0.032, 0.313, -0.152, -0.005
2017-04-20 10:09:14,687, 1492675754687121646, -0.003, -0.031, -0.029, 0.356, -0.186, 0.012
2017-04-20 10:09:14,689, 1492675754689155830, -0.02, -0.03, -0.039, 0.363, -0.214, -0.008
2017-04-20 10:09:14,691, 1492675754691099968, -0.033, -0.022, -0.028, 0.348, -0.229, 0.003
2017-04-20 10:09:14,694, 1492675754694193376, -0.023, -0.02, -0.013, 0.254, -0.217, 0.003
2017-04-20 10:09:14,696, 1492675754696053702, -0.024, -0.02, 0.004, 0.192, -0.214, 0.012
2017-04-20 10:09:14,701, 1492675754700976783, -0.037, -0.005, 0.013, 0.112, -0.213, 0.012
2017-04-20 10:09:14,703, 1492675754703126756, -0.037, 0.018, 0.016, -0.156, -0.178, -0.016
2017-04-20 10:09:14,705, 1492675754705040190, -0.038, 0.025, 0.018, -0.199, -0.167, -0.008
2017-04-20 10:09:14,706, 1492675754706105333, -0.032, 0.029, 0.011, -0.248, -0.163, -0.013
2017-04-20 10:09:14,708, 1492675754708150130, -0.03, 0.04, 0.006, -0.27, -0.151, -0.013
2017-04-20 10:09:14,710, 1492675754710097115, -0.023, 0.04, 0.006, -0.276, -0.15, -0.016
2017-04-20 10:09:14,713, 1492675754712946430, -0.019, 0.044, -0.01, -0.263, -0.14, -0.016
2017-04-20 10:09:14,716, 1492675754716108116, 0.02, 0.043, -0.004, -0.218, -0.093, 0.008
2017-04-20 10:09:14,718, 1492675754717320132, -0.003, 0.047, -0.014, -0.187, -0.079, -0.016
2017-04-20 10:09:14,719, 1492675754719125441, -0.005, 0.044, -0.037, -0.16, -0.066, -0.016
2017-04-20 10:09:14,720, 1492675754720143254, -0.012, 0.039, -0.022, -0.142, -0.046, 0.003
2017-04-20 10:09:14,722, 1492675754722141497, 0.001, 0.032, -0.026, -0.125, -0.017, 0.003
2017-04-20 10:09:14,725, 1492675754724945942, 0.005, 0.049, -0.023, -0.11, 0.03, -0.005
2017-04-20 10:09:14,727, 1492675754726924696, 0.007, 0.034, 0.002, -0.105, 0.063, -0.005
2017-04-20 10:09:14,728, 1492675754728137582, 0.005, 0.016, 0.006, -0.097, 0.088, 0.02
2017-04-20 10:09:14,730, 1492675754730098122, 0.01, 0.007, 0.007, -0.092, 0.112, -0.008
2017-04-20 10:09:14,738, 1492675754738019926, 0.007, 0.008, 0.006, -0.076, 0.138, 0.003
2017-04-20 10:09:14,739, 1492675754739113660, 0.006, 0.007, -0.007, 0.01, 0.166, 0.02
2017-04-20 10:09:14,741, 1492675754741140614, 0.016, 0.006, -0.002, 0.04, 0.158, 0.016
2017-04-20 10:09:14,743, 1492675754743130000, 0.026, 0.002, 0.004, 0.06, 0.151, 0.008
2017-04-20 10:09:14,745, 1492675754745188400, 0.032, 0.004, -0.008, 0.069, 0.144, 0.003
2017-04-20 10:09:14,748, 1492675754747936979, 0.02, -0.01, -0.015, 0.071, 0.117, 0.003
2017-04-20 10:09:14,752, 1492675754751998071, 0.004, -0.003, -0.011, 0.062, 0.075, -0.008
2017-04-20 10:09:14,753, 1492675754753127274, 0.0, -0.005, -0.018, 0.051, 0.054, 0.003
2017-04-20 10:09:14,754, 1492675754754147509, -0.001, 0.002, -0.011, 0.043, 0.044, 0.008
2017-04-20 10:09:14,756, 1492675754755920254, 0.008, -0.01, -0.017, 0.036, 0.033, 0.016
2017-04-20 10:09:14,758, 1492675754757941229, 0.005, -0.003, -0.012, 0.021, 0.009, -0.008
2017-04-20 10:09:14,760, 1492675754760045692, -0.017, 0.006, 0.002, 0.016, -0.019, 0.008
2017-04-20 10:09:14,762, 1492675754762258737, -0.018, 0.007, -0.012, 0.007, -0.041, -0.005
2017-04-20 10:09:14,764, 1492675754764146395, -0.01, 0.003, -0.006, 0.003, -0.067, 0.008
2017-04-20 10:09:14,766, 1492675754765975676, -0.018, 0.009, 0.0, 0.0, -0.074, -0.013
2017-04-20 10:09:14,768, 1492675754768053024, -0.014, 0.017, 0.016, -0.011, -0.099, 0.003
2017-04-20 10:09:14,774, 1492675754774032438, -0.033, 0.021, -0.006, -0.018, -0.12, 0.0
2017-04-20 10:09:14,775, 1492675754775136434, -0.008, 0.025, 0.002, -0.072, -0.154, -0.024
2017-04-20 10:09:14,778, 1492675754778156293, -0.027, 0.035, -0.006, -0.11, -0.156, -0.021
2017-04-20 10:09:14,780, 1492675754780118874, -0.011, 0.025, 0.017, -0.129, -0.161, -0.013
2017-04-20 10:09:14,781, 1492675754781130184, -0.024, 0.037, 0.003, -0.146, -0.164, -0.005
2017-04-20 10:09:14,783, 1492675754783115420, -0.015, 0.042, -0.007, -0.17, -0.15, -0.016
2017-04-20 10:09:14,785, 1492675754785162737, -0.019, 0.04, 0.017, -0.187, -0.14, -0.008
2017-04-20 10:09:14,787, 1492675754787103482, -0.025, 0.032, 0.004, -0.196, -0.131, -0.016
2017-04-20 10:09:14,790, 1492675754789959989, -0.016, 0.028, 0.0, -0.197, -0.117, -0.016
2017-04-20 10:09:14,791, 1492675754791100931, -0.023, 0.042, 0.018, -0.19, -0.115, -0.013
2017-04-20 10:09:14,793, 1492675754793113398, -0.024, 0.035, 0.015, -0.184, -0.108, -0.005
2017-04-20 10:09:14,795, 1492675754795110300, -0.04, 0.039, -0.015, -0.161, -0.088, -0.008
2017-04-20 10:09:14,797, 1492675754797143236, -0.022, 0.017, 0.001, -0.139, -0.078, -0.008
2017-04-20 10:09:14,799, 1492675754799101792, -0.018, 0.027, 0.009, -0.095, -0.078, -0.005
2017-04-20 10:09:14,803, 1492675754803151891, -0.003, 0.025, -0.028, -0.019, -0.057, -0.008
2017-04-20 10:09:14,806, 1492675754805671865, -0.007, 0.007, -0.025, 0.012, -0.051, -0.005
2017-04-20 10:09:14,808, 1492675754807305493, 0.002, 0.0, -0.032, 0.059, -0.031, 0.0
2017-04-20 10:09:14,811, 1492675754810362500, 0.006, -0.004, -0.041, 0.086, -0.016, 0.008
2017-04-20 10:09:14,813, 1492675754813166458, 0.009, 0.003, -0.022, 0.121, 0.012, 0.02
2017-04-20 10:09:14,815, 1492675754815109486, 0.008, -0.011, -0.038, 0.115, 0.039, 0.008
2017-04-20 10:09:14,817, 1492675754817108369, 0.018, 0.007, -0.033, 0.096, 0.072, -0.013
2017-04-20 10:09:14,818, 1492675754818128323, 0.027, 0.005, -0.017, 0.07, 0.103, 0.0
2017-04-20 10:09:14,820, 1492675754820152115, 0.023, 0.002, -0.017, 0.045, 0.128, 0.0
2017-04-20 10:09:14,822, 1492675754822117991, 0.021, 0.011, -0.022, 0.01, 0.145, 0.008
2017-04-20 10:09:14,824, 1492675754824147145, 0.027, 0.005, -0.021, -0.037, 0.175, 0.003
2017-04-20 10:09:14,826, 1492675754826096441, 0.029, 0.016, -0.023, -0.084, 0.213, 0.012
2017-04-20 10:09:14,828, 1492675754828113725, 0.039, 0.029, -0.06, -0.127, 0.246, 0.008
2017-04-20 10:09:14,830, 1492675754830107421, 0.052, 0.041, -0.047, -0.174, 0.291, -0.008
2017-04-20 10:09:14,832, 1492675754832192595, 0.057, 0.051, -0.048, -0.222, 0.317, 0.008
2017-04-20 10:09:14,842, 1492675754838279740, 0.053, 0.045, -0.099, -0.273, 0.326, 0.003
2017-04-20 10:09:14,844, 1492675754844137775, 0.059, 0.057, -0.125, -0.333, 0.344, 0.012
2017-04-20 10:09:14,846, 1492675754846154623, 0.039, 0.057, -0.128, -0.327, 0.327, 0.016
2017-04-20 10:09:14,848, 1492675754847986689, 0.046, 0.047, -0.136, -0.308, 0.308, 0.008
2017-04-20 10:09:14,850, 1492675754850065781, 0.043, 0.064, -0.144, -0.288, 0.288, -0.005
2017-04-20 10:09:14,852, 1492675754852044600, 0.05, 0.058, -0.142, -0.264, 0.257, 0.012
2017-04-20 10:09:14,854, 1492675754854115967, 0.036, 0.042, -0.149, -0.245, 0.226, 0.003
2017-04-20 10:09:14,856, 1492675754856135806, 0.034, 0.04, -0.152, -0.223, 0.185, 0.0
2017-04-20 10:09:14,858, 1492675754858053268, 0.018, 0.034, -0.151, -0.181, 0.122, 0.0
2017-04-20 10:09:14,860, 1492675754860064693, 0.005, 0.037, -0.166, -0.126, 0.067, 0.0
2017-04-20 10:09:14,862, 1492675754861961757, 0.019, 0.034, -0.161, -0.075, 0.028, 0.003
2017-04-20 10:09:14,870, 1492675754870087298, 0.005, 0.022, -0.142, 0.061, -0.172, -0.013
2017-04-20 10:09:14,872, 1492675754872145492, -0.01, 0.001, -0.148, 0.068, -0.244, -0.033
2017-04-20 10:09:14,881, 1492675754881140931, -0.019, 0.005, -0.114, 0.016, -0.292, -0.008
2017-04-20 10:09:14,883, 1492675754882941648, -0.023, 0.01, -0.125, 0.003, -0.291, -0.005
2017-04-20 10:09:14,885, 1492675754884988857, -0.032, 0.016, -0.109, -0.004, -0.278, -0.024
2017-04-20 10:09:14,887, 1492675754886977032, -0.016, 0.03, -0.122, -0.012, -0.26, -0.021
2017-04-20 10:09:14,889, 1492675754889019322, -0.005, 0.03, -0.161, -0.03, -0.211, -0.029
2017-04-20 10:09:14,891, 1492675754890997905, 0.004, 0.041, -0.132, -0.072, -0.161, -0.033
2017-04-20 10:09:14,893, 1492675754893042725, 0.006, 0.047, -0.136, -0.111, -0.132, -0.005
2017-04-20 10:09:14,895, 1492675754894983012, 0.01, 0.044, -0.177, -0.16, -0.076, 0.0
2017-04-20 10:09:14,897, 1492675754897035543, 0.029, 0.058, -0.165, -0.212, -0.018, 0.0
2017-04-20 10:09:14,899, 1492675754898963766, 0.044, 0.057, -0.14, -0.259, 0.049, 0.012
2017-04-20 10:09:14,909, 1492675754908861381, 0.044, 0.066, -0.159, -0.314, 0.14, -0.008
2017-04-20 10:09:14,910, 1492675754910094395, 0.074, 0.078, -0.153, -0.39, 0.454, 0.012
2017-04-20 10:09:14,912, 1492675754912207396, 0.064, 0.052, -0.147, -0.363, 0.473, 0.049
2017-04-20 10:09:14,914, 1492675754914105518, 0.065, 0.061, -0.177, -0.304, 0.496, 0.049
2017-04-20 10:09:14,916, 1492675754916154338, 0.071, 0.06, -0.165, -0.238, 0.527, 0.008
2017-04-20 10:09:14,918, 1492675754918253724, 0.06, 0.039, -0.156, -0.167, 0.515, 0.0
2017-04-20 10:09:14,920, 1492675754920171588, 0.066, 0.028, -0.183, -0.106, 0.502, 0.0
2017-04-20 10:09:14,922, 1492675754922094802, 0.112, 0.025, -0.148, -0.068, 0.536, 0.033
2017-04-20 10:09:14,924, 1492675754924106693, 0.11, 0.036, -0.16, -0.015, 0.502, 0.024
2017-04-20 10:09:14,926, 1492675754926126559, 0.08, 0.01, -0.177, 0.025, 0.464, 0.024
2017-04-20 10:09:14,928, 1492675754928152493, 0.089, 0.016, -0.196, 0.081, 0.413, 0.041
2017-04-20 10:09:14,930, 1492675754930120256, 0.073, 0.013, -0.179, 0.11, 0.375, -0.005
2017-04-20 10:09:14,932, 1492675754932130361, 0.059, -0.006, -0.173, 0.125, 0.311, -0.021
2017-04-20 10:09:14,934, 1492675754934111718, 0.059, -0.012, -0.152, 0.156, 0.275, 0.041
2017-04-20 10:09:14,936, 1492675754936162903, 0.085, 0.007, -0.161, 0.161, 0.271, 0.033
2017-04-20 10:09:14,938, 1492675754938115749, 0.092, 0.018, -0.174, 0.145, 0.24, -0.008
2017-04-20 10:09:14,940, 1492675754940147938, 0.089, 0.027, -0.133, 0.074, 0.224, 0.016
2017-04-20 10:09:14,944, 1492675754944222190, 0.01, 0.006, -0.198, -0.11, 0.118, -0.016
2017-04-20 10:09:14,946, 1492675754946128802, 0.012, 0.016, -0.177, -0.146, 0.141, -0.02
2017-04-20 10:09:14,947, 1492675754947911875, 0.07, 0.056, -0.134, -0.203, 0.207, -0.029
2017-04-20 10:09:14,949, 1492675754949122416, 0.07, 0.071, -0.131, -0.293, 0.231, -0.037
2017-04-20 10:09:14,950, 1492675754950106336, 0.045, 0.057, -0.151, -0.33, 0.185, -0.016
2017-04-20 10:09:14,952, 1492675754952148619, 0.032, 0.038, -0.134, -0.385, 0.178, 0.003
2017-04-20 10:09:14,954, 1492675754954082614, 0.008, 0.044, -0.178, -0.389, 0.15, 0.008
2017-04-20 10:09:14,956, 1492675754956151023, 0.008, 0.065, -0.163, -0.375, 0.134, 0.0
2017-04-20 10:09:14,958, 1492675754958312459, 0.035, 0.089, -0.148, -0.338, 0.147, -0.033
2017-04-20 10:09:14,960, 1492675754960163413, 0.008, 0.06, -0.181, -0.298, 0.066, 0.008
2017-04-20 10:09:14,962, 1492675754962100254, 0.015, 0.034, -0.165, -0.259, 0.034, 0.028
2017-04-20 10:09:14,964, 1492675754964154204, 0.01, 0.054, -0.157, -0.182, -0.002, -0.045
2017-04-20 10:09:14,966, 1492675754966132834, 0.003, 0.066, -0.199, -0.105, -0.075, -0.013
2017-04-20 10:09:14,968, 1492675754968159349, -0.018, 0.05, -0.209, -0.059, -0.151, -0.016
2017-04-20 10:09:14,970, 1492675754970136302, -0.001, 0.022, -0.163, -0.028, -0.212, 0.044
2017-04-20 10:09:14,972, 1492675754972153965, 0.027, 0.031, -0.158, -0.036, -0.181, -0.016
2017-04-20 10:09:14,975, 1492675754975384161, 0.062, 0.043, -0.155, -0.051, -0.138, -0.021
2017-04-20 10:09:14,977, 1492675754977129179, 0.013, 0.036, -0.172, -0.065, -0.214, -0.061
2017-04-20 10:09:14,979, 1492675754979127046, 0.011, 0.041, -0.142, -0.135, -0.164, -0.013
2017-04-20 10:09:14,980, 1492675754980134964, -0.009, 0.031, -0.176, -0.172, -0.136, -0.073
2017-04-20 10:09:14,982, 1492675754982118768, 0.005, 0.036, -0.2, -0.227, -0.083, -0.049
2017-04-20 10:09:14,984, 1492675754984147046, 0.027, 0.053, -0.106, -0.278, 0.014, 0.028
2017-04-20 10:09:14,986, 1492675754986104667, 0.02, 0.037, -0.119, -0.264, 0.047, 0.003
2017-04-20 10:09:14,988, 1492675754988125134, 0.003, 0.041, -0.178, -0.244, 0.107, 0.003
2017-04-20 10:09:14,990, 1492675754990106656, -0.011, 0.045, -0.111, -0.213, 0.099, -0.021
2017-04-20 10:09:14,992, 1492675754992451405, -0.02, 0.034, -0.085, -0.155, 0.115, 0.041
2017-04-20 10:09:14,994, 1492675754994103652, 0.025, 0.042, -0.16, -0.127, 0.201, -0.037
2017-04-20 10:09:14,996, 1492675754996126475, -0.003, 0.017, -0.097, -0.078, 0.14, -0.008
2017-04-20 10:09:14,998, 1492675754998360948, 0.034, 0.021, -0.006, -0.061, 0.177, 0.065
2017-04-20 10:09:15,000, 1492675755000153692, 0.063, 0.033, -0.099, -0.062, 0.231, -0.005
2017-04-20 10:09:15,002, 1492675755002115310, 0.062, 0.016, -0.06, -0.087, 0.207, 0.008
2017-04-20 10:09:15,004, 1492675755004119969, 0.021, -0.001, -0.013, -0.102, 0.172, -0.024
2017-04-20 10:09:15,013, 1492675755012942463, 0.031, 0.01, -0.028, 0.002, 0.252, -0.029
2017-04-20 10:09:15,014, 1492675755014319370, 0.015, -0.025, -0.092, 0.166, 0.212, 0.057
2017-04-20 10:09:15,016, 1492675755016335312, -0.005, -0.027, -0.087, 0.274, 0.113, -0.008
2017-04-20 10:09:15,018, 1492675755018141140, -0.017, -0.016, -0.017, 0.34, 0.088, 0.057
2017-04-20 10:09:15,020, 1492675755020098455, -0.043, -0.038, -0.109, 0.43, -0.043, 0.016
2017-04-20 10:09:15,022, 1492675755022144950, -0.027, -0.024, -0.059, 0.44, -0.069, 0.044
2017-04-20 10:09:15,024, 1492675755024100827, 0.033, -0.006, 0.043, 0.345, -0.077, 0.008
2017-04-20 10:09:15,026, 1492675755026149361, 0.025, -0.022, -0.043, 0.256, -0.155, 0.033
2017-04-20 10:09:15,028, 1492675755028095953, 0.009, -0.008, -0.086, 0.101, -0.154, -0.041
2017-04-20 10:09:15,030, 1492675755030150857, -0.032, -0.004, -0.01, -0.031, -0.232, -0.021
2017-04-20 10:09:15,032, 1492675755032136214, -0.057, -0.001, -0.046, -0.142, -0.283, -0.094
2017-04-20 10:09:15,034, 1492675755034110780, -0.036, 0.02, -0.091, -0.224, -0.215, -0.086
2017-04-20 10:09:15,036, 1492675755036093243, -0.047, 0.013, -0.021, -0.217, -0.289, -0.041
2017-04-20 10:09:15,042, 1492675755042150404, -0.093, 0.018, -0.047, 0.012, -0.361, 0.008
2017-04-20 10:09:15,044, 1492675755043993447, -0.119, 0.026, -0.045, 0.134, -0.494, 0.0
2017-04-20 10:09:15,049, 1492675755047851576, -0.097, 0.018, -0.026, 0.182, -0.51, 0.049
2017-04-20 10:09:15,050, 1492675755050067538, -0.042, 0.038, -0.016, 0.086, -0.486, -0.021
2017-04-20 10:09:15,051, 1492675755051114515, -0.042, 0.009, 0.027, -0.059, -0.496, 0.008
2017-04-20 10:09:15,052, 1492675755052106314, -0.077, 0.003, -0.008, -0.115, -0.536, -0.033
2017-04-20 10:09:15,054, 1492675755054079826, -0.09, 0.004, -0.088, -0.141, -0.598, -0.089
2017-04-20 10:09:15,056, 1492675755055995374, -0.08, 0.015, -0.052, -0.279, -0.487, -0.089
2017-04-20 10:09:15,058, 1492675755058033515, -0.075, 0.021, -0.02, -0.299, -0.525, -0.086
2017-04-20 10:09:15,060, 1492675755060013411, -0.042, 0.01, -0.084, -0.239, -0.438, -0.097
2017-04-20 10:09:15,062, 1492675755062016699, -0.034, 0.007, -0.084, -0.148, -0.402, -0.069
2017-04-20 10:09:15,064, 1492675755063993632, -0.068, -0.006, 0.009, 0.059, -0.47, 0.028
2017-04-20 10:09:15,066, 1492675755066045844, -0.095, -0.007, -0.091, 0.245, -0.41, -0.041
2017-04-20 10:09:15,068, 1492675755068129094, -0.071, -0.001, -0.113, 0.419, -0.424, 0.052
2017-04-20 10:09:15,070, 1492675755070144172, -0.031, -0.002, 0.041, 0.47, -0.335, 0.016
2017-04-20 10:09:15,072, 1492675755072009984, -0.005, -0.008, 0.02, 0.376, -0.209, 0.033
2017-04-20 10:09:15,074, 1492675755074082734, -0.018, -0.023, -0.062, 0.243, -0.218, 0.06
2017-04-20 10:09:15,076, 1492675755076172525, -0.068, -0.019, 0.015, 0.078, -0.178, -0.021
2017-04-20 10:09:15,078, 1492675755078535360, -0.057, 0.004, 0.014, -0.09, -0.096, -0.037
2017-04-20 10:09:15,080, 1492675755080129783, -0.049, -0.004, -0.041, -0.189, -0.048, -0.069
2017-04-20 10:09:15,082, 1492675755082160733, -0.026, -0.024, 0.013, -0.212, 0.046, -0.053
2017-04-20 10:09:15,084, 1492675755084028855, -0.034, -0.022, -0.006, -0.133, -0.025, 0.0
2017-04-20 10:09:15,086, 1492675755086162847, -0.021, -0.021, -0.031, 0.069, 0.03, -0.029
2017-04-20 10:09:15,088, 1492675755087966686, -0.033, -0.023, -0.043, 0.284, -0.016, -0.037
2017-04-20 10:09:15,090, 1492675755090138635, -0.057, -0.021, -0.027, 0.489, -0.139, 0.093
2017-04-20 10:09:15,092, 1492675755092004323, 0.005, -0.029, -0.018, 0.598, -0.054, 0.041
2017-04-20 10:09:15,094, 1492675755094041100, 0.024, -0.028, -0.009, 0.579, -0.056, 0.033
2017-04-20 10:09:15,096, 1492675755096038709, -0.001, -0.024, -0.007, 0.471, -0.14, 0.057
2017-04-20 10:09:15,098, 1492675755098032382, -0.018, -0.026, -0.029, 0.305, -0.077, 0.024
2017-04-20 10:09:15,100, 1492675755099997290, -0.027, -0.025, -0.063, 0.109, -0.153, -0.029
2017-04-20 10:09:15,102, 1492675755102004492, -0.059, -0.005, -0.014, -0.081, -0.149, -0.049
2017-04-20 10:09:15,104, 1492675755104028502, -0.009, -0.004, -0.044, -0.188, -0.084, -0.073
2017-04-20 10:09:15,106, 1492675755106114725, -0.021, 0.003, -0.065, -0.23, -0.147, -0.045
2017-04-20 10:09:15,108, 1492675755107979507, -0.037, -0.005, 0.022, -0.174, -0.131, -0.078
2017-04-20 10:09:15,114, 1492675755113955517, -0.071, -0.024, -0.029, 0.0, -0.254, -0.049
2017-04-20 10:09:15,116, 1492675755115509206, -0.026, 0.012, 0.013, 0.367, -0.302, 0.012
2017-04-20 10:09:15,119, 1492675755119066106, -0.074, -0.029, -0.05, 0.325, -0.383, 0.036
2017-04-20 10:09:15,121, 1492675755120956393, -0.106, -0.025, -0.011, 0.218, -0.385, 0.012
2017-04-20 10:09:15,122, 1492675755122153646, -0.098, -0.004, -0.044, 0.135, -0.436, -0.016
2017-04-20 10:09:15,124, 1492675755123972396, -0.097, -0.007, -0.065, 0.076, -0.421, -0.041
2017-04-20 10:09:15,125, 1492675755125147746, -0.074, -0.003, -0.061, 0.011, -0.434, -0.061
2017-04-20 10:09:15,127, 1492675755127099521, -0.079, -0.023, -0.003, -0.05, -0.487, -0.008
2017-04-20 10:09:15,130, 1492675755129985792, -0.102, -0.029, -0.041, 0.009, -0.541, -0.061
2017-04-20 10:09:15,131, 1492675755131116239, -0.095, -0.021, -0.068, 0.106, -0.6, -0.057
2017-04-20 10:09:15,133, 1492675755133193875, -0.112, 0.007, 0.001, 0.229, -0.673, -0.021
2017-04-20 10:09:15,135, 1492675755135125561, -0.054, 0.002, 0.004, 0.29, -0.601, -0.024
2017-04-20 10:09:15,137, 1492675755137144063, -0.043, 0.008, -0.037, 0.26, -0.595, -0.037
2017-04-20 10:09:15,139, 1492675755139085771, -0.094, -0.019, 0.008, 0.174, -0.618, 0.016
2017-04-20 10:09:15,149, 1492675755148927775, -0.084, -0.01, -0.036, 0.087, -0.579, -0.013
2017-04-20 10:09:15,150, 1492675755150285637, -0.098, -0.008, -0.048, -0.153, -0.474, -0.024
2017-04-20 10:09:15,152, 1492675755152111795, -0.097, -0.009, -0.023, -0.044, -0.428, -0.065
2017-04-20 10:09:15,154, 1492675755154090714, -0.087, 0.007, -0.007, 0.098, -0.467, -0.021
2017-04-20 10:09:15,156, 1492675755156200832, -0.062, -0.011, -0.005, 0.224, -0.442, 0.003
2017-04-20 10:09:15,158, 1492675755158094050, -0.046, -0.024, -0.003, 0.279, -0.368, -0.021
2017-04-20 10:09:15,160, 1492675755160152199, -0.054, -0.045, -0.006, 0.309, -0.376, 0.028
2017-04-20 10:09:15,162, 1492675755162094165, -0.051, -0.053, -0.057, 0.379, -0.378, 0.028
2017-04-20 10:09:15,164, 1492675755164140164, -0.075, -0.028, -0.069, 0.399, -0.33, -0.045
2017-04-20 10:09:15,166, 1492675755166097610, -0.093, -0.048, -0.011, 0.39, -0.305, 0.0
2017-04-20 10:09:15,168, 1492675755168166194, -0.086, -0.077, -0.063, 0.431, -0.336, 0.024
2017-04-20 10:09:15,170, 1492675755170105594, -0.068, -0.07, -0.048, 0.435, -0.246, 0.008
2017-04-20 10:09:15,172, 1492675755172150640, -0.089, -0.071, 0.0, 0.52, -0.332, 0.02
2017-04-20 10:09:15,178, 1492675755178063854, -0.019, -0.019, -0.02, 0.564, -0.332, -0.005
2017-04-20 10:09:15,180, 1492675755180061521, -0.019, -0.049, 0.046, 0.425, -0.268, -0.013
2017-04-20 10:09:15,182, 1492675755182137196, -0.037, -0.053, -0.013, 0.274, -0.292, -0.008
2017-04-20 10:09:15,184, 1492675755184142740, -0.077, -0.024, -0.06, 0.132, -0.308, -0.033
2017-04-20 10:09:15,186, 1492675755186093013, -0.097, -0.033, -0.013, 0.024, -0.276, -0.049
2017-04-20 10:09:15,188, 1492675755188102415, -0.097, -0.025, -0.017, -0.022, -0.323, -0.041
2017-04-20 10:09:15,190, 1492675755190080966, -0.089, -0.031, -0.056, -0.01, -0.294, -0.024
2017-04-20 10:09:15,192, 1492675755192086595, -0.083, -0.034, -0.04, 0.062, -0.31, -0.045
2017-04-20 10:09:15,194, 1492675755194111602, -0.107, -0.022, 0.012, 0.174, -0.393, -0.033
2017-04-20 10:09:15,196, 1492675755196104863, -0.114, -0.026, -0.037, 0.326, -0.491, -0.041
2017-04-20 10:09:15,198, 1492675755198067153, -0.085, -0.015, -0.039, 0.388, -0.464, 0.008
2017-04-20 10:09:15,200, 1492675755200069168, -0.04, -0.007, 0.005, 0.336, -0.481, 0.008
2017-04-20 10:09:15,202, 1492675755202087700, -0.075, -0.017, 0.003, 0.279, -0.569, 0.016
2017-04-20 10:09:15,204, 1492675755204127327, -0.085, -0.035, -0.061, 0.171, -0.535, -0.005
2017-04-20 10:09:15,206, 1492675755206096065, -0.1, -0.017, -0.057, 0.073, -0.594, -0.053
2017-04-20 10:09:15,208, 1492675755208112694, -0.149, -0.025, -0.03, 0.021, -0.641, -0.033
2017-04-20 10:09:15,210, 1492675755210098085, -0.115, -0.033, -0.063, 0.028, -0.622, -0.061
2017-04-20 10:09:15,212, 1492675755212125371, -0.09, -0.021, -0.065, 0.075, -0.573, -0.069
2017-04-20 10:09:15,221, 1492675755217206316, -0.082, 0.0, -0.086, 0.346, -0.679, 0.024
2017-04-20 10:09:15,222, 1492675755219201947, -0.097, -0.012, -0.033, 0.363, -0.66, 0.0
2017-04-20 10:09:15,222, 1492675755221139291, -0.089, -0.006, -0.002, 0.31, -0.625, -0.005
2017-04-20 10:09:15,223, 1492675755223225288, -0.085, 0.005, -0.061, 0.22, -0.598, 0.02
2017-04-20 10:09:15,225, 1492675755225124096, -0.098, -0.033, -0.064, 0.055, -0.484, -0.086
2017-04-20 10:09:15,227, 1492675755227148202, -0.124, -0.014, -0.024, -0.043, -0.533, -0.078
2017-04-20 10:09:15,229, 1492675755229080955, -0.142, -0.009, -0.043, -0.105, -0.524, -0.061
2017-04-20 10:09:15,231, 1492675755231143448, -0.111, -0.028, -0.089, -0.106, -0.424, -0.024
2017-04-20 10:09:15,233, 1492675755233102124, -0.097, -0.011, -0.041, -0.029, -0.491, -0.073
2017-04-20 10:09:15,235, 1492675755235124521, -0.106, -0.019, 0.036, 0.088, -0.497, -0.053
2017-04-20 10:09:15,237, 1492675755237093773, -0.105, -0.038, -0.014, 0.29, -0.529, 0.036
2017-04-20 10:09:15,239, 1492675755239095960, -0.061, -0.001, -0.059, 0.395, -0.489, 0.012
2017-04-20 10:09:15,241, 1492675755241087428, -0.075, -0.029, 0.014, 0.465, -0.526, -0.045
2017-04-20 10:09:15,243, 1492675755243126510, -0.091, -0.054, -0.003, 0.486, -0.533, 0.024
2017-04-20 10:09:15,245, 1492675755245082064, -0.062, -0.047, -0.093, 0.444, -0.482, 0.012
2017-04-20 10:09:15,247, 1492675755247340885, -0.091, -0.057, -0.061, 0.383, -0.502, -0.045
2017-04-20 10:09:15,254, 1492675755252772895, -0.135, -0.067, 0.0, 0.379, -0.565, -0.008
2017-04-20 10:09:15,256, 1492675755256132582, -0.09, -0.059, 0.025, 0.543, -0.631, 0.041
2017-04-20 10:09:15,258, 1492675755258093601, -0.068, -0.051, -0.025, 0.587, -0.589, 0.033
2017-04-20 10:09:15,260, 1492675755260132624, -0.048, -0.067, 0.003, 0.541, -0.496, 0.0
2017-04-20 10:09:15,262, 1492675755262097250, -0.098, -0.048, 0.023, 0.487, -0.638, -0.045
2017-04-20 10:09:15,264, 1492675755264129613, -0.078, -0.059, 0.006, 0.353, -0.504, 0.003
2017-04-20 10:09:15,266, 1492675755266097955, -0.101, -0.068, -0.037, 0.237, -0.446, -0.029
2017-04-20 10:09:15,268, 1492675755268162320, -0.156, -0.061, -0.03, 0.202, -0.583, -0.061
2017-04-20 10:09:15,270, 1492675755270128215, -0.113, -0.045, 0.013, 0.199, -0.473, 0.0
2017-04-20 10:09:15,273, 1492675755273170794, -0.11, -0.051, -0.034, 0.315, -0.491, -0.045
2017-04-20 10:09:15,275, 1492675755275001788, -0.136, -0.066, 0.001, 0.38, -0.568, -0.061
2017-04-20 10:09:15,276, 1492675755276124923, -0.084, -0.04, 0.052, 0.453, -0.535, -0.037
2017-04-20 10:09:15,281, 1492675755280619976, -0.092, -0.038, 0.024, 0.471, -0.541, 0.012
2017-04-20 10:09:15,283, 1492675755283156885, -0.128, -0.045, 0.051, 0.279, -0.594, 0.06
2017-04-20 10:09:15,285, 1492675755285004432, -0.118, -0.032, 0.021, 0.224, -0.61, 0.016
2017-04-20 10:09:15,286, 1492675755286136707, -0.12, -0.044, -0.014, 0.137, -0.588, -0.008
2017-04-20 10:09:15,288, 1492675755288098636, -0.16, -0.031, -0.005, 0.117, -0.687, -0.049
2017-04-20 10:09:15,290, 1492675755290141944, -0.154, -0.037, 0.028, 0.125, -0.663, -0.078
2017-04-20 10:09:15,292, 1492675755292140351, -0.158, -0.048, -0.018, 0.181, -0.716, -0.065
2017-04-20 10:09:15,294, 1492675755294118588, -0.14, -0.033, 0.021, 0.266, -0.797, -0.041
2017-04-20 10:09:15,296, 1492675755296100553, -0.187, -0.046, 0.055, 0.365, -0.881, -0.005
2017-04-20 10:09:15,298, 1492675755298131009, -0.124, -0.043, 0.068, 0.4, -0.852, 0.016
2017-04-20 10:09:15,300, 1492675755300131475, -0.127, -0.039, 0.028, 0.405, -0.902, -0.033
2017-04-20 10:09:15,302, 1492675755302139022, -0.154, -0.053, 0.095, 0.335, -0.893, -0.037
2017-04-20 10:09:15,304, 1492675755304183135, -0.16, -0.056, 0.081, 0.285, -0.95, -0.057
2017-04-20 10:09:15,306, 1492675755306153172, -0.187, -0.062, 0.035, 0.202, -0.911, -0.11
2017-04-20 10:09:15,308, 1492675755308082327, -0.19, -0.054, 0.069, 0.18, -0.925, -0.049
2017-04-20 10:09:15,310, 1492675755310124198, -0.191, -0.054, 0.077, 0.237, -0.97, -0.024
2017-04-20 10:09:15,312, 1492675755312099617, -0.183, -0.093, 0.069, 0.321, -0.929, 0.016
2017-04-20 10:09:15,314, 1492675755314143294, -0.193, -0.097, 0.095, 0.476, -1.008, -0.008
2017-04-20 10:09:15,316, 1492675755316125729, -0.199, -0.093, 0.103, 0.668, -1.04, -0.008
2017-04-20 10:09:15,321, 1492675755321144570, -0.166, -0.12, 0.125, 0.908, -1.01, 0.0
2017-04-20 10:09:15,323, 1492675755322953548, -0.189, -0.126, 0.109, 0.921, -1.105, -0.024
2017-04-20 10:09:15,325, 1492675755325014844, -0.19, -0.127, 0.097, 0.861, -1.104, 0.069
2017-04-20 10:09:15,327, 1492675755327094064, -0.198, -0.135, 0.053, 0.774, -1.102, -0.033
2017-04-20 10:09:15,329, 1492675755329122285, -0.205, -0.131, 0.113, 0.674, -1.077, 0.0
2017-04-20 10:09:15,334, 1492675755334042992, -0.201, -0.129, 0.033, 0.628, -1.069, -0.008
2017-04-20 10:09:15,335, 1492675755335190051, -0.213, -0.111, 0.06, 0.679, -1.101, -0.033
2017-04-20 10:09:15,338, 1492675755337954478, -0.197, -0.109, 0.07, 0.764, -1.12, 0.041
2017-04-20 10:09:15,339, 1492675755339137283, -0.184, -0.109, 0.037, 0.826, -1.095, 0.033
2017-04-20 10:09:15,341, 1492675755341187497, -0.207, -0.125, 0.028, 0.875, -1.197, 0.036
2017-04-20 10:09:15,344, 1492675755344035910, -0.217, -0.1, 0.074, 0.832, -1.167, -0.021
2017-04-20 10:09:15,350, 1492675755350340044, -0.213, -0.088, 0.098, 0.366, -1.091, -0.086
2017-04-20 10:09:15,353, 1492675755352167316, -0.205, -0.073, 0.102, 0.173, -1.054, -0.005
2017-04-20 10:09:15,354, 1492675755354161432, -0.194, -0.04, 0.078, 0.045, -1.029, -0.016
2017-04-20 10:09:15,356, 1492675755356164638, -0.183, -0.039, 0.111, -0.018, -0.95, 0.012
2017-04-20 10:09:15,358, 1492675755358118683, -0.158, -0.044, 0.1, 0.013, -0.894, -0.037
2017-04-20 10:09:15,360, 1492675755360144006, -0.184, -0.042, 0.078, 0.087, -0.896, -0.033
2017-04-20 10:09:15,362, 1492675755362105594, -0.188, -0.047, 0.093, 0.187, -0.859, -0.097
2017-04-20 10:09:15,364, 1492675755364100673, -0.197, -0.04, 0.089, 0.341, -0.881, -0.11
2017-04-20 10:09:15,366, 1492675755366124313, -0.196, -0.054, 0.071, 0.438, -0.894, -0.024
2017-04-20 10:09:15,368, 1492675755368181800, -0.191, -0.066, 0.068, 0.496, -0.854, -0.005
2017-04-20 10:09:15,370, 1492675755370104577, -0.19, -0.079, 0.108, 0.533, -0.912, 0.036
2017-04-20 10:09:15,372, 1492675755372130898, -0.19, -0.078, 0.099, 0.523, -0.97, 0.033
2017-04-20 10:09:15,374, 1492675755374096908, -0.177, -0.085, 0.067, 0.505, -0.945, -0.033
2017-04-20 10:09:15,376, 1492675755376131758, -0.164, -0.089, 0.11, 0.453, -0.947, -0.073
2017-04-20 10:09:15,378, 1492675755378052783, -0.174, -0.087, 0.155, 0.401, -0.99, -0.061
2017-04-20 10:09:15,380, 1492675755380128353, -0.203, -0.12, 0.095, 0.425, -1.013, -0.057
2017-04-20 10:09:15,384, 1492675755384356978, -0.21, -0.145, 0.06, 0.494, -1.054, 0.016
2017-04-20 10:09:15,389, 1492675755389346686, -0.142, -0.101, 0.13, 0.779, -0.985, 0.012
2017-04-20 10:09:15,391, 1492675755391085209, -0.208, -0.164, 0.079, 1.048, -1.006, -0.033
2017-04-20 10:09:15,393, 1492675755393247793, -0.207, -0.138, 0.072, 1.088, -1.005, -0.037
2017-04-20 10:09:15,395, 1492675755395108974, -0.212, -0.148, 0.039, 1.059, -1.014, -0.013
2017-04-20 10:09:15,397, 1492675755397147045, -0.202, -0.156, 0.076, 0.998, -0.993, 0.089
2017-04-20 10:09:15,399, 1492675755399117605, -0.199, -0.155, 0.097, 0.895, -1.028, 0.081
2017-04-20 10:09:15,401, 1492675755401148476, -0.195, -0.13, 0.096, 0.778, -0.999, 0.041
2017-04-20 10:09:15,403, 1492675755403077063, -0.216, -0.136, 0.055, 0.718, -1.1, 0.003
2017-04-20 10:09:15,405, 1492675755405157400, -0.211, -0.131, 0.076, 0.642, -1.102, -0.024
2017-04-20 10:09:15,407, 1492675755407127254, -0.212, -0.104, 0.1, 0.597, -1.092, -0.073
2017-04-20 10:09:15,409, 1492675755409135471, -0.208, -0.116, 0.082, 0.57, -1.143, -0.069
2017-04-20 10:09:15,411, 1492675755411087156, -0.232, -0.112, 0.085, 0.584, -1.206, -0.029
2017-04-20 10:09:15,413, 1492675755413129838, -0.238, -0.101, 0.06, 0.593, -1.259, 0.008
2017-04-20 10:09:15,415, 1492675755415295118, -0.232, -0.094, 0.09, 0.615, -1.298, -0.013
2017-04-20 10:09:15,421, 1492675755420791602, -0.235, -0.082, 0.087, 0.61, -1.321, 0.016
2017-04-20 10:09:15,422, 1492675755422112277, -0.219, -0.068, 0.114, 0.464, -1.354, -0.065
2017-04-20 10:09:15,424, 1492675755424118780, -0.221, -0.076, 0.115, 0.355, -1.347, -0.024
2017-04-20 10:09:15,426, 1492675755426079516, -0.247, -0.078, 0.094, 0.279, -1.36, -0.053
2017-04-20 10:09:15,428, 1492675755428136989, -0.24, -0.074, 0.09, 0.213, -1.352, -0.041
2017-04-20 10:09:15,430, 1492675755430085383, -0.235, -0.07, 0.115, 0.22, -1.316, -0.016
2017-04-20 10:09:15,433, 1492675755433679033, -0.217, -0.063, 0.092, 0.266, -1.258, -0.045
2017-04-20 10:09:15,435, 1492675755435094481, -0.222, -0.08, 0.075, 0.415, -1.218, -0.041
2017-04-20 10:09:15,436, 1492675755436151534, -0.223, -0.095, 0.076, 0.476, -1.221, -0.029
2017-04-20 10:09:15,438, 1492675755438404995, -0.22, -0.09, 0.078, 0.583, -1.189, -0.021
2017-04-20 10:09:15,440, 1492675755440244673, -0.195, -0.084, 0.003, 0.678, -1.14, 0.0
2017-04-20 10:09:15,442, 1492675755442109072, -0.197, -0.1, 0.014, 0.745, -1.098, 0.024
2017-04-20 10:09:15,444, 1492675755444115749, -0.189, -0.1, 0.035, 0.765, -1.058, 0.049
2017-04-20 10:09:15,446, 1492675755446095741, -0.187, -0.103, 0.009, 0.749, -1.018, 0.028
2017-04-20 10:09:15,454, 1492675755454227139, -0.172, -0.109, -0.003, 0.567, -0.842, -0.061
2017-04-20 10:09:15,456, 1492675755456169573, -0.147, -0.11, -0.019, 0.544, -0.792, -0.029
2017-04-20 10:09:15,458, 1492675755458159234, -0.145, -0.097, 0.02, 0.548, -0.768, -0.021
2017-04-20 10:09:15,466, 1492675755466060505, -0.131, -0.093, 0.014, 0.653, -0.656, 0.003
2017-04-20 10:09:15,467, 1492675755467146581, -0.133, -0.09, 0.012, 0.648, -0.628, -0.033
2017-04-20 10:09:15,470, 1492675755469927602, -0.129, -0.073, -0.006, 0.609, -0.623, -0.024
2017-04-20 10:09:15,472, 1492675755471936101, -0.136, -0.076, 0.004, 0.549, -0.624, -0.005
2017-04-20 10:09:15,474, 1492675755474102326, -0.133, -0.087, 0.01, 0.451, -0.618, -0.005
2017-04-20 10:09:15,475, 1492675755475117762, -0.129, -0.064, 0.022, 0.42, -0.618, 0.016
2017-04-20 10:09:15,477, 1492675755477118677, -0.116, -0.062, 0.007, 0.364, -0.614, -0.005
2017-04-20 10:09:15,480, 1492675755479940226, -0.125, -0.067, -0.008, 0.335, -0.624, -0.033
2017-04-20 10:09:15,482, 1492675755481999159, -0.142, -0.067, -0.001, 0.342, -0.643, -0.016
2017-04-20 10:09:15,489, 1492675755489337146, -0.129, -0.059, -0.022, 0.435, -0.736, -0.021
2017-04-20 10:09:15,491, 1492675755491109849, -0.14, -0.066, -0.031, 0.439, -0.764, -0.016
2017-04-20 10:09:15,493, 1492675755493127605, -0.143, -0.057, -0.052, 0.42, -0.797, -0.021
2017-04-20 10:09:15,495, 1492675755495102854, -0.156, -0.058, -0.057, 0.386, -0.829, -0.024
2017-04-20 10:09:15,497, 1492675755497122783, -0.144, -0.037, -0.06, 0.315, -0.844, 0.093
2017-04-20 10:09:15,499, 1492675755499117382, -0.152, -0.05, -0.053, 0.263, -0.864, 0.13
2017-04-20 10:09:15,501, 1492675755501141165, -0.167, -0.038, -0.042, 0.232, -0.881, 0.114
2017-04-20 10:09:15,503, 1492675755503087509, -0.159, -0.043, -0.061, 0.215, -0.871, 0.049
2017-04-20 10:09:15,505, 1492675755505131497, -0.155, -0.061, -0.073, 0.232, -0.861, 0.052
2017-04-20 10:09:15,507, 1492675755507082827, -0.168, -0.047, -0.058, 0.247, -0.833, 0.073
2017-04-20 10:09:15,509, 1492675755509114151, -0.158, -0.044, -0.041, 0.273, -0.82, 0.052
2017-04-20 10:09:15,514, 1492675755514104963, -0.145, -0.047, -0.047, 0.341, -0.758, 0.041
2017-04-20 10:09:15,516, 1492675755515961615, -0.151, -0.051, -0.046, 0.351, -0.742, 0.02
2017-04-20 10:09:15,520, 1492675755517974878, -0.146, -0.055, -0.052, 0.356, -0.727, 0.012
2017-04-20 10:09:15,521, 1492675755520038257, -0.144, -0.05, -0.051, 0.347, -0.709, 0.049
2017-04-20 10:09:15,524, 1492675755524569551, -0.136, -0.055, -0.052, 0.343, -0.693, 0.003
2017-04-20 10:09:15,526, 1492675755526136061, -0.123, -0.059, -0.036, 0.347, -0.653, 0.008
2017-04-20 10:09:15,534, 1492675755534079346, -0.102, -0.061, -0.08, 0.44, -0.591, -0.029
2017-04-20 10:09:15,536, 1492675755535952079, -0.105, -0.059, -0.053, 0.456, -0.576, -0.016
2017-04-20 10:09:15,538, 1492675755537928875, -0.115, -0.056, -0.011, 0.455, -0.577, -0.024
2017-04-20 10:09:15,540, 1492675755539953633, -0.131, -0.075, -0.066, 0.444, -0.594, -0.016
2017-04-20 10:09:15,541, 1492675755541915189, -0.115, -0.062, -0.065, 0.437, -0.593, 0.003
2017-04-20 10:09:15,544, 1492675755544098597, -0.118, -0.047, 0.019, 0.395, -0.584, -0.008
2017-04-20 10:09:15,545, 1492675755545891869, -0.117, -0.057, -0.001, 0.376, -0.597, -0.013
2017-04-20 10:09:15,548, 1492675755547970005, -0.133, -0.069, -0.086, 0.36, -0.613, 0.024
2017-04-20 10:09:15,555, 1492675755555030072, -0.144, -0.057, -0.026, 0.354, -0.668, 0.085
2017-04-20 10:09:15,557, 1492675755557092377, -0.148, -0.06, -0.064, 0.454, -0.707, 0.114
2017-04-20 10:09:15,559, 1492675755558952312, -0.161, -0.072, -0.031, 0.491, -0.732, 0.122
2017-04-20 10:09:15,561, 1492675755561085640, -0.141, -0.054, -0.093, 0.522, -0.71, 0.117
2017-04-20 10:09:15,563, 1492675755562916851, -0.135, -0.074, -0.119, 0.532, -0.688, 0.114
2017-04-20 10:09:15,565, 1492675755565025460, -0.133, -0.082, -0.048, 0.521, -0.686, 0.101
2017-04-20 10:09:15,570, 1492675755570087984, -0.131, -0.058, -0.126, 0.452, -0.66, 0.041
2017-04-20 10:09:15,571, 1492675755571129824, -0.123, -0.054, -0.069, 0.41, -0.657, 0.033
2017-04-20 10:09:15,574, 1492675755573954860, -0.125, -0.055, -0.03, 0.363, -0.649, 0.0
2017-04-20 10:09:15,576, 1492675755575949626, -0.11, -0.057, -0.076, 0.335, -0.627, -0.013
2017-04-20 10:09:15,578, 1492675755578286005, -0.121, -0.045, -0.083, 0.325, -0.633, 0.0
2017-04-20 10:09:15,580, 1492675755580162295, -0.132, -0.043, -0.026, 0.321, -0.657, -0.049
2017-04-20 10:09:15,582, 1492675755581942949, -0.119, -0.043, -0.027, 0.325, -0.642, -0.037
2017-04-20 10:09:15,595, 1492675755591265622, -0.133, -0.039, -0.052, 0.34, -0.68, -0.005
2017-04-20 10:09:15,596, 1492675755593129763, -0.12, -0.054, -0.046, 0.324, -0.672, 0.012
2017-04-20 10:09:15,596, 1492675755595143536, -0.123, -0.054, -0.024, 0.333, -0.688, 0.036
2017-04-20 10:09:15,597, 1492675755597095677, -0.149, -0.058, -0.06, 0.339, -0.701, 0.049
2017-04-20 10:09:15,599, 1492675755599133474, -0.15, -0.053, -0.085, 0.349, -0.705, 0.041
2017-04-20 10:09:15,601, 1492675755601099803, -0.133, -0.05, -0.066, 0.349, -0.702, 0.049
2017-04-20 10:09:15,603, 1492675755603114371, -0.13, -0.061, -0.061, 0.345, -0.696, 0.073
2017-04-20 10:09:15,605, 1492675755605109882, -0.122, -0.066, -0.081, 0.335, -0.689, 0.065
2017-04-20 10:09:15,607, 1492675755607096876, -0.133, -0.058, -0.078, 0.313, -0.687, 0.057
2017-04-20 10:09:15,610, 1492675755609946110, -0.147, -0.053, -0.083, 0.289, -0.688, 0.033
2017-04-20 10:09:15,611, 1492675755611133363, -0.137, -0.054, -0.071, 0.257, -0.68, 0.041
2017-04-20 10:09:15,613, 1492675755613695504, -0.123, -0.054, -0.058, 0.237, -0.662, 0.036
2017-04-20 10:09:15,615, 1492675755615126714, -0.132, -0.045, -0.046, 0.222, -0.656, 0.012
2017-04-20 10:09:15,617, 1492675755617095756, -0.145, -0.045, -0.056, 0.227, -0.649, 0.033
2017-04-20 10:09:15,619, 1492675755619125060, -0.131, -0.04, -0.067, 0.239, -0.653, 0.0
2017-04-20 10:09:15,625, 1492675755624585020, -0.13, -0.037, -0.061, 0.243, -0.649, -0.005
2017-04-20 10:09:15,626, 1492675755626166463, -0.12, -0.042, -0.044, 0.268, -0.66, 0.028
2017-04-20 10:09:15,628, 1492675755628106174, -0.121, -0.043, -0.045, 0.277, -0.666, 0.008
2017-04-20 10:09:15,630, 1492675755630364066, -0.118, -0.041, -0.055, 0.284, -0.673, -0.016
2017-04-20 10:09:15,632, 1492675755632126870, -0.118, -0.051, -0.055, 0.291, -0.673, 0.024
2017-04-20 10:09:15,634, 1492675755634165482, -0.14, -0.048, -0.044, 0.299, -0.677, 0.028
2017-04-20 10:09:15,636, 1492675755636111326, -0.131, -0.057, -0.057, 0.309, -0.674, 0.033
2017-04-20 10:09:15,638, 1492675755638132370, -0.13, -0.039, -0.067, 0.329, -0.684, 0.028
2017-04-20 10:09:15,640, 1492675755640102278, -0.14, -0.052, -0.051, 0.335, -0.693, 0.041
2017-04-20 10:09:15,643, 1492675755643135524, -0.134, -0.059, -0.048, 0.334, -0.689, 0.036
2017-04-20 10:09:15,645, 1492675755644932833, -0.133, -0.053, -0.063, 0.33, -0.687, 0.049
2017-04-20 10:09:15,646, 1492675755646124870, -0.14, -0.047, -0.075, 0.321, -0.688, 0.052
2017-04-20 10:09:15,648, 1492675755648173911, -0.145, -0.054, -0.07, 0.308, -0.692, 0.041
2017-04-20 10:09:15,650, 1492675755650155886, -0.134, -0.05, -0.059, 0.296, -0.696, 0.052
2017-04-20 10:09:15,652, 1492675755652107970, -0.134, -0.049, -0.072, 0.308, -0.696, 0.036
2017-04-20 10:09:15,654, 1492675755654128888, -0.134, -0.053, -0.073, 0.325, -0.69, 0.024
2017-04-20 10:09:15,656, 1492675755656149833, -0.134, -0.066, -0.06, 0.353, -0.706, 0.024
2017-04-20 10:09:15,662, 1492675755662128114, -0.154, -0.086, -0.069, 0.449, -0.742, 0.0
2017-04-20 10:09:15,664, 1492675755664132423, -0.161, -0.09, -0.079, 0.479, -0.773, 0.003
2017-04-20 10:09:15,666, 1492675755665970759, -0.174, -0.101, -0.085, 0.52, -0.809, 0.016
2017-04-20 10:09:15,668, 1492675755667993202, -0.178, -0.102, -0.102, 0.577, -0.845, 0.028
2017-04-20 10:09:15,670, 1492675755670030949, -0.185, -0.102, -0.084, 0.63, -0.909, 0.033
2017-04-20 10:09:15,672, 1492675755671965348, -0.184, -0.114, -0.094, 0.667, -0.947, 0.052
2017-04-20 10:09:15,674, 1492675755674281327, -0.19, -0.115, -0.096, 0.699, -0.986, 0.077
2017-04-20 10:09:15,676, 1492675755676043459, -0.197, -0.102, -0.114, 0.721, -1.035, 0.073
2017-04-20 10:09:15,678, 1492675755678029908, -0.214, -0.114, -0.087, 0.737, -1.092, 0.028
2017-04-20 10:09:15,680, 1492675755679955591, -0.22, -0.131, -0.124, 0.74, -1.126, 0.0
2017-04-20 10:09:15,682, 1492675755682134670, -0.211, -0.107, -0.115, 0.731, -1.148, -0.008
2017-04-20 10:09:15,688, 1492675755688065229, -0.224, -0.11, -0.133, 0.636, -1.252, 0.016
2017-04-20 10:09:15,692, 1492675755692372242, -0.223, -0.088, -0.114, 0.61, -1.259, 0.033
2017-04-20 10:09:15,698, 1492675755698052474, -0.198, -0.058, -0.121, 0.376, -1.174, -0.049
2017-04-20 10:09:15,699, 1492675755699093342, -0.21, -0.071, -0.109, 0.31, -1.141, -0.053
2017-04-20 10:09:15,701, 1492675755701903289, -0.211, -0.067, -0.115, 0.264, -1.119, -0.086
2017-04-20 10:09:15,703, 1492675755703119190, -0.199, -0.046, -0.125, 0.225, -1.053, -0.008
2017-04-20 10:09:15,706, 1492675755705957822, -0.175, -0.033, -0.119, 0.199, -0.975, -0.013
2017-04-20 10:09:15,707, 1492675755707105343, -0.175, -0.035, -0.125, 0.183, -0.911, -0.041
2017-04-20 10:09:15,709, 1492675755709914188, -0.175, -0.043, -0.125, 0.181, -0.85, -0.029
2017-04-20 10:09:15,711, 1492675755711121771, -0.179, -0.047, -0.133, 0.182, -0.786, -0.045
2017-04-20 10:09:15,714, 1492675755713964724, -0.172, -0.041, -0.141, 0.187, -0.745, -0.049
2017-04-20 10:09:15,716, 1492675755715943027, -0.164, -0.048, -0.138, 0.209, -0.692, -0.049
2017-04-20 10:09:15,717, 1492675755717111615, -0.148, -0.046, -0.116, 0.243, -0.625, 0.012
2017-04-20 10:09:15,719, 1492675755719124060, -0.134, -0.044, -0.123, 0.279, -0.592, 0.041
2017-04-20 10:09:15,722, 1492675755721724824, -0.127, -0.071, -0.151, 0.324, -0.522, 0.024
2017-04-20 10:09:15,724, 1492675755724124200, -0.13, -0.08, -0.15, 0.405, -0.499, -0.024
2017-04-20 10:09:15,726, 1492675755725950362, -0.134, -0.068, -0.135, 0.464, -0.486, -0.029
2017-04-20 10:09:15,728, 1492675755728112485, -0.12, -0.088, -0.136, 0.525, -0.431, -0.049
2017-04-20 10:09:15,730, 1492675755730115003, -0.124, -0.109, -0.138, 0.583, -0.449, 0.012
2017-04-20 10:09:15,732, 1492675755731933300, -0.132, -0.102, -0.116, 0.625, -0.445, 0.02
2017-04-20 10:09:15,734, 1492675755733925042, -0.122, -0.103, -0.106, 0.669, -0.429, 0.073
2017-04-20 10:09:15,736, 1492675755735921265, -0.137, -0.112, -0.131, 0.703, -0.462, 0.077
2017-04-20 10:09:15,738, 1492675755737919258, -0.144, -0.124, -0.136, 0.725, -0.483, 0.016
2017-04-20 10:09:15,745, 1492675755745123964, -0.158, -0.124, -0.138, 0.763, -0.667, -0.029
2017-04-20 10:09:15,746, 1492675755746061528, -0.169, -0.138, -0.133, 0.762, -0.74, -0.016
2017-04-20 10:09:15,749, 1492675755748983897, -0.183, -0.135, -0.09, 0.738, -0.842, 0.081
2017-04-20 10:09:15,751, 1492675755750962443, -0.201, -0.134, -0.151, 0.667, -0.943, 0.333
2017-04-20 10:09:15,753, 1492675755753008908, -0.19, -0.117, -0.188, 0.616, -0.965, 0.556
2017-04-20 10:09:15,755, 1492675755754941754, -0.227, -0.094, -0.162, 0.625, -1.033, 0.592
2017-04-20 10:09:15,757, 1492675755757007724, -0.236, -0.086, -0.148, 0.589, -1.063, 0.556
2017-04-20 10:09:15,759, 1492675755758973937, -0.263, -0.091, -0.197, 0.62, -1.065, 0.588
2017-04-20 10:09:15,763, 1492675755762922341, -0.249, -0.087, -0.202, 0.665, -1.001, 0.58
2017-04-20 10:09:15,764, 1492675755764107334, -0.236, -0.073, -0.144, 0.666, -0.891, 0.36
2017-04-20 10:09:15,765, 1492675755765129243, -0.226, -0.059, -0.171, 0.655, -0.884, 0.336
2017-04-20 10:09:15,767, 1492675755766926128, -0.204, -0.047, -0.167, 0.615, -0.799, 0.39
2017-04-20 10:09:15,769, 1492675755768992654, -0.182, -0.038, -0.177, 0.523, -0.684, 0.345
2017-04-20 10:09:15,771, 1492675755770966346, -0.19, -0.05, -0.175, 0.435, -0.661, 0.271
2017-04-20 10:09:15,773, 1492675755772974406, -0.162, -0.042, -0.176, 0.369, -0.579, 0.231
2017-04-20 10:09:15,775, 1492675755774951392, -0.137, -0.038, -0.2, 0.292, -0.453, 0.26
2017-04-20 10:09:15,779, 1492675755779113417, -0.09, -0.021, -0.189, 0.224, -0.332, 0.141
2017-04-20 10:09:15,780, 1492675755780103710, -0.074, -0.028, -0.202, 0.241, -0.254, 0.109
2017-04-20 10:09:15,781, 1492675755781121019, -0.078, -0.021, -0.209, 0.261, -0.254, 0.105
2017-04-20 10:09:15,783, 1492675755782952092, -0.062, -0.018, -0.197, 0.251, -0.207, 0.114
2017-04-20 10:09:15,785, 1492675755784989005, -0.056, 0.002, -0.173, 0.234, -0.088, 0.109
2017-04-20 10:09:15,787, 1492675755786962543, -0.099, -0.026, -0.195, 0.274, -0.107, 0.13
2017-04-20 10:09:15,789, 1492675755788957120, -0.099, -0.024, -0.218, 0.286, -0.099, 0.141
2017-04-20 10:09:15,791, 1492675755790953457, -0.092, -0.025, -0.189, 0.302, -0.068, 0.235
2017-04-20 10:09:15,796, 1492675755794105823, -0.109, -0.018, -0.152, 0.306, -0.087, 0.304
2017-04-20 10:09:15,797, 1492675755795978362, -0.117, -0.036, -0.249, 0.316, -0.151, 0.309
2017-04-20 10:09:15,797, 1492675755797119462, -0.146, -0.055, -0.238, 0.335, -0.238, 0.458
2017-04-20 10:09:15,799, 1492675755799084066, -0.145, -0.042, -0.163, 0.329, -0.26, 0.511
2017-04-20 10:09:15,801, 1492675755801114733, -0.095, -0.031, -0.171, 0.311, -0.256, 0.547
2017-04-20 10:09:15,803, 1492675755802939361, -0.075, -0.033, -0.247, 0.238, -0.227, 0.528
2017-04-20 10:09:15,805, 1492675755804993164, -0.115, -0.041, -0.246, 0.203, -0.3, 0.544
2017-04-20 10:09:15,807, 1492675755806961600, -0.105, -0.02, -0.219, 0.139, -0.261, 0.576
2017-04-20 10:09:15,809, 1492675755808981412, -0.109, 0.004, -0.287, 0.093, -0.192, 0.507
2017-04-20 10:09:15,811, 1492675755810960833, -0.079, 0.008, -0.295, 0.072, -0.091, 0.503
2017-04-20 10:09:15,813, 1492675755812973880, -0.053, 0.002, -0.258, 0.07, 0.004, 0.471
2017-04-20 10:09:15,815, 1492675755814923468, -0.042, 0.001, -0.28, 0.072, 0.1, 0.511
2017-04-20 10:09:15,817, 1492675755817038371, -0.074, 0.007, -0.315, 0.104, 0.126, 0.393
2017-04-20 10:09:15,819, 1492675755819047526, -0.074, 0.031, -0.27, 0.105, 0.179, 0.442
2017-04-20 10:09:15,821, 1492675755821015100, -0.064, 0.045, -0.321, 0.032, 0.22, 0.398
2017-04-20 10:09:15,823, 1492675755822939612, -0.073, 0.024, -0.299, -0.064, 0.221, 0.474
2017-04-20 10:09:15,828, 1492675755828189491, -0.005, 0.09, -0.297, -0.234, 0.222, 0.528
2017-04-20 10:09:15,830, 1492675755830234491, -0.028, 0.069, -0.215, -0.313, 0.193, 0.564
2017-04-20 10:09:15,834, 1492675755834318080, -0.003, 0.087, -0.147, -0.396, 0.239, 0.588
2017-04-20 10:09:15,836, 1492675755836123406, -0.019, 0.072, -0.306, -0.431, 0.279, 0.576
2017-04-20 10:09:15,838, 1492675755837971440, -0.011, 0.06, -0.248, -0.445, 0.358, 0.547
2017-04-20 10:09:15,839, 1492675755839116887, 0.02, 0.081, -0.183, -0.427, 0.396, 0.479
2017-04-20 10:09:15,841, 1492675755840949889, 0.018, 0.082, -0.192, -0.469, 0.488, 0.474
2017-04-20 10:09:15,842, 1492675755842100621, 0.043, 0.078, -0.34, -0.481, 0.505, 0.434
2017-04-20 10:09:15,844, 1492675755844098538, 0.01, 0.051, -0.33, -0.502, 0.544, 0.466
2017-04-20 10:09:15,849, 1492675755849115546, 0.004, 0.11, -0.366, -0.558, 0.551, 0.393
2017-04-20 10:09:15,850, 1492675755850274066, 0.03, 0.115, -0.366, -0.626, 0.632, 0.438
2017-04-20 10:09:15,853, 1492675755852952898, 0.059, 0.104, -0.248, -0.737, 0.645, 0.474
2017-04-20 10:09:15,855, 1492675755854941672, 0.05, 0.128, -0.243, -0.811, 0.682, 0.454
2017-04-20 10:09:15,857, 1492675755857385389, 0.079, 0.163, -0.31, -0.924, 0.812, 0.406
2017-04-20 10:09:15,859, 1492675755859282725, 0.052, 0.181, -0.332, -0.945, 0.731, 0.414
2017-04-20 10:09:15,864, 1492675755864343113, 0.087, 0.194, -0.278, -1.016, 0.927, 0.328
2017-04-20 10:09:15,866, 1492675755866125480, 0.129, 0.181, -0.312, -1.018, 1.026, 0.434
2017-04-20 10:09:15,868, 1492675755868096237, 0.133, 0.17, -0.327, -0.99, 1.047, 0.325
2017-04-20 10:09:15,870, 1492675755870116376, 0.088, 0.147, -0.307, -0.972, 1.001, 0.304
2017-04-20 10:09:15,872, 1492675755872083861, 0.097, 0.137, -0.317, -0.953, 0.967, 0.341
2017-04-20 10:09:15,874, 1492675755874138648, 0.129, 0.126, -0.354, -0.932, 1.011, 0.45
2017-04-20 10:09:15,876, 1492675755876077629, 0.196, 0.147, -0.304, -0.977, 1.142, 0.373
2017-04-20 10:09:15,878, 1492675755878111329, 0.156, 0.134, -0.283, -1.011, 1.085, 0.333
2017-04-20 10:09:15,880, 1492675755880048330, 0.102, 0.131, -0.326, -1.059, 1.139, 0.39
2017-04-20 10:09:15,882, 1492675755882108448, 0.091, 0.151, -0.373, -1.027, 1.155, 0.353
2017-04-20 10:09:15,884, 1492675755884109436, 0.087, 0.139, -0.363, -1.056, 1.25, 0.32
2017-04-20 10:09:15,886, 1492675755886125145, 0.117, 0.134, -0.364, -1.021, 1.282, 0.377
2017-04-20 10:09:15,888, 1492675755888167066, 0.148, 0.165, -0.346, -1.036, 1.387, 0.357
2017-04-20 10:09:15,890, 1492675755890121575, 0.115, 0.17, -0.38, -1.04, 1.311, 0.409
2017-04-20 10:09:15,892, 1492675755892073832, 0.118, 0.192, -0.369, -1.061, 1.369, 0.353
2017-04-20 10:09:15,894, 1492675755894143133, 0.124, 0.224, -0.31, -1.056, 1.293, 0.393
2017-04-20 10:09:15,896, 1492675755896120813, 0.146, 0.236, -0.327, -1.14, 1.274, 0.422
2017-04-20 10:09:15,901, 1492675755901621825, 0.253, 0.238, -0.311, -1.242, 1.477, 0.385
2017-04-20 10:09:15,903, 1492675755903069252, 0.22, 0.239, -0.342, -1.346, 1.4, 0.341
2017-04-20 10:09:15,906, 1492675755906105254, 0.204, 0.204, -0.318, -1.312, 1.494, 0.247
2017-04-20 10:09:15,908, 1492675755908037267, 0.244, 0.182, -0.318, -1.263, 1.606, 0.223
2017-04-20 10:09:15,909, 1492675755909128603, 0.257, 0.184, -0.332, -1.215, 1.6, 0.292
2017-04-20 10:09:15,911, 1492675755911101794, 0.249, 0.15, -0.361, -1.145, 1.583, 0.32
2017-04-20 10:09:15,913, 1492675755913543279, 0.241, 0.186, -0.332, -1.11, 1.558, 0.333
2017-04-20 10:09:15,915, 1492675755915084820, 0.212, 0.194, -0.236, -1.104, 1.479, 0.393
2017-04-20 10:09:15,917, 1492675755917113603, 0.206, 0.218, -0.231, -1.067, 1.457, 0.406
2017-04-20 10:09:15,919, 1492675755919103752, 0.216, 0.225, -0.227, -1.073, 1.501, 0.227
2017-04-20 10:09:15,921, 1492675755921113586, 0.185, 0.2, -0.195, -1.193, 1.573, 0.239
2017-04-20 10:09:15,923, 1492675755923076422, 0.16, 0.196, -0.206, -1.269, 1.565, 0.353
2017-04-20 10:09:15,925, 1492675755925153319, 0.177, 0.189, -0.183, -1.327, 1.761, 0.458
2017-04-20 10:09:15,927, 1492675755927087262, 0.22, 0.215, -0.22, -1.418, 1.87, 0.292
2017-04-20 10:09:15,933, 1492675755933111736, 0.204, 0.246, -0.152, -1.452, 1.919, 0.105
2017-04-20 10:09:15,934, 1492675755934911145, 0.209, 0.186, -0.26, -1.142, 1.866, 0.336
2017-04-20 10:09:15,942, 1492675755942115780, 0.275, 0.237, -0.263, -0.944, 1.79, 0.353
2017-04-20 10:09:15,944, 1492675755944071516, 0.253, 0.25, -0.154, -1.026, 1.698, 0.36
2017-04-20 10:09:15,946, 1492675755945985192, 0.266, 0.23, -0.206, -1.161, 1.858, 0.239
2017-04-20 10:09:15,948, 1492675755947967827, 0.289, 0.236, -0.298, -1.205, 1.89, 0.255
2017-04-20 10:09:15,950, 1492675755949971477, 0.273, 0.276, -0.183, -1.284, 1.983, 0.247
2017-04-20 10:09:15,952, 1492675755951954298, 0.247, 0.271, -0.207, -1.336, 1.974, 0.227
2017-04-20 10:09:15,954, 1492675755954142856, 0.257, 0.25, -0.271, -1.374, 2.04, 0.304
2017-04-20 10:09:15,955, 1492675755955913524, 0.263, 0.265, -0.223, -1.385, 2.068, 0.284
2017-04-20 10:09:15,958, 1492675755957963452, 0.256, 0.267, -0.145, -1.399, 2.03, 0.243
2017-04-20 10:09:15,960, 1492675755959949636, 0.233, 0.26, -0.206, -1.343, 1.983, 0.284
2017-04-20 10:09:15,971, 1492675755964669707, 0.207, 0.22, -0.224, -1.262, 1.894, 0.268
2017-04-20 10:09:15,971, 1492675755966113057, 0.233, 0.201, -0.222, -1.159, 1.793, 0.211
2017-04-20 10:09:15,971, 1492675755970442822, 0.268, 0.217, -0.155, -1.206, 1.815, 0.203
2017-04-20 10:09:15,972, 1492675755972323089, 0.266, 0.229, -0.168, -1.235, 1.858, 0.15
2017-04-20 10:09:15,974, 1492675755974110912, 0.294, 0.236, -0.141, -1.28, 1.914, 0.154
2017-04-20 10:09:15,976, 1492675755976005427, 0.283, 0.227, -0.18, -1.273, 1.924, 0.166
2017-04-20 10:09:15,977, 1492675755977145274, 0.295, 0.223, -0.212, -1.217, 1.924, 0.187
2017-04-20 10:09:15,979, 1492675755978919304, 0.287, 0.216, -0.209, -1.219, 1.945, 0.158
2017-04-20 10:09:15,980, 1492675755980097634, 0.293, 0.238, -0.185, -1.236, 1.973, 0.133
2017-04-20 10:09:15,982, 1492675755982097030, 0.258, 0.244, -0.196, -1.278, 1.976, 0.146
2017-04-20 10:09:15,984, 1492675755984124784, 0.224, 0.234, -0.217, -1.293, 1.978, 0.117
2017-04-20 10:09:15,986, 1492675755986085655, 0.24, 0.244, -0.157, -1.29, 1.999, 0.125
2017-04-20 10:09:15,988, 1492675755988128096, 0.248, 0.273, -0.162, -1.308, 1.983, 0.133
2017-04-20 10:09:15,990, 1492675755990100029, 0.283, 0.262, -0.197, -1.354, 2.021, 0.158
2017-04-20 10:09:15,992, 1492675755992113600, 0.252, 0.246, -0.163, -1.412, 2.015, 0.15
2017-04-20 10:09:15,995, 1492675755995102651, 0.183, 0.233, -0.134, -1.425, 1.887, 0.187
2017-04-20 10:09:15,996, 1492675755996096666, 0.207, 0.257, -0.13, -1.422, 1.925, 0.166
2017-04-20 10:09:15,998, 1492675755998202757, 0.251, 0.251, -0.147, -1.399, 1.969, 0.085
2017-04-20 10:09:16,000, 1492675756000122488, 0.239, 0.22, -0.098, -1.337, 1.908, 0.033
2017-04-20 10:09:16,002, 1492675756002077171, 0.24, 0.213, -0.042, -1.275, 1.917, 0.033
2017-04-20 10:09:16,004, 1492675756004118500, 0.285, 0.228, -0.093, -1.189, 1.928, 0.065
2017-04-20 10:09:16,006, 1492675756006126253, 0.26, 0.224, -0.147, -1.139, 1.867, 0.02
2017-04-20 10:09:16,008, 1492675756008091737, 0.241, 0.193, -0.087, -1.1, 1.822, 0.033
2017-04-20 10:09:16,010, 1492675756010082616, 0.258, 0.181, -0.109, -1.093, 1.828, 0.036
2017-04-20 10:09:16,013, 1492675756012955971, 0.278, 0.204, -0.162, -1.172, 1.883, 0.073
2017-04-20 10:09:16,014, 1492675756014110985, 0.276, 0.207, -0.077, -1.244, 1.882, 0.073
2017-04-20 10:09:16,016, 1492675756016211455, 0.269, 0.215, -0.051, -1.298, 1.912, 0.052
2017-04-20 10:09:16,018, 1492675756018096494, 0.259, 0.237, -0.127, -1.358, 1.944, 0.033
2017-04-20 10:09:16,020, 1492675756020094377, 0.253, 0.26, -0.119, -1.384, 1.96, 0.036
2017-04-20 10:09:16,022, 1492675756022113589, 0.257, 0.256, -0.063, -1.387, 1.977, 0.069
2017-04-20 10:09:16,024, 1492675756024074773, 0.245, 0.248, -0.118, -1.394, 1.998, 0.06
2017-04-20 10:09:16,026, 1492675756026086158, 0.233, 0.231, -0.119, -1.36, 1.948, 0.069
2017-04-20 10:09:16,028, 1492675756028146168, 0.226, 0.233, -0.051, -1.336, 1.935, 0.101
2017-04-20 10:09:16,038, 1492675756033020035, 0.226, 0.244, -0.119, -1.281, 1.871, 0.109
2017-04-20 10:09:16,038, 1492675756035887201, 0.209, 0.184, -0.075, -1.235, 1.761, 0.122
2017-04-20 10:09:16,038, 1492675756038252747, 0.22, 0.191, -0.154, -1.239, 1.784, 0.057
2017-04-20 10:09:16,040, 1492675756040073120, 0.222, 0.2, -0.091, -1.252, 1.775, 0.052
2017-04-20 10:09:16,041, 1492675756041085493, 0.225, 0.206, -0.045, -1.28, 1.8, 0.041
2017-04-20 10:09:16,042, 1492675756042139099, 0.223, 0.206, -0.069, -1.293, 1.808, 0.049
2017-04-20 10:09:16,044, 1492675756044088402, 0.24, 0.204, -0.109, -1.305, 1.86, 0.057
2017-04-20 10:09:16,046, 1492675756046117882, 0.259, 0.22, -0.056, -1.298, 1.927, 0.028
2017-04-20 10:09:16,049, 1492675756048931415, 0.269, 0.219, -0.046, -1.269, 1.937, 0.06
2017-04-20 10:09:16,051, 1492675756050948195, 0.278, 0.219, -0.052, -1.278, 1.997, 0.077
2017-04-20 10:09:16,052, 1492675756052879913, 0.268, 0.226, -0.059, -1.26, 1.99, 0.036
2017-04-20 10:09:16,054, 1492675756054097385, 0.231, 0.222, -0.043, -1.243, 1.941, 0.024
2017-04-20 10:09:16,059, 1492675756059097687, 0.245, 0.225, -0.048, -1.185, 1.865, 0.114
2017-04-20 10:09:16,065, 1492675756061363124, 0.267, 0.23, -0.033, -1.188, 1.873, 0.093
2017-04-20 10:09:16,065, 1492675756063100437, 0.252, 0.197, -0.049, -1.17, 1.81, 0.15
2017-04-20 10:09:16,070, 1492675756070206443, 0.21, 0.183, -0.079, -1.142, 1.791, 0.065
2017-04-20 10:09:16,072, 1492675756072074352, 0.209, 0.168, -0.074, -1.136, 1.804, 0.06
2017-04-20 10:09:16,075, 1492675756075127965, 0.214, 0.175, -0.055, -1.085, 1.845, 0.081
2017-04-20 10:09:16,077, 1492675756077115115, 0.21, 0.17, -0.091, -1.056, 1.848, 0.085
2017-04-20 10:09:16,079, 1492675756078927985, 0.215, 0.171, -0.08, -1.03, 1.825, 0.109
2017-04-20 10:09:16,080, 1492675756080100065, 0.196, 0.176, -0.059, -1.013, 1.81, 0.109
2017-04-20 10:09:16,082, 1492675756082121581, 0.193, 0.175, -0.084, -1.008, 1.8, 0.117
2017-04-20 10:09:16,084, 1492675756084094169, 0.218, 0.18, -0.1, -1.021, 1.796, 0.125
2017-04-20 10:09:16,086, 1492675756086116890, 0.217, 0.181, -0.064, -1.021, 1.776, 0.133
2017-04-20 10:09:16,089, 1492675756089522645, 0.193, 0.185, -0.069, -1.007, 1.731, 0.162
2017-04-20 10:09:16,091, 1492675756091173155, 0.171, 0.176, -0.082, -0.969, 1.701, 0.15
2017-04-20 10:09:16,094, 1492675756094122990, 0.19, 0.164, -0.066, -0.925, 1.699, 0.133
2017-04-20 10:09:16,096, 1492675756095953717, 0.185, 0.142, -0.08, -0.896, 1.7, 0.141
2017-04-20 10:09:16,101, 1492675756100840264, 0.182, 0.15, -0.071, -0.869, 1.699, 0.133
2017-04-20 10:09:16,103, 1492675756103170698, 0.184, 0.142, -0.067, -0.864, 1.708, 0.122
2017-04-20 10:09:16,105, 1492675756105105461, 0.177, 0.131, -0.054, -0.874, 1.696, 0.133
2017-04-20 10:09:16,107, 1492675756107124338, 0.172, 0.139, -0.049, -0.88, 1.691, 0.138
2017-04-20 10:09:16,109, 1492675756109090428, 0.173, 0.15, -0.059, -0.869, 1.68, 0.125
2017-04-20 10:09:16,111, 1492675756111102047, 0.166, 0.132, -0.057, -0.861, 1.652, 0.138
2017-04-20 10:09:16,113, 1492675756113106887, 0.17, 0.145, -0.042, -0.847, 1.627, 0.154
2017-04-20 10:09:16,115, 1492675756115125352, 0.166, 0.154, -0.057, -0.834, 1.617, 0.133
2017-04-20 10:09:16,117, 1492675756117073858, 0.169, 0.159, -0.062, -0.813, 1.602, 0.162
2017-04-20 10:09:16,120, 1492675756120495145, 0.169, 0.151, -0.062, -0.793, 1.585, 0.166
2017-04-20 10:09:16,122, 1492675756122259152, 0.176, 0.142, -0.048, -0.768, 1.566, 0.179
2017-04-20 10:09:16,130, 1492675756130110908, 0.177, 0.133, -0.047, -0.746, 1.529, 0.146
2017-04-20 10:09:16,132, 1492675756131932310, 0.173, 0.134, -0.058, -0.754, 1.522, 0.13
2017-04-20 10:09:16,134, 1492675756134024719, 0.167, 0.107, -0.052, -0.759, 1.516, 0.133
2017-04-20 10:09:16,136, 1492675756136084902, 0.155, 0.117, -0.059, -0.75, 1.5, 0.146
2017-04-20 10:09:16,141, 1492675756141320086, 0.159, 0.112, -0.061, -0.731, 1.483, 0.133
2017-04-20 10:09:16,143, 1492675756143106137, 0.148, 0.098, -0.077, -0.654, 1.432, 0.15
2017-04-20 10:09:16,145, 1492675756145132138, 0.155, 0.098, -0.064, -0.628, 1.407, 0.141
2017-04-20 10:09:16,147, 1492675756147086737, 0.154, 0.105, -0.077, -0.601, 1.387, 0.174
2017-04-20 10:09:16,149, 1492675756149122489, 0.141, 0.108, -0.088, -0.575, 1.353, 0.182
2017-04-20 10:09:16,151, 1492675756151141319, 0.142, 0.119, -0.068, -0.556, 1.332, 0.187
2017-04-20 10:09:16,153, 1492675756153126859, 0.137, 0.111, -0.077, -0.551, 1.316, 0.215
2017-04-20 10:09:16,155, 1492675756155081214, 0.141, 0.117, -0.089, -0.535, 1.3, 0.207
2017-04-20 10:09:16,157, 1492675756157133489, 0.138, 0.111, -0.097, -0.516, 1.288, 0.215
2017-04-20 10:09:16,159, 1492675756159088392, 0.14, 0.111, -0.113, -0.489, 1.281, 0.198
2017-04-20 10:09:16,161, 1492675756161116663, 0.142, 0.125, -0.054, -0.465, 1.299, 0.195
2017-04-20 10:09:16,163, 1492675756163111205, 0.157, 0.135, -0.055, -0.509, 1.332, 0.207
2017-04-20 10:09:16,165, 1492675756165146106, 0.14, 0.107, -0.088, -0.541, 1.324, 0.195
2017-04-20 10:09:16,167, 1492675756167085751, 0.121, 0.114, -0.041, -0.557, 1.311, 0.187
2017-04-20 10:09:16,172, 1492675756172407523, 0.148, 0.134, -0.003, -0.588, 1.353, 0.162
2017-04-20 10:09:16,174, 1492675756174094683, 0.122, 0.092, 0.012, -0.647, 1.35, 0.146
2017-04-20 10:09:16,176, 1492675756176095460, 0.131, 0.112, -0.007, -0.632, 1.328, 0.154
2017-04-20 10:09:16,178, 1492675756178092049, 0.163, 0.12, -0.066, -0.597, 1.356, 0.138
2017-04-20 10:09:16,180, 1492675756180108797, 0.155, 0.114, -0.017, -0.557, 1.329, 0.138
2017-04-20 10:09:16,182, 1492675756182102716, 0.132, 0.1, 0.001, -0.516, 1.281, 0.125
2017-04-20 10:09:16,184, 1492675756184099868, 0.144, 0.087, -0.058, -0.471, 1.259, 0.162
2017-04-20 10:09:16,186, 1492675756186103839, 0.146, 0.094, -0.072, -0.436, 1.257, 0.182
2017-04-20 10:09:16,188, 1492675756188100194, 0.13, 0.098, -0.064, -0.41, 1.222, 0.171
2017-04-20 10:09:16,190, 1492675756190101285, 0.137, 0.079, -0.074, -0.402, 1.218, 0.212
2017-04-20 10:09:16,192, 1492675756192120340, 0.148, 0.078, -0.089, -0.411, 1.219, 0.239
2017-04-20 10:09:16,194, 1492675756194098852, 0.142, 0.094, -0.07, -0.436, 1.232, 0.223
2017-04-20 10:09:16,196, 1492675756196129353, 0.135, 0.1, -0.1, -0.439, 1.236, 0.179
2017-04-20 10:09:16,198, 1492675756198087905, 0.142, 0.092, -0.094, -0.44, 1.248, 0.179
2017-04-20 10:09:16,200, 1492675756200136819, 0.139, 0.093, -0.073, -0.467, 1.282, 0.195
2017-04-20 10:09:16,202, 1492675756202078680, 0.15, 0.091, -0.064, -0.49, 1.309, 0.146
2017-04-20 10:09:16,210, 1492675756210111082, 0.158, 0.116, -0.058, -0.407, 1.331, 0.12