2017-04-20 10:11:01,314, 1492675861314493473, -0.065, 0.035, 0.016, -0.111, -0.498, -0.004
2017-04-20 10:11:01,317, 1492675861317363627, -0.061, 0.046, 0.026, -0.293, -0.493, -0.004
2017-04-20 10:11:01,318, 1492675861318516311, -0.068, 0.075, 0.034, -0.42, -0.496, -0.061
2017-04-20 10:11:01,320, 1492675861320529360, -0.072, 0.094, 0.03, -0.535, -0.499, -0.073
2017-04-20 10:11:01,322, 1492675861322503691, -0.077, 0.102, 0.02, -0.641, -0.489, -0.032
2017-04-20 10:11:01,324, 1492675861324523307, -0.068, 0.111, 0.035, -0.712, -0.466, -0.061
2017-04-20 10:11:01,329, 1492675861329529449, -0.062, 0.092, 0.017, -0.74, -0.41, -0.032
2017-04-20 10:11:01,331, 1492675861331358447, -0.067, 0.092, 0.005, -0.701, -0.409, -0.037
2017-04-20 10:11:01,333, 1492675861333525626, -0.057, 0.094, 0.0, -0.608, -0.346, -0.04
2017-04-20 10:11:01,335, 1492675861335410189, -0.026, 0.076, 0.012, -0.511, -0.288, -0.024
2017-04-20 10:11:01,337, 1492675861337383240, -0.029, 0.05, -0.005, -0.377, -0.238, -0.016
2017-04-20 10:11:01,340, 1492675861340251731, -0.021, 0.027, -0.029, -0.207, -0.205, -0.029
2017-04-20 10:11:01,342, 1492675861342448935, -0.012, 0.003, -0.056, 0.031, -0.123, -0.005
2017-04-20 10:11:01,343, 1492675861343536949, -0.006, -0.015, -0.054, 0.172, -0.066, -0.016
2017-04-20 10:11:01,345, 1492675861345399978, 0.003, -0.026, -0.057, 0.247, -0.032, -0.013
2017-04-20 10:11:01,347, 1492675861347439370, 0.002, -0.051, -0.055, 0.395, 0.033, 0.016
2017-04-20 10:11:01,349, 1492675861349517410, 0.024, -0.075, -0.035, 0.534, 0.103, 0.036
2017-04-20 10:11:01,353, 1492675861353547180, 0.025, -0.091, -0.047, 0.743, 0.233, 0.044
2017-04-20 10:11:01,355, 1492675861355314792, 0.043, -0.086, -0.04, 0.762, 0.273, 0.044
2017-04-20 10:11:01,357, 1492675861357425241, 0.052, -0.088, -0.03, 0.744, 0.359, 0.044
2017-04-20 10:11:01,360, 1492675861360394582, 0.066, -0.077, -0.029, 0.682, 0.414, 0.049
2017-04-20 10:11:01,361, 1492675861361560220, 0.055, -0.056, -0.018, 0.523, 0.45, 0.053
2017-04-20 10:11:01,363, 1492675861363354904, 0.052, -0.048, -0.018, 0.429, 0.473, 0.036
2017-04-20 10:11:01,368, 1492675861368014985, 0.051, -0.025, -0.002, 0.259, 0.51, 0.012
2017-04-20 10:11:01,370, 1492675861370393397, 0.053, 0.02, 0.044, -0.173, 0.52, 0.033
2017-04-20 10:11:01,371, 1492675861371519261, 0.04, 0.052, 0.046, -0.314, 0.499, 0.0
2017-04-20 10:11:01,373, 1492675861373492838, 0.034, 0.072, 0.059, -0.42, 0.461, 0.012
2017-04-20 10:11:01,375, 1492675861375545499, 0.021, 0.058, 0.039, -0.516, 0.411, 0.0
2017-04-20 10:11:01,377, 1492675861377515041, 0.008, 0.066, 0.024, -0.592, 0.349, 0.0
2017-04-20 10:11:01,379, 1492675861379550042, 0.018, 0.101, 0.019, -0.63, 0.272, -0.008
2017-04-20 10:11:01,381, 1492675861381544209, 0.005, 0.098, -0.007, -0.64, 0.191, -0.024
2017-04-20 10:11:01,383, 1492675861383523315, -0.003, 0.101, -0.024, -0.628, 0.087, -0.016
2017-04-20 10:11:01,389, 1492675861389551250, 0.003, 0.065, -0.065, -0.481, -0.172, -0.037
2017-04-20 10:11:01,391, 1492675861391438907, -0.013, 0.057, -0.057, -0.427, -0.227, -0.048
2017-04-20 10:11:01,395, 1492675861395489467, -0.045, 0.042, -0.045, -0.207, -0.362, -0.045
2017-04-20 10:11:01,397, 1492675861396843922, -0.032, 0.028, -0.042, -0.126, -0.403, -0.033
2017-04-20 10:11:01,398, 1492675861398551615, -0.047, 0.019, -0.049, -0.046, -0.431, -0.037
2017-04-20 10:11:01,401, 1492675861401089533, -0.061, 0.008, -0.038, 0.042, -0.456, -0.005
2017-04-20 10:11:01,402, 1492675861402516365, -0.062, -0.006, -0.015, 0.163, -0.478, 0.012
2017-04-20 10:11:01,404, 1492675861404361212, -0.079, -0.016, -0.019, 0.217, -0.481, 0.004
2017-04-20 10:11:01,405, 1492675861405530403, -0.074, -0.027, -0.008, 0.274, -0.487, 0.012
2017-04-20 10:11:01,407, 1492675861407495220, -0.075, -0.022, 0.012, 0.318, -0.486, 0.025
2017-04-20 10:11:01,409, 1492675861409434439, -0.085, -0.049, 0.01, 0.35, -0.468, 0.008
2017-04-20 10:11:01,411, 1492675861411519776, -0.06, -0.044, 0.014, 0.373, -0.455, -0.008
2017-04-20 10:11:01,413, 1492675861413523715, -0.068, -0.041, 0.03, 0.371, -0.438, 0.017
2017-04-20 10:11:01,415, 1492675861415455927, -0.065, -0.039, 0.003, 0.363, -0.416, -0.013
2017-04-20 10:11:01,417, 1492675861417508514, -0.049, -0.036, 0.021, 0.338, -0.371, 0.0
2017-04-20 10:11:01,419, 1492675861419533387, -0.032, -0.029, 0.019, 0.299, -0.329, 0.003
2017-04-20 10:11:01,421, 1492675861421437099, -0.039, -0.025, 0.0, 0.26, -0.294, -0.013
2017-04-20 10:11:01,423, 1492675861423437661, -0.029, -0.025, -0.013, 0.198, -0.254, -0.013
2017-04-20 10:11:01,425, 1492675861425455170, -0.029, 0.001, -0.007, 0.131, -0.197, -0.008
2017-04-20 10:11:01,427, 1492675861427497168, -0.012, 0.01, -0.014, 0.046, -0.128, -0.005
2017-04-20 10:11:01,435, 1492675861433498646, 0.013, 0.043, -0.007, -0.236, 0.052, 0.0
2017-04-20 10:11:01,437, 1492675861435439112, 0.019, 0.044, -0.019, -0.318, 0.12, -0.021
2017-04-20 10:11:01,437, 1492675861437419974, 0.026, 0.059, -0.032, -0.384, 0.19, -0.021
2017-04-20 10:11:01,439, 1492675861439601129, 0.038, 0.055, -0.019, -0.45, 0.268, -0.02
2017-04-20 10:11:01,441, 1492675861441402093, 0.044, 0.066, -0.021, -0.47, 0.302, -0.008
2017-04-20 10:11:01,445, 1492675861445540209, 0.039, 0.064, -0.023, -0.439, 0.401, 0.017
2017-04-20 10:11:01,447, 1492675861447343106, 0.048, 0.062, -0.009, -0.415, 0.421, 0.012
2017-04-20 10:11:01,452, 1492675861452489116, 0.032, 0.03, -0.003, -0.224, 0.452, 0.008
2017-04-20 10:11:01,453, 1492675861453498430, 0.029, 0.033, -0.016, -0.151, 0.446, 0.008
2017-04-20 10:11:01,456, 1492675861456364722, 0.042, 0.023, -0.016, -0.066, 0.435, 0.024
2017-04-20 10:11:01,458, 1492675861458413388, 0.03, 0.007, 0.015, 0.015, 0.395, 0.044
2017-04-20 10:11:01,460, 1492675861460446519, 0.024, -0.007, -0.016, 0.099, 0.351, 0.028
2017-04-20 10:11:01,466, 1492675861464895481, 0.023, -0.007, -0.015, 0.171, 0.291, 0.044
2017-04-20 10:11:01,471, 1492675861471433049, -0.004, -0.032, -0.029, 0.324, 0.065, 0.008
2017-04-20 10:11:01,474, 1492675861474054645, -0.009, -0.028, -0.032, 0.316, -0.12, 0.004
2017-04-20 10:11:01,477, 1492675861475527481, -0.014, -0.011, -0.022, 0.255, -0.208, 0.004
2017-04-20 10:11:01,477, 1492675861477358699, -0.02, -0.018, -0.024, 0.208, -0.252, -0.008
2017-04-20 10:11:01,479, 1492675861479461362, -0.023, -0.005, -0.013, 0.116, -0.315, -0.008
2017-04-20 10:11:01,480, 1492675861480530551, -0.035, 0.007, -0.036, 0.029, -0.353, -0.024
2017-04-20 10:11:01,483, 1492675861483339507, -0.037, 0.013, 0.001, -0.061, -0.377, -0.024
2017-04-20 10:11:01,485, 1492675861485304179, -0.046, 0.024, 0.01, -0.142, -0.396, -0.024
2017-04-20 10:11:01,489, 1492675861489712794, -0.061, 0.044, 0.02, -0.272, -0.429, -0.032
2017-04-20 10:11:01,491, 1492675861491515229, -0.057, 0.053, 0.017, -0.294, -0.43, -0.016
2017-04-20 10:11:01,493, 1492675861493583797, -0.053, 0.042, 0.015, -0.303, -0.409, -0.041
2017-04-20 10:11:01,495, 1492675861495470570, -0.05, 0.049, 0.008, -0.289, -0.389, -0.024
2017-04-20 10:11:01,497, 1492675861497529591, -0.057, 0.044, -0.003, -0.263, -0.373, -0.021
2017-04-20 10:11:01,499, 1492675861499502162, -0.042, 0.036, -0.032, -0.217, -0.338, -0.024
2017-04-20 10:11:01,506, 1492675861505920389, -0.037, 0.048, -0.03, -0.18, -0.304, -0.008
2017-04-20 10:11:01,507, 1492675861507506435, 0.015, 0.034, -0.123, -0.092, -0.117, 0.003
2017-04-20 10:11:01,510, 1492675861509960434, 0.04, 0.046, -0.175, -0.08, -0.024, 0.0
2017-04-20 10:11:01,511, 1492675861511515376, 0.051, 0.046, -0.202, -0.084, 0.069, -0.008
2017-04-20 10:11:01,513, 1492675861513540753, 0.05, 0.042, -0.244, -0.098, 0.129, -0.005
2017-04-20 10:11:01,515, 1492675861515487714, 0.068, 0.045, -0.277, -0.122, 0.22, 0.008
2017-04-20 10:11:01,519, 1492675861519399091, 0.092, 0.058, -0.314, -0.182, 0.404, 0.008
2017-04-20 10:11:01,520, 1492675861520528475, 0.119, 0.083, -0.329, -0.228, 0.479, 0.003
2017-04-20 10:11:01,522, 1492675861522393864, 0.109, 0.073, -0.365, -0.253, 0.519, 0.016
2017-04-20 10:11:01,523, 1492675861523503432, 0.125, 0.075, -0.391, -0.293, 0.585, 0.024
2017-04-20 10:11:01,525, 1492675861525537910, 0.128, 0.076, -0.382, -0.342, 0.633, 0.025
2017-04-20 10:11:01,527, 1492675861527453195, 0.113, 0.092, -0.415, -0.383, 0.69, 0.012
2017-04-20 10:11:01,529, 1492675861529542963, 0.104, 0.083, -0.444, -0.393, 0.686, 0.025
2017-04-20 10:11:01,531, 1492675861531516176, 0.113, 0.097, -0.473, -0.375, 0.693, 0.033
2017-04-20 10:11:01,536, 1492675861536452012, 0.15, 0.096, -0.444, -0.371, 0.74, 0.028
2017-04-20 10:11:01,538, 1492675861538471080, 0.187, 0.102, -0.476, -0.379, 0.731, 0.0
2017-04-20 10:11:01,539, 1492675861539644814, 0.191, 0.111, -0.46, -0.419, 0.743, 0.004
2017-04-20 10:11:01,542, 1492675861542341098, 0.18, 0.112, -0.477, -0.48, 0.737, -0.013
2017-04-20 10:11:01,544, 1492675861544463992, 0.154, 0.107, -0.492, -0.551, 0.74, 0.0
2017-04-20 10:11:01,546, 1492675861546315616, 0.16, 0.11, -0.46, -0.573, 0.716, 0.033
2017-04-20 10:11:01,553, 1492675861553569863, 0.196, 0.131, -0.492, -0.551, 0.809, 0.016
2017-04-20 10:11:01,555, 1492675861555344820, 0.197, 0.14, -0.528, -0.545, 0.824, 0.008
2017-04-20 10:11:01,557, 1492675861557448948, 0.17, 0.117, -0.545, -0.539, 0.808, -0.004
2017-04-20 10:11:01,559, 1492675861559398233, 0.168, 0.116, -0.538, -0.529, 0.805, 0.049
2017-04-20 10:11:01,565, 1492675861564564073, 0.149, 0.103, -0.585, -0.424, 0.72, 0.028
2017-04-20 10:11:01,566, 1492675861566413282, 0.147, 0.093, -0.539, -0.367, 0.696, 0.074
2017-04-20 10:11:01,576, 1492675861576551307, 0.156, 0.092, -0.574, -0.282, 0.649, 0.017
2017-04-20 10:11:01,578, 1492675861578389132, 0.212, 0.107, -0.591, -0.169, 0.493, 0.028
2017-04-20 10:11:01,580, 1492675861580414655, 0.209, 0.113, -0.587, -0.344, 0.479, 0.049
2017-04-20 10:11:01,582, 1492675861582565502, 0.138, 0.112, -0.648, -0.531, 0.488, 0.025
2017-04-20 10:11:01,584, 1492675861584554195, 0.098, 0.112, -0.611, -0.696, 0.498, -0.089
2017-04-20 10:11:01,586, 1492675861586501799, 0.105, 0.135, -0.535, -0.765, 0.526, -0.045
2017-04-20 10:11:01,588, 1492675861588525762, 0.097, 0.119, -0.539, -0.764, 0.521, -0.005
2017-04-20 10:11:01,590, 1492675861590507037, 0.118, 0.122, -0.517, -0.722, 0.561, -0.061
2017-04-20 10:11:01,593, 1492675861593153370, 0.155, 0.145, -0.393, -0.666, 0.57, 0.06
2017-04-20 10:11:01,594, 1492675861594495565, 0.179, 0.159, -0.386, -0.629, 0.659, 0.028
2017-04-20 10:11:01,596, 1492675861596488020, 0.181, 0.136, -0.401, -0.653, 0.708, 0.017
2017-04-20 10:11:01,598, 1492675861598442215, 0.124, 0.125, -0.406, -0.669, 0.647, 0.008
2017-04-20 10:11:01,605, 1492675861604317798, 0.078, 0.084, -0.384, -0.675, 0.673, -0.016
2017-04-20 10:11:01,607, 1492675861607467396, 0.18, 0.073, -0.264, -0.151, 0.609, 0.057
2017-04-20 10:11:01,608, 1492675861608548636, 0.249, 0.085, -0.238, -0.058, 0.721, 0.049
2017-04-20 10:11:01,610, 1492675861610325432, 0.279, 0.086, -0.261, -0.045, 0.75, -0.029
2017-04-20 10:11:01,611, 1492675861611537272, 0.191, 0.05, -0.22, -0.056, 0.697, 0.025
2017-04-20 10:11:01,613, 1492675861613489405, 0.093, 0.006, -0.249, -0.089, 0.614, 0.0
2017-04-20 10:11:01,615, 1492675861615545453, -0.04, -0.018, -0.314, 0.0, 0.478, 0.0
2017-04-20 10:11:01,617, 1492675861617492917, -0.066, -0.029, -0.234, 0.107, 0.361, -0.004
2017-04-20 10:11:01,619, 1492675861619576163, 0.019, -0.018, -0.148, 0.255, 0.369, 0.057
2017-04-20 10:11:01,621, 1492675861621489944, 0.184, 0.019, -0.077, 0.331, 0.516, 0.15
2017-04-20 10:11:01,623, 1492675861623549378, 0.237, 0.045, -0.105, 0.284, 0.553, 0.033
2017-04-20 10:11:01,625, 1492675861625488051, 0.131, 0.033, -0.136, 0.163, 0.402, 0.017
2017-04-20 10:11:01,627, 1492675861627546249, -0.043, -0.015, -0.225, 0.061, 0.123, 0.036
2017-04-20 10:11:01,629, 1492675861629492940, -0.166, -0.032, -0.267, 0.053, -0.111, -0.008
2017-04-20 10:11:01,631, 1492675861631593128, -0.143, 0.005, -0.21, 0.055, -0.232, -0.085
2017-04-20 10:11:01,640, 1492675861636186498, 0.068, 0.036, -0.043, 0.035, -0.068, 0.008
2017-04-20 10:11:01,642, 1492675861642477069, -0.238, -0.018, -0.336, -0.085, -0.667, -0.045
2017-04-20 10:11:01,643, 1492675861643513969, -0.221, 0.033, -0.301, 0.078, -0.762, -0.057
2017-04-20 10:11:01,646, 1492675861646387853, 0.05, 0.078, -0.075, 0.16, -0.445, 0.008
2017-04-20 10:11:01,652, 1492675861652521902, -0.201, -0.038, -0.198, -0.252, -0.67, -0.069
2017-04-20 10:11:01,654, 1492675861654375299, -0.379, -0.045, -0.269, -0.17, -0.899, -0.048
2017-04-20 10:11:01,656, 1492675861656375879, -0.305, 0.05, -0.258, -0.073, -0.847, -0.077
2017-04-20 10:11:01,658, 1492675861658516319, 0.045, 0.113, 0.045, -0.074, -0.351, -0.081
2017-04-20 10:11:01,662, 1492675861662495605, 0.225, 0.051, 0.175, -0.195, -0.138, -0.064
2017-04-20 10:11:01,664, 1492675861664341804, -0.184, -0.081, -0.164, -0.113, -0.566, 0.044
2017-04-20 10:11:01,665, 1492675861665510659, -0.382, -0.052, -0.236, 0.162, -0.836, -0.028
2017-04-20 10:11:01,666, 1492675861666491066, -0.358, 0.035, -0.254, 0.307, -0.842, -0.065
2017-04-20 10:11:01,673, 1492675861673112940, -0.227, 0.079, -0.157, 0.378, -0.645, -0.045
2017-04-20 10:11:01,674, 1492675861674530548, -0.023, -0.11, -0.019, 0.086, -0.293, 0.028
2017-04-20 10:11:01,678, 1492675861678526883, -0.353, 0.034, -0.192, 0.439, -0.764, 0.0
2017-04-20 10:11:01,680, 1492675861680608321, -0.126, 0.087, -0.078, 0.4, -0.456, -0.02
2017-04-20 10:11:01,682, 1492675861682384063, 0.219, 0.036, 0.023, 0.212, 0.016, -0.021
2017-04-20 10:11:01,683, 1492675861683553614, 0.283, -0.061, 0.091, -0.04, 0.155, 0.004
2017-04-20 10:11:01,685, 1492675861685372993, 0.146, -0.086, 0.042, -0.102, 0.003, 0.0
2017-04-20 10:11:01,686, 1492675861686534099, -0.122, -0.079, -0.122, -0.022, -0.28, -0.024
2017-04-20 10:11:01,688, 1492675861688512840, -0.331, -0.014, -0.307, 0.256, -0.68, 0.0
2017-04-20 10:11:01,690, 1492675861690473678, -0.185, 0.108, -0.156, 0.251, -0.404, -0.069
2017-04-20 10:11:01,692, 1492675861692516647, 0.114, 0.077, 0.058, 0.064, 0.044, -0.057
2017-04-20 10:11:01,694, 1492675861694538451, 0.197, -0.06, 0.114, -0.191, 0.207, 0.036
2017-04-20 10:11:01,697, 1492675861697496919, -0.067, -0.117, -0.064, -0.187, -0.058, 0.02
2017-04-20 10:11:01,698, 1492675861698482701, -0.294, -0.031, -0.211, 0.16, -0.5, 0.036
2017-04-20 10:11:01,700, 1492675861700511766, -0.247, 0.074, -0.173, 0.371, -0.391, -0.049
2017-04-20 10:11:01,708, 1492675861707740737, 0.16, -0.159, 0.044, 0.097, 0.149, 0.016
2017-04-20 10:11:01,709, 1492675861709538459, -0.225, -0.094, -0.169, 0.459, -0.491, 0.114
2017-04-20 10:11:01,711, 1492675861711540736, -0.152, 0.081, -0.123, 0.707, -0.332, -0.008
2017-04-20 10:11:01,713, 1492675861713502286, 0.05, 0.084, 0.019, 0.608, -0.087, -0.064
2017-04-20 10:11:01,715, 1492675861715533556, 0.104, -0.131, 0.073, 0.364, 0.007, -0.016
2017-04-20 10:11:01,717, 1492675861717480169, -0.014, -0.261, 0.006, 0.312, -0.141, 0.008
2017-04-20 10:11:01,719, 1492675861719519099, -0.226, -0.143, -0.099, 0.57, -0.592, 0.052
2017-04-20 10:11:01,721, 1492675861721482766, -0.122, 0.074, -0.124, 0.817, -0.44, -0.142
2017-04-20 10:11:01,723, 1492675861723532014, 0.038, 0.104, -0.054, 0.76, -0.257, -0.158
2017-04-20 10:11:01,725, 1492675861725504497, 0.091, -0.042, 0.077, 0.378, -0.132, 0.065
2017-04-20 10:11:01,727, 1492675861727552916, -0.034, -0.205, -0.003, 0.131, -0.287, 0.098
2017-04-20 10:11:01,729, 1492675861729489824, -0.208, -0.119, -0.158, 0.227, -0.657, 0.174
2017-04-20 10:11:01,731, 1492675861731550074, -0.173, 0.119, -0.031, 0.245, -0.524, 0.012
2017-04-20 10:11:01,733, 1492675861733517578, -0.022, 0.184, 0.137, 0.093, -0.33, -0.142
2017-04-20 10:11:01,738, 1492675861738123626, -0.181, -0.203, 0.121, -0.594, -0.466, -0.016
2017-04-20 10:11:01,739, 1492675861739517137, -0.365, -0.071, 0.141, -0.395, -0.88, 0.065
2017-04-20 10:11:01,741, 1492675861741529316, -0.213, 0.15, 0.136, -0.182, -0.648, -0.134
2017-04-20 10:11:01,743, 1492675861743555925, -0.022, 0.216, 0.203, -0.113, -0.446, -0.162
2017-04-20 10:11:01,745, 1492675861745521138, -0.027, -0.025, 0.385, -0.289, -0.448, 0.004
2017-04-20 10:11:01,747, 1492675861747509320, -0.228, -0.218, 0.281, -0.255, -0.781, 0.065
2017-04-20 10:11:01,749, 1492675861749518476, -0.422, -0.156, 0.128, 0.134, -1.229, 0.041
2017-04-20 10:11:01,751, 1492675861751501643, -0.33, 0.041, 0.187, 0.561, -1.242, -0.11
2017-04-20 10:11:01,753, 1492675861753543372, -0.108, 0.058, 0.319, 0.694, -0.969, -0.235
2017-04-20 10:11:01,755, 1492675861755455550, -0.037, -0.109, 0.507, 0.564, -0.884, -0.045
2017-04-20 10:11:01,757, 1492675861757543100, -0.21, -0.333, 0.404, 0.605, -1.236, 0.085
2017-04-20 10:11:01,759, 1492675861759653482, -0.433, -0.315, 0.198, 0.916, -1.633, 0.085
2017-04-20 10:11:01,761, 1492675861761543275, -0.515, -0.127, 0.191, 1.342, -1.836, -0.021
2017-04-20 10:11:01,763, 1492675861763499089, -0.314, -0.089, 0.301, 1.555, -1.649, -0.049
2017-04-20 10:11:01,766, 1492675861766499926, -0.073, -0.248, 0.551, 1.399, -1.435, -0.012
2017-04-20 10:11:01,768, 1492675861768316141, -0.152, -0.368, 0.561, 1.34, -1.452, 0.06
2017-04-20 10:11:01,769, 1492675861769518999, -0.362, -0.353, 0.362, 1.398, -1.802, 0.025
2017-04-20 10:11:01,771, 1492675861771513822, -0.566, -0.211, 0.156, 1.545, -2.161, 0.02
2017-04-20 10:11:01,774, 1492675861774554484, -0.499, -0.161, 0.351, 1.623, -2.136, 0.044
2017-04-20 10:11:01,776, 1492675861776355582, -0.274, -0.187, 0.504, 1.48, -1.931, 0.073
2017-04-20 10:11:01,777, 1492675861777530641, -0.195, -0.299, 0.571, 1.225, -1.805, 0.012
2017-04-20 10:11:01,779, 1492675861779496571, -0.19, -0.291, 0.556, 1.061, -1.738, 0.093
2017-04-20 10:11:01,781, 1492675861781524550, -0.448, -0.186, 0.448, 0.961, -2.088, -0.053
2017-04-20 10:11:01,783, 1492675861783505525, -0.62, -0.122, 0.317, 0.898, -2.301, -0.053
2017-04-20 10:11:01,786, 1492675861786516362, -0.502, -0.242, 0.336, 0.83, -2.199, -0.045
2017-04-20 10:11:01,794, 1492675861794363888, -0.427, -0.112, 0.329, 1.063, -2.383, -0.024
2017-04-20 10:11:01,795, 1492675861795526344, -0.541, -0.157, 0.356, 0.906, -2.393, 0.049
2017-04-20 10:11:01,797, 1492675861797507618, -0.518, -0.214, 0.401, 0.753, -2.341, 0.012
2017-04-20 10:11:01,799, 1492675861799497933, -0.427, -0.187, 0.344, 0.673, -2.363, 0.025
2017-04-20 10:11:01,801, 1492675861801524638, -0.317, -0.131, 0.441, 0.632, -2.08, -0.081
2017-04-20 10:11:01,803, 1492675861803551694, -0.352, -0.09, 0.506, 0.641, -2.167, -0.11
2017-04-20 10:11:01,807, 1492675861807161905, -0.491, -0.132, 0.386, 0.609, -2.42, -0.138
2017-04-20 10:11:01,813, 1492675861813412355, -0.324, -0.13, 0.51, 0.749, -2.054, -0.033
2017-04-20 10:11:01,814, 1492675861814524701, -0.391, -0.153, 0.409, 0.821, -2.117, -0.005
2017-04-20 10:11:01,820, 1492675861820549067, -0.407, -0.199, 0.379, 1.118, -2.026, -0.134
2017-04-20 10:11:01,822, 1492675861822352241, -0.332, -0.197, 0.337, 1.255, -1.933, -0.065
2017-04-20 10:11:01,824, 1492675861824529841, -0.298, -0.227, 0.322, 1.362, -1.815, 0.012
2017-04-20 10:11:01,828, 1492675861828519047, -0.338, -0.257, 0.199, 1.565, -1.825, 0.073
2017-04-20 10:11:01,830, 1492675861830359700, -0.327, -0.243, 0.161, 1.646, -1.799, 0.065
2017-04-20 10:11:01,831, 1492675861831499564, -0.313, -0.243, 0.192, 1.641, -1.742, 0.036
2017-04-20 10:11:01,832, 1492675861832515744, -0.288, -0.238, 0.213, 1.635, -1.682, 0.008
2017-04-20 10:11:01,834, 1492675861834491136, -0.275, -0.255, 0.237, 1.607, -1.588, 0.025
2017-04-20 10:11:01,836, 1492675861836421581, -0.268, -0.27, 0.173, 1.552, -1.568, 0.012
2017-04-20 10:11:01,838, 1492675861838411567, -0.29, -0.257, 0.107, 1.431, -1.512, 0.012
2017-04-20 10:11:01,845, 1492675861844849084, -0.305, -0.214, 0.103, 1.354, -1.484, 0.036
2017-04-20 10:11:01,846, 1492675861846517549, -0.217, -0.184, 0.126, 0.927, -1.201, -0.008
2017-04-20 10:11:01,848, 1492675861848547361, -0.214, -0.146, 0.14, 0.791, -1.143, -0.016
2017-04-20 10:11:01,850, 1492675861850487713, -0.196, -0.092, 0.091, 0.642, -1.06, -0.049
2017-04-20 10:11:01,853, 1492675861853147536, -0.207, -0.091, 0.059, 0.472, -1.003, -0.064
2017-04-20 10:11:01,854, 1492675861854479476, -0.205, -0.086, 0.094, 0.304, -0.956, 0.0
2017-04-20 10:11:01,856, 1492675861856513537, -0.185, -0.067, 0.101, 0.226, -0.879, 0.016
2017-04-20 10:11:01,858, 1492675861858481211, -0.142, -0.031, 0.094, 0.171, -0.773, -0.037
2017-04-20 10:11:01,860, 1492675861860518746, -0.133, -0.017, 0.073, 0.119, -0.738, -0.073
2017-04-20 10:11:01,862, 1492675861862489704, -0.152, -0.026, 0.107, 0.095, -0.73, -0.045
2017-04-20 10:11:01,869, 1492675861869550360, -0.146, -0.009, 0.045, 0.101, -0.596, 0.008
2017-04-20 10:11:01,871, 1492675861871326755, -0.137, -0.015, 0.042, 0.124, -0.588, 0.0
2017-04-20 10:11:01,873, 1492675861873419645, -0.155, -0.03, 0.053, 0.163, -0.583, -0.028
2017-04-20 10:11:01,875, 1492675861875437928, -0.145, -0.051, 0.051, 0.222, -0.577, -0.008
2017-04-20 10:11:01,880, 1492675861877563228, -0.144, -0.044, 0.014, 0.288, -0.583, 0.0
2017-04-20 10:11:01,881, 1492675861879532899, -0.138, -0.047, 0.012, 0.369, -0.597, -0.024
2017-04-20 10:11:01,881, 1492675861881578050, -0.134, -0.051, 0.018, 0.415, -0.61, -0.016
2017-04-20 10:11:01,883, 1492675861883393017, -0.125, -0.078, 0.009, 0.448, -0.628, 0.0
2017-04-20 10:11:01,885, 1492675861885429112, -0.126, -0.084, -0.032, 0.491, -0.647, -0.008
2017-04-20 10:11:01,887, 1492675861887373311, -0.124, -0.084, -0.017, 0.548, -0.692, -0.004
2017-04-20 10:11:01,889, 1492675861889458234, -0.141, -0.112, -0.023, 0.585, -0.753, 0.057
2017-04-20 10:11:01,891, 1492675861891410673, -0.124, -0.101, -0.053, 0.533, -0.749, 0.252
2017-04-20 10:11:01,893, 1492675861893410249, -0.158, -0.097, -0.057, 0.538, -0.797, 0.366
2017-04-20 10:11:01,895, 1492675861895464624, -0.15, -0.115, -0.022, 0.526, -0.778, 0.312
2017-04-20 10:11:01,897, 1492675861897442857, -0.159, -0.092, -0.028, 0.499, -0.755, 0.279
2017-04-20 10:11:01,899, 1492675861899502346, -0.159, -0.105, -0.092, 0.513, -0.698, 0.284
2017-04-20 10:11:01,901, 1492675861901437697, -0.163, -0.082, -0.05, 0.474, -0.676, 0.272
2017-04-20 10:11:01,903, 1492675861903389060, -0.176, -0.084, -0.021, 0.462, -0.642, 0.228
2017-04-20 10:11:01,906, 1492675861906404623, -0.16, -0.084, -0.019, 0.461, -0.569, 0.195
2017-04-20 10:11:01,914, 1492675861913920646, -0.142, -0.075, -0.042, 0.475, -0.537, 0.11
2017-04-20 10:11:01,915, 1492675861915653442, -0.113, -0.057, -0.061, 0.379, -0.529, 0.101
2017-04-20 10:11:01,917, 1492675861917537459, -0.105, -0.056, -0.052, 0.34, -0.534, 0.081
2017-04-20 10:11:01,919, 1492675861919558435, -0.114, -0.044, -0.065, 0.289, -0.554, 0.101
2017-04-20 10:11:01,921, 1492675861921518617, -0.102, -0.049, -0.059, 0.265, -0.565, 0.118
2017-04-20 10:11:01,923, 1492675861923514717, -0.104, -0.036, -0.059, 0.238, -0.553, 0.082
2017-04-20 10:11:01,925, 1492675861925519544, -0.114, -0.031, -0.034, 0.219, -0.553, 0.065
2017-04-20 10:11:01,927, 1492675861927513271, -0.101, -0.026, -0.095, 0.204, -0.535, 0.069
2017-04-20 10:11:01,929, 1492675861929476134, -0.106, -0.028, -0.09, 0.18, -0.51, 0.069
2017-04-20 10:11:01,931, 1492675861931513671, -0.11, -0.022, -0.012, 0.139, -0.491, 0.085
2017-04-20 10:11:01,933, 1492675861933487237, -0.128, -0.007, -0.014, 0.08, -0.49, 0.106
2017-04-20 10:11:01,935, 1492675861935523693, -0.149, -0.016, -0.13, 0.038, -0.5, 0.101
2017-04-20 10:11:01,937, 1492675861937491049, -0.149, -0.014, -0.042, 0.0, -0.505, 0.09
2017-04-20 10:11:01,939, 1492675861939529035, -0.14, 0.02, 0.048, -0.035, -0.502, 0.097
2017-04-20 10:11:01,941, 1492675861941462518, -0.122, -0.001, -0.053, -0.06, -0.489, 0.11
2017-04-20 10:11:01,943, 1492675861943610081, -0.139, -0.037, -0.14, -0.037, -0.533, 0.171
2017-04-20 10:11:01,948, 1492675861948592664, -0.153, -0.041, -0.006, 0.006, -0.597, 0.207
2017-04-20 10:11:01,950, 1492675861950474746, -0.099, -0.064, -0.168, 0.146, -0.534, 0.223
2017-04-20 10:11:01,952, 1492675861952500224, -0.121, -0.067, -0.079, 0.195, -0.57, 0.236
2017-04-20 10:11:01,954, 1492675861954489174, -0.135, -0.07, -0.015, 0.253, -0.59, 0.174
2017-04-20 10:11:01,956, 1492675861956433674, -0.107, -0.056, -0.135, 0.303, -0.533, 0.141
2017-04-20 10:11:01,958, 1492675861958481017, -0.109, -0.059, -0.161, 0.351, -0.495, 0.089
2017-04-20 10:11:01,960, 1492675861960462414, -0.105, -0.074, -0.026, 0.382, -0.495, 0.093
2017-04-20 10:11:01,962, 1492675861962449676, -0.111, -0.061, -0.016, 0.416, -0.48, 0.077
2017-04-20 10:11:01,964, 1492675861964442280, -0.101, -0.059, -0.137, 0.44, -0.445, 0.097
2017-04-20 10:11:01,966, 1492675861966450620, -0.097, -0.051, -0.108, 0.444, -0.436, 0.122
2017-04-20 10:11:01,968, 1492675861968435229, -0.101, -0.06, 0.004, 0.416, -0.451, 0.117
2017-04-20 10:11:01,970, 1492675861970490202, -0.097, -0.067, -0.034, 0.376, -0.438, 0.141
2017-04-20 10:11:01,976, 1492675861972429174, -0.091, -0.059, -0.112, 0.343, -0.41, 0.182
2017-04-20 10:11:01,978, 1492675861978467301, -0.1, -0.048, -0.073, 0.301, -0.401, 0.166
2017-04-20 10:11:01,980, 1492675861980503304, -0.094, -0.043, -0.052, 0.324, -0.379, 0.171
2017-04-20 10:11:01,982, 1492675861982336124, -0.115, -0.052, -0.006, 0.343, -0.397, 0.061
2017-04-20 10:11:01,984, 1492675861984346447, -0.113, -0.057, -0.023, 0.368, -0.416, -0.016
2017-04-20 10:11:01,986, 1492675861986351562, -0.111, -0.053, -0.09, 0.38, -0.414, 0.028
2017-04-20 10:11:01,988, 1492675861988393331, -0.109, -0.05, -0.058, 0.369, -0.437, 0.082
2017-04-20 10:11:01,990, 1492675861990363226, -0.116, -0.054, -0.03, 0.349, -0.49, 0.11
2017-04-20 10:11:01,992, 1492675861992489131, -0.116, -0.058, -0.086, 0.339, -0.525, 0.142
2017-04-20 10:11:01,994, 1492675861993715435, -0.117, -0.046, -0.115, 0.331, -0.555, 0.191
2017-04-20 10:11:01,997, 1492675861996970128, -0.133, -0.066, -0.08, 0.314, -0.608, 0.215
2017-04-20 10:11:01,998, 1492675861998495521, -0.134, -0.062, -0.1, 0.304, -0.628, 0.228
2017-04-20 10:11:02,000, 1492675862000307904, -0.122, -0.066, -0.103, 0.294, -0.622, 0.264
2017-04-20 10:11:02,002, 1492675862002399038, -0.128, -0.061, -0.101, 0.277, -0.614, 0.26
2017-04-20 10:11:02,004, 1492675862004470341, -0.132, -0.059, -0.082, 0.245, -0.614, 0.198
2017-04-20 10:11:02,005, 1492675862005565613, -0.129, -0.057, -0.107, 0.213, -0.597, 0.187
2017-04-20 10:11:02,009, 1492675862008397758, -0.131, -0.043, -0.075, 0.156, -0.554, 0.191
2017-04-20 10:11:02,013, 1492675862013386442, -0.13, -0.038, -0.063, 0.096, -0.523, 0.171
2017-04-20 10:11:02,017, 1492675862017358832, -0.11, -0.018, -0.046, -0.002, -0.437, 0.008
2017-04-20 10:11:02,019, 1492675862018523321, -0.092, -0.011, -0.061, -0.007, -0.41, -0.021
2017-04-20 10:11:02,020, 1492675862020511472, -0.083, -0.006, -0.062, -0.004, -0.4, 0.033
2017-04-20 10:11:02,022, 1492675862022538114, -0.089, -0.01, -0.059, -0.009, -0.408, 0.044
2017-04-20 10:11:02,028, 1492675862028483006, -0.116, -0.021, -0.068, -0.024, -0.434, 0.134
2017-04-20 10:11:02,029, 1492675862029528566, -0.103, -0.019, -0.067, -0.039, -0.441, 0.138
2017-04-20 10:11:02,032, 1492675862032585933, -0.111, -0.015, -0.057, -0.049, -0.451, 0.126
2017-04-20 10:11:02,034, 1492675862034541161, -0.118, -0.011, -0.08, -0.059, -0.457, 0.117
2017-04-20 10:11:02,036, 1492675862036319082, -0.114, -0.011, -0.079, -0.055, -0.467, 0.125
2017-04-20 10:11:02,039, 1492675862038408346, -0.117, -0.015, -0.073, -0.036, -0.48, 0.098
2017-04-20 10:11:02,040, 1492675862040414223, -0.12, -0.025, -0.088, -0.015, -0.483, 0.097
2017-04-20 10:11:02,043, 1492675862042544215, -0.114, -0.019, -0.086, 0.012, -0.495, 0.117
2017-04-20 10:11:02,045, 1492675862045517816, -0.127, -0.036, -0.082, 0.035, -0.523, 0.118
2017-04-20 10:11:02,052, 1492675862052540960, -0.122, -0.048, -0.075, 0.12, -0.56, 0.106
2017-04-20 10:11:02,054, 1492675862054518528, -0.129, -0.057, -0.097, 0.151, -0.562, 0.093
2017-04-20 10:11:02,056, 1492675862056490804, -0.139, -0.07, -0.087, 0.195, -0.568, 0.085
2017-04-20 10:11:02,058, 1492675862058454715, -0.15, -0.075, -0.097, 0.241, -0.596, 0.085
2017-04-20 10:11:02,060, 1492675862060541400, -0.184, -0.089, -0.098, 0.298, -0.64, 0.101
2017-04-20 10:11:02,062, 1492675862062586452, -0.211, -0.102, -0.137, 0.362, -0.702, 0.105
2017-04-20 10:11:02,064, 1492675862064518541, -0.209, -0.121, -0.134, 0.445, -0.749, 0.146
2017-04-20 10:11:02,066, 1492675862066438658, -0.202, -0.121, -0.141, 0.521, -0.77, 0.166
2017-04-20 10:11:02,068, 1492675862068507507, -0.237, -0.134, -0.158, 0.622, -0.848, 0.154
2017-04-20 10:11:02,070, 1492675862070422478, -0.265, -0.152, -0.18, 0.701, -0.94, 0.231
2017-04-20 10:11:02,072, 1492675862072431116, -0.296, -0.176, -0.216, 0.8, -1.054, 0.304
2017-04-20 10:11:02,075, 1492675862075706043, -0.309, -0.185, -0.218, 0.917, -1.157, 0.32
2017-04-20 10:11:02,078, 1492675862077535443, -0.31, -0.189, -0.24, 1.074, -1.254, 0.414
2017-04-20 10:11:02,079, 1492675862079494936, -0.319, -0.205, -0.265, 1.142, -1.363, 0.45
2017-04-20 10:11:02,080, 1492675862080549556, -0.335, -0.199, -0.276, 1.153, -1.408, 0.479
2017-04-20 10:11:02,083, 1492675862082886626, -0.326, -0.201, -0.298, 1.139, -1.431, 0.45
2017-04-20 10:11:02,084, 1492675862084534853, -0.346, -0.193, -0.292, 1.09, -1.488, 0.377
2017-04-20 10:11:02,086, 1492675862086491088, -0.311, -0.174, -0.309, 1.022, -1.457, 0.292
2017-04-20 10:11:02,091, 1492675862091488071, -0.304, -0.165, -0.275, 0.784, -1.409, 0.09
2017-04-20 10:11:02,092, 1492675862092495726, -0.304, -0.172, -0.284, 0.688, -1.358, 0.053
2017-04-20 10:11:02,095, 1492675862095343866, -0.286, -0.153, -0.306, 0.616, -1.303, -0.069
2017-04-20 10:11:02,097, 1492675862097402176, -0.276, -0.144, -0.274, 0.551, -1.254, -0.154
2017-04-20 10:11:02,099, 1492675862099541474, -0.301, -0.133, -0.257, 0.473, -1.228, -0.118
2017-04-20 10:11:02,101, 1492675862101372022, -0.319, -0.143, -0.29, 0.438, -1.254, 0.012
2017-04-20 10:11:02,103, 1492675862103377246, -0.3, -0.137, -0.304, 0.418, -1.206, 0.012
2017-04-20 10:11:02,105, 1492675862105352494, -0.318, -0.144, -0.279, 0.475, -1.193, 0.041
2017-04-20 10:11:02,107, 1492675862107521951, -0.316, -0.123, -0.222, 0.556, -1.2, 0.044
2017-04-20 10:11:02,109, 1492675862109532971, -0.319, -0.156, -0.331, 0.615, -1.2, 0.114
2017-04-20 10:11:02,111, 1492675862111385692, -0.343, -0.165, -0.393, 0.692, -1.29, 0.256
2017-04-20 10:11:02,116, 1492675862114821346, -0.356, -0.194, -0.315, 0.772, -1.293, 0.3
2017-04-20 10:11:02,117, 1492675862116614926, -0.325, -0.17, -0.411, 0.954, -1.312, 0.369
2017-04-20 10:11:02,118, 1492675862118523649, -0.329, -0.222, -0.443, 1.055, -1.327, 0.422
2017-04-20 10:11:02,120, 1492675862120362653, -0.38, -0.224, -0.387, 1.126, -1.442, 0.479
2017-04-20 10:11:02,121, 1492675862121522224, -0.344, -0.195, -0.299, 1.167, -1.381, 0.49
2017-04-20 10:11:02,122, 1492675862122485133, -0.321, -0.183, -0.344, 1.186, -1.274, 0.458
2017-04-20 10:11:02,125, 1492675862125444198, -0.266, -0.195, -0.48, 1.186, -1.155, 0.369
2017-04-20 10:11:02,127, 1492675862127499127, -0.321, -0.205, -0.375, 1.132, -1.202, 0.325
2017-04-20 10:11:02,129, 1492675862129305440, -0.332, -0.175, -0.289, 1.013, -1.059, 0.341
2017-04-20 10:11:02,131, 1492675862131365468, -0.318, -0.159, -0.479, 1.002, -1.031, 0.263
2017-04-20 10:11:02,133, 1492675862133342882, -0.361, -0.174, -0.438, 0.865, -0.912, 0.312
2017-04-20 10:11:02,135, 1492675862135343648, -0.404, -0.186, -0.285, 0.801, -0.996, 0.426
2017-04-20 10:11:02,137, 1492675862137317249, -0.386, -0.173, -0.336, 0.872, -1.049, 0.447
2017-04-20 10:11:02,139, 1492675862139380658, -0.348, -0.15, -0.425, 0.987, -0.961, 0.417
2017-04-20 10:11:02,145, 1492675862145498790, -0.197, -0.071, -0.461, 0.929, -0.939, 0.544
2017-04-20 10:11:02,149, 1492675862148729996, -0.201, -0.087, -0.48, 0.896, -0.852, 0.491
2017-04-20 10:11:02,154, 1492675862151417166, -0.271, -0.061, -0.306, 0.893, -0.898, 0.446
2017-04-20 10:11:02,154, 1492675862153653421, -0.25, -0.121, -0.488, 0.983, -0.79, 0.422
2017-04-20 10:11:02,155, 1492675862155559173, -0.144, -0.103, -0.337, 1.125, -0.678, 0.515
2017-04-20 10:11:02,157, 1492675862157758928, -0.035, -0.041, -0.129, 1.143, -0.427, 0.463
2017-04-20 10:11:02,159, 1492675862159521027, -0.03, -0.002, -0.198, 1.057, -0.324, 0.341
2017-04-20 10:11:02,161, 1492675862161495194, -0.088, -0.052, -0.441, 0.844, -0.252, 0.325
2017-04-20 10:11:02,163, 1492675862163494265, -0.195, -0.078, -0.337, 0.738, -0.293, 0.248
2017-04-20 10:11:02,165, 1492675862165518414, -0.229, -0.074, -0.173, 0.787, -0.437, 0.309
2017-04-20 10:11:02,167, 1492675862167483134, -0.111, -0.034, -0.35, 0.858, -0.243, 0.26
2017-04-20 10:11:02,169, 1492675862169503991, 0.054, -0.035, -0.43, 0.905, -0.029, 0.358
2017-04-20 10:11:02,171, 1492675862171492291, 0.075, -0.031, -0.147, 0.889, -0.018, 0.454
2017-04-20 10:11:02,173, 1492675862173512780, 0.042, -0.003, -0.05, 0.854, -0.03, 0.417
2017-04-20 10:11:02,175, 1492675862175749412, -0.04, 0.02, -0.383, 0.836, -0.051, 0.333
2017-04-20 10:11:02,184, 1492675862180738618, -0.097, 0.027, -0.431, 0.878, -0.1, 0.32
2017-04-20 10:11:02,185, 1492675862185522721, 0.204, 0.064, -0.107, 0.524, 0.339, 0.515
2017-04-20 10:11:02,187, 1492675862187369348, 0.075, 0.102, -0.106, 0.45, 0.192, 0.365
2017-04-20 10:11:02,189, 1492675862189375868, -0.078, 0.084, -0.395, 0.427, 0.131, 0.317
2017-04-20 10:11:02,191, 1492675862191380886, -0.074, 0.09, -0.469, 0.425, 0.044, 0.552
2017-04-20 10:11:02,194, 1492675862193643202, 0.114, 0.125, -0.111, 0.335, 0.353, 0.414
2017-04-20 10:11:02,197, 1492675862197534709, 0.328, 0.133, -0.231, 0.155, 0.834, 0.309
2017-04-20 10:11:02,199, 1492675862199306495, 0.167, 0.141, -0.162, 0.105, 0.694, 0.361
2017-04-20 10:11:02,200, 1492675862200532251, 0.015, 0.125, -0.13, 0.106, 0.467, 0.341
2017-04-20 10:11:02,202, 1492675862202268495, -0.053, 0.114, -0.271, 0.107, 0.432, 0.312
2017-04-20 10:11:02,203, 1492675862203536378, 0.029, 0.083, -0.474, 0.159, 0.48, 0.361
2017-04-20 10:11:02,205, 1492675862205429883, 0.191, 0.126, -0.341, 0.157, 0.637, 0.487
2017-04-20 10:11:02,209, 1492675862209562067, 0.448, 0.261, -0.08, -0.361, 1.097, 0.463
2017-04-20 10:11:02,211, 1492675862211421259, 0.372, 0.259, -0.238, -0.579, 1.085, 0.593
2017-04-20 10:11:02,220, 1492675862217147750, 0.131, 0.202, -0.168, -0.77, 0.825, 0.593
2017-04-20 10:11:02,221, 1492675862221593048, 0.489, 0.322, 0.172, -0.988, 1.374, 0.45
2017-04-20 10:11:02,223, 1492675862223513024, 0.442, 0.34, 0.03, -1.079, 1.315, 0.406
2017-04-20 10:11:02,225, 1492675862225432764, 0.318, 0.308, -0.275, -1.257, 1.331, 0.353
2017-04-20 10:11:02,227, 1492675862227632261, 0.252, 0.308, -0.162, -1.385, 1.265, 0.442
2017-04-20 10:11:02,229, 1492675862229474635, 0.251, 0.358, 0.02, -1.51, 1.266, 0.341
2017-04-20 10:11:02,231, 1492675862231461827, 0.322, 0.285, -0.149, -1.592, 1.395, 0.26
2017-04-20 10:11:02,233, 1492675862233835594, 0.32, 0.257, -0.228, -1.608, 1.316, 0.35
2017-04-20 10:11:02,235, 1492675862235517735, 0.323, 0.323, 0.005, -1.539, 1.291, 0.39
2017-04-20 10:11:02,241, 1492675862241477302, 0.413, 0.365, -0.101, -1.671, 1.53, 0.366
2017-04-20 10:11:02,242, 1492675862242532554, 0.414, 0.339, -0.081, -1.703, 1.581, 0.401
2017-04-20 10:11:02,245, 1492675862245322862, 0.425, 0.355, -0.254, -1.802, 1.698, 0.252
2017-04-20 10:11:02,253, 1492675862252799599, 0.381, 0.41, -0.174, -1.97, 1.697, 0.211
2017-04-20 10:11:02,254, 1492675862254437820, 0.436, 0.427, -0.123, -2.243, 1.861, 0.26
2017-04-20 10:11:02,256, 1492675862256509035, 0.426, 0.436, -0.087, -2.266, 1.79, 0.28
2017-04-20 10:11:02,258, 1492675862258511493, 0.431, 0.457, -0.147, -2.316, 1.909, 0.199
2017-04-20 10:11:02,261, 1492675862260542443, 0.414, 0.451, -0.16, -2.388, 1.93, 0.093
2017-04-20 10:11:02,262, 1492675862262501841, 0.399, 0.445, -0.06, -2.458, 1.94, 0.174
2017-04-20 10:11:02,264, 1492675862264521155, 0.444, 0.442, -0.135, -2.585, 2.065, 0.154
2017-04-20 10:11:02,266, 1492675862266743371, 0.438, 0.416, -0.177, -2.674, 2.123, 0.093
2017-04-20 10:11:02,268, 1492675862268592324, 0.423, 0.415, -0.082, -2.708, 2.134, 0.158
2017-04-20 10:11:02,270, 1492675862270484319, 0.406, 0.434, -0.11, -2.73, 2.159, 0.114
2017-04-20 10:11:02,272, 1492675862272521592, 0.383, 0.411, -0.217, -2.713, 2.197, 0.122
2017-04-20 10:11:02,274, 1492675862274485755, 0.388, 0.391, -0.205, -2.678, 2.247, 0.052
2017-04-20 10:11:02,276, 1492675862276519903, 0.369, 0.37, -0.136, -2.622, 2.288, 0.081
2017-04-20 10:11:02,278, 1492675862278479329, 0.377, 0.363, -0.191, -2.643, 2.336, 0.093
2017-04-20 10:11:02,281, 1492675862281126759, 0.329, 0.359, -0.23, -2.65, 2.342, 0.093
2017-04-20 10:11:02,282, 1492675862282505961, 0.291, 0.357, -0.204, -2.694, 2.34, 0.093
2017-04-20 10:11:02,288, 1492675862288385336, 0.293, 0.368, -0.242, -2.726, 2.353, 0.077
2017-04-20 10:11:02,290, 1492675862290491350, 0.322, 0.377, -0.249, -2.805, 2.387, 0.101
2017-04-20 10:11:02,291, 1492675862291517397, 0.312, 0.377, -0.262, -2.765, 2.333, 0.105
2017-04-20 10:11:02,293, 1492675862293496458, 0.333, 0.402, -0.258, -2.736, 2.332, 0.098
2017-04-20 10:11:02,295, 1492675862295522873, 0.352, 0.406, -0.27, -2.713, 2.309, 0.085
2017-04-20 10:11:02,301, 1492675862300547967, 0.34, 0.373, -0.217, -2.7, 2.244, 0.106
2017-04-20 10:11:02,302, 1492675862302442228, 0.308, 0.372, -0.261, -2.669, 2.197, 0.081
2017-04-20 10:11:02,304, 1492675862304468931, 0.292, 0.368, -0.269, -2.637, 2.165, 0.052
2017-04-20 10:11:02,306, 1492675862306449255, 0.288, 0.365, -0.223, -2.632, 2.154, 0.073
2017-04-20 10:11:02,308, 1492675862308435907, 0.307, 0.348, -0.215, -2.674, 2.173, 0.073
2017-04-20 10:11:02,310, 1492675862310466989, 0.312, 0.358, -0.189, -2.729, 2.197, 0.077
2017-04-20 10:11:02,320, 1492675862319119105, 0.296, 0.368, -0.157, -2.786, 2.208, 0.085
2017-04-20 10:11:02,321, 1492675862321540016, 0.257, 0.37, -0.167, -2.919, 2.088, 0.106
2017-04-20 10:11:02,323, 1492675862323444910, 0.258, 0.377, -0.158, -2.9, 2.068, 0.101
2017-04-20 10:11:02,325, 1492675862325510402, 0.267, 0.397, -0.141, -2.861, 2.037, 0.122
2017-04-20 10:11:02,327, 1492675862327360533, 0.256, 0.374, -0.169, -2.828, 2.009, 0.13
2017-04-20 10:11:02,328, 1492675862328524535, 0.254, 0.379, -0.169, -2.791, 1.971, 0.114
2017-04-20 10:11:02,330, 1492675862330740483, 0.246, 0.358, -0.135, -2.771, 1.943, 0.106
2017-04-20 10:11:02,332, 1492675862332544893, 0.232, 0.368, -0.15, -2.76, 1.921, 0.122
2017-04-20 10:11:02,334, 1492675862334486148, 0.219, 0.359, -0.157, -2.763, 1.891, 0.11
2017-04-20 10:11:02,336, 1492675862336558704, 0.217, 0.352, -0.133, -2.767, 1.857, 0.101
2017-04-20 10:11:02,338, 1492675862338472840, 0.207, 0.335, -0.131, -2.773, 1.825, 0.125
2017-04-20 10:11:02,340, 1492675862340527624, 0.192, 0.327, -0.162, -2.755, 1.807, 0.105
2017-04-20 10:11:02,342, 1492675862342494211, 0.175, 0.33, -0.164, -2.699, 1.782, 0.109
2017-04-20 10:11:02,344, 1492675862344501527, 0.162, 0.317, -0.146, -2.622, 1.779, 0.11
2017-04-20 10:11:02,346, 1492675862346481544, 0.163, 0.314, -0.153, -2.525, 1.798, 0.134
2017-04-20 10:11:02,348, 1492675862348536753, 0.171, 0.305, -0.136, -2.438, 1.814, 0.125
2017-04-20 10:11:02,350, 1492675862350481568, 0.183, 0.286, -0.125, -2.338, 1.823, 0.105
2017-04-20 10:11:02,353, 1492675862353572957, 0.183, 0.28, -0.142, -2.238, 1.813, 0.118
2017-04-20 10:11:02,355, 1492675862355515513, 0.177, 0.263, -0.126, -2.131, 1.768, 0.146
2017-04-20 10:11:02,357, 1492675862357332366, 0.18, 0.265, -0.123, -2.093, 1.74, 0.13
2017-04-20 10:11:02,358, 1492675862358506201, 0.183, 0.255, -0.149, -2.059, 1.711, 0.146
2017-04-20 10:11:02,360, 1492675862360542726, 0.191, 0.258, -0.137, -2.035, 1.694, 0.134
2017-04-20 10:11:02,362, 1492675862362468671, 0.205, 0.261, -0.111, -2.017, 1.676, 0.146
2017-04-20 10:11:02,364, 1492675862364533911, 0.196, 0.246, -0.106, -1.989, 1.665, 0.118
2017-04-20 10:11:02,366, 1492675862366501216, 0.208, 0.25, -0.108, -1.967, 1.635, 0.122
2017-04-20 10:11:02,368, 1492675862368512510, 0.185, 0.236, -0.097, -1.939, 1.608, 0.138
2017-04-20 10:11:02,370, 1492675862370484815, 0.183, 0.226, -0.143, -1.901, 1.605, 0.15
2017-04-20 10:11:02,372, 1492675862372480437, 0.19, 0.237, -0.086, -1.828, 1.606, 0.138
2017-04-20 10:11:02,374, 1492675862374473145, 0.209, 0.261, -0.011, -1.817, 1.638, 0.133
2017-04-20 10:11:02,376, 1492675862376525282, 0.18, 0.229, -0.114, -1.824, 1.636, 0.138
2017-04-20 10:11:02,378, 1492675862378660442, 0.142, 0.207, -0.078, -1.801, 1.576, 0.142
2017-04-20 10:11:02,380, 1492675862380515360, 0.161, 0.236, 0.017, -1.794, 1.549, 0.158
2017-04-20 10:11:02,382, 1492675862382482417, 0.171, 0.231, -0.087, -1.834, 1.58, 0.141
2017-04-20 10:11:02,384, 1492675862384540399, 0.156, 0.212, -0.105, -1.859, 1.556, 0.117
2017-04-20 10:11:02,386, 1492675862386502948, 0.135, 0.211, 0.024, -1.825, 1.47, 0.146
2017-04-20 10:11:02,393, 1492675862392766884, 0.154, 0.214, -0.06, -1.769, 1.467, 0.155
2017-04-20 10:11:02,395, 1492675862395413551, 0.142, 0.151, -0.09, -1.451, 1.453, 0.138
2017-04-20 10:11:02,396, 1492675862396539207, 0.147, 0.159, -0.159, -1.362, 1.472, 0.146
2017-04-20 10:11:02,398, 1492675862398449787, 0.165, 0.17, -0.127, -1.324, 1.488, 0.154
2017-04-20 10:11:02,400, 1492675862400518498, 0.159, 0.168, -0.081, -1.286, 1.471, 0.133
2017-04-20 10:11:02,402, 1492675862402448740, 0.159, 0.152, -0.13, -1.279, 1.456, 0.154
2017-04-20 10:11:02,404, 1492675862404511593, 0.153, 0.144, -0.136, -1.283, 1.428, 0.203
2017-04-20 10:11:02,406, 1492675862406430869, 0.164, 0.171, -0.111, -1.296, 1.401, 0.198
2017-04-20 10:11:02,409, 1492675862409064918, 0.152, 0.16, -0.147, -1.31, 1.371, 0.154
2017-04-20 10:11:02,410, 1492675862410474581, 0.155, 0.171, -0.127, -1.301, 1.325, 0.207
2017-04-20 10:11:02,412, 1492675862412514530, 0.151, 0.182, -0.103, -1.299, 1.331, 0.207
2017-04-20 10:11:02,417, 1492675862417507888, 0.155, 0.184, -0.079, -1.305, 1.325, 0.199
2017-04-20 10:11:02,419, 1492675862419363307, 0.138, 0.188, -0.062, -1.305, 1.328, 0.212
2017-04-20 10:11:02,425, 1492675862425029208, 0.157, 0.187, -0.074, -1.318, 1.338, 0.215
2017-04-20 10:11:02,426, 1492675862426500811, 0.145, 0.182, -0.06, -1.375, 1.28, 0.215
2017-04-20 10:11:02,428, 1492675862428478344, 0.133, 0.18, -0.057, -1.392, 1.272, 0.191
2017-04-20 10:11:02,430, 1492675862430532613, 0.143, 0.18, -0.04, -1.424, 1.262, 0.195
2017-04-20 10:11:02,432, 1492675862432493676, 0.14, 0.173, -0.026, -1.448, 1.261, 0.212
2017-04-20 10:11:02,434, 1492675862434690366, 0.148, 0.172, -0.056, -1.446, 1.251, 0.207
2017-04-20 10:11:02,436, 1492675862436491089, 0.143, 0.171, -0.05, -1.433, 1.252, 0.182
2017-04-20 10:11:02,438, 1492675862438521515, 0.139, 0.167, -0.064, -1.422, 1.237, 0.187
2017-04-20 10:11:02,440, 1492675862440506582, 0.121, 0.146, -0.07, -1.403, 1.22, 0.215
2017-04-20 10:11:02,442, 1492675862442501517, 0.126, 0.164, -0.07, -1.368, 1.223, 0.239
2017-04-20 10:11:02,444, 1492675862444646057, 0.14, 0.174, -0.071, -1.352, 1.224, 0.22
2017-04-20 10:11:02,446, 1492675862446504436, 0.133, 0.173, -0.096, -1.324, 1.22, 0.228
2017-04-20 10:11:02,448, 1492675862448479343, 0.127, 0.168, -0.099, -1.298, 1.212, 0.228
2017-04-20 10:11:02,450, 1492675862450493603, 0.135, 0.164, -0.093, -1.269, 1.201, 0.223
2017-04-20 10:11:02,458, 1492675862456691555, 0.138, 0.168, -0.119, -1.241, 1.203, 0.203