2017-04-20 10:09:18,156, 1492675758156140848, -0.004, 0.0, -0.019, 0.033, 0.013, 0.0
2017-04-20 10:09:18,158, 1492675758158076784, -0.003, 0.0, -0.002, 0.035, -0.01, 0.0
2017-04-20 10:09:18,160, 1492675758160427064, -0.016, 0.0, 0.0, 0.034, -0.038, -0.013
2017-04-20 10:09:18,163, 1492675758162968259, -0.016, 0.012, -0.003, 0.04, -0.065, -0.008
2017-04-20 10:09:18,169, 1492675758169242999, -0.02, 0.019, 0.002, 0.008, -0.117, 0.003
2017-04-20 10:09:18,171, 1492675758171029296, -0.018, 0.021, -0.007, -0.018, -0.129, 0.008
2017-04-20 10:09:18,173, 1492675758173075625, -0.013, 0.016, 0.006, -0.048, -0.147, -0.013
2017-04-20 10:09:18,175, 1492675758175038847, -0.023, 0.01, 0.009, -0.076, -0.149, -0.008
2017-04-20 10:09:18,177, 1492675758177126493, -0.013, 0.02, -0.001, -0.105, -0.147, -0.013
2017-04-20 10:09:18,179, 1492675758179069971, -0.011, 0.032, 0.009, -0.13, -0.151, -0.013
2017-04-20 10:09:18,191, 1492675758185595262, -0.013, 0.027, 0.017, -0.157, -0.151, -0.024
2017-04-20 10:09:18,191, 1492675758188162933, -0.02, 0.052, 0.015, -0.208, -0.118, -0.013
2017-04-20 10:09:18,191, 1492675758190005397, -0.027, 0.042, 0.006, -0.216, -0.114, -0.005
2017-04-20 10:09:18,191, 1492675758191067093, -0.022, 0.032, -0.001, -0.208, -0.104, 0.008
2017-04-20 10:09:18,195, 1492675758195211957, -0.027, 0.028, 0.01, -0.187, -0.087, -0.021
2017-04-20 10:09:18,197, 1492675758197099444, -0.013, 0.028, 0.006, -0.155, -0.075, 0.003
2017-04-20 10:09:18,199, 1492675758198933374, -0.013, 0.019, -0.005, -0.121, -0.064, -0.008
2017-04-20 10:09:18,200, 1492675758200126146, -0.018, 0.021, -0.013, -0.081, -0.061, -0.008
2017-04-20 10:09:18,202, 1492675758201958520, -0.012, 0.018, -0.025, -0.051, -0.06, -0.013
2017-04-20 10:09:18,203, 1492675758203069512, -0.004, 0.012, -0.024, -0.003, -0.046, -0.013
2017-04-20 10:09:18,205, 1492675758205260632, 0.002, 0.005, -0.041, 0.044, -0.038, 0.003
2017-04-20 10:09:18,207, 1492675758207082426, -0.013, -0.006, -0.037, 0.085, -0.025, 0.003
2017-04-20 10:09:18,209, 1492675758209108864, -0.001, -0.002, -0.022, 0.12, -0.011, 0.012
2017-04-20 10:09:18,211, 1492675758211066219, 0.011, -0.006, -0.026, 0.14, -0.001, 0.003
2017-04-20 10:09:18,221, 1492675758220983224, 0.011, -0.01, 0.0, 0.121, 0.061, 0.016
2017-04-20 10:09:18,222, 1492675758222055759, 0.0, 0.01, 0.008, 0.029, 0.116, 0.003
2017-04-20 10:09:18,225, 1492675758224926862, 0.013, 0.0, 0.001, -0.01, 0.135, 0.003
2017-04-20 10:09:18,227, 1492675758227057544, 0.017, 0.022, 0.001, -0.046, 0.15, 0.008
2017-04-20 10:09:18,228, 1492675758228123483, 0.023, 0.025, 0.003, -0.075, 0.163, 0.016
2017-04-20 10:09:18,230, 1492675758230063545, 0.029, 0.018, -0.014, -0.112, 0.178, 0.008
2017-04-20 10:09:18,232, 1492675758232083148, 0.031, 0.031, -0.014, -0.137, 0.188, -0.005
2017-04-20 10:09:18,236, 1492675758236070834, 0.047, 0.033, -0.063, -0.192, 0.21, 0.0
2017-04-20 10:09:18,237, 1492675758237083522, 0.049, 0.051, -0.076, -0.22, 0.233, 0.003
2017-04-20 10:09:18,238, 1492675758238901509, 0.056, 0.056, -0.072, -0.238, 0.245, 0.0
2017-04-20 10:09:18,241, 1492675758240949669, 0.051, 0.054, -0.089, -0.278, 0.251, -0.005
2017-04-20 10:09:18,242, 1492675758242064410, 0.039, 0.055, -0.123, -0.31, 0.265, -0.008
2017-04-20 10:09:18,244, 1492675758244082082, 0.033, 0.047, -0.124, -0.336, 0.255, -0.005
2017-04-20 10:09:18,246, 1492675758246066112, 0.035, 0.064, -0.11, -0.349, 0.256, 0.003
2017-04-20 10:09:18,248, 1492675758248097443, 0.032, 0.048, -0.122, -0.35, 0.27, -0.021
2017-04-20 10:09:18,258, 1492675758258733444, 0.034, 0.048, -0.129, -0.313, 0.241, -0.005
2017-04-20 10:09:18,260, 1492675758260109163, 0.046, 0.045, -0.146, -0.228, 0.18, 0.008
2017-04-20 10:09:18,262, 1492675758262058803, 0.039, 0.045, -0.155, -0.202, 0.158, 0.012
2017-04-20 10:09:18,264, 1492675758264067233, 0.043, 0.034, -0.14, -0.182, 0.131, 0.008
2017-04-20 10:09:18,266, 1492675758266050348, 0.028, 0.041, -0.14, -0.142, 0.088, 0.0
2017-04-20 10:09:18,268, 1492675758268103039, 0.018, 0.03, -0.155, -0.095, 0.048, -0.008
2017-04-20 10:09:18,270, 1492675758270087393, 0.014, 0.017, -0.14, -0.045, -0.001, -0.008
2017-04-20 10:09:18,272, 1492675758272080542, -0.001, 0.019, -0.145, 0.017, -0.044, 0.0
2017-04-20 10:09:18,274, 1492675758274068362, 0.035, 0.031, -0.128, 0.058, -0.07, -0.005
2017-04-20 10:09:18,276, 1492675758276102489, 0.017, 0.019, -0.13, 0.093, -0.099, 0.003
2017-04-20 10:09:18,278, 1492675758278034405, 0.002, -0.006, -0.134, 0.117, -0.145, -0.005
2017-04-20 10:09:18,280, 1492675758280095431, -0.008, 0.001, -0.126, 0.146, -0.199, -0.008
2017-04-20 10:09:18,283, 1492675758282144290, -0.008, 0.009, -0.113, 0.153, -0.212, -0.013
2017-04-20 10:09:18,285, 1492675758285415659, -0.003, 0.006, -0.114, 0.132, -0.218, -0.016
2017-04-20 10:09:18,291, 1492675758290950520, -0.017, -0.003, -0.114, 0.036, -0.232, -0.033
2017-04-20 10:09:18,292, 1492675758292105589, -0.023, 0.02, -0.12, 0.027, -0.223, -0.073
2017-04-20 10:09:18,294, 1492675758294068884, -0.022, 0.023, -0.137, 0.006, -0.213, -0.021
2017-04-20 10:09:18,296, 1492675758296084782, -0.001, 0.034, -0.149, -0.03, -0.175, -0.008
2017-04-20 10:09:18,298, 1492675758298084005, 0.015, 0.038, -0.145, -0.086, -0.129, -0.013
2017-04-20 10:09:18,300, 1492675758300163183, 0.027, 0.045, -0.139, -0.141, -0.102, 0.012
2017-04-20 10:09:18,302, 1492675758302074513, 0.017, 0.062, -0.181, -0.183, -0.067, 0.016
2017-04-20 10:09:18,304, 1492675758304116028, 0.007, 0.053, -0.159, -0.241, -0.025, -0.005
2017-04-20 10:09:18,306, 1492675758306044263, 0.015, 0.07, -0.16, -0.296, 0.031, -0.021
2017-04-20 10:09:18,308, 1492675758308073158, 0.045, 0.074, -0.174, -0.355, 0.117, -0.008
2017-04-20 10:09:18,310, 1492675758310058448, 0.062, 0.08, -0.166, -0.42, 0.205, -0.013
2017-04-20 10:09:18,312, 1492675758312081448, 0.047, 0.08, -0.174, -0.459, 0.24, -0.016
2017-04-20 10:09:18,315, 1492675758315110269, 0.037, 0.08, -0.182, -0.493, 0.295, -0.005
2017-04-20 10:09:18,323, 1492675758321079133, 0.039, 0.073, -0.171, -0.475, 0.34, 0.012
2017-04-20 10:09:18,323, 1492675758323089724, 0.085, 0.06, -0.153, -0.366, 0.503, 0.016
2017-04-20 10:09:18,325, 1492675758325078192, 0.06, 0.039, -0.179, -0.275, 0.475, 0.012
2017-04-20 10:09:18,327, 1492675758327056812, 0.055, 0.054, -0.172, -0.169, 0.49, 0.024
2017-04-20 10:09:18,329, 1492675758329093161, 0.085, 0.047, -0.169, -0.077, 0.504, 0.02
2017-04-20 10:09:18,331, 1492675758330977976, 0.086, 0.022, -0.152, -0.032, 0.503, 0.033
2017-04-20 10:09:18,333, 1492675758333032605, 0.096, -0.004, -0.167, 0.036, 0.468, 0.02
2017-04-20 10:09:18,335, 1492675758334999988, 0.098, 0.003, -0.166, 0.083, 0.477, 0.024
2017-04-20 10:09:18,337, 1492675758337015158, 0.097, 0.012, -0.193, 0.145, 0.422, -0.005
2017-04-20 10:09:18,339, 1492675758339050010, 0.066, 0.002, -0.183, 0.193, 0.358, 0.012
2017-04-20 10:09:18,345, 1492675758345091005, 0.079, -0.013, -0.157, 0.208, 0.258, 0.041
2017-04-20 10:09:18,346, 1492675758346851274, 0.106, 0.011, -0.134, 0.197, 0.279, 0.028
2017-04-20 10:09:18,349, 1492675758349099749, 0.076, 0.005, -0.169, 0.116, 0.232, -0.024
2017-04-20 10:09:18,350, 1492675758350884055, 0.054, 0.005, -0.166, 0.048, 0.176, 0.012
2017-04-20 10:09:18,357, 1492675758354856530, 0.034, 0.015, -0.157, -0.049, 0.174, 0.008
2017-04-20 10:09:18,358, 1492675758358089890, 0.057, 0.066, -0.124, -0.323, 0.216, -0.033
2017-04-20 10:09:18,360, 1492675758360083625, 0.033, 0.041, -0.16, -0.357, 0.16, -0.005
2017-04-20 10:09:18,362, 1492675758362113108, 0.008, 0.055, -0.182, -0.406, 0.133, -0.013
2017-04-20 10:09:18,364, 1492675758363912636, 0.04, 0.074, -0.134, -0.42, 0.16, -0.024
2017-04-20 10:09:18,366, 1492675758365965517, -0.005, 0.078, -0.167, -0.377, 0.085, -0.024
2017-04-20 10:09:18,368, 1492675758367950948, 0.012, 0.071, -0.194, -0.364, 0.082, -0.016
2017-04-20 10:09:18,369, 1492675758369914361, 0.017, 0.06, -0.163, -0.323, 0.051, -0.008
2017-04-20 10:09:18,378, 1492675758378018030, -0.015, 0.058, -0.169, -0.073, -0.181, -0.013
2017-04-20 10:09:18,379, 1492675758379058858, 0.01, 0.05, -0.131, -0.063, -0.177, -0.016
2017-04-20 10:09:18,388, 1492675758388715117, 0.026, 0.051, -0.126, -0.105, -0.163, -0.016
2017-04-20 10:09:18,394, 1492675758394084781, 0.016, 0.05, -0.069, -0.251, 0.011, 0.052
2017-04-20 10:09:18,395, 1492675758395914283, 0.026, 0.043, -0.196, -0.222, 0.067, -0.005
2017-04-20 10:09:18,398, 1492675758397932854, 0.026, 0.058, -0.15, -0.196, 0.117, 0.008
2017-04-20 10:09:18,400, 1492675758399939189, 0.007, 0.055, -0.067, -0.177, 0.112, 0.0
2017-04-20 10:09:18,402, 1492675758401922952, 0.016, 0.041, -0.11, -0.166, 0.193, -0.024
2017-04-20 10:09:18,404, 1492675758403979844, -0.012, 0.005, -0.163, -0.13, 0.133, -0.045
2017-04-20 10:09:18,406, 1492675758406044429, 0.001, 0.028, -0.023, -0.096, 0.135, 0.065
2017-04-20 10:09:18,408, 1492675758408113185, 0.066, 0.032, -0.045, -0.078, 0.207, 0.016
2017-04-20 10:09:18,410, 1492675758409916694, 0.073, 0.031, -0.083, -0.08, 0.265, -0.013
2017-04-20 10:09:18,412, 1492675758411985653, 0.031, -0.006, -0.022, -0.085, 0.159, 0.012
2017-04-20 10:09:18,414, 1492675758414039841, 0.026, -0.003, -0.017, -0.092, 0.237, 0.0
2017-04-20 10:09:18,416, 1492675758415935198, 0.032, -0.007, -0.13, -0.031, 0.194, -0.073
2017-04-20 10:09:18,420, 1492675758417932301, -0.009, 0.001, -0.075, 0.029, 0.202, -0.045
2017-04-20 10:09:18,423, 1492675758420083351, 0.039, 0.003, -0.035, 0.09, 0.228, -0.005
2017-04-20 10:09:18,426, 1492675758426121734, 0.018, -0.016, -0.073, 0.163, 0.192, 0.049
2017-04-20 10:09:18,428, 1492675758428098932, -0.033, -0.034, -0.057, 0.401, 0.0, 0.033
2017-04-20 10:09:18,430, 1492675758429984215, -0.044, -0.041, -0.116, 0.483, -0.104, 0.028
2017-04-20 10:09:18,432, 1492675758432028595, 0.016, -0.033, -0.038, 0.432, -0.062, 0.008
2017-04-20 10:09:18,434, 1492675758434068266, 0.042, -0.012, 0.016, 0.311, -0.079, 0.044
2017-04-20 10:09:18,436, 1492675758436040847, 0.037, -0.015, -0.085, 0.208, -0.149, -0.021
2017-04-20 10:09:18,438, 1492675758437978140, 0.011, -0.003, -0.04, 0.065, -0.138, -0.008
2017-04-20 10:09:18,440, 1492675758440011801, -0.052, 0.007, -0.028, -0.053, -0.253, -0.053
2017-04-20 10:09:18,442, 1492675758441992533, -0.055, 0.008, -0.045, -0.2, -0.207, -0.073
2017-04-20 10:09:18,444, 1492675758444103962, -0.042, -0.002, -0.043, -0.234, -0.229, -0.061
2017-04-20 10:09:18,446, 1492675758445967510, -0.048, 0.013, -0.024, -0.219, -0.253, -0.016
2017-04-20 10:09:18,448, 1492675758448017707, -0.045, 0.037, -0.011, -0.172, -0.258, -0.021
2017-04-20 10:09:18,450, 1492675758450079013, -0.088, 0.035, -0.033, -0.048, -0.353, -0.005
2017-04-20 10:09:18,452, 1492675758452073150, -0.127, -0.003, -0.062, 0.04, -0.451, -0.005
2017-04-20 10:09:18,454, 1492675758454085729, -0.098, 0.022, -0.022, 0.088, -0.488, 0.057
2017-04-20 10:09:18,456, 1492675758456107075, -0.07, 0.027, -0.014, 0.112, -0.501, -0.005
2017-04-20 10:09:18,460, 1492675758460362426, -0.032, 0.03, -0.038, 0.045, -0.447, -0.029
2017-04-20 10:09:18,462, 1492675758462084054, -0.081, 0.001, -0.02, -0.158, -0.553, -0.041
2017-04-20 10:09:18,464, 1492675758464071342, -0.069, 0.02, -0.096, -0.212, -0.569, -0.11
2017-04-20 10:09:18,466, 1492675758466074103, -0.086, 0.012, -0.066, -0.228, -0.541, -0.078
2017-04-20 10:09:18,468, 1492675758468149990, -0.051, 0.025, -0.026, -0.172, -0.493, -0.033
2017-04-20 10:09:18,470, 1492675758470098094, -0.037, 0.018, -0.074, -0.089, -0.461, -0.073
2017-04-20 10:09:18,472, 1492675758472054581, -0.054, -0.004, -0.032, 0.057, -0.431, 0.02
2017-04-20 10:09:18,474, 1492675758474053736, -0.083, -0.023, -0.056, 0.229, -0.476, -0.029
2017-04-20 10:09:18,476, 1492675758476059984, -0.085, 0.015, -0.073, 0.361, -0.439, 0.016
2017-04-20 10:09:18,478, 1492675758478094453, -0.046, 0.004, 0.007, 0.386, -0.308, 0.0
2017-04-20 10:09:18,480, 1492675758480077722, -0.025, -0.02, -0.016, 0.336, -0.277, 0.003
2017-04-20 10:09:18,482, 1492675758482067282, -0.02, -0.025, 0.018, 0.177, -0.189, 0.057
2017-04-20 10:09:18,484, 1492675758484804752, -0.03, -0.018, -0.008, 0.071, -0.16, 0.0
2017-04-20 10:09:18,486, 1492675758486086354, -0.079, 0.013, -0.009, -0.084, -0.112, -0.021
2017-04-20 10:09:18,488, 1492675758488106973, -0.062, -0.006, -0.008, -0.137, -0.072, -0.029
2017-04-20 10:09:18,494, 1492675758490724975, -0.045, -0.021, -0.006, -0.111, -0.018, -0.037
2017-04-20 10:09:18,495, 1492675758492083370, -0.033, -0.016, -0.002, -0.016, -0.021, 0.0
2017-04-20 10:09:18,495, 1492675758494081380, -0.011, -0.037, -0.004, 0.13, 0.024, -0.041
2017-04-20 10:09:18,496, 1492675758496073439, -0.027, -0.021, -0.045, 0.317, -0.054, -0.005
2017-04-20 10:09:18,498, 1492675758498664495, -0.043, -0.016, 0.015, 0.44, -0.089, 0.085
2017-04-20 10:09:18,500, 1492675758500052046, 0.003, -0.024, -0.021, 0.533, -0.051, 0.033
2017-04-20 10:09:18,502, 1492675758502079816, -0.003, -0.038, -0.044, 0.51, -0.085, 0.003
2017-04-20 10:09:18,504, 1492675758504074824, 0.005, -0.028, -0.004, 0.4, -0.076, 0.06
2017-04-20 10:09:18,506, 1492675758506111020, -0.023, -0.029, -0.051, 0.303, -0.163, -0.021
2017-04-20 10:09:18,509, 1492675758509022698, -0.018, -0.014, -0.036, 0.087, -0.051, -0.049
2017-04-20 10:09:18,511, 1492675758510917554, -0.024, -0.029, -0.025, -0.091, -0.09, -0.049
2017-04-20 10:09:18,512, 1492675758512061732, -0.05, -0.012, -0.048, -0.122, -0.161, -0.033
2017-04-20 10:09:18,514, 1492675758514170418, -0.018, -0.004, -0.04, -0.132, -0.129, -0.016
2017-04-20 10:09:18,516, 1492675758516052088, -0.043, -0.005, -0.028, -0.056, -0.182, -0.037
2017-04-20 10:09:18,521, 1492675758521104171, -0.049, -0.018, -0.03, 0.239, -0.282, 0.02
2017-04-20 10:09:18,523, 1492675758522909504, -0.029, 0.0, -0.012, 0.289, -0.255, 0.0
2017-04-20 10:09:18,525, 1492675758525194857, -0.055, -0.013, 0.005, 0.286, -0.327, 0.012
2017-04-20 10:09:18,527, 1492675758527029648, -0.076, -0.03, -0.023, 0.239, -0.333, 0.044
2017-04-20 10:09:18,529, 1492675758529095182, -0.078, -0.007, -0.05, 0.155, -0.375, 0.003
2017-04-20 10:09:18,531, 1492675758531029522, -0.088, 0.004, -0.025, 0.079, -0.402, -0.041
2017-04-20 10:09:18,533, 1492675758532956379, -0.093, -0.016, -0.029, 0.024, -0.402, -0.053
2017-04-20 10:09:18,535, 1492675758534938380, -0.091, -0.016, -0.066, 0.016, -0.5, -0.041
2017-04-20 10:09:18,537, 1492675758536990403, -0.074, -0.015, -0.017, 0.012, -0.478, -0.037
2017-04-20 10:09:18,539, 1492675758538958237, -0.096, -0.034, -0.026, 0.103, -0.583, -0.049
2017-04-20 10:09:18,541, 1492675758540960830, -0.091, 0.005, -0.054, 0.204, -0.638, -0.029
2017-04-20 10:09:18,543, 1492675758542936987, -0.079, 0.004, -0.018, 0.265, -0.601, -0.013
2017-04-20 10:09:18,545, 1492675758544922161, -0.028, 0.005, 0.006, 0.258, -0.573, -0.037
2017-04-20 10:09:18,547, 1492675758546961936, -0.066, 0.006, -0.021, 0.172, -0.601, -0.045
2017-04-20 10:09:18,549, 1492675758549076523, -0.104, -0.011, -0.038, 0.072, -0.583, -0.008
2017-04-20 10:09:18,551, 1492675758550930824, -0.112, -0.004, -0.041, -0.01, -0.579, -0.037
2017-04-20 10:09:18,560, 1492675758560599299, -0.104, 0.03, -0.029, -0.12, -0.506, -0.045
2017-04-20 10:09:18,562, 1492675758562070043, -0.086, 0.0, -0.008, 0.152, -0.442, -0.049
2017-04-20 10:09:18,564, 1492675758564230418, -0.069, -0.019, 0.009, 0.223, -0.432, -0.013
2017-04-20 10:09:18,566, 1492675758566010669, -0.057, -0.031, -0.007, 0.279, -0.423, 0.016
2017-04-20 10:09:18,568, 1492675758568737657, -0.076, -0.039, -0.027, 0.318, -0.424, 0.016
2017-04-20 10:09:18,570, 1492675758570260721, -0.069, -0.044, -0.018, 0.351, -0.371, 0.049
2017-04-20 10:09:18,572, 1492675758572130362, -0.077, -0.025, -0.069, 0.391, -0.386, -0.016
2017-04-20 10:09:18,574, 1492675758574074560, -0.06, -0.042, -0.047, 0.354, -0.298, -0.033
2017-04-20 10:09:18,576, 1492675758576064739, -0.082, -0.071, -0.035, 0.388, -0.368, -0.013
2017-04-20 10:09:18,578, 1492675758578041936, -0.061, -0.067, -0.038, 0.405, -0.317, -0.024
2017-04-20 10:09:18,585, 1492675758585065623, -0.013, -0.047, 0.02, 0.516, -0.292, 0.036
2017-04-20 10:09:18,586, 1492675758586174702, -0.035, -0.047, -0.022, 0.461, -0.334, 0.003
2017-04-20 10:09:18,589, 1492675758589000195, -0.029, -0.045, 0.001, 0.325, -0.259, -0.041
2017-04-20 10:09:18,593, 1492675758592585560, -0.067, -0.026, -0.02, 0.232, -0.314, -0.021
2017-04-20 10:09:18,597, 1492675758597119417, -0.093, -0.042, -0.033, 0.035, -0.34, -0.024
2017-04-20 10:09:18,599, 1492675758599132849, -0.094, -0.044, -0.019, 0.091, -0.299, 0.0
2017-04-20 10:09:18,601, 1492675758601046216, -0.083, -0.014, -0.043, 0.219, -0.331, -0.041
2017-04-20 10:09:18,603, 1492675758603063286, -0.096, -0.01, -0.013, 0.323, -0.454, -0.029
2017-04-20 10:09:18,610, 1492675758610248549, -0.068, -0.024, -0.019, 0.245, -0.501, -0.016
2017-04-20 10:09:18,612, 1492675758612005807, -0.098, -0.019, -0.01, 0.166, -0.555, -0.005
2017-04-20 10:09:18,614, 1492675758614062166, -0.108, -0.015, -0.071, 0.068, -0.582, -0.053
2017-04-20 10:09:18,616, 1492675758616056242, -0.103, -0.03, -0.058, 0.022, -0.56, -0.049
2017-04-20 10:09:18,618, 1492675758618100916, -0.112, -0.016, -0.057, 0.034, -0.626, -0.041
2017-04-20 10:09:18,627, 1492675758627015487, -0.084, -0.008, -0.01, 0.331, -0.645, 0.02
2017-04-20 10:09:18,629, 1492675758628938910, -0.084, -0.019, -0.059, 0.262, -0.595, -0.008
2017-04-20 10:09:18,631, 1492675758631064086, -0.079, -0.008, -0.038, 0.147, -0.564, 0.008
2017-04-20 10:09:18,634, 1492675758633058606, -0.11, -0.005, -0.038, 0.026, -0.57, -0.061
2017-04-20 10:09:18,634, 1492675758634912633, -0.126, -0.007, -0.07, -0.085, -0.479, -0.11
2017-04-20 10:09:18,637, 1492675758636982826, -0.126, -0.013, -0.084, -0.125, -0.514, -0.089
2017-04-20 10:09:18,638, 1492675758638920191, -0.132, -0.014, -0.023, -0.131, -0.475, -0.037
2017-04-20 10:09:18,641, 1492675758640959537, -0.111, -0.027, -0.041, -0.032, -0.486, -0.049
2017-04-20 10:09:18,643, 1492675758642934988, -0.119, -0.019, -0.044, 0.126, -0.522, -0.049
2017-04-20 10:09:18,645, 1492675758644945323, -0.096, -0.019, 0.008, 0.294, -0.521, 0.044
2017-04-20 10:09:18,647, 1492675758646930638, -0.064, -0.024, 0.01, 0.41, -0.536, 0.016
2017-04-20 10:09:18,650, 1492675758648990208, -0.076, -0.036, -0.037, 0.464, -0.48, -0.013
2017-04-20 10:09:18,651, 1492675758651201867, -0.093, -0.055, -0.026, 0.493, -0.549, 0.016
2017-04-20 10:09:18,653, 1492675758653035342, -0.095, -0.05, -0.029, 0.444, -0.531, -0.049
2017-04-20 10:09:18,655, 1492675758654955155, -0.097, -0.072, -0.053, 0.396, -0.484, -0.021
2017-04-20 10:09:18,657, 1492675758657002553, -0.117, -0.063, -0.066, 0.41, -0.58, -0.016
2017-04-20 10:09:18,659, 1492675758658944294, -0.121, -0.076, -0.019, 0.393, -0.523, 0.016
2017-04-20 10:09:18,662, 1492675758661090630, -0.108, -0.079, -0.046, 0.461, -0.597, 0.012
2017-04-20 10:09:18,664, 1492675758664064362, -0.089, -0.07, -0.022, 0.6, -0.629, 0.028
2017-04-20 10:09:18,666, 1492675758666318229, -0.036, -0.044, 0.01, 0.609, -0.572, 0.033
2017-04-20 10:09:18,668, 1492675758668045066, -0.066, -0.044, 0.013, 0.563, -0.57, -0.033
2017-04-20 10:09:18,669, 1492675758669093285, -0.099, -0.081, -0.016, 0.477, -0.589, -0.013
2017-04-20 10:09:18,671, 1492675758671037889, -0.102, -0.058, -0.029, 0.437, -0.6, 0.0
2017-04-20 10:09:18,673, 1492675758673074187, -0.11, -0.063, -0.021, 0.279, -0.491, -0.045
2017-04-20 10:09:18,675, 1492675758674945602, -0.121, -0.043, -0.013, 0.217, -0.519, -0.065
2017-04-20 10:09:18,677, 1492675758676986665, -0.155, -0.058, -0.027, 0.188, -0.553, -0.061
2017-04-20 10:09:18,679, 1492675758678932724, -0.1, -0.06, -0.024, 0.207, -0.423, 0.0
2017-04-20 10:09:18,681, 1492675758681419584, -0.114, -0.035, -0.026, 0.285, -0.523, -0.016
2017-04-20 10:09:18,683, 1492675758683064032, -0.126, -0.044, 0.022, 0.4, -0.579, -0.037
2017-04-20 10:09:18,685, 1492675758685090257, -0.098, -0.049, 0.02, 0.467, -0.534, -0.005
2017-04-20 10:09:18,687, 1492675758687018675, -0.075, -0.035, 0.015, 0.431, -0.52, 0.028
2017-04-20 10:09:18,689, 1492675758688968619, -0.103, -0.035, 0.029, 0.38, -0.564, 0.0
2017-04-20 10:09:18,691, 1492675758691188544, -0.121, -0.056, 0.022, 0.277, -0.592, 0.028
2017-04-20 10:09:18,693, 1492675758693111483, -0.139, -0.046, -0.005, 0.196, -0.602, -0.005
2017-04-20 10:09:18,695, 1492675758694915685, -0.151, -0.019, -0.019, 0.124, -0.622, -0.069
2017-04-20 10:09:18,700, 1492675758700331687, -0.147, -0.038, 0.009, 0.111, -0.631, -0.045
2017-04-20 10:09:18,702, 1492675758702053148, -0.143, -0.047, 0.051, 0.279, -0.742, 0.0
2017-04-20 10:09:18,704, 1492675758704174383, -0.145, -0.03, 0.036, 0.418, -0.868, -0.016
2017-04-20 10:09:18,706, 1492675758706039842, -0.153, -0.034, 0.051, 0.462, -0.91, -0.033
2017-04-20 10:09:18,708, 1492675758708079065, -0.128, -0.064, 0.085, 0.425, -0.842, 0.02
2017-04-20 10:09:18,710, 1492675758710087006, -0.13, -0.036, 0.063, 0.366, -0.923, -0.094
2017-04-20 10:09:18,712, 1492675758712133611, -0.147, -0.064, 0.104, 0.232, -0.857, -0.078
2017-04-20 10:09:18,714, 1492675758714066634, -0.191, -0.065, 0.061, 0.176, -0.939, -0.053
2017-04-20 10:09:18,716, 1492675758716085195, -0.228, -0.067, 0.053, 0.162, -0.968, -0.016
2017-04-20 10:09:18,718, 1492675758718056121, -0.168, -0.052, 0.068, 0.208, -0.891, -0.037
2017-04-20 10:09:18,720, 1492675758720100822, -0.175, -0.08, 0.081, 0.317, -0.929, -0.016
2017-04-20 10:09:18,722, 1492675758722063336, -0.176, -0.093, 0.109, 0.458, -0.964, -0.008
2017-04-20 10:09:18,724, 1492675758724080006, -0.218, -0.116, 0.085, 0.657, -1.066, -0.008
2017-04-20 10:09:18,726, 1492675758726105722, -0.208, -0.114, 0.06, 0.832, -1.083, -0.033
2017-04-20 10:09:18,728, 1492675758728041098, -0.194, -0.104, 0.106, 0.901, -1.078, -0.008
2017-04-20 10:09:18,734, 1492675758734035216, -0.204, -0.123, 0.083, 0.745, -1.102, 0.016
2017-04-20 10:09:18,735, 1492675758735093985, -0.203, -0.118, 0.079, 0.663, -1.113, -0.069
2017-04-20 10:09:18,737, 1492675758737893872, -0.223, -0.127, 0.102, 0.61, -1.111, -0.008
2017-04-20 10:09:18,740, 1492675758739976825, -0.211, -0.121, 0.053, 0.569, -1.066, -0.073
2017-04-20 10:09:18,742, 1492675758741861679, -0.193, -0.13, 0.065, 0.612, -1.078, -0.037
2017-04-20 10:09:18,744, 1492675758744139660, -0.219, -0.139, 0.059, 0.692, -1.132, -0.008
2017-04-20 10:09:18,746, 1492675758745923196, -0.205, -0.113, 0.059, 0.801, -1.12, 0.041
2017-04-20 10:09:18,748, 1492675758748339811, -0.196, -0.111, 0.03, 0.894, -1.148, 0.044
2017-04-20 10:09:18,750, 1492675758750062774, -0.218, -0.1, 0.04, 0.924, -1.175, 0.02
2017-04-20 10:09:18,751, 1492675758751075839, -0.219, -0.128, 0.066, 0.897, -1.199, -0.033
2017-04-20 10:09:18,754, 1492675758753955180, -0.187, -0.109, 0.076, 0.788, -1.138, 0.024
2017-04-20 10:09:18,756, 1492675758756028414, -0.191, -0.088, 0.078, 0.633, -1.113, -0.089
2017-04-20 10:09:18,758, 1492675758757967422, -0.183, -0.059, 0.08, 0.413, -1.078, -0.061
2017-04-20 10:09:18,759, 1492675758759895140, -0.185, -0.07, 0.076, 0.236, -1.018, -0.033
2017-04-20 10:09:18,761, 1492675758761846637, -0.201, -0.062, 0.1, 0.055, -0.993, 0.008
2017-04-20 10:09:18,764, 1492675758764069554, -0.213, -0.064, 0.118, -0.035, -0.962, -0.041
2017-04-20 10:09:18,766, 1492675758766082435, -0.181, -0.025, 0.057, 0.029, -0.875, -0.021
2017-04-20 10:09:18,768, 1492675758768001343, -0.153, -0.033, 0.059, 0.079, -0.843, -0.041
2017-04-20 10:09:18,770, 1492675758770015226, -0.178, -0.029, 0.13, 0.209, -0.836, -0.094
2017-04-20 10:09:18,772, 1492675758772087782, -0.181, -0.05, 0.111, 0.316, -0.831, -0.094
2017-04-20 10:09:18,773, 1492675758773863138, -0.199, -0.061, 0.065, 0.405, -0.846, -0.013
2017-04-20 10:09:18,776, 1492675758775919458, -0.197, -0.056, 0.074, 0.469, -0.834, 0.003
2017-04-20 10:09:18,777, 1492675758777897674, -0.214, -0.058, 0.117, 0.506, -0.91, 0.008
2017-04-20 10:09:18,780, 1492675758779968794, -0.207, -0.069, 0.098, 0.511, -0.963, 0.049
2017-04-20 10:09:18,781, 1492675758781872372, -0.181, -0.085, 0.078, 0.479, -0.925, 0.008
2017-04-20 10:09:18,784, 1492675758783927213, -0.161, -0.094, 0.13, 0.424, -0.951, -0.065
2017-04-20 10:09:18,785, 1492675758785859267, -0.159, -0.082, 0.15, 0.403, -0.996, -0.069
2017-04-20 10:09:18,788, 1492675758787934947, -0.197, -0.113, 0.089, 0.418, -1.039, -0.065
2017-04-20 10:09:18,790, 1492675758789879828, -0.21, -0.136, 0.063, 0.471, -1.066, 0.003
2017-04-20 10:09:18,791, 1492675758791871658, -0.174, -0.106, 0.088, 0.595, -1.059, -0.005
2017-04-20 10:09:18,793, 1492675758793874283, -0.159, -0.118, 0.111, 0.729, -1.015, 0.016
2017-04-20 10:09:18,796, 1492675758796099375, -0.174, -0.136, 0.075, 0.887, -1.01, 0.024
2017-04-20 10:09:18,801, 1492675758801221153, -0.182, -0.145, 0.063, 1.0, -1.0, -0.016
2017-04-20 10:09:18,803, 1492675758803063751, -0.205, -0.157, 0.045, 1.088, -0.982, -0.005
2017-04-20 10:09:18,805, 1492675758805055563, -0.187, -0.141, 0.075, 1.01, -0.969, 0.081
2017-04-20 10:09:18,807, 1492675758807082715, -0.203, -0.144, 0.096, 0.908, -1.032, 0.065
2017-04-20 10:09:18,809, 1492675758809021334, -0.198, -0.136, 0.094, 0.796, -1.01, 0.065
2017-04-20 10:09:18,811, 1492675758811073589, -0.219, -0.131, 0.059, 0.716, -1.087, 0.02
2017-04-20 10:09:18,813, 1492675758813051135, -0.218, -0.123, 0.08, 0.609, -1.077, -0.033
2017-04-20 10:09:18,815, 1492675758815049279, -0.205, -0.125, 0.097, 0.577, -1.101, -0.081
2017-04-20 10:09:18,817, 1492675758817062527, -0.205, -0.122, 0.08, 0.551, -1.141, -0.049
2017-04-20 10:09:18,819, 1492675758819097410, -0.232, -0.115, 0.08, 0.578, -1.226, -0.037
2017-04-20 10:09:18,826, 1492675758826107141, -0.212, -0.085, 0.111, 0.674, -1.337, -0.008
2017-04-20 10:09:18,828, 1492675758828185813, -0.206, -0.087, 0.105, 0.624, -1.359, -0.057
2017-04-20 10:09:18,830, 1492675758830026321, -0.224, -0.084, 0.086, 0.523, -1.401, -0.065
2017-04-20 10:09:18,834, 1492675758834161001, -0.234, -0.069, 0.119, 0.23, -1.366, -0.069
2017-04-20 10:09:18,837, 1492675758837053533, -0.219, -0.064, 0.117, 0.179, -1.348, -0.037
2017-04-20 10:09:18,839, 1492675758839091292, -0.229, -0.069, 0.089, 0.156, -1.272, -0.045
2017-04-20 10:09:18,841, 1492675758840938854, -0.237, -0.066, 0.084, 0.187, -1.267, -0.078
2017-04-20 10:09:18,842, 1492675758842092861, -0.236, -0.06, 0.07, 0.286, -1.243, -0.081
2017-04-20 10:09:18,844, 1492675758844059553, -0.24, -0.084, 0.077, 0.401, -1.204, -0.049
2017-04-20 10:09:18,846, 1492675758846225697, -0.224, -0.079, 0.061, 0.525, -1.163, -0.029
2017-04-20 10:09:18,848, 1492675758848010376, -0.191, -0.094, 0.047, 0.645, -1.108, -0.005
2017-04-20 10:09:18,850, 1492675758850074051, -0.204, -0.101, 0.025, 0.755, -1.094, 0.028
2017-04-20 10:09:18,852, 1492675758852052148, -0.191, -0.101, 0.032, 0.812, -1.075, 0.052
2017-04-20 10:09:18,854, 1492675758854074773, -0.183, -0.104, 0.014, 0.802, -1.025, 0.008
2017-04-20 10:09:18,856, 1492675758856010188, -0.17, -0.111, 0.005, 0.768, -0.979, 0.003
2017-04-20 10:09:18,858, 1492675758858020997, -0.159, -0.119, -0.004, 0.693, -0.922, -0.029
2017-04-20 10:09:18,860, 1492675758860041699, -0.154, -0.108, 0.006, 0.628, -0.873, -0.049
2017-04-20 10:09:18,862, 1492675758862072746, -0.153, -0.104, -0.009, 0.572, -0.837, -0.045
2017-04-20 10:09:18,865, 1492675758864214073, -0.147, -0.107, -0.011, 0.537, -0.802, -0.037
2017-04-20 10:09:18,870, 1492675758870544351, -0.151, -0.103, -0.017, 0.545, -0.771, -0.008
2017-04-20 10:09:18,872, 1492675758872077165, -0.137, -0.085, -0.009, 0.664, -0.649, -0.005
2017-04-20 10:09:18,874, 1492675758874067923, -0.141, -0.085, 0.012, 0.659, -0.634, -0.024
2017-04-20 10:09:18,876, 1492675758876076861, -0.146, -0.086, 0.019, 0.627, -0.621, -0.021
2017-04-20 10:09:18,878, 1492675758878083657, -0.13, -0.087, -0.013, 0.565, -0.599, -0.005
2017-04-20 10:09:18,880, 1492675758880031779, -0.122, -0.076, 0.002, 0.487, -0.599, 0.003
2017-04-20 10:09:18,882, 1492675758882055046, -0.134, -0.064, 0.019, 0.414, -0.607, -0.016
2017-04-20 10:09:18,884, 1492675758884065010, -0.118, -0.053, 0.013, 0.345, -0.612, -0.005
2017-04-20 10:09:18,886, 1492675758886064236, -0.11, -0.062, -0.012, 0.294, -0.623, -0.029
2017-04-20 10:09:18,888, 1492675758888046458, -0.12, -0.056, 0.001, 0.295, -0.646, -0.045
2017-04-20 10:09:18,890, 1492675758890076821, -0.12, -0.055, 0.013, 0.321, -0.66, -0.029
2017-04-20 10:09:18,892, 1492675758892077106, -0.126, -0.048, -0.015, 0.363, -0.679, -0.024
2017-04-20 10:09:18,894, 1492675758894087052, -0.134, -0.061, -0.035, 0.415, -0.716, -0.021
2017-04-20 10:09:18,897, 1492675758897065191, -0.133, -0.057, -0.023, 0.461, -0.748, -0.005
2017-04-20 10:09:18,899, 1492675758899119161, -0.141, -0.061, -0.029, 0.492, -0.784, -0.005
2017-04-20 10:09:18,901, 1492675758901179347, -0.145, -0.054, -0.04, 0.48, -0.806, -0.016
2017-04-20 10:09:18,907, 1492675758906939062, -0.152, -0.054, -0.059, 0.44, -0.828, 0.016
2017-04-20 10:09:18,908, 1492675758908049797, -0.17, -0.055, -0.062, 0.254, -0.857, 0.122
2017-04-20 10:09:18,910, 1492675758910094174, -0.166, -0.041, -0.062, 0.228, -0.857, 0.069
2017-04-20 10:09:18,912, 1492675758912101723, -0.159, -0.049, -0.059, 0.233, -0.845, 0.049
2017-04-20 10:09:18,915, 1492675758914973802, -0.165, -0.039, -0.057, 0.242, -0.827, 0.069
2017-04-20 10:09:18,916, 1492675758916120584, -0.165, -0.053, -0.055, 0.264, -0.811, 0.073
2017-04-20 10:09:18,918, 1492675758918094882, -0.162, -0.042, -0.073, 0.299, -0.783, 0.081
2017-04-20 10:09:18,920, 1492675758920005831, -0.148, -0.05, -0.062, 0.328, -0.756, 0.065
2017-04-20 10:09:18,922, 1492675758922037990, -0.132, -0.057, -0.057, 0.34, -0.739, 0.044
2017-04-20 10:09:18,932, 1492675758932314903, -0.135, -0.064, -0.056, 0.334, -0.658, 0.0
2017-04-20 10:09:18,934, 1492675758934121123, -0.126, -0.051, -0.051, 0.321, -0.632, 0.008
2017-04-20 10:09:18,936, 1492675758936045081, -0.11, -0.049, -0.048, 0.345, -0.622, -0.016
2017-04-20 10:09:18,938, 1492675758938074198, -0.11, -0.062, -0.055, 0.37, -0.618, -0.021
2017-04-20 10:09:18,940, 1492675758940025148, -0.108, -0.064, -0.078, 0.4, -0.597, -0.013
2017-04-20 10:09:18,942, 1492675758942089748, -0.106, -0.057, -0.064, 0.432, -0.579, -0.016
2017-04-20 10:09:18,944, 1492675758944049927, -0.093, -0.076, -0.04, 0.454, -0.576, -0.021
2017-04-20 10:09:18,946, 1492675758946083828, -0.115, -0.052, -0.033, 0.465, -0.578, -0.005
2017-04-20 10:09:18,948, 1492675758948044276, -0.134, -0.059, -0.078, 0.456, -0.602, -0.008
2017-04-20 10:09:18,950, 1492675758950062299, -0.116, -0.065, -0.04, 0.44, -0.592, -0.008
2017-04-20 10:09:18,952, 1492675758952108586, -0.106, -0.048, -0.006, 0.404, -0.584, 0.003
2017-04-20 10:09:18,954, 1492675758954128440, -0.119, -0.058, -0.034, 0.37, -0.596, 0.016
2017-04-20 10:09:18,956, 1492675758956030886, -0.121, -0.065, -0.078, 0.365, -0.613, 0.044
2017-04-20 10:09:18,958, 1492675758958084764, -0.142, -0.061, -0.008, 0.37, -0.659, 0.044
2017-04-20 10:09:18,960, 1492675758960028474, -0.128, -0.054, -0.003, 0.379, -0.657, 0.044
2017-04-20 10:09:18,962, 1492675758962073620, -0.109, -0.059, -0.088, 0.414, -0.639, 0.109
2017-04-20 10:09:18,964, 1492675758964056402, -0.121, -0.075, -0.055, 0.454, -0.673, 0.117
2017-04-20 10:09:18,966, 1492675758966091319, -0.153, -0.068, -0.019, 0.5, -0.711, 0.085
2017-04-20 10:09:18,968, 1492675758968094085, -0.148, -0.073, -0.069, 0.528, -0.707, 0.114
2017-04-20 10:09:18,971, 1492675758971057370, -0.134, -0.066, -0.13, 0.543, -0.699, 0.122
2017-04-20 10:09:18,973, 1492675758972937814, -0.14, -0.074, -0.045, 0.532, -0.707, 0.109
2017-04-20 10:09:18,974, 1492675758974081110, -0.143, -0.075, -0.041, 0.511, -0.709, 0.114
2017-04-20 10:09:18,976, 1492675758976070252, -0.134, -0.067, -0.097, 0.491, -0.704, 0.101
2017-04-20 10:09:18,978, 1492675758978058589, -0.141, -0.065, -0.126, 0.461, -0.696, 0.101
2017-04-20 10:09:18,980, 1492675758980060838, -0.129, -0.064, -0.058, 0.424, -0.69, 0.077
2017-04-20 10:09:18,982, 1492675758982091839, -0.132, -0.064, -0.038, 0.381, -0.672, 0.041
2017-04-20 10:09:18,984, 1492675758984061495, -0.114, -0.053, -0.106, 0.36, -0.643, 0.044
2017-04-20 10:09:18,986, 1492675758986079450, -0.129, -0.057, -0.067, 0.354, -0.646, 0.02
2017-04-20 10:09:18,988, 1492675758988038619, -0.136, -0.043, -0.026, 0.349, -0.656, -0.016
2017-04-20 10:09:18,990, 1492675758990064663, -0.119, -0.054, -0.045, 0.354, -0.626, -0.016
2017-04-20 10:09:18,992, 1492675758992092451, -0.111, -0.054, -0.068, 0.35, -0.599, 0.008
2017-04-20 10:09:18,994, 1492675758994065971, -0.114, -0.048, -0.017, 0.343, -0.617, -0.021
2017-04-20 10:09:18,996, 1492675758996056331, -0.13, -0.055, -0.016, 0.339, -0.634, -0.045
2017-04-20 10:09:19,001, 1492675758998108345, -0.128, -0.046, -0.058, 0.335, -0.63, -0.005
2017-04-20 10:09:19,003, 1492675759003020008, -0.114, -0.04, -0.041, 0.319, -0.622, -0.021
2017-04-20 10:09:19,007, 1492675759007114423, -0.122, -0.051, -0.078, 0.328, -0.674, 0.041
2017-04-20 10:09:19,009, 1492675759008914092, -0.126, -0.052, -0.062, 0.335, -0.679, 0.016
2017-04-20 10:09:19,011, 1492675759010987597, -0.118, -0.052, -0.072, 0.335, -0.679, 0.041
2017-04-20 10:09:19,013, 1492675759012975068, -0.118, -0.059, -0.095, 0.328, -0.679, 0.065
2017-04-20 10:09:19,016, 1492675759015948301, -0.13, -0.058, -0.083, 0.313, -0.689, 0.057
2017-04-20 10:09:19,017, 1492675759017067530, -0.142, -0.048, -0.074, 0.284, -0.697, 0.049
2017-04-20 10:09:19,019, 1492675759018988716, -0.143, -0.044, -0.078, 0.269, -0.689, 0.069
2017-04-20 10:09:19,021, 1492675759020926144, -0.14, -0.053, -0.077, 0.254, -0.677, 0.044
2017-04-20 10:09:19,023, 1492675759022962408, -0.135, -0.041, -0.056, 0.247, -0.679, 0.041
2017-04-20 10:09:19,025, 1492675759024973132, -0.137, -0.046, -0.069, 0.245, -0.68, 0.016
2017-04-20 10:09:19,027, 1492675759026985812, -0.13, -0.039, -0.069, 0.255, -0.684, 0.052
2017-04-20 10:09:19,029, 1492675759028968672, -0.136, -0.039, -0.068, 0.259, -0.672, 0.028
2017-04-20 10:09:19,031, 1492675759031102126, -0.118, -0.038, -0.051, 0.257, -0.673, 0.024
2017-04-20 10:09:19,036, 1492675759036327930, -0.129, -0.046, -0.063, 0.257, -0.67, 0.024
2017-04-20 10:09:19,038, 1492675759038127515, -0.122, -0.037, -0.052, 0.247, -0.684, 0.003
2017-04-20 10:09:19,040, 1492675759040052354, -0.126, -0.041, -0.058, 0.243, -0.673, 0.008
2017-04-20 10:09:19,042, 1492675759042127010, -0.131, -0.033, -0.052, 0.255, -0.678, 0.024
2017-04-20 10:09:19,049, 1492675759049205150, -0.134, -0.062, -0.071, 0.339, -0.7, 0.028
2017-04-20 10:09:19,051, 1492675759051066062, -0.151, -0.064, -0.063, 0.371, -0.715, 0.036
2017-04-20 10:09:19,053, 1492675759052999472, -0.146, -0.068, -0.069, 0.386, -0.728, 0.033
2017-04-20 10:09:19,055, 1492675759055068933, -0.146, -0.058, -0.098, 0.404, -0.743, 0.024
2017-04-20 10:09:19,057, 1492675759057033987, -0.151, -0.071, -0.083, 0.421, -0.771, 0.041
2017-04-20 10:09:19,059, 1492675759059046931, -0.171, -0.085, -0.091, 0.444, -0.801, 0.036
2017-04-20 10:09:19,061, 1492675759061051893, -0.171, -0.09, -0.091, 0.477, -0.829, 0.049
2017-04-20 10:09:19,063, 1492675759063061515, -0.17, -0.093, -0.113, 0.526, -0.861, 0.041
2017-04-20 10:09:19,065, 1492675759064981582, -0.192, -0.103, -0.093, 0.584, -0.91, 0.036
2017-04-20 10:09:19,067, 1492675759067060799, -0.191, -0.106, -0.099, 0.642, -0.937, 0.041
2017-04-20 10:09:19,069, 1492675759069096425, -0.18, -0.102, -0.105, 0.683, -0.952, 0.02
2017-04-20 10:09:19,075, 1492675759075110391, -0.205, -0.12, -0.106, 0.718, -1.032, -0.037
2017-04-20 10:09:19,077, 1492675759077013428, -0.215, -0.116, -0.108, 0.713, -1.103, -0.037
2017-04-20 10:09:19,082, 1492675759082139246, -0.199, -0.115, -0.116, 0.675, -1.182, 0.028
2017-04-20 10:09:19,084, 1492675759083946694, -0.212, -0.112, -0.122, 0.665, -1.213, 0.044
2017-04-20 10:09:19,086, 1492675759086032885, -0.218, -0.104, -0.113, 0.651, -1.234, 0.049
2017-04-20 10:09:19,088, 1492675759087976791, -0.222, -0.109, -0.123, 0.631, -1.246, -0.013
2017-04-20 10:09:19,090, 1492675759089998642, -0.211, -0.099, -0.125, 0.604, -1.233, -0.041
2017-04-20 10:09:19,092, 1492675759092010624, -0.189, -0.087, -0.118, 0.554, -1.199, -0.029
2017-04-20 10:09:19,094, 1492675759094080991, -0.202, -0.069, -0.108, 0.465, -1.172, -0.021
2017-04-20 10:09:19,096, 1492675759096034174, -0.212, -0.071, -0.119, 0.391, -1.155, -0.024
2017-04-20 10:09:19,098, 1492675759098042915, -0.213, -0.069, -0.13, 0.324, -1.127, -0.005
2017-04-20 10:09:19,100, 1492675759099972036, -0.193, -0.064, -0.128, 0.257, -1.06, -0.021
2017-04-20 10:09:19,102, 1492675759102035351, -0.183, -0.043, -0.127, 0.203, -0.985, -0.049
2017-04-20 10:09:19,104, 1492675759104147091, -0.18, -0.046, -0.126, 0.165, -0.926, -0.078
2017-04-20 10:09:19,108, 1492675759108302621, -0.181, -0.061, -0.126, 0.152, -0.885, -0.049
2017-04-20 10:09:19,110, 1492675759110033981, -0.176, -0.038, -0.126, 0.147, -0.761, -0.016
2017-04-20 10:09:19,112, 1492675759112162258, -0.154, -0.036, -0.122, 0.155, -0.705, 0.02
2017-04-20 10:09:19,114, 1492675759114023557, -0.144, -0.038, -0.127, 0.177, -0.641, 0.044
2017-04-20 10:09:19,116, 1492675759116086820, -0.131, -0.043, -0.135, 0.215, -0.607, 0.02
2017-04-20 10:09:19,118, 1492675759118059853, -0.128, -0.044, -0.141, 0.257, -0.535, -0.037
2017-04-20 10:09:19,120, 1492675759120234489, -0.131, -0.056, -0.122, 0.308, -0.503, -0.041
2017-04-20 10:09:19,122, 1492675759122036751, -0.119, -0.075, -0.135, 0.34, -0.46, -0.049
2017-04-20 10:09:19,124, 1492675759124076299, -0.115, -0.09, -0.137, 0.378, -0.424, -0.029
2017-04-20 10:09:19,126, 1492675759126074259, -0.132, -0.098, -0.134, 0.449, -0.436, 0.041
2017-04-20 10:09:19,128, 1492675759128052886, -0.14, -0.094, -0.141, 0.537, -0.453, 0.036
2017-04-20 10:09:19,130, 1492675759130046358, -0.139, -0.099, -0.14, 0.639, -0.459, 0.06
2017-04-20 10:09:19,132, 1492675759132103245, -0.125, -0.118, -0.119, 0.735, -0.441, 0.065
2017-04-20 10:09:19,134, 1492675759134023468, -0.116, -0.119, -0.126, 0.807, -0.441, -0.024
2017-04-20 10:09:19,136, 1492675759136060862, -0.133, -0.133, -0.114, 0.854, -0.496, -0.049
2017-04-20 10:09:19,140, 1492675759140074794, -0.178, -0.141, -0.152, 0.932, -0.67, 0.024
2017-04-20 10:09:19,142, 1492675759141908921, -0.175, -0.144, -0.127, 0.94, -0.713, 0.008
2017-04-20 10:09:19,143, 1492675759143045890, -0.134, -0.118, -0.112, 0.918, -0.739, 0.016
2017-04-20 10:09:19,144, 1492675759144066369, -0.147, -0.15, -0.123, 0.888, -0.781, 0.105
2017-04-20 10:09:19,146, 1492675759146084109, -0.197, -0.167, -0.158, 0.812, -0.889, 0.328
2017-04-20 10:09:19,148, 1492675759148090713, -0.2, -0.129, -0.154, 0.708, -0.963, 0.576
2017-04-20 10:09:19,150, 1492675759150049756, -0.268, -0.122, -0.178, 0.706, -1.08, 0.625
2017-04-20 10:09:19,158, 1492675759158109769, -0.259, -0.088, -0.148, 0.69, -0.967, 0.528
2017-04-20 10:09:19,160, 1492675759160061220, -0.248, -0.077, -0.167, 0.677, -0.888, 0.381
2017-04-20 10:09:19,162, 1492675759161989163, -0.235, -0.063, -0.17, 0.61, -0.815, 0.268
2017-04-20 10:09:19,164, 1492675759163949098, -0.209, -0.024, -0.127, 0.514, -0.725, 0.369
2017-04-20 10:09:19,166, 1492675759165978902, -0.163, -0.036, -0.161, 0.431, -0.641, 0.349
2017-04-20 10:09:19,168, 1492675759167999200, -0.126, -0.025, -0.177, 0.326, -0.497, 0.203
2017-04-20 10:09:19,178, 1492675759178103334, -0.091, -0.021, -0.238, 0.229, -0.352, 0.13
2017-04-20 10:09:19,180, 1492675759180069584, -0.058, -0.019, -0.231, 0.29, -0.113, 0.122
2017-04-20 10:09:19,182, 1492675759182031522, -0.077, -0.023, -0.231, 0.32, -0.13, 0.158
2017-04-20 10:09:19,190, 1492675759190035966, -0.102, -0.021, -0.175, 0.353, -0.086, 0.271
2017-04-20 10:09:19,191, 1492675759191890290, -0.117, -0.016, -0.181, 0.353, -0.097, 0.309
2017-04-20 10:09:19,193, 1492675759193856897, -0.162, -0.068, -0.262, 0.365, -0.251, 0.49
2017-04-20 10:09:19,195, 1492675759195911256, -0.127, -0.036, -0.204, 0.334, -0.246, 0.564
2017-04-20 10:09:19,198, 1492675759197922866, -0.114, -0.043, -0.178, 0.31, -0.269, 0.531
2017-04-20 10:09:19,200, 1492675759199900717, -0.09, -0.024, -0.221, 0.251, -0.303, 0.56
2017-04-20 10:09:19,202, 1492675759201965337, -0.076, -0.022, -0.265, 0.173, -0.231, 0.584
2017-04-20 10:09:19,204, 1492675759204035288, -0.109, -0.03, -0.244, 0.09, -0.271, 0.617
2017-04-20 10:09:19,205, 1492675759205100304, -0.097, 0.019, -0.233, -0.004, -0.177, 0.52
2017-04-20 10:09:19,208, 1492675759208183397, -0.067, 0.017, -0.298, 0.047, -0.06, 0.495
2017-04-20 10:09:19,210, 1492675759210061686, -0.048, 0.008, -0.294, 0.046, 0.09, 0.503
2017-04-20 10:09:19,212, 1492675759211956394, -0.055, 0.021, -0.25, 0.095, 0.116, 0.426
2017-04-20 10:09:19,214, 1492675759214217833, -0.071, 0.016, -0.264, 0.13, 0.153, 0.454
2017-04-20 10:09:19,216, 1492675759216176384, -0.05, 0.038, -0.327, 0.075, 0.246, 0.422
2017-04-20 10:09:19,218, 1492675759218027153, -0.072, 0.026, -0.32, 0.008, 0.22, 0.462
2017-04-20 10:09:19,220, 1492675759219926008, -0.067, 0.034, -0.244, -0.106, 0.195, 0.52
2017-04-20 10:09:19,221, 1492675759221887628, -0.063, 0.058, -0.255, -0.179, 0.167, 0.52
2017-04-20 10:09:19,224, 1492675759223916994, -0.012, 0.079, -0.323, -0.272, 0.251, 0.547
2017-04-20 10:09:19,225, 1492675759225890296, -0.011, 0.061, -0.247, -0.328, 0.186, 0.572
2017-04-20 10:09:19,227, 1492675759227885243, -0.02, 0.08, -0.137, -0.397, 0.218, 0.62
2017-04-20 10:09:19,230, 1492675759229915984, 0.003, 0.085, -0.229, -0.445, 0.273, 0.536
2017-04-20 10:09:19,232, 1492675759232044196, -0.02, 0.072, -0.318, -0.473, 0.313, 0.552
2017-04-20 10:09:19,233, 1492675759233847648, -0.001, 0.073, -0.246, -0.454, 0.346, 0.479
2017-04-20 10:09:19,235, 1492675759235881418, 0.022, 0.075, -0.178, -0.449, 0.481, 0.471
2017-04-20 10:09:19,241, 1492675759239835308, 0.028, 0.057, -0.299, -0.456, 0.51, 0.446
2017-04-20 10:09:19,242, 1492675759241801716, 0.002, 0.054, -0.243, -0.471, 0.548, 0.442
2017-04-20 10:09:19,243, 1492675759243028375, -0.004, 0.099, -0.253, -0.504, 0.521, 0.487
2017-04-20 10:09:19,245, 1492675759244869047, 0.006, 0.095, -0.34, -0.54, 0.55, 0.422
2017-04-20 10:09:19,246, 1492675759246049646, 0.036, 0.117, -0.368, -0.572, 0.565, 0.466
2017-04-20 10:09:19,247, 1492675759247079490, 0.044, 0.113, -0.278, -0.654, 0.613, 0.507
2017-04-20 10:09:19,258, 1492675759258072461, 0.101, 0.186, -0.302, -1.037, 0.995, 0.32
2017-04-20 10:09:19,259, 1492675759259897166, 0.086, 0.171, -0.319, -1.014, 0.962, 0.345
2017-04-20 10:09:19,261, 1492675759261915785, 0.111, 0.167, -0.285, -1.03, 1.056, 0.409
2017-04-20 10:09:19,264, 1492675759263950940, 0.123, 0.156, -0.326, -0.991, 1.086, 0.349
2017-04-20 10:09:19,265, 1492675759265909363, 0.107, 0.149, -0.302, -0.961, 1.026, 0.325
2017-04-20 10:09:19,267, 1492675759267909836, 0.099, 0.128, -0.307, -0.957, 1.003, 0.349
2017-04-20 10:09:19,270, 1492675759270037504, 0.134, 0.127, -0.364, -0.893, 0.99, 0.434
2017-04-20 10:09:19,280, 1492675759280412138, 0.128, 0.13, -0.353, -1.046, 1.19, 0.385
2017-04-20 10:09:19,282, 1492675759282032929, 0.107, 0.162, -0.361, -1.02, 1.27, 0.377
2017-04-20 10:09:19,284, 1492675759284059321, 0.127, 0.155, -0.385, -1.028, 1.358, 0.353
2017-04-20 10:09:19,286, 1492675759285989831, 0.146, 0.177, -0.363, -1.036, 1.353, 0.43
2017-04-20 10:09:19,288, 1492675759288080132, 0.143, 0.187, -0.374, -1.043, 1.348, 0.349
2017-04-20 10:09:19,290, 1492675759290040820, 0.125, 0.212, -0.298, -1.08, 1.341, 0.401
2017-04-20 10:09:19,292, 1492675759292059329, 0.153, 0.24, -0.333, -1.139, 1.275, 0.434
2017-04-20 10:09:19,294, 1492675759294031097, 0.219, 0.239, -0.336, -1.213, 1.35, 0.373
2017-04-20 10:09:19,296, 1492675759296094353, 0.254, 0.25, -0.255, -1.313, 1.449, 0.401
2017-04-20 10:09:19,298, 1492675759298058805, 0.248, 0.239, -0.288, -1.365, 1.41, 0.353
2017-04-20 10:09:19,300, 1492675759300123233, 0.224, 0.222, -0.328, -1.401, 1.472, 0.333
2017-04-20 10:09:19,302, 1492675759302052659, 0.216, 0.194, -0.319, -1.347, 1.517, 0.284
2017-04-20 10:09:19,304, 1492675759304088545, 0.247, 0.211, -0.319, -1.263, 1.543, 0.231
2017-04-20 10:09:19,306, 1492675759306053147, 0.225, 0.185, -0.368, -1.173, 1.58, 0.276
2017-04-20 10:09:19,308, 1492675759308104439, 0.26, 0.167, -0.326, -1.083, 1.601, 0.328
2017-04-20 10:09:19,315, 1492675759315849618, 0.19, 0.194, -0.236, -0.914, 1.578, 0.174
2017-04-20 10:09:19,317, 1492675759317095543, 0.15, 0.207, -0.189, -1.018, 1.488, 0.333
2017-04-20 10:09:19,319, 1492675759319026471, 0.171, 0.171, -0.18, -1.197, 1.691, 0.438
2017-04-20 10:09:19,321, 1492675759321088512, 0.222, 0.189, -0.2, -1.345, 1.837, 0.385
2017-04-20 10:09:19,323, 1492675759323022995, 0.223, 0.253, -0.156, -1.49, 1.924, 0.158
2017-04-20 10:09:19,325, 1492675759325087241, 0.202, 0.244, -0.111, -1.445, 1.968, 0.117
2017-04-20 10:09:19,327, 1492675759327033162, 0.195, 0.227, -0.174, -1.338, 1.934, 0.333
2017-04-20 10:09:19,329, 1492675759329091138, 0.17, 0.158, -0.281, -1.211, 1.823, 0.32
2017-04-20 10:09:19,331, 1492675759331069131, 0.213, 0.16, -0.189, -1.093, 1.856, 0.292
2017-04-20 10:09:19,333, 1492675759333091761, 0.198, 0.177, -0.198, -0.904, 1.689, 0.255
2017-04-20 10:09:19,335, 1492675759335030486, 0.244, 0.211, -0.287, -0.834, 1.768, 0.312
2017-04-20 10:09:19,337, 1492675759337089286, 0.26, 0.235, -0.244, -0.861, 1.715, 0.317
2017-04-20 10:09:19,339, 1492675759339042618, 0.254, 0.219, -0.12, -0.971, 1.764, 0.333
2017-04-20 10:09:19,345, 1492675759344618201, 0.268, 0.22, -0.281, -1.059, 1.777, 0.215
2017-04-20 10:09:19,350, 1492675759350063014, 0.255, 0.232, -0.246, -1.445, 2.058, 0.312
2017-04-20 10:09:19,352, 1492675759351986352, 0.257, 0.282, -0.187, -1.381, 2.014, 0.312
2017-04-20 10:09:19,358, 1492675759358025989, 0.217, 0.225, -0.187, -1.187, 1.906, 0.243
2017-04-20 10:09:19,359, 1492675759359569924, 0.188, 0.191, -0.168, -1.121, 1.799, 0.276
2017-04-20 10:09:19,366, 1492675759366049674, 0.259, 0.218, -0.153, -1.167, 1.774, 0.252
2017-04-20 10:09:19,367, 1492675759367138719, 0.298, 0.23, -0.18, -1.239, 1.888, 0.138
2017-04-20 10:09:19,369, 1492675759369891799, 0.273, 0.218, -0.18, -1.234, 1.865, 0.231
2017-04-20 10:09:19,372, 1492675759371920997, 0.299, 0.242, -0.143, -1.222, 1.914, 0.223
2017-04-20 10:09:19,374, 1492675759373932625, 0.291, 0.225, -0.217, -1.183, 1.924, 0.166
2017-04-20 10:09:19,376, 1492675759376070236, 0.293, 0.228, -0.214, -1.224, 1.948, 0.141
2017-04-20 10:09:19,380, 1492675759380675439, 0.286, 0.241, -0.158, -1.238, 1.982, 0.146
2017-04-20 10:09:19,382, 1492675759382081035, 0.227, 0.244, -0.23, -1.31, 1.975, 0.109
2017-04-20 10:09:19,384, 1492675759384055906, 0.234, 0.26, -0.155, -1.319, 1.967, 0.15
2017-04-20 10:09:19,386, 1492675759386079314, 0.256, 0.265, -0.178, -1.354, 2.01, 0.166
2017-04-20 10:09:19,388, 1492675759388022121, 0.236, 0.254, -0.217, -1.375, 1.974, 0.179
2017-04-20 10:09:19,392, 1492675759391975125, 0.205, 0.233, -0.103, -1.387, 1.933, 0.158
2017-04-20 10:09:19,393, 1492675759393722724, 0.198, 0.236, -0.165, -1.343, 1.9, 0.085
2017-04-20 10:09:19,395, 1492675759395059850, 0.24, 0.235, -0.132, -1.298, 1.938, 0.057
2017-04-20 10:09:19,396, 1492675759396042222, 0.272, 0.255, -0.072, -1.252, 1.951, 0.033
2017-04-20 10:09:19,398, 1492675759398333242, 0.27, 0.221, -0.059, -1.205, 1.909, 0.057
2017-04-20 10:09:19,400, 1492675759400037785, 0.265, 0.209, -0.144, -1.152, 1.859, 0.049
2017-04-20 10:09:19,402, 1492675759402074616, 0.278, 0.213, -0.1, -1.106, 1.853, 0.057
2017-04-20 10:09:19,404, 1492675759404080546, 0.239, 0.194, -0.092, -1.082, 1.788, 0.073
2017-04-20 10:09:19,410, 1492675759410124712, 0.301, 0.224, -0.076, -1.201, 1.876, 0.077
2017-04-20 10:09:19,412, 1492675759412051077, 0.256, 0.214, -0.105, -1.304, 1.897, 0.073
2017-04-20 10:09:19,418, 1492675759418079847, 0.262, 0.262, -0.101, -1.37, 1.996, 0.033
2017-04-20 10:09:19,419, 1492675759419875448, 0.256, 0.244, -0.129, -1.372, 1.998, 0.052
2017-04-20 10:09:19,422, 1492675759421977664, 0.243, 0.238, -0.099, -1.352, 1.959, 0.057
2017-04-20 10:09:19,424, 1492675759423953899, 0.252, 0.233, -0.08, -1.316, 1.958, 0.097
2017-04-20 10:09:19,426, 1492675759425958913, 0.215, 0.236, -0.132, -1.257, 1.884, 0.069
2017-04-20 10:09:19,428, 1492675759427983641, 0.197, 0.218, -0.101, -1.223, 1.804, 0.081
2017-04-20 10:09:19,430, 1492675759429985862, 0.213, 0.199, -0.099, -1.214, 1.772, 0.101
2017-04-20 10:09:19,432, 1492675759432590682, 0.22, 0.188, -0.112, -1.223, 1.779, 0.117
2017-04-20 10:09:19,435, 1492675759435083357, 0.199, 0.185, -0.094, -1.25, 1.744, 0.052
2017-04-20 10:09:19,436, 1492675759436861244, 0.22, 0.192, -0.069, -1.261, 1.774, 0.065
2017-04-20 10:09:19,438, 1492675759438879817, 0.223, 0.216, -0.065, -1.283, 1.835, 0.041
2017-04-20 10:09:19,440, 1492675759440040823, 0.261, 0.212, -0.075, -1.323, 1.906, 0.057
2017-04-20 10:09:19,444, 1492675759444508789, 0.255, 0.215, -0.062, -1.334, 1.927, 0.049
2017-04-20 10:09:19,446, 1492675759446103100, 0.256, 0.238, -0.081, -1.262, 1.964, 0.069
2017-04-20 10:09:19,448, 1492675759448076355, 0.267, 0.226, -0.05, -1.223, 1.982, 0.065
2017-04-20 10:09:19,450, 1492675759450045235, 0.276, 0.231, -0.048, -1.2, 1.959, 0.028
2017-04-20 10:09:19,452, 1492675759452057185, 0.276, 0.217, -0.042, -1.198, 1.94, 0.06
2017-04-20 10:09:19,454, 1492675759454050611, 0.265, 0.234, -0.04, -1.187, 1.885, 0.105
2017-04-20 10:09:19,456, 1492675759456907106, 0.241, 0.218, -0.036, -1.159, 1.817, 0.109
2017-04-20 10:09:19,458, 1492675759458034679, 0.216, 0.218, -0.074, -1.128, 1.774, 0.089
2017-04-20 10:09:19,460, 1492675759460090597, 0.21, 0.197, -0.073, -1.111, 1.74, 0.109
2017-04-20 10:09:19,462, 1492675759462102880, 0.201, 0.178, -0.068, -1.1, 1.719, 0.138
2017-04-20 10:09:19,464, 1492675759464106862, 0.213, 0.166, -0.083, -1.093, 1.731, 0.125
2017-04-20 10:09:19,466, 1492675759466065376, 0.205, 0.177, -0.074, -1.09, 1.766, 0.065
2017-04-20 10:09:19,468, 1492675759468052243, 0.208, 0.173, -0.055, -1.074, 1.775, 0.049
2017-04-20 10:09:19,470, 1492675759470031091, 0.206, 0.169, -0.064, -1.067, 1.808, 0.049
2017-04-20 10:09:19,472, 1492675759472062473, 0.21, 0.172, -0.08, -1.037, 1.845, 0.077
2017-04-20 10:09:19,474, 1492675759474046846, 0.219, 0.171, -0.064, -1.019, 1.842, 0.117
2017-04-20 10:09:19,476, 1492675759476085405, 0.203, 0.164, -0.068, -1.006, 1.818, 0.138
2017-04-20 10:09:19,482, 1492675759482312816, 0.217, 0.18, -0.086, -0.997, 1.803, 0.133
2017-04-20 10:09:19,486, 1492675759486067429, 0.187, 0.162, -0.09, -0.955, 1.692, 0.182
2017-04-20 10:09:19,487, 1492675759487863668, 0.2, 0.166, -0.083, -0.936, 1.68, 0.174
2017-04-20 10:09:19,489, 1492675759489051204, 0.191, 0.155, -0.078, -0.899, 1.679, 0.138
2017-04-20 10:09:19,490, 1492675759490008347, 0.182, 0.151, -0.078, -0.873, 1.679, 0.138
2017-04-20 10:09:19,492, 1492675759492064442, 0.178, 0.153, -0.082, -0.855, 1.674, 0.141
2017-04-20 10:09:19,494, 1492675759494037516, 0.175, 0.14, -0.048, -0.862, 1.688, 0.15
2017-04-20 10:09:19,496, 1492675759496571138, 0.183, 0.131, -0.062, -0.88, 1.698, 0.122
2017-04-20 10:09:19,498, 1492675759498035159, 0.169, 0.135, -0.058, -0.888, 1.72, 0.097
2017-04-20 10:09:19,500, 1492675759500072188, 0.171, 0.13, -0.045, -0.886, 1.718, 0.097
2017-04-20 10:09:19,502, 1492675759502065833, 0.171, 0.14, -0.049, -0.891, 1.718, 0.122
2017-04-20 10:09:19,504, 1492675759504098719, 0.172, 0.138, -0.05, -0.896, 1.701, 0.125
2017-04-20 10:09:19,506, 1492675759506017402, 0.166, 0.151, -0.048, -0.879, 1.674, 0.13
2017-04-20 10:09:19,508, 1492675759508050957, 0.164, 0.14, -0.036, -0.868, 1.64, 0.146
2017-04-20 10:09:19,510, 1492675759510042803, 0.17, 0.158, -0.063, -0.839, 1.617, 0.13
2017-04-20 10:09:19,518, 1492675759515076405, 0.177, 0.152, -0.059, -0.823, 1.595, 0.133
2017-04-20 10:09:19,518, 1492675759517086763, 0.17, 0.149, -0.07, -0.745, 1.548, 0.187
2017-04-20 10:09:19,521, 1492675759521078621, 0.181, 0.15, -0.055, -0.709, 1.528, 0.171
2017-04-20 10:09:19,523, 1492675759522889959, 0.172, 0.129, -0.073, -0.704, 1.519, 0.179
2017-04-20 10:09:19,524, 1492675759524220359, 0.172, 0.138, -0.062, -0.703, 1.519, 0.138
2017-04-20 10:09:19,526, 1492675759526029126, 0.176, 0.132, -0.066, -0.711, 1.519, 0.125
2017-04-20 10:09:19,527, 1492675759527103504, 0.169, 0.128, -0.054, -0.718, 1.523, 0.122
2017-04-20 10:09:19,529, 1492675759529050459, 0.172, 0.129, -0.067, -0.721, 1.508, 0.133
2017-04-20 10:09:19,531, 1492675759531115269, 0.164, 0.115, -0.068, -0.722, 1.493, 0.158
2017-04-20 10:09:19,533, 1492675759533005595, 0.167, 0.11, -0.06, -0.724, 1.483, 0.158
2017-04-20 10:09:19,535, 1492675759535138066, 0.156, 0.102, -0.052, -0.709, 1.476, 0.146
2017-04-20 10:09:19,537, 1492675759537038209, 0.158, 0.097, -0.079, -0.679, 1.459, 0.146
2017-04-20 10:09:19,539, 1492675759539079347, 0.157, 0.102, -0.068, -0.654, 1.439, 0.146
2017-04-20 10:09:19,541, 1492675759541016397, 0.155, 0.098, -0.07, -0.633, 1.422, 0.133
2017-04-20 10:09:19,543, 1492675759543097698, 0.145, 0.111, -0.067, -0.617, 1.395, 0.141
2017-04-20 10:09:19,545, 1492675759545041893, 0.144, 0.112, -0.096, -0.597, 1.371, 0.179
2017-04-20 10:09:19,547, 1492675759547072160, 0.137, 0.114, -0.079, -0.583, 1.348, 0.179
2017-04-20 10:09:19,549, 1492675759549673882, 0.157, 0.127, -0.087, -0.567, 1.323, 0.195
2017-04-20 10:09:19,551, 1492675759551083229, 0.149, 0.124, -0.096, -0.541, 1.3, 0.227
2017-04-20 10:09:19,553, 1492675759553029551, 0.142, 0.113, -0.115, -0.519, 1.29, 0.223
2017-04-20 10:09:19,555, 1492675759555055205, 0.138, 0.114, -0.111, -0.486, 1.29, 0.211
2017-04-20 10:09:19,557, 1492675759557046031, 0.162, 0.121, -0.045, -0.473, 1.314, 0.195
2017-04-20 10:09:19,559, 1492675759559062183, 0.159, 0.118, -0.065, -0.511, 1.336, 0.195
2017-04-20 10:09:19,561, 1492675759561024828, 0.138, 0.091, -0.11, -0.532, 1.315, 0.203
2017-04-20 10:09:19,563, 1492675759563030292, 0.127, 0.107, -0.017, -0.545, 1.32, 0.174
2017-04-20 10:09:19,565, 1492675759565028008, 0.161, 0.131, -0.016, -0.581, 1.384, 0.158
2017-04-20 10:09:19,567, 1492675759567166314, 0.167, 0.109, -0.061, -0.623, 1.42, 0.15
2017-04-20 10:09:19,569, 1492675759569052455, 0.136, 0.099, -0.017, -0.638, 1.374, 0.146
2017-04-20 10:09:19,571, 1492675759571064137, 0.123, 0.095, 0.022, -0.633, 1.339, 0.138
2017-04-20 10:09:19,573, 1492675759573140447, 0.146, 0.124, -0.057, -0.617, 1.372, 0.122
2017-04-20 10:09:19,575, 1492675759575050099, 0.164, 0.121, -0.043, -0.579, 1.371, 0.122
2017-04-20 10:09:19,580, 1492675759580407507, 0.147, 0.094, -0.003, -0.522, 1.303, 0.109
2017-04-20 10:09:19,582, 1492675759582127251, 0.138, 0.099, -0.077, -0.387, 1.249, 0.174
2017-04-20 10:09:19,584, 1492675759584112765, 0.135, 0.09, -0.055, -0.355, 1.21, 0.187
2017-04-20 10:09:19,594, 1492675759594067171, 0.138, 0.085, -0.094, -0.416, 1.222, 0.203
2017-04-20 10:09:19,595, 1492675759595040376, 0.132, 0.098, -0.08, -0.448, 1.264, 0.203
2017-04-20 10:09:19,598, 1492675759597986147, 0.146, 0.09, -0.057, -0.471, 1.298, 0.158
2017-04-20 10:09:19,601, 1492675759601893708, 0.139, 0.104, -0.074, -0.441, 1.329, 0.117
2017-04-20 10:09:19,603, 1492675759603074118, 0.142, 0.122, -0.054, -0.418, 1.326, 0.141
2017-04-20 10:09:19,605, 1492675759604926777, 0.143, 0.105, -0.059, -0.41, 1.329, 0.122
2017-04-20 10:09:19,606, 1492675759606063555, 0.146, 0.099, -0.067, -0.375, 1.321, 0.117
2017-04-20 10:09:19,608, 1492675759607991809, 0.16, 0.105, -0.057, -0.354, 1.303, 0.122
2017-04-20 10:09:19,610, 1492675759609946593, 0.148, 0.099, -0.051, -0.341, 1.275, 0.162
2017-04-20 10:09:19,612, 1492675759611925644, 0.147, 0.102, -0.055, -0.327, 1.245, 0.162
2017-04-20 10:09:19,614, 1492675759613956533, 0.129, 0.096, -0.063, -0.325, 1.206, 0.171
2017-04-20 10:09:19,623, 1492675759620469162, 0.129, 0.094, -0.057, -0.328, 1.171, 0.207
2017-04-20 10:09:19,623, 1492675759622090452, 0.135, 0.082, -0.041, -0.362, 1.141, 0.219
2017-04-20 10:09:19,630, 1492675759630059722, 0.122, 0.094, -0.034, -0.396, 1.195, 0.19
2017-04-20 10:09:19,631, 1492675759631098670, 0.133, 0.088, -0.046, -0.4, 1.218, 0.182
2017-04-20 10:09:19,634, 1492675759634018254, 0.133, 0.086, -0.056, -0.406, 1.244, 0.15
2017-04-20 10:09:19,636, 1492675759636079904, 0.138, 0.101, -0.044, -0.417, 1.247, 0.117
2017-04-20 10:09:19,637, 1492675759637874721, 0.143, 0.096, -0.066, -0.42, 1.256, 0.125
2017-04-20 10:09:19,640, 1492675759639946339, 0.146, 0.102, -0.071, -0.41, 1.252, 0.125
2017-04-20 10:09:19,642, 1492675759641949555, 0.149, 0.095, -0.063, -0.404, 1.243, 0.109
2017-04-20 10:09:19,644, 1492675759644034826, 0.142, 0.101, -0.072, -0.385, 1.237, 0.114
2017-04-20 10:09:19,654, 1492675759653756257, 0.149, 0.089, -0.088, -0.366, 1.222, 0.138
2017-04-20 10:09:19,655, 1492675759655076915, 0.126, 0.089, -0.072, -0.372, 1.17, 0.215
2017-04-20 10:09:19,657, 1492675759657101435, 0.119, 0.088, -0.066, -0.384, 1.167, 0.231
2017-04-20 10:09:19,659, 1492675759659172151, 0.114, 0.1, -0.076, -0.398, 1.175, 0.247
2017-04-20 10:09:19,661, 1492675759661066909, 0.123, 0.086, -0.058, -0.418, 1.172, 0.231
2017-04-20 10:09:19,663, 1492675759663170114, 0.134, 0.09, -0.049, -0.432, 1.186, 0.227
2017-04-20 10:09:19,667, 1492675759667039301, 0.132, 0.09, -0.046, -0.442, 1.191, 0.223
2017-04-20 10:09:19,668, 1492675759668060868, 0.133, 0.101, -0.046, -0.434, 1.206, 0.207
2017-04-20 10:09:19,669, 1492675759669048095, 0.145, 0.103, -0.044, -0.43, 1.217, 0.211
2017-04-20 10:09:19,671, 1492675759671059385, 0.148, 0.092, -0.059, -0.424, 1.228, 0.174
2017-04-20 10:09:19,673, 1492675759673068717, 0.134, 0.099, -0.068, -0.398, 1.23, 0.158
2017-04-20 10:09:19,676, 1492675759676020901, 0.142, 0.089, -0.057, -0.366, 1.231, 0.146
2017-04-20 10:09:19,677, 1492675759677013838, 0.137, 0.087, -0.069, -0.348, 1.234, 0.15
2017-04-20 10:09:19,679, 1492675759679062871, 0.141, 0.083, -0.066, -0.33, 1.233, 0.122
2017-04-20 10:09:19,681, 1492675759681074035, 0.134, 0.083, -0.058, -0.318, 1.222, 0.125
2017-04-20 10:09:19,683, 1492675759683068893, 0.127, 0.07, -0.07, -0.304, 1.2, 0.125
2017-04-20 10:09:19,688, 1492675759688338075, 0.118, 0.078, -0.088, -0.293, 1.175, 0.146
2017-04-20 10:09:19,690, 1492675759690067623, 0.087, 0.061, -0.086, -0.245, 1.086, 0.19
2017-04-20 10:09:19,692, 1492675759692030292, 0.078, 0.051, -0.099, -0.212, 1.051, 0.223
2017-04-20 10:09:19,694, 1492675759694074179, 0.069, 0.054, -0.098, -0.173, 1.019, 0.268
2017-04-20 10:09:19,696, 1492675759696067885, 0.067, 0.046, -0.107, -0.143, 0.992, 0.268
2017-04-20 10:09:19,698, 1492675759698063751, 0.071, 0.053, -0.117, -0.115, 0.981, 0.263
2017-04-20 10:09:19,700, 1492675759700029551, 0.069, 0.05, -0.12, -0.107, 0.983, 0.263
2017-04-20 10:09:19,702, 1492675759702070120, 0.067, 0.058, -0.105, -0.119, 0.997, 0.263
2017-04-20 10:09:19,704, 1492675759704069194, 0.074, 0.05, -0.122, -0.132, 1.015, 0.231
2017-04-20 10:09:19,706, 1492675759706048965, 0.07, 0.054, -0.118, -0.157, 1.041, 0.215
2017-04-20 10:09:19,708, 1492675759708037358, 0.071, 0.045, -0.11, -0.173, 1.061, 0.195
2017-04-20 10:09:19,710, 1492675759710071963, 0.081, 0.048, -0.117, -0.187, 1.087, 0.182
2017-04-20 10:09:19,712, 1492675759712061620, 0.101, 0.045, -0.115, -0.193, 1.109, 0.15
2017-04-20 10:09:19,718, 1492675759718070262, 0.1, 0.039, -0.116, -0.171, 1.104, 0.171
2017-04-20 10:09:19,725, 1492675759724909404, 0.093, 0.049, -0.134, -0.153, 1.109, 0.154
2017-04-20 10:09:19,726, 1492675759726029879, 0.09, 0.057, -0.138, -0.127, 1.056, 0.243
2017-04-20 10:09:19,728, 1492675759728054766, 0.081, 0.054, -0.164, -0.121, 1.042, 0.255
2017-04-20 10:09:19,731, 1492675759730910613, 0.088, 0.064, -0.161, -0.124, 1.048, 0.247
2017-04-20 10:09:19,737, 1492675759737043996, 0.089, 0.072, -0.186, -0.19, 1.063, 0.271
2017-04-20 10:09:19,739, 1492675759738892053, 0.086, 0.06, -0.213, -0.187, 1.072, 0.235
2017-04-20 10:09:19,740, 1492675759740866167, 0.092, 0.079, -0.201, -0.16, 1.08, 0.231
2017-04-20 10:09:19,743, 1492675759742929601, 0.1, 0.07, -0.219, -0.151, 1.095, 0.235
2017-04-20 10:09:19,744, 1492675759744897167, 0.111, 0.05, -0.235, -0.142, 1.096, 0.219
2017-04-20 10:09:19,747, 1492675759746925289, 0.103, 0.059, -0.24, -0.129, 1.096, 0.227
2017-04-20 10:09:19,748, 1492675759748899872, 0.117, 0.046, -0.24, -0.122, 1.088, 0.239
2017-04-20 10:09:19,751, 1492675759750926524, 0.11, 0.053, -0.265, -0.112, 1.081, 0.252
2017-04-20 10:09:19,754, 1492675759754025810, 0.108, 0.043, -0.278, -0.086, 1.043, 0.243
2017-04-20 10:09:19,756, 1492675759756122820, 0.114, 0.049, -0.264, -0.047, 1.024, 0.243
2017-04-20 10:09:19,758, 1492675759758041298, 0.125, 0.053, -0.309, -0.017, 1.02, 0.255
2017-04-20 10:09:19,759, 1492675759759053453, 0.141, 0.066, -0.282, -0.024, 1.061, 0.227
2017-04-20 10:09:19,760, 1492675759760059671, 0.139, 0.063, -0.27, -0.029, 1.054, 0.211
2017-04-20 10:09:19,762, 1492675759762902725, 0.127, 0.07, -0.266, -0.035, 1.017, 0.207
2017-04-20 10:09:19,764, 1492675759764904329, 0.105, 0.057, -0.278, -0.076, 1.046, 0.154
2017-04-20 10:09:19,767, 1492675759767053052, 0.088, 0.069, -0.26, -0.062, 1.017, 0.146
2017-04-20 10:09:19,768, 1492675759768026958, 0.109, 0.103, -0.254, -0.084, 1.072, 0.109
2017-04-20 10:09:19,771, 1492675759770920566, 0.139, 0.099, -0.288, -0.113, 1.147, 0.081
2017-04-20 10:09:19,772, 1492675759772852080, 0.131, 0.119, -0.268, -0.175, 1.19, 0.117
2017-04-20 10:09:19,774, 1492675759774903559, 0.109, 0.099, -0.257, -0.23, 1.188, 0.133
2017-04-20 10:09:19,777, 1492675759777029746, 0.111, 0.1, -0.279, -0.233, 1.222, 0.182
2017-04-20 10:09:19,779, 1492675759779115687, 0.146, 0.127, -0.3, -0.246, 1.3, 0.125
2017-04-20 10:09:19,781, 1492675759780919067, 0.159, 0.151, -0.27, -0.255, 1.35, 0.081
2017-04-20 10:09:19,782, 1492675759782912838, 0.14, 0.12, -0.25, -0.263, 1.337, 0.069
2017-04-20 10:09:19,785, 1492675759784907495, 0.145, 0.114, -0.292, -0.265, 1.354, 0.166
2017-04-20 10:09:19,787, 1492675759787068562, 0.15, 0.135, -0.325, -0.266, 1.384, 0.203
2017-04-20 10:09:19,790, 1492675759789822552, 0.171, 0.114, -0.34, -0.251, 1.414, 0.101
2017-04-20 10:09:19,791, 1492675759791055844, 0.153, 0.139, -0.343, -0.34, 1.419, 0.203
2017-04-20 10:09:19,792, 1492675759792018478, 0.186, 0.155, -0.371, -0.336, 1.465, 0.211
2017-04-20 10:09:19,798, 1492675759798054785, 0.155, 0.127, -0.348, -0.383, 1.485, 0.187
2017-04-20 10:09:19,800, 1492675759799879735, 0.137, 0.113, -0.382, -0.364, 1.482, 0.171
2017-04-20 10:09:19,801, 1492675759801914496, 0.166, 0.148, -0.397, -0.339, 1.522, 0.133
2017-04-20 10:09:19,804, 1492675759803921515, 0.168, 0.159, -0.372, -0.373, 1.563, 0.077
2017-04-20 10:09:19,806, 1492675759805931976, 0.156, 0.122, -0.386, -0.413, 1.548, 0.19
2017-04-20 10:09:19,808, 1492675759807912926, 0.162, 0.135, -0.358, -0.423, 1.527, 0.235
2017-04-20 10:09:19,810, 1492675759809957107, 0.159, 0.156, -0.396, -0.401, 1.557, 0.138
2017-04-20 10:09:19,811, 1492675759811886434, 0.178, 0.15, -0.433, -0.351, 1.58, 0.097
2017-04-20 10:09:19,814, 1492675759813964496, 0.193, 0.153, -0.39, -0.345, 1.597, 0.174
2017-04-20 10:09:19,815, 1492675759815914379, 0.195, 0.156, -0.37, -0.34, 1.593, 0.198
2017-04-20 10:09:19,825, 1492675759825017897, 0.214, 0.163, -0.484, -0.341, 1.621, 0.174
2017-04-20 10:09:19,826, 1492675759826857216, 0.259, 0.207, -0.456, -0.57, 1.755, 0.333
2017-04-20 10:09:19,828, 1492675759828883306, 0.271, 0.201, -0.438, -0.634, 1.811, 0.231
2017-04-20 10:09:19,830, 1492675759830841889, 0.231, 0.196, -0.467, -0.682, 1.807, 0.219
2017-04-20 10:09:19,832, 1492675759832889210, 0.215, 0.222, -0.494, -0.684, 1.775, 0.279
2017-04-20 10:09:19,834, 1492675759834865084, 0.266, 0.239, -0.464, -0.758, 1.932, 0.239
2017-04-20 10:09:19,837, 1492675759836932252, 0.261, 0.211, -0.435, -0.813, 1.94, 0.198
2017-04-20 10:09:19,838, 1492675759838851338, 0.251, 0.227, -0.418, -0.877, 1.955, 0.179
2017-04-20 10:09:19,841, 1492675759840915092, 0.271, 0.238, -0.446, -0.907, 1.993, 0.312
2017-04-20 10:09:19,843, 1492675759842955682, 0.297, 0.251, -0.423, -0.954, 2.092, 0.235
2017-04-20 10:09:19,844, 1492675759844900220, 0.287, 0.243, -0.339, -1.014, 2.069, 0.146
2017-04-20 10:09:19,846, 1492675759846861048, 0.331, 0.275, -0.446, -1.065, 2.163, 0.26
2017-04-20 10:09:19,849, 1492675759849031840, 0.367, 0.278, -0.58, -1.05, 2.184, 0.263
2017-04-20 10:09:19,850, 1492675759850843724, 0.435, 0.314, -0.49, -1.066, 2.187, 0.353
2017-04-20 10:09:19,853, 1492675759852903336, 0.445, 0.305, -0.515, -1.122, 2.221, 0.288
2017-04-20 10:09:19,854, 1492675759854875388, 0.414, 0.287, -0.645, -1.119, 2.086, 0.353
2017-04-20 10:09:19,862, 1492675759862120344, 0.393, 0.313, -0.6, -1.11, 2.039, 0.422
2017-04-20 10:09:19,864, 1492675759863928818, 0.366, 0.31, -0.636, -1.247, 2.09, 0.49
2017-04-20 10:09:19,866, 1492675759866003515, 0.395, 0.33, -0.638, -1.366, 2.135, 0.637
2017-04-20 10:09:19,868, 1492675759867999091, 0.402, 0.38, -0.621, -1.609, 2.256, 0.788
2017-04-20 10:09:19,870, 1492675759870024252, 0.305, 0.305, -0.449, -1.798, 2.106, 0.966
2017-04-20 10:09:19,872, 1492675759872018621, 0.266, 0.346, -0.401, -2.175, 2.243, 0.974
2017-04-20 10:09:19,874, 1492675759874019617, 0.332, 0.354, -0.458, -2.38, 2.453, 1.291
2017-04-20 10:09:19,881, 1492675759881001264, 0.466, 0.467, -0.4, -2.315, 2.65, 0.913
2017-04-20 10:09:19,882, 1492675759882098399, 0.435, 0.421, -0.493, -2.214, 2.581, 1.137
2017-04-20 10:09:19,885, 1492675759885052360, 0.379, 0.369, -0.635, -2.253, 2.478, 1.096
2017-04-20 10:09:19,886, 1492675759886074959, 0.394, 0.392, -0.541, -2.212, 2.442, 0.921
2017-04-20 10:09:19,891, 1492675759890129216, 0.493, 0.416, -0.577, -2.113, 2.552, 0.869
2017-04-20 10:09:19,892, 1492675759892113962, 0.467, 0.41, -0.616, -2.32, 2.524, 1.181
2017-04-20 10:09:19,894, 1492675759893950284, 0.457, 0.416, -0.586, -2.339, 2.553, 1.067
2017-04-20 10:09:19,895, 1492675759895096857, 0.527, 0.438, -0.831, -2.307, 2.71, 0.896
2017-04-20 10:09:19,897, 1492675759896942748, 0.511, 0.447, -0.926, -2.225, 2.627, 0.954
2017-04-20 10:09:19,898, 1492675759898880682, 0.501, 0.472, -0.901, -2.075, 2.488, 1.002
2017-04-20 10:09:19,900, 1492675759900830760, 0.557, 0.48, -0.811, -2.09, 2.585, 1.092
2017-04-20 10:09:19,902, 1492675759902084385, 0.49, 0.432, -0.926, -2.02, 2.424, 1.059
2017-04-20 10:09:19,905, 1492675759904859686, 0.476, 0.439, -0.961, -1.871, 2.35, 0.978
2017-04-20 10:09:19,907, 1492675759907084692, 0.505, 0.481, -1.093, -1.731, 2.362, 0.929
2017-04-20 10:09:19,908, 1492675759908876398, 0.529, 0.462, -1.234, -1.741, 2.336, 1.018
2017-04-20 10:09:19,910, 1492675759910861657, 0.634, 0.493, -1.343, -1.812, 2.488, 1.035
2017-04-20 10:09:19,913, 1492675759912992274, 0.675, 0.505, -1.612, -1.686, 2.497, 0.86
2017-04-20 10:09:19,915, 1492675759914970296, 0.547, 0.468, -1.846, -1.478, 2.192, 0.609
2017-04-20 10:09:19,917, 1492675759916955795, 0.507, 0.419, -1.877, -1.488, 2.132, 0.637
2017-04-20 10:09:19,918, 1492675759918876985, 0.436, 0.387, -1.96, -1.509, 2.033, 0.658
2017-04-20 10:09:19,921, 1492675759920863393, 0.395, 0.372, -1.97, -1.443, 1.92, 0.564
2017-04-20 10:09:19,926, 1492675759926128840, 0.424, 0.339, -1.974, -1.47, 2.216, 0.856
2017-04-20 10:09:19,928, 1492675759928648759, 0.415, 0.337, -1.979, -1.508, 2.289, 0.779
2017-04-20 10:09:19,930, 1492675759930067137, 0.352, 0.305, -2.002, -1.466, 2.328, 0.848
2017-04-20 10:09:19,932, 1492675759932051390, 0.292, 0.308, -2.011, -1.513, 2.308, 0.853
2017-04-20 10:09:19,934, 1492675759934056585, 0.308, 0.345, -2.018, -1.679, 2.385, 0.742
2017-04-20 10:09:19,936, 1492675759936003618, 0.308, 0.345, -2.034, -1.679, 2.385, 0.726
2017-04-20 10:09:19,938, 1492675759938013930, 0.278, 0.307, -2.025, -1.712, 2.345, 0.763
2017-04-20 10:09:19,940, 1492675759940044310, 0.229, 0.305, -2.027, -1.678, 2.275, 0.824
2017-04-20 10:09:19,942, 1492675759942009932, 0.245, 0.279, -2.048, -1.636, 2.297, 0.771
2017-04-20 10:09:19,944, 1492675759944064525, 0.286, 0.3, -2.025, -1.677, 2.32, 0.763
2017-04-20 10:09:19,950, 1492675759950088486, 0.464, 0.303, -2.003, -1.658, 2.487, 1.132
2017-04-20 10:09:19,952, 1492675759951896158, 0.482, 0.331, -1.981, -1.716, 2.427, 1.056
2017-04-20 10:09:19,962, 1492675759957148292, 0.43, 0.342, -1.99, -1.715, 2.242, 0.877
2017-04-20 10:09:19,962, 1492675759960879781, 0.485, 0.318, -2.029, -1.467, 2.166, 0.791
2017-04-20 10:09:19,962, 1492675759962063846, 0.452, 0.297, -2.029, -1.38, 2.043, 0.763
2017-04-20 10:09:19,964, 1492675759963850589, 0.429, 0.238, -2.033, -1.265, 1.987, 0.791
2017-04-20 10:09:19,965, 1492675759965088561, 0.359, 0.231, -2.047, -1.268, 1.824, 0.812
2017-04-20 10:09:19,967, 1492675759967038073, 0.274, 0.241, -2.065, -1.352, 1.722, 0.788
2017-04-20 10:09:19,969, 1492675759969097525, 0.203, 0.266, -2.07, -1.484, 1.638, 0.739
2017-04-20 10:09:19,971, 1492675759971176654, 0.171, 0.287, -2.08, -1.579, 1.657, 0.812
2017-04-20 10:09:19,973, 1492675759973062142, 0.194, 0.279, -2.088, -1.64, 1.799, 0.88
2017-04-20 10:09:19,975, 1492675759975017983, 0.265, 0.291, -2.091, -1.698, 2.035, 0.864
2017-04-20 10:09:19,977, 1492675759977140934, 0.321, 0.234, -2.088, -1.563, 2.265, 0.734
2017-04-20 10:09:19,982, 1492675759982031025, 0.355, 0.276, -2.1, -1.627, 2.334, 0.771
2017-04-20 10:09:19,984, 1492675759984144133, 0.348, 0.314, -2.112, -1.647, 2.257, 0.755
2017-04-20 10:09:19,986, 1492675759985921887, 0.326, 0.334, -2.104, -1.712, 2.115, 0.763
2017-04-20 10:09:19,988, 1492675759987913722, 0.312, 0.303, -2.122, -1.615, 2.041, 0.864
2017-04-20 10:09:19,989, 1492675759989881549, 0.276, 0.268, -2.108, -1.514, 1.954, 0.893
2017-04-20 10:09:19,992, 1492675759991897342, 0.295, 0.239, -2.124, -1.432, 1.99, 0.905
2017-04-20 10:09:19,994, 1492675759993939445, 0.342, 0.222, -2.131, -1.309, 2.085, 0.921
2017-04-20 10:09:19,996, 1492675759996084161, 0.345, 0.194, -2.114, -1.248, 2.124, 0.909
2017-04-20 10:09:19,998, 1492675759997904495, 0.316, 0.197, -2.121, -1.283, 2.104, 0.864
2017-04-20 10:09:20,000, 1492675759999905646, 0.27, 0.222, -2.13, -1.371, 2.076, 0.864
2017-04-20 10:09:20,001, 1492675760001874765, 0.246, 0.233, -2.136, -1.381, 2.097, 0.812
2017-04-20 10:09:20,004, 1492675760003922554, 0.254, 0.253, -2.135, -1.477, 2.169, 0.755
2017-04-20 10:09:20,005, 1492675760005852778, 0.261, 0.252, -2.125, -1.522, 2.239, 0.739
2017-04-20 10:09:20,008, 1492675760007918807, 0.294, 0.229, -2.124, -1.477, 2.316, 0.755
2017-04-20 10:09:20,010, 1492675760009911511, 0.314, 0.233, -2.143, -1.503, 2.358, 0.763
2017-04-20 10:09:20,012, 1492675760011941340, 0.321, 0.255, -2.148, -1.466, 2.369, 0.788
2017-04-20 10:09:20,014, 1492675760013990693, 0.322, 0.255, -2.146, -1.422, 2.341, 0.848
2017-04-20 10:09:20,016, 1492675760016010110, 0.315, 0.264, -2.147, -1.438, 2.298, 0.926
2017-04-20 10:09:20,017, 1492675760017905606, 0.335, 0.261, -2.165, -1.386, 2.277, 0.958
2017-04-20 10:09:20,019, 1492675760019915305, 0.357, 0.259, -2.153, -1.371, 2.233, 0.962
2017-04-20 10:09:20,029, 1492675760025347328, 0.378, 0.255, -2.157, -1.305, 2.188, 0.95
2017-04-20 10:09:20,030, 1492675760028301143, 0.255, 0.203, -2.163, -1.198, 1.846, 0.86
2017-04-20 10:09:20,030, 1492675760030051168, 0.23, 0.194, -2.163, -1.148, 1.807, 0.828
2017-04-20 10:09:20,032, 1492675760031901095, 0.219, 0.18, -2.16, -1.119, 1.8, 0.791
2017-04-20 10:09:20,034, 1492675760033063426, 0.215, 0.171, -2.156, -1.102, 1.8, 0.747
2017-04-20 10:09:20,035, 1492675760035108923, 0.211, 0.164, -2.161, -1.12, 1.821, 0.726
2017-04-20 10:09:20,037, 1492675760037020971, 0.218, 0.186, -2.164, -1.125, 1.847, 0.694
2017-04-20 10:09:20,039, 1492675760039060742, 0.212, 0.195, -2.157, -1.177, 1.856, 0.685
2017-04-20 10:09:20,041, 1492675760041033328, 0.218, 0.202, -2.159, -1.208, 1.847, 0.685
2017-04-20 10:09:20,043, 1492675760043059122, 0.219, 0.209, -2.137, -1.221, 1.821, 0.706
2017-04-20 10:09:20,045, 1492675760045018027, 0.23, 0.211, -2.141, -1.234, 1.806, 0.718
2017-04-20 10:09:20,047, 1492675760047061906, 0.24, 0.198, -2.13, -1.217, 1.803, 0.714
2017-04-20 10:09:20,049, 1492675760049041423, 0.249, 0.206, -2.126, -1.215, 1.797, 0.742
2017-04-20 10:09:20,051, 1492675760051029848, 0.255, 0.208, -2.125, -1.245, 1.799, 0.775
2017-04-20 10:09:20,053, 1492675760053015245, 0.264, 0.217, -2.131, -1.242, 1.82, 0.791
2017-04-20 10:09:20,055, 1492675760055046624, 0.261, 0.235, -2.122, -1.249, 1.834, 0.807
2017-04-20 10:09:20,057, 1492675760057069928, 0.263, 0.23, -2.132, -1.27, 1.843, 0.836
2017-04-20 10:09:20,064, 1492675760064425126, 0.239, 0.227, -2.149, -1.267, 1.823, 0.824
2017-04-20 10:09:20,066, 1492675760066024250, 0.239, 0.235, -2.112, -1.265, 1.81, 0.82
2017-04-20 10:09:20,068, 1492675760068058335, 0.236, 0.237, -2.106, -1.288, 1.798, 0.779
2017-04-20 10:09:20,070, 1492675760070033372, 0.22, 0.23, -2.104, -1.285, 1.782, 0.783
2017-04-20 10:09:20,072, 1492675760072092117, 0.231, 0.235, -2.108, -1.279, 1.773, 0.775
2017-04-20 10:09:20,074, 1492675760074031622, 0.231, 0.235, -2.113, -1.279, 1.761, 0.766
2017-04-20 10:09:20,076, 1492675760076057120, 0.232, 0.242, -2.125, -1.272, 1.751, 0.763
2017-04-20 10:09:20,078, 1492675760078042874, 0.232, 0.24, -2.131, -1.266, 1.741, 0.788
2017-04-20 10:09:20,080, 1492675760080053639, 0.247, 0.239, -2.116, -1.246, 1.726, 0.807
2017-04-20 10:09:20,082, 1492675760082040944, 0.236, 0.227, -2.111, -1.233, 1.703, 0.804
2017-04-20 10:09:20,084, 1492675760084064979, 0.227, 0.227, -2.111, -1.229, 1.679, 0.82
2017-04-20 10:09:20,086, 1492675760086027555, 0.233, 0.218, -2.121, -1.207, 1.655, 0.84
2017-04-20 10:09:20,088, 1492675760088175067, 0.224, 0.213, -2.119, -1.165, 1.626, 0.832
2017-04-20 10:09:20,090, 1492675760090037015, 0.244, 0.233, -2.124, -1.146, 1.631, 0.84
2017-04-20 10:09:20,097, 1492675760097470753, 0.24, 0.222, -2.12, -1.167, 1.605, 0.836
2017-04-20 10:09:20,099, 1492675760099066070, 0.213, 0.194, -2.135, -1.104, 1.521, 0.807
2017-04-20 10:09:20,101, 1492675760101080069, 0.213, 0.197, -2.142, -1.065, 1.516, 0.807
2017-04-20 10:09:20,103, 1492675760103026595, 0.176, 0.182, -2.139, -0.995, 1.476, 0.807
2017-04-20 10:09:20,105, 1492675760105162200, 0.192, 0.18, -2.125, -0.984, 1.465, 0.82
2017-04-20 10:09:20,110, 1492675760110049626, 0.213, 0.177, -2.115, -0.947, 1.509, 0.779
2017-04-20 10:09:20,111, 1492675760111049610, 0.204, 0.175, -2.117, -0.953, 1.492, 0.799
2017-04-20 10:09:20,113, 1492675760113873612, 0.208, 0.193, -2.109, -0.955, 1.506, 0.804
2017-04-20 10:09:20,115, 1492675760115913147, 0.218, 0.186, -2.111, -0.958, 1.535, 0.783
2017-04-20 10:09:20,117, 1492675760117895618, 0.216, 0.185, -2.109, -0.935, 1.539, 0.796
2017-04-20 10:09:20,119, 1492675760119902661, 0.213, 0.184, -2.111, -0.936, 1.569, 0.775
2017-04-20 10:09:20,122, 1492675760122816830, 0.235, 0.195, -2.101, -0.947, 1.626, 0.791
2017-04-20 10:09:20,124, 1492675760124047662, 0.238, 0.201, -2.1, -0.962, 1.664, 0.796
2017-04-20 10:09:20,126, 1492675760125985692, 0.23, 0.209, -2.101, -0.975, 1.663, 0.783
2017-04-20 10:09:20,128, 1492675760128024563, 0.226, 0.201, -2.102, -0.993, 1.665, 0.791
2017-04-20 10:09:20,132, 1492675760132390975, 0.234, 0.207, -2.107, -1.01, 1.696, 0.796
2017-04-20 10:09:20,134, 1492675760134083120, 0.245, 0.2, -2.1, -1.031, 1.698, 0.848
2017-04-20 10:09:20,136, 1492675760136054914, 0.246, 0.194, -2.101, -1.001, 1.676, 0.877
2017-04-20 10:09:20,138, 1492675760138049511, 0.251, 0.194, -2.095, -0.986, 1.654, 0.869
2017-04-20 10:09:20,140, 1492675760140053313, 0.235, 0.188, -2.098, -0.975, 1.621, 0.869
2017-04-20 10:09:20,142, 1492675760142071144, 0.24, 0.185, -2.108, -0.965, 1.585, 0.872
2017-04-20 10:09:20,144, 1492675760144064149, 0.226, 0.182, -2.101, -0.97, 1.554, 0.869
2017-04-20 10:09:20,146, 1492675760146046357, 0.227, 0.18, -2.123, -0.998, 1.529, 0.844
2017-04-20 10:09:20,148, 1492675760148030415, 0.221, 0.193, -2.121, -1.018, 1.499, 0.828
2017-04-20 10:09:20,150, 1492675760150056886, 0.208, 0.19, -2.146, -1.016, 1.479, 0.804
2017-04-20 10:09:20,152, 1492675760152289866, 0.207, 0.182, -2.14, -1.027, 1.471, 0.804
2017-04-20 10:09:20,158, 1492675760158098383, 0.197, 0.18, -2.139, -1.015, 1.45, 0.804
2017-04-20 10:09:20,160, 1492675760160077707, 0.205, 0.188, -2.135, -1.036, 1.444, 0.799
2017-04-20 10:09:20,163, 1492675760163216444, 0.193, 0.21, -2.15, -1.058, 1.416, 0.832
2017-04-20 10:09:20,165, 1492675760165033985, 0.2, 0.197, -2.127, -1.056, 1.408, 0.837
2017-04-20 10:09:20,167, 1492675760166914117, 0.204, 0.213, -2.136, -1.046, 1.397, 0.828
2017-04-20 10:09:20,168, 1492675760168201848, 0.204, 0.202, -2.138, -1.034, 1.387, 0.832
2017-04-20 10:09:20,178, 1492675760178052091, 0.179, 0.197, -2.101, -0.995, 1.336, 0.788
2017-04-20 10:09:20,179, 1492675760179836366, 0.189, 0.215, -2.108, -1.006, 1.359, 0.779
2017-04-20 10:09:20,182, 1492675760181923062, 0.21, 0.218, -2.108, -1.028, 1.391, 0.747
2017-04-20 10:09:20,184, 1492675760184216074, 0.196, 0.204, -2.107, -1.036, 1.402, 0.791
2017-04-20 10:09:20,186, 1492675760186086553, 0.2, 0.211, -2.096, -1.03, 1.417, 0.78
2017-04-20 10:09:20,188, 1492675760187893403, 0.195, 0.196, -2.104, -1.039, 1.445, 0.796
2017-04-20 10:09:20,190, 1492675760189935356, 0.2, 0.19, -2.1, -1.041, 1.473, 0.828
2017-04-20 10:09:20,192, 1492675760191923666, 0.211, 0.208, -2.102, -1.055, 1.512, 0.815
2017-04-20 10:09:20,194, 1492675760194014647, 0.219, 0.202, -2.117, -1.082, 1.545, 0.824
2017-04-20 10:09:20,196, 1492675760196136743, 0.227, 0.204, -2.093, -1.09, 1.561, 0.844