2017-04-20 10:10:53,931, 1492675853931927919, 0.0179764245855
2017-04-20 10:10:53,969, 1492675853969961881, 0.0383780107039
2017-04-20 10:10:53,983, 1492675853983536005, -0.0111904433722
2017-04-20 10:10:53,991, 1492675853991645097, -0.00350551314903
2017-04-20 10:10:53,998, 1492675853998385906, -0.0125066635989
2017-04-20 10:10:54,004, 1492675854004524946, -0.141131281488
2017-04-20 10:10:54,014, 1492675854014151096, -0.294625383789
2017-04-20 10:10:54,021, 1492675854021857023, -0.402357453366
2017-04-20 10:10:54,029, 1492675854029864072, -0.402357453366
2017-04-20 10:10:54,036, 1492675854036936998, -0.481207982897
2017-04-20 10:10:54,044, 1492675854044895887, -0.513579364411
2017-04-20 10:10:54,053, 1492675854052989006, -0.541578201782
2017-04-20 10:10:54,064, 1492675854064503908, -0.561480330874
2017-04-20 10:10:54,079, 1492675854079031944, -0.605907311169
2017-04-20 10:10:54,085, 1492675854085207939, -0.528908951362
2017-04-20 10:10:54,097, 1492675854097840070, -0.421417694591
2017-04-20 10:10:54,110, 1492675854110819101, -0.302673942313
2017-04-20 10:10:54,116, 1492675854116975069, -0.065286260942
2017-04-20 10:10:54,134, 1492675854134164094, -0.298117947088
2017-04-20 10:10:54,136, 1492675854136195898, -0.215178258951
2017-04-20 10:10:54,142, 1492675854142527103, -0.0937629079194
2017-04-20 10:10:54,149, 1492675854149056911, -0.299492548804
2017-04-20 10:10:54,165, 1492675854165565967, 0.0549210826316
2017-04-20 10:10:54,166, 1492675854166224002, -0.0145339114554
2017-04-20 10:10:54,173, 1492675854173561096, -0.292394556554
2017-04-20 10:10:54,183, 1492675854183772087, 0.0735492960927
2017-04-20 10:10:54,188, 1492675854188204050, 0.139590512719
2017-04-20 10:10:54,199, 1492675854199266910, -0.195310821562
2017-04-20 10:10:54,205, 1492675854205137968, -0.125829200542
2017-04-20 10:10:54,212, 1492675854212606906, 0.124273862444
2017-04-20 10:10:54,220, 1492675854220837116, 0.141861841463
2017-04-20 10:10:54,230, 1492675854230835914, -0.0331659221982
2017-04-20 10:10:54,237, 1492675854237148046, -0.0176972589804
2017-04-20 10:10:54,245, 1492675854245235919, 0.0658276854767
2017-04-20 10:10:54,253, 1492675854253230094, 0.389211174445
2017-04-20 10:10:54,266, 1492675854266009092, 0.472569539733
2017-04-20 10:10:54,269, 1492675854269107103, 0.565708623548
2017-04-20 10:10:54,278, 1492675854278615951, 0.492136628965
2017-04-20 10:10:54,284, 1492675854284815073, 0.454533059819
2017-04-20 10:10:54,292, 1492675854292840957, 0.185896637365
2017-04-20 10:10:54,303, 1492675854303174018, 0.302025093135
2017-04-20 10:10:54,308, 1492675854308757066, 0.304322329528
2017-04-20 10:10:54,317, 1492675854317089080, 0.243753643571
2017-04-20 10:10:54,325, 1492675854325238943, 0.201934455892
2017-04-20 10:10:54,332, 1492675854332619905, 0.211031446209
2017-04-20 10:10:54,342, 1492675854342061042, 0.155755402986
2017-04-20 10:10:54,349, 1492675854349023103, 0.031829791113
2017-04-20 10:10:54,356, 1492675854356650114, 0.0184879398666
2017-04-20 10:10:54,369, 1492675854369549036, 0.0481112143372
2017-04-20 10:10:54,373, 1492675854373414993, 0.0336256410197
2017-04-20 10:10:54,382, 1492675854382647991, -0.013290585848
2017-04-20 10:10:54,389, 1492675854389172077, -0.0278108530257
2017-04-20 10:10:54,397, 1492675854397126913, -0.0355381534448
2017-04-20 10:10:54,405, 1492675854405030965, -0.0348744307894
2017-04-20 10:10:54,413, 1492675854413058042, -0.0401812787432
2017-04-20 10:10:54,421, 1492675854421731948, -0.0560112626875
2017-04-20 10:10:54,428, 1492675854428759098, -0.0918081923185
2017-04-20 10:10:54,445, 1492675854445473909, -0.159657941129
2017-04-20 10:10:54,459, 1492675854459181070, -0.158130122548
2017-04-20 10:10:54,471, 1492675854471488952, -0.0553397605585
2017-04-20 10:10:54,479, 1492675854479254961, 0.0146528286012
2017-04-20 10:10:54,527, 1492675854527280092, 0.0499417499175
2017-04-20 10:10:54,541, 1492675854541755914, 0.0453963555446
2017-04-20 10:10:54,547, 1492675854547884941, 0.033696303506
2017-04-20 10:10:54,555, 1492675854555476903, 0.0433889108168
2017-04-20 10:10:54,564, 1492675854564892053, 0.0468815712959
2017-04-20 10:10:54,573, 1492675854573309898, 0.0918748497305
2017-04-20 10:10:54,581, 1492675854581471920, 0.198648526307
2017-04-20 10:10:54,585, 1492675854585911989, 0.242144852748
2017-04-20 10:10:54,594, 1492675854594639062, 0.229226565457
2017-04-20 10:10:54,601, 1492675854601906061, 0.231682395415
2017-04-20 10:10:54,610, 1492675854610779047, 0.216341239735
2017-04-20 10:10:54,619, 1492675854619172096, 0.306793996673
2017-04-20 10:10:54,626, 1492675854626451969, 0.333101669549
2017-04-20 10:10:54,638, 1492675854638232946, 0.375636671214
2017-04-20 10:10:54,648, 1492675854648088932, 0.324442642938
2017-04-20 10:10:54,659, 1492675854659157991, 0.28196578934
2017-04-20 10:10:54,666, 1492675854666374921, 0.21482934401
2017-04-20 10:10:54,676, 1492675854676819086, 0.27461308424
2017-04-20 10:10:54,683, 1492675854683427095, 0.236350525121
2017-04-20 10:10:54,694, 1492675854694955110, 0.245256776828
2017-04-20 10:10:54,697, 1492675854697974920, 0.111718186941
2017-04-20 10:10:54,708, 1492675854708400011, 0.29377822548
2017-04-20 10:10:54,715, 1492675854715141057, 0.0746302249835
2017-04-20 10:10:54,722, 1492675854722136974, 0.185815537793
2017-04-20 10:10:54,729, 1492675854729952096, -0.157024079202
2017-04-20 10:10:54,737, 1492675854737916946, -0.100850237631
2017-04-20 10:10:54,747, 1492675854747471094, 0.0522159761563
2017-04-20 10:10:54,754, 1492675854754220008, 0.165804587605
2017-04-20 10:10:54,764, 1492675854764075994, -0.0437203897948
2017-04-20 10:10:54,770, 1492675854770207881, 0.0217722557299
2017-04-20 10:10:54,784, 1492675854784421920, 0.094899980136
2017-04-20 10:10:54,794, 1492675854794107913, 0.135054499606
2017-04-20 10:10:54,803, 1492675854803402900, 0.122898648466
2017-04-20 10:10:54,813, 1492675854812974929, 0.11279150382
2017-04-20 10:10:54,820, 1492675854820246934, 0.0973804091063
2017-04-20 10:10:54,827, 1492675854827541112, 0.0654575989829
2017-04-20 10:10:54,834, 1492675854834675073, 0.0609037726085
2017-04-20 10:10:54,844, 1492675854844414949, 0.0995710676192
2017-04-20 10:10:54,850, 1492675854850236892, 0.11337378719
2017-04-20 10:10:54,865, 1492675854865756034, 0.127129536965
2017-04-20 10:10:54,875, 1492675854875458002, 0.134491650511
2017-04-20 10:10:54,883, 1492675854883655071, 0.15351700876
2017-04-20 10:10:54,890, 1492675854890216112, -0.000716128680125
2017-04-20 10:10:54,899, 1492675854899610996, 0.157365132779
2017-04-20 10:10:54,906, 1492675854906729936, 0.174404117166
2017-04-20 10:10:54,918, 1492675854918529033, 0.167568407698
2017-04-20 10:10:54,922, 1492675854922657012, 0.127221134723
2017-04-20 10:10:54,930, 1492675854930129051, 0.111335042363
2017-04-20 10:10:54,938, 1492675854938019037, 0.105237686373
2017-04-20 10:10:54,946, 1492675854946974992, 0.116148850321
2017-04-20 10:10:54,955, 1492675854955591917, 0.141799181117
