2017-04-20 10:11:49,766, 1492675909766371011, -0.029
2017-04-20 10:11:49,811, 1492675909811068058, 0.0631241834393
2017-04-20 10:11:49,822, 1492675909822527885, 0.0383785638884
2017-04-20 10:11:49,838, 1492675909838957071, -0.0398823703218
2017-04-20 10:11:49,849, 1492675909848987102, -0.164940824448
2017-04-20 10:11:49,856, 1492675909856081008, -0.250248235418
2017-04-20 10:11:49,868, 1492675909868884086, -0.320750072101
2017-04-20 10:11:49,878, 1492675909878680944, -0.48215233696
2017-04-20 10:11:49,890, 1492675909889997005, -0.548680217199
2017-04-20 10:11:49,895, 1492675909894994974, -0.519483313793
2017-04-20 10:11:49,906, 1492675909906095027, -0.542823339831
2017-04-20 10:11:49,910, 1492675909910417079, -0.577591696695
2017-04-20 10:11:49,918, 1492675909918706893, -0.556787017482
2017-04-20 10:11:49,927, 1492675909927736997, -0.538588438317
2017-04-20 10:11:49,937, 1492675909937858104, -0.38354671624
2017-04-20 10:11:49,943, 1492675909943058013, -0.393767801182
2017-04-20 10:11:49,950, 1492675909950517892, -0.202575255869
2017-04-20 10:11:49,958, 1492675909958556890, -0.145226268511
2017-04-20 10:11:49,970, 1492675909970328092, -0.269314102731
2017-04-20 10:11:49,975, 1492675909975831031, 0.0281245772694
2017-04-20 10:11:49,983, 1492675909983300924, -0.257765706814
2017-04-20 10:11:49,990, 1492675909990566015, -0.214860244534
2017-04-20 10:11:50,003, 1492675910003794908, -0.0163182823744
2017-04-20 10:11:50,009, 1492675910009414911, -0.00394160318622
2017-04-20 10:11:50,014, 1492675910014451026, -0.196833781241
2017-04-20 10:11:50,022, 1492675910022190093, 0.17017578491
2017-04-20 10:11:50,030, 1492675910030457019, -0.0369697408272
2017-04-20 10:11:50,039, 1492675910039793968, -0.29231064811
2017-04-20 10:11:50,048, 1492675910048134088, -0.0239431267309
2017-04-20 10:11:50,055, 1492675910055011987, 0.176151856665
2017-04-20 10:11:50,062, 1492675910062437057, 0.0106983320998
2017-04-20 10:11:50,070, 1492675910070753097, -0.168638122
2017-04-20 10:11:50,081, 1492675910081171035, 0.124978283589
2017-04-20 10:11:50,087, 1492675910087661027, 0.13682423876
2017-04-20 10:11:50,095, 1492675910095319986, 0.349528029422
2017-04-20 10:11:50,103, 1492675910103043079, 0.104356882014
2017-04-20 10:11:50,111, 1492675910110970020, 0.307451320139
2017-04-20 10:11:50,118, 1492675910118693113, 0.49998622374
2017-04-20 10:11:50,127, 1492675910127701044, 0.532415521684
2017-04-20 10:11:50,134, 1492675910134237051, 0.192563188564
2017-04-20 10:11:50,144, 1492675910144435882, 0.248849333133
2017-04-20 10:11:50,150, 1492675910150788068, 0.333970775082
2017-04-20 10:11:50,158, 1492675910158879995, 0.187579520328
2017-04-20 10:11:50,168, 1492675910168401002, 0.187409637443
2017-04-20 10:11:50,177, 1492675910177191972, 0.151732799996
2017-04-20 10:11:50,182, 1492675910182531118, 0.114202351109
2017-04-20 10:11:50,190, 1492675910190655946, 0.0299769490333
2017-04-20 10:11:50,198, 1492675910198688983, 0.0213490826435
2017-04-20 10:11:50,211, 1492675910211934089, 0.0421044214744
2017-04-20 10:11:50,224, 1492675910224169015, -0.0468048399224
2017-04-20 10:11:50,230, 1492675910230587005, -0.0115415646337
2017-04-20 10:11:50,240, 1492675910240354061, -0.0457553246635
2017-04-20 10:11:50,248, 1492675910248405933, -0.0498726659371
2017-04-20 10:11:50,254, 1492675910254672050, -0.0485874893436
2017-04-20 10:11:50,262, 1492675910262607097, -0.0663399071723
2017-04-20 10:11:50,270, 1492675910270723104, -0.0842614715224
2017-04-20 10:11:50,278, 1492675910278805971, -0.0788459621688
2017-04-20 10:11:50,287, 1492675910287621974, -0.0277614075418
2017-04-20 10:11:50,294, 1492675910294428110, -0.102467277761
2017-04-20 10:11:50,302, 1492675910302278995, -0.118047101096
2017-04-20 10:11:50,320, 1492675910320564031, -0.0843392533048
2017-04-20 10:11:50,371, 1492675910371923923, 0.0384763020045
2017-04-20 10:11:50,383, 1492675910383929967, 0.0649134705766
2017-04-20 10:11:50,392, 1492675910392268896, 0.0438613037152
2017-04-20 10:11:50,399, 1492675910399868965, 0.052338168736
2017-04-20 10:11:50,407, 1492675910407073974, 0.104567440968
2017-04-20 10:11:50,417, 1492675910417124986, 0.214968161199
2017-04-20 10:11:50,423, 1492675910423154115, 0.215197593175
2017-04-20 10:11:50,431, 1492675910431191921, 0.252823173804
2017-04-20 10:11:50,439, 1492675910438985109, 0.210452841485
2017-04-20 10:11:50,461, 1492675910461314916, 0.209247560925
2017-04-20 10:11:50,467, 1492675910467848062, 0.342739986139
2017-04-20 10:11:50,471, 1492675910471259117, 0.298943532749
2017-04-20 10:11:50,490, 1492675910490184068, 0.346828496108
2017-04-20 10:11:50,495, 1492675910495243072, 0.286636808632
2017-04-20 10:11:50,503, 1492675910503169059, 0.139124683207
2017-04-20 10:11:50,510, 1492675910510750055, 0.305595553502
2017-04-20 10:11:50,521, 1492675910521272897, 0.322942829071
2017-04-20 10:11:50,529, 1492675910529723882, 0.10692198976
2017-04-20 10:11:50,536, 1492675910536569118, 0.00930117966937
2017-04-20 10:11:50,543, 1492675910543000936, 0.092678709401
2017-04-20 10:11:50,551, 1492675910551363945, -0.0870645673914
2017-04-20 10:11:50,558, 1492675910558852910, 0.105024420158
2017-04-20 10:11:50,568, 1492675910567997932, 0.0748700003054
2017-04-20 10:11:50,574, 1492675910574816942, 0.15859479951
2017-04-20 10:11:50,583, 1492675910583874940, -0.0474392742723
2017-04-20 10:11:50,591, 1492675910591038942, 0.0824160617051
2017-04-20 10:11:50,598, 1492675910598885059, -0.0493337287715
2017-04-20 10:11:50,607, 1492675910607738018, 0.013911674982
2017-04-20 10:11:50,615, 1492675910615096092, 0.108960153213
2017-04-20 10:11:50,623, 1492675910623944997, 0.124576038296
2017-04-20 10:11:50,631, 1492675910631798028, 0.117423833147
2017-04-20 10:11:50,638, 1492675910638919115, 0.113143593508
2017-04-20 10:11:50,651, 1492675910651174068, 0.141789443104
2017-04-20 10:11:50,656, 1492675910656075954, 0.152177897863
2017-04-20 10:11:50,663, 1492675910663022994, 0.061388025259
2017-04-20 10:11:50,671, 1492675910671072959, 0.0721006625941
2017-04-20 10:11:50,679, 1492675910679241895, 0.0784597251851
2017-04-20 10:11:50,688, 1492675910688632011, 0.0956358377508
2017-04-20 10:11:50,695, 1492675910695178031, 0.112407105732
2017-04-20 10:11:50,703, 1492675910703295946, 0.0862009458
2017-04-20 10:11:50,711, 1492675910711045980, 0.127566608138
2017-04-20 10:11:50,728, 1492675910728768110, 0.00295984714221
2017-04-20 10:11:50,735, 1492675910734988927, 0.087730903787
2017-04-20 10:11:50,743, 1492675910743339061, 0.11247864669
2017-04-20 10:11:50,750, 1492675910750777959, 0.195646966665
2017-04-20 10:11:50,760, 1492675910760138034, 0.145856160798
2017-04-20 10:11:50,768, 1492675910768589019, 0.135631671724
2017-04-20 10:11:50,777, 1492675910777057886, 0.105284710641
2017-04-20 10:11:50,785, 1492675910785592079, 0.100665102462
2017-04-20 10:11:50,804, 1492675910804364919, 0.12649548473
