2017-04-20 10:10:20,362, 1492675820362834930, 0.0240786294928
2017-04-20 10:10:20,408, 1492675820408448934, 0.0336260097623
2017-04-20 10:10:20,422, 1492675820422126054, 0.0188348019884
2017-04-20 10:10:20,429, 1492675820429568052, -0.00205805715697
2017-04-20 10:10:20,440, 1492675820440783023, -0.110104563386
2017-04-20 10:10:20,452, 1492675820452513933, -0.404974378107
2017-04-20 10:10:20,464, 1492675820464027881, -0.465937401555
2017-04-20 10:10:20,468, 1492675820468784093, -0.461000161985
2017-04-20 10:10:20,486, 1492675820486224889, -0.500297301652
2017-04-20 10:10:20,494, 1492675820494189977, -0.532692079721
2017-04-20 10:10:20,500, 1492675820500710964, -0.616107989715
2017-04-20 10:10:20,508, 1492675820508172035, -0.614000614954
2017-04-20 10:10:20,516, 1492675820516829967, -0.507964041044
2017-04-20 10:10:20,525, 1492675820525388002, -0.400844280782
2017-04-20 10:10:20,532, 1492675820532706022, -0.334770421038
2017-04-20 10:10:20,540, 1492675820540606021, -0.234185368087
2017-04-20 10:10:20,548, 1492675820548662900, -0.13953479573
2017-04-20 10:10:20,556, 1492675820556421041, -0.259731389711
2017-04-20 10:10:20,564, 1492675820564316987, -0.0319861224074
2017-04-20 10:10:20,572, 1492675820572021007, -0.113633231703
2017-04-20 10:10:20,588, 1492675820588690996, 0.166916228123
2017-04-20 10:10:20,597, 1492675820597565889, -0.123788221718
2017-04-20 10:10:20,604, 1492675820604340076, -0.272028348409
2017-04-20 10:10:20,614, 1492675820614437103, -0.0384474463043
2017-04-20 10:10:20,622, 1492675820622625112, -0.0766213163105
2017-04-20 10:10:20,628, 1492675820628838062, -0.103130472177
2017-04-20 10:10:20,635, 1492675820635865926, -0.147223861765
2017-04-20 10:10:20,643, 1492675820643961906, -0.145881335714
2017-04-20 10:10:20,652, 1492675820652672052, -0.103792701874
2017-04-20 10:10:20,660, 1492675820660346984, -0.00777291405788
2017-04-20 10:10:20,668, 1492675820668507099, 0.183861807147
2017-04-20 10:10:20,682, 1492675820682670116, 0.0919047908929
2017-04-20 10:10:20,692, 1492675820692569971, 0.419155570036
2017-04-20 10:10:20,700, 1492675820700520992, 0.238981264854
2017-04-20 10:10:20,720, 1492675820720731019, 0.343001775691
2017-04-20 10:10:20,725, 1492675820725167036, 0.141865196846
2017-04-20 10:10:20,732, 1492675820732687950, 0.238221156757
2017-04-20 10:10:20,740, 1492675820740808963, 0.312999465628
2017-04-20 10:10:20,757, 1492675820757514953, 0.22549704669
2017-04-20 10:10:20,764, 1492675820764463901, 0.201071751414
2017-04-20 10:10:20,774, 1492675820774214029, 0.148052679705
2017-04-20 10:10:20,790, 1492675820790627002, 0.100639519296
2017-04-20 10:10:20,796, 1492675820796334028, 0.0185555285076
2017-04-20 10:10:20,805, 1492675820805083990, -0.0288721225896
2017-04-20 10:10:20,815, 1492675820815615892, -0.0614914620886
2017-04-20 10:10:20,821, 1492675820821022033, -0.0302277559096
2017-04-20 10:10:20,828, 1492675820828805923, -0.0403559308836
2017-04-20 10:10:20,837, 1492675820837398052, -0.0423335405817
2017-04-20 10:10:20,844, 1492675820844124078, -0.0479345105879
2017-04-20 10:10:20,853, 1492675820853513002, -0.0637402339207
2017-04-20 10:10:20,861, 1492675820861442089, -0.0434267009436
2017-04-20 10:10:20,868, 1492675820868411064, -0.0850002801259
2017-04-20 10:10:20,878, 1492675820877986907, -0.0399386155109
2017-04-20 10:10:20,894, 1492675820894093990, -0.124678885187
2017-04-20 10:10:20,905, 1492675820905637025, -0.033771115007
2017-04-20 10:10:20,910, 1492675820910048007, 0.0198515760099
2017-04-20 10:10:20,967, 1492675820967329025, 0.0559770820534
2017-04-20 10:10:20,994, 1492675820993987083, 0.0494453017815
2017-04-20 10:10:21,002, 1492675821002573013, 0.0957861174182
2017-04-20 10:10:21,012, 1492675821012814998, 0.161761370486
2017-04-20 10:10:21,018, 1492675821018913984, 0.205268293753
2017-04-20 10:10:21,029, 1492675821029279947, 0.224956871579
2017-04-20 10:10:21,034, 1492675821034739017, 0.245636039888
2017-04-20 10:10:21,042, 1492675821042463064, 0.199641165301
2017-04-20 10:10:21,052, 1492675821052964925, 0.243615298892
2017-04-20 10:10:21,058, 1492675821058823108, 0.272272642646
2017-04-20 10:10:21,068, 1492675821068022966, 0.269480742252
2017-04-20 10:10:21,074, 1492675821074318885, 0.214605516832
2017-04-20 10:10:21,081, 1492675821081818103, 0.293992692045
2017-04-20 10:10:21,092, 1492675821092734098, 0.318919834155
2017-04-20 10:10:21,100, 1492675821100188016, 0.125979268184
2017-04-20 10:10:21,107, 1492675821107676982, 0.235581034637
2017-04-20 10:10:21,114, 1492675821114270925, 0.314523189607
2017-04-20 10:10:21,128, 1492675821128463029, 0.262692248383
2017-04-20 10:10:21,138, 1492675821138345003, 0.204614972361
2017-04-20 10:10:21,149, 1492675821149652004, -0.000528277853896
2017-04-20 10:10:21,154, 1492675821154205083, 0.0393535342004
2017-04-20 10:10:21,164, 1492675821164521932, -0.144086191217
2017-04-20 10:10:21,170, 1492675821170603990, -0.0670136584964
2017-04-20 10:10:21,178, 1492675821178803920, 0.0929229663938
2017-04-20 10:10:21,188, 1492675821188651084, 0.156437157652
2017-04-20 10:10:21,195, 1492675821195231914, -0.0449215113343
2017-04-20 10:10:21,203, 1492675821203197002, 0.0196966743601
2017-04-20 10:10:21,210, 1492675821210635900, 0.0343159467046
2017-04-20 10:10:21,217, 1492675821217796087, 0.123491382848
2017-04-20 10:10:21,227, 1492675821227572917, 0.126501275742
2017-04-20 10:10:21,234, 1492675821234256029, 0.148213158216
2017-04-20 10:10:21,243, 1492675821243510007, 0.152632434783
2017-04-20 10:10:21,250, 1492675821250251054, 0.096927403302
2017-04-20 10:10:21,261, 1492675821261034965, 0.0805912304495
2017-04-20 10:10:21,266, 1492675821266470909, 0.0726440174514
2017-04-20 10:10:21,274, 1492675821274074077, 0.0558929821789
2017-04-20 10:10:21,282, 1492675821282524108, 0.0672764914129
2017-04-20 10:10:21,290, 1492675821290107011, 0.0909588835747
2017-04-20 10:10:21,298, 1492675821298748016, 0.112790686537
2017-04-20 10:10:21,308, 1492675821308163881, 0.105594360815
2017-04-20 10:10:21,314, 1492675821314449071, 0.067513515195
2017-04-20 10:10:21,323, 1492675821323049068, 0.109777441901
2017-04-20 10:10:21,330, 1492675821330951929, 0.0629891065207
2017-04-20 10:10:21,338, 1492675821338397026, 0.120527287044
2017-04-20 10:10:21,346, 1492675821346246957, 0.161474626897
2017-04-20 10:10:21,354, 1492675821354228019, 0.157281806875
2017-04-20 10:10:21,365, 1492675821365617036, 0.125926990725
2017-04-20 10:10:21,370, 1492675821370346069, 0.108610479379
2017-04-20 10:10:21,379, 1492675821379115104, 0.139254681987
2017-04-20 10:10:21,386, 1492675821386905908, 0.173349893609
2017-04-20 10:10:21,399, 1492675821399882078, 0.168500955647
