2017-04-20 10:10:07,853, 1492675807853379964, -0.00411827105073
2017-04-20 10:10:07,886, 1492675807886059045, -0.0105331544857
2017-04-20 10:10:07,897, 1492675807897630929, 0.00533961980392
2017-04-20 10:10:07,908, 1492675807908205986, 0.036917290802
2017-04-20 10:10:07,915, 1492675807915865898, -0.0705340521079
2017-04-20 10:10:07,921, 1492675807921581029, -0.0786561906831
2017-04-20 10:10:07,929, 1492675807929759979, -0.281363015157
2017-04-20 10:10:07,937, 1492675807937602043, -0.37345838002
2017-04-20 10:10:07,949, 1492675807949112892, -0.451600248497
2017-04-20 10:10:07,953, 1492675807953916072, -0.446325939954
2017-04-20 10:10:07,961, 1492675807961226940, -0.532293543184
2017-04-20 10:10:07,969, 1492675807969722032, -0.511050479523
2017-04-20 10:10:07,977, 1492675807977695941, -0.565351867656
2017-04-20 10:10:07,987, 1492675807987597942, -0.603758079253
2017-04-20 10:10:07,993, 1492675807993323087, -0.58687584187
2017-04-20 10:10:08,001, 1492675808001452922, -0.542334835466
2017-04-20 10:10:08,009, 1492675808009040117, -0.42535783541
2017-04-20 10:10:08,019, 1492675808019236087, -0.34577251939
2017-04-20 10:10:08,026, 1492675808026830911, -0.227974494056
2017-04-20 10:10:08,033, 1492675808033363103, -0.0976831456611
2017-04-20 10:10:08,045, 1492675808044980049, -0.294741924338
2017-04-20 10:10:08,050, 1492675808050651073, -0.0318449841115
2017-04-20 10:10:08,057, 1492675808057682991, -0.352654166907
2017-04-20 10:10:08,066, 1492675808066907882, -0.19054628391
2017-04-20 10:10:08,073, 1492675808073729991, 0.161979514298
2017-04-20 10:10:08,081, 1492675808081410884, -0.181039158494
2017-04-20 10:10:08,090, 1492675808090457916, -0.191839488642
2017-04-20 10:10:08,097, 1492675808097430944, 0.147099578531
2017-04-20 10:10:08,108, 1492675808108053922, -0.000918782339196
2017-04-20 10:10:08,116, 1492675808116427898, -0.111016019968
2017-04-20 10:10:08,121, 1492675808121699094, -0.0689264878641
2017-04-20 10:10:08,129, 1492675808129863023, 0.026841198646
2017-04-20 10:10:08,137, 1492675808137517929, 0.0610247650575
2017-04-20 10:10:08,147, 1492675808147660017, 0.00553741764869
2017-04-20 10:10:08,154, 1492675808154069900, 0.0121777066018
2017-04-20 10:10:08,161, 1492675808161501884, 0.0399517104686
2017-04-20 10:10:08,169, 1492675808169302940, 0.375727480354
2017-04-20 10:10:08,177, 1492675808177433013, 0.179749377944
2017-04-20 10:10:08,188, 1492675808188707113, 0.288715609566
2017-04-20 10:10:08,193, 1492675808193597078, 0.329808165592
2017-04-20 10:10:08,201, 1492675808201311111, 0.533986225023
2017-04-20 10:10:08,209, 1492675808209316968, 0.260964447145
2017-04-20 10:10:08,220, 1492675808220252990, 0.24762361309
2017-04-20 10:10:08,228, 1492675808228060007, 0.2882155858
2017-04-20 10:10:08,233, 1492675808233659982, 0.247964926644
2017-04-20 10:10:08,241, 1492675808241638898, 0.16187322848
2017-04-20 10:10:08,249, 1492675808249752998, 0.128031305449
2017-04-20 10:10:08,259, 1492675808258985996, 0.0872907560282
2017-04-20 10:10:08,267, 1492675808267642021, 0.0310382127284
2017-04-20 10:10:08,273, 1492675808273540973, 0.0900045712954
2017-04-20 10:10:08,281, 1492675808281316041, 0.0076256897115
2017-04-20 10:10:08,290, 1492675808290220022, -0.00669513229642
2017-04-20 10:10:08,297, 1492675808297580003, -0.0199477519943
2017-04-20 10:10:08,306, 1492675808306447029, -0.0344664839472
2017-04-20 10:10:08,313, 1492675808313873052, -0.045515539968
2017-04-20 10:10:08,321, 1492675808321851015, -0.0229779441706
2017-04-20 10:10:08,329, 1492675808329495906, -0.0462680023056
2017-04-20 10:10:08,337, 1492675808337188005, -0.066559373656
2017-04-20 10:10:08,345, 1492675808345927953, -0.10352319183
2017-04-20 10:10:08,358, 1492675808357956886, -0.128603487277
2017-04-20 10:10:08,361, 1492675808361731052, -0.0424298833288
2017-04-20 10:10:08,369, 1492675808369421958, -0.0904126864672
2017-04-20 10:10:08,377, 1492675808377666950, -0.136384469743
2017-04-20 10:10:08,391, 1492675808391504049, -0.0892817530026
2017-04-20 10:10:08,450, 1492675808449982881, 0.0468132544034
2017-04-20 10:10:08,466, 1492675808466487884, 0.0831894347709
2017-04-20 10:10:08,485, 1492675808485852956, 0.0649359572143
2017-04-20 10:10:08,498, 1492675808498727083, 0.11379250566
2017-04-20 10:10:08,509, 1492675808509731054, 0.243298132211
2017-04-20 10:10:08,517, 1492675808517164945, 0.233762963172
2017-04-20 10:10:08,533, 1492675808533123016, 0.217862487265
2017-04-20 10:10:08,534, 1492675808534408092, 0.21669900697
2017-04-20 10:10:08,542, 1492675808542834043, 0.344891776436
2017-04-20 10:10:08,549, 1492675808549101114, 0.379168554452
2017-04-20 10:10:08,558, 1492675808558824062, 0.183245391063
2017-04-20 10:10:08,565, 1492675808565110921, 0.279677856082
2017-04-20 10:10:08,573, 1492675808573189020, 0.308169748313
2017-04-20 10:10:08,581, 1492675808581062078, 0.184027541664
2017-04-20 10:10:08,588, 1492675808588855028, 0.0964068412058
2017-04-20 10:10:08,601, 1492675808601423025, 0.130678433109
2017-04-20 10:10:08,605, 1492675808605753898, 0.219866701218
2017-04-20 10:10:08,613, 1492675808613939046, 0.297577210751
2017-04-20 10:10:08,621, 1492675808621077060, 0.18184867596
2017-04-20 10:10:08,628, 1492675808628628015, 0.287692562383
2017-04-20 10:10:08,637, 1492675808637543916, 0.138563413717
2017-04-20 10:10:08,645, 1492675808645108938, 0.13695669409
2017-04-20 10:10:08,653, 1492675808653033971, -0.127041205713
2017-04-20 10:10:08,664, 1492675808664931058, -0.000729874530636
2017-04-20 10:10:08,677, 1492675808677206039, 0.138312631361
2017-04-20 10:10:08,685, 1492675808685164928, 0.0613409605848
2017-04-20 10:10:08,694, 1492675808694246053, -0.0172841849753
2017-04-20 10:10:08,703, 1492675808703829050, -0.028721948652
2017-04-20 10:10:08,708, 1492675808708973884, 0.0699572797848
2017-04-20 10:10:08,719, 1492675808719234943, 0.159520763658
2017-04-20 10:10:08,725, 1492675808725224018, 0.148492875074
2017-04-20 10:10:08,735, 1492675808735172986, 0.134726274058
2017-04-20 10:10:08,741, 1492675808741429090, 0.0850374123052
2017-04-20 10:10:08,748, 1492675808748718976, 0.0637147302059
2017-04-20 10:10:08,756, 1492675808756917953, 0.0816211963834
2017-04-20 10:10:08,771, 1492675808771604061, 0.112055392666
2017-04-20 10:10:08,781, 1492675808781155109, 0.121713727692
2017-04-20 10:10:08,789, 1492675808789865016, 0.125869802248
2017-04-20 10:10:08,797, 1492675808797080993, 0.0775315143569
2017-04-20 10:10:08,813, 1492675808813952922, 0.140313819967
2017-04-20 10:10:08,821, 1492675808821252107, 0.142039199523
2017-04-20 10:10:08,830, 1492675808830239057, 0.151601422047
2017-04-20 10:10:08,838, 1492675808838814020, 0.17788695644
2017-04-20 10:10:08,846, 1492675808846111059, 0.161133581424
2017-04-20 10:10:08,853, 1492675808853528022, 0.133512807751
2017-04-20 10:10:08,861, 1492675808861115932, 0.115769911204
2017-04-20 10:10:08,876, 1492675808876332044, 0.125456316765
