2017-04-20 10:10:15,369, 1492675815369946956, 0.0298233721531
2017-04-20 10:10:15,409, 1492675815409754991, -0.00844810152006
2017-04-20 10:10:15,426, 1492675815426208019, -0.0115989735317
2017-04-20 10:10:15,438, 1492675815438591957, -0.0946510392989
2017-04-20 10:10:15,445, 1492675815445405960, -0.232380199214
2017-04-20 10:10:15,453, 1492675815453104972, -0.30904459063
2017-04-20 10:10:15,464, 1492675815464329957, -0.397153978727
2017-04-20 10:10:15,469, 1492675815469111919, -0.465231153217
2017-04-20 10:10:15,477, 1492675815477895975, -0.470903761687
2017-04-20 10:10:15,484, 1492675815484776973, -0.514716308273
2017-04-20 10:10:15,494, 1492675815494674921, -0.568423751424
2017-04-20 10:10:15,501, 1492675815501036882, -0.604747065939
2017-04-20 10:10:15,508, 1492675815508825063, -0.642426611228
2017-04-20 10:10:15,516, 1492675815516581058, -0.539578549151
2017-04-20 10:10:15,524, 1492675815524295091, -0.393891091843
2017-04-20 10:10:15,533, 1492675815533077001, -0.386817763019
2017-04-20 10:10:15,540, 1492675815540327072, -0.226890558882
2017-04-20 10:10:15,549, 1492675815549221992, -0.2663673601
2017-04-20 10:10:15,558, 1492675815558057069, -0.0844103511313
2017-04-20 10:10:15,566, 1492675815566550970, -0.0262398318495
2017-04-20 10:10:15,572, 1492675815572633981, -0.226240841247
2017-04-20 10:10:15,580, 1492675815580382108, 0.0231214792802
2017-04-20 10:10:15,588, 1492675815588808059, -0.274576844537
2017-04-20 10:10:15,599, 1492675815599153041, -0.182570875881
2017-04-20 10:10:15,604, 1492675815604511022, 0.223457534269
2017-04-20 10:10:15,612, 1492675815612267971, -0.0688157945784
2017-04-20 10:10:15,620, 1492675815620790958, -0.310206167541
2017-04-20 10:10:15,629, 1492675815629729986, -0.0287204215442
2017-04-20 10:10:15,638, 1492675815638303995, 0.102532926224
2017-04-20 10:10:15,644, 1492675815644501924, -0.0507727617175
2017-04-20 10:10:15,653, 1492675815653531074, -0.120885807182
2017-04-20 10:10:15,663, 1492675815663021087, -0.120130758214
2017-04-20 10:10:15,674, 1492675815674484014, 0.14965266393
2017-04-20 10:10:15,685, 1492675815685028076, 0.148258737217
2017-04-20 10:10:15,695, 1492675815695811033, 0.0961069454143
2017-04-20 10:10:15,701, 1492675815701456069, 0.261753396008
2017-04-20 10:10:15,709, 1492675815709755897, 0.0387813592522
2017-04-20 10:10:15,720, 1492675815720077991, 0.112456178205
2017-04-20 10:10:15,724, 1492675815724503040, 0.462867723047
2017-04-20 10:10:15,733, 1492675815733697891, 0.209879281811
2017-04-20 10:10:15,740, 1492675815740953922, 0.283438453544
2017-04-20 10:10:15,748, 1492675815748749971, 0.365118489926
2017-04-20 10:10:15,756, 1492675815756109952, 0.35387391867
2017-04-20 10:10:15,773, 1492675815773386001, 0.0685288394741
2017-04-20 10:10:15,781, 1492675815781457901, 0.0672387272892
2017-04-20 10:10:15,788, 1492675815788940906, 0.106749933468
2017-04-20 10:10:15,807, 1492675815807558059, -0.0120237396966
2017-04-20 10:10:15,812, 1492675815812413930, -0.00259247816261
2017-04-20 10:10:15,820, 1492675815820595979, -0.018574857863
2017-04-20 10:10:15,834, 1492675815834064006, -0.037770361216
2017-04-20 10:10:15,844, 1492675815844913005, -0.0275458414198
2017-04-20 10:10:15,854, 1492675815854629039, -0.0590820292148
2017-04-20 10:10:15,864, 1492675815864826917, -0.0976778089993
2017-04-20 10:10:15,877, 1492675815877441883, -0.0435718253039
2017-04-20 10:10:15,885, 1492675815885402917, -0.0317351837852
2017-04-20 10:10:15,893, 1492675815893241882, -0.0197404841305
2017-04-20 10:10:15,901, 1492675815901921987, -0.00559452699303
2017-04-20 10:10:15,909, 1492675815909228086, -0.0354033148546
2017-04-20 10:10:15,962, 1492675815962841033, 0.0432786856729
2017-04-20 10:10:15,977, 1492675815977196931, 0.0904716429194
2017-04-20 10:10:15,981, 1492675815981890916, 0.0615370326413
2017-04-20 10:10:15,990, 1492675815990112066, 0.0594632670808
2017-04-20 10:10:15,997, 1492675815997369050, 0.0945402876784
2017-04-20 10:10:16,008, 1492675816008260011, 0.0942477667273
2017-04-20 10:10:16,014, 1492675816014044046, 0.189457896299
2017-04-20 10:10:16,021, 1492675816021528005, 0.214250527907
2017-04-20 10:10:16,029, 1492675816029347896, 0.193087837358
2017-04-20 10:10:16,041, 1492675816041877985, 0.206715193513
2017-04-20 10:10:16,046, 1492675816046875953, 0.228230164504
2017-04-20 10:10:16,053, 1492675816053292989, 0.308627463309
2017-04-20 10:10:16,061, 1492675816061613082, 0.316355006689
2017-04-20 10:10:16,070, 1492675816070588111, 0.194880243995
2017-04-20 10:10:16,077, 1492675816077687978, 0.213488264404
2017-04-20 10:10:16,086, 1492675816086652040, 0.226201360418
2017-04-20 10:10:16,093, 1492675816093487977, 0.165290222408
2017-04-20 10:10:16,101, 1492675816101773023, 0.0838260895955
2017-04-20 10:10:16,110, 1492675816110207080, 0.383003247957
2017-04-20 10:10:16,118, 1492675816118086099, 0.113586538742
2017-04-20 10:10:16,126, 1492675816126729011, 0.212978415465
2017-04-20 10:10:16,139, 1492675816139147043, 0.106683826827
2017-04-20 10:10:16,150, 1492675816150233983, 0.100995355583
2017-04-20 10:10:16,157, 1492675816157485008, -0.10378260941
2017-04-20 10:10:16,167, 1492675816167042016, -0.154516245943
2017-04-20 10:10:16,179, 1492675816179523944, -0.0960627444535
2017-04-20 10:10:16,182, 1492675816182251930, 0.194498094148
2017-04-20 10:10:16,189, 1492675816188991069, 0.0720900530811
2017-04-20 10:10:16,197, 1492675816197892904, -0.0344780163029
2017-04-20 10:10:16,207, 1492675816207971096, 0.0428791622947
2017-04-20 10:10:16,213, 1492675816213690996, 0.0941827282485
2017-04-20 10:10:16,221, 1492675816221916913, 0.134263279309
2017-04-20 10:10:16,229, 1492675816229612112, 0.139981967939
2017-04-20 10:10:16,237, 1492675816237737894, 0.136118798395
2017-04-20 10:10:16,254, 1492675816254065036, 0.0938801684122
2017-04-20 10:10:16,262, 1492675816262428998, 0.0818327968231
2017-04-20 10:10:16,270, 1492675816270591974, 0.087098468457
2017-04-20 10:10:16,287, 1492675816287079095, 0.111165213027
2017-04-20 10:10:16,294, 1492675816294126033, 0.11799768909
2017-04-20 10:10:16,302, 1492675816302336931, 0.109376825839
2017-04-20 10:10:16,318, 1492675816318670988, 0.0892232106474
2017-04-20 10:10:16,327, 1492675816327194929, 0.106694561067
2017-04-20 10:10:16,335, 1492675816335767984, 0.13287490213
2017-04-20 10:10:16,342, 1492675816342890024, 0.154642781499
2017-04-20 10:10:16,352, 1492675816352389097, 0.1873461142
2017-04-20 10:10:16,357, 1492675816357897996, 0.152634287561
2017-04-20 10:10:16,366, 1492675816366854906, 0.125815127572
2017-04-20 10:10:16,373, 1492675816373428106, 0.121791869452
2017-04-20 10:10:16,382, 1492675816382925033, 0.140072403999
2017-04-20 10:10:16,389, 1492675816389286041, 0.155811763554
