2017-04-20 10:09:07,973, 1492675747973390102, 0.00565181525039
2017-04-20 10:09:08,020, 1492675748020833969, 0.023634059846
2017-04-20 10:09:08,031, 1492675748031821966, 0.0102283763122
2017-04-20 10:09:08,043, 1492675748043107032, -0.00162416555467
2017-04-20 10:09:08,051, 1492675748050982952, 0.0158678723649
2017-04-20 10:09:08,057, 1492675748057168960, -0.0030434883809
2017-04-20 10:09:08,063, 1492675748063191890, -0.0575477324444
2017-04-20 10:09:08,072, 1492675748072412967, -0.0795748710452
2017-04-20 10:09:08,079, 1492675748079277992, -0.124924139033
2017-04-20 10:09:08,097, 1492675748097119092, -0.152959906867
2017-04-20 10:09:08,104, 1492675748104414939, -0.13313256898
2017-04-20 10:09:08,111, 1492675748110996007, -0.127816737596
2017-04-20 10:09:08,121, 1492675748121715068, -0.119438569897
2017-04-20 10:09:08,127, 1492675748127763986, -0.134721645594
2017-04-20 10:09:08,135, 1492675748135328054, -0.166361470789
2017-04-20 10:09:08,142, 1492675748142685890, -0.173230252285
2017-04-20 10:09:08,158, 1492675748158201932, -0.179118445348
2017-04-20 10:09:08,159, 1492675748159132957, -0.15196097156
2017-04-20 10:09:08,167, 1492675748167141914, -0.174178800892
2017-04-20 10:09:08,175, 1492675748175204038, -0.139187805947
2017-04-20 10:09:08,183, 1492675748183593034, -0.146741206533
2017-04-20 10:09:08,191, 1492675748191843032, -0.182115189043
2017-04-20 10:09:08,199, 1492675748199187994, -0.145113384342
2017-04-20 10:09:08,207, 1492675748207256078, -0.198476044935
2017-04-20 10:09:08,215, 1492675748215171098, -0.12033422761
2017-04-20 10:09:08,224, 1492675748224236011, -0.161374988774
2017-04-20 10:09:08,231, 1492675748231064081, -0.144296284426
2017-04-20 10:09:08,239, 1492675748238977909, -0.0374083933099
2017-04-20 10:09:08,247, 1492675748247067928, -0.0339233085523
2017-04-20 10:09:08,256, 1492675748256031036, -0.0760195125745
2017-04-20 10:09:08,263, 1492675748263926029, -0.0481740185761
2017-04-20 10:09:08,271, 1492675748271223068, -0.0656281050306
2017-04-20 10:09:08,279, 1492675748279110908, -0.089591327665
2017-04-20 10:09:08,288, 1492675748288839101, -0.00357021794582
2017-04-20 10:09:08,295, 1492675748295392990, -0.045005106299
2017-04-20 10:09:08,303, 1492675748303468942, -0.0266139404139
2017-04-20 10:09:08,311, 1492675748311228036, -0.00924479177164
2017-04-20 10:09:08,319, 1492675748319240093, -0.019491815662
2017-04-20 10:09:08,327, 1492675748327936887, -0.0330042114033
2017-04-20 10:09:08,335, 1492675748335481882, -0.0398048799896
2017-04-20 10:09:08,343, 1492675748343818902, -0.0368781791881
2017-04-20 10:09:08,350, 1492675748350929021, -0.00437179834148
2017-04-20 10:09:08,361, 1492675748361824035, -0.0356000934179
2017-04-20 10:09:08,369, 1492675748368987083, -0.0400049898069
2017-04-20 10:09:08,375, 1492675748375164031, -0.0709509789847
2017-04-20 10:09:08,383, 1492675748383455991, -0.0397311343387
2017-04-20 10:09:08,391, 1492675748391068935, 0.000527355310094
2017-04-20 10:09:08,399, 1492675748399774074, -0.0419579712876
2017-04-20 10:09:08,407, 1492675748407114028, -0.00937743013603
2017-04-20 10:09:08,415, 1492675748415293931, -0.00230484969101
2017-04-20 10:09:08,424, 1492675748424709081, -0.0472854876693
2017-04-20 10:09:08,434, 1492675748434082984, -0.00835827912537
2017-04-20 10:09:08,439, 1492675748439341068, -0.0223595419955
2017-04-20 10:09:08,447, 1492675748447235107, -0.0482222574283
2017-04-20 10:09:08,459, 1492675748459410905, -0.019405834845
2017-04-20 10:09:08,463, 1492675748463465929, -0.019405834845
2017-04-20 10:09:08,471, 1492675748471631050, -0.05576956584
2017-04-20 10:09:08,479, 1492675748479123115, -0.0342840602689
2017-04-20 10:09:08,491, 1492675748491971015, 0.0226943366946
2017-04-20 10:09:08,495, 1492675748495800018, 0.0725361691295
2017-04-20 10:09:08,504, 1492675748504168033, -0.0211944229199
2017-04-20 10:09:08,511, 1492675748511414051, -0.0245081074324
2017-04-20 10:09:08,519, 1492675748519707918, 0.0195125333135
2017-04-20 10:09:08,529, 1492675748528996944, 0.0144021792254
2017-04-20 10:09:08,535, 1492675748535119056, -0.00184402284748
2017-04-20 10:09:08,543, 1492675748543407917, 0.0275518966004
2017-04-20 10:09:08,550, 1492675748550945043, 0.0715837770984
2017-04-20 10:09:08,559, 1492675748559380054, 0.114041538936
2017-04-20 10:09:08,567, 1492675748567219972, 0.0605585419764
2017-04-20 10:09:08,575, 1492675748575200080, 0.0387999076724
2017-04-20 10:09:08,584, 1492675748584350109, 0.0368205209976
2017-04-20 10:09:08,591, 1492675748591248989, 0.0731718830189
2017-04-20 10:09:08,599, 1492675748599649906, 0.033827388188
2017-04-20 10:09:08,607, 1492675748607115983, 0.0369942866204
2017-04-20 10:09:08,615, 1492675748615185976, 0.0845270053033
2017-04-20 10:09:08,632, 1492675748632694005, 0.0843718376361
2017-04-20 10:09:08,639, 1492675748639632940, 0.073338365186
2017-04-20 10:09:08,648, 1492675748648215055, 0.0380509637168
2017-04-20 10:09:08,655, 1492675748655088901, 0.0481921676917
2017-04-20 10:09:08,672, 1492675748672621011, 0.0305095392525
2017-04-20 10:09:08,680, 1492675748680157899, 0.02713709343
2017-04-20 10:09:08,687, 1492675748687449932, -0.00431038658542
2017-04-20 10:09:08,703, 1492675748703949928, 0.00970109488088
2017-04-20 10:09:08,711, 1492675748711456060, 0.022003787631
2017-04-20 10:09:08,720, 1492675748720336914, -0.00529262001714
2017-04-20 10:09:08,735, 1492675748735445976, -0.0441600776019
2017-04-20 10:09:08,736, 1492675748736008882, -0.0672557393301
2017-04-20 10:09:08,743, 1492675748743287086, -0.0622205074475
2017-04-20 10:09:08,751, 1492675748751003026, -0.0571031733902
2017-04-20 10:09:08,759, 1492675748759324073, -0.0350767591982
2017-04-20 10:09:08,768, 1492675748768167972, -0.0417947492493
2017-04-20 10:09:08,775, 1492675748775155067, -0.0678831460837
2017-04-20 10:09:08,784, 1492675748784188032, -0.056800425313
2017-04-20 10:09:08,846, 1492675748846709012, 0.0810732459183
2017-04-20 10:09:08,858, 1492675748858148097, 0.0649161726179
2017-04-20 10:09:08,868, 1492675748868249893, 0.0538826107005
2017-04-20 10:09:08,883, 1492675748883228063, 0.0354683510382
2017-04-20 10:09:08,889, 1492675748889383077, 0.0574490301615
2017-04-20 10:09:08,898, 1492675748898755073, 0.0706808692186
2017-04-20 10:09:08,913, 1492675748913924932, 0.0879532570974
2017-04-20 10:09:08,923, 1492675748923265933, 0.0824724868055
2017-04-20 10:09:08,932, 1492675748932605981, 0.0740159870963
2017-04-20 10:09:08,940, 1492675748940762042, 0.0594348575223
2017-04-20 10:09:08,946, 1492675748946341037, 0.0714153204225
2017-04-20 10:09:08,953, 1492675748953655004, 0.115086817322
2017-04-20 10:09:08,962, 1492675748962847948, 0.121938274422
2017-04-20 10:09:08,974, 1492675748974278926, 0.124664311147
2017-04-20 10:09:08,978, 1492675748978276014, 0.0993125549257
2017-04-20 10:09:08,985, 1492675748985812902, 0.103877374903
2017-04-20 10:09:08,993, 1492675748993551015, 0.080883429289
2017-04-20 10:09:09,005, 1492675749005173921, 0.0996511416245
2017-04-20 10:09:09,010, 1492675749010469913, 0.156542874295
2017-04-20 10:09:09,017, 1492675749017527103, 0.118786275415
2017-04-20 10:09:09,025, 1492675749025734901, 0.112359419737
2017-04-20 10:09:09,036, 1492675749036669969, 0.171174067596
2017-04-20 10:09:09,043, 1492675749043750047, 0.196110956447
2017-04-20 10:09:09,049, 1492675749049622058, 0.257815709214
2017-04-20 10:09:09,058, 1492675749058553934, 0.172420583058
2017-04-20 10:09:09,070, 1492675749070406913, 0.13264337273
2017-04-20 10:09:09,075, 1492675749075222015, 0.0953031474173
2017-04-20 10:09:09,082, 1492675749082389116, 0.127503376935
2017-04-20 10:09:09,089, 1492675749089684009, 0.200377714787
2017-04-20 10:09:09,097, 1492675749097954034, 0.193894481954
2017-04-20 10:09:09,110, 1492675749110865116, 0.185619142479
2017-04-20 10:09:09,122, 1492675749122427940, 0.196972898747
2017-04-20 10:09:09,130, 1492675749130254030, 0.161035387087
2017-04-20 10:09:09,139, 1492675749139611959, 0.235127072517
2017-04-20 10:09:09,146, 1492675749146879911, 0.236356241669
2017-04-20 10:09:09,154, 1492675749154056072, 0.207793297869
2017-04-20 10:09:09,162, 1492675749162489891, 0.284785587868
2017-04-20 10:09:09,169, 1492675749169469118, 0.0995648438573
2017-04-20 10:09:09,178, 1492675749178412914, 0.0632684896446
2017-04-20 10:09:09,185, 1492675749185808897, 0.0522673139281
2017-04-20 10:09:09,193, 1492675749193124055, 0.120693232555
2017-04-20 10:09:09,202, 1492675749202863931, 0.0880047673386
2017-04-20 10:09:09,217, 1492675749217761039, 0.0907938518171
2017-04-20 10:09:09,227, 1492675749227278947, 0.0257121895519
2017-04-20 10:09:09,233, 1492675749233879089, 0.0205815173772
2017-04-20 10:09:09,249, 1492675749249172925, -0.0222889183876
2017-04-20 10:09:09,257, 1492675749257867097, -0.0196020147863
2017-04-20 10:09:09,265, 1492675749265701055, 0.0692540188154
2017-04-20 10:09:09,276, 1492675749276832103, 0.0263042107285
2017-04-20 10:09:09,289, 1492675749289576053, -0.0134078485651
2017-04-20 10:09:09,297, 1492675749297482967, 0.0307742866656
2017-04-20 10:09:09,311, 1492675749310975074, 0.0373613487956
2017-04-20 10:09:09,322, 1492675749322825908, 0.0410673850068
2017-04-20 10:09:09,329, 1492675749329502105, 0.0402270947202
2017-04-20 10:09:09,338, 1492675749338445901, 0.0205649065425
2017-04-20 10:09:09,351, 1492675749351210117, 0.0441345302514
2017-04-20 10:09:09,353, 1492675749353884935, 0.0439439262207
2017-04-20 10:09:09,362, 1492675749362766981, 0.0514034826226
2017-04-20 10:09:09,369, 1492675749369699001, 0.0612135608525
2017-04-20 10:09:09,379, 1492675749379606962, 0.0790703473234
2017-04-20 10:09:09,386, 1492675749386399030, 0.125167323434
2017-04-20 10:09:09,393, 1492675749393205881, 0.0392663648548
2017-04-20 10:09:09,402, 1492675749402569055, -0.00913026166746
2017-04-20 10:09:09,409, 1492675749409060001, 0.00403874439697
2017-04-20 10:09:09,418, 1492675749418159008, 0.0607487879413
2017-04-20 10:09:09,427, 1492675749426994085, 0.0875527346452
