2017-04-20 10:09:04,580, 1492675744580606937, 0.00818716712537
2017-04-20 10:09:04,627, 1492675744627320051, -0.00531228243742
2017-04-20 10:09:04,647, 1492675744647624015, 0.0083836679887
2017-04-20 10:09:04,654, 1492675744654864072, 0.0149146971071
2017-04-20 10:09:04,667, 1492675744667117118, -0.0194505371661
2017-04-20 10:09:04,670, 1492675744670631885, -0.00998297930802
2017-04-20 10:09:04,679, 1492675744678977012, -0.0765308052504
2017-04-20 10:09:04,686, 1492675744686582088, -0.106997315254
2017-04-20 10:09:04,694, 1492675744694411993, -0.132574248539
2017-04-20 10:09:04,707, 1492675744707643985, -0.14862382269
2017-04-20 10:09:04,710, 1492675744710767984, -0.151753359273
2017-04-20 10:09:04,718, 1492675744718777894, -0.11312415394
2017-04-20 10:09:04,726, 1492675744726556062, -0.123118306151
2017-04-20 10:09:04,734, 1492675744734256982, -0.122682127335
2017-04-20 10:09:04,742, 1492675744742758035, -0.159841597594
2017-04-20 10:09:04,750, 1492675744750310897, -0.148605500177
2017-04-20 10:09:04,758, 1492675744758171081, -0.148237327919
2017-04-20 10:09:04,773, 1492675744773535966, -0.171808300803
2017-04-20 10:09:04,782, 1492675744782466888, -0.180656829972
2017-04-20 10:09:04,790, 1492675744790477991, -0.136177948937
2017-04-20 10:09:04,798, 1492675744798432111, -0.125824971621
2017-04-20 10:09:04,814, 1492675744814373970, -0.18696755914
2017-04-20 10:09:04,822, 1492675744822710990, -0.168029105124
2017-04-20 10:09:04,830, 1492675744830390930, -0.163712583808
2017-04-20 10:09:04,847, 1492675744847577095, -0.0444802347019
2017-04-20 10:09:04,854, 1492675744854552030, -0.0333059992454
2017-04-20 10:09:04,864, 1492675744864900112, -0.077872952903
2017-04-20 10:09:04,873, 1492675744873739004, -0.116600335741
2017-04-20 10:09:04,886, 1492675744886571884, -0.0309660146186
2017-04-20 10:09:04,894, 1492675744894120931, -0.0487405772766
2017-04-20 10:09:04,909, 1492675744909195899, -0.12390844717
2017-04-20 10:09:04,918, 1492675744918812036, 0.0227398256998
2017-04-20 10:09:04,926, 1492675744926409959, -0.0175901992586
2017-04-20 10:09:04,935, 1492675744935101985, -0.0259618905606
2017-04-20 10:09:04,946, 1492675744946609020, -0.0219879316933
2017-04-20 10:09:04,950, 1492675744950438976, -0.0474968067999
2017-04-20 10:09:04,958, 1492675744958328962, -0.0530071224456
2017-04-20 10:09:04,966, 1492675744966202020, -0.0473744724565
2017-04-20 10:09:04,977, 1492675744977565050, -0.0439877126168
2017-04-20 10:09:04,982, 1492675744982711076, -0.00836416847036
2017-04-20 10:09:04,990, 1492675744990448951, -0.0896305746774
2017-04-20 10:09:04,998, 1492675744998574018, -0.0468800623384
2017-04-20 10:09:05,006, 1492675745006098985, -0.00789415481295
2017-04-20 10:09:05,015, 1492675745015417098, -0.0336175646188
2017-04-20 10:09:05,022, 1492675745022566080, -0.00509252946302
2017-04-20 10:09:05,030, 1492675745030266046, -0.0290840053711
2017-04-20 10:09:05,040, 1492675745040663957, -0.0305524220837
2017-04-20 10:09:05,047, 1492675745047080993, -0.0451578820704
2017-04-20 10:09:05,054, 1492675745054147005, -0.0734851208695
2017-04-20 10:09:05,062, 1492675745062283039, -0.0055391780466
2017-04-20 10:09:05,070, 1492675745070013046, -0.0608500694788
2017-04-20 10:09:05,084, 1492675745084147930, -0.0697936807274
2017-04-20 10:09:05,095, 1492675745095757007, -0.0131020889277
2017-04-20 10:09:05,104, 1492675745104197025, 0.00955202156003
2017-04-20 10:09:05,112, 1492675745112185955, 0.0206442387586
2017-04-20 10:09:05,119, 1492675745119244098, -0.0108516440394
2017-04-20 10:09:05,126, 1492675745126792907, -0.0184559740726
2017-04-20 10:09:05,134, 1492675745134161949, -0.0177675223414
2017-04-20 10:09:05,142, 1492675745142398118, 0.000931913212345
2017-04-20 10:09:05,152, 1492675745152971029, 0.0296595464744
2017-04-20 10:09:05,158, 1492675745158407926, 0.0514198167548
2017-04-20 10:09:05,168, 1492675745168195009, 0.094715222545
2017-04-20 10:09:05,173, 1492675745173886060, 0.0785016791697
2017-04-20 10:09:05,190, 1492675745190711021, 0.0598495950455
2017-04-20 10:09:05,198, 1492675745198734998, 0.0449289577995
2017-04-20 10:09:05,206, 1492675745206281900, 0.0358004706865
2017-04-20 10:09:05,220, 1492675745220088958, 0.051102525672
2017-04-20 10:09:05,229, 1492675745229922056, 0.0599916075582
2017-04-20 10:09:05,238, 1492675745238492965, 0.0515718664521
2017-04-20 10:09:05,255, 1492675745255062103, 0.0767709854356
2017-04-20 10:09:05,256, 1492675745256016969, 0.0552629453277
2017-04-20 10:09:05,262, 1492675745262691020, 0.0466193969629
2017-04-20 10:09:05,270, 1492675745270298004, 0.0430430879337
2017-04-20 10:09:05,278, 1492675745278327941, 0.0107653347719
2017-04-20 10:09:05,286, 1492675745286288976, 0.021146352732
2017-04-20 10:09:05,294, 1492675745294435024, 0.0354100618912
2017-04-20 10:09:05,302, 1492675745302800893, 0.00281212653702
2017-04-20 10:09:05,311, 1492675745311261892, 0.0114339320641
2017-04-20 10:09:05,322, 1492675745322946071, 0.0110578855442
2017-04-20 10:09:05,326, 1492675745326176881, 0.00375820182848
2017-04-20 10:09:05,334, 1492675745334477901, -0.0259927086466
2017-04-20 10:09:05,342, 1492675745342113018, -0.0570098313575
2017-04-20 10:09:05,355, 1492675745354985952, -0.0823617007401
2017-04-20 10:09:05,366, 1492675745366440057, -0.0605890011325
2017-04-20 10:09:05,376, 1492675745376287937, -0.0403017477055
2017-04-20 10:09:05,382, 1492675745382766008, -0.0752008841693
2017-04-20 10:09:05,404, 1492675745404871940, -0.0454906121912
2017-04-20 10:09:05,455, 1492675745455382108, 0.0693861186297
2017-04-20 10:09:05,466, 1492675745466784954, 0.0676653636758
2017-04-20 10:09:05,478, 1492675745478756904, 0.0883649953207
2017-04-20 10:09:05,493, 1492675745493269920, 0.058373334321
2017-04-20 10:09:05,499, 1492675745499728918, 0.0832853020166
2017-04-20 10:09:05,508, 1492675745508408069, 0.0919148964149
2017-04-20 10:09:05,521, 1492675745521400928, 0.0909915174698
2017-04-20 10:09:05,524, 1492675745524678945, 0.0819059541776
2017-04-20 10:09:05,530, 1492675745530860900, 0.0780972435086
2017-04-20 10:09:05,539, 1492675745539613008, 0.0551809617528
2017-04-20 10:09:05,546, 1492675745546824932, 0.0680596510131
2017-04-20 10:09:05,555, 1492675745555700063, 0.10503757334
2017-04-20 10:09:05,562, 1492675745562839031, 0.111144747868
2017-04-20 10:09:05,570, 1492675745570566892, 0.12236516703
2017-04-20 10:09:05,579, 1492675745579030990, 0.130086812021
2017-04-20 10:09:05,586, 1492675745586152076, 0.12798530553
2017-04-20 10:09:05,603, 1492675745603492021, 0.084237149218
2017-04-20 10:09:05,611, 1492675745611145019, 0.149327902356
2017-04-20 10:09:05,618, 1492675745618393898, 0.134974049992
2017-04-20 10:09:05,638, 1492675745638335943, 0.144298632742
2017-04-20 10:09:05,642, 1492675745642673969, 0.219912964372
2017-04-20 10:09:05,650, 1492675745650928020, 0.239919175245
2017-04-20 10:09:05,664, 1492675745664733886, 0.157212493758
2017-04-20 10:09:05,675, 1492675745675854921, 0.195217004633
2017-04-20 10:09:05,682, 1492675745682637929, 0.121320504972
2017-04-20 10:09:05,700, 1492675745700140953, 0.214313230174
2017-04-20 10:09:05,706, 1492675745706479072, 0.203695268241
2017-04-20 10:09:05,716, 1492675745716039896, 0.248076191496
2017-04-20 10:09:05,723, 1492675745723582983, 0.220585346324
2017-04-20 10:09:05,732, 1492675745732131004, 0.221319081261
2017-04-20 10:09:05,740, 1492675745740292072, 0.225319558645
2017-04-20 10:09:05,746, 1492675745746890068, 0.233391638518
2017-04-20 10:09:05,755, 1492675745755917072, 0.129977431598
2017-04-20 10:09:05,763, 1492675745763072013, 0.0737468486588
2017-04-20 10:09:05,770, 1492675745770421981, 0.188661794979
2017-04-20 10:09:05,799, 1492675745799058914, 0.0853518865642
2017-04-20 10:09:05,804, 1492675745804335117, 0.136081166493
2017-04-20 10:09:05,810, 1492675745810888051, 0.154183673469
2017-04-20 10:09:05,819, 1492675745819514989, 0.11156215577
2017-04-20 10:09:05,827, 1492675745827019929, 0.00823723404998
2017-04-20 10:09:05,838, 1492675745838155031, 0.0243181243892
2017-04-20 10:09:05,842, 1492675745842854022, 0.0974850746553
2017-04-20 10:09:05,850, 1492675745850337028, 0.062410357674
2017-04-20 10:09:05,858, 1492675745858412981, 0.0274150189672
2017-04-20 10:09:05,867, 1492675745867455959, 0.0280531820212
2017-04-20 10:09:05,875, 1492675745875817060, 0.0376104696691
2017-04-20 10:09:05,883, 1492675745883775949, -0.00975214131138
2017-04-20 10:09:05,890, 1492675745890573978, 0.00573215661033
2017-04-20 10:09:05,905, 1492675745905797004, 0.0142817597688
2017-04-20 10:09:05,916, 1492675745916352033, 0.0384025087946
2017-04-20 10:09:05,923, 1492675745923851013, 0.0522919453988
2017-04-20 10:09:05,931, 1492675745931736946, 0.040133335197
2017-04-20 10:09:05,939, 1492675745939234972, 0.0281311788834
2017-04-20 10:09:05,947, 1492675745947482109, 0.0338119584821
2017-04-20 10:09:05,956, 1492675745956352949, 0.0426887992435
2017-04-20 10:09:05,962, 1492675745962537050, 0.0386313297928
2017-04-20 10:09:05,972, 1492675745972107887, 0.0610810133252
2017-04-20 10:09:05,978, 1492675745978307962, 0.0720021236275
2017-04-20 10:09:05,986, 1492675745986502885, 0.080972750996
2017-04-20 10:09:05,995, 1492675745995057106, 0.0588851650583
2017-04-20 10:09:06,003, 1492675746003493070, 0.0624583257261
2017-04-20 10:09:06,011, 1492675746011624097, 0.0120734401059
2017-04-20 10:09:06,018, 1492675746018279075, 0.0586582984034
2017-04-20 10:09:06,026, 1492675746026606082, 0.0705345896252
