2017-04-20 10:11:06,446, 1492675866446928024, -0.0159792600504
2017-04-20 10:11:06,485, 1492675866485634088, 0.0239137987729
2017-04-20 10:11:06,497, 1492675866497538089, 0.0430180503433
2017-04-20 10:11:06,504, 1492675866504759073, 0.048879777192
2017-04-20 10:11:06,515, 1492675866515337944, -0.0597911947412
2017-04-20 10:11:06,529, 1492675866529330968, -0.305587399478
2017-04-20 10:11:06,537, 1492675866537666082, -0.392581465603
2017-04-20 10:11:06,544, 1492675866544640064, -0.420932300692
2017-04-20 10:11:06,555, 1492675866555690050, -0.487436982137
2017-04-20 10:11:06,562, 1492675866562618017, -0.493424920942
2017-04-20 10:11:06,569, 1492675866569574117, -0.555451093085
2017-04-20 10:11:06,576, 1492675866576741933, -0.571896260211
2017-04-20 10:11:06,588, 1492675866588399887, -0.541247518717
2017-04-20 10:11:06,593, 1492675866593756914, -0.661274276503
2017-04-20 10:11:06,600, 1492675866600630044, -0.554946318147
2017-04-20 10:11:06,609, 1492675866609066963, -0.404328335054
2017-04-20 10:11:06,625, 1492675866625879049, -0.351585040201
2017-04-20 10:11:06,633, 1492675866633220911, -0.0938894469044
2017-04-20 10:11:06,641, 1492675866641135931, -0.26818157928
2017-04-20 10:11:06,654, 1492675866654472112, -0.0683397472766
2017-04-20 10:11:06,665, 1492675866665712118, -0.282930134963
2017-04-20 10:11:06,675, 1492675866675314903, 0.060060340134
2017-04-20 10:11:06,681, 1492675866681337118, -0.0651947637169
2017-04-20 10:11:06,690, 1492675866690690994, -0.294217501943
2017-04-20 10:11:06,697, 1492675866697674036, 0.0106931054853
2017-04-20 10:11:06,704, 1492675866704771995, 0.179810910304
2017-04-20 10:11:06,714, 1492675866714798927, -0.187141822488
2017-04-20 10:11:06,726, 1492675866726375102, -0.174327840124
2017-04-20 10:11:06,736, 1492675866736521005, 0.148556914729
2017-04-20 10:11:06,745, 1492675866745666980, 0.016999102502
2017-04-20 10:11:06,754, 1492675866754851102, -0.00510099780773
2017-04-20 10:11:06,764, 1492675866764903068, 0.0240282205739
2017-04-20 10:11:06,769, 1492675866769480943, 0.521340391546
2017-04-20 10:11:06,776, 1492675866776844024, 0.609805866733
2017-04-20 10:11:06,784, 1492675866784828901, 0.00517249185145
2017-04-20 10:11:06,800, 1492675866800899028, 0.584149924628
2017-04-20 10:11:06,809, 1492675866809771060, 0.226321297189
2017-04-20 10:11:06,817, 1492675866817188978, 0.179083343702
2017-04-20 10:11:06,833, 1492675866833188056, 0.317810768987
2017-04-20 10:11:06,840, 1492675866840526103, 0.341010427707
2017-04-20 10:11:06,849, 1492675866849208116, 0.177150763257
2017-04-20 10:11:06,863, 1492675866863862037, 0.157735350793
2017-04-20 10:11:06,875, 1492675866875264883, 0.0640606829758
2017-04-20 10:11:06,880, 1492675866880631923, 0.0251059140287
2017-04-20 10:11:06,895, 1492675866894956111, 0.0204975961657
2017-04-20 10:11:06,905, 1492675866904983997, -0.0333272216341
2017-04-20 10:11:06,913, 1492675866913947105, -0.040115447076
2017-04-20 10:11:06,920, 1492675866920793056, -0.00662911054496
2017-04-20 10:11:06,936, 1492675866936817884, -0.0634476439753
2017-04-20 10:11:06,944, 1492675866944909095, -0.0802213379546
2017-04-20 10:11:06,954, 1492675866953993082, -0.11441575523
2017-04-20 10:11:06,969, 1492675866969425916, -0.159816366405
2017-04-20 10:11:06,969, 1492675866969635009, -0.151407635428
2017-04-20 10:11:06,976, 1492675866976783037, -0.101848609674
2017-04-20 10:11:06,984, 1492675866984704017, -0.0287160332017
2017-04-20 10:11:07,038, 1492675867038343906, 0.0537755045604
2017-04-20 10:11:07,049, 1492675867049386024, 0.0516582635086
2017-04-20 10:11:07,056, 1492675867056895971, 0.0596377784781
2017-04-20 10:11:07,070, 1492675867069993019, 0.0631601313133
2017-04-20 10:11:07,074, 1492675867074749946, 0.0727014406826
2017-04-20 10:11:07,080, 1492675867080749034, 0.161513811689
2017-04-20 10:11:07,088, 1492675867088963031, 0.209603334869
2017-04-20 10:11:07,101, 1492675867101638078, 0.220151353868
2017-04-20 10:11:07,105, 1492675867105891942, 0.168930749996
2017-04-20 10:11:07,115, 1492675867115757942, 0.157841251746
2017-04-20 10:11:07,120, 1492675867120932102, 0.230636706731
2017-04-20 10:11:07,129, 1492675867129730939, 0.32810101088
2017-04-20 10:11:07,136, 1492675867136674880, 0.299506698883
2017-04-20 10:11:07,144, 1492675867144557952, 0.23188535526
2017-04-20 10:11:07,153, 1492675867153183937, 0.157433345539
2017-04-20 10:11:07,160, 1492675867160712957, 0.245192582136
2017-04-20 10:11:07,170, 1492675867170011043, 0.408029509534
2017-04-20 10:11:07,176, 1492675867176635026, 0.117004893472
2017-04-20 10:11:07,184, 1492675867184843063, 0.0762407240471
2017-04-20 10:11:07,193, 1492675867193017005, 0.193974656585
2017-04-20 10:11:07,201, 1492675867201136112, 0.130068419357
2017-04-20 10:11:07,209, 1492675867209137916, 0.142590269358
2017-04-20 10:11:07,216, 1492675867216873884, 0.0307807173168
2017-04-20 10:11:07,224, 1492675867224652051, -0.0404804201987
2017-04-20 10:11:07,235, 1492675867235061883, -0.140462521846
2017-04-20 10:11:07,241, 1492675867241210937, -0.0383206535475
2017-04-20 10:11:07,249, 1492675867249130964, 0.135511067463
2017-04-20 10:11:07,256, 1492675867256865978, 0.180800864778
2017-04-20 10:11:07,265, 1492675867265094041, 0.00479983538564
2017-04-20 10:11:07,274, 1492675867274843931, -0.0411946971391
2017-04-20 10:11:07,280, 1492675867280848979, -0.028459878146
2017-04-20 10:11:07,288, 1492675867288680076, 0.104466448108
2017-04-20 10:11:07,296, 1492675867296889066, 0.12167430518
2017-04-20 10:11:07,304, 1492675867304938077, 0.145574236525
2017-04-20 10:11:07,312, 1492675867312834978, 0.135585770697
2017-04-20 10:11:07,320, 1492675867320736885, 0.101344565959
2017-04-20 10:11:07,329, 1492675867329521894, 0.0713230560637
2017-04-20 10:11:07,342, 1492675867342226028, 0.0782222248527
2017-04-20 10:11:07,354, 1492675867354227066, 0.0784155935012
2017-04-20 10:11:07,361, 1492675867361211061, 0.100180877244
2017-04-20 10:11:07,374, 1492675867374052047, 0.115999377061
2017-04-20 10:11:07,377, 1492675867377748012, 0.134702883113
2017-04-20 10:11:07,385, 1492675867385148048, 0.00416595465292
2017-04-20 10:11:07,392, 1492675867392741918, 0.105593538031
2017-04-20 10:11:07,405, 1492675867404969930, 0.150677340668
2017-04-20 10:11:07,409, 1492675867409563064, 0.15757114138
2017-04-20 10:11:07,418, 1492675867418431043, 0.1206736129
2017-04-20 10:11:07,424, 1492675867424773931, 0.158297312502
2017-04-20 10:11:07,432, 1492675867432754993, 0.123541950716
2017-04-20 10:11:07,449, 1492675867449881076, 0.102636918301
2017-04-20 10:11:07,457, 1492675867457828998, 0.124599847906
