2017-04-20 10:10:56,440, 1492675856440365076, -0.0325747927829
2017-04-20 10:10:56,480, 1492675856480096101, -0.0103857944246
2017-04-20 10:10:56,495, 1492675856495142936, -0.00469426293765
2017-04-20 10:10:56,503, 1492675856503935098, -0.0471690380542
2017-04-20 10:10:56,511, 1492675856511213064, -0.0734694591254
2017-04-20 10:10:56,526, 1492675856526868104, -0.340353160701
2017-04-20 10:10:56,536, 1492675856536201000, -0.440953199762
2017-04-20 10:10:56,542, 1492675856542838096, -0.480229690227
2017-04-20 10:10:56,552, 1492675856552226066, -0.473678325415
2017-04-20 10:10:56,559, 1492675856559329032, -0.517551061544
2017-04-20 10:10:56,566, 1492675856566576004, -0.574440353497
2017-04-20 10:10:56,575, 1492675856575037002, -0.611787572248
2017-04-20 10:10:56,581, 1492675856581891059, -0.568220576411
2017-04-20 10:10:56,591, 1492675856590981960, -0.567626385934
2017-04-20 10:10:56,598, 1492675856598648071, -0.419130973333
2017-04-20 10:10:56,607, 1492675856607116937, -0.411351051996
2017-04-20 10:10:56,614, 1492675856614605903, -0.185475445927
2017-04-20 10:10:56,623, 1492675856623204946, -0.184087714685
2017-04-20 10:10:56,630, 1492675856630522012, -0.169235317176
2017-04-20 10:10:56,638, 1492675856638690948, -0.182137220893
2017-04-20 10:10:56,646, 1492675856646338939, -0.288747358839
2017-04-20 10:10:56,658, 1492675856658097028, 0.0147806604133
2017-04-20 10:10:56,670, 1492675856670928955, -0.281801890821
2017-04-20 10:10:56,679, 1492675856679013013, -0.0844548226659
2017-04-20 10:10:56,686, 1492675856686822891, 0.127102238955
2017-04-20 10:10:56,695, 1492675856695585966, -0.230430104143
2017-04-20 10:10:56,702, 1492675856702891111, -0.175005907573
2017-04-20 10:10:56,710, 1492675856710513114, 0.121552543438
2017-04-20 10:10:56,721, 1492675856721317052, 0.133022120975
2017-04-20 10:10:56,727, 1492675856727442979, -0.00576750673455
2017-04-20 10:10:56,734, 1492675856734455108, -0.177185872608
2017-04-20 10:10:56,742, 1492675856742306947, 0.149095987859
2017-04-20 10:10:56,750, 1492675856750835895, 0.362471751095
2017-04-20 10:10:56,760, 1492675856760504007, 0.434087503892
2017-04-20 10:10:56,766, 1492675856766618967, 0.0506143640043
2017-04-20 10:10:56,774, 1492675856774312019, 0.499841773969
2017-04-20 10:10:56,782, 1492675856782555103, 0.627113927073
2017-04-20 10:10:56,791, 1492675856791368007, 0.28051178
2017-04-20 10:10:56,798, 1492675856798842906, 0.142676684126
2017-04-20 10:10:56,806, 1492675856806535005, 0.277710665465
2017-04-20 10:10:56,814, 1492675856814397096, 0.317530035089
2017-04-20 10:10:56,824, 1492675856824116945, 0.264947775449
2017-04-20 10:10:56,830, 1492675856830476999, 0.299834122002
2017-04-20 10:10:56,838, 1492675856838690042, 0.194728476391
2017-04-20 10:10:56,846, 1492675856846571922, 0.0901247268922
2017-04-20 10:10:56,854, 1492675856854249954, 0.0390675845171
2017-04-20 10:10:56,863, 1492675856863085985, 0.0642826242517
2017-04-20 10:10:56,870, 1492675856870600938, 0.0407281621986
2017-04-20 10:10:56,878, 1492675856878362894, 0.00267744170365
2017-04-20 10:10:56,886, 1492675856886580944, -0.0246382961102
2017-04-20 10:10:56,895, 1492675856895421981, -0.00987763795563
2017-04-20 10:10:56,902, 1492675856902786970, -0.0741779416732
2017-04-20 10:10:56,910, 1492675856910290956, -0.0685942405117
2017-04-20 10:10:56,918, 1492675856918337106, -0.0459596958576
2017-04-20 10:10:56,927, 1492675856927563905, -0.0445811113919
2017-04-20 10:10:56,934, 1492675856934231042, -0.0623980358792
2017-04-20 10:10:56,942, 1492675856942399978, 0.040275713827
2017-04-20 10:10:56,950, 1492675856950335025, 0.0284165779304
2017-04-20 10:10:56,958, 1492675856958620071, -0.0927662804314
2017-04-20 10:10:56,966, 1492675856966379880, -0.168961689828
2017-04-20 10:10:56,977, 1492675856977072954, -0.0750107294196
2017-04-20 10:10:57,030, 1492675857030270099, 0.0416425486708
2017-04-20 10:10:57,041, 1492675857041052103, 0.0572211011998
2017-04-20 10:10:57,048, 1492675857048058986, 0.0771017739066
2017-04-20 10:10:57,055, 1492675857055568933, 0.0467849369671
2017-04-20 10:10:57,065, 1492675857065125942, 0.0822708262821
2017-04-20 10:10:57,071, 1492675857071691036, 0.115435935712
2017-04-20 10:10:57,079, 1492675857079710960, 0.190766610969
2017-04-20 10:10:57,087, 1492675857087663888, 0.249507889531
2017-04-20 10:10:57,095, 1492675857095894098, 0.229779383781
2017-04-20 10:10:57,104, 1492675857104366064, 0.168965947957
2017-04-20 10:10:57,111, 1492675857111767053, 0.188762659155
2017-04-20 10:10:57,119, 1492675857119901895, 0.24112881705
2017-04-20 10:10:57,128, 1492675857128422975, 0.270935981607
2017-04-20 10:10:57,136, 1492675857136209011, 0.378107134418
2017-04-20 10:10:57,144, 1492675857144228935, 0.281291743233
2017-04-20 10:10:57,151, 1492675857151654958, 0.353933614253
2017-04-20 10:10:57,159, 1492675857159710884, 0.174847914347
2017-04-20 10:10:57,169, 1492675857169368028, 0.0925892449255
2017-04-20 10:10:57,176, 1492675857176083087, 0.0222453989473
2017-04-20 10:10:57,185, 1492675857185421943, 0.147803685849
2017-04-20 10:10:57,191, 1492675857191889047, 0.213013215628
2017-04-20 10:10:57,207, 1492675857207318067, 0.0412069095894
2017-04-20 10:10:57,215, 1492675857215785980, 0.187455462739
2017-04-20 10:10:57,223, 1492675857223885059, 0.179490390833
2017-04-20 10:10:57,234, 1492675857234688997, 0.0379056625664
2017-04-20 10:10:57,240, 1492675857240880012, 0.117381407786
2017-04-20 10:10:57,248, 1492675857248112916, 0.158697198268
2017-04-20 10:10:57,256, 1492675857256077051, 0.128411626936
2017-04-20 10:10:57,263, 1492675857263811111, -0.0144421168056
2017-04-20 10:10:57,277, 1492675857277328968, 0.0897353325443
2017-04-20 10:10:57,280, 1492675857280296087, 0.0473741578806
2017-04-20 10:10:57,288, 1492675857288105964, 0.109633531781
2017-04-20 10:10:57,295, 1492675857295741081, 0.143776199096
2017-04-20 10:10:57,304, 1492675857304939985, 0.154059065246
2017-04-20 10:10:57,311, 1492675857311675071, 0.153107953615
2017-04-20 10:10:57,320, 1492675857320008993, 0.0753492272699
2017-04-20 10:10:57,327, 1492675857327883958, 0.0692587500313
2017-04-20 10:10:57,335, 1492675857335354089, 0.0753576788759
2017-04-20 10:10:57,344, 1492675857344002962, 0.0852713660157
2017-04-20 10:10:57,352, 1492675857352195024, 0.0801444816874
2017-04-20 10:10:57,359, 1492675857359668016, 0.100762420328
2017-04-20 10:10:57,368, 1492675857368766069, 0.107544044008
2017-04-20 10:10:57,376, 1492675857376534938, 0.0143514967053
2017-04-20 10:10:57,383, 1492675857383950948, 0.011540817536
2017-04-20 10:10:57,391, 1492675857391870021, 0.140034209936
2017-04-20 10:10:57,400, 1492675857399996042, 0.171719552157
2017-04-20 10:10:57,408, 1492675857408638954, 0.174114408536
2017-04-20 10:10:57,415, 1492675857415851116, 0.127022298195
2017-04-20 10:10:57,423, 1492675857423625946, 0.160162541416
2017-04-20 10:10:57,431, 1492675857431613922, 0.0987709951744
2017-04-20 10:10:57,448, 1492675857448472023, 0.110681037161
2017-04-20 10:10:57,456, 1492675857456615924, 0.144736845861
