2017-04-20 10:10:10,352, 1492675810352843999, 0.048137941442
2017-04-20 10:10:10,396, 1492675810396902084, -0.00114061568065
2017-04-20 10:10:10,413, 1492675810413712024, -0.0535747228437
2017-04-20 10:10:10,419, 1492675810419069051, 0.0271172141224
2017-04-20 10:10:10,424, 1492675810424029111, -0.0833052096578
2017-04-20 10:10:10,432, 1492675810432483911, -0.20862172843
2017-04-20 10:10:10,448, 1492675810448901891, -0.390211587094
2017-04-20 10:10:10,456, 1492675810456321001, -0.461368634354
2017-04-20 10:10:10,464, 1492675810464200973, -0.484430698295
2017-04-20 10:10:10,474, 1492675810474217891, -0.510623630045
2017-04-20 10:10:10,488, 1492675810488034009, -0.541935639962
2017-04-20 10:10:10,497, 1492675810497788906, -0.59079409697
2017-04-20 10:10:10,507, 1492675810507522106, -0.617306223474
2017-04-20 10:10:10,513, 1492675810513464927, -0.527537430504
2017-04-20 10:10:10,528, 1492675810528196096, -0.245650377807
2017-04-20 10:10:10,541, 1492675810541273117, -0.277098918989
2017-04-20 10:10:10,552, 1492675810552166938, -0.104820320134
2017-04-20 10:10:10,560, 1492675810560556888, -0.294079143143
2017-04-20 10:10:10,569, 1492675810569216012, -0.0325466430315
2017-04-20 10:10:10,578, 1492675810578794956, -0.117869827973
2017-04-20 10:10:10,584, 1492675810584414958, 0.0867361025985
2017-04-20 10:10:10,591, 1492675810591878890, 0.149768460005
2017-04-20 10:10:10,600, 1492675810600325107, -0.00891297457093
2017-04-20 10:10:10,607, 1492675810607487916, -0.165979452628
2017-04-20 10:10:10,616, 1492675810616385936, -0.320424809435
2017-04-20 10:10:10,623, 1492675810623884916, 0.09797919618
2017-04-20 10:10:10,632, 1492675810632106065, -0.120423551835
2017-04-20 10:10:10,656, 1492675810656646966, 0.147335246584
2017-04-20 10:10:10,665, 1492675810665909051, 0.312896564195
2017-04-20 10:10:10,679, 1492675810679449081, 0.0713447416706
2017-04-20 10:10:10,688, 1492675810688062906, 0.640900953007
2017-04-20 10:10:10,697, 1492675810697520971, 0.355133608238
2017-04-20 10:10:10,705, 1492675810705271959, 0.253010750167
2017-04-20 10:10:10,719, 1492675810719594001, 0.412680983377
2017-04-20 10:10:10,728, 1492675810728070974, 0.194336866803
2017-04-20 10:10:10,736, 1492675810736191987, 0.34699888107
2017-04-20 10:10:10,749, 1492675810749490976, 0.339845539278
2017-04-20 10:10:10,760, 1492675810760534048, 0.185957779137
2017-04-20 10:10:10,768, 1492675810768618106, 0.149195174209
2017-04-20 10:10:10,776, 1492675810776506900, 0.092089895405
2017-04-20 10:10:10,792, 1492675810792732954, 0.020544924952
2017-04-20 10:10:10,800, 1492675810800873041, 0.028366641744
2017-04-20 10:10:10,808, 1492675810808109045, -0.00184446753238
2017-04-20 10:10:10,816, 1492675810816567897, -0.0436916044395
2017-04-20 10:10:10,824, 1492675810824162960, -0.0412659080345
2017-04-20 10:10:10,831, 1492675810831814050, -0.0355778508682
2017-04-20 10:10:10,839, 1492675810839874982, -0.0468594964672
2017-04-20 10:10:10,848, 1492675810848086118, -0.109715023147
2017-04-20 10:10:10,856, 1492675810856329917, -0.110808289842
2017-04-20 10:10:10,864, 1492675810864217042, 0.0407586195149
2017-04-20 10:10:10,871, 1492675810871882915, -0.0171532737797
2017-04-20 10:10:10,892, 1492675810892412900, -0.00600913548454
2017-04-20 10:10:10,898, 1492675810898088932, 0.00450997830385
2017-04-20 10:10:10,952, 1492675810952722072, 0.0706861262963
2017-04-20 10:10:10,964, 1492675810963988065, 0.0876441252197
2017-04-20 10:10:10,979, 1492675810979861974, 0.0503826380929
2017-04-20 10:10:10,988, 1492675810988317012, 0.0727693613489
2017-04-20 10:10:10,995, 1492675810995599031, 0.129409629786
2017-04-20 10:10:11,004, 1492675811004903078, 0.204057641943
2017-04-20 10:10:11,012, 1492675811011985063, 0.219200973608
2017-04-20 10:10:11,023, 1492675811023391008, 0.251278583679
2017-04-20 10:10:11,028, 1492675811028053998, 0.199036424083
2017-04-20 10:10:11,035, 1492675811035448074, 0.197655791214
2017-04-20 10:10:11,044, 1492675811044888019, 0.270919822553
2017-04-20 10:10:11,053, 1492675811053365945, 0.322304504801
2017-04-20 10:10:11,060, 1492675811060309886, 0.361765145257
2017-04-20 10:10:11,067, 1492675811067838907, 0.320168474418
2017-04-20 10:10:11,075, 1492675811075613975, 0.317441708448
2017-04-20 10:10:11,083, 1492675811083537101, 0.377036492159
2017-04-20 10:10:11,099, 1492675811099698066, 0.146306315907
2017-04-20 10:10:11,107, 1492675811107811927, 0.163016217783
2017-04-20 10:10:11,115, 1492675811115400075, 0.0764689129146
2017-04-20 10:10:11,125, 1492675811125757932, 0.0854777312499
2017-04-20 10:10:11,131, 1492675811131951093, 0.25732012695
2017-04-20 10:10:11,139, 1492675811139576911, 0.123498231421
2017-04-20 10:10:11,148, 1492675811148485898, 0.0988227638967
2017-04-20 10:10:11,162, 1492675811162357091, 0.144125166779
2017-04-20 10:10:11,171, 1492675811171868085, 0.15951773407
2017-04-20 10:10:11,179, 1492675811179548025, 0.0297971387357
2017-04-20 10:10:11,186, 1492675811186861991, 0.0496451285692
2017-04-20 10:10:11,204, 1492675811204524993, 0.0599927342562
2017-04-20 10:10:11,212, 1492675811212125062, 0.0724241632048
2017-04-20 10:10:11,219, 1492675811219228029, 0.130429896409
2017-04-20 10:10:11,235, 1492675811235476016, 0.115611076892
2017-04-20 10:10:11,244, 1492675811244111061, 0.097580070747
2017-04-20 10:10:11,251, 1492675811251914024, 0.0514607862879
2017-04-20 10:10:11,264, 1492675811264024972, 0.0639079212275
2017-04-20 10:10:11,268, 1492675811268471956, 0.0866654707786
2017-04-20 10:10:11,275, 1492675811275460958, 0.104116775101
2017-04-20 10:10:11,283, 1492675811283512115, 0.129560898724
2017-04-20 10:10:11,296, 1492675811296437025, 0.10778485535
2017-04-20 10:10:11,299, 1492675811299972057, 0.126740243163
2017-04-20 10:10:11,307, 1492675811307737112, 0.102847042442
2017-04-20 10:10:11,315, 1492675811315785884, 0.00705991870126
2017-04-20 10:10:11,324, 1492675811324048042, 0.168291647371
2017-04-20 10:10:11,332, 1492675811332848072, 0.15132464484
2017-04-20 10:10:11,339, 1492675811339379072, 0.140931875715
2017-04-20 10:10:11,347, 1492675811347579956, 0.167159859593
2017-04-20 10:10:11,355, 1492675811355716943, 0.140398866326
2017-04-20 10:10:11,363, 1492675811363493919, 0.127629135498
2017-04-20 10:10:11,371, 1492675811371479988, 0.127891929953
2017-04-20 10:10:11,379, 1492675811379851102, 0.157046455577
