2017-04-20 10:11:42,216, 1492675902216053009, 0.0933839609904
2017-04-20 10:11:42,226, 1492675902226133108, -0.0459265537019
2017-04-20 10:11:42,277, 1492675902277956962, 0.00116463677013
2017-04-20 10:11:42,289, 1492675902289397954, 0.0596659650874
2017-04-20 10:11:42,305, 1492675902305119991, -0.0677576844094
2017-04-20 10:11:42,313, 1492675902313143014, -0.188320520924
2017-04-20 10:11:42,321, 1492675902321600914, -0.277690206195
2017-04-20 10:11:42,336, 1492675902336883068, -0.439968034706
2017-04-20 10:11:42,345, 1492675902345834970, -0.480462199604
2017-04-20 10:11:42,353, 1492675902353135108, -0.542465146295
2017-04-20 10:11:42,369, 1492675902369477987, -0.529308123307
2017-04-20 10:11:42,378, 1492675902378757953, -0.666448609592
2017-04-20 10:11:42,386, 1492675902386404037, -0.68744793403
2017-04-20 10:11:42,395, 1492675902395920038, -0.567117443258
2017-04-20 10:11:42,401, 1492675902401093959, -0.401133505239
2017-04-20 10:11:42,408, 1492675902408592939, -0.282143214588
2017-04-20 10:11:42,416, 1492675902416776895, -0.323768235086
2017-04-20 10:11:42,426, 1492675902426449060, -0.105763548488
2017-04-20 10:11:42,440, 1492675902440840005, -0.0719888594219
2017-04-20 10:11:42,449, 1492675902449217081, -0.0517127527881
2017-04-20 10:11:42,458, 1492675902458060979, -0.189997066218
2017-04-20 10:11:42,465, 1492675902465229988, -0.311181297892
2017-04-20 10:11:42,473, 1492675902473448991, -0.040143235109
2017-04-20 10:11:42,480, 1492675902480840921, -0.328613886654
2017-04-20 10:11:42,493, 1492675902493844032, 0.0499918509536
2017-04-20 10:11:42,498, 1492675902498239994, -0.128850759222
2017-04-20 10:11:42,504, 1492675902504942893, -0.169946970772
2017-04-20 10:11:42,513, 1492675902513870000, -0.216246991198
2017-04-20 10:11:42,521, 1492675902521783113, 0.0346107750046
2017-04-20 10:11:42,529, 1492675902529047012, -0.00294232661117
2017-04-20 10:11:42,537, 1492675902537808895, -0.0841311122336
2017-04-20 10:11:42,544, 1492675902544822931, 0.00799986985621
2017-04-20 10:11:42,553, 1492675902553795099, 0.0703185097465
2017-04-20 10:11:42,560, 1492675902560487031, 0.419289155372
2017-04-20 10:11:42,569, 1492675902569503068, 0.414810934457
2017-04-20 10:11:42,581, 1492675902581072092, 0.550064437572
2017-04-20 10:11:42,584, 1492675902584743976, 0.550064437572
2017-04-20 10:11:42,594, 1492675902593983888, 0.516412887163
2017-04-20 10:11:42,608, 1492675902608936071, 0.299490814062
2017-04-20 10:11:42,617, 1492675902617136001, 0.380007091124
2017-04-20 10:11:42,624, 1492675902624727010, 0.276990796298
2017-04-20 10:11:42,640, 1492675902640260934, 0.179588071935
2017-04-20 10:11:42,648, 1492675902648761987, 0.127260274528
2017-04-20 10:11:42,657, 1492675902657141923, 0.0316967053829
2017-04-20 10:11:42,673, 1492675902673340082, 0.0464681400248
2017-04-20 10:11:42,682, 1492675902682686090, 0.00736417756624
2017-04-20 10:11:42,690, 1492675902690166950, -0.0164085580804
2017-04-20 10:11:42,704, 1492675902704163074, -0.0398416006585
2017-04-20 10:11:42,712, 1492675902712611913, -0.0619890546503
2017-04-20 10:11:42,721, 1492675902721611976, -0.0772155572577
2017-04-20 10:11:42,736, 1492675902736812114, -0.092895061129
2017-04-20 10:11:42,744, 1492675902744402885, -0.0647749826598
2017-04-20 10:11:42,753, 1492675902753324985, -0.156385260654
2017-04-20 10:11:42,761, 1492675902761136054, -0.162780711914
2017-04-20 10:11:42,769, 1492675902769432067, -0.0735303840254
2017-04-20 10:11:42,776, 1492675902776859045, -0.00521674198819
2017-04-20 10:11:42,822, 1492675902821990966, 0.0315542377583
2017-04-20 10:11:42,840, 1492675902840878009, 0.0643254068924
2017-04-20 10:11:42,851, 1492675902851191997, 0.0522951047333
2017-04-20 10:11:42,857, 1492675902857621908, 0.078337524392
2017-04-20 10:11:42,875, 1492675902875591039, 0.161723277573
2017-04-20 10:11:42,881, 1492675902881407022, 0.241766017952
2017-04-20 10:11:42,889, 1492675902889075040, 0.217164079298
2017-04-20 10:11:42,903, 1492675902903170108, 0.194733041283
2017-04-20 10:11:42,914, 1492675902914585113, 0.333415693934
2017-04-20 10:11:42,922, 1492675902922312021, 0.309804074933
2017-04-20 10:11:42,929, 1492675902929557085, 0.237409841897
2017-04-20 10:11:42,942, 1492675902942075014, 0.254590313913
2017-04-20 10:11:42,946, 1492675902946048974, 0.243409849332
2017-04-20 10:11:42,953, 1492675902953562974, 0.140811513713
2017-04-20 10:11:42,963, 1492675902963033914, 0.227210895585
2017-04-20 10:11:42,973, 1492675902973774909, 0.250110393917
2017-04-20 10:11:42,976, 1492675902976975917, 0.111577500807
2017-04-20 10:11:42,985, 1492675902985716104, 0.271354256536
2017-04-20 10:11:42,993, 1492675902993292093, 0.184401390987
2017-04-20 10:11:43,009, 1492675903009561061, 0.162716832366
2017-04-20 10:11:43,017, 1492675903017779111, 0.0291999034598
2017-04-20 10:11:43,025, 1492675903025166988, 0.147319360583
2017-04-20 10:11:43,034, 1492675903034703969, 0.129113307144
2017-04-20 10:11:43,049, 1492675903049869060, -0.0842596757661
2017-04-20 10:11:43,057, 1492675903057423114, -0.0627627746881
2017-04-20 10:11:43,065, 1492675903065843105, -0.00203335796077
2017-04-20 10:11:43,075, 1492675903075709104, 0.118481146996
2017-04-20 10:11:43,081, 1492675903081507921, 0.102094382991
2017-04-20 10:11:43,091, 1492675903091326951, 0.135131137265
2017-04-20 10:11:43,097, 1492675903097560882, 0.141352405182
2017-04-20 10:11:43,109, 1492675903109258890, 0.0870237085967
2017-04-20 10:11:43,113, 1492675903113169908, 0.0613650980492
2017-04-20 10:11:43,122, 1492675903122761964, 0.067718068927
2017-04-20 10:11:43,129, 1492675903129415035, 0.0913589842362
2017-04-20 10:11:43,141, 1492675903141530990, 0.0957717337082
2017-04-20 10:11:43,145, 1492675903145742893, 0.109720720732
2017-04-20 10:11:43,153, 1492675903153340101, 0.125445981649
2017-04-20 10:11:43,161, 1492675903161171913, 0.10166842509
2017-04-20 10:11:43,169, 1492675903169454097, 0.00946975670304
2017-04-20 10:11:43,179, 1492675903179781913, 0.0132839379731
2017-04-20 10:11:43,185, 1492675903185441970, 0.115634497081
2017-04-20 10:11:43,193, 1492675903193130016, 0.145075533727
2017-04-20 10:11:43,201, 1492675903201071977, 0.152269783922
2017-04-20 10:11:43,210, 1492675903210963010, 0.147534848948
2017-04-20 10:11:43,217, 1492675903217570066, 0.125932869458
2017-04-20 10:11:43,225, 1492675903225369930, 0.0928305563883
2017-04-20 10:11:43,233, 1492675903233347892, 0.078616498067
2017-04-20 10:11:43,243, 1492675903243320941, 0.152034127681
