2017-04-20 10:09:11,381, 1492675751381531953, -0.00288273247981
2017-04-20 10:09:11,412, 1492675751412420988, -0.00977100742631
2017-04-20 10:09:11,437, 1492675751437725067, 0.018
2017-04-20 10:09:11,440, 1492675751440877914, -0.0280293935216
2017-04-20 10:09:11,448, 1492675751448633909, -0.0487000215539
2017-04-20 10:09:11,465, 1492675751465749979, -0.0656511169082
2017-04-20 10:09:11,465, 1492675751465919971, -0.077923081065
2017-04-20 10:09:11,472, 1492675751472740888, -0.115836219321
2017-04-20 10:09:11,481, 1492675751481200933, -0.153989199572
2017-04-20 10:09:11,487, 1492675751487716913, -0.147450858254
2017-04-20 10:09:11,496, 1492675751496318101, -0.159053849485
2017-04-20 10:09:11,503, 1492675751503849029, -0.149654359269
2017-04-20 10:09:11,511, 1492675751511178016, -0.130377107449
2017-04-20 10:09:11,519, 1492675751519402027, -0.125702913016
2017-04-20 10:09:11,527, 1492675751527409076, -0.146484099838
2017-04-20 10:09:11,536, 1492675751536499023, -0.162232977948
2017-04-20 10:09:11,543, 1492675751543078899, -0.177920840557
2017-04-20 10:09:11,551, 1492675751551574945, -0.136599844937
2017-04-20 10:09:11,563, 1492675751563229084, -0.181966361326
2017-04-20 10:09:11,567, 1492675751567445993, -0.144776157238
2017-04-20 10:09:11,575, 1492675751575218915, -0.158561682393
2017-04-20 10:09:11,583, 1492675751583338975, -0.139941907876
2017-04-20 10:09:11,591, 1492675751591309070, -0.152031451894
2017-04-20 10:09:11,601, 1492675751601313114, -0.208370731883
2017-04-20 10:09:11,607, 1492675751607156038, -0.20450458856
2017-04-20 10:09:11,616, 1492675751616379976, -0.1802836885
2017-04-20 10:09:11,625, 1492675751625169992, -0.162012145296
2017-04-20 10:09:11,636, 1492675751636657953, -0.0889677113285
2017-04-20 10:09:11,641, 1492675751641236066, -0.0409885388598
2017-04-20 10:09:11,647, 1492675751647162914, -0.0954510259889
2017-04-20 10:09:11,655, 1492675751655319929, -0.0178113782007
2017-04-20 10:09:11,663, 1492675751663002967, -0.0882268975936
2017-04-20 10:09:11,672, 1492675751672230958, -0.0274768289095
2017-04-20 10:09:11,680, 1492675751680269002, -0.0512772033198
2017-04-20 10:09:11,687, 1492675751687113046, -0.0679108021871
2017-04-20 10:09:11,695, 1492675751695107936, -0.0632580976235
2017-04-20 10:09:11,705, 1492675751705770969, -0.0247325965395
2017-04-20 10:09:11,711, 1492675751711118936, 0.0058036664506
2017-04-20 10:09:11,720, 1492675751720168113, 0.0185373796538
2017-04-20 10:09:11,727, 1492675751727040052, -0.0417883325872
2017-04-20 10:09:11,736, 1492675751736562013, -0.0544055034328
2017-04-20 10:09:11,743, 1492675751743484020, -0.00182282402347
2017-04-20 10:09:11,751, 1492675751751287937, -0.0856778088241
2017-04-20 10:09:11,759, 1492675751759521007, -0.0189087924477
2017-04-20 10:09:11,769, 1492675751769081115, 0.00618842820408
2017-04-20 10:09:11,775, 1492675751775429010, -0.0776311374453
2017-04-20 10:09:11,783, 1492675751783145904, -0.0281772803486
2017-04-20 10:09:11,791, 1492675751791244029, -0.0702974985579
2017-04-20 10:09:11,799, 1492675751799540996, -0.00804176722601
2017-04-20 10:09:11,807, 1492675751807852029, -0.0100605450296
2017-04-20 10:09:11,816, 1492675751816179990, -0.0929659839795
2017-04-20 10:09:11,823, 1492675751823395967, -0.0493959708452
2017-04-20 10:09:11,831, 1492675751831408977, -0.0583244493655
2017-04-20 10:09:11,847, 1492675751847244024, -0.0284436859042
2017-04-20 10:09:11,855, 1492675751855974912, -0.0897114520827
2017-04-20 10:09:11,863, 1492675751863416910, -0.0525914504573
2017-04-20 10:09:11,875, 1492675751875288009, -0.0480465095309
2017-04-20 10:09:11,880, 1492675751880094051, 0.0196129406975
2017-04-20 10:09:11,887, 1492675751887264966, 0.0404536696569
2017-04-20 10:09:11,895, 1492675751895380973, -0.0257848268595
2017-04-20 10:09:11,905, 1492675751905591011, 0.0215069578968
2017-04-20 10:09:11,911, 1492675751911457061, 0.0215069578968
2017-04-20 10:09:11,919, 1492675751919698953, -0.00261903729937
2017-04-20 10:09:11,927, 1492675751927146911, 0.0519249484499
2017-04-20 10:09:11,939, 1492675751939748048, 0.0403250229168
2017-04-20 10:09:11,944, 1492675751944248914, 0.0661540769627
2017-04-20 10:09:11,951, 1492675751951209068, 0.096432346901
2017-04-20 10:09:11,960, 1492675751960153102, 0.0684145259937
2017-04-20 10:09:11,967, 1492675751967487096, 0.0154024960964
2017-04-20 10:09:11,981, 1492675751981569051, 0.0342161508608
2017-04-20 10:09:11,991, 1492675751991173982, 0.0277780802159
2017-04-20 10:09:11,999, 1492675751999913930, 0.0433879526181
2017-04-20 10:09:12,010, 1492675752010101079, 0.119183709534
2017-04-20 10:09:12,016, 1492675752016264915, 0.116618728783
2017-04-20 10:09:12,024, 1492675752024374961, 0.0941091964033
2017-04-20 10:09:12,031, 1492675752031347036, 0.051797413501
2017-04-20 10:09:12,039, 1492675752039263010, 0.0521013685538
2017-04-20 10:09:12,055, 1492675752055716991, 0.0547868630075
2017-04-20 10:09:12,064, 1492675752064707040, 0.0238318901861
2017-04-20 10:09:12,075, 1492675752075822114, 0.00552150545442
2017-04-20 10:09:12,079, 1492675752079454898, 0.00552150545442
2017-04-20 10:09:12,088, 1492675752088387966, 0.00700405163667
2017-04-20 10:09:12,105, 1492675752105072021, 0.0024454182164
2017-04-20 10:09:12,120, 1492675752120071887, -0.0417422097841
2017-04-20 10:09:12,127, 1492675752127518892, -0.0856436455218
2017-04-20 10:09:12,146, 1492675752146115064, -0.0651124827793
2017-04-20 10:09:12,148, 1492675752148535966, -0.0594988984814
2017-04-20 10:09:12,152, 1492675752152254104, -0.0457737706976
2017-04-20 10:09:12,159, 1492675752159647941, -0.0457737706976
2017-04-20 10:09:12,167, 1492675752167757034, -0.0451908742543
2017-04-20 10:09:12,175, 1492675752175684928, -0.0942553497542
2017-04-20 10:09:12,226, 1492675752226387977, 0.07
2017-04-20 10:09:12,238, 1492675752238518953, 0.0587239838575
2017-04-20 10:09:12,248, 1492675752248373985, 0.0632414867325
2017-04-20 10:09:12,254, 1492675752254386901, 0.0236022740222
2017-04-20 10:09:12,265, 1492675752265921115, 0.0455125696812
2017-04-20 10:09:12,269, 1492675752269855976, 0.0599921569155
2017-04-20 10:09:12,279, 1492675752279273986, 0.0868142071279
2017-04-20 10:09:12,285, 1492675752285965919, 0.0762946651787
2017-04-20 10:09:12,293, 1492675752293788909, 0.0840606411689
2017-04-20 10:09:12,301, 1492675752301789999, 0.0699240423132
2017-04-20 10:09:12,310, 1492675752310075044, 0.0755966711333
2017-04-20 10:09:12,318, 1492675752318840980, 0.071207543077
2017-04-20 10:09:12,325, 1492675752325944900, 0.0866519771042
2017-04-20 10:09:12,333, 1492675752333745956, 0.0989235923015
2017-04-20 10:09:12,341, 1492675752341718912, 0.113812247103
2017-04-20 10:09:12,350, 1492675752350723028, 0.129416327524
2017-04-20 10:09:12,359, 1492675752358989953, 0.142450999458
2017-04-20 10:09:12,365, 1492675752365421056, 0.109024087685
2017-04-20 10:09:12,373, 1492675752373640060, 0.0900727889253
2017-04-20 10:09:12,386, 1492675752386739969, 0.102159397008
2017-04-20 10:09:12,392, 1492675752392508983, 0.140005685257
2017-04-20 10:09:12,397, 1492675752397732019, 0.107625552894
2017-04-20 10:09:12,405, 1492675752405663967, 0.127505520432
2017-04-20 10:09:12,418, 1492675752418786048, 0.117448113165
2017-04-20 10:09:12,421, 1492675752421895980, 0.250929236395
2017-04-20 10:09:12,430, 1492675752430048942, 0.215291240521
2017-04-20 10:09:12,437, 1492675752437532901, 0.20939676799
2017-04-20 10:09:12,445, 1492675752445735931, 0.0855859413486
2017-04-20 10:09:12,454, 1492675752454216957, 0.0858907978778
2017-04-20 10:09:12,461, 1492675752461785078, 0.196504920241
2017-04-20 10:09:12,469, 1492675752469943046, 0.217748004726
2017-04-20 10:09:12,478, 1492675752478051900, 0.191996883521
2017-04-20 10:09:12,490, 1492675752490494012, 0.205291278584
2017-04-20 10:09:12,493, 1492675752493941068, 0.250096859399
2017-04-20 10:09:12,501, 1492675752501956939, 0.18306857597
2017-04-20 10:09:12,510, 1492675752510054111, 0.204854340248
