2017-04-20 10:10:05,338, 1492675805338541030, 0.00315274106769
2017-04-20 10:10:05,372, 1492675805372147083, -0.00687737878552
2017-04-20 10:10:05,384, 1492675805384265899, 0.0112243042374
2017-04-20 10:10:05,396, 1492675805396096944, -0.01
2017-04-20 10:10:05,400, 1492675805399987936, -0.061
2017-04-20 10:10:05,407, 1492675805407768011, -0.20569159006
2017-04-20 10:10:05,415, 1492675805415633916, -0.297513843551
2017-04-20 10:10:05,429, 1492675805429605007, -0.447647795126
2017-04-20 10:10:05,438, 1492675805438807964, -0.484608868421
2017-04-20 10:10:05,449, 1492675805449759960, -0.538473549556
2017-04-20 10:10:05,455, 1492675805455157041, -0.572703707728
2017-04-20 10:10:05,468, 1492675805468322038, -0.522330514015
2017-04-20 10:10:05,476, 1492675805476044893, -0.595636864064
2017-04-20 10:10:05,478, 1492675805478946924, -0.648983445925
2017-04-20 10:10:05,487, 1492675805487026929, -0.530110477972
2017-04-20 10:10:05,495, 1492675805495708942, -0.421887917231
2017-04-20 10:10:05,511, 1492675805511013031, -0.233760905037
2017-04-20 10:10:05,519, 1492675805519747972, -0.0839479995855
2017-04-20 10:10:05,535, 1492675805535285949, -0.172675297115
2017-04-20 10:10:05,544, 1492675805544550895, 0.00233430988474
2017-04-20 10:10:05,551, 1492675805551234960, -0.0206307380628
2017-04-20 10:10:05,561, 1492675805561186075, 0.0700016336473
2017-04-20 10:10:05,568, 1492675805568105936, -0.215590960522
2017-04-20 10:10:05,575, 1492675805575309991, -0.194601500215
2017-04-20 10:10:05,584, 1492675805584033012, -0.3505733366
2017-04-20 10:10:05,592, 1492675805592451095, 0.209055881494
2017-04-20 10:10:05,599, 1492675805599778890, 0.133447163472
2017-04-20 10:10:05,607, 1492675805606980085, -0.204672982974
2017-04-20 10:10:05,615, 1492675805615011930, 0.0748684725959
2017-04-20 10:10:05,623, 1492675805623908996, 0.150452067392
2017-04-20 10:10:05,639, 1492675805639139890, 0.0242596117768
2017-04-20 10:10:05,647, 1492675805647531032, 0.145539561446
2017-04-20 10:10:05,654, 1492675805654665946, 0.462560640471
2017-04-20 10:10:05,665, 1492675805665548086, 0.110815364561
2017-04-20 10:10:05,672, 1492675805672395944, 0.106001622382
2017-04-20 10:10:05,679, 1492675805679137945, 0.157337298225
2017-04-20 10:10:05,687, 1492675805687576055, 0.423653287598
2017-04-20 10:10:05,696, 1492675805696424007, 0.20133269732
2017-04-20 10:10:05,704, 1492675805704226016, 0.273751671008
2017-04-20 10:10:05,711, 1492675805711035966, 0.362880803097
2017-04-20 10:10:05,718, 1492675805718832015, 0.33729452536
2017-04-20 10:10:05,726, 1492675805726551055, 0.195498861508
2017-04-20 10:10:05,735, 1492675805735306024, 0.213812368385
2017-04-20 10:10:05,744, 1492675805744173049, 0.17226989582
2017-04-20 10:10:05,750, 1492675805750912904, 0.0963198616998
2017-04-20 10:10:05,759, 1492675805759411096, 0.0446524631821
2017-04-20 10:10:05,766, 1492675805766897916, 0.0572748361207
2017-04-20 10:10:05,775, 1492675805775042057, 0.0140259704951
2017-04-20 10:10:05,784, 1492675805784035921, 0.0237722419431
2017-04-20 10:10:05,791, 1492675805790997982, -0.0113328280836
2017-04-20 10:10:05,801, 1492675805801109075, -0.0263910664943
2017-04-20 10:10:05,806, 1492675805806925058, -0.0229602635498
2017-04-20 10:10:05,815, 1492675805815028905, -0.0407775970246
2017-04-20 10:10:05,825, 1492675805824990987, -0.0948026722814
2017-04-20 10:10:05,833, 1492675805833614110, -0.0570363913613
2017-04-20 10:10:05,838, 1492675805838943958, -0.107768720208
2017-04-20 10:10:05,846, 1492675805846716880, -0.137111304219
2017-04-20 10:10:05,856, 1492675805856492042, -0.00899834088174
2017-04-20 10:10:05,864, 1492675805864516973, -0.0586454031114
2017-04-20 10:10:05,871, 1492675805871783018, -0.0882227810381
2017-04-20 10:10:05,878, 1492675805878824949, -0.00143288961814
2017-04-20 10:10:05,941, 1492675805941631078, 0.0315036015049
2017-04-20 10:10:05,952, 1492675805952483892, 0.0415186130045
2017-04-20 10:10:05,965, 1492675805965754032, 0.0242082839493
2017-04-20 10:10:05,974, 1492675805974474906, 0.0357234890232
2017-04-20 10:10:05,977, 1492675805977118968, 0.120596839584
2017-04-20 10:10:05,985, 1492675805985145092, 0.159064384061
2017-04-20 10:10:05,992, 1492675805992827892, 0.243980028911
2017-04-20 10:10:06,000, 1492675806000297069, 0.265315161918
2017-04-20 10:10:06,008, 1492675806008935928, 0.248666873306
2017-04-20 10:10:06,016, 1492675806016278982, 0.202363381115
2017-04-20 10:10:06,024, 1492675806024195909, 0.220873139529
2017-04-20 10:10:06,034, 1492675806034872055, 0.273088922786
2017-04-20 10:10:06,050, 1492675806050245046, 0.241091919637
2017-04-20 10:10:06,056, 1492675806056931972, 0.278762823839
2017-04-20 10:10:06,064, 1492675806064593076, 0.297198982261
2017-04-20 10:10:06,081, 1492675806081001996, 0.234482078816
2017-04-20 10:10:06,088, 1492675806088409900, 0.276210850456
2017-04-20 10:10:06,096, 1492675806096293926, 0.313215941587
2017-04-20 10:10:06,113, 1492675806113262891, 0.00232910328644
2017-04-20 10:10:06,120, 1492675806120424032, -0.0534309902119
2017-04-20 10:10:06,128, 1492675806128477096, -0.073660792136
2017-04-20 10:10:06,139, 1492675806139883041, -0.0126464417262
2017-04-20 10:10:06,152, 1492675806152440071, 0.144357785345
2017-04-20 10:10:06,160, 1492675806160446882, 0.112790997736
2017-04-20 10:10:06,173, 1492675806173307895, -0.030897616027
2017-04-20 10:10:06,184, 1492675806184448003, 0.0781831861185
2017-04-20 10:10:06,192, 1492675806192317962, 0.117637873323
2017-04-20 10:10:06,200, 1492675806200907945, 0.125245555341
2017-04-20 10:10:06,209, 1492675806209275007, 0.145800487394
2017-04-20 10:10:06,216, 1492675806216511011, 0.123912058645
2017-04-20 10:10:06,224, 1492675806224383115, 0.0748216926723
2017-04-20 10:10:06,232, 1492675806232511043, 0.0751172097085
2017-04-20 10:10:06,240, 1492675806240665912, 0.0664865228029
2017-04-20 10:10:06,248, 1492675806248866081, 0.0641267806416
2017-04-20 10:10:06,257, 1492675806257034063, 0.086767335238
2017-04-20 10:10:06,264, 1492675806264823913, 0.101506254666
2017-04-20 10:10:06,273, 1492675806273566961, 0.148167073278
2017-04-20 10:10:06,280, 1492675806280539035, 0.112125312799
2017-04-20 10:10:06,289, 1492675806289030075, 0.119736657697
2017-04-20 10:10:06,296, 1492675806296319007, 0.111427020667
2017-04-20 10:10:06,304, 1492675806304511070, 0.0732158104729
2017-04-20 10:10:06,313, 1492675806313474893, 0.0842846968532
2017-04-20 10:10:06,320, 1492675806320424079, 0.206948529274
2017-04-20 10:10:06,328, 1492675806328052997, 0.170206662274
2017-04-20 10:10:06,336, 1492675806336270093, 0.144281827548
2017-04-20 10:10:06,352, 1492675806352063894, 0.137593604162
2017-04-20 10:10:06,360, 1492675806360471963, 0.158910889543
