2017-04-20 10:12:43,367, 1492675963367269992, -0.0241942309582
2017-04-20 10:12:43,416, 1492675963416399002, 0.0645121133535
2017-04-20 10:12:43,427, 1492675963427208900, 0.0282016568378
2017-04-20 10:12:43,438, 1492675963438250064, -0.0442792841128
2017-04-20 10:12:43,443, 1492675963443820953, -0.0935004189639
2017-04-20 10:12:43,455, 1492675963455279111, -0.195171805534
2017-04-20 10:12:43,459, 1492675963459851026, -0.320126122556
2017-04-20 10:12:43,467, 1492675963467309951, -0.378543934159
2017-04-20 10:12:43,474, 1492675963474859952, -0.481434470447
2017-04-20 10:12:43,482, 1492675963482515096, -0.515967903613
2017-04-20 10:12:43,491, 1492675963491472959, -0.501586266272
2017-04-20 10:12:43,501, 1492675963500993967, -0.574334649465
2017-04-20 10:12:43,509, 1492675963509210109, -0.600541749875
2017-04-20 10:12:43,516, 1492675963516738891, -0.575423794775
2017-04-20 10:12:43,524, 1492675963524101972, -0.648962243696
2017-04-20 10:12:43,530, 1492675963530972957, -0.370202461244
2017-04-20 10:12:43,539, 1492675963539319992, -0.381613497848
2017-04-20 10:12:43,548, 1492675963548794031, -0.239851777543
2017-04-20 10:12:43,556, 1492675963556499004, -0.302290205623
2017-04-20 10:12:43,563, 1492675963563386917, -0.130589808586
2017-04-20 10:12:43,571, 1492675963571185111, -0.208947265693
2017-04-20 10:12:43,578, 1492675963578778982, -0.245442043809
2017-04-20 10:12:43,593, 1492675963593909025, 0.0223449325744
2017-04-20 10:12:43,603, 1492675963603358030, -0.216901455168
2017-04-20 10:12:43,611, 1492675963611222982, 0.171381047239
2017-04-20 10:12:43,625, 1492675963625196933, -0.0361878057929
2017-04-20 10:12:43,635, 1492675963635864019, 0.169329912883
2017-04-20 10:12:43,649, 1492675963649378061, 0.135022418959
2017-04-20 10:12:43,665, 1492675963665508985, -0.16251514312
2017-04-20 10:12:43,675, 1492675963675508975, 0.142442694167
2017-04-20 10:12:43,684, 1492675963683990955, 0.271068808606
2017-04-20 10:12:43,692, 1492675963692588090, 0.0936332069343
2017-04-20 10:12:43,700, 1492675963700033903, 0.0329936994545
2017-04-20 10:12:43,707, 1492675963707331895, 0.471358003111
2017-04-20 10:12:43,718, 1492675963718101024, 0.565485701136
2017-04-20 10:12:43,723, 1492675963723910093, 0.10838346359
2017-04-20 10:12:43,733, 1492675963733477115, 0.160540485845
2017-04-20 10:12:43,739, 1492675963739548921, 0.160540485845
2017-04-20 10:12:43,746, 1492675963746947050, 0.291741068665
2017-04-20 10:12:43,757, 1492675963757246017, 0.300454179784
2017-04-20 10:12:43,763, 1492675963763489961, 0.206236001789
2017-04-20 10:12:43,770, 1492675963770927906, 0.184373663579
2017-04-20 10:12:43,780, 1492675963780404090, 0.0894784298262
2017-04-20 10:12:43,786, 1492675963786915063, 0.0872889131229
2017-04-20 10:12:43,796, 1492675963796596050, 0.0696066437498
2017-04-20 10:12:43,803, 1492675963803287982, 0.0470695296026
2017-04-20 10:12:43,811, 1492675963811394929, -0.00221758623331
2017-04-20 10:12:43,819, 1492675963819104909, 0.0161204102544
2017-04-20 10:12:43,827, 1492675963827564954, -0.00765748566751
2017-04-20 10:12:43,835, 1492675963835380077, -0.015738880721
2017-04-20 10:12:43,843, 1492675963843283891, -0.0484522970997
2017-04-20 10:12:43,851, 1492675963851062059, -0.0553479581085
2017-04-20 10:12:43,860, 1492675963860711097, -0.0548637933922
2017-04-20 10:12:43,869, 1492675963869278907, -0.0527044109832
2017-04-20 10:12:43,875, 1492675963875380992, -0.0863251344498
2017-04-20 10:12:43,884, 1492675963884332895, -0.115121029592
2017-04-20 10:12:43,891, 1492675963891191005, -0.108597103413
2017-04-20 10:12:43,900, 1492675963900043010, -0.0226926178143
2017-04-20 10:12:43,907, 1492675963907470941, -0.0547556658218
2017-04-20 10:12:43,915, 1492675963915539979, 0.0103605903455
2017-04-20 10:12:43,959, 1492675963959800958, 0.0376909117902
2017-04-20 10:12:43,971, 1492675963971662998, 0.0316840964895
2017-04-20 10:12:43,979, 1492675963979861021, 0.05346479455
2017-04-20 10:12:43,986, 1492675963986659049, 0.0627463995536
2017-04-20 10:12:43,997, 1492675963997812032, 0.0932586005451
2017-04-20 10:12:44,010, 1492675964010922908, 0.224387977359
2017-04-20 10:12:44,019, 1492675964019692897, 0.234544351017
2017-04-20 10:12:44,026, 1492675964026866912, 0.191782565148
2017-04-20 10:12:44,040, 1492675964040574073, 0.187529030252
2017-04-20 10:12:44,051, 1492675964051199913, 0.29524310931
2017-04-20 10:12:44,058, 1492675964058954954, 0.324214862111
2017-04-20 10:12:44,069, 1492675964069183111, 0.334495349521
2017-04-20 10:12:44,077, 1492675964077411890, 0.311139638009
2017-04-20 10:12:44,084, 1492675964084827899, 0.319490177119
2017-04-20 10:12:44,090, 1492675964090615034, 0.332257067508
2017-04-20 10:12:44,101, 1492675964101447105, 0.36681060147
2017-04-20 10:12:44,107, 1492675964107652902, 0.32012613301
2017-04-20 10:12:44,114, 1492675964114902973, 0.180632688403
2017-04-20 10:12:44,122, 1492675964122402906, 0.157046496602
2017-04-20 10:12:44,136, 1492675964136296987, 0.0477578246389
2017-04-20 10:12:44,139, 1492675964139807939, -0.0884225932094
2017-04-20 10:12:44,146, 1492675964146421909, 0.153815151006
2017-04-20 10:12:44,154, 1492675964154653072, 0.0902641787072
2017-04-20 10:12:44,163, 1492675964163044929, 0.199258421107
2017-04-20 10:12:44,171, 1492675964171549081, 0.122158036836
2017-04-20 10:12:44,179, 1492675964179058074, 0.063351420154
2017-04-20 10:12:44,187, 1492675964187114000, -0.0547446801622
2017-04-20 10:12:44,195, 1492675964195558071, 0.0298958014526
2017-04-20 10:12:44,203, 1492675964203041076, 0.114449553707
2017-04-20 10:12:44,210, 1492675964210622072, 0.121157090457
2017-04-20 10:12:44,219, 1492675964219461917, 0.132588529193
2017-04-20 10:12:44,226, 1492675964226490974, 0.138559952124
2017-04-20 10:12:44,246, 1492675964246584892, 0.1050374125
2017-04-20 10:12:44,251, 1492675964251084089, 0.0825817902442
2017-04-20 10:12:44,259, 1492675964259783029, 0.0753018039142
2017-04-20 10:12:44,267, 1492675964267513036, 0.0504597520062
2017-04-20 10:12:44,275, 1492675964275952100, 0.0861882708466
2017-04-20 10:12:44,283, 1492675964283849954, 0.122395410123
2017-04-20 10:12:44,291, 1492675964291112899, 0.101288216853
2017-04-20 10:12:44,299, 1492675964299146890, 0.0896189607635
2017-04-20 10:12:44,309, 1492675964309407949, 0.128197111414
2017-04-20 10:12:44,315, 1492675964314986944, 0.121396310758
2017-04-20 10:12:44,322, 1492675964322503089, 0.099020569973
2017-04-20 10:12:44,330, 1492675964330387115, 0.105712511317
2017-04-20 10:12:44,340, 1492675964340325117, 0.142736173938
2017-04-20 10:12:44,346, 1492675964346693038, 0.160748227059
2017-04-20 10:12:44,354, 1492675964354716062, 0.120221708996
2017-04-20 10:12:44,362, 1492675964362663984, 0.0936140033201
2017-04-20 10:12:44,379, 1492675964379194021, 0.114607725693
2017-04-20 10:12:44,387, 1492675964386991024, 0.144257336346
