2017-04-20 10:09:58,349, 1492675798349373102, -0.0252094507328
2017-04-20 10:09:58,411, 1492675798411267042, 0.0971786940538
2017-04-20 10:09:58,430, 1492675798430846929, 0.0592208931597
2017-04-20 10:09:58,439, 1492675798439022064, 0.0539567843724
2017-04-20 10:09:58,446, 1492675798446630954, 0.082432000001
2017-04-20 10:09:58,454, 1492675798454288959, 0.145809883458
2017-04-20 10:09:58,462, 1492675798462691068, 0.145403126716
2017-04-20 10:09:58,470, 1492675798470434904, 0.255243276408
2017-04-20 10:09:58,478, 1492675798478168010, 0.232876181338
2017-04-20 10:09:58,486, 1492675798486263036, 0.182529109354
2017-04-20 10:09:58,494, 1492675798494929075, 0.230614954432
2017-04-20 10:09:58,502, 1492675798502157926, 0.283096013862
2017-04-20 10:09:58,510, 1492675798510293960, 0.264588716629
2017-04-20 10:09:58,518, 1492675798518011093, 0.231234185805
2017-04-20 10:09:58,532, 1492675798532454013, 0.215915837618
2017-04-20 10:09:58,542, 1492675798542068958, 0.134196080444
2017-04-20 10:09:58,550, 1492675798550658941, 0.144824697701
2017-04-20 10:09:58,558, 1492675798558304071, 0.150193668733
2017-04-20 10:09:58,574, 1492675798574738979, 0.302785639044
2017-04-20 10:09:58,583, 1492675798583484888, 0.1642214924
2017-04-20 10:09:58,590, 1492675798590153932, 0.050389209694
2017-04-20 10:09:58,605, 1492675798604996919, 0.129523603689
2017-04-20 10:09:58,613, 1492675798613944053, -0.119192187739
2017-04-20 10:09:58,623, 1492675798623171091, 0.081057470934
2017-04-20 10:09:58,638, 1492675798638557910, 0.106708982146
2017-04-20 10:09:58,645, 1492675798645885944, -0.00555514103623
2017-04-20 10:09:58,656, 1492675798655999898, -6.72034169786e-05
2017-04-20 10:09:58,663, 1492675798663330078, 0.0741117225216
2017-04-20 10:09:58,672, 1492675798672259092, 0.114507059612
2017-04-20 10:09:58,679, 1492675798679361104, 0.123258792656
2017-04-20 10:09:58,685, 1492675798685951948, 0.14928985643
2017-04-20 10:09:58,696, 1492675798696398019, 0.0998136963171
2017-04-20 10:09:58,703, 1492675798702980041, 0.0937357377306
2017-04-20 10:09:58,709, 1492675798709880113, 0.0622508246406
2017-04-20 10:09:58,718, 1492675798718214035, 0.0677836150143
2017-04-20 10:09:58,725, 1492675798725924968, 0.0774381588836
2017-04-20 10:09:58,736, 1492675798736088991, 0.0966728636878
2017-04-20 10:09:58,742, 1492675798742513895, 0.113527316688
2017-04-20 10:09:58,750, 1492675798750020980, 0.126999432593
2017-04-20 10:09:58,758, 1492675798758538007, 0.0352068665237
2017-04-20 10:09:58,771, 1492675798771696090, 0.0965313267149
2017-04-20 10:09:58,774, 1492675798774213075, 0.169236687305
2017-04-20 10:09:58,782, 1492675798782932043, 0.177574340891
2017-04-20 10:09:58,790, 1492675798790111064, 0.149472384018
2017-04-20 10:09:58,798, 1492675798798108100, 0.1667123282
2017-04-20 10:09:58,806, 1492675798806518077, 0.172276742301
2017-04-20 10:09:58,814, 1492675798814064025, 0.131298593648
2017-04-20 10:09:58,822, 1492675798822690010, 0.117531864419
2017-04-20 10:09:58,830, 1492675798830400943, 0.146847454876
2017-04-20 10:09:58,837, 1492675798837949991, 0.155449331066
2017-04-20 10:09:58,903, 1492675798903495073, -0.118958670256
2017-04-20 10:09:58,914, 1492675798914179086, -0.145444680731
2017-04-20 10:09:58,923, 1492675798923316955, -0.04563227169
2017-04-20 10:09:58,931, 1492675798931428909, -0.0284664488529
2017-04-20 10:09:58,942, 1492675798942001104, 0.0435000964269
2017-04-20 10:09:58,945, 1492675798945858001, 0.107824179407
2017-04-20 10:09:58,953, 1492675798953952074, 0.171435202544
2017-04-20 10:09:58,962, 1492675798962392091, 0.240377077182
2017-04-20 10:09:58,974, 1492675798974756956, 0.247698307784
2017-04-20 10:09:58,980, 1492675798980375051, 0.239862475886
2017-04-20 10:09:58,985, 1492675798985857009, 0.274370704149
2017-04-20 10:09:58,995, 1492675798994985103, 0.381446124087
2017-04-20 10:09:59,002, 1492675799002546072, 0.393885363176
2017-04-20 10:09:59,010, 1492675799010037899, 0.421933901623
2017-04-20 10:09:59,019, 1492675799019357919, 0.421565125982
2017-04-20 10:09:59,025, 1492675799025928020, 0.227544675585
2017-04-20 10:09:59,035, 1492675799035341978, 0.469327292863
2017-04-20 10:09:59,042, 1492675799042524099, 0.140188544312
2017-04-20 10:09:59,050, 1492675799050371885, 0.187613444186
2017-04-20 10:09:59,059, 1492675799059387922, 0.497487464454
2017-04-20 10:09:59,066, 1492675799066164016, 1.28924475355
2017-04-20 10:09:59,081, 1492675799081001043, 1.42434686892
2017-04-20 10:09:59,090, 1492675799089993000, 1.45865201546
2017-04-20 10:09:59,100, 1492675799100744009, 1.51013370596
2017-04-20 10:09:59,113, 1492675799113197088, 1.57258653678
2017-04-20 10:09:59,123, 1492675799123220920, 2.25688507789
2017-04-20 10:09:59,130, 1492675799130337953, 2.31748656022
2017-04-20 10:09:59,139, 1492675799139200925, 2.51851776306
2017-04-20 10:09:59,154, 1492675799154776096, 2.72984964904
2017-04-20 10:09:59,164, 1492675799164411067, 2.65055431281
2017-04-20 10:09:59,170, 1492675799170494079, 2.7586524311
2017-04-20 10:09:59,179, 1492675799179279088, 2.91035324359
2017-04-20 10:09:59,194, 1492675799194217920, 3.07771973948
2017-04-20 10:09:59,202, 1492675799202296972, 2.91155870798
2017-04-20 10:09:59,219, 1492675799219677925, 2.77328974397
2017-04-20 10:09:59,227, 1492675799227305889, 2.75138302255
2017-04-20 10:09:59,235, 1492675799235802888, 2.66293016314
2017-04-20 10:09:59,243, 1492675799242989063, 2.67804334685
2017-04-20 10:09:59,251, 1492675799251873016, 2.4051376482
2017-04-20 10:09:59,259, 1492675799259679079, 2.22052156223
2017-04-20 10:09:59,266, 1492675799266519069, 2.23697703537
2017-04-20 10:09:59,275, 1492675799275293111, 2.03493034751
2017-04-20 10:09:59,283, 1492675799283040046, 1.94468961646
